GAS Infineon TriCore Little Endian C:\\Users\\user1\\AppData\\Local\\Temp\\rta_RTAOS_638388406317960277_1736001\\cckQMOHm.s 			page 1


   1              		.file	"CheckTaskMemoryAccess.c"
   2              	.section .text,"ax",@progbits
   3              	.Ltext0:
   4              	.section .text.Os_CheckTaskMemoryAccess,"ax",@progbits
   5              		.align 1
   6              		.global	Os_CheckTaskMemoryAccess
   7              		.type	Os_CheckTaskMemoryAccess, @function
   8              	Os_CheckTaskMemoryAccess:
   9              	.LFB0:
  10              		.file 1 "C:\\Users\\user1\\AppData\\Local\\Temp\\rta_RTAOS_638388406317960277_1736001\\CheckTaskMe
  11              		.loc 1 1367 0
  12              	.LVL0:
  13              		.loc 1 1367 0
  14 0000 404F     		mov.aa	%a15, %a4
  15 0002 405D     		mov.aa	%a13, %a5
  16 0004 0248     		mov	%d8, %d4
  17              	.LBB2:
  18              		.loc 1 1369 0
  19              	#APP
  20              		# 1369 "C:\Users\user1\AppData\Local\Temp\rta_RTAOS_638388406317960277_1736001\CheckTaskMemoryAcce
  21 0006 4DC0E1FF 		mfcr %d15,0xfe1c
  22              		# 0 "" 2
  23              	.LVL1:
  24              	#NO_APP
  25              	.LBE2:
  26              		.loc 1 1370 0
  27 000a 91000020 		movh.a	%a2, hi:Os_const_coreconfiguration
  28 000e 8023     		mov.d	%d3, %a2
  29 0010 1B030020 		addi	%d2, %d3, lo:Os_const_coreconfiguration
  30 0014 138F2132 		madd	%d3, %d2, %d15, 24
  31 0018 6032     		mov.a	%a2, %d3
  32 001a 992C0400 		ld.a	%a12, [%a2] 4
  33              	.LVL2:
  34              	.LBB3:
  35              		.loc 1 1371 0
  36              	#APP
  37              		# 1371 "C:\Users\user1\AppData\Local\Temp\rta_RTAOS_638388406317960277_1736001\CheckTaskMemoryAcce
  38 001e 4D40E0FF 		mfcr %d15,0xfe04
  39              		# 0 "" 2
  40              	.LVL3:
  41              	#NO_APP
  42              	.LBE3:
  43              		.loc 1 1372 0
  44 0022 AEB3     		jnz.t	%d15, 11, .L2
  45              		.loc 1 1372 0 is_stmt 0 discriminator 1
  46              	#APP
  47              		# 1372 "C:\Users\user1\AppData\Local\Temp\rta_RTAOS_638388406317960277_1736001\CheckTaskMemoryAcce
  48 0024 AD008000 		syscall 0
  49              		# 0 "" 2
  50              	#NO_APP
  51              	.L2:
  52              		.loc 1 1373 0 is_stmt 1
  53 0028 DA11     		mov	%d15, 17
  54              	.LVL4:
  55 002a E9CF1800 		st.b	[%a12] 24, %d15
  56              		.loc 1 1374 0
  57 002e 40F4     		mov.aa	%a4, %a15
GAS Infineon TriCore Little Endian C:\\Users\\user1\\AppData\\Local\\Temp\\rta_RTAOS_638388406317960277_1736001\\cckQMOHm.s 			page 2


  58              	.LVL5:
  59 0030 6D000000 		call	Os_IsTaskValid
****  Notice:Expanding call-R -> call-O
  60              	.LVL6:
  61              		.loc 1 1368 0
  62 0034 820F     		mov	%d15, 0
  63              		.loc 1 1374 0
  64 0036 762A     		jz	%d2, .L3
  65              		.loc 1 1375 0
  66 0038 39F41E00 		ld.bu	%d4, [%a15] 30
  67 003c 40F4     		mov.aa	%a4, %a15
  68 003e A005     		mov.a	%a5, 0
  69 0040 40D6     		mov.aa	%a6, %a13
  70 0042 0285     		mov	%d5, %d8
  71 0044 6D000000 		call	Os_Cbk_CheckMemoryAccess
****  Notice:Expanding call-R -> call-O
  72              	.LVL7:
  73 0048 022F     		mov	%d15, %d2
  74              	.LVL8:
  75              	.L3:
  76              		.loc 1 1377 0
  77 004a 3B000120 		mov	%d2, 16
  78 004e E9C21800 		st.b	[%a12] 24, %d2
  79              		.loc 1 1380 0
  80 0052 02F2     		mov	%d2, %d15
  81 0054 0090     		ret
  82              	.LFE0:
  83              		.size	Os_CheckTaskMemoryAccess, .-Os_CheckTaskMemoryAccess
  84              	.section .debug_frame,"",@progbits
  85              	.Lframe0:
  86 0000 0C000000 		.uaword	.LECIE0-.LSCIE0
  87              	.LSCIE0:
  88 0004 FFFFFFFF 		.uaword	0xffffffff
  89 0008 01       		.byte	0x1
  90 0009 00       		.string	""
  91 000a 01       		.uleb128 0x1
  92 000b 01       		.sleb128 1
  93 000c 1B       		.byte	0x1b
  94 000d 0C       		.byte	0xc
  95 000e 1A       		.uleb128 0x1a
  96 000f 00       		.uleb128 0
  97              		.align 2
  98              	.LECIE0:
  99              	.LSFDE0:
 100 0010 0C000000 		.uaword	.LEFDE0-.LASFDE0
 101              	.LASFDE0:
 102 0014 00000000 		.uaword	.Lframe0
 103 0018 00000000 		.uaword	.LFB0
 104 001c 56000000 		.uaword	.LFE0-.LFB0
 105              		.align 2
 106              	.LEFDE0:
 107              	.section .text,"ax",@progbits
 108              	.Letext0:
 109              		.file 2 "D:\\home\\user123\\user\\Mohan6_VectorSIP\\21Dec23\\15Dec23_CAN_merge_21stDec\\25_Softwar
 110              		.file 3 "D:\\home\\user123\\user\\Mohan6_VectorSIP\\21Dec23\\15Dec23_CAN_merge_21stDec\\25_Softwar
 111              	.section .debug_info,"",@progbits
 112              	.Ldebug_info0:
GAS Infineon TriCore Little Endian C:\\Users\\user1\\AppData\\Local\\Temp\\rta_RTAOS_638388406317960277_1736001\\cckQMOHm.s 			page 3


 113 0000 03120000 		.uaword	0x1203
 114 0004 0200     		.uahalf	0x2
 115 0006 00000000 		.uaword	.Ldebug_abbrev0
 116 000a 04       		.byte	0x4
 117 000b 01       		.uleb128 0x1
 118 000c 474E5520 		.ascii	"GNU C 4."
 118      4320342E 
 119 0014 392E3420 		.string	"9.4 build on 2020-09-01 -mlicense-dir=c:\\hightec\\toolchains\\tricore\\v4.9.4.1\\bin\\..
 119      6275696C 
 119      64206F6E 
 119      20323032 
 119      302D3039 
 120 0115 01       		.byte	0x1
 121 0116 433A5C55 		.string	"C:\\Users\\user1\\AppData\\Local\\Temp\\rta_RTAOS_638388406317960277_1736001\\CheckTaskMe
 121      73657273 
 121      5C757365 
 121      72315C41 
 121      70704461 
 122 0175 00000000 		.uaword	.Ldebug_ranges0+0
 123 0179 00000000 		.uaword	0
 124 017d 00000000 		.uaword	0
 125 0181 00000000 		.uaword	.Ldebug_line0
 126 0185 02       		.uleb128 0x2
 127 0186 75696E74 		.string	"uint8"
 127      3800
 128 018c 02       		.byte	0x2
 129 018d 34       		.byte	0x34
 130 018e 92010000 		.uaword	0x192
 131 0192 03       		.uleb128 0x3
 132 0193 01       		.byte	0x1
 133 0194 08       		.byte	0x8
 134 0195 756E7369 		.string	"unsigned char"
 134      676E6564 
 134      20636861 
 134      7200
 135 01a3 02       		.uleb128 0x2
 136 01a4 75696E74 		.string	"uint16"
 136      313600
 137 01ab 02       		.byte	0x2
 138 01ac 35       		.byte	0x35
 139 01ad B1010000 		.uaword	0x1b1
 140 01b1 03       		.uleb128 0x3
 141 01b2 02       		.byte	0x2
 142 01b3 07       		.byte	0x7
 143 01b4 73686F72 		.string	"short unsigned int"
 143      7420756E 
 143      7369676E 
 143      65642069 
 143      6E7400
 144 01c7 02       		.uleb128 0x2
 145 01c8 75696E74 		.string	"uint32"
 145      333200
 146 01cf 02       		.byte	0x2
 147 01d0 36       		.byte	0x36
 148 01d1 D5010000 		.uaword	0x1d5
 149 01d5 03       		.uleb128 0x3
 150 01d6 04       		.byte	0x4
GAS Infineon TriCore Little Endian C:\\Users\\user1\\AppData\\Local\\Temp\\rta_RTAOS_638388406317960277_1736001\\cckQMOHm.s 			page 4


 151 01d7 07       		.byte	0x7
 152 01d8 756E7369 		.string	"unsigned int"
 152      676E6564 
 152      20696E74 
 152      00
 153 01e5 03       		.uleb128 0x3
 154 01e6 01       		.byte	0x1
 155 01e7 06       		.byte	0x6
 156 01e8 7369676E 		.string	"signed char"
 156      65642063 
 156      68617200 
 157 01f4 03       		.uleb128 0x3
 158 01f5 02       		.byte	0x2
 159 01f6 05       		.byte	0x5
 160 01f7 73686F72 		.string	"short int"
 160      7420696E 
 160      7400
 161 0201 03       		.uleb128 0x3
 162 0202 04       		.byte	0x4
 163 0203 05       		.byte	0x5
 164 0204 696E7400 		.string	"int"
 165 0208 03       		.uleb128 0x3
 166 0209 04       		.byte	0x4
 167 020a 04       		.byte	0x4
 168 020b 666C6F61 		.string	"float"
 168      7400
 169 0211 03       		.uleb128 0x3
 170 0212 08       		.byte	0x8
 171 0213 04       		.byte	0x4
 172 0214 646F7562 		.string	"double"
 172      6C6500
 173 021b 03       		.uleb128 0x3
 174 021c 08       		.byte	0x8
 175 021d 05       		.byte	0x5
 176 021e 6C6F6E67 		.string	"long long int"
 176      206C6F6E 
 176      6720696E 
 176      7400
 177 022c 03       		.uleb128 0x3
 178 022d 08       		.byte	0x8
 179 022e 07       		.byte	0x7
 180 022f 6C6F6E67 		.string	"long long unsigned int"
 180      206C6F6E 
 180      6720756E 
 180      7369676E 
 180      65642069 
 181 0246 02       		.uleb128 0x2
 182 0247 626F6F6C 		.string	"boolean"
 182      65616E00 
 183 024f 02       		.byte	0x2
 184 0250 49       		.byte	0x49
 185 0251 92010000 		.uaword	0x192
 186 0255 02       		.uleb128 0x2
 187 0256 53746174 		.string	"StatusType"
 187      75735479 
 187      706500
 188 0261 03       		.byte	0x3
GAS Infineon TriCore Little Endian C:\\Users\\user1\\AppData\\Local\\Temp\\rta_RTAOS_638388406317960277_1736001\\cckQMOHm.s 			page 5


 189 0262 28       		.byte	0x28
 190 0263 92010000 		.uaword	0x192
 191 0267 04       		.uleb128 0x4
 192 0268 08       		.byte	0x8
 193 0269 01       		.byte	0x1
 194 026a 7C       		.byte	0x7c
 195 026b A6020000 		.uaword	0x2a6
 196 026f 05       		.uleb128 0x5
 197 0270 436C6173 		.string	"Class"
 197      7300
 198 0276 01       		.byte	0x1
 199 0277 7D       		.byte	0x7d
 200 0278 85010000 		.uaword	0x185
 201 027c 02       		.byte	0x2
 202 027d 23       		.byte	0x23
 203 027e 00       		.uleb128 0
 204 027f 05       		.uleb128 0x5
 205 0280 54494E00 		.string	"TIN"
 206 0284 01       		.byte	0x1
 207 0285 7E       		.byte	0x7e
 208 0286 85010000 		.uaword	0x185
 209 028a 02       		.byte	0x2
 210 028b 23       		.byte	0x23
 211 028c 01       		.uleb128 0x1
 212 028d 05       		.uleb128 0x5
 213 028e 52657475 		.string	"ReturnAddress"
 213      726E4164 
 213      64726573 
 213      7300
 214 029c 01       		.byte	0x1
 215 029d 7F       		.byte	0x7f
 216 029e C7010000 		.uaword	0x1c7
 217 02a2 02       		.byte	0x2
 218 02a3 23       		.byte	0x23
 219 02a4 04       		.uleb128 0x4
 220 02a5 00       		.byte	0
 221 02a6 02       		.uleb128 0x2
 222 02a7 4F735472 		.string	"OsTrapInfoType"
 222      6170496E 
 222      666F5479 
 222      706500
 223 02b6 01       		.byte	0x1
 224 02b7 80       		.byte	0x80
 225 02b8 67020000 		.uaword	0x267
 226 02bc 02       		.uleb128 0x2
 227 02bd 75696E74 		.string	"uint32_aligned"
 227      33325F61 
 227      6C69676E 
 227      656400
 228 02cc 01       		.byte	0x1
 229 02cd 86       		.byte	0x86
 230 02ce C7010000 		.uaword	0x1c7
 231 02d2 04       		.uleb128 0x4
 232 02d3 44       		.byte	0x44
 233 02d4 01       		.byte	0x1
 234 02d5 AB       		.byte	0xab
 235 02d6 EB020000 		.uaword	0x2eb
GAS Infineon TriCore Little Endian C:\\Users\\user1\\AppData\\Local\\Temp\\rta_RTAOS_638388406317960277_1736001\\cckQMOHm.s 			page 6


 236 02da 05       		.uleb128 0x5
 237 02db 73746F72 		.string	"store"
 237      6500
 238 02e1 01       		.byte	0x1
 239 02e2 AC       		.byte	0xac
 240 02e3 EB020000 		.uaword	0x2eb
 241 02e7 02       		.byte	0x2
 242 02e8 23       		.byte	0x23
 243 02e9 00       		.uleb128 0
 244 02ea 00       		.byte	0
 245 02eb 06       		.uleb128 0x6
 246 02ec C7010000 		.uaword	0x1c7
 247 02f0 FB020000 		.uaword	0x2fb
 248 02f4 07       		.uleb128 0x7
 249 02f5 FB020000 		.uaword	0x2fb
 250 02f9 10       		.byte	0x10
 251 02fa 00       		.byte	0
 252 02fb 03       		.uleb128 0x3
 253 02fc 04       		.byte	0x4
 254 02fd 07       		.byte	0x7
 255 02fe 73697A65 		.string	"sizetype"
 255      74797065 
 255      00
 256 0307 02       		.uleb128 0x2
 257 0308 4F735F4A 		.string	"Os_JumpBufType"
 257      756D7042 
 257      75665479 
 257      706500
 258 0317 01       		.byte	0x1
 259 0318 AD       		.byte	0xad
 260 0319 1D030000 		.uaword	0x31d
 261 031d 06       		.uleb128 0x6
 262 031e D2020000 		.uaword	0x2d2
 263 0322 2D030000 		.uaword	0x32d
 264 0326 07       		.uleb128 0x7
 265 0327 FB020000 		.uaword	0x2fb
 266 032b 00       		.byte	0
 267 032c 00       		.byte	0
 268 032d 02       		.uleb128 0x2
 269 032e 4F735F52 		.string	"Os_ResourceCountType"
 269      65736F75 
 269      72636543 
 269      6F756E74 
 269      54797065 
 270 0343 01       		.byte	0x1
 271 0344 BE       		.byte	0xbe
 272 0345 92010000 		.uaword	0x192
 273 0349 02       		.uleb128 0x2
 274 034a 4F735F53 		.string	"Os_StackTraceType"
 274      7461636B 
 274      54726163 
 274      65547970 
 274      6500
 275 035c 01       		.byte	0x1
 276 035d BF       		.byte	0xbf
 277 035e D5010000 		.uaword	0x1d5
 278 0362 04       		.uleb128 0x4
GAS Infineon TriCore Little Endian C:\\Users\\user1\\AppData\\Local\\Temp\\rta_RTAOS_638388406317960277_1736001\\cckQMOHm.s 			page 7


 279 0363 08       		.byte	0x8
 280 0364 01       		.byte	0x1
 281 0365 C0       		.byte	0xc0
 282 0366 86030000 		.uaword	0x386
 283 036a 05       		.uleb128 0x5
 284 036b 737000   		.string	"sp"
 285 036e 01       		.byte	0x1
 286 036f C0       		.byte	0xc0
 287 0370 49030000 		.uaword	0x349
 288 0374 02       		.byte	0x2
 289 0375 23       		.byte	0x23
 290 0376 00       		.uleb128 0
 291 0377 05       		.uleb128 0x5
 292 0378 63747800 		.string	"ctx"
 293 037c 01       		.byte	0x1
 294 037d C0       		.byte	0xc0
 295 037e 49030000 		.uaword	0x349
 296 0382 02       		.byte	0x2
 297 0383 23       		.byte	0x23
 298 0384 04       		.uleb128 0x4
 299 0385 00       		.byte	0
 300 0386 02       		.uleb128 0x2
 301 0387 4F735F53 		.string	"Os_StackValueType"
 301      7461636B 
 301      56616C75 
 301      65547970 
 301      6500
 302 0399 01       		.byte	0x1
 303 039a C0       		.byte	0xc0
 304 039b 62030000 		.uaword	0x362
 305 039f 02       		.uleb128 0x2
 306 03a0 4F735F53 		.string	"Os_StackSizeType"
 306      7461636B 
 306      53697A65 
 306      54797065 
 306      00
 307 03b1 01       		.byte	0x1
 308 03b2 C1       		.byte	0xc1
 309 03b3 86030000 		.uaword	0x386
 310 03b7 02       		.uleb128 0x2
 311 03b8 4F735F56 		.string	"Os_VoidVoidFunctionType"
 311      6F696456 
 311      6F696446 
 311      756E6374 
 311      696F6E54 
 312 03d0 01       		.byte	0x1
 313 03d1 C7       		.byte	0xc7
 314 03d2 D6030000 		.uaword	0x3d6
 315 03d6 08       		.uleb128 0x8
 316 03d7 04       		.byte	0x4
 317 03d8 DC030000 		.uaword	0x3dc
 318 03dc 09       		.uleb128 0x9
 319 03dd 01       		.byte	0x1
 320 03de 02       		.uleb128 0x2
 321 03df 4170706C 		.string	"ApplicationType"
 321      69636174 
 321      696F6E54 
GAS Infineon TriCore Little Endian C:\\Users\\user1\\AppData\\Local\\Temp\\rta_RTAOS_638388406317960277_1736001\\cckQMOHm.s 			page 8


 321      79706500 
 322 03ef 01       		.byte	0x1
 323 03f0 D5       		.byte	0xd5
 324 03f1 92010000 		.uaword	0x192
 325 03f5 02       		.uleb128 0x2
 326 03f6 4F735F74 		.string	"Os_tmaskType"
 326      6D61736B 
 326      54797065 
 326      00
 327 0403 01       		.byte	0x1
 328 0404 D9       		.byte	0xd9
 329 0405 C7010000 		.uaword	0x1c7
 330 0409 02       		.uleb128 0x2
 331 040a 4F735F43 		.string	"Os_CoreStateType"
 331      6F726553 
 331      74617465 
 331      54797065 
 331      00
 332 041b 01       		.byte	0x1
 333 041c E7       		.byte	0xe7
 334 041d C7010000 		.uaword	0x1c7
 335 0421 08       		.uleb128 0x8
 336 0422 04       		.byte	0x4
 337 0423 27040000 		.uaword	0x427
 338 0427 0A       		.uleb128 0xa
 339 0428 85010000 		.uaword	0x185
 340 042c 02       		.uleb128 0x2
 341 042d 4F735F53 		.string	"Os_StopwatchTickType"
 341      746F7077 
 341      61746368 
 341      5469636B 
 341      54797065 
 342 0442 01       		.byte	0x1
 343 0443 FD       		.byte	0xfd
 344 0444 D5010000 		.uaword	0x1d5
 345 0448 0B       		.uleb128 0xb
 346 0449 4F735F54 		.string	"Os_TerminatorType"
 346      65726D69 
 346      6E61746F 
 346      72547970 
 346      6500
 347 045b 01       		.byte	0x1
 348 045c 0201     		.uahalf	0x102
 349 045e 62040000 		.uaword	0x462
 350 0462 08       		.uleb128 0x8
 351 0463 04       		.byte	0x4
 352 0464 07030000 		.uaword	0x307
 353 0468 0B       		.uleb128 0xb
 354 0469 4F735F4C 		.string	"Os_Lockable"
 354      6F636B61 
 354      626C6500 
 355 0475 01       		.byte	0x1
 356 0476 0701     		.uahalf	0x107
 357 0478 BC020000 		.uaword	0x2bc
 358 047c 0B       		.uleb128 0xb
 359 047d 436F7265 		.string	"CoreIdType"
 359      49645479 
GAS Infineon TriCore Little Endian C:\\Users\\user1\\AppData\\Local\\Temp\\rta_RTAOS_638388406317960277_1736001\\cckQMOHm.s 			page 9


 359      706500
 360 0488 01       		.byte	0x1
 361 0489 0901     		.uahalf	0x109
 362 048b A3010000 		.uaword	0x1a3
 363 048f 0C       		.uleb128 0xc
 364 0490 68040000 		.uaword	0x468
 365 0494 0D       		.uleb128 0xd
 366 0495 4F735F43 		.string	"Os_ControlledCoreType_s"
 366      6F6E7472 
 366      6F6C6C65 
 366      64436F72 
 366      65547970 
 367 04ad 58       		.byte	0x58
 368 04ae 01       		.byte	0x1
 369 04af 1004     		.uahalf	0x410
 370 04b1 92060000 		.uaword	0x692
 371 04b5 0E       		.uleb128 0xe
 372 04b6 54726170 		.string	"TrapInfo"
 372      496E666F 
 372      00
 373 04bf 01       		.byte	0x1
 374 04c0 1104     		.uahalf	0x411
 375 04c2 A6020000 		.uaword	0x2a6
 376 04c6 02       		.byte	0x2
 377 04c7 23       		.byte	0x23
 378 04c8 00       		.uleb128 0
 379 04c9 0E       		.uleb128 0xe
 380 04ca 4572726F 		.string	"ErrorInformation"
 380      72496E66 
 380      6F726D61 
 380      74696F6E 
 380      00
 381 04db 01       		.byte	0x1
 382 04dc 1204     		.uahalf	0x412
 383 04de 6E0D0000 		.uaword	0xd6e
 384 04e2 02       		.byte	0x2
 385 04e3 23       		.byte	0x23
 386 04e4 08       		.uleb128 0x8
 387 04e5 0E       		.uleb128 0xe
 388 04e6 6C6F636B 		.string	"lock_taskaccess"
 388      5F746173 
 388      6B616363 
 388      65737300 
 389 04f6 01       		.byte	0x1
 390 04f7 1304     		.uahalf	0x413
 391 04f9 8F040000 		.uaword	0x48f
 392 04fd 02       		.byte	0x2
 393 04fe 23       		.byte	0x23
 394 04ff 18       		.uleb128 0x18
 395 0500 0E       		.uleb128 0xe
 396 0501 52656164 		.string	"ReadyTasks"
 396      79546173 
 396      6B7300
 397 050c 01       		.byte	0x1
 398 050d 1404     		.uahalf	0x414
 399 050f A40D0000 		.uaword	0xda4
 400 0513 02       		.byte	0x2
GAS Infineon TriCore Little Endian C:\\Users\\user1\\AppData\\Local\\Temp\\rta_RTAOS_638388406317960277_1736001\\cckQMOHm.s 			page 10


 401 0514 23       		.byte	0x23
 402 0515 1C       		.uleb128 0x1c
 403 0516 0E       		.uleb128 0xe
 404 0517 52756E6E 		.string	"RunningISR"
 404      696E6749 
 404      535200
 405 0522 01       		.byte	0x1
 406 0523 1504     		.uahalf	0x415
 407 0525 A90D0000 		.uaword	0xda9
 408 0529 02       		.byte	0x2
 409 052a 23       		.byte	0x23
 410 052b 20       		.uleb128 0x20
 411 052c 0E       		.uleb128 0xe
 412 052d 52756E6E 		.string	"RunningTask"
 412      696E6754 
 412      61736B00 
 413 0539 01       		.byte	0x1
 414 053a 1604     		.uahalf	0x416
 415 053c AE0D0000 		.uaword	0xdae
 416 0540 02       		.byte	0x2
 417 0541 23       		.byte	0x23
 418 0542 24       		.uleb128 0x24
 419 0543 0E       		.uleb128 0xe
 420 0544 52756E6E 		.string	"RunningTPMask"
 420      696E6754 
 420      504D6173 
 420      6B00
 421 0552 01       		.byte	0x1
 422 0553 1704     		.uahalf	0x417
 423 0555 B30D0000 		.uaword	0xdb3
 424 0559 02       		.byte	0x2
 425 055a 23       		.byte	0x23
 426 055b 28       		.uleb128 0x28
 427 055c 0E       		.uleb128 0xe
 428 055d 5465726D 		.string	"TerminatingTasks"
 428      696E6174 
 428      696E6754 
 428      61736B73 
 428      00
 429 056e 01       		.byte	0x1
 430 056f 1804     		.uahalf	0x418
 431 0571 A40D0000 		.uaword	0xda4
 432 0575 02       		.byte	0x2
 433 0576 23       		.byte	0x23
 434 0577 2C       		.uleb128 0x2c
 435 0578 0E       		.uleb128 0xe
 436 0579 4170706C 		.string	"Application"
 436      69636174 
 436      696F6E00 
 437 0585 01       		.byte	0x1
 438 0586 1904     		.uahalf	0x419
 439 0588 DE030000 		.uaword	0x3de
 440 058c 02       		.byte	0x2
 441 058d 23       		.byte	0x23
 442 058e 30       		.uleb128 0x30
 443 058f 0E       		.uleb128 0xe
 444 0590 43757272 		.string	"CurrentTerminator"
GAS Infineon TriCore Little Endian C:\\Users\\user1\\AppData\\Local\\Temp\\rta_RTAOS_638388406317960277_1736001\\cckQMOHm.s 			page 11


 444      656E7454 
 444      65726D69 
 444      6E61746F 
 444      7200
 445 05a2 01       		.byte	0x1
 446 05a3 1A04     		.uahalf	0x41a
 447 05a5 B80D0000 		.uaword	0xdb8
 448 05a9 02       		.byte	0x2
 449 05aa 23       		.byte	0x23
 450 05ab 34       		.uleb128 0x34
 451 05ac 0E       		.uleb128 0xe
 452 05ad 43757272 		.string	"CurrentMeteredObject"
 452      656E744D 
 452      65746572 
 452      65644F62 
 452      6A656374 
 453 05c2 01       		.byte	0x1
 454 05c3 1B04     		.uahalf	0x41b
 455 05c5 47070000 		.uaword	0x747
 456 05c9 02       		.byte	0x2
 457 05ca 23       		.byte	0x23
 458 05cb 38       		.uleb128 0x38
 459 05cc 0E       		.uleb128 0xe
 460 05cd 49646C65 		.string	"IdleMeter"
 460      4D657465 
 460      7200
 461 05d7 01       		.byte	0x1
 462 05d8 1C04     		.uahalf	0x41c
 463 05da 2E070000 		.uaword	0x72e
 464 05de 02       		.byte	0x2
 465 05df 23       		.byte	0x23
 466 05e0 3C       		.uleb128 0x3c
 467 05e1 0E       		.uleb128 0xe
 468 05e2 41707041 		.string	"AppAccess"
 468      63636573 
 468      7300
 469 05ec 01       		.byte	0x1
 470 05ed 1D04     		.uahalf	0x41d
 471 05ef 85010000 		.uaword	0x185
 472 05f3 02       		.byte	0x2
 473 05f4 23       		.byte	0x23
 474 05f5 48       		.uleb128 0x48
 475 05f6 0E       		.uleb128 0xe
 476 05f7 4170704F 		.string	"AppOverride"
 476      76657272 
 476      69646500 
 477 0603 01       		.byte	0x1
 478 0604 1E04     		.uahalf	0x41e
 479 0606 BD0D0000 		.uaword	0xdbd
 480 060a 02       		.byte	0x2
 481 060b 23       		.byte	0x23
 482 060c 49       		.uleb128 0x49
 483 060d 0E       		.uleb128 0xe
 484 060e 47657453 		.string	"GetStackValueAdjust"
 484      7461636B 
 484      56616C75 
 484      6541646A 
GAS Infineon TriCore Little Endian C:\\Users\\user1\\AppData\\Local\\Temp\\rta_RTAOS_638388406317960277_1736001\\cckQMOHm.s 			page 12


 484      75737400 
 485 0622 01       		.byte	0x1
 486 0623 1F04     		.uahalf	0x41f
 487 0625 9F030000 		.uaword	0x39f
 488 0629 02       		.byte	0x2
 489 062a 23       		.byte	0x23
 490 062b 4C       		.uleb128 0x4c
 491 062c 0E       		.uleb128 0xe
 492 062d 496E4572 		.string	"InErrorHook"
 492      726F7248 
 492      6F6F6B00 
 493 0639 01       		.byte	0x1
 494 063a 2004     		.uahalf	0x420
 495 063c 46020000 		.uaword	0x246
 496 0640 02       		.byte	0x2
 497 0641 23       		.byte	0x23
 498 0642 54       		.uleb128 0x54
 499 0643 0E       		.uleb128 0xe
 500 0644 496E5072 		.string	"InProtectionHook"
 500      6F746563 
 500      74696F6E 
 500      486F6F6B 
 500      00
 501 0655 01       		.byte	0x1
 502 0656 2104     		.uahalf	0x421
 503 0658 46020000 		.uaword	0x246
 504 065c 02       		.byte	0x2
 505 065d 23       		.byte	0x23
 506 065e 55       		.uleb128 0x55
 507 065f 0E       		.uleb128 0xe
 508 0660 436F7265 		.string	"CoreIsActive"
 508      49734163 
 508      74697665 
 508      00
 509 066d 01       		.byte	0x1
 510 066e 2204     		.uahalf	0x422
 511 0670 46020000 		.uaword	0x246
 512 0674 02       		.byte	0x2
 513 0675 23       		.byte	0x23
 514 0676 56       		.uleb128 0x56
 515 0677 0E       		.uleb128 0xe
 516 0678 496E5368 		.string	"InShutdownHook"
 516      7574646F 
 516      776E486F 
 516      6F6B00
 517 0687 01       		.byte	0x1
 518 0688 2304     		.uahalf	0x423
 519 068a 46020000 		.uaword	0x246
 520 068e 02       		.byte	0x2
 521 068f 23       		.byte	0x23
 522 0690 57       		.uleb128 0x57
 523 0691 00       		.byte	0
 524 0692 0B       		.uleb128 0xb
 525 0693 41636365 		.string	"AccessType"
 525      73735479 
 525      706500
 526 069e 01       		.byte	0x1
GAS Infineon TriCore Little Endian C:\\Users\\user1\\AppData\\Local\\Temp\\rta_RTAOS_638388406317960277_1736001\\cckQMOHm.s 			page 13


 527 069f 5101     		.uahalf	0x151
 528 06a1 D5010000 		.uaword	0x1d5
 529 06a5 0B       		.uleb128 0xb
 530 06a6 4D656D6F 		.string	"MemoryStartAddressType"
 530      72795374 
 530      61727441 
 530      64647265 
 530      73735479 
 531 06bd 01       		.byte	0x1
 532 06be 5B01     		.uahalf	0x15b
 533 06c0 21040000 		.uaword	0x421
 534 06c4 0B       		.uleb128 0xb
 535 06c5 4D656D6F 		.string	"MemorySizeType"
 535      72795369 
 535      7A655479 
 535      706500
 536 06d4 01       		.byte	0x1
 537 06d5 5C01     		.uahalf	0x15c
 538 06d7 D5010000 		.uaword	0x1d5
 539 06db 0D       		.uleb128 0xd
 540 06dc 4F735F4D 		.string	"Os_MeterInfoType_s"
 540      65746572 
 540      496E666F 
 540      54797065 
 540      5F7300
 541 06ef 0C       		.byte	0xc
 542 06f0 01       		.byte	0x1
 543 06f1 7201     		.uahalf	0x172
 544 06f3 2E070000 		.uaword	0x72e
 545 06f7 0E       		.uleb128 0xe
 546 06f8 656C6170 		.string	"elapsed"
 546      73656400 
 547 0700 01       		.byte	0x1
 548 0701 7301     		.uahalf	0x173
 549 0703 2C040000 		.uaword	0x42c
 550 0707 02       		.byte	0x2
 551 0708 23       		.byte	0x23
 552 0709 00       		.uleb128 0
 553 070a 0E       		.uleb128 0xe
 554 070b 70726576 		.string	"previous"
 554      696F7573 
 554      00
 555 0714 01       		.byte	0x1
 556 0715 7401     		.uahalf	0x174
 557 0717 2C040000 		.uaword	0x42c
 558 071b 02       		.byte	0x2
 559 071c 23       		.byte	0x23
 560 071d 04       		.uleb128 0x4
 561 071e 0E       		.uleb128 0xe
 562 071f 6D617800 		.string	"max"
 563 0723 01       		.byte	0x1
 564 0724 7501     		.uahalf	0x175
 565 0726 2C040000 		.uaword	0x42c
 566 072a 02       		.byte	0x2
 567 072b 23       		.byte	0x23
 568 072c 08       		.uleb128 0x8
 569 072d 00       		.byte	0
GAS Infineon TriCore Little Endian C:\\Users\\user1\\AppData\\Local\\Temp\\rta_RTAOS_638388406317960277_1736001\\cckQMOHm.s 			page 14


 570 072e 0B       		.uleb128 0xb
 571 072f 4F735F4D 		.string	"Os_MeterInfoType"
 571      65746572 
 571      496E666F 
 571      54797065 
 571      00
 572 0740 01       		.byte	0x1
 573 0741 7601     		.uahalf	0x176
 574 0743 DB060000 		.uaword	0x6db
 575 0747 0B       		.uleb128 0xb
 576 0748 4F735F4D 		.string	"Os_MeterInfoRefType"
 576      65746572 
 576      496E666F 
 576      52656654 
 576      79706500 
 577 075c 01       		.byte	0x1
 578 075d 7701     		.uahalf	0x177
 579 075f 63070000 		.uaword	0x763
 580 0763 08       		.uleb128 0x8
 581 0764 04       		.byte	0x4
 582 0765 2E070000 		.uaword	0x72e
 583 0769 0B       		.uleb128 0xb
 584 076a 4F735F69 		.string	"Os_imaskType"
 584      6D61736B 
 584      54797065 
 584      00
 585 0777 01       		.byte	0x1
 586 0778 7F01     		.uahalf	0x17f
 587 077a C7010000 		.uaword	0x1c7
 588 077e 0D       		.uleb128 0xd
 589 077f 4F735F49 		.string	"Os_ISRDynType_s"
 589      53524479 
 589      6E547970 
 589      655F7300 
 590 078f 10       		.byte	0x10
 591 0790 01       		.byte	0x1
 592 0791 8101     		.uahalf	0x181
 593 0793 CF070000 		.uaword	0x7cf
 594 0797 0F       		.uleb128 0xf
 595 0798 00000000 		.uaword	.LASF0
 596 079c 01       		.byte	0x1
 597 079d 8201     		.uahalf	0x182
 598 079f 2D030000 		.uaword	0x32d
 599 07a3 02       		.byte	0x2
 600 07a4 23       		.byte	0x23
 601 07a5 00       		.uleb128 0
 602 07a6 0E       		.uleb128 0xe
 603 07a7 7465726D 		.string	"terminating"
 603      696E6174 
 603      696E6700 
 604 07b3 01       		.byte	0x1
 605 07b4 8301     		.uahalf	0x183
 606 07b6 46020000 		.uaword	0x246
 607 07ba 02       		.byte	0x2
 608 07bb 23       		.byte	0x23
 609 07bc 01       		.uleb128 0x1
 610 07bd 0E       		.uleb128 0xe
GAS Infineon TriCore Little Endian C:\\Users\\user1\\AppData\\Local\\Temp\\rta_RTAOS_638388406317960277_1736001\\cckQMOHm.s 			page 15


 611 07be 6D657465 		.string	"meter"
 611      7200
 612 07c4 01       		.byte	0x1
 613 07c5 8401     		.uahalf	0x184
 614 07c7 2E070000 		.uaword	0x72e
 615 07cb 02       		.byte	0x2
 616 07cc 23       		.byte	0x23
 617 07cd 04       		.uleb128 0x4
 618 07ce 00       		.byte	0
 619 07cf 0B       		.uleb128 0xb
 620 07d0 4F735F49 		.string	"Os_ISRDynType"
 620      53524479 
 620      6E547970 
 620      6500
 621 07de 01       		.byte	0x1
 622 07df 8501     		.uahalf	0x185
 623 07e1 7E070000 		.uaword	0x77e
 624 07e5 0B       		.uleb128 0xb
 625 07e6 4F735F49 		.string	"Os_IsrTerminatedFunctionType"
 625      73725465 
 625      726D696E 
 625      61746564 
 625      46756E63 
 626 0803 01       		.byte	0x1
 627 0804 8601     		.uahalf	0x186
 628 0806 D6030000 		.uaword	0x3d6
 629 080a 0D       		.uleb128 0xd
 630 080b 4F735F49 		.string	"Os_ISRType_s"
 630      53525479 
 630      70655F73 
 630      00
 631 0818 18       		.byte	0x18
 632 0819 01       		.byte	0x1
 633 081a 8701     		.uahalf	0x187
 634 081c 9E080000 		.uaword	0x89e
 635 0820 0F       		.uleb128 0xf
 636 0821 00000000 		.uaword	.LASF1
 637 0825 01       		.byte	0x1
 638 0826 8801     		.uahalf	0x188
 639 0828 B7030000 		.uaword	0x3b7
 640 082c 02       		.byte	0x2
 641 082d 23       		.byte	0x23
 642 082e 00       		.uleb128 0
 643 082f 0E       		.uleb128 0xe
 644 0830 7465726D 		.string	"terminated_function"
 644      696E6174 
 644      65645F66 
 644      756E6374 
 644      696F6E00 
 645 0844 01       		.byte	0x1
 646 0845 8901     		.uahalf	0x189
 647 0847 E5070000 		.uaword	0x7e5
 648 084b 02       		.byte	0x2
 649 084c 23       		.byte	0x23
 650 084d 04       		.uleb128 0x4
 651 084e 0F       		.uleb128 0xf
 652 084f 00000000 		.uaword	.LASF2
GAS Infineon TriCore Little Endian C:\\Users\\user1\\AppData\\Local\\Temp\\rta_RTAOS_638388406317960277_1736001\\cckQMOHm.s 			page 16


 653 0853 01       		.byte	0x1
 654 0854 8A01     		.uahalf	0x18a
 655 0856 9E080000 		.uaword	0x89e
 656 085a 02       		.byte	0x2
 657 085b 23       		.byte	0x23
 658 085c 08       		.uleb128 0x8
 659 085d 0E       		.uleb128 0xe
 660 085e 696D6173 		.string	"imask"
 660      6B00
 661 0864 01       		.byte	0x1
 662 0865 8B01     		.uahalf	0x18b
 663 0867 69070000 		.uaword	0x769
 664 086b 02       		.byte	0x2
 665 086c 23       		.byte	0x23
 666 086d 0C       		.uleb128 0xc
 667 086e 0E       		.uleb128 0xe
 668 086f 696E6465 		.string	"index"
 668      7800
 669 0875 01       		.byte	0x1
 670 0876 8C01     		.uahalf	0x18c
 671 0878 C7010000 		.uaword	0x1c7
 672 087c 02       		.byte	0x2
 673 087d 23       		.byte	0x23
 674 087e 10       		.uleb128 0x10
 675 087f 0F       		.uleb128 0xf
 676 0880 00000000 		.uaword	.LASF3
 677 0884 01       		.byte	0x1
 678 0885 8D01     		.uahalf	0x18d
 679 0887 85010000 		.uaword	0x185
 680 088b 02       		.byte	0x2
 681 088c 23       		.byte	0x23
 682 088d 14       		.uleb128 0x14
 683 088e 0F       		.uleb128 0xf
 684 088f 00000000 		.uaword	.LASF4
 685 0893 01       		.byte	0x1
 686 0894 8E01     		.uahalf	0x18e
 687 0896 DE030000 		.uaword	0x3de
 688 089a 02       		.byte	0x2
 689 089b 23       		.byte	0x23
 690 089c 15       		.uleb128 0x15
 691 089d 00       		.byte	0
 692 089e 0A       		.uleb128 0xa
 693 089f A3080000 		.uaword	0x8a3
 694 08a3 08       		.uleb128 0x8
 695 08a4 04       		.byte	0x4
 696 08a5 CF070000 		.uaword	0x7cf
 697 08a9 0B       		.uleb128 0xb
 698 08aa 4F735F49 		.string	"Os_ISRType"
 698      53525479 
 698      706500
 699 08b5 01       		.byte	0x1
 700 08b6 8F01     		.uahalf	0x18f
 701 08b8 0A080000 		.uaword	0x80a
 702 08bc 0B       		.uleb128 0xb
 703 08bd 49535254 		.string	"ISRType"
 703      79706500 
 704 08c5 01       		.byte	0x1
GAS Infineon TriCore Little Endian C:\\Users\\user1\\AppData\\Local\\Temp\\rta_RTAOS_638388406317960277_1736001\\cckQMOHm.s 			page 17


 705 08c6 9001     		.uahalf	0x190
 706 08c8 CC080000 		.uaword	0x8cc
 707 08cc 08       		.uleb128 0x8
 708 08cd 04       		.byte	0x4
 709 08ce D2080000 		.uaword	0x8d2
 710 08d2 0A       		.uleb128 0xa
 711 08d3 A9080000 		.uaword	0x8a9
 712 08d7 0B       		.uleb128 0xb
 713 08d8 4F735F62 		.string	"Os_bitmask"
 713      69746D61 
 713      736B00
 714 08e3 01       		.byte	0x1
 715 08e4 A201     		.uahalf	0x1a2
 716 08e6 D5010000 		.uaword	0x1d5
 717 08ea 0B       		.uleb128 0xb
 718 08eb 4F735F70 		.string	"Os_pset0Type"
 718      73657430 
 718      54797065 
 718      00
 719 08f8 01       		.byte	0x1
 720 08f9 A301     		.uahalf	0x1a3
 721 08fb D7080000 		.uaword	0x8d7
 722 08ff 0B       		.uleb128 0xb
 723 0900 4F735F70 		.string	"Os_pset1Type"
 723      73657431 
 723      54797065 
 723      00
 724 090d 01       		.byte	0x1
 725 090e A401     		.uahalf	0x1a4
 726 0910 D7080000 		.uaword	0x8d7
 727 0914 0B       		.uleb128 0xb
 728 0915 4F735F70 		.string	"Os_pset2Type"
 728      73657432 
 728      54797065 
 728      00
 729 0922 01       		.byte	0x1
 730 0923 A501     		.uahalf	0x1a5
 731 0925 D7080000 		.uaword	0x8d7
 732 0929 10       		.uleb128 0x10
 733 092a 04       		.byte	0x4
 734 092b 01       		.byte	0x1
 735 092c A601     		.uahalf	0x1a6
 736 092e 54090000 		.uaword	0x954
 737 0932 11       		.uleb128 0x11
 738 0933 703000   		.string	"p0"
 739 0936 01       		.byte	0x1
 740 0937 A701     		.uahalf	0x1a7
 741 0939 EA080000 		.uaword	0x8ea
 742 093d 11       		.uleb128 0x11
 743 093e 703100   		.string	"p1"
 744 0941 01       		.byte	0x1
 745 0942 A801     		.uahalf	0x1a8
 746 0944 FF080000 		.uaword	0x8ff
 747 0948 11       		.uleb128 0x11
 748 0949 703200   		.string	"p2"
 749 094c 01       		.byte	0x1
 750 094d A901     		.uahalf	0x1a9
GAS Infineon TriCore Little Endian C:\\Users\\user1\\AppData\\Local\\Temp\\rta_RTAOS_638388406317960277_1736001\\cckQMOHm.s 			page 18


 751 094f 14090000 		.uaword	0x914
 752 0953 00       		.byte	0
 753 0954 0B       		.uleb128 0xb
 754 0955 4F735F70 		.string	"Os_psetType"
 754      73657454 
 754      79706500 
 755 0961 01       		.byte	0x1
 756 0962 AA01     		.uahalf	0x1aa
 757 0964 29090000 		.uaword	0x929
 758 0968 10       		.uleb128 0x10
 759 0969 04       		.byte	0x4
 760 096a 01       		.byte	0x1
 761 096b AC01     		.uahalf	0x1ac
 762 096d 93090000 		.uaword	0x993
 763 0971 11       		.uleb128 0x11
 764 0972 743000   		.string	"t0"
 765 0975 01       		.byte	0x1
 766 0976 AD01     		.uahalf	0x1ad
 767 0978 D7080000 		.uaword	0x8d7
 768 097c 11       		.uleb128 0x11
 769 097d 743100   		.string	"t1"
 770 0980 01       		.byte	0x1
 771 0981 AE01     		.uahalf	0x1ae
 772 0983 D7080000 		.uaword	0x8d7
 773 0987 11       		.uleb128 0x11
 774 0988 743200   		.string	"t2"
 775 098b 01       		.byte	0x1
 776 098c AF01     		.uahalf	0x1af
 777 098e D7080000 		.uaword	0x8d7
 778 0992 00       		.byte	0
 779 0993 0B       		.uleb128 0xb
 780 0994 4F735F74 		.string	"Os_tpmaskType"
 780      706D6173 
 780      6B547970 
 780      6500
 781 09a2 01       		.byte	0x1
 782 09a3 B001     		.uahalf	0x1b0
 783 09a5 68090000 		.uaword	0x968
 784 09a9 0B       		.uleb128 0xb
 785 09aa 4F735F41 		.string	"Os_ActivationCountType"
 785      63746976 
 785      6174696F 
 785      6E436F75 
 785      6E745479 
 786 09c1 01       		.byte	0x1
 787 09c2 B101     		.uahalf	0x1b1
 788 09c4 92010000 		.uaword	0x192
 789 09c8 0D       		.uleb128 0xd
 790 09c9 4F735F54 		.string	"Os_TaskDynType_s"
 790      61736B44 
 790      796E5479 
 790      70655F73 
 790      00
 791 09da 5C       		.byte	0x5c
 792 09db 01       		.byte	0x1
 793 09dc B301     		.uahalf	0x1b3
 794 09de 830A0000 		.uaword	0xa83
GAS Infineon TriCore Little Endian C:\\Users\\user1\\AppData\\Local\\Temp\\rta_RTAOS_638388406317960277_1736001\\cckQMOHm.s 			page 19


 795 09e2 0E       		.uleb128 0xe
 796 09e3 6C617374 		.string	"last_activation"
 796      5F616374 
 796      69766174 
 796      696F6E00 
 797 09f3 01       		.byte	0x1
 798 09f4 B401     		.uahalf	0x1b4
 799 09f6 2C040000 		.uaword	0x42c
 800 09fa 02       		.byte	0x2
 801 09fb 23       		.byte	0x23
 802 09fc 00       		.uleb128 0
 803 09fd 0E       		.uleb128 0xe
 804 09fe 7465726D 		.string	"terminate_jump_buf"
 804      696E6174 
 804      655F6A75 
 804      6D705F62 
 804      756600
 805 0a11 01       		.byte	0x1
 806 0a12 B501     		.uahalf	0x1b5
 807 0a14 07030000 		.uaword	0x307
 808 0a18 02       		.byte	0x2
 809 0a19 23       		.byte	0x23
 810 0a1a 04       		.uleb128 0x4
 811 0a1b 0E       		.uleb128 0xe
 812 0a1c 6D657465 		.string	"meter"
 812      7200
 813 0a22 01       		.byte	0x1
 814 0a23 B601     		.uahalf	0x1b6
 815 0a25 2E070000 		.uaword	0x72e
 816 0a29 02       		.byte	0x2
 817 0a2a 23       		.byte	0x23
 818 0a2b 48       		.uleb128 0x48
 819 0a2c 0E       		.uleb128 0xe
 820 0a2d 7365656E 		.string	"seen_activation"
 820      5F616374 
 820      69766174 
 820      696F6E00 
 821 0a3d 01       		.byte	0x1
 822 0a3e B701     		.uahalf	0x1b7
 823 0a40 46020000 		.uaword	0x246
 824 0a44 02       		.byte	0x2
 825 0a45 23       		.byte	0x23
 826 0a46 54       		.uleb128 0x54
 827 0a47 0F       		.uleb128 0xf
 828 0a48 00000000 		.uaword	.LASF5
 829 0a4c 01       		.byte	0x1
 830 0a4d B801     		.uahalf	0x1b8
 831 0a4f A9090000 		.uaword	0x9a9
 832 0a53 02       		.byte	0x2
 833 0a54 23       		.byte	0x23
 834 0a55 55       		.uleb128 0x55
 835 0a56 0F       		.uleb128 0xf
 836 0a57 00000000 		.uaword	.LASF0
 837 0a5b 01       		.byte	0x1
 838 0a5c B901     		.uahalf	0x1b9
 839 0a5e 2D030000 		.uaword	0x32d
 840 0a62 02       		.byte	0x2
GAS Infineon TriCore Little Endian C:\\Users\\user1\\AppData\\Local\\Temp\\rta_RTAOS_638388406317960277_1736001\\cckQMOHm.s 			page 20


 841 0a63 23       		.byte	0x23
 842 0a64 56       		.uleb128 0x56
 843 0a65 0E       		.uleb128 0xe
 844 0a66 7465726D 		.string	"termination_state"
 844      696E6174 
 844      696F6E5F 
 844      73746174 
 844      6500
 845 0a78 01       		.byte	0x1
 846 0a79 BA01     		.uahalf	0x1ba
 847 0a7b C7010000 		.uaword	0x1c7
 848 0a7f 02       		.byte	0x2
 849 0a80 23       		.byte	0x23
 850 0a81 58       		.uleb128 0x58
 851 0a82 00       		.byte	0
 852 0a83 0B       		.uleb128 0xb
 853 0a84 4F735F54 		.string	"Os_TaskDynType"
 853      61736B44 
 853      796E5479 
 853      706500
 854 0a93 01       		.byte	0x1
 855 0a94 BB01     		.uahalf	0x1bb
 856 0a96 C8090000 		.uaword	0x9c8
 857 0a9a 0D       		.uleb128 0xd
 858 0a9b 4F735F54 		.string	"Os_TaskType_s"
 858      61736B54 
 858      7970655F 
 858      7300
 859 0aa9 20       		.byte	0x20
 860 0aaa 01       		.byte	0x1
 861 0aab BD01     		.uahalf	0x1bd
 862 0aad 570B0000 		.uaword	0xb57
 863 0ab1 0F       		.uleb128 0xf
 864 0ab2 00000000 		.uaword	.LASF2
 865 0ab6 01       		.byte	0x1
 866 0ab7 BE01     		.uahalf	0x1be
 867 0ab9 570B0000 		.uaword	0xb57
 868 0abd 02       		.byte	0x2
 869 0abe 23       		.byte	0x23
 870 0abf 00       		.uleb128 0
 871 0ac0 0F       		.uleb128 0xf
 872 0ac1 00000000 		.uaword	.LASF1
 873 0ac5 01       		.byte	0x1
 874 0ac6 BF01     		.uahalf	0x1bf
 875 0ac8 B7030000 		.uaword	0x3b7
 876 0acc 02       		.byte	0x2
 877 0acd 23       		.byte	0x23
 878 0ace 04       		.uleb128 0x4
 879 0acf 0E       		.uleb128 0xe
 880 0ad0 70736574 		.string	"pset"
 880      00
 881 0ad5 01       		.byte	0x1
 882 0ad6 C001     		.uahalf	0x1c0
 883 0ad8 54090000 		.uaword	0x954
 884 0adc 02       		.byte	0x2
 885 0add 23       		.byte	0x23
 886 0ade 08       		.uleb128 0x8
GAS Infineon TriCore Little Endian C:\\Users\\user1\\AppData\\Local\\Temp\\rta_RTAOS_638388406317960277_1736001\\cckQMOHm.s 			page 21


 887 0adf 0E       		.uleb128 0xe
 888 0ae0 62617365 		.string	"base_tpmask"
 888      5F74706D 
 888      61736B00 
 889 0aec 01       		.byte	0x1
 890 0aed C101     		.uahalf	0x1c1
 891 0aef 93090000 		.uaword	0x993
 892 0af3 02       		.byte	0x2
 893 0af4 23       		.byte	0x23
 894 0af5 0C       		.uleb128 0xc
 895 0af6 0F       		.uleb128 0xf
 896 0af7 00000000 		.uaword	.LASF6
 897 0afb 01       		.byte	0x1
 898 0afc C201     		.uahalf	0x1c2
 899 0afe 93090000 		.uaword	0x993
 900 0b02 02       		.byte	0x2
 901 0b03 23       		.byte	0x23
 902 0b04 10       		.uleb128 0x10
 903 0b05 0E       		.uleb128 0xe
 904 0b06 636F7265 		.string	"core_id"
 904      5F696400 
 905 0b0e 01       		.byte	0x1
 906 0b0f C301     		.uahalf	0x1c3
 907 0b11 7C040000 		.uaword	0x47c
 908 0b15 02       		.byte	0x2
 909 0b16 23       		.byte	0x23
 910 0b17 14       		.uleb128 0x14
 911 0b18 0E       		.uleb128 0xe
 912 0b19 696E6465 		.string	"index"
 912      7800
 913 0b1f 01       		.byte	0x1
 914 0b20 C401     		.uahalf	0x1c4
 915 0b22 C7010000 		.uaword	0x1c7
 916 0b26 02       		.byte	0x2
 917 0b27 23       		.byte	0x23
 918 0b28 18       		.uleb128 0x18
 919 0b29 0F       		.uleb128 0xf
 920 0b2a 00000000 		.uaword	.LASF5
 921 0b2e 01       		.byte	0x1
 922 0b2f C501     		.uahalf	0x1c5
 923 0b31 A9090000 		.uaword	0x9a9
 924 0b35 02       		.byte	0x2
 925 0b36 23       		.byte	0x23
 926 0b37 1C       		.uleb128 0x1c
 927 0b38 0F       		.uleb128 0xf
 928 0b39 00000000 		.uaword	.LASF3
 929 0b3d 01       		.byte	0x1
 930 0b3e C601     		.uahalf	0x1c6
 931 0b40 85010000 		.uaword	0x185
 932 0b44 02       		.byte	0x2
 933 0b45 23       		.byte	0x23
 934 0b46 1D       		.uleb128 0x1d
 935 0b47 0F       		.uleb128 0xf
 936 0b48 00000000 		.uaword	.LASF4
 937 0b4c 01       		.byte	0x1
 938 0b4d C701     		.uahalf	0x1c7
 939 0b4f DE030000 		.uaword	0x3de
GAS Infineon TriCore Little Endian C:\\Users\\user1\\AppData\\Local\\Temp\\rta_RTAOS_638388406317960277_1736001\\cckQMOHm.s 			page 22


 940 0b53 02       		.byte	0x2
 941 0b54 23       		.byte	0x23
 942 0b55 1E       		.uleb128 0x1e
 943 0b56 00       		.byte	0
 944 0b57 0A       		.uleb128 0xa
 945 0b58 5C0B0000 		.uaword	0xb5c
 946 0b5c 08       		.uleb128 0x8
 947 0b5d 04       		.byte	0x4
 948 0b5e 830A0000 		.uaword	0xa83
 949 0b62 0B       		.uleb128 0xb
 950 0b63 4F735F54 		.string	"Os_TaskType"
 950      61736B54 
 950      79706500 
 951 0b6f 01       		.byte	0x1
 952 0b70 C801     		.uahalf	0x1c8
 953 0b72 9A0A0000 		.uaword	0xa9a
 954 0b76 0B       		.uleb128 0xb
 955 0b77 5461736B 		.string	"TaskType"
 955      54797065 
 955      00
 956 0b80 01       		.byte	0x1
 957 0b81 C901     		.uahalf	0x1c9
 958 0b83 870B0000 		.uaword	0xb87
 959 0b87 08       		.uleb128 0x8
 960 0b88 04       		.byte	0x4
 961 0b89 8D0B0000 		.uaword	0xb8d
 962 0b8d 0A       		.uleb128 0xa
 963 0b8e 620B0000 		.uaword	0xb62
 964 0b92 10       		.uleb128 0x10
 965 0b93 04       		.byte	0x4
 966 0b94 01       		.byte	0x1
 967 0b95 E101     		.uahalf	0x1e1
 968 0b97 B60B0000 		.uaword	0xbb6
 969 0b9b 12       		.uleb128 0x12
 970 0b9c 00000000 		.uaword	.LASF6
 971 0ba0 01       		.byte	0x1
 972 0ba1 E201     		.uahalf	0x1e2
 973 0ba3 93090000 		.uaword	0x993
 974 0ba7 11       		.uleb128 0x11
 975 0ba8 696D6173 		.string	"imask"
 975      6B00
 976 0bae 01       		.byte	0x1
 977 0baf E301     		.uahalf	0x1e3
 978 0bb1 69070000 		.uaword	0x769
 979 0bb5 00       		.byte	0
 980 0bb6 0D       		.uleb128 0xd
 981 0bb7 4F735F52 		.string	"Os_ResourceDynType_s"
 981      65736F75 
 981      72636544 
 981      796E5479 
 981      70655F73 
 982 0bcc 0C       		.byte	0xc
 983 0bcd 01       		.byte	0x1
 984 0bce DE01     		.uahalf	0x1de
 985 0bd0 190C0000 		.uaword	0xc19
 986 0bd4 0E       		.uleb128 0xe
 987 0bd5 61636365 		.string	"access_count"
GAS Infineon TriCore Little Endian C:\\Users\\user1\\AppData\\Local\\Temp\\rta_RTAOS_638388406317960277_1736001\\cckQMOHm.s 			page 23


 987      73735F63 
 987      6F756E74 
 987      00
 988 0be2 01       		.byte	0x1
 989 0be3 DF01     		.uahalf	0x1df
 990 0be5 2D030000 		.uaword	0x32d
 991 0be9 02       		.byte	0x2
 992 0bea 23       		.byte	0x23
 993 0beb 00       		.uleb128 0
 994 0bec 0E       		.uleb128 0xe
 995 0bed 6C6F636B 		.string	"locker"
 995      657200
 996 0bf4 01       		.byte	0x1
 997 0bf5 E001     		.uahalf	0x1e0
 998 0bf7 760B0000 		.uaword	0xb76
 999 0bfb 02       		.byte	0x2
 1000 0bfc 23       		.byte	0x23
 1001 0bfd 04       		.uleb128 0x4
 1002 0bfe 0E       		.uleb128 0xe
 1003 0bff 73617665 		.string	"saved_priority"
 1003      645F7072 
 1003      696F7269 
 1003      747900
 1004 0c0e 01       		.byte	0x1
 1005 0c0f E401     		.uahalf	0x1e4
 1006 0c11 920B0000 		.uaword	0xb92
 1007 0c15 02       		.byte	0x2
 1008 0c16 23       		.byte	0x23
 1009 0c17 08       		.uleb128 0x8
 1010 0c18 00       		.byte	0
 1011 0c19 0B       		.uleb128 0xb
 1012 0c1a 4F735F52 		.string	"Os_ResourceDynType"
 1012      65736F75 
 1012      72636544 
 1012      796E5479 
 1012      706500
 1013 0c2d 01       		.byte	0x1
 1014 0c2e E501     		.uahalf	0x1e5
 1015 0c30 B60B0000 		.uaword	0xbb6
 1016 0c34 0D       		.uleb128 0xd
 1017 0c35 4F735F52 		.string	"Os_ResourceType_s"
 1017      65736F75 
 1017      72636554 
 1017      7970655F 
 1017      7300
 1018 0c47 10       		.byte	0x10
 1019 0c48 01       		.byte	0x1
 1020 0c49 E601     		.uahalf	0x1e6
 1021 0c4b 8E0C0000 		.uaword	0xc8e
 1022 0c4f 0F       		.uleb128 0xf
 1023 0c50 00000000 		.uaword	.LASF2
 1024 0c54 01       		.byte	0x1
 1025 0c55 E701     		.uahalf	0x1e7
 1026 0c57 8E0C0000 		.uaword	0xc8e
 1027 0c5b 02       		.byte	0x2
 1028 0c5c 23       		.byte	0x23
 1029 0c5d 00       		.uleb128 0
GAS Infineon TriCore Little Endian C:\\Users\\user1\\AppData\\Local\\Temp\\rta_RTAOS_638388406317960277_1736001\\cckQMOHm.s 			page 24


 1030 0c5e 0F       		.uleb128 0xf
 1031 0c5f 00000000 		.uaword	.LASF6
 1032 0c63 01       		.byte	0x1
 1033 0c64 E801     		.uahalf	0x1e8
 1034 0c66 93090000 		.uaword	0x993
 1035 0c6a 02       		.byte	0x2
 1036 0c6b 23       		.byte	0x23
 1037 0c6c 04       		.uleb128 0x4
 1038 0c6d 0E       		.uleb128 0xe
 1039 0c6e 696D6173 		.string	"imask"
 1039      6B00
 1040 0c74 01       		.byte	0x1
 1041 0c75 E901     		.uahalf	0x1e9
 1042 0c77 69070000 		.uaword	0x769
 1043 0c7b 02       		.byte	0x2
 1044 0c7c 23       		.byte	0x23
 1045 0c7d 08       		.uleb128 0x8
 1046 0c7e 0F       		.uleb128 0xf
 1047 0c7f 00000000 		.uaword	.LASF3
 1048 0c83 01       		.byte	0x1
 1049 0c84 EA01     		.uahalf	0x1ea
 1050 0c86 85010000 		.uaword	0x185
 1051 0c8a 02       		.byte	0x2
 1052 0c8b 23       		.byte	0x23
 1053 0c8c 0C       		.uleb128 0xc
 1054 0c8d 00       		.byte	0
 1055 0c8e 0A       		.uleb128 0xa
 1056 0c8f 930C0000 		.uaword	0xc93
 1057 0c93 08       		.uleb128 0x8
 1058 0c94 04       		.byte	0x4
 1059 0c95 190C0000 		.uaword	0xc19
 1060 0c99 0B       		.uleb128 0xb
 1061 0c9a 4F735F52 		.string	"Os_ResourceType"
 1061      65736F75 
 1061      72636554 
 1061      79706500 
 1062 0caa 01       		.byte	0x1
 1063 0cab EB01     		.uahalf	0x1eb
 1064 0cad 340C0000 		.uaword	0xc34
 1065 0cb1 0B       		.uleb128 0xb
 1066 0cb2 5265736F 		.string	"ResourceType"
 1066      75726365 
 1066      54797065 
 1066      00
 1067 0cbf 01       		.byte	0x1
 1068 0cc0 EC01     		.uahalf	0x1ec
 1069 0cc2 C60C0000 		.uaword	0xcc6
 1070 0cc6 08       		.uleb128 0x8
 1071 0cc7 04       		.byte	0x4
 1072 0cc8 CC0C0000 		.uaword	0xccc
 1073 0ccc 0A       		.uleb128 0xa
 1074 0ccd 990C0000 		.uaword	0xc99
 1075 0cd1 0B       		.uleb128 0xb
 1076 0cd2 4F535365 		.string	"OSServiceIdType"
 1076      72766963 
 1076      65496454 
 1076      79706500 
GAS Infineon TriCore Little Endian C:\\Users\\user1\\AppData\\Local\\Temp\\rta_RTAOS_638388406317960277_1736001\\cckQMOHm.s 			page 25


 1077 0ce2 01       		.byte	0x1
 1078 0ce3 5102     		.uahalf	0x251
 1079 0ce5 92010000 		.uaword	0x192
 1080 0ce9 0B       		.uleb128 0xb
 1081 0cea 4F735F42 		.string	"Os_BiggestType"
 1081      69676765 
 1081      73745479 
 1081      706500
 1082 0cf9 01       		.byte	0x1
 1083 0cfa 2503     		.uahalf	0x325
 1084 0cfc D5010000 		.uaword	0x1d5
 1085 0d00 13       		.uleb128 0x13
 1086 0d01 10       		.byte	0x10
 1087 0d02 01       		.byte	0x1
 1088 0d03 2703     		.uahalf	0x327
 1089 0d05 6E0D0000 		.uaword	0xd6e
 1090 0d09 0E       		.uleb128 0xe
 1091 0d0a 73657276 		.string	"service_id"
 1091      6963655F 
 1091      696400
 1092 0d15 01       		.byte	0x1
 1093 0d16 2803     		.uahalf	0x328
 1094 0d18 D10C0000 		.uaword	0xcd1
 1095 0d1c 02       		.byte	0x2
 1096 0d1d 23       		.byte	0x23
 1097 0d1e 00       		.uleb128 0
 1098 0d1f 0E       		.uleb128 0xe
 1099 0d20 73657276 		.string	"service_param1"
 1099      6963655F 
 1099      70617261 
 1099      6D3100
 1100 0d2f 01       		.byte	0x1
 1101 0d30 2903     		.uahalf	0x329
 1102 0d32 E90C0000 		.uaword	0xce9
 1103 0d36 02       		.byte	0x2
 1104 0d37 23       		.byte	0x23
 1105 0d38 04       		.uleb128 0x4
 1106 0d39 0E       		.uleb128 0xe
 1107 0d3a 73657276 		.string	"service_param2"
 1107      6963655F 
 1107      70617261 
 1107      6D3200
 1108 0d49 01       		.byte	0x1
 1109 0d4a 2A03     		.uahalf	0x32a
 1110 0d4c E90C0000 		.uaword	0xce9
 1111 0d50 02       		.byte	0x2
 1112 0d51 23       		.byte	0x23
 1113 0d52 08       		.uleb128 0x8
 1114 0d53 0E       		.uleb128 0xe
 1115 0d54 73657276 		.string	"service_param3"
 1115      6963655F 
 1115      70617261 
 1115      6D3300
 1116 0d63 01       		.byte	0x1
 1117 0d64 2B03     		.uahalf	0x32b
 1118 0d66 E90C0000 		.uaword	0xce9
 1119 0d6a 02       		.byte	0x2
GAS Infineon TriCore Little Endian C:\\Users\\user1\\AppData\\Local\\Temp\\rta_RTAOS_638388406317960277_1736001\\cckQMOHm.s 			page 26


 1120 0d6b 23       		.byte	0x23
 1121 0d6c 0C       		.uleb128 0xc
 1122 0d6d 00       		.byte	0
 1123 0d6e 0B       		.uleb128 0xb
 1124 0d6f 4F735F45 		.string	"Os_ErrorInformationType"
 1124      72726F72 
 1124      496E666F 
 1124      726D6174 
 1124      696F6E54 
 1125 0d87 01       		.byte	0x1
 1126 0d88 2C03     		.uahalf	0x32c
 1127 0d8a 000D0000 		.uaword	0xd00
 1128 0d8e 0B       		.uleb128 0xb
 1129 0d8f 4F735F4F 		.string	"Os_OrtiIdType"
 1129      72746949 
 1129      64547970 
 1129      6500
 1130 0d9d 01       		.byte	0x1
 1131 0d9e 3003     		.uahalf	0x330
 1132 0da0 92010000 		.uaword	0x192
 1133 0da4 0C       		.uleb128 0xc
 1134 0da5 54090000 		.uaword	0x954
 1135 0da9 0C       		.uleb128 0xc
 1136 0daa BC080000 		.uaword	0x8bc
 1137 0dae 0C       		.uleb128 0xc
 1138 0daf 760B0000 		.uaword	0xb76
 1139 0db3 0C       		.uleb128 0xc
 1140 0db4 93090000 		.uaword	0x993
 1141 0db8 0C       		.uleb128 0xc
 1142 0db9 48040000 		.uaword	0x448
 1143 0dbd 0C       		.uleb128 0xc
 1144 0dbe DE030000 		.uaword	0x3de
 1145 0dc2 0B       		.uleb128 0xb
 1146 0dc3 4F735F43 		.string	"Os_ControlledCoreType"
 1146      6F6E7472 
 1146      6F6C6C65 
 1146      64436F72 
 1146      65547970 
 1147 0dd9 01       		.byte	0x1
 1148 0dda 2404     		.uahalf	0x424
 1149 0ddc 94040000 		.uaword	0x494
 1150 0de0 0D       		.uleb128 0xd
 1151 0de1 4F735F41 		.string	"Os_AnyCoreType_s"
 1151      6E79436F 
 1151      72655479 
 1151      70655F73 
 1151      00
 1152 0df2 64       		.byte	0x64
 1153 0df3 01       		.byte	0x1
 1154 0df4 3204     		.uahalf	0x432
 1155 0df6 190F0000 		.uaword	0xf19
 1156 0dfa 0E       		.uleb128 0xe
 1157 0dfb 44697361 		.string	"DisableAllImask"
 1157      626C6541 
 1157      6C6C496D 
 1157      61736B00 
 1158 0e0b 01       		.byte	0x1
GAS Infineon TriCore Little Endian C:\\Users\\user1\\AppData\\Local\\Temp\\rta_RTAOS_638388406317960277_1736001\\cckQMOHm.s 			page 27


 1159 0e0c 3304     		.uahalf	0x433
 1160 0e0e 190F0000 		.uaword	0xf19
 1161 0e12 02       		.byte	0x2
 1162 0e13 23       		.byte	0x23
 1163 0e14 00       		.uleb128 0
 1164 0e15 0E       		.uleb128 0xe
 1165 0e16 53757370 		.string	"SuspendAllImask"
 1165      656E6441 
 1165      6C6C496D 
 1165      61736B00 
 1166 0e26 01       		.byte	0x1
 1167 0e27 3404     		.uahalf	0x434
 1168 0e29 190F0000 		.uaword	0xf19
 1169 0e2d 02       		.byte	0x2
 1170 0e2e 23       		.byte	0x23
 1171 0e2f 04       		.uleb128 0x4
 1172 0e30 0E       		.uleb128 0xe
 1173 0e31 53757370 		.string	"SuspendOSImask"
 1173      656E644F 
 1173      53496D61 
 1173      736B00
 1174 0e40 01       		.byte	0x1
 1175 0e41 3504     		.uahalf	0x435
 1176 0e43 190F0000 		.uaword	0xf19
 1177 0e47 02       		.byte	0x2
 1178 0e48 23       		.byte	0x23
 1179 0e49 08       		.uleb128 0x8
 1180 0e4a 0E       		.uleb128 0xe
 1181 0e4b 44697361 		.string	"DisableAllCount"
 1181      626C6541 
 1181      6C6C436F 
 1181      756E7400 
 1182 0e5b 01       		.byte	0x1
 1183 0e5c 3604     		.uahalf	0x436
 1184 0e5e 1E0F0000 		.uaword	0xf1e
 1185 0e62 02       		.byte	0x2
 1186 0e63 23       		.byte	0x23
 1187 0e64 0C       		.uleb128 0xc
 1188 0e65 0E       		.uleb128 0xe
 1189 0e66 53757370 		.string	"SuspendAllCount"
 1189      656E6441 
 1189      6C6C436F 
 1189      756E7400 
 1190 0e76 01       		.byte	0x1
 1191 0e77 3704     		.uahalf	0x437
 1192 0e79 1E0F0000 		.uaword	0xf1e
 1193 0e7d 02       		.byte	0x2
 1194 0e7e 23       		.byte	0x23
 1195 0e7f 10       		.uleb128 0x10
 1196 0e80 0E       		.uleb128 0xe
 1197 0e81 53757370 		.string	"SuspendOSCount"
 1197      656E644F 
 1197      53436F75 
 1197      6E7400
 1198 0e90 01       		.byte	0x1
 1199 0e91 3804     		.uahalf	0x438
 1200 0e93 1E0F0000 		.uaword	0xf1e
GAS Infineon TriCore Little Endian C:\\Users\\user1\\AppData\\Local\\Temp\\rta_RTAOS_638388406317960277_1736001\\cckQMOHm.s 			page 28


 1201 0e97 02       		.byte	0x2
 1202 0e98 23       		.byte	0x23
 1203 0e99 14       		.uleb128 0x14
 1204 0e9a 0E       		.uleb128 0xe
 1205 0e9b 4F727469 		.string	"OrtiApiID"
 1205      41706949 
 1205      4400
 1206 0ea5 01       		.byte	0x1
 1207 0ea6 3904     		.uahalf	0x439
 1208 0ea8 230F0000 		.uaword	0xf23
 1209 0eac 02       		.byte	0x2
 1210 0ead 23       		.byte	0x23
 1211 0eae 18       		.uleb128 0x18
 1212 0eaf 0E       		.uleb128 0xe
 1213 0eb0 4F727469 		.string	"OrtiLastError"
 1213      4C617374 
 1213      4572726F 
 1213      7200
 1214 0ebe 01       		.byte	0x1
 1215 0ebf 3A04     		.uahalf	0x43a
 1216 0ec1 55020000 		.uaword	0x255
 1217 0ec5 02       		.byte	0x2
 1218 0ec6 23       		.byte	0x23
 1219 0ec7 19       		.uleb128 0x19
 1220 0ec8 0E       		.uleb128 0xe
 1221 0ec9 52657374 		.string	"RestartJumpBuf"
 1221      6172744A 
 1221      756D7042 
 1221      756600
 1222 0ed8 01       		.byte	0x1
 1223 0ed9 3B04     		.uahalf	0x43b
 1224 0edb 07030000 		.uaword	0x307
 1225 0edf 02       		.byte	0x2
 1226 0ee0 23       		.byte	0x23
 1227 0ee1 1C       		.uleb128 0x1c
 1228 0ee2 0E       		.uleb128 0xe
 1229 0ee3 52657374 		.string	"Restartable"
 1229      61727461 
 1229      626C6500 
 1230 0eef 01       		.byte	0x1
 1231 0ef0 3C04     		.uahalf	0x43c
 1232 0ef2 46020000 		.uaword	0x246
 1233 0ef6 02       		.byte	0x2
 1234 0ef7 23       		.byte	0x23
 1235 0ef8 60       		.uleb128 0x60
 1236 0ef9 0E       		.uleb128 0xe
 1237 0efa 4C617374 		.string	"LastProtectionFault"
 1237      50726F74 
 1237      65637469 
 1237      6F6E4661 
 1237      756C7400 
 1238 0f0e 01       		.byte	0x1
 1239 0f0f 3D04     		.uahalf	0x43d
 1240 0f11 55020000 		.uaword	0x255
 1241 0f15 02       		.byte	0x2
 1242 0f16 23       		.byte	0x23
 1243 0f17 61       		.uleb128 0x61
GAS Infineon TriCore Little Endian C:\\Users\\user1\\AppData\\Local\\Temp\\rta_RTAOS_638388406317960277_1736001\\cckQMOHm.s 			page 29


 1244 0f18 00       		.byte	0
 1245 0f19 0C       		.uleb128 0xc
 1246 0f1a 69070000 		.uaword	0x769
 1247 0f1e 0C       		.uleb128 0xc
 1248 0f1f C7010000 		.uaword	0x1c7
 1249 0f23 0C       		.uleb128 0xc
 1250 0f24 8E0D0000 		.uaword	0xd8e
 1251 0f28 0B       		.uleb128 0xb
 1252 0f29 4F735F41 		.string	"Os_AnyCoreType"
 1252      6E79436F 
 1252      72655479 
 1252      706500
 1253 0f38 01       		.byte	0x1
 1254 0f39 3E04     		.uahalf	0x43e
 1255 0f3b E00D0000 		.uaword	0xde0
 1256 0f3f 0D       		.uleb128 0xd
 1257 0f40 4F735F43 		.string	"Os_CoreConfiguration_s"
 1257      6F726543 
 1257      6F6E6669 
 1257      67757261 
 1257      74696F6E 
 1258 0f57 18       		.byte	0x18
 1259 0f58 01       		.byte	0x1
 1260 0f59 4904     		.uahalf	0x449
 1261 0f5b D90F0000 		.uaword	0xfd9
 1262 0f5f 0E       		.uleb128 0xe
 1263 0f60 636F6E74 		.string	"controlled"
 1263      726F6C6C 
 1263      656400
 1264 0f6b 01       		.byte	0x1
 1265 0f6c 4A04     		.uahalf	0x44a
 1266 0f6e D90F0000 		.uaword	0xfd9
 1267 0f72 02       		.byte	0x2
 1268 0f73 23       		.byte	0x23
 1269 0f74 00       		.uleb128 0
 1270 0f75 0E       		.uleb128 0xe
 1271 0f76 616E7900 		.string	"any"
 1272 0f7a 01       		.byte	0x1
 1273 0f7b 4B04     		.uahalf	0x44b
 1274 0f7d E40F0000 		.uaword	0xfe4
 1275 0f81 02       		.byte	0x2
 1276 0f82 23       		.byte	0x23
 1277 0f83 04       		.uleb128 0x4
 1278 0f84 0E       		.uleb128 0xe
 1279 0f85 73746174 		.string	"state"
 1279      6500
 1280 0f8b 01       		.byte	0x1
 1281 0f8c 4C04     		.uahalf	0x44c
 1282 0f8e EF0F0000 		.uaword	0xfef
 1283 0f92 02       		.byte	0x2
 1284 0f93 23       		.byte	0x23
 1285 0f94 08       		.uleb128 0x8
 1286 0f95 0E       		.uleb128 0xe
 1287 0f96 64697370 		.string	"dispatch"
 1287      61746368 
 1287      00
 1288 0f9f 01       		.byte	0x1
GAS Infineon TriCore Little Endian C:\\Users\\user1\\AppData\\Local\\Temp\\rta_RTAOS_638388406317960277_1736001\\cckQMOHm.s 			page 30


 1289 0fa0 4D04     		.uahalf	0x44d
 1290 0fa2 B7030000 		.uaword	0x3b7
 1291 0fa6 02       		.byte	0x2
 1292 0fa7 23       		.byte	0x23
 1293 0fa8 0C       		.uleb128 0xc
 1294 0fa9 0E       		.uleb128 0xe
 1295 0faa 4F735F52 		.string	"Os_Res_Scheduler"
 1295      65735F53 
 1295      63686564 
 1295      756C6572 
 1295      00
 1296 0fbb 01       		.byte	0x1
 1297 0fbc 4E04     		.uahalf	0x44e
 1298 0fbe B10C0000 		.uaword	0xcb1
 1299 0fc2 02       		.byte	0x2
 1300 0fc3 23       		.byte	0x23
 1301 0fc4 10       		.uleb128 0x10
 1302 0fc5 0E       		.uleb128 0xe
 1303 0fc6 636F7265 		.string	"core_id"
 1303      5F696400 
 1304 0fce 01       		.byte	0x1
 1305 0fcf 4F04     		.uahalf	0x44f
 1306 0fd1 7C040000 		.uaword	0x47c
 1307 0fd5 02       		.byte	0x2
 1308 0fd6 23       		.byte	0x23
 1309 0fd7 14       		.uleb128 0x14
 1310 0fd8 00       		.byte	0
 1311 0fd9 0A       		.uleb128 0xa
 1312 0fda DE0F0000 		.uaword	0xfde
 1313 0fde 08       		.uleb128 0x8
 1314 0fdf 04       		.byte	0x4
 1315 0fe0 C20D0000 		.uaword	0xdc2
 1316 0fe4 0A       		.uleb128 0xa
 1317 0fe5 E90F0000 		.uaword	0xfe9
 1318 0fe9 08       		.uleb128 0x8
 1319 0fea 04       		.byte	0x4
 1320 0feb 280F0000 		.uaword	0xf28
 1321 0fef 0A       		.uleb128 0xa
 1322 0ff0 F40F0000 		.uaword	0xff4
 1323 0ff4 08       		.uleb128 0x8
 1324 0ff5 04       		.byte	0x4
 1325 0ff6 FA0F0000 		.uaword	0xffa
 1326 0ffa 0C       		.uleb128 0xc
 1327 0ffb 09040000 		.uaword	0x409
 1328 0fff 0B       		.uleb128 0xb
 1329 1000 4F735F43 		.string	"Os_CoreConfiguration"
 1329      6F726543 
 1329      6F6E6669 
 1329      67757261 
 1329      74696F6E 
 1330 1015 01       		.byte	0x1
 1331 1016 5004     		.uahalf	0x450
 1332 1018 3F0F0000 		.uaword	0xf3f
 1333 101c 14       		.uleb128 0x14
 1334 101d 01       		.byte	0x1
 1335 101e 4F735F43 		.string	"Os_CheckTaskMemoryAccess"
 1335      6865636B 
GAS Infineon TriCore Little Endian C:\\Users\\user1\\AppData\\Local\\Temp\\rta_RTAOS_638388406317960277_1736001\\cckQMOHm.s 			page 31


 1335      5461736B 
 1335      4D656D6F 
 1335      72794163 
 1336 1037 01       		.byte	0x1
 1337 1038 5705     		.uahalf	0x557
 1338 103a 01       		.byte	0x1
 1339 103b 92060000 		.uaword	0x692
 1340 103f 00000000 		.uaword	.LFB0
 1341 1043 00000000 		.uaword	.LFE0
 1342 1047 02       		.byte	0x2
 1343 1048 8A       		.byte	0x8a
 1344 1049 00       		.sleb128 0
 1345 104a 01       		.byte	0x1
 1346 104b 64110000 		.uaword	0x1164
 1347 104f 15       		.uleb128 0x15
 1348 1050 5461736B 		.string	"TaskID"
 1348      494400
 1349 1057 01       		.byte	0x1
 1350 1058 5705     		.uahalf	0x557
 1351 105a 760B0000 		.uaword	0xb76
 1352 105e 00000000 		.uaword	.LLST0
 1353 1062 15       		.uleb128 0x15
 1354 1063 41646472 		.string	"Address"
 1354      65737300 
 1355 106b 01       		.byte	0x1
 1356 106c 5705     		.uahalf	0x557
 1357 106e A5060000 		.uaword	0x6a5
 1358 1072 00000000 		.uaword	.LLST1
 1359 1076 15       		.uleb128 0x15
 1360 1077 53697A65 		.string	"Size"
 1360      00
 1361 107c 01       		.byte	0x1
 1362 107d 5705     		.uahalf	0x557
 1363 107f C4060000 		.uaword	0x6c4
 1364 1083 00000000 		.uaword	.LLST2
 1365 1087 16       		.uleb128 0x16
 1366 1088 6170695F 		.string	"api_retval"
 1366      72657476 
 1366      616C00
 1367 1093 01       		.byte	0x1
 1368 1094 5805     		.uahalf	0x558
 1369 1096 92060000 		.uaword	0x692
 1370 109a 00000000 		.uaword	.LLST3
 1371 109e 17       		.uleb128 0x17
 1372 109f 6F735F63 		.string	"os_current_core_const"
 1372      75727265 
 1372      6E745F63 
 1372      6F72655F 
 1372      636F6E73 
 1373 10b5 01       		.byte	0x1
 1374 10b6 5905     		.uahalf	0x559
 1375 10b8 64110000 		.uaword	0x1164
 1376 10bc 18       		.uleb128 0x18
 1377 10bd 6F735F63 		.string	"os_current_core"
 1377      75727265 
 1377      6E745F63 
 1377      6F726500 
GAS Infineon TriCore Little Endian C:\\Users\\user1\\AppData\\Local\\Temp\\rta_RTAOS_638388406317960277_1736001\\cckQMOHm.s 			page 32


 1378 10cd 01       		.byte	0x1
 1379 10ce 5A05     		.uahalf	0x55a
 1380 10d0 E90F0000 		.uaword	0xfe9
 1381 10d4 01       		.byte	0x1
 1382 10d5 6C       		.byte	0x6c
 1383 10d6 16       		.uleb128 0x16
 1384 10d7 70726576 		.string	"previous_tmask"
 1384      696F7573 
 1384      5F746D61 
 1384      736B00
 1385 10e6 01       		.byte	0x1
 1386 10e7 5B05     		.uahalf	0x55b
 1387 10e9 F5030000 		.uaword	0x3f5
 1388 10ed 00000000 		.uaword	.LLST4
 1389 10f1 19       		.uleb128 0x19
 1390 10f2 00000000 		.uaword	.LBB2
 1391 10f6 00000000 		.uaword	.LBE2
 1392 10fa 0F110000 		.uaword	0x110f
 1393 10fe 16       		.uleb128 0x16
 1394 10ff 72657300 		.string	"res"
 1395 1103 01       		.byte	0x1
 1396 1104 5905     		.uahalf	0x559
 1397 1106 D5010000 		.uaword	0x1d5
 1398 110a 00000000 		.uaword	.LLST5
 1399 110e 00       		.byte	0
 1400 110f 19       		.uleb128 0x19
 1401 1110 00000000 		.uaword	.LBB3
 1402 1114 00000000 		.uaword	.LBE3
 1403 1118 2D110000 		.uaword	0x112d
 1404 111c 16       		.uleb128 0x16
 1405 111d 72657300 		.string	"res"
 1406 1121 01       		.byte	0x1
 1407 1122 5B05     		.uahalf	0x55b
 1408 1124 D5010000 		.uaword	0x1d5
 1409 1128 00000000 		.uaword	.LLST4
 1410 112c 00       		.byte	0
 1411 112d 1A       		.uleb128 0x1a
 1412 112e 00000000 		.uaword	.LVL6
 1413 1132 A4110000 		.uaword	0x11a4
 1414 1136 41110000 		.uaword	0x1141
 1415 113a 1B       		.uleb128 0x1b
 1416 113b 01       		.byte	0x1
 1417 113c 64       		.byte	0x64
 1418 113d 02       		.byte	0x2
 1419 113e 8F       		.byte	0x8f
 1420 113f 00       		.sleb128 0
 1421 1140 00       		.byte	0
 1422 1141 1C       		.uleb128 0x1c
 1423 1142 00000000 		.uaword	.LVL7
 1424 1146 C8110000 		.uaword	0x11c8
 1425 114a 1B       		.uleb128 0x1b
 1426 114b 01       		.byte	0x1
 1427 114c 55       		.byte	0x55
 1428 114d 02       		.byte	0x2
 1429 114e 78       		.byte	0x78
 1430 114f 00       		.sleb128 0
 1431 1150 1B       		.uleb128 0x1b
GAS Infineon TriCore Little Endian C:\\Users\\user1\\AppData\\Local\\Temp\\rta_RTAOS_638388406317960277_1736001\\cckQMOHm.s 			page 33


 1432 1151 01       		.byte	0x1
 1433 1152 66       		.byte	0x66
 1434 1153 02       		.byte	0x2
 1435 1154 8D       		.byte	0x8d
 1436 1155 00       		.sleb128 0
 1437 1156 1B       		.uleb128 0x1b
 1438 1157 01       		.byte	0x1
 1439 1158 65       		.byte	0x65
 1440 1159 02       		.byte	0x2
 1441 115a 7F       		.byte	0x7f
 1442 115b 00       		.sleb128 0
 1443 115c 1B       		.uleb128 0x1b
 1444 115d 01       		.byte	0x1
 1445 115e 64       		.byte	0x64
 1446 115f 02       		.byte	0x2
 1447 1160 8F       		.byte	0x8f
 1448 1161 00       		.sleb128 0
 1449 1162 00       		.byte	0
 1450 1163 00       		.byte	0
 1451 1164 08       		.uleb128 0x8
 1452 1165 04       		.byte	0x4
 1453 1166 6A110000 		.uaword	0x116a
 1454 116a 0A       		.uleb128 0xa
 1455 116b FF0F0000 		.uaword	0xfff
 1456 116f 06       		.uleb128 0x6
 1457 1170 FF0F0000 		.uaword	0xfff
 1458 1174 7A110000 		.uaword	0x117a
 1459 1178 1D       		.uleb128 0x1d
 1460 1179 00       		.byte	0
 1461 117a 1E       		.uleb128 0x1e
 1462 117b 4F735F63 		.string	"Os_const_coreconfiguration"
 1462      6F6E7374 
 1462      5F636F72 
 1462      65636F6E 
 1462      66696775 
 1463 1196 01       		.byte	0x1
 1464 1197 6A04     		.uahalf	0x46a
 1465 1199 9F110000 		.uaword	0x119f
 1466 119d 01       		.byte	0x1
 1467 119e 01       		.byte	0x1
 1468 119f 0A       		.uleb128 0xa
 1469 11a0 6F110000 		.uaword	0x116f
 1470 11a4 1F       		.uleb128 0x1f
 1471 11a5 01       		.byte	0x1
 1472 11a6 4F735F49 		.string	"Os_IsTaskValid"
 1472      73546173 
 1472      6B56616C 
 1472      696400
 1473 11b5 01       		.byte	0x1
 1474 11b6 4105     		.uahalf	0x541
 1475 11b8 01       		.byte	0x1
 1476 11b9 46020000 		.uaword	0x246
 1477 11bd 01       		.byte	0x1
 1478 11be C8110000 		.uaword	0x11c8
 1479 11c2 20       		.uleb128 0x20
 1480 11c3 760B0000 		.uaword	0xb76
 1481 11c7 00       		.byte	0
GAS Infineon TriCore Little Endian C:\\Users\\user1\\AppData\\Local\\Temp\\rta_RTAOS_638388406317960277_1736001\\cckQMOHm.s 			page 34


 1482 11c8 21       		.uleb128 0x21
 1483 11c9 01       		.byte	0x1
 1484 11ca 4F735F43 		.string	"Os_Cbk_CheckMemoryAccess"
 1484      626B5F43 
 1484      6865636B 
 1484      4D656D6F 
 1484      72794163 
 1485 11e3 01       		.byte	0x1
 1486 11e4 8D04     		.uahalf	0x48d
 1487 11e6 01       		.byte	0x1
 1488 11e7 92060000 		.uaword	0x692
 1489 11eb 01       		.byte	0x1
 1490 11ec 20       		.uleb128 0x20
 1491 11ed DE030000 		.uaword	0x3de
 1492 11f1 20       		.uleb128 0x20
 1493 11f2 760B0000 		.uaword	0xb76
 1494 11f6 20       		.uleb128 0x20
 1495 11f7 BC080000 		.uaword	0x8bc
 1496 11fb 20       		.uleb128 0x20
 1497 11fc A5060000 		.uaword	0x6a5
 1498 1200 20       		.uleb128 0x20
 1499 1201 C4060000 		.uaword	0x6c4
 1500 1205 00       		.byte	0
 1501 1206 00       		.byte	0
 1502              	.section .debug_abbrev,"",@progbits
 1503              	.Ldebug_abbrev0:
 1504 0000 01       		.uleb128 0x1
 1505 0001 11       		.uleb128 0x11
 1506 0002 01       		.byte	0x1
 1507 0003 25       		.uleb128 0x25
 1508 0004 08       		.uleb128 0x8
 1509 0005 13       		.uleb128 0x13
 1510 0006 0B       		.uleb128 0xb
 1511 0007 03       		.uleb128 0x3
 1512 0008 08       		.uleb128 0x8
 1513 0009 55       		.uleb128 0x55
 1514 000a 06       		.uleb128 0x6
 1515 000b 11       		.uleb128 0x11
 1516 000c 01       		.uleb128 0x1
 1517 000d 52       		.uleb128 0x52
 1518 000e 01       		.uleb128 0x1
 1519 000f 10       		.uleb128 0x10
 1520 0010 06       		.uleb128 0x6
 1521 0011 00       		.byte	0
 1522 0012 00       		.byte	0
 1523 0013 02       		.uleb128 0x2
 1524 0014 16       		.uleb128 0x16
 1525 0015 00       		.byte	0
 1526 0016 03       		.uleb128 0x3
 1527 0017 08       		.uleb128 0x8
 1528 0018 3A       		.uleb128 0x3a
 1529 0019 0B       		.uleb128 0xb
 1530 001a 3B       		.uleb128 0x3b
 1531 001b 0B       		.uleb128 0xb
 1532 001c 49       		.uleb128 0x49
 1533 001d 13       		.uleb128 0x13
 1534 001e 00       		.byte	0
GAS Infineon TriCore Little Endian C:\\Users\\user1\\AppData\\Local\\Temp\\rta_RTAOS_638388406317960277_1736001\\cckQMOHm.s 			page 35


 1535 001f 00       		.byte	0
 1536 0020 03       		.uleb128 0x3
 1537 0021 24       		.uleb128 0x24
 1538 0022 00       		.byte	0
 1539 0023 0B       		.uleb128 0xb
 1540 0024 0B       		.uleb128 0xb
 1541 0025 3E       		.uleb128 0x3e
 1542 0026 0B       		.uleb128 0xb
 1543 0027 03       		.uleb128 0x3
 1544 0028 08       		.uleb128 0x8
 1545 0029 00       		.byte	0
 1546 002a 00       		.byte	0
 1547 002b 04       		.uleb128 0x4
 1548 002c 13       		.uleb128 0x13
 1549 002d 01       		.byte	0x1
 1550 002e 0B       		.uleb128 0xb
 1551 002f 0B       		.uleb128 0xb
 1552 0030 3A       		.uleb128 0x3a
 1553 0031 0B       		.uleb128 0xb
 1554 0032 3B       		.uleb128 0x3b
 1555 0033 0B       		.uleb128 0xb
 1556 0034 01       		.uleb128 0x1
 1557 0035 13       		.uleb128 0x13
 1558 0036 00       		.byte	0
 1559 0037 00       		.byte	0
 1560 0038 05       		.uleb128 0x5
 1561 0039 0D       		.uleb128 0xd
 1562 003a 00       		.byte	0
 1563 003b 03       		.uleb128 0x3
 1564 003c 08       		.uleb128 0x8
 1565 003d 3A       		.uleb128 0x3a
 1566 003e 0B       		.uleb128 0xb
 1567 003f 3B       		.uleb128 0x3b
 1568 0040 0B       		.uleb128 0xb
 1569 0041 49       		.uleb128 0x49
 1570 0042 13       		.uleb128 0x13
 1571 0043 38       		.uleb128 0x38
 1572 0044 0A       		.uleb128 0xa
 1573 0045 00       		.byte	0
 1574 0046 00       		.byte	0
 1575 0047 06       		.uleb128 0x6
 1576 0048 01       		.uleb128 0x1
 1577 0049 01       		.byte	0x1
 1578 004a 49       		.uleb128 0x49
 1579 004b 13       		.uleb128 0x13
 1580 004c 01       		.uleb128 0x1
 1581 004d 13       		.uleb128 0x13
 1582 004e 00       		.byte	0
 1583 004f 00       		.byte	0
 1584 0050 07       		.uleb128 0x7
 1585 0051 21       		.uleb128 0x21
 1586 0052 00       		.byte	0
 1587 0053 49       		.uleb128 0x49
 1588 0054 13       		.uleb128 0x13
 1589 0055 2F       		.uleb128 0x2f
 1590 0056 0B       		.uleb128 0xb
 1591 0057 00       		.byte	0
GAS Infineon TriCore Little Endian C:\\Users\\user1\\AppData\\Local\\Temp\\rta_RTAOS_638388406317960277_1736001\\cckQMOHm.s 			page 36


 1592 0058 00       		.byte	0
 1593 0059 08       		.uleb128 0x8
 1594 005a 0F       		.uleb128 0xf
 1595 005b 00       		.byte	0
 1596 005c 0B       		.uleb128 0xb
 1597 005d 0B       		.uleb128 0xb
 1598 005e 49       		.uleb128 0x49
 1599 005f 13       		.uleb128 0x13
 1600 0060 00       		.byte	0
 1601 0061 00       		.byte	0
 1602 0062 09       		.uleb128 0x9
 1603 0063 15       		.uleb128 0x15
 1604 0064 00       		.byte	0
 1605 0065 27       		.uleb128 0x27
 1606 0066 0C       		.uleb128 0xc
 1607 0067 00       		.byte	0
 1608 0068 00       		.byte	0
 1609 0069 0A       		.uleb128 0xa
 1610 006a 26       		.uleb128 0x26
 1611 006b 00       		.byte	0
 1612 006c 49       		.uleb128 0x49
 1613 006d 13       		.uleb128 0x13
 1614 006e 00       		.byte	0
 1615 006f 00       		.byte	0
 1616 0070 0B       		.uleb128 0xb
 1617 0071 16       		.uleb128 0x16
 1618 0072 00       		.byte	0
 1619 0073 03       		.uleb128 0x3
 1620 0074 08       		.uleb128 0x8
 1621 0075 3A       		.uleb128 0x3a
 1622 0076 0B       		.uleb128 0xb
 1623 0077 3B       		.uleb128 0x3b
 1624 0078 05       		.uleb128 0x5
 1625 0079 49       		.uleb128 0x49
 1626 007a 13       		.uleb128 0x13
 1627 007b 00       		.byte	0
 1628 007c 00       		.byte	0
 1629 007d 0C       		.uleb128 0xc
 1630 007e 35       		.uleb128 0x35
 1631 007f 00       		.byte	0
 1632 0080 49       		.uleb128 0x49
 1633 0081 13       		.uleb128 0x13
 1634 0082 00       		.byte	0
 1635 0083 00       		.byte	0
 1636 0084 0D       		.uleb128 0xd
 1637 0085 13       		.uleb128 0x13
 1638 0086 01       		.byte	0x1
 1639 0087 03       		.uleb128 0x3
 1640 0088 08       		.uleb128 0x8
 1641 0089 0B       		.uleb128 0xb
 1642 008a 0B       		.uleb128 0xb
 1643 008b 3A       		.uleb128 0x3a
 1644 008c 0B       		.uleb128 0xb
 1645 008d 3B       		.uleb128 0x3b
 1646 008e 05       		.uleb128 0x5
 1647 008f 01       		.uleb128 0x1
 1648 0090 13       		.uleb128 0x13
GAS Infineon TriCore Little Endian C:\\Users\\user1\\AppData\\Local\\Temp\\rta_RTAOS_638388406317960277_1736001\\cckQMOHm.s 			page 37


 1649 0091 00       		.byte	0
 1650 0092 00       		.byte	0
 1651 0093 0E       		.uleb128 0xe
 1652 0094 0D       		.uleb128 0xd
 1653 0095 00       		.byte	0
 1654 0096 03       		.uleb128 0x3
 1655 0097 08       		.uleb128 0x8
 1656 0098 3A       		.uleb128 0x3a
 1657 0099 0B       		.uleb128 0xb
 1658 009a 3B       		.uleb128 0x3b
 1659 009b 05       		.uleb128 0x5
 1660 009c 49       		.uleb128 0x49
 1661 009d 13       		.uleb128 0x13
 1662 009e 38       		.uleb128 0x38
 1663 009f 0A       		.uleb128 0xa
 1664 00a0 00       		.byte	0
 1665 00a1 00       		.byte	0
 1666 00a2 0F       		.uleb128 0xf
 1667 00a3 0D       		.uleb128 0xd
 1668 00a4 00       		.byte	0
 1669 00a5 03       		.uleb128 0x3
 1670 00a6 0E       		.uleb128 0xe
 1671 00a7 3A       		.uleb128 0x3a
 1672 00a8 0B       		.uleb128 0xb
 1673 00a9 3B       		.uleb128 0x3b
 1674 00aa 05       		.uleb128 0x5
 1675 00ab 49       		.uleb128 0x49
 1676 00ac 13       		.uleb128 0x13
 1677 00ad 38       		.uleb128 0x38
 1678 00ae 0A       		.uleb128 0xa
 1679 00af 00       		.byte	0
 1680 00b0 00       		.byte	0
 1681 00b1 10       		.uleb128 0x10
 1682 00b2 17       		.uleb128 0x17
 1683 00b3 01       		.byte	0x1
 1684 00b4 0B       		.uleb128 0xb
 1685 00b5 0B       		.uleb128 0xb
 1686 00b6 3A       		.uleb128 0x3a
 1687 00b7 0B       		.uleb128 0xb
 1688 00b8 3B       		.uleb128 0x3b
 1689 00b9 05       		.uleb128 0x5
 1690 00ba 01       		.uleb128 0x1
 1691 00bb 13       		.uleb128 0x13
 1692 00bc 00       		.byte	0
 1693 00bd 00       		.byte	0
 1694 00be 11       		.uleb128 0x11
 1695 00bf 0D       		.uleb128 0xd
 1696 00c0 00       		.byte	0
 1697 00c1 03       		.uleb128 0x3
 1698 00c2 08       		.uleb128 0x8
 1699 00c3 3A       		.uleb128 0x3a
 1700 00c4 0B       		.uleb128 0xb
 1701 00c5 3B       		.uleb128 0x3b
 1702 00c6 05       		.uleb128 0x5
 1703 00c7 49       		.uleb128 0x49
 1704 00c8 13       		.uleb128 0x13
 1705 00c9 00       		.byte	0
GAS Infineon TriCore Little Endian C:\\Users\\user1\\AppData\\Local\\Temp\\rta_RTAOS_638388406317960277_1736001\\cckQMOHm.s 			page 38


 1706 00ca 00       		.byte	0
 1707 00cb 12       		.uleb128 0x12
 1708 00cc 0D       		.uleb128 0xd
 1709 00cd 00       		.byte	0
 1710 00ce 03       		.uleb128 0x3
 1711 00cf 0E       		.uleb128 0xe
 1712 00d0 3A       		.uleb128 0x3a
 1713 00d1 0B       		.uleb128 0xb
 1714 00d2 3B       		.uleb128 0x3b
 1715 00d3 05       		.uleb128 0x5
 1716 00d4 49       		.uleb128 0x49
 1717 00d5 13       		.uleb128 0x13
 1718 00d6 00       		.byte	0
 1719 00d7 00       		.byte	0
 1720 00d8 13       		.uleb128 0x13
 1721 00d9 13       		.uleb128 0x13
 1722 00da 01       		.byte	0x1
 1723 00db 0B       		.uleb128 0xb
 1724 00dc 0B       		.uleb128 0xb
 1725 00dd 3A       		.uleb128 0x3a
 1726 00de 0B       		.uleb128 0xb
 1727 00df 3B       		.uleb128 0x3b
 1728 00e0 05       		.uleb128 0x5
 1729 00e1 01       		.uleb128 0x1
 1730 00e2 13       		.uleb128 0x13
 1731 00e3 00       		.byte	0
 1732 00e4 00       		.byte	0
 1733 00e5 14       		.uleb128 0x14
 1734 00e6 2E       		.uleb128 0x2e
 1735 00e7 01       		.byte	0x1
 1736 00e8 3F       		.uleb128 0x3f
 1737 00e9 0C       		.uleb128 0xc
 1738 00ea 03       		.uleb128 0x3
 1739 00eb 08       		.uleb128 0x8
 1740 00ec 3A       		.uleb128 0x3a
 1741 00ed 0B       		.uleb128 0xb
 1742 00ee 3B       		.uleb128 0x3b
 1743 00ef 05       		.uleb128 0x5
 1744 00f0 27       		.uleb128 0x27
 1745 00f1 0C       		.uleb128 0xc
 1746 00f2 49       		.uleb128 0x49
 1747 00f3 13       		.uleb128 0x13
 1748 00f4 11       		.uleb128 0x11
 1749 00f5 01       		.uleb128 0x1
 1750 00f6 12       		.uleb128 0x12
 1751 00f7 01       		.uleb128 0x1
 1752 00f8 40       		.uleb128 0x40
 1753 00f9 0A       		.uleb128 0xa
 1754 00fa 9742     		.uleb128 0x2117
 1755 00fc 0C       		.uleb128 0xc
 1756 00fd 01       		.uleb128 0x1
 1757 00fe 13       		.uleb128 0x13
 1758 00ff 00       		.byte	0
 1759 0100 00       		.byte	0
 1760 0101 15       		.uleb128 0x15
 1761 0102 05       		.uleb128 0x5
 1762 0103 00       		.byte	0
GAS Infineon TriCore Little Endian C:\\Users\\user1\\AppData\\Local\\Temp\\rta_RTAOS_638388406317960277_1736001\\cckQMOHm.s 			page 39


 1763 0104 03       		.uleb128 0x3
 1764 0105 08       		.uleb128 0x8
 1765 0106 3A       		.uleb128 0x3a
 1766 0107 0B       		.uleb128 0xb
 1767 0108 3B       		.uleb128 0x3b
 1768 0109 05       		.uleb128 0x5
 1769 010a 49       		.uleb128 0x49
 1770 010b 13       		.uleb128 0x13
 1771 010c 02       		.uleb128 0x2
 1772 010d 06       		.uleb128 0x6
 1773 010e 00       		.byte	0
 1774 010f 00       		.byte	0
 1775 0110 16       		.uleb128 0x16
 1776 0111 34       		.uleb128 0x34
 1777 0112 00       		.byte	0
 1778 0113 03       		.uleb128 0x3
 1779 0114 08       		.uleb128 0x8
 1780 0115 3A       		.uleb128 0x3a
 1781 0116 0B       		.uleb128 0xb
 1782 0117 3B       		.uleb128 0x3b
 1783 0118 05       		.uleb128 0x5
 1784 0119 49       		.uleb128 0x49
 1785 011a 13       		.uleb128 0x13
 1786 011b 02       		.uleb128 0x2
 1787 011c 06       		.uleb128 0x6
 1788 011d 00       		.byte	0
 1789 011e 00       		.byte	0
 1790 011f 17       		.uleb128 0x17
 1791 0120 34       		.uleb128 0x34
 1792 0121 00       		.byte	0
 1793 0122 03       		.uleb128 0x3
 1794 0123 08       		.uleb128 0x8
 1795 0124 3A       		.uleb128 0x3a
 1796 0125 0B       		.uleb128 0xb
 1797 0126 3B       		.uleb128 0x3b
 1798 0127 05       		.uleb128 0x5
 1799 0128 49       		.uleb128 0x49
 1800 0129 13       		.uleb128 0x13
 1801 012a 00       		.byte	0
 1802 012b 00       		.byte	0
 1803 012c 18       		.uleb128 0x18
 1804 012d 34       		.uleb128 0x34
 1805 012e 00       		.byte	0
 1806 012f 03       		.uleb128 0x3
 1807 0130 08       		.uleb128 0x8
 1808 0131 3A       		.uleb128 0x3a
 1809 0132 0B       		.uleb128 0xb
 1810 0133 3B       		.uleb128 0x3b
 1811 0134 05       		.uleb128 0x5
 1812 0135 49       		.uleb128 0x49
 1813 0136 13       		.uleb128 0x13
 1814 0137 02       		.uleb128 0x2
 1815 0138 0A       		.uleb128 0xa
 1816 0139 00       		.byte	0
 1817 013a 00       		.byte	0
 1818 013b 19       		.uleb128 0x19
 1819 013c 0B       		.uleb128 0xb
GAS Infineon TriCore Little Endian C:\\Users\\user1\\AppData\\Local\\Temp\\rta_RTAOS_638388406317960277_1736001\\cckQMOHm.s 			page 40


 1820 013d 01       		.byte	0x1
 1821 013e 11       		.uleb128 0x11
 1822 013f 01       		.uleb128 0x1
 1823 0140 12       		.uleb128 0x12
 1824 0141 01       		.uleb128 0x1
 1825 0142 01       		.uleb128 0x1
 1826 0143 13       		.uleb128 0x13
 1827 0144 00       		.byte	0
 1828 0145 00       		.byte	0
 1829 0146 1A       		.uleb128 0x1a
 1830 0147 898201   		.uleb128 0x4109
 1831 014a 01       		.byte	0x1
 1832 014b 11       		.uleb128 0x11
 1833 014c 01       		.uleb128 0x1
 1834 014d 31       		.uleb128 0x31
 1835 014e 13       		.uleb128 0x13
 1836 014f 01       		.uleb128 0x1
 1837 0150 13       		.uleb128 0x13
 1838 0151 00       		.byte	0
 1839 0152 00       		.byte	0
 1840 0153 1B       		.uleb128 0x1b
 1841 0154 8A8201   		.uleb128 0x410a
 1842 0157 00       		.byte	0
 1843 0158 02       		.uleb128 0x2
 1844 0159 0A       		.uleb128 0xa
 1845 015a 9142     		.uleb128 0x2111
 1846 015c 0A       		.uleb128 0xa
 1847 015d 00       		.byte	0
 1848 015e 00       		.byte	0
 1849 015f 1C       		.uleb128 0x1c
 1850 0160 898201   		.uleb128 0x4109
 1851 0163 01       		.byte	0x1
 1852 0164 11       		.uleb128 0x11
 1853 0165 01       		.uleb128 0x1
 1854 0166 31       		.uleb128 0x31
 1855 0167 13       		.uleb128 0x13
 1856 0168 00       		.byte	0
 1857 0169 00       		.byte	0
 1858 016a 1D       		.uleb128 0x1d
 1859 016b 21       		.uleb128 0x21
 1860 016c 00       		.byte	0
 1861 016d 00       		.byte	0
 1862 016e 00       		.byte	0
 1863 016f 1E       		.uleb128 0x1e
 1864 0170 34       		.uleb128 0x34
 1865 0171 00       		.byte	0
 1866 0172 03       		.uleb128 0x3
 1867 0173 08       		.uleb128 0x8
 1868 0174 3A       		.uleb128 0x3a
 1869 0175 0B       		.uleb128 0xb
 1870 0176 3B       		.uleb128 0x3b
 1871 0177 05       		.uleb128 0x5
 1872 0178 49       		.uleb128 0x49
 1873 0179 13       		.uleb128 0x13
 1874 017a 3F       		.uleb128 0x3f
 1875 017b 0C       		.uleb128 0xc
 1876 017c 3C       		.uleb128 0x3c
GAS Infineon TriCore Little Endian C:\\Users\\user1\\AppData\\Local\\Temp\\rta_RTAOS_638388406317960277_1736001\\cckQMOHm.s 			page 41


 1877 017d 0C       		.uleb128 0xc
 1878 017e 00       		.byte	0
 1879 017f 00       		.byte	0
 1880 0180 1F       		.uleb128 0x1f
 1881 0181 2E       		.uleb128 0x2e
 1882 0182 01       		.byte	0x1
 1883 0183 3F       		.uleb128 0x3f
 1884 0184 0C       		.uleb128 0xc
 1885 0185 03       		.uleb128 0x3
 1886 0186 08       		.uleb128 0x8
 1887 0187 3A       		.uleb128 0x3a
 1888 0188 0B       		.uleb128 0xb
 1889 0189 3B       		.uleb128 0x3b
 1890 018a 05       		.uleb128 0x5
 1891 018b 27       		.uleb128 0x27
 1892 018c 0C       		.uleb128 0xc
 1893 018d 49       		.uleb128 0x49
 1894 018e 13       		.uleb128 0x13
 1895 018f 3C       		.uleb128 0x3c
 1896 0190 0C       		.uleb128 0xc
 1897 0191 01       		.uleb128 0x1
 1898 0192 13       		.uleb128 0x13
 1899 0193 00       		.byte	0
 1900 0194 00       		.byte	0
 1901 0195 20       		.uleb128 0x20
 1902 0196 05       		.uleb128 0x5
 1903 0197 00       		.byte	0
 1904 0198 49       		.uleb128 0x49
 1905 0199 13       		.uleb128 0x13
 1906 019a 00       		.byte	0
 1907 019b 00       		.byte	0
 1908 019c 21       		.uleb128 0x21
 1909 019d 2E       		.uleb128 0x2e
 1910 019e 01       		.byte	0x1
 1911 019f 3F       		.uleb128 0x3f
 1912 01a0 0C       		.uleb128 0xc
 1913 01a1 03       		.uleb128 0x3
 1914 01a2 08       		.uleb128 0x8
 1915 01a3 3A       		.uleb128 0x3a
 1916 01a4 0B       		.uleb128 0xb
 1917 01a5 3B       		.uleb128 0x3b
 1918 01a6 05       		.uleb128 0x5
 1919 01a7 27       		.uleb128 0x27
 1920 01a8 0C       		.uleb128 0xc
 1921 01a9 49       		.uleb128 0x49
 1922 01aa 13       		.uleb128 0x13
 1923 01ab 3C       		.uleb128 0x3c
 1924 01ac 0C       		.uleb128 0xc
 1925 01ad 00       		.byte	0
 1926 01ae 00       		.byte	0
 1927 01af 00       		.byte	0
 1928              	.section .debug_loc,"",@progbits
 1929              	.Ldebug_loc0:
 1930              	.LLST0:
 1931 0000 00000000 		.uaword	.LVL0
 1932 0004 00000000 		.uaword	.LVL5
 1933 0008 0100     		.uahalf	0x1
GAS Infineon TriCore Little Endian C:\\Users\\user1\\AppData\\Local\\Temp\\rta_RTAOS_638388406317960277_1736001\\cckQMOHm.s 			page 42


 1934 000a 64       		.byte	0x64
 1935 000b 00000000 		.uaword	.LVL5
 1936 000f 00000000 		.uaword	.LFE0
 1937 0013 0100     		.uahalf	0x1
 1938 0015 6F       		.byte	0x6f
 1939 0016 00000000 		.uaword	0
 1940 001a 00000000 		.uaword	0
 1941              	.LLST1:
 1942 001e 00000000 		.uaword	.LVL0
 1943 0022 00000000 		.uaword	.LVL6-1
 1944 0026 0100     		.uahalf	0x1
 1945 0028 65       		.byte	0x65
 1946 0029 00000000 		.uaword	.LVL6-1
 1947 002d 00000000 		.uaword	.LFE0
 1948 0031 0100     		.uahalf	0x1
 1949 0033 6D       		.byte	0x6d
 1950 0034 00000000 		.uaword	0
 1951 0038 00000000 		.uaword	0
 1952              	.LLST2:
 1953 003c 00000000 		.uaword	.LVL0
 1954 0040 00000000 		.uaword	.LVL6-1
 1955 0044 0100     		.uahalf	0x1
 1956 0046 54       		.byte	0x54
 1957 0047 00000000 		.uaword	.LVL6-1
 1958 004b 00000000 		.uaword	.LFE0
 1959 004f 0100     		.uahalf	0x1
 1960 0051 58       		.byte	0x58
 1961 0052 00000000 		.uaword	0
 1962 0056 00000000 		.uaword	0
 1963              	.LLST3:
 1964 005a 00000000 		.uaword	.LVL0
 1965 005e 00000000 		.uaword	.LVL8
 1966 0062 0200     		.uahalf	0x2
 1967 0064 30       		.byte	0x30
 1968 0065 9F       		.byte	0x9f
 1969 0066 00000000 		.uaword	.LVL8
 1970 006a 00000000 		.uaword	.LFE0
 1971 006e 0100     		.uahalf	0x1
 1972 0070 5F       		.byte	0x5f
 1973 0071 00000000 		.uaword	0
 1974 0075 00000000 		.uaword	0
 1975              	.LLST4:
 1976 0079 00000000 		.uaword	.LVL3
 1977 007d 00000000 		.uaword	.LVL4
 1978 0081 0100     		.uahalf	0x1
 1979 0083 5F       		.byte	0x5f
 1980 0084 00000000 		.uaword	0
 1981 0088 00000000 		.uaword	0
 1982              	.LLST5:
 1983 008c 00000000 		.uaword	.LVL1
 1984 0090 00000000 		.uaword	.LVL3
 1985 0094 0100     		.uahalf	0x1
 1986 0096 5F       		.byte	0x5f
 1987 0097 00000000 		.uaword	0
 1988 009b 00000000 		.uaword	0
 1989              	.section .debug_aranges,"",@progbits
 1990 0000 1C000000 		.uaword	0x1c
GAS Infineon TriCore Little Endian C:\\Users\\user1\\AppData\\Local\\Temp\\rta_RTAOS_638388406317960277_1736001\\cckQMOHm.s 			page 43


 1991 0004 0200     		.uahalf	0x2
 1992 0006 00000000 		.uaword	.Ldebug_info0
 1993 000a 04       		.byte	0x4
 1994 000b 00       		.byte	0
 1995 000c 0000     		.uahalf	0
 1996 000e 0000     		.uahalf	0
 1997 0010 00000000 		.uaword	.LFB0
 1998 0014 56000000 		.uaword	.LFE0-.LFB0
 1999 0018 00000000 		.uaword	0
 2000 001c 00000000 		.uaword	0
 2001              	.section .debug_ranges,"",@progbits
 2002              	.Ldebug_ranges0:
 2003 0000 00000000 		.uaword	.LFB0
 2004 0004 00000000 		.uaword	.LFE0
 2005 0008 00000000 		.uaword	0
 2006 000c 00000000 		.uaword	0
 2007              	.section .debug_line,"",@progbits
 2008              	.Ldebug_line0:
 2009 0000 46010000 	.section .debug_str,"",@progbits
 2009      02001B01 
 2009      00000201 
 2009      FB0E0D00 
 2009      01010101 
 2010              	.LASF4:
 2011 0000 6170706C 		.string	"application"
 2011      69636174 
 2011      696F6E00 
 2012              	.LASF2:
 2013 000c 64796E61 		.string	"dynamic"
 2013      6D696300 
 2014              	.LASF5:
 2015 0014 61637469 		.string	"activation_count"
 2015      76617469 
 2015      6F6E5F63 
 2015      6F756E74 
 2015      00
 2016              	.LASF6:
 2017 0025 74706D61 		.string	"tpmask"
 2017      736B00
 2018              	.LASF1:
 2019 002c 656E7472 		.string	"entry_function"
 2019      795F6675 
 2019      6E637469 
 2019      6F6E00
 2020              	.LASF3:
 2021 003b 61636365 		.string	"access"
 2021      737300
 2022              	.LASF0:
 2023 0042 7265736F 		.string	"resource_count"
 2023      75726365 
 2023      5F636F75 
 2023      6E7400
 2024              		.extern	Os_Cbk_CheckMemoryAccess,STT_FUNC,0
 2025              		.extern	Os_IsTaskValid,STT_FUNC,0
 2026              		.extern	Os_const_coreconfiguration,STT_OBJECT,-1
 2027              		.ident	"GCC: (HighTec Release HDP-v4.9.4.1-11fcedf) 4.9.4 build on 2020-09-01"
