GAS Infineon TriCore Little Endian C:\\Users\\user1\\AppData\\Local\\Temp\\rta_RTAOS_638388406317960277_1736001\\ccEkxz6H.s 			page 1


   1              		.file	"CrossCore.c"
   2              	.section .text,"ax",@progbits
   3              	.Ltext0:
   4              	.section .text.Os_CrossCore0Check,"ax",@progbits
   5              		.align 1
   6              		.global	Os_CrossCore0Check
   7              		.type	Os_CrossCore0Check, @function
   8              	Os_CrossCore0Check:
   9              	.LFB0:
  10              		.file 1 "C:\\Users\\user1\\AppData\\Local\\Temp\\rta_RTAOS_638388406317960277_1736001\\CrossCore.c
  11              		.loc 1 1374 0
  12              	.LVL0:
  13 0000 0090     		ret
  14              	.LFE0:
  15              		.size	Os_CrossCore0Check, .-Os_CrossCore0Check
  16              	.section .text.Os_CrossCore1Check,"ax",@progbits
  17              		.align 1
  18              		.global	Os_CrossCore1Check
  19              		.type	Os_CrossCore1Check, @function
  20              	Os_CrossCore1Check:
  21              	.LFB1:
  22              		.loc 1 1385 0
  23              	.LVL1:
  24 0000 0090     		ret
  25              	.LFE1:
  26              		.size	Os_CrossCore1Check, .-Os_CrossCore1Check
  27              	.section .text.Os_CrossCore2Check,"ax",@progbits
  28              		.align 1
  29              		.global	Os_CrossCore2Check
  30              		.type	Os_CrossCore2Check, @function
  31              	Os_CrossCore2Check:
  32              	.LFB2:
  33              		.loc 1 1396 0
  34              	.LVL2:
  35 0000 0090     		ret
  36              	.LFE2:
  37              		.size	Os_CrossCore2Check, .-Os_CrossCore2Check
  38              	.section .text.Os_CrossCoreCheck,"ax",@progbits
  39              		.align 1
  40              		.global	Os_CrossCoreCheck
  41              		.type	Os_CrossCoreCheck, @function
  42              	Os_CrossCoreCheck:
  43              	.LFB3:
  44              		.loc 1 1405 0
  45              	.LVL3:
  46              		.loc 1 1408 0
  47 0000 910000F0 		movh.a	%a15, hi:Os_ShutdownAllCores_Indicator
  48 0004 39F40000 		ld.bu	%d4, [%a15] lo:Os_ShutdownAllCores_Indicator
  49 0008 F642     		jnz	%d4, .L7
  50 000a 0090     		ret
  51              	.L7:
  52              		.loc 1 1410 0
  53 000c 820F     		mov	%d15, 0
  54 000e 6C48     		st.w	[%a4] 32, %d15
  55              		.loc 1 1412 0
  56 0010 C2F4     		add	%d4, -1
  57              		.loc 1 1411 0
GAS Infineon TriCore Little Endian C:\\Users\\user1\\AppData\\Local\\Temp\\rta_RTAOS_638388406317960277_1736001\\ccEkxz6H.s 			page 2


  58 0012 6C49     		st.w	[%a4] 36, %d15
  59              		.loc 1 1412 0
  60 0014 8FF40F41 		and	%d4, %d4, 255
  61 0018 1D000000 		j	Os_ShutdownOS
****  Notice:Expanding j-R -> j-O
  62              	.LVL4:
  63              	.LFE3:
  64              		.size	Os_CrossCoreCheck, .-Os_CrossCoreCheck
  65              	.section .debug_frame,"",@progbits
  66              	.Lframe0:
  67 0000 0C000000 		.uaword	.LECIE0-.LSCIE0
  68              	.LSCIE0:
  69 0004 FFFFFFFF 		.uaword	0xffffffff
  70 0008 01       		.byte	0x1
  71 0009 00       		.string	""
  72 000a 01       		.uleb128 0x1
  73 000b 01       		.sleb128 1
  74 000c 1B       		.byte	0x1b
  75 000d 0C       		.byte	0xc
  76 000e 1A       		.uleb128 0x1a
  77 000f 00       		.uleb128 0
  78              		.align 2
  79              	.LECIE0:
  80              	.LSFDE0:
  81 0010 0C000000 		.uaword	.LEFDE0-.LASFDE0
  82              	.LASFDE0:
  83 0014 00000000 		.uaword	.Lframe0
  84 0018 00000000 		.uaword	.LFB0
  85 001c 02000000 		.uaword	.LFE0-.LFB0
  86              		.align 2
  87              	.LEFDE0:
  88              	.LSFDE2:
  89 0020 0C000000 		.uaword	.LEFDE2-.LASFDE2
  90              	.LASFDE2:
  91 0024 00000000 		.uaword	.Lframe0
  92 0028 00000000 		.uaword	.LFB1
  93 002c 02000000 		.uaword	.LFE1-.LFB1
  94              		.align 2
  95              	.LEFDE2:
  96              	.LSFDE4:
  97 0030 0C000000 		.uaword	.LEFDE4-.LASFDE4
  98              	.LASFDE4:
  99 0034 00000000 		.uaword	.Lframe0
 100 0038 00000000 		.uaword	.LFB2
 101 003c 02000000 		.uaword	.LFE2-.LFB2
 102              		.align 2
 103              	.LEFDE4:
 104              	.LSFDE6:
 105 0040 0C000000 		.uaword	.LEFDE6-.LASFDE6
 106              	.LASFDE6:
 107 0044 00000000 		.uaword	.Lframe0
 108 0048 00000000 		.uaword	.LFB3
 109 004c 1C000000 		.uaword	.LFE3-.LFB3
 110              		.align 2
 111              	.LEFDE6:
 112              	.section .text,"ax",@progbits
 113              	.Letext0:
GAS Infineon TriCore Little Endian C:\\Users\\user1\\AppData\\Local\\Temp\\rta_RTAOS_638388406317960277_1736001\\ccEkxz6H.s 			page 3


 114              		.file 2 "D:\\home\\user123\\user\\Mohan6_VectorSIP\\21Dec23\\15Dec23_CAN_merge_21stDec\\25_Softwar
 115              		.file 3 "D:\\home\\user123\\user\\Mohan6_VectorSIP\\21Dec23\\15Dec23_CAN_merge_21stDec\\25_Softwar
 116              	.section .debug_info,"",@progbits
 117              	.Ldebug_info0:
 118 0000 57110000 		.uaword	0x1157
 119 0004 0200     		.uahalf	0x2
 120 0006 00000000 		.uaword	.Ldebug_abbrev0
 121 000a 04       		.byte	0x4
 122 000b 01       		.uleb128 0x1
 123 000c 474E5520 		.ascii	"GNU C 4."
 123      4320342E 
 124 0014 392E3420 		.string	"9.4 build on 2020-09-01 -mlicense-dir=c:\\hightec\\toolchains\\tricore\\v4.9.4.1\\bin\\..
 124      6275696C 
 124      64206F6E 
 124      20323032 
 124      302D3039 
 125 0115 01       		.byte	0x1
 126 0116 433A5C55 		.string	"C:\\Users\\user1\\AppData\\Local\\Temp\\rta_RTAOS_638388406317960277_1736001\\CrossCore.c
 126      73657273 
 126      5C757365 
 126      72315C41 
 126      70704461 
 127 0169 00000000 		.uaword	.Ldebug_ranges0+0
 128 016d 00000000 		.uaword	0
 129 0171 00000000 		.uaword	0
 130 0175 00000000 		.uaword	.Ldebug_line0
 131 0179 02       		.uleb128 0x2
 132 017a 75696E74 		.string	"uint8"
 132      3800
 133 0180 02       		.byte	0x2
 134 0181 34       		.byte	0x34
 135 0182 86010000 		.uaword	0x186
 136 0186 03       		.uleb128 0x3
 137 0187 01       		.byte	0x1
 138 0188 08       		.byte	0x8
 139 0189 756E7369 		.string	"unsigned char"
 139      676E6564 
 139      20636861 
 139      7200
 140 0197 02       		.uleb128 0x2
 141 0198 75696E74 		.string	"uint16"
 141      313600
 142 019f 02       		.byte	0x2
 143 01a0 35       		.byte	0x35
 144 01a1 A5010000 		.uaword	0x1a5
 145 01a5 03       		.uleb128 0x3
 146 01a6 02       		.byte	0x2
 147 01a7 07       		.byte	0x7
 148 01a8 73686F72 		.string	"short unsigned int"
 148      7420756E 
 148      7369676E 
 148      65642069 
 148      6E7400
 149 01bb 02       		.uleb128 0x2
 150 01bc 75696E74 		.string	"uint32"
 150      333200
 151 01c3 02       		.byte	0x2
GAS Infineon TriCore Little Endian C:\\Users\\user1\\AppData\\Local\\Temp\\rta_RTAOS_638388406317960277_1736001\\ccEkxz6H.s 			page 4


 152 01c4 36       		.byte	0x36
 153 01c5 C9010000 		.uaword	0x1c9
 154 01c9 03       		.uleb128 0x3
 155 01ca 04       		.byte	0x4
 156 01cb 07       		.byte	0x7
 157 01cc 756E7369 		.string	"unsigned int"
 157      676E6564 
 157      20696E74 
 157      00
 158 01d9 03       		.uleb128 0x3
 159 01da 01       		.byte	0x1
 160 01db 06       		.byte	0x6
 161 01dc 7369676E 		.string	"signed char"
 161      65642063 
 161      68617200 
 162 01e8 03       		.uleb128 0x3
 163 01e9 02       		.byte	0x2
 164 01ea 05       		.byte	0x5
 165 01eb 73686F72 		.string	"short int"
 165      7420696E 
 165      7400
 166 01f5 03       		.uleb128 0x3
 167 01f6 04       		.byte	0x4
 168 01f7 05       		.byte	0x5
 169 01f8 696E7400 		.string	"int"
 170 01fc 03       		.uleb128 0x3
 171 01fd 04       		.byte	0x4
 172 01fe 04       		.byte	0x4
 173 01ff 666C6F61 		.string	"float"
 173      7400
 174 0205 03       		.uleb128 0x3
 175 0206 08       		.byte	0x8
 176 0207 04       		.byte	0x4
 177 0208 646F7562 		.string	"double"
 177      6C6500
 178 020f 03       		.uleb128 0x3
 179 0210 08       		.byte	0x8
 180 0211 05       		.byte	0x5
 181 0212 6C6F6E67 		.string	"long long int"
 181      206C6F6E 
 181      6720696E 
 181      7400
 182 0220 03       		.uleb128 0x3
 183 0221 08       		.byte	0x8
 184 0222 07       		.byte	0x7
 185 0223 6C6F6E67 		.string	"long long unsigned int"
 185      206C6F6E 
 185      6720756E 
 185      7369676E 
 185      65642069 
 186 023a 02       		.uleb128 0x2
 187 023b 626F6F6C 		.string	"boolean"
 187      65616E00 
 188 0243 02       		.byte	0x2
 189 0244 49       		.byte	0x49
 190 0245 86010000 		.uaword	0x186
 191 0249 02       		.uleb128 0x2
GAS Infineon TriCore Little Endian C:\\Users\\user1\\AppData\\Local\\Temp\\rta_RTAOS_638388406317960277_1736001\\ccEkxz6H.s 			page 5


 192 024a 53746174 		.string	"StatusType"
 192      75735479 
 192      706500
 193 0255 03       		.byte	0x3
 194 0256 28       		.byte	0x28
 195 0257 86010000 		.uaword	0x186
 196 025b 04       		.uleb128 0x4
 197 025c 08       		.byte	0x8
 198 025d 01       		.byte	0x1
 199 025e 7C       		.byte	0x7c
 200 025f 9A020000 		.uaword	0x29a
 201 0263 05       		.uleb128 0x5
 202 0264 436C6173 		.string	"Class"
 202      7300
 203 026a 01       		.byte	0x1
 204 026b 7D       		.byte	0x7d
 205 026c 79010000 		.uaword	0x179
 206 0270 02       		.byte	0x2
 207 0271 23       		.byte	0x23
 208 0272 00       		.uleb128 0
 209 0273 05       		.uleb128 0x5
 210 0274 54494E00 		.string	"TIN"
 211 0278 01       		.byte	0x1
 212 0279 7E       		.byte	0x7e
 213 027a 79010000 		.uaword	0x179
 214 027e 02       		.byte	0x2
 215 027f 23       		.byte	0x23
 216 0280 01       		.uleb128 0x1
 217 0281 05       		.uleb128 0x5
 218 0282 52657475 		.string	"ReturnAddress"
 218      726E4164 
 218      64726573 
 218      7300
 219 0290 01       		.byte	0x1
 220 0291 7F       		.byte	0x7f
 221 0292 BB010000 		.uaword	0x1bb
 222 0296 02       		.byte	0x2
 223 0297 23       		.byte	0x23
 224 0298 04       		.uleb128 0x4
 225 0299 00       		.byte	0
 226 029a 02       		.uleb128 0x2
 227 029b 4F735472 		.string	"OsTrapInfoType"
 227      6170496E 
 227      666F5479 
 227      706500
 228 02aa 01       		.byte	0x1
 229 02ab 80       		.byte	0x80
 230 02ac 5B020000 		.uaword	0x25b
 231 02b0 02       		.uleb128 0x2
 232 02b1 75696E74 		.string	"uint32_aligned"
 232      33325F61 
 232      6C69676E 
 232      656400
 233 02c0 01       		.byte	0x1
 234 02c1 86       		.byte	0x86
 235 02c2 BB010000 		.uaword	0x1bb
 236 02c6 04       		.uleb128 0x4
GAS Infineon TriCore Little Endian C:\\Users\\user1\\AppData\\Local\\Temp\\rta_RTAOS_638388406317960277_1736001\\ccEkxz6H.s 			page 6


 237 02c7 44       		.byte	0x44
 238 02c8 01       		.byte	0x1
 239 02c9 AB       		.byte	0xab
 240 02ca DF020000 		.uaword	0x2df
 241 02ce 05       		.uleb128 0x5
 242 02cf 73746F72 		.string	"store"
 242      6500
 243 02d5 01       		.byte	0x1
 244 02d6 AC       		.byte	0xac
 245 02d7 DF020000 		.uaword	0x2df
 246 02db 02       		.byte	0x2
 247 02dc 23       		.byte	0x23
 248 02dd 00       		.uleb128 0
 249 02de 00       		.byte	0
 250 02df 06       		.uleb128 0x6
 251 02e0 BB010000 		.uaword	0x1bb
 252 02e4 EF020000 		.uaword	0x2ef
 253 02e8 07       		.uleb128 0x7
 254 02e9 EF020000 		.uaword	0x2ef
 255 02ed 10       		.byte	0x10
 256 02ee 00       		.byte	0
 257 02ef 03       		.uleb128 0x3
 258 02f0 04       		.byte	0x4
 259 02f1 07       		.byte	0x7
 260 02f2 73697A65 		.string	"sizetype"
 260      74797065 
 260      00
 261 02fb 02       		.uleb128 0x2
 262 02fc 4F735F4A 		.string	"Os_JumpBufType"
 262      756D7042 
 262      75665479 
 262      706500
 263 030b 01       		.byte	0x1
 264 030c AD       		.byte	0xad
 265 030d 11030000 		.uaword	0x311
 266 0311 06       		.uleb128 0x6
 267 0312 C6020000 		.uaword	0x2c6
 268 0316 21030000 		.uaword	0x321
 269 031a 07       		.uleb128 0x7
 270 031b EF020000 		.uaword	0x2ef
 271 031f 00       		.byte	0
 272 0320 00       		.byte	0
 273 0321 02       		.uleb128 0x2
 274 0322 4F735F52 		.string	"Os_ResourceCountType"
 274      65736F75 
 274      72636543 
 274      6F756E74 
 274      54797065 
 275 0337 01       		.byte	0x1
 276 0338 BE       		.byte	0xbe
 277 0339 86010000 		.uaword	0x186
 278 033d 02       		.uleb128 0x2
 279 033e 4F735F53 		.string	"Os_StackTraceType"
 279      7461636B 
 279      54726163 
 279      65547970 
 279      6500
GAS Infineon TriCore Little Endian C:\\Users\\user1\\AppData\\Local\\Temp\\rta_RTAOS_638388406317960277_1736001\\ccEkxz6H.s 			page 7


 280 0350 01       		.byte	0x1
 281 0351 BF       		.byte	0xbf
 282 0352 C9010000 		.uaword	0x1c9
 283 0356 04       		.uleb128 0x4
 284 0357 08       		.byte	0x8
 285 0358 01       		.byte	0x1
 286 0359 C0       		.byte	0xc0
 287 035a 7A030000 		.uaword	0x37a
 288 035e 05       		.uleb128 0x5
 289 035f 737000   		.string	"sp"
 290 0362 01       		.byte	0x1
 291 0363 C0       		.byte	0xc0
 292 0364 3D030000 		.uaword	0x33d
 293 0368 02       		.byte	0x2
 294 0369 23       		.byte	0x23
 295 036a 00       		.uleb128 0
 296 036b 05       		.uleb128 0x5
 297 036c 63747800 		.string	"ctx"
 298 0370 01       		.byte	0x1
 299 0371 C0       		.byte	0xc0
 300 0372 3D030000 		.uaword	0x33d
 301 0376 02       		.byte	0x2
 302 0377 23       		.byte	0x23
 303 0378 04       		.uleb128 0x4
 304 0379 00       		.byte	0
 305 037a 02       		.uleb128 0x2
 306 037b 4F735F53 		.string	"Os_StackValueType"
 306      7461636B 
 306      56616C75 
 306      65547970 
 306      6500
 307 038d 01       		.byte	0x1
 308 038e C0       		.byte	0xc0
 309 038f 56030000 		.uaword	0x356
 310 0393 02       		.uleb128 0x2
 311 0394 4F735F53 		.string	"Os_StackSizeType"
 311      7461636B 
 311      53697A65 
 311      54797065 
 311      00
 312 03a5 01       		.byte	0x1
 313 03a6 C1       		.byte	0xc1
 314 03a7 7A030000 		.uaword	0x37a
 315 03ab 02       		.uleb128 0x2
 316 03ac 4F735F56 		.string	"Os_VoidVoidFunctionType"
 316      6F696456 
 316      6F696446 
 316      756E6374 
 316      696F6E54 
 317 03c4 01       		.byte	0x1
 318 03c5 C7       		.byte	0xc7
 319 03c6 CA030000 		.uaword	0x3ca
 320 03ca 08       		.uleb128 0x8
 321 03cb 04       		.byte	0x4
 322 03cc D0030000 		.uaword	0x3d0
 323 03d0 09       		.uleb128 0x9
 324 03d1 01       		.byte	0x1
GAS Infineon TriCore Little Endian C:\\Users\\user1\\AppData\\Local\\Temp\\rta_RTAOS_638388406317960277_1736001\\ccEkxz6H.s 			page 8


 325 03d2 02       		.uleb128 0x2
 326 03d3 4170706C 		.string	"ApplicationType"
 326      69636174 
 326      696F6E54 
 326      79706500 
 327 03e3 01       		.byte	0x1
 328 03e4 D5       		.byte	0xd5
 329 03e5 86010000 		.uaword	0x186
 330 03e9 02       		.uleb128 0x2
 331 03ea 4F735F43 		.string	"Os_CoreStateType"
 331      6F726553 
 331      74617465 
 331      54797065 
 331      00
 332 03fb 01       		.byte	0x1
 333 03fc E7       		.byte	0xe7
 334 03fd BB010000 		.uaword	0x1bb
 335 0401 02       		.uleb128 0x2
 336 0402 4F735F53 		.string	"Os_StopwatchTickType"
 336      746F7077 
 336      61746368 
 336      5469636B 
 336      54797065 
 337 0417 01       		.byte	0x1
 338 0418 FD       		.byte	0xfd
 339 0419 C9010000 		.uaword	0x1c9
 340 041d 0A       		.uleb128 0xa
 341 041e 4F735F54 		.string	"Os_TerminatorType"
 341      65726D69 
 341      6E61746F 
 341      72547970 
 341      6500
 342 0430 01       		.byte	0x1
 343 0431 0201     		.uahalf	0x102
 344 0433 37040000 		.uaword	0x437
 345 0437 08       		.uleb128 0x8
 346 0438 04       		.byte	0x4
 347 0439 FB020000 		.uaword	0x2fb
 348 043d 0A       		.uleb128 0xa
 349 043e 4F735F4C 		.string	"Os_Lockable"
 349      6F636B61 
 349      626C6500 
 350 044a 01       		.byte	0x1
 351 044b 0701     		.uahalf	0x107
 352 044d B0020000 		.uaword	0x2b0
 353 0451 0A       		.uleb128 0xa
 354 0452 436F7265 		.string	"CoreIdType"
 354      49645479 
 354      706500
 355 045d 01       		.byte	0x1
 356 045e 0901     		.uahalf	0x109
 357 0460 97010000 		.uaword	0x197
 358 0464 0B       		.uleb128 0xb
 359 0465 3D040000 		.uaword	0x43d
 360 0469 0C       		.uleb128 0xc
 361 046a 4F735F43 		.string	"Os_ControlledCoreType_s"
 361      6F6E7472 
GAS Infineon TriCore Little Endian C:\\Users\\user1\\AppData\\Local\\Temp\\rta_RTAOS_638388406317960277_1736001\\ccEkxz6H.s 			page 9


 361      6F6C6C65 
 361      64436F72 
 361      65547970 
 362 0482 58       		.byte	0x58
 363 0483 01       		.byte	0x1
 364 0484 1004     		.uahalf	0x410
 365 0486 67060000 		.uaword	0x667
 366 048a 0D       		.uleb128 0xd
 367 048b 54726170 		.string	"TrapInfo"
 367      496E666F 
 367      00
 368 0494 01       		.byte	0x1
 369 0495 1104     		.uahalf	0x411
 370 0497 9A020000 		.uaword	0x29a
 371 049b 02       		.byte	0x2
 372 049c 23       		.byte	0x23
 373 049d 00       		.uleb128 0
 374 049e 0D       		.uleb128 0xd
 375 049f 4572726F 		.string	"ErrorInformation"
 375      72496E66 
 375      6F726D61 
 375      74696F6E 
 375      00
 376 04b0 01       		.byte	0x1
 377 04b1 1204     		.uahalf	0x412
 378 04b3 FA0C0000 		.uaword	0xcfa
 379 04b7 02       		.byte	0x2
 380 04b8 23       		.byte	0x23
 381 04b9 08       		.uleb128 0x8
 382 04ba 0D       		.uleb128 0xd
 383 04bb 6C6F636B 		.string	"lock_taskaccess"
 383      5F746173 
 383      6B616363 
 383      65737300 
 384 04cb 01       		.byte	0x1
 385 04cc 1304     		.uahalf	0x413
 386 04ce 64040000 		.uaword	0x464
 387 04d2 02       		.byte	0x2
 388 04d3 23       		.byte	0x23
 389 04d4 18       		.uleb128 0x18
 390 04d5 0D       		.uleb128 0xd
 391 04d6 52656164 		.string	"ReadyTasks"
 391      79546173 
 391      6B7300
 392 04e1 01       		.byte	0x1
 393 04e2 1404     		.uahalf	0x414
 394 04e4 300D0000 		.uaword	0xd30
 395 04e8 02       		.byte	0x2
 396 04e9 23       		.byte	0x23
 397 04ea 1C       		.uleb128 0x1c
 398 04eb 0D       		.uleb128 0xd
 399 04ec 52756E6E 		.string	"RunningISR"
 399      696E6749 
 399      535200
 400 04f7 01       		.byte	0x1
 401 04f8 1504     		.uahalf	0x415
 402 04fa 350D0000 		.uaword	0xd35
GAS Infineon TriCore Little Endian C:\\Users\\user1\\AppData\\Local\\Temp\\rta_RTAOS_638388406317960277_1736001\\ccEkxz6H.s 			page 10


 403 04fe 02       		.byte	0x2
 404 04ff 23       		.byte	0x23
 405 0500 20       		.uleb128 0x20
 406 0501 0D       		.uleb128 0xd
 407 0502 52756E6E 		.string	"RunningTask"
 407      696E6754 
 407      61736B00 
 408 050e 01       		.byte	0x1
 409 050f 1604     		.uahalf	0x416
 410 0511 3A0D0000 		.uaword	0xd3a
 411 0515 02       		.byte	0x2
 412 0516 23       		.byte	0x23
 413 0517 24       		.uleb128 0x24
 414 0518 0D       		.uleb128 0xd
 415 0519 52756E6E 		.string	"RunningTPMask"
 415      696E6754 
 415      504D6173 
 415      6B00
 416 0527 01       		.byte	0x1
 417 0528 1704     		.uahalf	0x417
 418 052a 3F0D0000 		.uaword	0xd3f
 419 052e 02       		.byte	0x2
 420 052f 23       		.byte	0x23
 421 0530 28       		.uleb128 0x28
 422 0531 0D       		.uleb128 0xd
 423 0532 5465726D 		.string	"TerminatingTasks"
 423      696E6174 
 423      696E6754 
 423      61736B73 
 423      00
 424 0543 01       		.byte	0x1
 425 0544 1804     		.uahalf	0x418
 426 0546 300D0000 		.uaword	0xd30
 427 054a 02       		.byte	0x2
 428 054b 23       		.byte	0x23
 429 054c 2C       		.uleb128 0x2c
 430 054d 0D       		.uleb128 0xd
 431 054e 4170706C 		.string	"Application"
 431      69636174 
 431      696F6E00 
 432 055a 01       		.byte	0x1
 433 055b 1904     		.uahalf	0x419
 434 055d D2030000 		.uaword	0x3d2
 435 0561 02       		.byte	0x2
 436 0562 23       		.byte	0x23
 437 0563 30       		.uleb128 0x30
 438 0564 0D       		.uleb128 0xd
 439 0565 43757272 		.string	"CurrentTerminator"
 439      656E7454 
 439      65726D69 
 439      6E61746F 
 439      7200
 440 0577 01       		.byte	0x1
 441 0578 1A04     		.uahalf	0x41a
 442 057a 440D0000 		.uaword	0xd44
 443 057e 02       		.byte	0x2
 444 057f 23       		.byte	0x23
GAS Infineon TriCore Little Endian C:\\Users\\user1\\AppData\\Local\\Temp\\rta_RTAOS_638388406317960277_1736001\\ccEkxz6H.s 			page 11


 445 0580 34       		.uleb128 0x34
 446 0581 0D       		.uleb128 0xd
 447 0582 43757272 		.string	"CurrentMeteredObject"
 447      656E744D 
 447      65746572 
 447      65644F62 
 447      6A656374 
 448 0597 01       		.byte	0x1
 449 0598 1B04     		.uahalf	0x41b
 450 059a D3060000 		.uaword	0x6d3
 451 059e 02       		.byte	0x2
 452 059f 23       		.byte	0x23
 453 05a0 38       		.uleb128 0x38
 454 05a1 0D       		.uleb128 0xd
 455 05a2 49646C65 		.string	"IdleMeter"
 455      4D657465 
 455      7200
 456 05ac 01       		.byte	0x1
 457 05ad 1C04     		.uahalf	0x41c
 458 05af BA060000 		.uaword	0x6ba
 459 05b3 02       		.byte	0x2
 460 05b4 23       		.byte	0x23
 461 05b5 3C       		.uleb128 0x3c
 462 05b6 0D       		.uleb128 0xd
 463 05b7 41707041 		.string	"AppAccess"
 463      63636573 
 463      7300
 464 05c1 01       		.byte	0x1
 465 05c2 1D04     		.uahalf	0x41d
 466 05c4 79010000 		.uaword	0x179
 467 05c8 02       		.byte	0x2
 468 05c9 23       		.byte	0x23
 469 05ca 48       		.uleb128 0x48
 470 05cb 0D       		.uleb128 0xd
 471 05cc 4170704F 		.string	"AppOverride"
 471      76657272 
 471      69646500 
 472 05d8 01       		.byte	0x1
 473 05d9 1E04     		.uahalf	0x41e
 474 05db 490D0000 		.uaword	0xd49
 475 05df 02       		.byte	0x2
 476 05e0 23       		.byte	0x23
 477 05e1 49       		.uleb128 0x49
 478 05e2 0D       		.uleb128 0xd
 479 05e3 47657453 		.string	"GetStackValueAdjust"
 479      7461636B 
 479      56616C75 
 479      6541646A 
 479      75737400 
 480 05f7 01       		.byte	0x1
 481 05f8 1F04     		.uahalf	0x41f
 482 05fa 93030000 		.uaword	0x393
 483 05fe 02       		.byte	0x2
 484 05ff 23       		.byte	0x23
 485 0600 4C       		.uleb128 0x4c
 486 0601 0D       		.uleb128 0xd
 487 0602 496E4572 		.string	"InErrorHook"
GAS Infineon TriCore Little Endian C:\\Users\\user1\\AppData\\Local\\Temp\\rta_RTAOS_638388406317960277_1736001\\ccEkxz6H.s 			page 12


 487      726F7248 
 487      6F6F6B00 
 488 060e 01       		.byte	0x1
 489 060f 2004     		.uahalf	0x420
 490 0611 3A020000 		.uaword	0x23a
 491 0615 02       		.byte	0x2
 492 0616 23       		.byte	0x23
 493 0617 54       		.uleb128 0x54
 494 0618 0D       		.uleb128 0xd
 495 0619 496E5072 		.string	"InProtectionHook"
 495      6F746563 
 495      74696F6E 
 495      486F6F6B 
 495      00
 496 062a 01       		.byte	0x1
 497 062b 2104     		.uahalf	0x421
 498 062d 3A020000 		.uaword	0x23a
 499 0631 02       		.byte	0x2
 500 0632 23       		.byte	0x23
 501 0633 55       		.uleb128 0x55
 502 0634 0D       		.uleb128 0xd
 503 0635 436F7265 		.string	"CoreIsActive"
 503      49734163 
 503      74697665 
 503      00
 504 0642 01       		.byte	0x1
 505 0643 2204     		.uahalf	0x422
 506 0645 3A020000 		.uaword	0x23a
 507 0649 02       		.byte	0x2
 508 064a 23       		.byte	0x23
 509 064b 56       		.uleb128 0x56
 510 064c 0D       		.uleb128 0xd
 511 064d 496E5368 		.string	"InShutdownHook"
 511      7574646F 
 511      776E486F 
 511      6F6B00
 512 065c 01       		.byte	0x1
 513 065d 2304     		.uahalf	0x423
 514 065f 3A020000 		.uaword	0x23a
 515 0663 02       		.byte	0x2
 516 0664 23       		.byte	0x23
 517 0665 57       		.uleb128 0x57
 518 0666 00       		.byte	0
 519 0667 0C       		.uleb128 0xc
 520 0668 4F735F4D 		.string	"Os_MeterInfoType_s"
 520      65746572 
 520      496E666F 
 520      54797065 
 520      5F7300
 521 067b 0C       		.byte	0xc
 522 067c 01       		.byte	0x1
 523 067d 7201     		.uahalf	0x172
 524 067f BA060000 		.uaword	0x6ba
 525 0683 0D       		.uleb128 0xd
 526 0684 656C6170 		.string	"elapsed"
 526      73656400 
 527 068c 01       		.byte	0x1
GAS Infineon TriCore Little Endian C:\\Users\\user1\\AppData\\Local\\Temp\\rta_RTAOS_638388406317960277_1736001\\ccEkxz6H.s 			page 13


 528 068d 7301     		.uahalf	0x173
 529 068f 01040000 		.uaword	0x401
 530 0693 02       		.byte	0x2
 531 0694 23       		.byte	0x23
 532 0695 00       		.uleb128 0
 533 0696 0D       		.uleb128 0xd
 534 0697 70726576 		.string	"previous"
 534      696F7573 
 534      00
 535 06a0 01       		.byte	0x1
 536 06a1 7401     		.uahalf	0x174
 537 06a3 01040000 		.uaword	0x401
 538 06a7 02       		.byte	0x2
 539 06a8 23       		.byte	0x23
 540 06a9 04       		.uleb128 0x4
 541 06aa 0D       		.uleb128 0xd
 542 06ab 6D617800 		.string	"max"
 543 06af 01       		.byte	0x1
 544 06b0 7501     		.uahalf	0x175
 545 06b2 01040000 		.uaword	0x401
 546 06b6 02       		.byte	0x2
 547 06b7 23       		.byte	0x23
 548 06b8 08       		.uleb128 0x8
 549 06b9 00       		.byte	0
 550 06ba 0A       		.uleb128 0xa
 551 06bb 4F735F4D 		.string	"Os_MeterInfoType"
 551      65746572 
 551      496E666F 
 551      54797065 
 551      00
 552 06cc 01       		.byte	0x1
 553 06cd 7601     		.uahalf	0x176
 554 06cf 67060000 		.uaword	0x667
 555 06d3 0A       		.uleb128 0xa
 556 06d4 4F735F4D 		.string	"Os_MeterInfoRefType"
 556      65746572 
 556      496E666F 
 556      52656654 
 556      79706500 
 557 06e8 01       		.byte	0x1
 558 06e9 7701     		.uahalf	0x177
 559 06eb EF060000 		.uaword	0x6ef
 560 06ef 08       		.uleb128 0x8
 561 06f0 04       		.byte	0x4
 562 06f1 BA060000 		.uaword	0x6ba
 563 06f5 0A       		.uleb128 0xa
 564 06f6 4F735F69 		.string	"Os_imaskType"
 564      6D61736B 
 564      54797065 
 564      00
 565 0703 01       		.byte	0x1
 566 0704 7F01     		.uahalf	0x17f
 567 0706 BB010000 		.uaword	0x1bb
 568 070a 0C       		.uleb128 0xc
 569 070b 4F735F49 		.string	"Os_ISRDynType_s"
 569      53524479 
 569      6E547970 
GAS Infineon TriCore Little Endian C:\\Users\\user1\\AppData\\Local\\Temp\\rta_RTAOS_638388406317960277_1736001\\ccEkxz6H.s 			page 14


 569      655F7300 
 570 071b 10       		.byte	0x10
 571 071c 01       		.byte	0x1
 572 071d 8101     		.uahalf	0x181
 573 071f 5B070000 		.uaword	0x75b
 574 0723 0E       		.uleb128 0xe
 575 0724 00000000 		.uaword	.LASF0
 576 0728 01       		.byte	0x1
 577 0729 8201     		.uahalf	0x182
 578 072b 21030000 		.uaword	0x321
 579 072f 02       		.byte	0x2
 580 0730 23       		.byte	0x23
 581 0731 00       		.uleb128 0
 582 0732 0D       		.uleb128 0xd
 583 0733 7465726D 		.string	"terminating"
 583      696E6174 
 583      696E6700 
 584 073f 01       		.byte	0x1
 585 0740 8301     		.uahalf	0x183
 586 0742 3A020000 		.uaword	0x23a
 587 0746 02       		.byte	0x2
 588 0747 23       		.byte	0x23
 589 0748 01       		.uleb128 0x1
 590 0749 0D       		.uleb128 0xd
 591 074a 6D657465 		.string	"meter"
 591      7200
 592 0750 01       		.byte	0x1
 593 0751 8401     		.uahalf	0x184
 594 0753 BA060000 		.uaword	0x6ba
 595 0757 02       		.byte	0x2
 596 0758 23       		.byte	0x23
 597 0759 04       		.uleb128 0x4
 598 075a 00       		.byte	0
 599 075b 0A       		.uleb128 0xa
 600 075c 4F735F49 		.string	"Os_ISRDynType"
 600      53524479 
 600      6E547970 
 600      6500
 601 076a 01       		.byte	0x1
 602 076b 8501     		.uahalf	0x185
 603 076d 0A070000 		.uaword	0x70a
 604 0771 0A       		.uleb128 0xa
 605 0772 4F735F49 		.string	"Os_IsrTerminatedFunctionType"
 605      73725465 
 605      726D696E 
 605      61746564 
 605      46756E63 
 606 078f 01       		.byte	0x1
 607 0790 8601     		.uahalf	0x186
 608 0792 CA030000 		.uaword	0x3ca
 609 0796 0C       		.uleb128 0xc
 610 0797 4F735F49 		.string	"Os_ISRType_s"
 610      53525479 
 610      70655F73 
 610      00
 611 07a4 18       		.byte	0x18
 612 07a5 01       		.byte	0x1
GAS Infineon TriCore Little Endian C:\\Users\\user1\\AppData\\Local\\Temp\\rta_RTAOS_638388406317960277_1736001\\ccEkxz6H.s 			page 15


 613 07a6 8701     		.uahalf	0x187
 614 07a8 2A080000 		.uaword	0x82a
 615 07ac 0E       		.uleb128 0xe
 616 07ad 00000000 		.uaword	.LASF1
 617 07b1 01       		.byte	0x1
 618 07b2 8801     		.uahalf	0x188
 619 07b4 AB030000 		.uaword	0x3ab
 620 07b8 02       		.byte	0x2
 621 07b9 23       		.byte	0x23
 622 07ba 00       		.uleb128 0
 623 07bb 0D       		.uleb128 0xd
 624 07bc 7465726D 		.string	"terminated_function"
 624      696E6174 
 624      65645F66 
 624      756E6374 
 624      696F6E00 
 625 07d0 01       		.byte	0x1
 626 07d1 8901     		.uahalf	0x189
 627 07d3 71070000 		.uaword	0x771
 628 07d7 02       		.byte	0x2
 629 07d8 23       		.byte	0x23
 630 07d9 04       		.uleb128 0x4
 631 07da 0E       		.uleb128 0xe
 632 07db 00000000 		.uaword	.LASF2
 633 07df 01       		.byte	0x1
 634 07e0 8A01     		.uahalf	0x18a
 635 07e2 2A080000 		.uaword	0x82a
 636 07e6 02       		.byte	0x2
 637 07e7 23       		.byte	0x23
 638 07e8 08       		.uleb128 0x8
 639 07e9 0D       		.uleb128 0xd
 640 07ea 696D6173 		.string	"imask"
 640      6B00
 641 07f0 01       		.byte	0x1
 642 07f1 8B01     		.uahalf	0x18b
 643 07f3 F5060000 		.uaword	0x6f5
 644 07f7 02       		.byte	0x2
 645 07f8 23       		.byte	0x23
 646 07f9 0C       		.uleb128 0xc
 647 07fa 0D       		.uleb128 0xd
 648 07fb 696E6465 		.string	"index"
 648      7800
 649 0801 01       		.byte	0x1
 650 0802 8C01     		.uahalf	0x18c
 651 0804 BB010000 		.uaword	0x1bb
 652 0808 02       		.byte	0x2
 653 0809 23       		.byte	0x23
 654 080a 10       		.uleb128 0x10
 655 080b 0E       		.uleb128 0xe
 656 080c 00000000 		.uaword	.LASF3
 657 0810 01       		.byte	0x1
 658 0811 8D01     		.uahalf	0x18d
 659 0813 79010000 		.uaword	0x179
 660 0817 02       		.byte	0x2
 661 0818 23       		.byte	0x23
 662 0819 14       		.uleb128 0x14
 663 081a 0E       		.uleb128 0xe
GAS Infineon TriCore Little Endian C:\\Users\\user1\\AppData\\Local\\Temp\\rta_RTAOS_638388406317960277_1736001\\ccEkxz6H.s 			page 16


 664 081b 00000000 		.uaword	.LASF4
 665 081f 01       		.byte	0x1
 666 0820 8E01     		.uahalf	0x18e
 667 0822 D2030000 		.uaword	0x3d2
 668 0826 02       		.byte	0x2
 669 0827 23       		.byte	0x23
 670 0828 15       		.uleb128 0x15
 671 0829 00       		.byte	0
 672 082a 0F       		.uleb128 0xf
 673 082b 2F080000 		.uaword	0x82f
 674 082f 08       		.uleb128 0x8
 675 0830 04       		.byte	0x4
 676 0831 5B070000 		.uaword	0x75b
 677 0835 0A       		.uleb128 0xa
 678 0836 4F735F49 		.string	"Os_ISRType"
 678      53525479 
 678      706500
 679 0841 01       		.byte	0x1
 680 0842 8F01     		.uahalf	0x18f
 681 0844 96070000 		.uaword	0x796
 682 0848 0A       		.uleb128 0xa
 683 0849 49535254 		.string	"ISRType"
 683      79706500 
 684 0851 01       		.byte	0x1
 685 0852 9001     		.uahalf	0x190
 686 0854 58080000 		.uaword	0x858
 687 0858 08       		.uleb128 0x8
 688 0859 04       		.byte	0x4
 689 085a 5E080000 		.uaword	0x85e
 690 085e 0F       		.uleb128 0xf
 691 085f 35080000 		.uaword	0x835
 692 0863 0A       		.uleb128 0xa
 693 0864 4F735F62 		.string	"Os_bitmask"
 693      69746D61 
 693      736B00
 694 086f 01       		.byte	0x1
 695 0870 A201     		.uahalf	0x1a2
 696 0872 C9010000 		.uaword	0x1c9
 697 0876 0A       		.uleb128 0xa
 698 0877 4F735F70 		.string	"Os_pset0Type"
 698      73657430 
 698      54797065 
 698      00
 699 0884 01       		.byte	0x1
 700 0885 A301     		.uahalf	0x1a3
 701 0887 63080000 		.uaword	0x863
 702 088b 0A       		.uleb128 0xa
 703 088c 4F735F70 		.string	"Os_pset1Type"
 703      73657431 
 703      54797065 
 703      00
 704 0899 01       		.byte	0x1
 705 089a A401     		.uahalf	0x1a4
 706 089c 63080000 		.uaword	0x863
 707 08a0 0A       		.uleb128 0xa
 708 08a1 4F735F70 		.string	"Os_pset2Type"
 708      73657432 
GAS Infineon TriCore Little Endian C:\\Users\\user1\\AppData\\Local\\Temp\\rta_RTAOS_638388406317960277_1736001\\ccEkxz6H.s 			page 17


 708      54797065 
 708      00
 709 08ae 01       		.byte	0x1
 710 08af A501     		.uahalf	0x1a5
 711 08b1 63080000 		.uaword	0x863
 712 08b5 10       		.uleb128 0x10
 713 08b6 04       		.byte	0x4
 714 08b7 01       		.byte	0x1
 715 08b8 A601     		.uahalf	0x1a6
 716 08ba E0080000 		.uaword	0x8e0
 717 08be 11       		.uleb128 0x11
 718 08bf 703000   		.string	"p0"
 719 08c2 01       		.byte	0x1
 720 08c3 A701     		.uahalf	0x1a7
 721 08c5 76080000 		.uaword	0x876
 722 08c9 11       		.uleb128 0x11
 723 08ca 703100   		.string	"p1"
 724 08cd 01       		.byte	0x1
 725 08ce A801     		.uahalf	0x1a8
 726 08d0 8B080000 		.uaword	0x88b
 727 08d4 11       		.uleb128 0x11
 728 08d5 703200   		.string	"p2"
 729 08d8 01       		.byte	0x1
 730 08d9 A901     		.uahalf	0x1a9
 731 08db A0080000 		.uaword	0x8a0
 732 08df 00       		.byte	0
 733 08e0 0A       		.uleb128 0xa
 734 08e1 4F735F70 		.string	"Os_psetType"
 734      73657454 
 734      79706500 
 735 08ed 01       		.byte	0x1
 736 08ee AA01     		.uahalf	0x1aa
 737 08f0 B5080000 		.uaword	0x8b5
 738 08f4 10       		.uleb128 0x10
 739 08f5 04       		.byte	0x4
 740 08f6 01       		.byte	0x1
 741 08f7 AC01     		.uahalf	0x1ac
 742 08f9 1F090000 		.uaword	0x91f
 743 08fd 11       		.uleb128 0x11
 744 08fe 743000   		.string	"t0"
 745 0901 01       		.byte	0x1
 746 0902 AD01     		.uahalf	0x1ad
 747 0904 63080000 		.uaword	0x863
 748 0908 11       		.uleb128 0x11
 749 0909 743100   		.string	"t1"
 750 090c 01       		.byte	0x1
 751 090d AE01     		.uahalf	0x1ae
 752 090f 63080000 		.uaword	0x863
 753 0913 11       		.uleb128 0x11
 754 0914 743200   		.string	"t2"
 755 0917 01       		.byte	0x1
 756 0918 AF01     		.uahalf	0x1af
 757 091a 63080000 		.uaword	0x863
 758 091e 00       		.byte	0
 759 091f 0A       		.uleb128 0xa
 760 0920 4F735F74 		.string	"Os_tpmaskType"
 760      706D6173 
GAS Infineon TriCore Little Endian C:\\Users\\user1\\AppData\\Local\\Temp\\rta_RTAOS_638388406317960277_1736001\\ccEkxz6H.s 			page 18


 760      6B547970 
 760      6500
 761 092e 01       		.byte	0x1
 762 092f B001     		.uahalf	0x1b0
 763 0931 F4080000 		.uaword	0x8f4
 764 0935 0A       		.uleb128 0xa
 765 0936 4F735F41 		.string	"Os_ActivationCountType"
 765      63746976 
 765      6174696F 
 765      6E436F75 
 765      6E745479 
 766 094d 01       		.byte	0x1
 767 094e B101     		.uahalf	0x1b1
 768 0950 86010000 		.uaword	0x186
 769 0954 0C       		.uleb128 0xc
 770 0955 4F735F54 		.string	"Os_TaskDynType_s"
 770      61736B44 
 770      796E5479 
 770      70655F73 
 770      00
 771 0966 5C       		.byte	0x5c
 772 0967 01       		.byte	0x1
 773 0968 B301     		.uahalf	0x1b3
 774 096a 0F0A0000 		.uaword	0xa0f
 775 096e 0D       		.uleb128 0xd
 776 096f 6C617374 		.string	"last_activation"
 776      5F616374 
 776      69766174 
 776      696F6E00 
 777 097f 01       		.byte	0x1
 778 0980 B401     		.uahalf	0x1b4
 779 0982 01040000 		.uaword	0x401
 780 0986 02       		.byte	0x2
 781 0987 23       		.byte	0x23
 782 0988 00       		.uleb128 0
 783 0989 0D       		.uleb128 0xd
 784 098a 7465726D 		.string	"terminate_jump_buf"
 784      696E6174 
 784      655F6A75 
 784      6D705F62 
 784      756600
 785 099d 01       		.byte	0x1
 786 099e B501     		.uahalf	0x1b5
 787 09a0 FB020000 		.uaword	0x2fb
 788 09a4 02       		.byte	0x2
 789 09a5 23       		.byte	0x23
 790 09a6 04       		.uleb128 0x4
 791 09a7 0D       		.uleb128 0xd
 792 09a8 6D657465 		.string	"meter"
 792      7200
 793 09ae 01       		.byte	0x1
 794 09af B601     		.uahalf	0x1b6
 795 09b1 BA060000 		.uaword	0x6ba
 796 09b5 02       		.byte	0x2
 797 09b6 23       		.byte	0x23
 798 09b7 48       		.uleb128 0x48
 799 09b8 0D       		.uleb128 0xd
GAS Infineon TriCore Little Endian C:\\Users\\user1\\AppData\\Local\\Temp\\rta_RTAOS_638388406317960277_1736001\\ccEkxz6H.s 			page 19


 800 09b9 7365656E 		.string	"seen_activation"
 800      5F616374 
 800      69766174 
 800      696F6E00 
 801 09c9 01       		.byte	0x1
 802 09ca B701     		.uahalf	0x1b7
 803 09cc 3A020000 		.uaword	0x23a
 804 09d0 02       		.byte	0x2
 805 09d1 23       		.byte	0x23
 806 09d2 54       		.uleb128 0x54
 807 09d3 0E       		.uleb128 0xe
 808 09d4 00000000 		.uaword	.LASF5
 809 09d8 01       		.byte	0x1
 810 09d9 B801     		.uahalf	0x1b8
 811 09db 35090000 		.uaword	0x935
 812 09df 02       		.byte	0x2
 813 09e0 23       		.byte	0x23
 814 09e1 55       		.uleb128 0x55
 815 09e2 0E       		.uleb128 0xe
 816 09e3 00000000 		.uaword	.LASF0
 817 09e7 01       		.byte	0x1
 818 09e8 B901     		.uahalf	0x1b9
 819 09ea 21030000 		.uaword	0x321
 820 09ee 02       		.byte	0x2
 821 09ef 23       		.byte	0x23
 822 09f0 56       		.uleb128 0x56
 823 09f1 0D       		.uleb128 0xd
 824 09f2 7465726D 		.string	"termination_state"
 824      696E6174 
 824      696F6E5F 
 824      73746174 
 824      6500
 825 0a04 01       		.byte	0x1
 826 0a05 BA01     		.uahalf	0x1ba
 827 0a07 BB010000 		.uaword	0x1bb
 828 0a0b 02       		.byte	0x2
 829 0a0c 23       		.byte	0x23
 830 0a0d 58       		.uleb128 0x58
 831 0a0e 00       		.byte	0
 832 0a0f 0A       		.uleb128 0xa
 833 0a10 4F735F54 		.string	"Os_TaskDynType"
 833      61736B44 
 833      796E5479 
 833      706500
 834 0a1f 01       		.byte	0x1
 835 0a20 BB01     		.uahalf	0x1bb
 836 0a22 54090000 		.uaword	0x954
 837 0a26 0C       		.uleb128 0xc
 838 0a27 4F735F54 		.string	"Os_TaskType_s"
 838      61736B54 
 838      7970655F 
 838      7300
 839 0a35 20       		.byte	0x20
 840 0a36 01       		.byte	0x1
 841 0a37 BD01     		.uahalf	0x1bd
 842 0a39 E30A0000 		.uaword	0xae3
 843 0a3d 0E       		.uleb128 0xe
GAS Infineon TriCore Little Endian C:\\Users\\user1\\AppData\\Local\\Temp\\rta_RTAOS_638388406317960277_1736001\\ccEkxz6H.s 			page 20


 844 0a3e 00000000 		.uaword	.LASF2
 845 0a42 01       		.byte	0x1
 846 0a43 BE01     		.uahalf	0x1be
 847 0a45 E30A0000 		.uaword	0xae3
 848 0a49 02       		.byte	0x2
 849 0a4a 23       		.byte	0x23
 850 0a4b 00       		.uleb128 0
 851 0a4c 0E       		.uleb128 0xe
 852 0a4d 00000000 		.uaword	.LASF1
 853 0a51 01       		.byte	0x1
 854 0a52 BF01     		.uahalf	0x1bf
 855 0a54 AB030000 		.uaword	0x3ab
 856 0a58 02       		.byte	0x2
 857 0a59 23       		.byte	0x23
 858 0a5a 04       		.uleb128 0x4
 859 0a5b 0D       		.uleb128 0xd
 860 0a5c 70736574 		.string	"pset"
 860      00
 861 0a61 01       		.byte	0x1
 862 0a62 C001     		.uahalf	0x1c0
 863 0a64 E0080000 		.uaword	0x8e0
 864 0a68 02       		.byte	0x2
 865 0a69 23       		.byte	0x23
 866 0a6a 08       		.uleb128 0x8
 867 0a6b 0D       		.uleb128 0xd
 868 0a6c 62617365 		.string	"base_tpmask"
 868      5F74706D 
 868      61736B00 
 869 0a78 01       		.byte	0x1
 870 0a79 C101     		.uahalf	0x1c1
 871 0a7b 1F090000 		.uaword	0x91f
 872 0a7f 02       		.byte	0x2
 873 0a80 23       		.byte	0x23
 874 0a81 0C       		.uleb128 0xc
 875 0a82 0E       		.uleb128 0xe
 876 0a83 00000000 		.uaword	.LASF6
 877 0a87 01       		.byte	0x1
 878 0a88 C201     		.uahalf	0x1c2
 879 0a8a 1F090000 		.uaword	0x91f
 880 0a8e 02       		.byte	0x2
 881 0a8f 23       		.byte	0x23
 882 0a90 10       		.uleb128 0x10
 883 0a91 0D       		.uleb128 0xd
 884 0a92 636F7265 		.string	"core_id"
 884      5F696400 
 885 0a9a 01       		.byte	0x1
 886 0a9b C301     		.uahalf	0x1c3
 887 0a9d 51040000 		.uaword	0x451
 888 0aa1 02       		.byte	0x2
 889 0aa2 23       		.byte	0x23
 890 0aa3 14       		.uleb128 0x14
 891 0aa4 0D       		.uleb128 0xd
 892 0aa5 696E6465 		.string	"index"
 892      7800
 893 0aab 01       		.byte	0x1
 894 0aac C401     		.uahalf	0x1c4
 895 0aae BB010000 		.uaword	0x1bb
GAS Infineon TriCore Little Endian C:\\Users\\user1\\AppData\\Local\\Temp\\rta_RTAOS_638388406317960277_1736001\\ccEkxz6H.s 			page 21


 896 0ab2 02       		.byte	0x2
 897 0ab3 23       		.byte	0x23
 898 0ab4 18       		.uleb128 0x18
 899 0ab5 0E       		.uleb128 0xe
 900 0ab6 00000000 		.uaword	.LASF5
 901 0aba 01       		.byte	0x1
 902 0abb C501     		.uahalf	0x1c5
 903 0abd 35090000 		.uaword	0x935
 904 0ac1 02       		.byte	0x2
 905 0ac2 23       		.byte	0x23
 906 0ac3 1C       		.uleb128 0x1c
 907 0ac4 0E       		.uleb128 0xe
 908 0ac5 00000000 		.uaword	.LASF3
 909 0ac9 01       		.byte	0x1
 910 0aca C601     		.uahalf	0x1c6
 911 0acc 79010000 		.uaword	0x179
 912 0ad0 02       		.byte	0x2
 913 0ad1 23       		.byte	0x23
 914 0ad2 1D       		.uleb128 0x1d
 915 0ad3 0E       		.uleb128 0xe
 916 0ad4 00000000 		.uaword	.LASF4
 917 0ad8 01       		.byte	0x1
 918 0ad9 C701     		.uahalf	0x1c7
 919 0adb D2030000 		.uaword	0x3d2
 920 0adf 02       		.byte	0x2
 921 0ae0 23       		.byte	0x23
 922 0ae1 1E       		.uleb128 0x1e
 923 0ae2 00       		.byte	0
 924 0ae3 0F       		.uleb128 0xf
 925 0ae4 E80A0000 		.uaword	0xae8
 926 0ae8 08       		.uleb128 0x8
 927 0ae9 04       		.byte	0x4
 928 0aea 0F0A0000 		.uaword	0xa0f
 929 0aee 0A       		.uleb128 0xa
 930 0aef 4F735F54 		.string	"Os_TaskType"
 930      61736B54 
 930      79706500 
 931 0afb 01       		.byte	0x1
 932 0afc C801     		.uahalf	0x1c8
 933 0afe 260A0000 		.uaword	0xa26
 934 0b02 0A       		.uleb128 0xa
 935 0b03 5461736B 		.string	"TaskType"
 935      54797065 
 935      00
 936 0b0c 01       		.byte	0x1
 937 0b0d C901     		.uahalf	0x1c9
 938 0b0f 130B0000 		.uaword	0xb13
 939 0b13 08       		.uleb128 0x8
 940 0b14 04       		.byte	0x4
 941 0b15 190B0000 		.uaword	0xb19
 942 0b19 0F       		.uleb128 0xf
 943 0b1a EE0A0000 		.uaword	0xaee
 944 0b1e 10       		.uleb128 0x10
 945 0b1f 04       		.byte	0x4
 946 0b20 01       		.byte	0x1
 947 0b21 E101     		.uahalf	0x1e1
 948 0b23 420B0000 		.uaword	0xb42
GAS Infineon TriCore Little Endian C:\\Users\\user1\\AppData\\Local\\Temp\\rta_RTAOS_638388406317960277_1736001\\ccEkxz6H.s 			page 22


 949 0b27 12       		.uleb128 0x12
 950 0b28 00000000 		.uaword	.LASF6
 951 0b2c 01       		.byte	0x1
 952 0b2d E201     		.uahalf	0x1e2
 953 0b2f 1F090000 		.uaword	0x91f
 954 0b33 11       		.uleb128 0x11
 955 0b34 696D6173 		.string	"imask"
 955      6B00
 956 0b3a 01       		.byte	0x1
 957 0b3b E301     		.uahalf	0x1e3
 958 0b3d F5060000 		.uaword	0x6f5
 959 0b41 00       		.byte	0
 960 0b42 0C       		.uleb128 0xc
 961 0b43 4F735F52 		.string	"Os_ResourceDynType_s"
 961      65736F75 
 961      72636544 
 961      796E5479 
 961      70655F73 
 962 0b58 0C       		.byte	0xc
 963 0b59 01       		.byte	0x1
 964 0b5a DE01     		.uahalf	0x1de
 965 0b5c A50B0000 		.uaword	0xba5
 966 0b60 0D       		.uleb128 0xd
 967 0b61 61636365 		.string	"access_count"
 967      73735F63 
 967      6F756E74 
 967      00
 968 0b6e 01       		.byte	0x1
 969 0b6f DF01     		.uahalf	0x1df
 970 0b71 21030000 		.uaword	0x321
 971 0b75 02       		.byte	0x2
 972 0b76 23       		.byte	0x23
 973 0b77 00       		.uleb128 0
 974 0b78 0D       		.uleb128 0xd
 975 0b79 6C6F636B 		.string	"locker"
 975      657200
 976 0b80 01       		.byte	0x1
 977 0b81 E001     		.uahalf	0x1e0
 978 0b83 020B0000 		.uaword	0xb02
 979 0b87 02       		.byte	0x2
 980 0b88 23       		.byte	0x23
 981 0b89 04       		.uleb128 0x4
 982 0b8a 0D       		.uleb128 0xd
 983 0b8b 73617665 		.string	"saved_priority"
 983      645F7072 
 983      696F7269 
 983      747900
 984 0b9a 01       		.byte	0x1
 985 0b9b E401     		.uahalf	0x1e4
 986 0b9d 1E0B0000 		.uaword	0xb1e
 987 0ba1 02       		.byte	0x2
 988 0ba2 23       		.byte	0x23
 989 0ba3 08       		.uleb128 0x8
 990 0ba4 00       		.byte	0
 991 0ba5 0A       		.uleb128 0xa
 992 0ba6 4F735F52 		.string	"Os_ResourceDynType"
 992      65736F75 
GAS Infineon TriCore Little Endian C:\\Users\\user1\\AppData\\Local\\Temp\\rta_RTAOS_638388406317960277_1736001\\ccEkxz6H.s 			page 23


 992      72636544 
 992      796E5479 
 992      706500
 993 0bb9 01       		.byte	0x1
 994 0bba E501     		.uahalf	0x1e5
 995 0bbc 420B0000 		.uaword	0xb42
 996 0bc0 0C       		.uleb128 0xc
 997 0bc1 4F735F52 		.string	"Os_ResourceType_s"
 997      65736F75 
 997      72636554 
 997      7970655F 
 997      7300
 998 0bd3 10       		.byte	0x10
 999 0bd4 01       		.byte	0x1
 1000 0bd5 E601     		.uahalf	0x1e6
 1001 0bd7 1A0C0000 		.uaword	0xc1a
 1002 0bdb 0E       		.uleb128 0xe
 1003 0bdc 00000000 		.uaword	.LASF2
 1004 0be0 01       		.byte	0x1
 1005 0be1 E701     		.uahalf	0x1e7
 1006 0be3 1A0C0000 		.uaword	0xc1a
 1007 0be7 02       		.byte	0x2
 1008 0be8 23       		.byte	0x23
 1009 0be9 00       		.uleb128 0
 1010 0bea 0E       		.uleb128 0xe
 1011 0beb 00000000 		.uaword	.LASF6
 1012 0bef 01       		.byte	0x1
 1013 0bf0 E801     		.uahalf	0x1e8
 1014 0bf2 1F090000 		.uaword	0x91f
 1015 0bf6 02       		.byte	0x2
 1016 0bf7 23       		.byte	0x23
 1017 0bf8 04       		.uleb128 0x4
 1018 0bf9 0D       		.uleb128 0xd
 1019 0bfa 696D6173 		.string	"imask"
 1019      6B00
 1020 0c00 01       		.byte	0x1
 1021 0c01 E901     		.uahalf	0x1e9
 1022 0c03 F5060000 		.uaword	0x6f5
 1023 0c07 02       		.byte	0x2
 1024 0c08 23       		.byte	0x23
 1025 0c09 08       		.uleb128 0x8
 1026 0c0a 0E       		.uleb128 0xe
 1027 0c0b 00000000 		.uaword	.LASF3
 1028 0c0f 01       		.byte	0x1
 1029 0c10 EA01     		.uahalf	0x1ea
 1030 0c12 79010000 		.uaword	0x179
 1031 0c16 02       		.byte	0x2
 1032 0c17 23       		.byte	0x23
 1033 0c18 0C       		.uleb128 0xc
 1034 0c19 00       		.byte	0
 1035 0c1a 0F       		.uleb128 0xf
 1036 0c1b 1F0C0000 		.uaword	0xc1f
 1037 0c1f 08       		.uleb128 0x8
 1038 0c20 04       		.byte	0x4
 1039 0c21 A50B0000 		.uaword	0xba5
 1040 0c25 0A       		.uleb128 0xa
 1041 0c26 4F735F52 		.string	"Os_ResourceType"
GAS Infineon TriCore Little Endian C:\\Users\\user1\\AppData\\Local\\Temp\\rta_RTAOS_638388406317960277_1736001\\ccEkxz6H.s 			page 24


 1041      65736F75 
 1041      72636554 
 1041      79706500 
 1042 0c36 01       		.byte	0x1
 1043 0c37 EB01     		.uahalf	0x1eb
 1044 0c39 C00B0000 		.uaword	0xbc0
 1045 0c3d 0A       		.uleb128 0xa
 1046 0c3e 5265736F 		.string	"ResourceType"
 1046      75726365 
 1046      54797065 
 1046      00
 1047 0c4b 01       		.byte	0x1
 1048 0c4c EC01     		.uahalf	0x1ec
 1049 0c4e 520C0000 		.uaword	0xc52
 1050 0c52 08       		.uleb128 0x8
 1051 0c53 04       		.byte	0x4
 1052 0c54 580C0000 		.uaword	0xc58
 1053 0c58 0F       		.uleb128 0xf
 1054 0c59 250C0000 		.uaword	0xc25
 1055 0c5d 0A       		.uleb128 0xa
 1056 0c5e 4F535365 		.string	"OSServiceIdType"
 1056      72766963 
 1056      65496454 
 1056      79706500 
 1057 0c6e 01       		.byte	0x1
 1058 0c6f 5102     		.uahalf	0x251
 1059 0c71 86010000 		.uaword	0x186
 1060 0c75 0A       		.uleb128 0xa
 1061 0c76 4F735F42 		.string	"Os_BiggestType"
 1061      69676765 
 1061      73745479 
 1061      706500
 1062 0c85 01       		.byte	0x1
 1063 0c86 2503     		.uahalf	0x325
 1064 0c88 C9010000 		.uaword	0x1c9
 1065 0c8c 13       		.uleb128 0x13
 1066 0c8d 10       		.byte	0x10
 1067 0c8e 01       		.byte	0x1
 1068 0c8f 2703     		.uahalf	0x327
 1069 0c91 FA0C0000 		.uaword	0xcfa
 1070 0c95 0D       		.uleb128 0xd
 1071 0c96 73657276 		.string	"service_id"
 1071      6963655F 
 1071      696400
 1072 0ca1 01       		.byte	0x1
 1073 0ca2 2803     		.uahalf	0x328
 1074 0ca4 5D0C0000 		.uaword	0xc5d
 1075 0ca8 02       		.byte	0x2
 1076 0ca9 23       		.byte	0x23
 1077 0caa 00       		.uleb128 0
 1078 0cab 0D       		.uleb128 0xd
 1079 0cac 73657276 		.string	"service_param1"
 1079      6963655F 
 1079      70617261 
 1079      6D3100
 1080 0cbb 01       		.byte	0x1
 1081 0cbc 2903     		.uahalf	0x329
GAS Infineon TriCore Little Endian C:\\Users\\user1\\AppData\\Local\\Temp\\rta_RTAOS_638388406317960277_1736001\\ccEkxz6H.s 			page 25


 1082 0cbe 750C0000 		.uaword	0xc75
 1083 0cc2 02       		.byte	0x2
 1084 0cc3 23       		.byte	0x23
 1085 0cc4 04       		.uleb128 0x4
 1086 0cc5 0D       		.uleb128 0xd
 1087 0cc6 73657276 		.string	"service_param2"
 1087      6963655F 
 1087      70617261 
 1087      6D3200
 1088 0cd5 01       		.byte	0x1
 1089 0cd6 2A03     		.uahalf	0x32a
 1090 0cd8 750C0000 		.uaword	0xc75
 1091 0cdc 02       		.byte	0x2
 1092 0cdd 23       		.byte	0x23
 1093 0cde 08       		.uleb128 0x8
 1094 0cdf 0D       		.uleb128 0xd
 1095 0ce0 73657276 		.string	"service_param3"
 1095      6963655F 
 1095      70617261 
 1095      6D3300
 1096 0cef 01       		.byte	0x1
 1097 0cf0 2B03     		.uahalf	0x32b
 1098 0cf2 750C0000 		.uaword	0xc75
 1099 0cf6 02       		.byte	0x2
 1100 0cf7 23       		.byte	0x23
 1101 0cf8 0C       		.uleb128 0xc
 1102 0cf9 00       		.byte	0
 1103 0cfa 0A       		.uleb128 0xa
 1104 0cfb 4F735F45 		.string	"Os_ErrorInformationType"
 1104      72726F72 
 1104      496E666F 
 1104      726D6174 
 1104      696F6E54 
 1105 0d13 01       		.byte	0x1
 1106 0d14 2C03     		.uahalf	0x32c
 1107 0d16 8C0C0000 		.uaword	0xc8c
 1108 0d1a 0A       		.uleb128 0xa
 1109 0d1b 4F735F4F 		.string	"Os_OrtiIdType"
 1109      72746949 
 1109      64547970 
 1109      6500
 1110 0d29 01       		.byte	0x1
 1111 0d2a 3003     		.uahalf	0x330
 1112 0d2c 86010000 		.uaword	0x186
 1113 0d30 0B       		.uleb128 0xb
 1114 0d31 E0080000 		.uaword	0x8e0
 1115 0d35 0B       		.uleb128 0xb
 1116 0d36 48080000 		.uaword	0x848
 1117 0d3a 0B       		.uleb128 0xb
 1118 0d3b 020B0000 		.uaword	0xb02
 1119 0d3f 0B       		.uleb128 0xb
 1120 0d40 1F090000 		.uaword	0x91f
 1121 0d44 0B       		.uleb128 0xb
 1122 0d45 1D040000 		.uaword	0x41d
 1123 0d49 0B       		.uleb128 0xb
 1124 0d4a D2030000 		.uaword	0x3d2
 1125 0d4e 0A       		.uleb128 0xa
GAS Infineon TriCore Little Endian C:\\Users\\user1\\AppData\\Local\\Temp\\rta_RTAOS_638388406317960277_1736001\\ccEkxz6H.s 			page 26


 1126 0d4f 4F735F43 		.string	"Os_ControlledCoreType"
 1126      6F6E7472 
 1126      6F6C6C65 
 1126      64436F72 
 1126      65547970 
 1127 0d65 01       		.byte	0x1
 1128 0d66 2404     		.uahalf	0x424
 1129 0d68 69040000 		.uaword	0x469
 1130 0d6c 0C       		.uleb128 0xc
 1131 0d6d 4F735F41 		.string	"Os_AnyCoreType_s"
 1131      6E79436F 
 1131      72655479 
 1131      70655F73 
 1131      00
 1132 0d7e 64       		.byte	0x64
 1133 0d7f 01       		.byte	0x1
 1134 0d80 3204     		.uahalf	0x432
 1135 0d82 A50E0000 		.uaword	0xea5
 1136 0d86 0D       		.uleb128 0xd
 1137 0d87 44697361 		.string	"DisableAllImask"
 1137      626C6541 
 1137      6C6C496D 
 1137      61736B00 
 1138 0d97 01       		.byte	0x1
 1139 0d98 3304     		.uahalf	0x433
 1140 0d9a A50E0000 		.uaword	0xea5
 1141 0d9e 02       		.byte	0x2
 1142 0d9f 23       		.byte	0x23
 1143 0da0 00       		.uleb128 0
 1144 0da1 0D       		.uleb128 0xd
 1145 0da2 53757370 		.string	"SuspendAllImask"
 1145      656E6441 
 1145      6C6C496D 
 1145      61736B00 
 1146 0db2 01       		.byte	0x1
 1147 0db3 3404     		.uahalf	0x434
 1148 0db5 A50E0000 		.uaword	0xea5
 1149 0db9 02       		.byte	0x2
 1150 0dba 23       		.byte	0x23
 1151 0dbb 04       		.uleb128 0x4
 1152 0dbc 0D       		.uleb128 0xd
 1153 0dbd 53757370 		.string	"SuspendOSImask"
 1153      656E644F 
 1153      53496D61 
 1153      736B00
 1154 0dcc 01       		.byte	0x1
 1155 0dcd 3504     		.uahalf	0x435
 1156 0dcf A50E0000 		.uaword	0xea5
 1157 0dd3 02       		.byte	0x2
 1158 0dd4 23       		.byte	0x23
 1159 0dd5 08       		.uleb128 0x8
 1160 0dd6 0D       		.uleb128 0xd
 1161 0dd7 44697361 		.string	"DisableAllCount"
 1161      626C6541 
 1161      6C6C436F 
 1161      756E7400 
 1162 0de7 01       		.byte	0x1
GAS Infineon TriCore Little Endian C:\\Users\\user1\\AppData\\Local\\Temp\\rta_RTAOS_638388406317960277_1736001\\ccEkxz6H.s 			page 27


 1163 0de8 3604     		.uahalf	0x436
 1164 0dea AA0E0000 		.uaword	0xeaa
 1165 0dee 02       		.byte	0x2
 1166 0def 23       		.byte	0x23
 1167 0df0 0C       		.uleb128 0xc
 1168 0df1 0D       		.uleb128 0xd
 1169 0df2 53757370 		.string	"SuspendAllCount"
 1169      656E6441 
 1169      6C6C436F 
 1169      756E7400 
 1170 0e02 01       		.byte	0x1
 1171 0e03 3704     		.uahalf	0x437
 1172 0e05 AA0E0000 		.uaword	0xeaa
 1173 0e09 02       		.byte	0x2
 1174 0e0a 23       		.byte	0x23
 1175 0e0b 10       		.uleb128 0x10
 1176 0e0c 0D       		.uleb128 0xd
 1177 0e0d 53757370 		.string	"SuspendOSCount"
 1177      656E644F 
 1177      53436F75 
 1177      6E7400
 1178 0e1c 01       		.byte	0x1
 1179 0e1d 3804     		.uahalf	0x438
 1180 0e1f AA0E0000 		.uaword	0xeaa
 1181 0e23 02       		.byte	0x2
 1182 0e24 23       		.byte	0x23
 1183 0e25 14       		.uleb128 0x14
 1184 0e26 0D       		.uleb128 0xd
 1185 0e27 4F727469 		.string	"OrtiApiID"
 1185      41706949 
 1185      4400
 1186 0e31 01       		.byte	0x1
 1187 0e32 3904     		.uahalf	0x439
 1188 0e34 AF0E0000 		.uaword	0xeaf
 1189 0e38 02       		.byte	0x2
 1190 0e39 23       		.byte	0x23
 1191 0e3a 18       		.uleb128 0x18
 1192 0e3b 0D       		.uleb128 0xd
 1193 0e3c 4F727469 		.string	"OrtiLastError"
 1193      4C617374 
 1193      4572726F 
 1193      7200
 1194 0e4a 01       		.byte	0x1
 1195 0e4b 3A04     		.uahalf	0x43a
 1196 0e4d 49020000 		.uaword	0x249
 1197 0e51 02       		.byte	0x2
 1198 0e52 23       		.byte	0x23
 1199 0e53 19       		.uleb128 0x19
 1200 0e54 0D       		.uleb128 0xd
 1201 0e55 52657374 		.string	"RestartJumpBuf"
 1201      6172744A 
 1201      756D7042 
 1201      756600
 1202 0e64 01       		.byte	0x1
 1203 0e65 3B04     		.uahalf	0x43b
 1204 0e67 FB020000 		.uaword	0x2fb
 1205 0e6b 02       		.byte	0x2
GAS Infineon TriCore Little Endian C:\\Users\\user1\\AppData\\Local\\Temp\\rta_RTAOS_638388406317960277_1736001\\ccEkxz6H.s 			page 28


 1206 0e6c 23       		.byte	0x23
 1207 0e6d 1C       		.uleb128 0x1c
 1208 0e6e 0D       		.uleb128 0xd
 1209 0e6f 52657374 		.string	"Restartable"
 1209      61727461 
 1209      626C6500 
 1210 0e7b 01       		.byte	0x1
 1211 0e7c 3C04     		.uahalf	0x43c
 1212 0e7e 3A020000 		.uaword	0x23a
 1213 0e82 02       		.byte	0x2
 1214 0e83 23       		.byte	0x23
 1215 0e84 60       		.uleb128 0x60
 1216 0e85 0D       		.uleb128 0xd
 1217 0e86 4C617374 		.string	"LastProtectionFault"
 1217      50726F74 
 1217      65637469 
 1217      6F6E4661 
 1217      756C7400 
 1218 0e9a 01       		.byte	0x1
 1219 0e9b 3D04     		.uahalf	0x43d
 1220 0e9d 49020000 		.uaword	0x249
 1221 0ea1 02       		.byte	0x2
 1222 0ea2 23       		.byte	0x23
 1223 0ea3 61       		.uleb128 0x61
 1224 0ea4 00       		.byte	0
 1225 0ea5 0B       		.uleb128 0xb
 1226 0ea6 F5060000 		.uaword	0x6f5
 1227 0eaa 0B       		.uleb128 0xb
 1228 0eab BB010000 		.uaword	0x1bb
 1229 0eaf 0B       		.uleb128 0xb
 1230 0eb0 1A0D0000 		.uaword	0xd1a
 1231 0eb4 0A       		.uleb128 0xa
 1232 0eb5 4F735F41 		.string	"Os_AnyCoreType"
 1232      6E79436F 
 1232      72655479 
 1232      706500
 1233 0ec4 01       		.byte	0x1
 1234 0ec5 3E04     		.uahalf	0x43e
 1235 0ec7 6C0D0000 		.uaword	0xd6c
 1236 0ecb 0C       		.uleb128 0xc
 1237 0ecc 4F735F43 		.string	"Os_CoreConfiguration_s"
 1237      6F726543 
 1237      6F6E6669 
 1237      67757261 
 1237      74696F6E 
 1238 0ee3 18       		.byte	0x18
 1239 0ee4 01       		.byte	0x1
 1240 0ee5 4904     		.uahalf	0x449
 1241 0ee7 650F0000 		.uaword	0xf65
 1242 0eeb 0D       		.uleb128 0xd
 1243 0eec 636F6E74 		.string	"controlled"
 1243      726F6C6C 
 1243      656400
 1244 0ef7 01       		.byte	0x1
 1245 0ef8 4A04     		.uahalf	0x44a
 1246 0efa 650F0000 		.uaword	0xf65
 1247 0efe 02       		.byte	0x2
GAS Infineon TriCore Little Endian C:\\Users\\user1\\AppData\\Local\\Temp\\rta_RTAOS_638388406317960277_1736001\\ccEkxz6H.s 			page 29


 1248 0eff 23       		.byte	0x23
 1249 0f00 00       		.uleb128 0
 1250 0f01 0D       		.uleb128 0xd
 1251 0f02 616E7900 		.string	"any"
 1252 0f06 01       		.byte	0x1
 1253 0f07 4B04     		.uahalf	0x44b
 1254 0f09 700F0000 		.uaword	0xf70
 1255 0f0d 02       		.byte	0x2
 1256 0f0e 23       		.byte	0x23
 1257 0f0f 04       		.uleb128 0x4
 1258 0f10 0D       		.uleb128 0xd
 1259 0f11 73746174 		.string	"state"
 1259      6500
 1260 0f17 01       		.byte	0x1
 1261 0f18 4C04     		.uahalf	0x44c
 1262 0f1a 7B0F0000 		.uaword	0xf7b
 1263 0f1e 02       		.byte	0x2
 1264 0f1f 23       		.byte	0x23
 1265 0f20 08       		.uleb128 0x8
 1266 0f21 0D       		.uleb128 0xd
 1267 0f22 64697370 		.string	"dispatch"
 1267      61746368 
 1267      00
 1268 0f2b 01       		.byte	0x1
 1269 0f2c 4D04     		.uahalf	0x44d
 1270 0f2e AB030000 		.uaword	0x3ab
 1271 0f32 02       		.byte	0x2
 1272 0f33 23       		.byte	0x23
 1273 0f34 0C       		.uleb128 0xc
 1274 0f35 0D       		.uleb128 0xd
 1275 0f36 4F735F52 		.string	"Os_Res_Scheduler"
 1275      65735F53 
 1275      63686564 
 1275      756C6572 
 1275      00
 1276 0f47 01       		.byte	0x1
 1277 0f48 4E04     		.uahalf	0x44e
 1278 0f4a 3D0C0000 		.uaword	0xc3d
 1279 0f4e 02       		.byte	0x2
 1280 0f4f 23       		.byte	0x23
 1281 0f50 10       		.uleb128 0x10
 1282 0f51 0D       		.uleb128 0xd
 1283 0f52 636F7265 		.string	"core_id"
 1283      5F696400 
 1284 0f5a 01       		.byte	0x1
 1285 0f5b 4F04     		.uahalf	0x44f
 1286 0f5d 51040000 		.uaword	0x451
 1287 0f61 02       		.byte	0x2
 1288 0f62 23       		.byte	0x23
 1289 0f63 14       		.uleb128 0x14
 1290 0f64 00       		.byte	0
 1291 0f65 0F       		.uleb128 0xf
 1292 0f66 6A0F0000 		.uaword	0xf6a
 1293 0f6a 08       		.uleb128 0x8
 1294 0f6b 04       		.byte	0x4
 1295 0f6c 4E0D0000 		.uaword	0xd4e
 1296 0f70 0F       		.uleb128 0xf
GAS Infineon TriCore Little Endian C:\\Users\\user1\\AppData\\Local\\Temp\\rta_RTAOS_638388406317960277_1736001\\ccEkxz6H.s 			page 30


 1297 0f71 750F0000 		.uaword	0xf75
 1298 0f75 08       		.uleb128 0x8
 1299 0f76 04       		.byte	0x4
 1300 0f77 B40E0000 		.uaword	0xeb4
 1301 0f7b 0F       		.uleb128 0xf
 1302 0f7c 800F0000 		.uaword	0xf80
 1303 0f80 08       		.uleb128 0x8
 1304 0f81 04       		.byte	0x4
 1305 0f82 860F0000 		.uaword	0xf86
 1306 0f86 0B       		.uleb128 0xb
 1307 0f87 E9030000 		.uaword	0x3e9
 1308 0f8b 0A       		.uleb128 0xa
 1309 0f8c 4F735F43 		.string	"Os_CoreConfiguration"
 1309      6F726543 
 1309      6F6E6669 
 1309      67757261 
 1309      74696F6E 
 1310 0fa1 01       		.byte	0x1
 1311 0fa2 5004     		.uahalf	0x450
 1312 0fa4 CB0E0000 		.uaword	0xecb
 1313 0fa8 14       		.uleb128 0x14
 1314 0fa9 01       		.byte	0x1
 1315 0faa 4F735F43 		.string	"Os_CrossCore0Check"
 1315      726F7373 
 1315      436F7265 
 1315      30436865 
 1315      636B00
 1316 0fbd 01       		.byte	0x1
 1317 0fbe 5E05     		.uahalf	0x55e
 1318 0fc0 01       		.byte	0x1
 1319 0fc1 01       		.byte	0x1
 1320 0fc2 DF0F0000 		.uaword	0xfdf
 1321 0fc6 15       		.uleb128 0x15
 1322 0fc7 00000000 		.uaword	.LASF7
 1323 0fcb 01       		.byte	0x1
 1324 0fcc 5E05     		.uahalf	0x55e
 1325 0fce 6A0F0000 		.uaword	0xf6a
 1326 0fd2 15       		.uleb128 0x15
 1327 0fd3 00000000 		.uaword	.LASF8
 1328 0fd7 01       		.byte	0x1
 1329 0fd8 5E05     		.uahalf	0x55e
 1330 0fda DF0F0000 		.uaword	0xfdf
 1331 0fde 00       		.byte	0
 1332 0fdf 08       		.uleb128 0x8
 1333 0fe0 04       		.byte	0x4
 1334 0fe1 E50F0000 		.uaword	0xfe5
 1335 0fe5 0F       		.uleb128 0xf
 1336 0fe6 8B0F0000 		.uaword	0xf8b
 1337 0fea 14       		.uleb128 0x14
 1338 0feb 01       		.byte	0x1
 1339 0fec 4F735F43 		.string	"Os_CrossCore1Check"
 1339      726F7373 
 1339      436F7265 
 1339      31436865 
 1339      636B00
 1340 0fff 01       		.byte	0x1
 1341 1000 6905     		.uahalf	0x569
GAS Infineon TriCore Little Endian C:\\Users\\user1\\AppData\\Local\\Temp\\rta_RTAOS_638388406317960277_1736001\\ccEkxz6H.s 			page 31


 1342 1002 01       		.byte	0x1
 1343 1003 01       		.byte	0x1
 1344 1004 21100000 		.uaword	0x1021
 1345 1008 15       		.uleb128 0x15
 1346 1009 00000000 		.uaword	.LASF7
 1347 100d 01       		.byte	0x1
 1348 100e 6905     		.uahalf	0x569
 1349 1010 6A0F0000 		.uaword	0xf6a
 1350 1014 15       		.uleb128 0x15
 1351 1015 00000000 		.uaword	.LASF8
 1352 1019 01       		.byte	0x1
 1353 101a 6905     		.uahalf	0x569
 1354 101c DF0F0000 		.uaword	0xfdf
 1355 1020 00       		.byte	0
 1356 1021 14       		.uleb128 0x14
 1357 1022 01       		.byte	0x1
 1358 1023 4F735F43 		.string	"Os_CrossCore2Check"
 1358      726F7373 
 1358      436F7265 
 1358      32436865 
 1358      636B00
 1359 1036 01       		.byte	0x1
 1360 1037 7405     		.uahalf	0x574
 1361 1039 01       		.byte	0x1
 1362 103a 01       		.byte	0x1
 1363 103b 58100000 		.uaword	0x1058
 1364 103f 15       		.uleb128 0x15
 1365 1040 00000000 		.uaword	.LASF7
 1366 1044 01       		.byte	0x1
 1367 1045 7405     		.uahalf	0x574
 1368 1047 6A0F0000 		.uaword	0xf6a
 1369 104b 15       		.uleb128 0x15
 1370 104c 00000000 		.uaword	.LASF8
 1371 1050 01       		.byte	0x1
 1372 1051 7405     		.uahalf	0x574
 1373 1053 DF0F0000 		.uaword	0xfdf
 1374 1057 00       		.byte	0
 1375 1058 16       		.uleb128 0x16
 1376 1059 A80F0000 		.uaword	0xfa8
 1377 105d 00000000 		.uaword	.LFB0
 1378 1061 00000000 		.uaword	.LFE0
 1379 1065 02       		.byte	0x2
 1380 1066 8A       		.byte	0x8a
 1381 1067 00       		.sleb128 0
 1382 1068 01       		.byte	0x1
 1383 1069 7C100000 		.uaword	0x107c
 1384 106d 17       		.uleb128 0x17
 1385 106e C60F0000 		.uaword	0xfc6
 1386 1072 01       		.byte	0x1
 1387 1073 64       		.byte	0x64
 1388 1074 17       		.uleb128 0x17
 1389 1075 D20F0000 		.uaword	0xfd2
 1390 1079 01       		.byte	0x1
 1391 107a 65       		.byte	0x65
 1392 107b 00       		.byte	0
 1393 107c 16       		.uleb128 0x16
 1394 107d EA0F0000 		.uaword	0xfea
GAS Infineon TriCore Little Endian C:\\Users\\user1\\AppData\\Local\\Temp\\rta_RTAOS_638388406317960277_1736001\\ccEkxz6H.s 			page 32


 1395 1081 00000000 		.uaword	.LFB1
 1396 1085 00000000 		.uaword	.LFE1
 1397 1089 02       		.byte	0x2
 1398 108a 8A       		.byte	0x8a
 1399 108b 00       		.sleb128 0
 1400 108c 01       		.byte	0x1
 1401 108d A0100000 		.uaword	0x10a0
 1402 1091 17       		.uleb128 0x17
 1403 1092 08100000 		.uaword	0x1008
 1404 1096 01       		.byte	0x1
 1405 1097 64       		.byte	0x64
 1406 1098 17       		.uleb128 0x17
 1407 1099 14100000 		.uaword	0x1014
 1408 109d 01       		.byte	0x1
 1409 109e 65       		.byte	0x65
 1410 109f 00       		.byte	0
 1411 10a0 16       		.uleb128 0x16
 1412 10a1 21100000 		.uaword	0x1021
 1413 10a5 00000000 		.uaword	.LFB2
 1414 10a9 00000000 		.uaword	.LFE2
 1415 10ad 02       		.byte	0x2
 1416 10ae 8A       		.byte	0x8a
 1417 10af 00       		.sleb128 0
 1418 10b0 01       		.byte	0x1
 1419 10b1 C4100000 		.uaword	0x10c4
 1420 10b5 17       		.uleb128 0x17
 1421 10b6 3F100000 		.uaword	0x103f
 1422 10ba 01       		.byte	0x1
 1423 10bb 64       		.byte	0x64
 1424 10bc 17       		.uleb128 0x17
 1425 10bd 4B100000 		.uaword	0x104b
 1426 10c1 01       		.byte	0x1
 1427 10c2 65       		.byte	0x65
 1428 10c3 00       		.byte	0
 1429 10c4 18       		.uleb128 0x18
 1430 10c5 01       		.byte	0x1
 1431 10c6 4F735F43 		.string	"Os_CrossCoreCheck"
 1431      726F7373 
 1431      436F7265 
 1431      43686563 
 1431      6B00
 1432 10d8 01       		.byte	0x1
 1433 10d9 7D05     		.uahalf	0x57d
 1434 10db 01       		.byte	0x1
 1435 10dc 00000000 		.uaword	.LFB3
 1436 10e0 00000000 		.uaword	.LFE3
 1437 10e4 02       		.byte	0x2
 1438 10e5 8A       		.byte	0x8a
 1439 10e6 00       		.sleb128 0
 1440 10e7 01       		.byte	0x1
 1441 10e8 17110000 		.uaword	0x1117
 1442 10ec 19       		.uleb128 0x19
 1443 10ed 00000000 		.uaword	.LASF7
 1444 10f1 01       		.byte	0x1
 1445 10f2 7D05     		.uahalf	0x57d
 1446 10f4 6A0F0000 		.uaword	0xf6a
 1447 10f8 00000000 		.uaword	.LLST0
GAS Infineon TriCore Little Endian C:\\Users\\user1\\AppData\\Local\\Temp\\rta_RTAOS_638388406317960277_1736001\\ccEkxz6H.s 			page 33


 1448 10fc 19       		.uleb128 0x19
 1449 10fd 00000000 		.uaword	.LASF8
 1450 1101 01       		.byte	0x1
 1451 1102 7D05     		.uahalf	0x57d
 1452 1104 DF0F0000 		.uaword	0xfdf
 1453 1108 00000000 		.uaword	.LLST1
 1454 110c 1A       		.uleb128 0x1a
 1455 110d 00000000 		.uaword	.LVL4
 1456 1111 01       		.byte	0x1
 1457 1112 3F110000 		.uaword	0x113f
 1458 1116 00       		.byte	0
 1459 1117 1B       		.uleb128 0x1b
 1460 1118 4F735F53 		.string	"Os_ShutdownAllCores_Indicator"
 1460      68757464 
 1460      6F776E41 
 1460      6C6C436F 
 1460      7265735F 
 1461 1136 01       		.byte	0x1
 1462 1137 6004     		.uahalf	0x460
 1463 1139 49020000 		.uaword	0x249
 1464 113d 01       		.byte	0x1
 1465 113e 01       		.byte	0x1
 1466 113f 1C       		.uleb128 0x1c
 1467 1140 01       		.byte	0x1
 1468 1141 4F735F53 		.string	"Os_ShutdownOS"
 1468      68757464 
 1468      6F776E4F 
 1468      5300
 1469 114f 01       		.byte	0x1
 1470 1150 DE04     		.uahalf	0x4de
 1471 1152 01       		.byte	0x1
 1472 1153 01       		.byte	0x1
 1473 1154 1D       		.uleb128 0x1d
 1474 1155 49020000 		.uaword	0x249
 1475 1159 00       		.byte	0
 1476 115a 00       		.byte	0
 1477              	.section .debug_abbrev,"",@progbits
 1478              	.Ldebug_abbrev0:
 1479 0000 01       		.uleb128 0x1
 1480 0001 11       		.uleb128 0x11
 1481 0002 01       		.byte	0x1
 1482 0003 25       		.uleb128 0x25
 1483 0004 08       		.uleb128 0x8
 1484 0005 13       		.uleb128 0x13
 1485 0006 0B       		.uleb128 0xb
 1486 0007 03       		.uleb128 0x3
 1487 0008 08       		.uleb128 0x8
 1488 0009 55       		.uleb128 0x55
 1489 000a 06       		.uleb128 0x6
 1490 000b 11       		.uleb128 0x11
 1491 000c 01       		.uleb128 0x1
 1492 000d 52       		.uleb128 0x52
 1493 000e 01       		.uleb128 0x1
 1494 000f 10       		.uleb128 0x10
 1495 0010 06       		.uleb128 0x6
 1496 0011 00       		.byte	0
 1497 0012 00       		.byte	0
GAS Infineon TriCore Little Endian C:\\Users\\user1\\AppData\\Local\\Temp\\rta_RTAOS_638388406317960277_1736001\\ccEkxz6H.s 			page 34


 1498 0013 02       		.uleb128 0x2
 1499 0014 16       		.uleb128 0x16
 1500 0015 00       		.byte	0
 1501 0016 03       		.uleb128 0x3
 1502 0017 08       		.uleb128 0x8
 1503 0018 3A       		.uleb128 0x3a
 1504 0019 0B       		.uleb128 0xb
 1505 001a 3B       		.uleb128 0x3b
 1506 001b 0B       		.uleb128 0xb
 1507 001c 49       		.uleb128 0x49
 1508 001d 13       		.uleb128 0x13
 1509 001e 00       		.byte	0
 1510 001f 00       		.byte	0
 1511 0020 03       		.uleb128 0x3
 1512 0021 24       		.uleb128 0x24
 1513 0022 00       		.byte	0
 1514 0023 0B       		.uleb128 0xb
 1515 0024 0B       		.uleb128 0xb
 1516 0025 3E       		.uleb128 0x3e
 1517 0026 0B       		.uleb128 0xb
 1518 0027 03       		.uleb128 0x3
 1519 0028 08       		.uleb128 0x8
 1520 0029 00       		.byte	0
 1521 002a 00       		.byte	0
 1522 002b 04       		.uleb128 0x4
 1523 002c 13       		.uleb128 0x13
 1524 002d 01       		.byte	0x1
 1525 002e 0B       		.uleb128 0xb
 1526 002f 0B       		.uleb128 0xb
 1527 0030 3A       		.uleb128 0x3a
 1528 0031 0B       		.uleb128 0xb
 1529 0032 3B       		.uleb128 0x3b
 1530 0033 0B       		.uleb128 0xb
 1531 0034 01       		.uleb128 0x1
 1532 0035 13       		.uleb128 0x13
 1533 0036 00       		.byte	0
 1534 0037 00       		.byte	0
 1535 0038 05       		.uleb128 0x5
 1536 0039 0D       		.uleb128 0xd
 1537 003a 00       		.byte	0
 1538 003b 03       		.uleb128 0x3
 1539 003c 08       		.uleb128 0x8
 1540 003d 3A       		.uleb128 0x3a
 1541 003e 0B       		.uleb128 0xb
 1542 003f 3B       		.uleb128 0x3b
 1543 0040 0B       		.uleb128 0xb
 1544 0041 49       		.uleb128 0x49
 1545 0042 13       		.uleb128 0x13
 1546 0043 38       		.uleb128 0x38
 1547 0044 0A       		.uleb128 0xa
 1548 0045 00       		.byte	0
 1549 0046 00       		.byte	0
 1550 0047 06       		.uleb128 0x6
 1551 0048 01       		.uleb128 0x1
 1552 0049 01       		.byte	0x1
 1553 004a 49       		.uleb128 0x49
 1554 004b 13       		.uleb128 0x13
GAS Infineon TriCore Little Endian C:\\Users\\user1\\AppData\\Local\\Temp\\rta_RTAOS_638388406317960277_1736001\\ccEkxz6H.s 			page 35


 1555 004c 01       		.uleb128 0x1
 1556 004d 13       		.uleb128 0x13
 1557 004e 00       		.byte	0
 1558 004f 00       		.byte	0
 1559 0050 07       		.uleb128 0x7
 1560 0051 21       		.uleb128 0x21
 1561 0052 00       		.byte	0
 1562 0053 49       		.uleb128 0x49
 1563 0054 13       		.uleb128 0x13
 1564 0055 2F       		.uleb128 0x2f
 1565 0056 0B       		.uleb128 0xb
 1566 0057 00       		.byte	0
 1567 0058 00       		.byte	0
 1568 0059 08       		.uleb128 0x8
 1569 005a 0F       		.uleb128 0xf
 1570 005b 00       		.byte	0
 1571 005c 0B       		.uleb128 0xb
 1572 005d 0B       		.uleb128 0xb
 1573 005e 49       		.uleb128 0x49
 1574 005f 13       		.uleb128 0x13
 1575 0060 00       		.byte	0
 1576 0061 00       		.byte	0
 1577 0062 09       		.uleb128 0x9
 1578 0063 15       		.uleb128 0x15
 1579 0064 00       		.byte	0
 1580 0065 27       		.uleb128 0x27
 1581 0066 0C       		.uleb128 0xc
 1582 0067 00       		.byte	0
 1583 0068 00       		.byte	0
 1584 0069 0A       		.uleb128 0xa
 1585 006a 16       		.uleb128 0x16
 1586 006b 00       		.byte	0
 1587 006c 03       		.uleb128 0x3
 1588 006d 08       		.uleb128 0x8
 1589 006e 3A       		.uleb128 0x3a
 1590 006f 0B       		.uleb128 0xb
 1591 0070 3B       		.uleb128 0x3b
 1592 0071 05       		.uleb128 0x5
 1593 0072 49       		.uleb128 0x49
 1594 0073 13       		.uleb128 0x13
 1595 0074 00       		.byte	0
 1596 0075 00       		.byte	0
 1597 0076 0B       		.uleb128 0xb
 1598 0077 35       		.uleb128 0x35
 1599 0078 00       		.byte	0
 1600 0079 49       		.uleb128 0x49
 1601 007a 13       		.uleb128 0x13
 1602 007b 00       		.byte	0
 1603 007c 00       		.byte	0
 1604 007d 0C       		.uleb128 0xc
 1605 007e 13       		.uleb128 0x13
 1606 007f 01       		.byte	0x1
 1607 0080 03       		.uleb128 0x3
 1608 0081 08       		.uleb128 0x8
 1609 0082 0B       		.uleb128 0xb
 1610 0083 0B       		.uleb128 0xb
 1611 0084 3A       		.uleb128 0x3a
GAS Infineon TriCore Little Endian C:\\Users\\user1\\AppData\\Local\\Temp\\rta_RTAOS_638388406317960277_1736001\\ccEkxz6H.s 			page 36


 1612 0085 0B       		.uleb128 0xb
 1613 0086 3B       		.uleb128 0x3b
 1614 0087 05       		.uleb128 0x5
 1615 0088 01       		.uleb128 0x1
 1616 0089 13       		.uleb128 0x13
 1617 008a 00       		.byte	0
 1618 008b 00       		.byte	0
 1619 008c 0D       		.uleb128 0xd
 1620 008d 0D       		.uleb128 0xd
 1621 008e 00       		.byte	0
 1622 008f 03       		.uleb128 0x3
 1623 0090 08       		.uleb128 0x8
 1624 0091 3A       		.uleb128 0x3a
 1625 0092 0B       		.uleb128 0xb
 1626 0093 3B       		.uleb128 0x3b
 1627 0094 05       		.uleb128 0x5
 1628 0095 49       		.uleb128 0x49
 1629 0096 13       		.uleb128 0x13
 1630 0097 38       		.uleb128 0x38
 1631 0098 0A       		.uleb128 0xa
 1632 0099 00       		.byte	0
 1633 009a 00       		.byte	0
 1634 009b 0E       		.uleb128 0xe
 1635 009c 0D       		.uleb128 0xd
 1636 009d 00       		.byte	0
 1637 009e 03       		.uleb128 0x3
 1638 009f 0E       		.uleb128 0xe
 1639 00a0 3A       		.uleb128 0x3a
 1640 00a1 0B       		.uleb128 0xb
 1641 00a2 3B       		.uleb128 0x3b
 1642 00a3 05       		.uleb128 0x5
 1643 00a4 49       		.uleb128 0x49
 1644 00a5 13       		.uleb128 0x13
 1645 00a6 38       		.uleb128 0x38
 1646 00a7 0A       		.uleb128 0xa
 1647 00a8 00       		.byte	0
 1648 00a9 00       		.byte	0
 1649 00aa 0F       		.uleb128 0xf
 1650 00ab 26       		.uleb128 0x26
 1651 00ac 00       		.byte	0
 1652 00ad 49       		.uleb128 0x49
 1653 00ae 13       		.uleb128 0x13
 1654 00af 00       		.byte	0
 1655 00b0 00       		.byte	0
 1656 00b1 10       		.uleb128 0x10
 1657 00b2 17       		.uleb128 0x17
 1658 00b3 01       		.byte	0x1
 1659 00b4 0B       		.uleb128 0xb
 1660 00b5 0B       		.uleb128 0xb
 1661 00b6 3A       		.uleb128 0x3a
 1662 00b7 0B       		.uleb128 0xb
 1663 00b8 3B       		.uleb128 0x3b
 1664 00b9 05       		.uleb128 0x5
 1665 00ba 01       		.uleb128 0x1
 1666 00bb 13       		.uleb128 0x13
 1667 00bc 00       		.byte	0
 1668 00bd 00       		.byte	0
GAS Infineon TriCore Little Endian C:\\Users\\user1\\AppData\\Local\\Temp\\rta_RTAOS_638388406317960277_1736001\\ccEkxz6H.s 			page 37


 1669 00be 11       		.uleb128 0x11
 1670 00bf 0D       		.uleb128 0xd
 1671 00c0 00       		.byte	0
 1672 00c1 03       		.uleb128 0x3
 1673 00c2 08       		.uleb128 0x8
 1674 00c3 3A       		.uleb128 0x3a
 1675 00c4 0B       		.uleb128 0xb
 1676 00c5 3B       		.uleb128 0x3b
 1677 00c6 05       		.uleb128 0x5
 1678 00c7 49       		.uleb128 0x49
 1679 00c8 13       		.uleb128 0x13
 1680 00c9 00       		.byte	0
 1681 00ca 00       		.byte	0
 1682 00cb 12       		.uleb128 0x12
 1683 00cc 0D       		.uleb128 0xd
 1684 00cd 00       		.byte	0
 1685 00ce 03       		.uleb128 0x3
 1686 00cf 0E       		.uleb128 0xe
 1687 00d0 3A       		.uleb128 0x3a
 1688 00d1 0B       		.uleb128 0xb
 1689 00d2 3B       		.uleb128 0x3b
 1690 00d3 05       		.uleb128 0x5
 1691 00d4 49       		.uleb128 0x49
 1692 00d5 13       		.uleb128 0x13
 1693 00d6 00       		.byte	0
 1694 00d7 00       		.byte	0
 1695 00d8 13       		.uleb128 0x13
 1696 00d9 13       		.uleb128 0x13
 1697 00da 01       		.byte	0x1
 1698 00db 0B       		.uleb128 0xb
 1699 00dc 0B       		.uleb128 0xb
 1700 00dd 3A       		.uleb128 0x3a
 1701 00de 0B       		.uleb128 0xb
 1702 00df 3B       		.uleb128 0x3b
 1703 00e0 05       		.uleb128 0x5
 1704 00e1 01       		.uleb128 0x1
 1705 00e2 13       		.uleb128 0x13
 1706 00e3 00       		.byte	0
 1707 00e4 00       		.byte	0
 1708 00e5 14       		.uleb128 0x14
 1709 00e6 2E       		.uleb128 0x2e
 1710 00e7 01       		.byte	0x1
 1711 00e8 3F       		.uleb128 0x3f
 1712 00e9 0C       		.uleb128 0xc
 1713 00ea 03       		.uleb128 0x3
 1714 00eb 08       		.uleb128 0x8
 1715 00ec 3A       		.uleb128 0x3a
 1716 00ed 0B       		.uleb128 0xb
 1717 00ee 3B       		.uleb128 0x3b
 1718 00ef 05       		.uleb128 0x5
 1719 00f0 27       		.uleb128 0x27
 1720 00f1 0C       		.uleb128 0xc
 1721 00f2 20       		.uleb128 0x20
 1722 00f3 0B       		.uleb128 0xb
 1723 00f4 01       		.uleb128 0x1
 1724 00f5 13       		.uleb128 0x13
 1725 00f6 00       		.byte	0
GAS Infineon TriCore Little Endian C:\\Users\\user1\\AppData\\Local\\Temp\\rta_RTAOS_638388406317960277_1736001\\ccEkxz6H.s 			page 38


 1726 00f7 00       		.byte	0
 1727 00f8 15       		.uleb128 0x15
 1728 00f9 05       		.uleb128 0x5
 1729 00fa 00       		.byte	0
 1730 00fb 03       		.uleb128 0x3
 1731 00fc 0E       		.uleb128 0xe
 1732 00fd 3A       		.uleb128 0x3a
 1733 00fe 0B       		.uleb128 0xb
 1734 00ff 3B       		.uleb128 0x3b
 1735 0100 05       		.uleb128 0x5
 1736 0101 49       		.uleb128 0x49
 1737 0102 13       		.uleb128 0x13
 1738 0103 00       		.byte	0
 1739 0104 00       		.byte	0
 1740 0105 16       		.uleb128 0x16
 1741 0106 2E       		.uleb128 0x2e
 1742 0107 01       		.byte	0x1
 1743 0108 31       		.uleb128 0x31
 1744 0109 13       		.uleb128 0x13
 1745 010a 11       		.uleb128 0x11
 1746 010b 01       		.uleb128 0x1
 1747 010c 12       		.uleb128 0x12
 1748 010d 01       		.uleb128 0x1
 1749 010e 40       		.uleb128 0x40
 1750 010f 0A       		.uleb128 0xa
 1751 0110 9742     		.uleb128 0x2117
 1752 0112 0C       		.uleb128 0xc
 1753 0113 01       		.uleb128 0x1
 1754 0114 13       		.uleb128 0x13
 1755 0115 00       		.byte	0
 1756 0116 00       		.byte	0
 1757 0117 17       		.uleb128 0x17
 1758 0118 05       		.uleb128 0x5
 1759 0119 00       		.byte	0
 1760 011a 31       		.uleb128 0x31
 1761 011b 13       		.uleb128 0x13
 1762 011c 02       		.uleb128 0x2
 1763 011d 0A       		.uleb128 0xa
 1764 011e 00       		.byte	0
 1765 011f 00       		.byte	0
 1766 0120 18       		.uleb128 0x18
 1767 0121 2E       		.uleb128 0x2e
 1768 0122 01       		.byte	0x1
 1769 0123 3F       		.uleb128 0x3f
 1770 0124 0C       		.uleb128 0xc
 1771 0125 03       		.uleb128 0x3
 1772 0126 08       		.uleb128 0x8
 1773 0127 3A       		.uleb128 0x3a
 1774 0128 0B       		.uleb128 0xb
 1775 0129 3B       		.uleb128 0x3b
 1776 012a 05       		.uleb128 0x5
 1777 012b 27       		.uleb128 0x27
 1778 012c 0C       		.uleb128 0xc
 1779 012d 11       		.uleb128 0x11
 1780 012e 01       		.uleb128 0x1
 1781 012f 12       		.uleb128 0x12
 1782 0130 01       		.uleb128 0x1
GAS Infineon TriCore Little Endian C:\\Users\\user1\\AppData\\Local\\Temp\\rta_RTAOS_638388406317960277_1736001\\ccEkxz6H.s 			page 39


 1783 0131 40       		.uleb128 0x40
 1784 0132 0A       		.uleb128 0xa
 1785 0133 9742     		.uleb128 0x2117
 1786 0135 0C       		.uleb128 0xc
 1787 0136 01       		.uleb128 0x1
 1788 0137 13       		.uleb128 0x13
 1789 0138 00       		.byte	0
 1790 0139 00       		.byte	0
 1791 013a 19       		.uleb128 0x19
 1792 013b 05       		.uleb128 0x5
 1793 013c 00       		.byte	0
 1794 013d 03       		.uleb128 0x3
 1795 013e 0E       		.uleb128 0xe
 1796 013f 3A       		.uleb128 0x3a
 1797 0140 0B       		.uleb128 0xb
 1798 0141 3B       		.uleb128 0x3b
 1799 0142 05       		.uleb128 0x5
 1800 0143 49       		.uleb128 0x49
 1801 0144 13       		.uleb128 0x13
 1802 0145 02       		.uleb128 0x2
 1803 0146 06       		.uleb128 0x6
 1804 0147 00       		.byte	0
 1805 0148 00       		.byte	0
 1806 0149 1A       		.uleb128 0x1a
 1807 014a 898201   		.uleb128 0x4109
 1808 014d 00       		.byte	0
 1809 014e 11       		.uleb128 0x11
 1810 014f 01       		.uleb128 0x1
 1811 0150 9542     		.uleb128 0x2115
 1812 0152 0C       		.uleb128 0xc
 1813 0153 31       		.uleb128 0x31
 1814 0154 13       		.uleb128 0x13
 1815 0155 00       		.byte	0
 1816 0156 00       		.byte	0
 1817 0157 1B       		.uleb128 0x1b
 1818 0158 34       		.uleb128 0x34
 1819 0159 00       		.byte	0
 1820 015a 03       		.uleb128 0x3
 1821 015b 08       		.uleb128 0x8
 1822 015c 3A       		.uleb128 0x3a
 1823 015d 0B       		.uleb128 0xb
 1824 015e 3B       		.uleb128 0x3b
 1825 015f 05       		.uleb128 0x5
 1826 0160 49       		.uleb128 0x49
 1827 0161 13       		.uleb128 0x13
 1828 0162 3F       		.uleb128 0x3f
 1829 0163 0C       		.uleb128 0xc
 1830 0164 3C       		.uleb128 0x3c
 1831 0165 0C       		.uleb128 0xc
 1832 0166 00       		.byte	0
 1833 0167 00       		.byte	0
 1834 0168 1C       		.uleb128 0x1c
 1835 0169 2E       		.uleb128 0x2e
 1836 016a 01       		.byte	0x1
 1837 016b 3F       		.uleb128 0x3f
 1838 016c 0C       		.uleb128 0xc
 1839 016d 03       		.uleb128 0x3
GAS Infineon TriCore Little Endian C:\\Users\\user1\\AppData\\Local\\Temp\\rta_RTAOS_638388406317960277_1736001\\ccEkxz6H.s 			page 40


 1840 016e 08       		.uleb128 0x8
 1841 016f 3A       		.uleb128 0x3a
 1842 0170 0B       		.uleb128 0xb
 1843 0171 3B       		.uleb128 0x3b
 1844 0172 05       		.uleb128 0x5
 1845 0173 27       		.uleb128 0x27
 1846 0174 0C       		.uleb128 0xc
 1847 0175 3C       		.uleb128 0x3c
 1848 0176 0C       		.uleb128 0xc
 1849 0177 00       		.byte	0
 1850 0178 00       		.byte	0
 1851 0179 1D       		.uleb128 0x1d
 1852 017a 05       		.uleb128 0x5
 1853 017b 00       		.byte	0
 1854 017c 49       		.uleb128 0x49
 1855 017d 13       		.uleb128 0x13
 1856 017e 00       		.byte	0
 1857 017f 00       		.byte	0
 1858 0180 00       		.byte	0
 1859              	.section .debug_loc,"",@progbits
 1860              	.Ldebug_loc0:
 1861              	.LLST0:
 1862 0000 00000000 		.uaword	.LVL3
 1863 0004 00000000 		.uaword	.LVL4-1
 1864 0008 0100     		.uahalf	0x1
 1865 000a 64       		.byte	0x64
 1866 000b 00000000 		.uaword	.LVL4-1
 1867 000f 00000000 		.uaword	.LFE3
 1868 0013 0400     		.uahalf	0x4
 1869 0015 F3       		.byte	0xf3
 1870 0016 01       		.uleb128 0x1
 1871 0017 64       		.byte	0x64
 1872 0018 9F       		.byte	0x9f
 1873 0019 00000000 		.uaword	0
 1874 001d 00000000 		.uaword	0
 1875              	.LLST1:
 1876 0021 00000000 		.uaword	.LVL3
 1877 0025 00000000 		.uaword	.LVL4-1
 1878 0029 0100     		.uahalf	0x1
 1879 002b 65       		.byte	0x65
 1880 002c 00000000 		.uaword	.LVL4-1
 1881 0030 00000000 		.uaword	.LFE3
 1882 0034 0400     		.uahalf	0x4
 1883 0036 F3       		.byte	0xf3
 1884 0037 01       		.uleb128 0x1
 1885 0038 65       		.byte	0x65
 1886 0039 9F       		.byte	0x9f
 1887 003a 00000000 		.uaword	0
 1888 003e 00000000 		.uaword	0
 1889              	.section .debug_aranges,"",@progbits
 1890 0000 34000000 		.uaword	0x34
 1891 0004 0200     		.uahalf	0x2
 1892 0006 00000000 		.uaword	.Ldebug_info0
 1893 000a 04       		.byte	0x4
 1894 000b 00       		.byte	0
 1895 000c 0000     		.uahalf	0
 1896 000e 0000     		.uahalf	0
GAS Infineon TriCore Little Endian C:\\Users\\user1\\AppData\\Local\\Temp\\rta_RTAOS_638388406317960277_1736001\\ccEkxz6H.s 			page 41


 1897 0010 00000000 		.uaword	.LFB0
 1898 0014 02000000 		.uaword	.LFE0-.LFB0
 1899 0018 00000000 		.uaword	.LFB1
 1900 001c 02000000 		.uaword	.LFE1-.LFB1
 1901 0020 00000000 		.uaword	.LFB2
 1902 0024 02000000 		.uaword	.LFE2-.LFB2
 1903 0028 00000000 		.uaword	.LFB3
 1904 002c 1C000000 		.uaword	.LFE3-.LFB3
 1905 0030 00000000 		.uaword	0
 1906 0034 00000000 		.uaword	0
 1907              	.section .debug_ranges,"",@progbits
 1908              	.Ldebug_ranges0:
 1909 0000 00000000 		.uaword	.LFB0
 1910 0004 00000000 		.uaword	.LFE0
 1911 0008 00000000 		.uaword	.LFB1
 1912 000c 00000000 		.uaword	.LFE1
 1913 0010 00000000 		.uaword	.LFB2
 1914 0014 00000000 		.uaword	.LFE2
 1915 0018 00000000 		.uaword	.LFB3
 1916 001c 00000000 		.uaword	.LFE3
 1917 0020 00000000 		.uaword	0
 1918 0024 00000000 		.uaword	0
 1919              	.section .debug_line,"",@progbits
 1920              	.Ldebug_line0:
 1921 0000 5A010000 	.section .debug_str,"",@progbits
 1921      02000F01 
 1921      00000201 
 1921      FB0E0D00 
 1921      01010101 
 1922              	.LASF5:
 1923 0000 61637469 		.string	"activation_count"
 1923      76617469 
 1923      6F6E5F63 
 1923      6F756E74 
 1923      00
 1924              	.LASF7:
 1925 0011 6F735F63 		.string	"os_current_controlled_core"
 1925      75727265 
 1925      6E745F63 
 1925      6F6E7472 
 1925      6F6C6C65 
 1926              	.LASF2:
 1927 002c 64796E61 		.string	"dynamic"
 1927      6D696300 
 1928              	.LASF4:
 1929 0034 6170706C 		.string	"application"
 1929      69636174 
 1929      696F6E00 
 1930              	.LASF6:
 1931 0040 74706D61 		.string	"tpmask"
 1931      736B00
 1932              	.LASF1:
 1933 0047 656E7472 		.string	"entry_function"
 1933      795F6675 
 1933      6E637469 
 1933      6F6E00
 1934              	.LASF8:
GAS Infineon TriCore Little Endian C:\\Users\\user1\\AppData\\Local\\Temp\\rta_RTAOS_638388406317960277_1736001\\ccEkxz6H.s 			page 42


 1935 0056 6F735F63 		.string	"os_current_core_const"
 1935      75727265 
 1935      6E745F63 
 1935      6F72655F 
 1935      636F6E73 
 1936              	.LASF3:
 1937 006c 61636365 		.string	"access"
 1937      737300
 1938              	.LASF0:
 1939 0073 7265736F 		.string	"resource_count"
 1939      75726365 
 1939      5F636F75 
 1939      6E7400
 1940              		.extern	Os_ShutdownOS,STT_FUNC,0
 1941              		.extern	Os_ShutdownAllCores_Indicator,STT_OBJECT,1
 1942              		.ident	"GCC: (HighTec Release HDP-v4.9.4.1-11fcedf) 4.9.4 build on 2020-09-01"
