GAS Infineon TriCore Little Endian C:\\Users\\user1\\AppData\\Local\\Temp\\rta_RTAOS_638388406317960277_1736001\\cc9lpxkA.s 			page 1


   1              		.file	"GetApplicationID.c"
   2              	.section .text,"ax",@progbits
   3              	.Ltext0:
   4              	.section .text.Os_GetApplicationID,"ax",@progbits
   5              		.align 1
   6              		.global	Os_GetApplicationID
   7              		.type	Os_GetApplicationID, @function
   8              	Os_GetApplicationID:
   9              	.LFB0:
  10              		.file 1 "C:\\Users\\user1\\AppData\\Local\\Temp\\rta_RTAOS_638388406317960277_1736001\\GetApplicat
  11              		.loc 1 1366 0
  12              	.LBB2:
  13              		.loc 1 1368 0
  14              	#APP
  15              		# 1368 "C:\Users\user1\AppData\Local\Temp\rta_RTAOS_638388406317960277_1736001\GetApplicationID.c"
  16 0000 4DC0E1FF 		mfcr %d15,0xfe1c
  17              		# 0 "" 2
  18              	.LVL0:
  19              	#NO_APP
  20              	.LBE2:
  21              		.loc 1 1369 0
  22 0004 91000020 		movh.a	%a2, hi:Os_const_coreconfiguration
  23 0008 8023     		mov.d	%d3, %a2
  24 000a 1B030020 		addi	%d2, %d3, lo:Os_const_coreconfiguration
  25 000e 138F2132 		madd	%d3, %d2, %d15, 24
  26 0012 6032     		mov.a	%a2, %d3
  27 0014 CC20     		ld.a	%a15, [%a2]0
  28              	.LVL1:
  29              		.loc 1 1370 0
  30 0016 99220400 		ld.a	%a2, [%a2] 4
  31              	.LVL2:
  32              	.LBB3:
  33              		.loc 1 1371 0
  34              	#APP
  35              		# 1371 "C:\Users\user1\AppData\Local\Temp\rta_RTAOS_638388406317960277_1736001\GetApplicationID.c"
  36 001a 4D40E0FF 		mfcr %d15,0xfe04
  37              		# 0 "" 2
  38              	.LVL3:
  39              	#NO_APP
  40              	.LBE3:
  41              		.loc 1 1372 0
  42 001e AEB3     		jnz.t	%d15, 11, .L2
  43              		.loc 1 1372 0 is_stmt 0 discriminator 1
  44              	#APP
  45              		# 1372 "C:\Users\user1\AppData\Local\Temp\rta_RTAOS_638388406317960277_1736001\GetApplicationID.c"
  46 0020 AD008000 		syscall 0
  47              		# 0 "" 2
  48              	#NO_APP
  49              	.L2:
  50              		.loc 1 1373 0 is_stmt 1
  51 0024 DA25     		mov	%d15, 37
  52              	.LVL4:
  53 0026 E92F1800 		st.b	[%a2] 24, %d15
  54              		.loc 1 1374 0
  55 002a 4CF8     		ld.w	%d15, [%a15] 32
  56 002c 6E08     		jz	%d15, .L3
  57              		.loc 1 1374 0 is_stmt 0 discriminator 1
GAS Infineon TriCore Little Endian C:\\Users\\user1\\AppData\\Local\\Temp\\rta_RTAOS_638388406317960277_1736001\\cc9lpxkA.s 			page 2


  58 002e C88F     		ld.a	%a15, [%a15] 32
  59              	.LVL5:
  60 0030 39F21500 		ld.bu	%d2, [%a15] 21
  61              	.L4:
  62              	.LVL6:
  63              		.loc 1 1375 0 is_stmt 1 discriminator 12
  64 0034 DA24     		mov	%d15, 36
  65 0036 E92F1800 		st.b	[%a2] 24, %d15
  66              		.loc 1 1378 0 discriminator 12
  67 003a 0090     		ret
  68              	.LVL7:
  69              	.L3:
  70              		.loc 1 1374 0 discriminator 2
  71 003c 4CF9     		ld.w	%d15, [%a15] 36
  72 003e 6E08     		jz	%d15, .L5
  73              		.loc 1 1374 0 is_stmt 0 discriminator 4
  74 0040 C89F     		ld.a	%a15, [%a15] 36
  75              	.LVL8:
  76              		.loc 1 1375 0 is_stmt 1 discriminator 4
  77 0042 DA24     		mov	%d15, 36
  78              		.loc 1 1374 0 discriminator 4
  79 0044 39F21E00 		ld.bu	%d2, [%a15] 30
  80              	.LVL9:
  81              		.loc 1 1375 0 discriminator 4
  82 0048 E92F1800 		st.b	[%a2] 24, %d15
  83              	.LVL10:
  84              		.loc 1 1378 0 discriminator 4
  85 004c 0090     		ret
  86              	.LVL11:
  87              	.L5:
  88              		.loc 1 1374 0 discriminator 5
  89 004e 39FF0910 		ld.bu	%d15, [%a15] 73
  90 0052 8202     		mov	%d2, 0
  91 0054 6EF0     		jz	%d15, .L4
  92              		.loc 1 1374 0 is_stmt 0 discriminator 7
  93 0056 39F20910 		ld.bu	%d2, [%a15] 73
  94 005a 3CED     		j	.L4
  95              	.LFE0:
  96              		.size	Os_GetApplicationID, .-Os_GetApplicationID
  97              	.section .debug_frame,"",@progbits
  98              	.Lframe0:
  99 0000 0C000000 		.uaword	.LECIE0-.LSCIE0
 100              	.LSCIE0:
 101 0004 FFFFFFFF 		.uaword	0xffffffff
 102 0008 01       		.byte	0x1
 103 0009 00       		.string	""
 104 000a 01       		.uleb128 0x1
 105 000b 01       		.sleb128 1
 106 000c 1B       		.byte	0x1b
 107 000d 0C       		.byte	0xc
 108 000e 1A       		.uleb128 0x1a
 109 000f 00       		.uleb128 0
 110              		.align 2
 111              	.LECIE0:
 112              	.LSFDE0:
 113 0010 0C000000 		.uaword	.LEFDE0-.LASFDE0
 114              	.LASFDE0:
GAS Infineon TriCore Little Endian C:\\Users\\user1\\AppData\\Local\\Temp\\rta_RTAOS_638388406317960277_1736001\\cc9lpxkA.s 			page 3


 115 0014 00000000 		.uaword	.Lframe0
 116 0018 00000000 		.uaword	.LFB0
 117 001c 5C000000 		.uaword	.LFE0-.LFB0
 118              		.align 2
 119              	.LEFDE0:
 120              	.section .text,"ax",@progbits
 121              	.Letext0:
 122              		.file 2 "D:\\home\\user123\\user\\Mohan6_VectorSIP\\21Dec23\\15Dec23_CAN_merge_21stDec\\25_Softwar
 123              		.file 3 "D:\\home\\user123\\user\\Mohan6_VectorSIP\\21Dec23\\15Dec23_CAN_merge_21stDec\\25_Softwar
 124              	.section .debug_info,"",@progbits
 125              	.Ldebug_info0:
 126 0000 F1100000 		.uaword	0x10f1
 127 0004 0200     		.uahalf	0x2
 128 0006 00000000 		.uaword	.Ldebug_abbrev0
 129 000a 04       		.byte	0x4
 130 000b 01       		.uleb128 0x1
 131 000c 474E5520 		.ascii	"GNU C 4."
 131      4320342E 
 132 0014 392E3420 		.string	"9.4 build on 2020-09-01 -mlicense-dir=c:\\hightec\\toolchains\\tricore\\v4.9.4.1\\bin\\..
 132      6275696C 
 132      64206F6E 
 132      20323032 
 132      302D3039 
 133 0115 01       		.byte	0x1
 134 0116 433A5C55 		.string	"C:\\Users\\user1\\AppData\\Local\\Temp\\rta_RTAOS_638388406317960277_1736001\\GetApplicat
 134      73657273 
 134      5C757365 
 134      72315C41 
 134      70704461 
 135 0170 00000000 		.uaword	.Ldebug_ranges0+0
 136 0174 00000000 		.uaword	0
 137 0178 00000000 		.uaword	0
 138 017c 00000000 		.uaword	.Ldebug_line0
 139 0180 02       		.uleb128 0x2
 140 0181 75696E74 		.string	"uint8"
 140      3800
 141 0187 02       		.byte	0x2
 142 0188 34       		.byte	0x34
 143 0189 8D010000 		.uaword	0x18d
 144 018d 03       		.uleb128 0x3
 145 018e 01       		.byte	0x1
 146 018f 08       		.byte	0x8
 147 0190 756E7369 		.string	"unsigned char"
 147      676E6564 
 147      20636861 
 147      7200
 148 019e 02       		.uleb128 0x2
 149 019f 75696E74 		.string	"uint16"
 149      313600
 150 01a6 02       		.byte	0x2
 151 01a7 35       		.byte	0x35
 152 01a8 AC010000 		.uaword	0x1ac
 153 01ac 03       		.uleb128 0x3
 154 01ad 02       		.byte	0x2
 155 01ae 07       		.byte	0x7
 156 01af 73686F72 		.string	"short unsigned int"
 156      7420756E 
GAS Infineon TriCore Little Endian C:\\Users\\user1\\AppData\\Local\\Temp\\rta_RTAOS_638388406317960277_1736001\\cc9lpxkA.s 			page 4


 156      7369676E 
 156      65642069 
 156      6E7400
 157 01c2 02       		.uleb128 0x2
 158 01c3 75696E74 		.string	"uint32"
 158      333200
 159 01ca 02       		.byte	0x2
 160 01cb 36       		.byte	0x36
 161 01cc D0010000 		.uaword	0x1d0
 162 01d0 03       		.uleb128 0x3
 163 01d1 04       		.byte	0x4
 164 01d2 07       		.byte	0x7
 165 01d3 756E7369 		.string	"unsigned int"
 165      676E6564 
 165      20696E74 
 165      00
 166 01e0 03       		.uleb128 0x3
 167 01e1 01       		.byte	0x1
 168 01e2 06       		.byte	0x6
 169 01e3 7369676E 		.string	"signed char"
 169      65642063 
 169      68617200 
 170 01ef 03       		.uleb128 0x3
 171 01f0 02       		.byte	0x2
 172 01f1 05       		.byte	0x5
 173 01f2 73686F72 		.string	"short int"
 173      7420696E 
 173      7400
 174 01fc 03       		.uleb128 0x3
 175 01fd 04       		.byte	0x4
 176 01fe 05       		.byte	0x5
 177 01ff 696E7400 		.string	"int"
 178 0203 03       		.uleb128 0x3
 179 0204 04       		.byte	0x4
 180 0205 04       		.byte	0x4
 181 0206 666C6F61 		.string	"float"
 181      7400
 182 020c 03       		.uleb128 0x3
 183 020d 08       		.byte	0x8
 184 020e 04       		.byte	0x4
 185 020f 646F7562 		.string	"double"
 185      6C6500
 186 0216 03       		.uleb128 0x3
 187 0217 08       		.byte	0x8
 188 0218 05       		.byte	0x5
 189 0219 6C6F6E67 		.string	"long long int"
 189      206C6F6E 
 189      6720696E 
 189      7400
 190 0227 03       		.uleb128 0x3
 191 0228 08       		.byte	0x8
 192 0229 07       		.byte	0x7
 193 022a 6C6F6E67 		.string	"long long unsigned int"
 193      206C6F6E 
 193      6720756E 
 193      7369676E 
 193      65642069 
GAS Infineon TriCore Little Endian C:\\Users\\user1\\AppData\\Local\\Temp\\rta_RTAOS_638388406317960277_1736001\\cc9lpxkA.s 			page 5


 194 0241 02       		.uleb128 0x2
 195 0242 626F6F6C 		.string	"boolean"
 195      65616E00 
 196 024a 02       		.byte	0x2
 197 024b 49       		.byte	0x49
 198 024c 8D010000 		.uaword	0x18d
 199 0250 02       		.uleb128 0x2
 200 0251 53746174 		.string	"StatusType"
 200      75735479 
 200      706500
 201 025c 03       		.byte	0x3
 202 025d 28       		.byte	0x28
 203 025e 8D010000 		.uaword	0x18d
 204 0262 04       		.uleb128 0x4
 205 0263 08       		.byte	0x8
 206 0264 01       		.byte	0x1
 207 0265 7C       		.byte	0x7c
 208 0266 A1020000 		.uaword	0x2a1
 209 026a 05       		.uleb128 0x5
 210 026b 436C6173 		.string	"Class"
 210      7300
 211 0271 01       		.byte	0x1
 212 0272 7D       		.byte	0x7d
 213 0273 80010000 		.uaword	0x180
 214 0277 02       		.byte	0x2
 215 0278 23       		.byte	0x23
 216 0279 00       		.uleb128 0
 217 027a 05       		.uleb128 0x5
 218 027b 54494E00 		.string	"TIN"
 219 027f 01       		.byte	0x1
 220 0280 7E       		.byte	0x7e
 221 0281 80010000 		.uaword	0x180
 222 0285 02       		.byte	0x2
 223 0286 23       		.byte	0x23
 224 0287 01       		.uleb128 0x1
 225 0288 05       		.uleb128 0x5
 226 0289 52657475 		.string	"ReturnAddress"
 226      726E4164 
 226      64726573 
 226      7300
 227 0297 01       		.byte	0x1
 228 0298 7F       		.byte	0x7f
 229 0299 C2010000 		.uaword	0x1c2
 230 029d 02       		.byte	0x2
 231 029e 23       		.byte	0x23
 232 029f 04       		.uleb128 0x4
 233 02a0 00       		.byte	0
 234 02a1 02       		.uleb128 0x2
 235 02a2 4F735472 		.string	"OsTrapInfoType"
 235      6170496E 
 235      666F5479 
 235      706500
 236 02b1 01       		.byte	0x1
 237 02b2 80       		.byte	0x80
 238 02b3 62020000 		.uaword	0x262
 239 02b7 02       		.uleb128 0x2
 240 02b8 75696E74 		.string	"uint32_aligned"
GAS Infineon TriCore Little Endian C:\\Users\\user1\\AppData\\Local\\Temp\\rta_RTAOS_638388406317960277_1736001\\cc9lpxkA.s 			page 6


 240      33325F61 
 240      6C69676E 
 240      656400
 241 02c7 01       		.byte	0x1
 242 02c8 86       		.byte	0x86
 243 02c9 C2010000 		.uaword	0x1c2
 244 02cd 04       		.uleb128 0x4
 245 02ce 44       		.byte	0x44
 246 02cf 01       		.byte	0x1
 247 02d0 AB       		.byte	0xab
 248 02d1 E6020000 		.uaword	0x2e6
 249 02d5 05       		.uleb128 0x5
 250 02d6 73746F72 		.string	"store"
 250      6500
 251 02dc 01       		.byte	0x1
 252 02dd AC       		.byte	0xac
 253 02de E6020000 		.uaword	0x2e6
 254 02e2 02       		.byte	0x2
 255 02e3 23       		.byte	0x23
 256 02e4 00       		.uleb128 0
 257 02e5 00       		.byte	0
 258 02e6 06       		.uleb128 0x6
 259 02e7 C2010000 		.uaword	0x1c2
 260 02eb F6020000 		.uaword	0x2f6
 261 02ef 07       		.uleb128 0x7
 262 02f0 F6020000 		.uaword	0x2f6
 263 02f4 10       		.byte	0x10
 264 02f5 00       		.byte	0
 265 02f6 03       		.uleb128 0x3
 266 02f7 04       		.byte	0x4
 267 02f8 07       		.byte	0x7
 268 02f9 73697A65 		.string	"sizetype"
 268      74797065 
 268      00
 269 0302 02       		.uleb128 0x2
 270 0303 4F735F4A 		.string	"Os_JumpBufType"
 270      756D7042 
 270      75665479 
 270      706500
 271 0312 01       		.byte	0x1
 272 0313 AD       		.byte	0xad
 273 0314 18030000 		.uaword	0x318
 274 0318 06       		.uleb128 0x6
 275 0319 CD020000 		.uaword	0x2cd
 276 031d 28030000 		.uaword	0x328
 277 0321 07       		.uleb128 0x7
 278 0322 F6020000 		.uaword	0x2f6
 279 0326 00       		.byte	0
 280 0327 00       		.byte	0
 281 0328 02       		.uleb128 0x2
 282 0329 4F735F52 		.string	"Os_ResourceCountType"
 282      65736F75 
 282      72636543 
 282      6F756E74 
 282      54797065 
 283 033e 01       		.byte	0x1
 284 033f BE       		.byte	0xbe
GAS Infineon TriCore Little Endian C:\\Users\\user1\\AppData\\Local\\Temp\\rta_RTAOS_638388406317960277_1736001\\cc9lpxkA.s 			page 7


 285 0340 8D010000 		.uaword	0x18d
 286 0344 02       		.uleb128 0x2
 287 0345 4F735F53 		.string	"Os_StackTraceType"
 287      7461636B 
 287      54726163 
 287      65547970 
 287      6500
 288 0357 01       		.byte	0x1
 289 0358 BF       		.byte	0xbf
 290 0359 D0010000 		.uaword	0x1d0
 291 035d 04       		.uleb128 0x4
 292 035e 08       		.byte	0x8
 293 035f 01       		.byte	0x1
 294 0360 C0       		.byte	0xc0
 295 0361 81030000 		.uaword	0x381
 296 0365 05       		.uleb128 0x5
 297 0366 737000   		.string	"sp"
 298 0369 01       		.byte	0x1
 299 036a C0       		.byte	0xc0
 300 036b 44030000 		.uaword	0x344
 301 036f 02       		.byte	0x2
 302 0370 23       		.byte	0x23
 303 0371 00       		.uleb128 0
 304 0372 05       		.uleb128 0x5
 305 0373 63747800 		.string	"ctx"
 306 0377 01       		.byte	0x1
 307 0378 C0       		.byte	0xc0
 308 0379 44030000 		.uaword	0x344
 309 037d 02       		.byte	0x2
 310 037e 23       		.byte	0x23
 311 037f 04       		.uleb128 0x4
 312 0380 00       		.byte	0
 313 0381 02       		.uleb128 0x2
 314 0382 4F735F53 		.string	"Os_StackValueType"
 314      7461636B 
 314      56616C75 
 314      65547970 
 314      6500
 315 0394 01       		.byte	0x1
 316 0395 C0       		.byte	0xc0
 317 0396 5D030000 		.uaword	0x35d
 318 039a 02       		.uleb128 0x2
 319 039b 4F735F53 		.string	"Os_StackSizeType"
 319      7461636B 
 319      53697A65 
 319      54797065 
 319      00
 320 03ac 01       		.byte	0x1
 321 03ad C1       		.byte	0xc1
 322 03ae 81030000 		.uaword	0x381
 323 03b2 02       		.uleb128 0x2
 324 03b3 4F735F56 		.string	"Os_VoidVoidFunctionType"
 324      6F696456 
 324      6F696446 
 324      756E6374 
 324      696F6E54 
 325 03cb 01       		.byte	0x1
GAS Infineon TriCore Little Endian C:\\Users\\user1\\AppData\\Local\\Temp\\rta_RTAOS_638388406317960277_1736001\\cc9lpxkA.s 			page 8


 326 03cc C7       		.byte	0xc7
 327 03cd D1030000 		.uaword	0x3d1
 328 03d1 08       		.uleb128 0x8
 329 03d2 04       		.byte	0x4
 330 03d3 D7030000 		.uaword	0x3d7
 331 03d7 09       		.uleb128 0x9
 332 03d8 01       		.byte	0x1
 333 03d9 02       		.uleb128 0x2
 334 03da 4170706C 		.string	"ApplicationType"
 334      69636174 
 334      696F6E54 
 334      79706500 
 335 03ea 01       		.byte	0x1
 336 03eb D5       		.byte	0xd5
 337 03ec 8D010000 		.uaword	0x18d
 338 03f0 02       		.uleb128 0x2
 339 03f1 4F735F74 		.string	"Os_tmaskType"
 339      6D61736B 
 339      54797065 
 339      00
 340 03fe 01       		.byte	0x1
 341 03ff D9       		.byte	0xd9
 342 0400 C2010000 		.uaword	0x1c2
 343 0404 02       		.uleb128 0x2
 344 0405 4F735F43 		.string	"Os_CoreStateType"
 344      6F726553 
 344      74617465 
 344      54797065 
 344      00
 345 0416 01       		.byte	0x1
 346 0417 E7       		.byte	0xe7
 347 0418 C2010000 		.uaword	0x1c2
 348 041c 02       		.uleb128 0x2
 349 041d 4F735F53 		.string	"Os_StopwatchTickType"
 349      746F7077 
 349      61746368 
 349      5469636B 
 349      54797065 
 350 0432 01       		.byte	0x1
 351 0433 FD       		.byte	0xfd
 352 0434 D0010000 		.uaword	0x1d0
 353 0438 0A       		.uleb128 0xa
 354 0439 4F735F54 		.string	"Os_TerminatorType"
 354      65726D69 
 354      6E61746F 
 354      72547970 
 354      6500
 355 044b 01       		.byte	0x1
 356 044c 0201     		.uahalf	0x102
 357 044e 52040000 		.uaword	0x452
 358 0452 08       		.uleb128 0x8
 359 0453 04       		.byte	0x4
 360 0454 02030000 		.uaword	0x302
 361 0458 0A       		.uleb128 0xa
 362 0459 4F735F4C 		.string	"Os_Lockable"
 362      6F636B61 
 362      626C6500 
GAS Infineon TriCore Little Endian C:\\Users\\user1\\AppData\\Local\\Temp\\rta_RTAOS_638388406317960277_1736001\\cc9lpxkA.s 			page 9


 363 0465 01       		.byte	0x1
 364 0466 0701     		.uahalf	0x107
 365 0468 B7020000 		.uaword	0x2b7
 366 046c 0A       		.uleb128 0xa
 367 046d 436F7265 		.string	"CoreIdType"
 367      49645479 
 367      706500
 368 0478 01       		.byte	0x1
 369 0479 0901     		.uahalf	0x109
 370 047b 9E010000 		.uaword	0x19e
 371 047f 0B       		.uleb128 0xb
 372 0480 58040000 		.uaword	0x458
 373 0484 0C       		.uleb128 0xc
 374 0485 4F735F43 		.string	"Os_ControlledCoreType_s"
 374      6F6E7472 
 374      6F6C6C65 
 374      64436F72 
 374      65547970 
 375 049d 58       		.byte	0x58
 376 049e 01       		.byte	0x1
 377 049f 1004     		.uahalf	0x410
 378 04a1 82060000 		.uaword	0x682
 379 04a5 0D       		.uleb128 0xd
 380 04a6 54726170 		.string	"TrapInfo"
 380      496E666F 
 380      00
 381 04af 01       		.byte	0x1
 382 04b0 1104     		.uahalf	0x411
 383 04b2 A1020000 		.uaword	0x2a1
 384 04b6 02       		.byte	0x2
 385 04b7 23       		.byte	0x23
 386 04b8 00       		.uleb128 0
 387 04b9 0D       		.uleb128 0xd
 388 04ba 4572726F 		.string	"ErrorInformation"
 388      72496E66 
 388      6F726D61 
 388      74696F6E 
 388      00
 389 04cb 01       		.byte	0x1
 390 04cc 1204     		.uahalf	0x412
 391 04ce 150D0000 		.uaword	0xd15
 392 04d2 02       		.byte	0x2
 393 04d3 23       		.byte	0x23
 394 04d4 08       		.uleb128 0x8
 395 04d5 0D       		.uleb128 0xd
 396 04d6 6C6F636B 		.string	"lock_taskaccess"
 396      5F746173 
 396      6B616363 
 396      65737300 
 397 04e6 01       		.byte	0x1
 398 04e7 1304     		.uahalf	0x413
 399 04e9 7F040000 		.uaword	0x47f
 400 04ed 02       		.byte	0x2
 401 04ee 23       		.byte	0x23
 402 04ef 18       		.uleb128 0x18
 403 04f0 0D       		.uleb128 0xd
 404 04f1 52656164 		.string	"ReadyTasks"
GAS Infineon TriCore Little Endian C:\\Users\\user1\\AppData\\Local\\Temp\\rta_RTAOS_638388406317960277_1736001\\cc9lpxkA.s 			page 10


 404      79546173 
 404      6B7300
 405 04fc 01       		.byte	0x1
 406 04fd 1404     		.uahalf	0x414
 407 04ff 4B0D0000 		.uaword	0xd4b
 408 0503 02       		.byte	0x2
 409 0504 23       		.byte	0x23
 410 0505 1C       		.uleb128 0x1c
 411 0506 0D       		.uleb128 0xd
 412 0507 52756E6E 		.string	"RunningISR"
 412      696E6749 
 412      535200
 413 0512 01       		.byte	0x1
 414 0513 1504     		.uahalf	0x415
 415 0515 500D0000 		.uaword	0xd50
 416 0519 02       		.byte	0x2
 417 051a 23       		.byte	0x23
 418 051b 20       		.uleb128 0x20
 419 051c 0D       		.uleb128 0xd
 420 051d 52756E6E 		.string	"RunningTask"
 420      696E6754 
 420      61736B00 
 421 0529 01       		.byte	0x1
 422 052a 1604     		.uahalf	0x416
 423 052c 550D0000 		.uaword	0xd55
 424 0530 02       		.byte	0x2
 425 0531 23       		.byte	0x23
 426 0532 24       		.uleb128 0x24
 427 0533 0D       		.uleb128 0xd
 428 0534 52756E6E 		.string	"RunningTPMask"
 428      696E6754 
 428      504D6173 
 428      6B00
 429 0542 01       		.byte	0x1
 430 0543 1704     		.uahalf	0x417
 431 0545 5A0D0000 		.uaword	0xd5a
 432 0549 02       		.byte	0x2
 433 054a 23       		.byte	0x23
 434 054b 28       		.uleb128 0x28
 435 054c 0D       		.uleb128 0xd
 436 054d 5465726D 		.string	"TerminatingTasks"
 436      696E6174 
 436      696E6754 
 436      61736B73 
 436      00
 437 055e 01       		.byte	0x1
 438 055f 1804     		.uahalf	0x418
 439 0561 4B0D0000 		.uaword	0xd4b
 440 0565 02       		.byte	0x2
 441 0566 23       		.byte	0x23
 442 0567 2C       		.uleb128 0x2c
 443 0568 0D       		.uleb128 0xd
 444 0569 4170706C 		.string	"Application"
 444      69636174 
 444      696F6E00 
 445 0575 01       		.byte	0x1
 446 0576 1904     		.uahalf	0x419
GAS Infineon TriCore Little Endian C:\\Users\\user1\\AppData\\Local\\Temp\\rta_RTAOS_638388406317960277_1736001\\cc9lpxkA.s 			page 11


 447 0578 D9030000 		.uaword	0x3d9
 448 057c 02       		.byte	0x2
 449 057d 23       		.byte	0x23
 450 057e 30       		.uleb128 0x30
 451 057f 0D       		.uleb128 0xd
 452 0580 43757272 		.string	"CurrentTerminator"
 452      656E7454 
 452      65726D69 
 452      6E61746F 
 452      7200
 453 0592 01       		.byte	0x1
 454 0593 1A04     		.uahalf	0x41a
 455 0595 5F0D0000 		.uaword	0xd5f
 456 0599 02       		.byte	0x2
 457 059a 23       		.byte	0x23
 458 059b 34       		.uleb128 0x34
 459 059c 0D       		.uleb128 0xd
 460 059d 43757272 		.string	"CurrentMeteredObject"
 460      656E744D 
 460      65746572 
 460      65644F62 
 460      6A656374 
 461 05b2 01       		.byte	0x1
 462 05b3 1B04     		.uahalf	0x41b
 463 05b5 EE060000 		.uaword	0x6ee
 464 05b9 02       		.byte	0x2
 465 05ba 23       		.byte	0x23
 466 05bb 38       		.uleb128 0x38
 467 05bc 0D       		.uleb128 0xd
 468 05bd 49646C65 		.string	"IdleMeter"
 468      4D657465 
 468      7200
 469 05c7 01       		.byte	0x1
 470 05c8 1C04     		.uahalf	0x41c
 471 05ca D5060000 		.uaword	0x6d5
 472 05ce 02       		.byte	0x2
 473 05cf 23       		.byte	0x23
 474 05d0 3C       		.uleb128 0x3c
 475 05d1 0D       		.uleb128 0xd
 476 05d2 41707041 		.string	"AppAccess"
 476      63636573 
 476      7300
 477 05dc 01       		.byte	0x1
 478 05dd 1D04     		.uahalf	0x41d
 479 05df 80010000 		.uaword	0x180
 480 05e3 02       		.byte	0x2
 481 05e4 23       		.byte	0x23
 482 05e5 48       		.uleb128 0x48
 483 05e6 0D       		.uleb128 0xd
 484 05e7 4170704F 		.string	"AppOverride"
 484      76657272 
 484      69646500 
 485 05f3 01       		.byte	0x1
 486 05f4 1E04     		.uahalf	0x41e
 487 05f6 640D0000 		.uaword	0xd64
 488 05fa 02       		.byte	0x2
 489 05fb 23       		.byte	0x23
GAS Infineon TriCore Little Endian C:\\Users\\user1\\AppData\\Local\\Temp\\rta_RTAOS_638388406317960277_1736001\\cc9lpxkA.s 			page 12


 490 05fc 49       		.uleb128 0x49
 491 05fd 0D       		.uleb128 0xd
 492 05fe 47657453 		.string	"GetStackValueAdjust"
 492      7461636B 
 492      56616C75 
 492      6541646A 
 492      75737400 
 493 0612 01       		.byte	0x1
 494 0613 1F04     		.uahalf	0x41f
 495 0615 9A030000 		.uaword	0x39a
 496 0619 02       		.byte	0x2
 497 061a 23       		.byte	0x23
 498 061b 4C       		.uleb128 0x4c
 499 061c 0D       		.uleb128 0xd
 500 061d 496E4572 		.string	"InErrorHook"
 500      726F7248 
 500      6F6F6B00 
 501 0629 01       		.byte	0x1
 502 062a 2004     		.uahalf	0x420
 503 062c 41020000 		.uaword	0x241
 504 0630 02       		.byte	0x2
 505 0631 23       		.byte	0x23
 506 0632 54       		.uleb128 0x54
 507 0633 0D       		.uleb128 0xd
 508 0634 496E5072 		.string	"InProtectionHook"
 508      6F746563 
 508      74696F6E 
 508      486F6F6B 
 508      00
 509 0645 01       		.byte	0x1
 510 0646 2104     		.uahalf	0x421
 511 0648 41020000 		.uaword	0x241
 512 064c 02       		.byte	0x2
 513 064d 23       		.byte	0x23
 514 064e 55       		.uleb128 0x55
 515 064f 0D       		.uleb128 0xd
 516 0650 436F7265 		.string	"CoreIsActive"
 516      49734163 
 516      74697665 
 516      00
 517 065d 01       		.byte	0x1
 518 065e 2204     		.uahalf	0x422
 519 0660 41020000 		.uaword	0x241
 520 0664 02       		.byte	0x2
 521 0665 23       		.byte	0x23
 522 0666 56       		.uleb128 0x56
 523 0667 0D       		.uleb128 0xd
 524 0668 496E5368 		.string	"InShutdownHook"
 524      7574646F 
 524      776E486F 
 524      6F6B00
 525 0677 01       		.byte	0x1
 526 0678 2304     		.uahalf	0x423
 527 067a 41020000 		.uaword	0x241
 528 067e 02       		.byte	0x2
 529 067f 23       		.byte	0x23
 530 0680 57       		.uleb128 0x57
GAS Infineon TriCore Little Endian C:\\Users\\user1\\AppData\\Local\\Temp\\rta_RTAOS_638388406317960277_1736001\\cc9lpxkA.s 			page 13


 531 0681 00       		.byte	0
 532 0682 0C       		.uleb128 0xc
 533 0683 4F735F4D 		.string	"Os_MeterInfoType_s"
 533      65746572 
 533      496E666F 
 533      54797065 
 533      5F7300
 534 0696 0C       		.byte	0xc
 535 0697 01       		.byte	0x1
 536 0698 7201     		.uahalf	0x172
 537 069a D5060000 		.uaword	0x6d5
 538 069e 0D       		.uleb128 0xd
 539 069f 656C6170 		.string	"elapsed"
 539      73656400 
 540 06a7 01       		.byte	0x1
 541 06a8 7301     		.uahalf	0x173
 542 06aa 1C040000 		.uaword	0x41c
 543 06ae 02       		.byte	0x2
 544 06af 23       		.byte	0x23
 545 06b0 00       		.uleb128 0
 546 06b1 0D       		.uleb128 0xd
 547 06b2 70726576 		.string	"previous"
 547      696F7573 
 547      00
 548 06bb 01       		.byte	0x1
 549 06bc 7401     		.uahalf	0x174
 550 06be 1C040000 		.uaword	0x41c
 551 06c2 02       		.byte	0x2
 552 06c3 23       		.byte	0x23
 553 06c4 04       		.uleb128 0x4
 554 06c5 0D       		.uleb128 0xd
 555 06c6 6D617800 		.string	"max"
 556 06ca 01       		.byte	0x1
 557 06cb 7501     		.uahalf	0x175
 558 06cd 1C040000 		.uaword	0x41c
 559 06d1 02       		.byte	0x2
 560 06d2 23       		.byte	0x23
 561 06d3 08       		.uleb128 0x8
 562 06d4 00       		.byte	0
 563 06d5 0A       		.uleb128 0xa
 564 06d6 4F735F4D 		.string	"Os_MeterInfoType"
 564      65746572 
 564      496E666F 
 564      54797065 
 564      00
 565 06e7 01       		.byte	0x1
 566 06e8 7601     		.uahalf	0x176
 567 06ea 82060000 		.uaword	0x682
 568 06ee 0A       		.uleb128 0xa
 569 06ef 4F735F4D 		.string	"Os_MeterInfoRefType"
 569      65746572 
 569      496E666F 
 569      52656654 
 569      79706500 
 570 0703 01       		.byte	0x1
 571 0704 7701     		.uahalf	0x177
 572 0706 0A070000 		.uaword	0x70a
GAS Infineon TriCore Little Endian C:\\Users\\user1\\AppData\\Local\\Temp\\rta_RTAOS_638388406317960277_1736001\\cc9lpxkA.s 			page 14


 573 070a 08       		.uleb128 0x8
 574 070b 04       		.byte	0x4
 575 070c D5060000 		.uaword	0x6d5
 576 0710 0A       		.uleb128 0xa
 577 0711 4F735F69 		.string	"Os_imaskType"
 577      6D61736B 
 577      54797065 
 577      00
 578 071e 01       		.byte	0x1
 579 071f 7F01     		.uahalf	0x17f
 580 0721 C2010000 		.uaword	0x1c2
 581 0725 0C       		.uleb128 0xc
 582 0726 4F735F49 		.string	"Os_ISRDynType_s"
 582      53524479 
 582      6E547970 
 582      655F7300 
 583 0736 10       		.byte	0x10
 584 0737 01       		.byte	0x1
 585 0738 8101     		.uahalf	0x181
 586 073a 76070000 		.uaword	0x776
 587 073e 0E       		.uleb128 0xe
 588 073f 00000000 		.uaword	.LASF0
 589 0743 01       		.byte	0x1
 590 0744 8201     		.uahalf	0x182
 591 0746 28030000 		.uaword	0x328
 592 074a 02       		.byte	0x2
 593 074b 23       		.byte	0x23
 594 074c 00       		.uleb128 0
 595 074d 0D       		.uleb128 0xd
 596 074e 7465726D 		.string	"terminating"
 596      696E6174 
 596      696E6700 
 597 075a 01       		.byte	0x1
 598 075b 8301     		.uahalf	0x183
 599 075d 41020000 		.uaword	0x241
 600 0761 02       		.byte	0x2
 601 0762 23       		.byte	0x23
 602 0763 01       		.uleb128 0x1
 603 0764 0D       		.uleb128 0xd
 604 0765 6D657465 		.string	"meter"
 604      7200
 605 076b 01       		.byte	0x1
 606 076c 8401     		.uahalf	0x184
 607 076e D5060000 		.uaword	0x6d5
 608 0772 02       		.byte	0x2
 609 0773 23       		.byte	0x23
 610 0774 04       		.uleb128 0x4
 611 0775 00       		.byte	0
 612 0776 0A       		.uleb128 0xa
 613 0777 4F735F49 		.string	"Os_ISRDynType"
 613      53524479 
 613      6E547970 
 613      6500
 614 0785 01       		.byte	0x1
 615 0786 8501     		.uahalf	0x185
 616 0788 25070000 		.uaword	0x725
 617 078c 0A       		.uleb128 0xa
GAS Infineon TriCore Little Endian C:\\Users\\user1\\AppData\\Local\\Temp\\rta_RTAOS_638388406317960277_1736001\\cc9lpxkA.s 			page 15


 618 078d 4F735F49 		.string	"Os_IsrTerminatedFunctionType"
 618      73725465 
 618      726D696E 
 618      61746564 
 618      46756E63 
 619 07aa 01       		.byte	0x1
 620 07ab 8601     		.uahalf	0x186
 621 07ad D1030000 		.uaword	0x3d1
 622 07b1 0C       		.uleb128 0xc
 623 07b2 4F735F49 		.string	"Os_ISRType_s"
 623      53525479 
 623      70655F73 
 623      00
 624 07bf 18       		.byte	0x18
 625 07c0 01       		.byte	0x1
 626 07c1 8701     		.uahalf	0x187
 627 07c3 45080000 		.uaword	0x845
 628 07c7 0E       		.uleb128 0xe
 629 07c8 00000000 		.uaword	.LASF1
 630 07cc 01       		.byte	0x1
 631 07cd 8801     		.uahalf	0x188
 632 07cf B2030000 		.uaword	0x3b2
 633 07d3 02       		.byte	0x2
 634 07d4 23       		.byte	0x23
 635 07d5 00       		.uleb128 0
 636 07d6 0D       		.uleb128 0xd
 637 07d7 7465726D 		.string	"terminated_function"
 637      696E6174 
 637      65645F66 
 637      756E6374 
 637      696F6E00 
 638 07eb 01       		.byte	0x1
 639 07ec 8901     		.uahalf	0x189
 640 07ee 8C070000 		.uaword	0x78c
 641 07f2 02       		.byte	0x2
 642 07f3 23       		.byte	0x23
 643 07f4 04       		.uleb128 0x4
 644 07f5 0E       		.uleb128 0xe
 645 07f6 00000000 		.uaword	.LASF2
 646 07fa 01       		.byte	0x1
 647 07fb 8A01     		.uahalf	0x18a
 648 07fd 45080000 		.uaword	0x845
 649 0801 02       		.byte	0x2
 650 0802 23       		.byte	0x23
 651 0803 08       		.uleb128 0x8
 652 0804 0D       		.uleb128 0xd
 653 0805 696D6173 		.string	"imask"
 653      6B00
 654 080b 01       		.byte	0x1
 655 080c 8B01     		.uahalf	0x18b
 656 080e 10070000 		.uaword	0x710
 657 0812 02       		.byte	0x2
 658 0813 23       		.byte	0x23
 659 0814 0C       		.uleb128 0xc
 660 0815 0D       		.uleb128 0xd
 661 0816 696E6465 		.string	"index"
 661      7800
GAS Infineon TriCore Little Endian C:\\Users\\user1\\AppData\\Local\\Temp\\rta_RTAOS_638388406317960277_1736001\\cc9lpxkA.s 			page 16


 662 081c 01       		.byte	0x1
 663 081d 8C01     		.uahalf	0x18c
 664 081f C2010000 		.uaword	0x1c2
 665 0823 02       		.byte	0x2
 666 0824 23       		.byte	0x23
 667 0825 10       		.uleb128 0x10
 668 0826 0E       		.uleb128 0xe
 669 0827 00000000 		.uaword	.LASF3
 670 082b 01       		.byte	0x1
 671 082c 8D01     		.uahalf	0x18d
 672 082e 80010000 		.uaword	0x180
 673 0832 02       		.byte	0x2
 674 0833 23       		.byte	0x23
 675 0834 14       		.uleb128 0x14
 676 0835 0E       		.uleb128 0xe
 677 0836 00000000 		.uaword	.LASF4
 678 083a 01       		.byte	0x1
 679 083b 8E01     		.uahalf	0x18e
 680 083d D9030000 		.uaword	0x3d9
 681 0841 02       		.byte	0x2
 682 0842 23       		.byte	0x23
 683 0843 15       		.uleb128 0x15
 684 0844 00       		.byte	0
 685 0845 0F       		.uleb128 0xf
 686 0846 4A080000 		.uaword	0x84a
 687 084a 08       		.uleb128 0x8
 688 084b 04       		.byte	0x4
 689 084c 76070000 		.uaword	0x776
 690 0850 0A       		.uleb128 0xa
 691 0851 4F735F49 		.string	"Os_ISRType"
 691      53525479 
 691      706500
 692 085c 01       		.byte	0x1
 693 085d 8F01     		.uahalf	0x18f
 694 085f B1070000 		.uaword	0x7b1
 695 0863 0A       		.uleb128 0xa
 696 0864 49535254 		.string	"ISRType"
 696      79706500 
 697 086c 01       		.byte	0x1
 698 086d 9001     		.uahalf	0x190
 699 086f 73080000 		.uaword	0x873
 700 0873 08       		.uleb128 0x8
 701 0874 04       		.byte	0x4
 702 0875 79080000 		.uaword	0x879
 703 0879 0F       		.uleb128 0xf
 704 087a 50080000 		.uaword	0x850
 705 087e 0A       		.uleb128 0xa
 706 087f 4F735F62 		.string	"Os_bitmask"
 706      69746D61 
 706      736B00
 707 088a 01       		.byte	0x1
 708 088b A201     		.uahalf	0x1a2
 709 088d D0010000 		.uaword	0x1d0
 710 0891 0A       		.uleb128 0xa
 711 0892 4F735F70 		.string	"Os_pset0Type"
 711      73657430 
 711      54797065 
GAS Infineon TriCore Little Endian C:\\Users\\user1\\AppData\\Local\\Temp\\rta_RTAOS_638388406317960277_1736001\\cc9lpxkA.s 			page 17


 711      00
 712 089f 01       		.byte	0x1
 713 08a0 A301     		.uahalf	0x1a3
 714 08a2 7E080000 		.uaword	0x87e
 715 08a6 0A       		.uleb128 0xa
 716 08a7 4F735F70 		.string	"Os_pset1Type"
 716      73657431 
 716      54797065 
 716      00
 717 08b4 01       		.byte	0x1
 718 08b5 A401     		.uahalf	0x1a4
 719 08b7 7E080000 		.uaword	0x87e
 720 08bb 0A       		.uleb128 0xa
 721 08bc 4F735F70 		.string	"Os_pset2Type"
 721      73657432 
 721      54797065 
 721      00
 722 08c9 01       		.byte	0x1
 723 08ca A501     		.uahalf	0x1a5
 724 08cc 7E080000 		.uaword	0x87e
 725 08d0 10       		.uleb128 0x10
 726 08d1 04       		.byte	0x4
 727 08d2 01       		.byte	0x1
 728 08d3 A601     		.uahalf	0x1a6
 729 08d5 FB080000 		.uaword	0x8fb
 730 08d9 11       		.uleb128 0x11
 731 08da 703000   		.string	"p0"
 732 08dd 01       		.byte	0x1
 733 08de A701     		.uahalf	0x1a7
 734 08e0 91080000 		.uaword	0x891
 735 08e4 11       		.uleb128 0x11
 736 08e5 703100   		.string	"p1"
 737 08e8 01       		.byte	0x1
 738 08e9 A801     		.uahalf	0x1a8
 739 08eb A6080000 		.uaword	0x8a6
 740 08ef 11       		.uleb128 0x11
 741 08f0 703200   		.string	"p2"
 742 08f3 01       		.byte	0x1
 743 08f4 A901     		.uahalf	0x1a9
 744 08f6 BB080000 		.uaword	0x8bb
 745 08fa 00       		.byte	0
 746 08fb 0A       		.uleb128 0xa
 747 08fc 4F735F70 		.string	"Os_psetType"
 747      73657454 
 747      79706500 
 748 0908 01       		.byte	0x1
 749 0909 AA01     		.uahalf	0x1aa
 750 090b D0080000 		.uaword	0x8d0
 751 090f 10       		.uleb128 0x10
 752 0910 04       		.byte	0x4
 753 0911 01       		.byte	0x1
 754 0912 AC01     		.uahalf	0x1ac
 755 0914 3A090000 		.uaword	0x93a
 756 0918 11       		.uleb128 0x11
 757 0919 743000   		.string	"t0"
 758 091c 01       		.byte	0x1
 759 091d AD01     		.uahalf	0x1ad
GAS Infineon TriCore Little Endian C:\\Users\\user1\\AppData\\Local\\Temp\\rta_RTAOS_638388406317960277_1736001\\cc9lpxkA.s 			page 18


 760 091f 7E080000 		.uaword	0x87e
 761 0923 11       		.uleb128 0x11
 762 0924 743100   		.string	"t1"
 763 0927 01       		.byte	0x1
 764 0928 AE01     		.uahalf	0x1ae
 765 092a 7E080000 		.uaword	0x87e
 766 092e 11       		.uleb128 0x11
 767 092f 743200   		.string	"t2"
 768 0932 01       		.byte	0x1
 769 0933 AF01     		.uahalf	0x1af
 770 0935 7E080000 		.uaword	0x87e
 771 0939 00       		.byte	0
 772 093a 0A       		.uleb128 0xa
 773 093b 4F735F74 		.string	"Os_tpmaskType"
 773      706D6173 
 773      6B547970 
 773      6500
 774 0949 01       		.byte	0x1
 775 094a B001     		.uahalf	0x1b0
 776 094c 0F090000 		.uaword	0x90f
 777 0950 0A       		.uleb128 0xa
 778 0951 4F735F41 		.string	"Os_ActivationCountType"
 778      63746976 
 778      6174696F 
 778      6E436F75 
 778      6E745479 
 779 0968 01       		.byte	0x1
 780 0969 B101     		.uahalf	0x1b1
 781 096b 8D010000 		.uaword	0x18d
 782 096f 0C       		.uleb128 0xc
 783 0970 4F735F54 		.string	"Os_TaskDynType_s"
 783      61736B44 
 783      796E5479 
 783      70655F73 
 783      00
 784 0981 5C       		.byte	0x5c
 785 0982 01       		.byte	0x1
 786 0983 B301     		.uahalf	0x1b3
 787 0985 2A0A0000 		.uaword	0xa2a
 788 0989 0D       		.uleb128 0xd
 789 098a 6C617374 		.string	"last_activation"
 789      5F616374 
 789      69766174 
 789      696F6E00 
 790 099a 01       		.byte	0x1
 791 099b B401     		.uahalf	0x1b4
 792 099d 1C040000 		.uaword	0x41c
 793 09a1 02       		.byte	0x2
 794 09a2 23       		.byte	0x23
 795 09a3 00       		.uleb128 0
 796 09a4 0D       		.uleb128 0xd
 797 09a5 7465726D 		.string	"terminate_jump_buf"
 797      696E6174 
 797      655F6A75 
 797      6D705F62 
 797      756600
 798 09b8 01       		.byte	0x1
GAS Infineon TriCore Little Endian C:\\Users\\user1\\AppData\\Local\\Temp\\rta_RTAOS_638388406317960277_1736001\\cc9lpxkA.s 			page 19


 799 09b9 B501     		.uahalf	0x1b5
 800 09bb 02030000 		.uaword	0x302
 801 09bf 02       		.byte	0x2
 802 09c0 23       		.byte	0x23
 803 09c1 04       		.uleb128 0x4
 804 09c2 0D       		.uleb128 0xd
 805 09c3 6D657465 		.string	"meter"
 805      7200
 806 09c9 01       		.byte	0x1
 807 09ca B601     		.uahalf	0x1b6
 808 09cc D5060000 		.uaword	0x6d5
 809 09d0 02       		.byte	0x2
 810 09d1 23       		.byte	0x23
 811 09d2 48       		.uleb128 0x48
 812 09d3 0D       		.uleb128 0xd
 813 09d4 7365656E 		.string	"seen_activation"
 813      5F616374 
 813      69766174 
 813      696F6E00 
 814 09e4 01       		.byte	0x1
 815 09e5 B701     		.uahalf	0x1b7
 816 09e7 41020000 		.uaword	0x241
 817 09eb 02       		.byte	0x2
 818 09ec 23       		.byte	0x23
 819 09ed 54       		.uleb128 0x54
 820 09ee 0E       		.uleb128 0xe
 821 09ef 00000000 		.uaword	.LASF5
 822 09f3 01       		.byte	0x1
 823 09f4 B801     		.uahalf	0x1b8
 824 09f6 50090000 		.uaword	0x950
 825 09fa 02       		.byte	0x2
 826 09fb 23       		.byte	0x23
 827 09fc 55       		.uleb128 0x55
 828 09fd 0E       		.uleb128 0xe
 829 09fe 00000000 		.uaword	.LASF0
 830 0a02 01       		.byte	0x1
 831 0a03 B901     		.uahalf	0x1b9
 832 0a05 28030000 		.uaword	0x328
 833 0a09 02       		.byte	0x2
 834 0a0a 23       		.byte	0x23
 835 0a0b 56       		.uleb128 0x56
 836 0a0c 0D       		.uleb128 0xd
 837 0a0d 7465726D 		.string	"termination_state"
 837      696E6174 
 837      696F6E5F 
 837      73746174 
 837      6500
 838 0a1f 01       		.byte	0x1
 839 0a20 BA01     		.uahalf	0x1ba
 840 0a22 C2010000 		.uaword	0x1c2
 841 0a26 02       		.byte	0x2
 842 0a27 23       		.byte	0x23
 843 0a28 58       		.uleb128 0x58
 844 0a29 00       		.byte	0
 845 0a2a 0A       		.uleb128 0xa
 846 0a2b 4F735F54 		.string	"Os_TaskDynType"
 846      61736B44 
GAS Infineon TriCore Little Endian C:\\Users\\user1\\AppData\\Local\\Temp\\rta_RTAOS_638388406317960277_1736001\\cc9lpxkA.s 			page 20


 846      796E5479 
 846      706500
 847 0a3a 01       		.byte	0x1
 848 0a3b BB01     		.uahalf	0x1bb
 849 0a3d 6F090000 		.uaword	0x96f
 850 0a41 0C       		.uleb128 0xc
 851 0a42 4F735F54 		.string	"Os_TaskType_s"
 851      61736B54 
 851      7970655F 
 851      7300
 852 0a50 20       		.byte	0x20
 853 0a51 01       		.byte	0x1
 854 0a52 BD01     		.uahalf	0x1bd
 855 0a54 FE0A0000 		.uaword	0xafe
 856 0a58 0E       		.uleb128 0xe
 857 0a59 00000000 		.uaword	.LASF2
 858 0a5d 01       		.byte	0x1
 859 0a5e BE01     		.uahalf	0x1be
 860 0a60 FE0A0000 		.uaword	0xafe
 861 0a64 02       		.byte	0x2
 862 0a65 23       		.byte	0x23
 863 0a66 00       		.uleb128 0
 864 0a67 0E       		.uleb128 0xe
 865 0a68 00000000 		.uaword	.LASF1
 866 0a6c 01       		.byte	0x1
 867 0a6d BF01     		.uahalf	0x1bf
 868 0a6f B2030000 		.uaword	0x3b2
 869 0a73 02       		.byte	0x2
 870 0a74 23       		.byte	0x23
 871 0a75 04       		.uleb128 0x4
 872 0a76 0D       		.uleb128 0xd
 873 0a77 70736574 		.string	"pset"
 873      00
 874 0a7c 01       		.byte	0x1
 875 0a7d C001     		.uahalf	0x1c0
 876 0a7f FB080000 		.uaword	0x8fb
 877 0a83 02       		.byte	0x2
 878 0a84 23       		.byte	0x23
 879 0a85 08       		.uleb128 0x8
 880 0a86 0D       		.uleb128 0xd
 881 0a87 62617365 		.string	"base_tpmask"
 881      5F74706D 
 881      61736B00 
 882 0a93 01       		.byte	0x1
 883 0a94 C101     		.uahalf	0x1c1
 884 0a96 3A090000 		.uaword	0x93a
 885 0a9a 02       		.byte	0x2
 886 0a9b 23       		.byte	0x23
 887 0a9c 0C       		.uleb128 0xc
 888 0a9d 0E       		.uleb128 0xe
 889 0a9e 00000000 		.uaword	.LASF6
 890 0aa2 01       		.byte	0x1
 891 0aa3 C201     		.uahalf	0x1c2
 892 0aa5 3A090000 		.uaword	0x93a
 893 0aa9 02       		.byte	0x2
 894 0aaa 23       		.byte	0x23
 895 0aab 10       		.uleb128 0x10
GAS Infineon TriCore Little Endian C:\\Users\\user1\\AppData\\Local\\Temp\\rta_RTAOS_638388406317960277_1736001\\cc9lpxkA.s 			page 21


 896 0aac 0D       		.uleb128 0xd
 897 0aad 636F7265 		.string	"core_id"
 897      5F696400 
 898 0ab5 01       		.byte	0x1
 899 0ab6 C301     		.uahalf	0x1c3
 900 0ab8 6C040000 		.uaword	0x46c
 901 0abc 02       		.byte	0x2
 902 0abd 23       		.byte	0x23
 903 0abe 14       		.uleb128 0x14
 904 0abf 0D       		.uleb128 0xd
 905 0ac0 696E6465 		.string	"index"
 905      7800
 906 0ac6 01       		.byte	0x1
 907 0ac7 C401     		.uahalf	0x1c4
 908 0ac9 C2010000 		.uaword	0x1c2
 909 0acd 02       		.byte	0x2
 910 0ace 23       		.byte	0x23
 911 0acf 18       		.uleb128 0x18
 912 0ad0 0E       		.uleb128 0xe
 913 0ad1 00000000 		.uaword	.LASF5
 914 0ad5 01       		.byte	0x1
 915 0ad6 C501     		.uahalf	0x1c5
 916 0ad8 50090000 		.uaword	0x950
 917 0adc 02       		.byte	0x2
 918 0add 23       		.byte	0x23
 919 0ade 1C       		.uleb128 0x1c
 920 0adf 0E       		.uleb128 0xe
 921 0ae0 00000000 		.uaword	.LASF3
 922 0ae4 01       		.byte	0x1
 923 0ae5 C601     		.uahalf	0x1c6
 924 0ae7 80010000 		.uaword	0x180
 925 0aeb 02       		.byte	0x2
 926 0aec 23       		.byte	0x23
 927 0aed 1D       		.uleb128 0x1d
 928 0aee 0E       		.uleb128 0xe
 929 0aef 00000000 		.uaword	.LASF4
 930 0af3 01       		.byte	0x1
 931 0af4 C701     		.uahalf	0x1c7
 932 0af6 D9030000 		.uaword	0x3d9
 933 0afa 02       		.byte	0x2
 934 0afb 23       		.byte	0x23
 935 0afc 1E       		.uleb128 0x1e
 936 0afd 00       		.byte	0
 937 0afe 0F       		.uleb128 0xf
 938 0aff 030B0000 		.uaword	0xb03
 939 0b03 08       		.uleb128 0x8
 940 0b04 04       		.byte	0x4
 941 0b05 2A0A0000 		.uaword	0xa2a
 942 0b09 0A       		.uleb128 0xa
 943 0b0a 4F735F54 		.string	"Os_TaskType"
 943      61736B54 
 943      79706500 
 944 0b16 01       		.byte	0x1
 945 0b17 C801     		.uahalf	0x1c8
 946 0b19 410A0000 		.uaword	0xa41
 947 0b1d 0A       		.uleb128 0xa
 948 0b1e 5461736B 		.string	"TaskType"
GAS Infineon TriCore Little Endian C:\\Users\\user1\\AppData\\Local\\Temp\\rta_RTAOS_638388406317960277_1736001\\cc9lpxkA.s 			page 22


 948      54797065 
 948      00
 949 0b27 01       		.byte	0x1
 950 0b28 C901     		.uahalf	0x1c9
 951 0b2a 2E0B0000 		.uaword	0xb2e
 952 0b2e 08       		.uleb128 0x8
 953 0b2f 04       		.byte	0x4
 954 0b30 340B0000 		.uaword	0xb34
 955 0b34 0F       		.uleb128 0xf
 956 0b35 090B0000 		.uaword	0xb09
 957 0b39 10       		.uleb128 0x10
 958 0b3a 04       		.byte	0x4
 959 0b3b 01       		.byte	0x1
 960 0b3c E101     		.uahalf	0x1e1
 961 0b3e 5D0B0000 		.uaword	0xb5d
 962 0b42 12       		.uleb128 0x12
 963 0b43 00000000 		.uaword	.LASF6
 964 0b47 01       		.byte	0x1
 965 0b48 E201     		.uahalf	0x1e2
 966 0b4a 3A090000 		.uaword	0x93a
 967 0b4e 11       		.uleb128 0x11
 968 0b4f 696D6173 		.string	"imask"
 968      6B00
 969 0b55 01       		.byte	0x1
 970 0b56 E301     		.uahalf	0x1e3
 971 0b58 10070000 		.uaword	0x710
 972 0b5c 00       		.byte	0
 973 0b5d 0C       		.uleb128 0xc
 974 0b5e 4F735F52 		.string	"Os_ResourceDynType_s"
 974      65736F75 
 974      72636544 
 974      796E5479 
 974      70655F73 
 975 0b73 0C       		.byte	0xc
 976 0b74 01       		.byte	0x1
 977 0b75 DE01     		.uahalf	0x1de
 978 0b77 C00B0000 		.uaword	0xbc0
 979 0b7b 0D       		.uleb128 0xd
 980 0b7c 61636365 		.string	"access_count"
 980      73735F63 
 980      6F756E74 
 980      00
 981 0b89 01       		.byte	0x1
 982 0b8a DF01     		.uahalf	0x1df
 983 0b8c 28030000 		.uaword	0x328
 984 0b90 02       		.byte	0x2
 985 0b91 23       		.byte	0x23
 986 0b92 00       		.uleb128 0
 987 0b93 0D       		.uleb128 0xd
 988 0b94 6C6F636B 		.string	"locker"
 988      657200
 989 0b9b 01       		.byte	0x1
 990 0b9c E001     		.uahalf	0x1e0
 991 0b9e 1D0B0000 		.uaword	0xb1d
 992 0ba2 02       		.byte	0x2
 993 0ba3 23       		.byte	0x23
 994 0ba4 04       		.uleb128 0x4
GAS Infineon TriCore Little Endian C:\\Users\\user1\\AppData\\Local\\Temp\\rta_RTAOS_638388406317960277_1736001\\cc9lpxkA.s 			page 23


 995 0ba5 0D       		.uleb128 0xd
 996 0ba6 73617665 		.string	"saved_priority"
 996      645F7072 
 996      696F7269 
 996      747900
 997 0bb5 01       		.byte	0x1
 998 0bb6 E401     		.uahalf	0x1e4
 999 0bb8 390B0000 		.uaword	0xb39
 1000 0bbc 02       		.byte	0x2
 1001 0bbd 23       		.byte	0x23
 1002 0bbe 08       		.uleb128 0x8
 1003 0bbf 00       		.byte	0
 1004 0bc0 0A       		.uleb128 0xa
 1005 0bc1 4F735F52 		.string	"Os_ResourceDynType"
 1005      65736F75 
 1005      72636544 
 1005      796E5479 
 1005      706500
 1006 0bd4 01       		.byte	0x1
 1007 0bd5 E501     		.uahalf	0x1e5
 1008 0bd7 5D0B0000 		.uaword	0xb5d
 1009 0bdb 0C       		.uleb128 0xc
 1010 0bdc 4F735F52 		.string	"Os_ResourceType_s"
 1010      65736F75 
 1010      72636554 
 1010      7970655F 
 1010      7300
 1011 0bee 10       		.byte	0x10
 1012 0bef 01       		.byte	0x1
 1013 0bf0 E601     		.uahalf	0x1e6
 1014 0bf2 350C0000 		.uaword	0xc35
 1015 0bf6 0E       		.uleb128 0xe
 1016 0bf7 00000000 		.uaword	.LASF2
 1017 0bfb 01       		.byte	0x1
 1018 0bfc E701     		.uahalf	0x1e7
 1019 0bfe 350C0000 		.uaword	0xc35
 1020 0c02 02       		.byte	0x2
 1021 0c03 23       		.byte	0x23
 1022 0c04 00       		.uleb128 0
 1023 0c05 0E       		.uleb128 0xe
 1024 0c06 00000000 		.uaword	.LASF6
 1025 0c0a 01       		.byte	0x1
 1026 0c0b E801     		.uahalf	0x1e8
 1027 0c0d 3A090000 		.uaword	0x93a
 1028 0c11 02       		.byte	0x2
 1029 0c12 23       		.byte	0x23
 1030 0c13 04       		.uleb128 0x4
 1031 0c14 0D       		.uleb128 0xd
 1032 0c15 696D6173 		.string	"imask"
 1032      6B00
 1033 0c1b 01       		.byte	0x1
 1034 0c1c E901     		.uahalf	0x1e9
 1035 0c1e 10070000 		.uaword	0x710
 1036 0c22 02       		.byte	0x2
 1037 0c23 23       		.byte	0x23
 1038 0c24 08       		.uleb128 0x8
 1039 0c25 0E       		.uleb128 0xe
GAS Infineon TriCore Little Endian C:\\Users\\user1\\AppData\\Local\\Temp\\rta_RTAOS_638388406317960277_1736001\\cc9lpxkA.s 			page 24


 1040 0c26 00000000 		.uaword	.LASF3
 1041 0c2a 01       		.byte	0x1
 1042 0c2b EA01     		.uahalf	0x1ea
 1043 0c2d 80010000 		.uaword	0x180
 1044 0c31 02       		.byte	0x2
 1045 0c32 23       		.byte	0x23
 1046 0c33 0C       		.uleb128 0xc
 1047 0c34 00       		.byte	0
 1048 0c35 0F       		.uleb128 0xf
 1049 0c36 3A0C0000 		.uaword	0xc3a
 1050 0c3a 08       		.uleb128 0x8
 1051 0c3b 04       		.byte	0x4
 1052 0c3c C00B0000 		.uaword	0xbc0
 1053 0c40 0A       		.uleb128 0xa
 1054 0c41 4F735F52 		.string	"Os_ResourceType"
 1054      65736F75 
 1054      72636554 
 1054      79706500 
 1055 0c51 01       		.byte	0x1
 1056 0c52 EB01     		.uahalf	0x1eb
 1057 0c54 DB0B0000 		.uaword	0xbdb
 1058 0c58 0A       		.uleb128 0xa
 1059 0c59 5265736F 		.string	"ResourceType"
 1059      75726365 
 1059      54797065 
 1059      00
 1060 0c66 01       		.byte	0x1
 1061 0c67 EC01     		.uahalf	0x1ec
 1062 0c69 6D0C0000 		.uaword	0xc6d
 1063 0c6d 08       		.uleb128 0x8
 1064 0c6e 04       		.byte	0x4
 1065 0c6f 730C0000 		.uaword	0xc73
 1066 0c73 0F       		.uleb128 0xf
 1067 0c74 400C0000 		.uaword	0xc40
 1068 0c78 0A       		.uleb128 0xa
 1069 0c79 4F535365 		.string	"OSServiceIdType"
 1069      72766963 
 1069      65496454 
 1069      79706500 
 1070 0c89 01       		.byte	0x1
 1071 0c8a 5102     		.uahalf	0x251
 1072 0c8c 8D010000 		.uaword	0x18d
 1073 0c90 0A       		.uleb128 0xa
 1074 0c91 4F735F42 		.string	"Os_BiggestType"
 1074      69676765 
 1074      73745479 
 1074      706500
 1075 0ca0 01       		.byte	0x1
 1076 0ca1 2503     		.uahalf	0x325
 1077 0ca3 D0010000 		.uaword	0x1d0
 1078 0ca7 13       		.uleb128 0x13
 1079 0ca8 10       		.byte	0x10
 1080 0ca9 01       		.byte	0x1
 1081 0caa 2703     		.uahalf	0x327
 1082 0cac 150D0000 		.uaword	0xd15
 1083 0cb0 0D       		.uleb128 0xd
 1084 0cb1 73657276 		.string	"service_id"
GAS Infineon TriCore Little Endian C:\\Users\\user1\\AppData\\Local\\Temp\\rta_RTAOS_638388406317960277_1736001\\cc9lpxkA.s 			page 25


 1084      6963655F 
 1084      696400
 1085 0cbc 01       		.byte	0x1
 1086 0cbd 2803     		.uahalf	0x328
 1087 0cbf 780C0000 		.uaword	0xc78
 1088 0cc3 02       		.byte	0x2
 1089 0cc4 23       		.byte	0x23
 1090 0cc5 00       		.uleb128 0
 1091 0cc6 0D       		.uleb128 0xd
 1092 0cc7 73657276 		.string	"service_param1"
 1092      6963655F 
 1092      70617261 
 1092      6D3100
 1093 0cd6 01       		.byte	0x1
 1094 0cd7 2903     		.uahalf	0x329
 1095 0cd9 900C0000 		.uaword	0xc90
 1096 0cdd 02       		.byte	0x2
 1097 0cde 23       		.byte	0x23
 1098 0cdf 04       		.uleb128 0x4
 1099 0ce0 0D       		.uleb128 0xd
 1100 0ce1 73657276 		.string	"service_param2"
 1100      6963655F 
 1100      70617261 
 1100      6D3200
 1101 0cf0 01       		.byte	0x1
 1102 0cf1 2A03     		.uahalf	0x32a
 1103 0cf3 900C0000 		.uaword	0xc90
 1104 0cf7 02       		.byte	0x2
 1105 0cf8 23       		.byte	0x23
 1106 0cf9 08       		.uleb128 0x8
 1107 0cfa 0D       		.uleb128 0xd
 1108 0cfb 73657276 		.string	"service_param3"
 1108      6963655F 
 1108      70617261 
 1108      6D3300
 1109 0d0a 01       		.byte	0x1
 1110 0d0b 2B03     		.uahalf	0x32b
 1111 0d0d 900C0000 		.uaword	0xc90
 1112 0d11 02       		.byte	0x2
 1113 0d12 23       		.byte	0x23
 1114 0d13 0C       		.uleb128 0xc
 1115 0d14 00       		.byte	0
 1116 0d15 0A       		.uleb128 0xa
 1117 0d16 4F735F45 		.string	"Os_ErrorInformationType"
 1117      72726F72 
 1117      496E666F 
 1117      726D6174 
 1117      696F6E54 
 1118 0d2e 01       		.byte	0x1
 1119 0d2f 2C03     		.uahalf	0x32c
 1120 0d31 A70C0000 		.uaword	0xca7
 1121 0d35 0A       		.uleb128 0xa
 1122 0d36 4F735F4F 		.string	"Os_OrtiIdType"
 1122      72746949 
 1122      64547970 
 1122      6500
 1123 0d44 01       		.byte	0x1
GAS Infineon TriCore Little Endian C:\\Users\\user1\\AppData\\Local\\Temp\\rta_RTAOS_638388406317960277_1736001\\cc9lpxkA.s 			page 26


 1124 0d45 3003     		.uahalf	0x330
 1125 0d47 8D010000 		.uaword	0x18d
 1126 0d4b 0B       		.uleb128 0xb
 1127 0d4c FB080000 		.uaword	0x8fb
 1128 0d50 0B       		.uleb128 0xb
 1129 0d51 63080000 		.uaword	0x863
 1130 0d55 0B       		.uleb128 0xb
 1131 0d56 1D0B0000 		.uaword	0xb1d
 1132 0d5a 0B       		.uleb128 0xb
 1133 0d5b 3A090000 		.uaword	0x93a
 1134 0d5f 0B       		.uleb128 0xb
 1135 0d60 38040000 		.uaword	0x438
 1136 0d64 0B       		.uleb128 0xb
 1137 0d65 D9030000 		.uaword	0x3d9
 1138 0d69 0A       		.uleb128 0xa
 1139 0d6a 4F735F43 		.string	"Os_ControlledCoreType"
 1139      6F6E7472 
 1139      6F6C6C65 
 1139      64436F72 
 1139      65547970 
 1140 0d80 01       		.byte	0x1
 1141 0d81 2404     		.uahalf	0x424
 1142 0d83 84040000 		.uaword	0x484
 1143 0d87 0C       		.uleb128 0xc
 1144 0d88 4F735F41 		.string	"Os_AnyCoreType_s"
 1144      6E79436F 
 1144      72655479 
 1144      70655F73 
 1144      00
 1145 0d99 64       		.byte	0x64
 1146 0d9a 01       		.byte	0x1
 1147 0d9b 3204     		.uahalf	0x432
 1148 0d9d C00E0000 		.uaword	0xec0
 1149 0da1 0D       		.uleb128 0xd
 1150 0da2 44697361 		.string	"DisableAllImask"
 1150      626C6541 
 1150      6C6C496D 
 1150      61736B00 
 1151 0db2 01       		.byte	0x1
 1152 0db3 3304     		.uahalf	0x433
 1153 0db5 C00E0000 		.uaword	0xec0
 1154 0db9 02       		.byte	0x2
 1155 0dba 23       		.byte	0x23
 1156 0dbb 00       		.uleb128 0
 1157 0dbc 0D       		.uleb128 0xd
 1158 0dbd 53757370 		.string	"SuspendAllImask"
 1158      656E6441 
 1158      6C6C496D 
 1158      61736B00 
 1159 0dcd 01       		.byte	0x1
 1160 0dce 3404     		.uahalf	0x434
 1161 0dd0 C00E0000 		.uaword	0xec0
 1162 0dd4 02       		.byte	0x2
 1163 0dd5 23       		.byte	0x23
 1164 0dd6 04       		.uleb128 0x4
 1165 0dd7 0D       		.uleb128 0xd
 1166 0dd8 53757370 		.string	"SuspendOSImask"
GAS Infineon TriCore Little Endian C:\\Users\\user1\\AppData\\Local\\Temp\\rta_RTAOS_638388406317960277_1736001\\cc9lpxkA.s 			page 27


 1166      656E644F 
 1166      53496D61 
 1166      736B00
 1167 0de7 01       		.byte	0x1
 1168 0de8 3504     		.uahalf	0x435
 1169 0dea C00E0000 		.uaword	0xec0
 1170 0dee 02       		.byte	0x2
 1171 0def 23       		.byte	0x23
 1172 0df0 08       		.uleb128 0x8
 1173 0df1 0D       		.uleb128 0xd
 1174 0df2 44697361 		.string	"DisableAllCount"
 1174      626C6541 
 1174      6C6C436F 
 1174      756E7400 
 1175 0e02 01       		.byte	0x1
 1176 0e03 3604     		.uahalf	0x436
 1177 0e05 C50E0000 		.uaword	0xec5
 1178 0e09 02       		.byte	0x2
 1179 0e0a 23       		.byte	0x23
 1180 0e0b 0C       		.uleb128 0xc
 1181 0e0c 0D       		.uleb128 0xd
 1182 0e0d 53757370 		.string	"SuspendAllCount"
 1182      656E6441 
 1182      6C6C436F 
 1182      756E7400 
 1183 0e1d 01       		.byte	0x1
 1184 0e1e 3704     		.uahalf	0x437
 1185 0e20 C50E0000 		.uaword	0xec5
 1186 0e24 02       		.byte	0x2
 1187 0e25 23       		.byte	0x23
 1188 0e26 10       		.uleb128 0x10
 1189 0e27 0D       		.uleb128 0xd
 1190 0e28 53757370 		.string	"SuspendOSCount"
 1190      656E644F 
 1190      53436F75 
 1190      6E7400
 1191 0e37 01       		.byte	0x1
 1192 0e38 3804     		.uahalf	0x438
 1193 0e3a C50E0000 		.uaword	0xec5
 1194 0e3e 02       		.byte	0x2
 1195 0e3f 23       		.byte	0x23
 1196 0e40 14       		.uleb128 0x14
 1197 0e41 0D       		.uleb128 0xd
 1198 0e42 4F727469 		.string	"OrtiApiID"
 1198      41706949 
 1198      4400
 1199 0e4c 01       		.byte	0x1
 1200 0e4d 3904     		.uahalf	0x439
 1201 0e4f CA0E0000 		.uaword	0xeca
 1202 0e53 02       		.byte	0x2
 1203 0e54 23       		.byte	0x23
 1204 0e55 18       		.uleb128 0x18
 1205 0e56 0D       		.uleb128 0xd
 1206 0e57 4F727469 		.string	"OrtiLastError"
 1206      4C617374 
 1206      4572726F 
 1206      7200
GAS Infineon TriCore Little Endian C:\\Users\\user1\\AppData\\Local\\Temp\\rta_RTAOS_638388406317960277_1736001\\cc9lpxkA.s 			page 28


 1207 0e65 01       		.byte	0x1
 1208 0e66 3A04     		.uahalf	0x43a
 1209 0e68 50020000 		.uaword	0x250
 1210 0e6c 02       		.byte	0x2
 1211 0e6d 23       		.byte	0x23
 1212 0e6e 19       		.uleb128 0x19
 1213 0e6f 0D       		.uleb128 0xd
 1214 0e70 52657374 		.string	"RestartJumpBuf"
 1214      6172744A 
 1214      756D7042 
 1214      756600
 1215 0e7f 01       		.byte	0x1
 1216 0e80 3B04     		.uahalf	0x43b
 1217 0e82 02030000 		.uaword	0x302
 1218 0e86 02       		.byte	0x2
 1219 0e87 23       		.byte	0x23
 1220 0e88 1C       		.uleb128 0x1c
 1221 0e89 0D       		.uleb128 0xd
 1222 0e8a 52657374 		.string	"Restartable"
 1222      61727461 
 1222      626C6500 
 1223 0e96 01       		.byte	0x1
 1224 0e97 3C04     		.uahalf	0x43c
 1225 0e99 41020000 		.uaword	0x241
 1226 0e9d 02       		.byte	0x2
 1227 0e9e 23       		.byte	0x23
 1228 0e9f 60       		.uleb128 0x60
 1229 0ea0 0D       		.uleb128 0xd
 1230 0ea1 4C617374 		.string	"LastProtectionFault"
 1230      50726F74 
 1230      65637469 
 1230      6F6E4661 
 1230      756C7400 
 1231 0eb5 01       		.byte	0x1
 1232 0eb6 3D04     		.uahalf	0x43d
 1233 0eb8 50020000 		.uaword	0x250
 1234 0ebc 02       		.byte	0x2
 1235 0ebd 23       		.byte	0x23
 1236 0ebe 61       		.uleb128 0x61
 1237 0ebf 00       		.byte	0
 1238 0ec0 0B       		.uleb128 0xb
 1239 0ec1 10070000 		.uaword	0x710
 1240 0ec5 0B       		.uleb128 0xb
 1241 0ec6 C2010000 		.uaword	0x1c2
 1242 0eca 0B       		.uleb128 0xb
 1243 0ecb 350D0000 		.uaword	0xd35
 1244 0ecf 0A       		.uleb128 0xa
 1245 0ed0 4F735F41 		.string	"Os_AnyCoreType"
 1245      6E79436F 
 1245      72655479 
 1245      706500
 1246 0edf 01       		.byte	0x1
 1247 0ee0 3E04     		.uahalf	0x43e
 1248 0ee2 870D0000 		.uaword	0xd87
 1249 0ee6 0C       		.uleb128 0xc
 1250 0ee7 4F735F43 		.string	"Os_CoreConfiguration_s"
 1250      6F726543 
GAS Infineon TriCore Little Endian C:\\Users\\user1\\AppData\\Local\\Temp\\rta_RTAOS_638388406317960277_1736001\\cc9lpxkA.s 			page 29


 1250      6F6E6669 
 1250      67757261 
 1250      74696F6E 
 1251 0efe 18       		.byte	0x18
 1252 0eff 01       		.byte	0x1
 1253 0f00 4904     		.uahalf	0x449
 1254 0f02 800F0000 		.uaword	0xf80
 1255 0f06 0D       		.uleb128 0xd
 1256 0f07 636F6E74 		.string	"controlled"
 1256      726F6C6C 
 1256      656400
 1257 0f12 01       		.byte	0x1
 1258 0f13 4A04     		.uahalf	0x44a
 1259 0f15 800F0000 		.uaword	0xf80
 1260 0f19 02       		.byte	0x2
 1261 0f1a 23       		.byte	0x23
 1262 0f1b 00       		.uleb128 0
 1263 0f1c 0D       		.uleb128 0xd
 1264 0f1d 616E7900 		.string	"any"
 1265 0f21 01       		.byte	0x1
 1266 0f22 4B04     		.uahalf	0x44b
 1267 0f24 8B0F0000 		.uaword	0xf8b
 1268 0f28 02       		.byte	0x2
 1269 0f29 23       		.byte	0x23
 1270 0f2a 04       		.uleb128 0x4
 1271 0f2b 0D       		.uleb128 0xd
 1272 0f2c 73746174 		.string	"state"
 1272      6500
 1273 0f32 01       		.byte	0x1
 1274 0f33 4C04     		.uahalf	0x44c
 1275 0f35 960F0000 		.uaword	0xf96
 1276 0f39 02       		.byte	0x2
 1277 0f3a 23       		.byte	0x23
 1278 0f3b 08       		.uleb128 0x8
 1279 0f3c 0D       		.uleb128 0xd
 1280 0f3d 64697370 		.string	"dispatch"
 1280      61746368 
 1280      00
 1281 0f46 01       		.byte	0x1
 1282 0f47 4D04     		.uahalf	0x44d
 1283 0f49 B2030000 		.uaword	0x3b2
 1284 0f4d 02       		.byte	0x2
 1285 0f4e 23       		.byte	0x23
 1286 0f4f 0C       		.uleb128 0xc
 1287 0f50 0D       		.uleb128 0xd
 1288 0f51 4F735F52 		.string	"Os_Res_Scheduler"
 1288      65735F53 
 1288      63686564 
 1288      756C6572 
 1288      00
 1289 0f62 01       		.byte	0x1
 1290 0f63 4E04     		.uahalf	0x44e
 1291 0f65 580C0000 		.uaword	0xc58
 1292 0f69 02       		.byte	0x2
 1293 0f6a 23       		.byte	0x23
 1294 0f6b 10       		.uleb128 0x10
 1295 0f6c 0D       		.uleb128 0xd
GAS Infineon TriCore Little Endian C:\\Users\\user1\\AppData\\Local\\Temp\\rta_RTAOS_638388406317960277_1736001\\cc9lpxkA.s 			page 30


 1296 0f6d 636F7265 		.string	"core_id"
 1296      5F696400 
 1297 0f75 01       		.byte	0x1
 1298 0f76 4F04     		.uahalf	0x44f
 1299 0f78 6C040000 		.uaword	0x46c
 1300 0f7c 02       		.byte	0x2
 1301 0f7d 23       		.byte	0x23
 1302 0f7e 14       		.uleb128 0x14
 1303 0f7f 00       		.byte	0
 1304 0f80 0F       		.uleb128 0xf
 1305 0f81 850F0000 		.uaword	0xf85
 1306 0f85 08       		.uleb128 0x8
 1307 0f86 04       		.byte	0x4
 1308 0f87 690D0000 		.uaword	0xd69
 1309 0f8b 0F       		.uleb128 0xf
 1310 0f8c 900F0000 		.uaword	0xf90
 1311 0f90 08       		.uleb128 0x8
 1312 0f91 04       		.byte	0x4
 1313 0f92 CF0E0000 		.uaword	0xecf
 1314 0f96 0F       		.uleb128 0xf
 1315 0f97 9B0F0000 		.uaword	0xf9b
 1316 0f9b 08       		.uleb128 0x8
 1317 0f9c 04       		.byte	0x4
 1318 0f9d A10F0000 		.uaword	0xfa1
 1319 0fa1 0B       		.uleb128 0xb
 1320 0fa2 04040000 		.uaword	0x404
 1321 0fa6 0A       		.uleb128 0xa
 1322 0fa7 4F735F43 		.string	"Os_CoreConfiguration"
 1322      6F726543 
 1322      6F6E6669 
 1322      67757261 
 1322      74696F6E 
 1323 0fbc 01       		.byte	0x1
 1324 0fbd 5004     		.uahalf	0x450
 1325 0fbf E60E0000 		.uaword	0xee6
 1326 0fc3 14       		.uleb128 0x14
 1327 0fc4 01       		.byte	0x1
 1328 0fc5 4F735F47 		.string	"Os_GetApplicationID"
 1328      65744170 
 1328      706C6963 
 1328      6174696F 
 1328      6E494400 
 1329 0fd9 01       		.byte	0x1
 1330 0fda 5605     		.uahalf	0x556
 1331 0fdc 01       		.byte	0x1
 1332 0fdd D9030000 		.uaword	0x3d9
 1333 0fe1 00000000 		.uaword	.LFB0
 1334 0fe5 00000000 		.uaword	.LFE0
 1335 0fe9 02       		.byte	0x2
 1336 0fea 8A       		.byte	0x8a
 1337 0feb 00       		.sleb128 0
 1338 0fec 01       		.byte	0x1
 1339 0fed B4100000 		.uaword	0x10b4
 1340 0ff1 15       		.uleb128 0x15
 1341 0ff2 72657400 		.string	"ret"
 1342 0ff6 01       		.byte	0x1
 1343 0ff7 5705     		.uahalf	0x557
GAS Infineon TriCore Little Endian C:\\Users\\user1\\AppData\\Local\\Temp\\rta_RTAOS_638388406317960277_1736001\\cc9lpxkA.s 			page 31


 1344 0ff9 D9030000 		.uaword	0x3d9
 1345 0ffd 00000000 		.uaword	.LLST0
 1346 1001 16       		.uleb128 0x16
 1347 1002 6F735F63 		.string	"os_current_core_const"
 1347      75727265 
 1347      6E745F63 
 1347      6F72655F 
 1347      636F6E73 
 1348 1018 01       		.byte	0x1
 1349 1019 5805     		.uahalf	0x558
 1350 101b B4100000 		.uaword	0x10b4
 1351 101f 15       		.uleb128 0x15
 1352 1020 6F735F63 		.string	"os_current_controlled_core"
 1352      75727265 
 1352      6E745F63 
 1352      6F6E7472 
 1352      6F6C6C65 
 1353 103b 01       		.byte	0x1
 1354 103c 5905     		.uahalf	0x559
 1355 103e 850F0000 		.uaword	0xf85
 1356 1042 00000000 		.uaword	.LLST1
 1357 1046 17       		.uleb128 0x17
 1358 1047 6F735F63 		.string	"os_current_core"
 1358      75727265 
 1358      6E745F63 
 1358      6F726500 
 1359 1057 01       		.byte	0x1
 1360 1058 5A05     		.uahalf	0x55a
 1361 105a 900F0000 		.uaword	0xf90
 1362 105e 01       		.byte	0x1
 1363 105f 62       		.byte	0x62
 1364 1060 15       		.uleb128 0x15
 1365 1061 70726576 		.string	"previous_tmask"
 1365      696F7573 
 1365      5F746D61 
 1365      736B00
 1366 1070 01       		.byte	0x1
 1367 1071 5B05     		.uahalf	0x55b
 1368 1073 F0030000 		.uaword	0x3f0
 1369 1077 00000000 		.uaword	.LLST2
 1370 107b 18       		.uleb128 0x18
 1371 107c 00000000 		.uaword	.LBB2
 1372 1080 00000000 		.uaword	.LBE2
 1373 1084 99100000 		.uaword	0x1099
 1374 1088 15       		.uleb128 0x15
 1375 1089 72657300 		.string	"res"
 1376 108d 01       		.byte	0x1
 1377 108e 5805     		.uahalf	0x558
 1378 1090 D0010000 		.uaword	0x1d0
 1379 1094 00000000 		.uaword	.LLST3
 1380 1098 00       		.byte	0
 1381 1099 19       		.uleb128 0x19
 1382 109a 00000000 		.uaword	.LBB3
 1383 109e 00000000 		.uaword	.LBE3
 1384 10a2 15       		.uleb128 0x15
 1385 10a3 72657300 		.string	"res"
 1386 10a7 01       		.byte	0x1
GAS Infineon TriCore Little Endian C:\\Users\\user1\\AppData\\Local\\Temp\\rta_RTAOS_638388406317960277_1736001\\cc9lpxkA.s 			page 32


 1387 10a8 5B05     		.uahalf	0x55b
 1388 10aa D0010000 		.uaword	0x1d0
 1389 10ae 00000000 		.uaword	.LLST2
 1390 10b2 00       		.byte	0
 1391 10b3 00       		.byte	0
 1392 10b4 08       		.uleb128 0x8
 1393 10b5 04       		.byte	0x4
 1394 10b6 BA100000 		.uaword	0x10ba
 1395 10ba 0F       		.uleb128 0xf
 1396 10bb A60F0000 		.uaword	0xfa6
 1397 10bf 06       		.uleb128 0x6
 1398 10c0 A60F0000 		.uaword	0xfa6
 1399 10c4 CA100000 		.uaword	0x10ca
 1400 10c8 1A       		.uleb128 0x1a
 1401 10c9 00       		.byte	0
 1402 10ca 1B       		.uleb128 0x1b
 1403 10cb 4F735F63 		.string	"Os_const_coreconfiguration"
 1403      6F6E7374 
 1403      5F636F72 
 1403      65636F6E 
 1403      66696775 
 1404 10e6 01       		.byte	0x1
 1405 10e7 6A04     		.uahalf	0x46a
 1406 10e9 EF100000 		.uaword	0x10ef
 1407 10ed 01       		.byte	0x1
 1408 10ee 01       		.byte	0x1
 1409 10ef 0F       		.uleb128 0xf
 1410 10f0 BF100000 		.uaword	0x10bf
 1411 10f4 00       		.byte	0
 1412              	.section .debug_abbrev,"",@progbits
 1413              	.Ldebug_abbrev0:
 1414 0000 01       		.uleb128 0x1
 1415 0001 11       		.uleb128 0x11
 1416 0002 01       		.byte	0x1
 1417 0003 25       		.uleb128 0x25
 1418 0004 08       		.uleb128 0x8
 1419 0005 13       		.uleb128 0x13
 1420 0006 0B       		.uleb128 0xb
 1421 0007 03       		.uleb128 0x3
 1422 0008 08       		.uleb128 0x8
 1423 0009 55       		.uleb128 0x55
 1424 000a 06       		.uleb128 0x6
 1425 000b 11       		.uleb128 0x11
 1426 000c 01       		.uleb128 0x1
 1427 000d 52       		.uleb128 0x52
 1428 000e 01       		.uleb128 0x1
 1429 000f 10       		.uleb128 0x10
 1430 0010 06       		.uleb128 0x6
 1431 0011 00       		.byte	0
 1432 0012 00       		.byte	0
 1433 0013 02       		.uleb128 0x2
 1434 0014 16       		.uleb128 0x16
 1435 0015 00       		.byte	0
 1436 0016 03       		.uleb128 0x3
 1437 0017 08       		.uleb128 0x8
 1438 0018 3A       		.uleb128 0x3a
 1439 0019 0B       		.uleb128 0xb
GAS Infineon TriCore Little Endian C:\\Users\\user1\\AppData\\Local\\Temp\\rta_RTAOS_638388406317960277_1736001\\cc9lpxkA.s 			page 33


 1440 001a 3B       		.uleb128 0x3b
 1441 001b 0B       		.uleb128 0xb
 1442 001c 49       		.uleb128 0x49
 1443 001d 13       		.uleb128 0x13
 1444 001e 00       		.byte	0
 1445 001f 00       		.byte	0
 1446 0020 03       		.uleb128 0x3
 1447 0021 24       		.uleb128 0x24
 1448 0022 00       		.byte	0
 1449 0023 0B       		.uleb128 0xb
 1450 0024 0B       		.uleb128 0xb
 1451 0025 3E       		.uleb128 0x3e
 1452 0026 0B       		.uleb128 0xb
 1453 0027 03       		.uleb128 0x3
 1454 0028 08       		.uleb128 0x8
 1455 0029 00       		.byte	0
 1456 002a 00       		.byte	0
 1457 002b 04       		.uleb128 0x4
 1458 002c 13       		.uleb128 0x13
 1459 002d 01       		.byte	0x1
 1460 002e 0B       		.uleb128 0xb
 1461 002f 0B       		.uleb128 0xb
 1462 0030 3A       		.uleb128 0x3a
 1463 0031 0B       		.uleb128 0xb
 1464 0032 3B       		.uleb128 0x3b
 1465 0033 0B       		.uleb128 0xb
 1466 0034 01       		.uleb128 0x1
 1467 0035 13       		.uleb128 0x13
 1468 0036 00       		.byte	0
 1469 0037 00       		.byte	0
 1470 0038 05       		.uleb128 0x5
 1471 0039 0D       		.uleb128 0xd
 1472 003a 00       		.byte	0
 1473 003b 03       		.uleb128 0x3
 1474 003c 08       		.uleb128 0x8
 1475 003d 3A       		.uleb128 0x3a
 1476 003e 0B       		.uleb128 0xb
 1477 003f 3B       		.uleb128 0x3b
 1478 0040 0B       		.uleb128 0xb
 1479 0041 49       		.uleb128 0x49
 1480 0042 13       		.uleb128 0x13
 1481 0043 38       		.uleb128 0x38
 1482 0044 0A       		.uleb128 0xa
 1483 0045 00       		.byte	0
 1484 0046 00       		.byte	0
 1485 0047 06       		.uleb128 0x6
 1486 0048 01       		.uleb128 0x1
 1487 0049 01       		.byte	0x1
 1488 004a 49       		.uleb128 0x49
 1489 004b 13       		.uleb128 0x13
 1490 004c 01       		.uleb128 0x1
 1491 004d 13       		.uleb128 0x13
 1492 004e 00       		.byte	0
 1493 004f 00       		.byte	0
 1494 0050 07       		.uleb128 0x7
 1495 0051 21       		.uleb128 0x21
 1496 0052 00       		.byte	0
GAS Infineon TriCore Little Endian C:\\Users\\user1\\AppData\\Local\\Temp\\rta_RTAOS_638388406317960277_1736001\\cc9lpxkA.s 			page 34


 1497 0053 49       		.uleb128 0x49
 1498 0054 13       		.uleb128 0x13
 1499 0055 2F       		.uleb128 0x2f
 1500 0056 0B       		.uleb128 0xb
 1501 0057 00       		.byte	0
 1502 0058 00       		.byte	0
 1503 0059 08       		.uleb128 0x8
 1504 005a 0F       		.uleb128 0xf
 1505 005b 00       		.byte	0
 1506 005c 0B       		.uleb128 0xb
 1507 005d 0B       		.uleb128 0xb
 1508 005e 49       		.uleb128 0x49
 1509 005f 13       		.uleb128 0x13
 1510 0060 00       		.byte	0
 1511 0061 00       		.byte	0
 1512 0062 09       		.uleb128 0x9
 1513 0063 15       		.uleb128 0x15
 1514 0064 00       		.byte	0
 1515 0065 27       		.uleb128 0x27
 1516 0066 0C       		.uleb128 0xc
 1517 0067 00       		.byte	0
 1518 0068 00       		.byte	0
 1519 0069 0A       		.uleb128 0xa
 1520 006a 16       		.uleb128 0x16
 1521 006b 00       		.byte	0
 1522 006c 03       		.uleb128 0x3
 1523 006d 08       		.uleb128 0x8
 1524 006e 3A       		.uleb128 0x3a
 1525 006f 0B       		.uleb128 0xb
 1526 0070 3B       		.uleb128 0x3b
 1527 0071 05       		.uleb128 0x5
 1528 0072 49       		.uleb128 0x49
 1529 0073 13       		.uleb128 0x13
 1530 0074 00       		.byte	0
 1531 0075 00       		.byte	0
 1532 0076 0B       		.uleb128 0xb
 1533 0077 35       		.uleb128 0x35
 1534 0078 00       		.byte	0
 1535 0079 49       		.uleb128 0x49
 1536 007a 13       		.uleb128 0x13
 1537 007b 00       		.byte	0
 1538 007c 00       		.byte	0
 1539 007d 0C       		.uleb128 0xc
 1540 007e 13       		.uleb128 0x13
 1541 007f 01       		.byte	0x1
 1542 0080 03       		.uleb128 0x3
 1543 0081 08       		.uleb128 0x8
 1544 0082 0B       		.uleb128 0xb
 1545 0083 0B       		.uleb128 0xb
 1546 0084 3A       		.uleb128 0x3a
 1547 0085 0B       		.uleb128 0xb
 1548 0086 3B       		.uleb128 0x3b
 1549 0087 05       		.uleb128 0x5
 1550 0088 01       		.uleb128 0x1
 1551 0089 13       		.uleb128 0x13
 1552 008a 00       		.byte	0
 1553 008b 00       		.byte	0
GAS Infineon TriCore Little Endian C:\\Users\\user1\\AppData\\Local\\Temp\\rta_RTAOS_638388406317960277_1736001\\cc9lpxkA.s 			page 35


 1554 008c 0D       		.uleb128 0xd
 1555 008d 0D       		.uleb128 0xd
 1556 008e 00       		.byte	0
 1557 008f 03       		.uleb128 0x3
 1558 0090 08       		.uleb128 0x8
 1559 0091 3A       		.uleb128 0x3a
 1560 0092 0B       		.uleb128 0xb
 1561 0093 3B       		.uleb128 0x3b
 1562 0094 05       		.uleb128 0x5
 1563 0095 49       		.uleb128 0x49
 1564 0096 13       		.uleb128 0x13
 1565 0097 38       		.uleb128 0x38
 1566 0098 0A       		.uleb128 0xa
 1567 0099 00       		.byte	0
 1568 009a 00       		.byte	0
 1569 009b 0E       		.uleb128 0xe
 1570 009c 0D       		.uleb128 0xd
 1571 009d 00       		.byte	0
 1572 009e 03       		.uleb128 0x3
 1573 009f 0E       		.uleb128 0xe
 1574 00a0 3A       		.uleb128 0x3a
 1575 00a1 0B       		.uleb128 0xb
 1576 00a2 3B       		.uleb128 0x3b
 1577 00a3 05       		.uleb128 0x5
 1578 00a4 49       		.uleb128 0x49
 1579 00a5 13       		.uleb128 0x13
 1580 00a6 38       		.uleb128 0x38
 1581 00a7 0A       		.uleb128 0xa
 1582 00a8 00       		.byte	0
 1583 00a9 00       		.byte	0
 1584 00aa 0F       		.uleb128 0xf
 1585 00ab 26       		.uleb128 0x26
 1586 00ac 00       		.byte	0
 1587 00ad 49       		.uleb128 0x49
 1588 00ae 13       		.uleb128 0x13
 1589 00af 00       		.byte	0
 1590 00b0 00       		.byte	0
 1591 00b1 10       		.uleb128 0x10
 1592 00b2 17       		.uleb128 0x17
 1593 00b3 01       		.byte	0x1
 1594 00b4 0B       		.uleb128 0xb
 1595 00b5 0B       		.uleb128 0xb
 1596 00b6 3A       		.uleb128 0x3a
 1597 00b7 0B       		.uleb128 0xb
 1598 00b8 3B       		.uleb128 0x3b
 1599 00b9 05       		.uleb128 0x5
 1600 00ba 01       		.uleb128 0x1
 1601 00bb 13       		.uleb128 0x13
 1602 00bc 00       		.byte	0
 1603 00bd 00       		.byte	0
 1604 00be 11       		.uleb128 0x11
 1605 00bf 0D       		.uleb128 0xd
 1606 00c0 00       		.byte	0
 1607 00c1 03       		.uleb128 0x3
 1608 00c2 08       		.uleb128 0x8
 1609 00c3 3A       		.uleb128 0x3a
 1610 00c4 0B       		.uleb128 0xb
GAS Infineon TriCore Little Endian C:\\Users\\user1\\AppData\\Local\\Temp\\rta_RTAOS_638388406317960277_1736001\\cc9lpxkA.s 			page 36


 1611 00c5 3B       		.uleb128 0x3b
 1612 00c6 05       		.uleb128 0x5
 1613 00c7 49       		.uleb128 0x49
 1614 00c8 13       		.uleb128 0x13
 1615 00c9 00       		.byte	0
 1616 00ca 00       		.byte	0
 1617 00cb 12       		.uleb128 0x12
 1618 00cc 0D       		.uleb128 0xd
 1619 00cd 00       		.byte	0
 1620 00ce 03       		.uleb128 0x3
 1621 00cf 0E       		.uleb128 0xe
 1622 00d0 3A       		.uleb128 0x3a
 1623 00d1 0B       		.uleb128 0xb
 1624 00d2 3B       		.uleb128 0x3b
 1625 00d3 05       		.uleb128 0x5
 1626 00d4 49       		.uleb128 0x49
 1627 00d5 13       		.uleb128 0x13
 1628 00d6 00       		.byte	0
 1629 00d7 00       		.byte	0
 1630 00d8 13       		.uleb128 0x13
 1631 00d9 13       		.uleb128 0x13
 1632 00da 01       		.byte	0x1
 1633 00db 0B       		.uleb128 0xb
 1634 00dc 0B       		.uleb128 0xb
 1635 00dd 3A       		.uleb128 0x3a
 1636 00de 0B       		.uleb128 0xb
 1637 00df 3B       		.uleb128 0x3b
 1638 00e0 05       		.uleb128 0x5
 1639 00e1 01       		.uleb128 0x1
 1640 00e2 13       		.uleb128 0x13
 1641 00e3 00       		.byte	0
 1642 00e4 00       		.byte	0
 1643 00e5 14       		.uleb128 0x14
 1644 00e6 2E       		.uleb128 0x2e
 1645 00e7 01       		.byte	0x1
 1646 00e8 3F       		.uleb128 0x3f
 1647 00e9 0C       		.uleb128 0xc
 1648 00ea 03       		.uleb128 0x3
 1649 00eb 08       		.uleb128 0x8
 1650 00ec 3A       		.uleb128 0x3a
 1651 00ed 0B       		.uleb128 0xb
 1652 00ee 3B       		.uleb128 0x3b
 1653 00ef 05       		.uleb128 0x5
 1654 00f0 27       		.uleb128 0x27
 1655 00f1 0C       		.uleb128 0xc
 1656 00f2 49       		.uleb128 0x49
 1657 00f3 13       		.uleb128 0x13
 1658 00f4 11       		.uleb128 0x11
 1659 00f5 01       		.uleb128 0x1
 1660 00f6 12       		.uleb128 0x12
 1661 00f7 01       		.uleb128 0x1
 1662 00f8 40       		.uleb128 0x40
 1663 00f9 0A       		.uleb128 0xa
 1664 00fa 9742     		.uleb128 0x2117
 1665 00fc 0C       		.uleb128 0xc
 1666 00fd 01       		.uleb128 0x1
 1667 00fe 13       		.uleb128 0x13
GAS Infineon TriCore Little Endian C:\\Users\\user1\\AppData\\Local\\Temp\\rta_RTAOS_638388406317960277_1736001\\cc9lpxkA.s 			page 37


 1668 00ff 00       		.byte	0
 1669 0100 00       		.byte	0
 1670 0101 15       		.uleb128 0x15
 1671 0102 34       		.uleb128 0x34
 1672 0103 00       		.byte	0
 1673 0104 03       		.uleb128 0x3
 1674 0105 08       		.uleb128 0x8
 1675 0106 3A       		.uleb128 0x3a
 1676 0107 0B       		.uleb128 0xb
 1677 0108 3B       		.uleb128 0x3b
 1678 0109 05       		.uleb128 0x5
 1679 010a 49       		.uleb128 0x49
 1680 010b 13       		.uleb128 0x13
 1681 010c 02       		.uleb128 0x2
 1682 010d 06       		.uleb128 0x6
 1683 010e 00       		.byte	0
 1684 010f 00       		.byte	0
 1685 0110 16       		.uleb128 0x16
 1686 0111 34       		.uleb128 0x34
 1687 0112 00       		.byte	0
 1688 0113 03       		.uleb128 0x3
 1689 0114 08       		.uleb128 0x8
 1690 0115 3A       		.uleb128 0x3a
 1691 0116 0B       		.uleb128 0xb
 1692 0117 3B       		.uleb128 0x3b
 1693 0118 05       		.uleb128 0x5
 1694 0119 49       		.uleb128 0x49
 1695 011a 13       		.uleb128 0x13
 1696 011b 00       		.byte	0
 1697 011c 00       		.byte	0
 1698 011d 17       		.uleb128 0x17
 1699 011e 34       		.uleb128 0x34
 1700 011f 00       		.byte	0
 1701 0120 03       		.uleb128 0x3
 1702 0121 08       		.uleb128 0x8
 1703 0122 3A       		.uleb128 0x3a
 1704 0123 0B       		.uleb128 0xb
 1705 0124 3B       		.uleb128 0x3b
 1706 0125 05       		.uleb128 0x5
 1707 0126 49       		.uleb128 0x49
 1708 0127 13       		.uleb128 0x13
 1709 0128 02       		.uleb128 0x2
 1710 0129 0A       		.uleb128 0xa
 1711 012a 00       		.byte	0
 1712 012b 00       		.byte	0
 1713 012c 18       		.uleb128 0x18
 1714 012d 0B       		.uleb128 0xb
 1715 012e 01       		.byte	0x1
 1716 012f 11       		.uleb128 0x11
 1717 0130 01       		.uleb128 0x1
 1718 0131 12       		.uleb128 0x12
 1719 0132 01       		.uleb128 0x1
 1720 0133 01       		.uleb128 0x1
 1721 0134 13       		.uleb128 0x13
 1722 0135 00       		.byte	0
 1723 0136 00       		.byte	0
 1724 0137 19       		.uleb128 0x19
GAS Infineon TriCore Little Endian C:\\Users\\user1\\AppData\\Local\\Temp\\rta_RTAOS_638388406317960277_1736001\\cc9lpxkA.s 			page 38


 1725 0138 0B       		.uleb128 0xb
 1726 0139 01       		.byte	0x1
 1727 013a 11       		.uleb128 0x11
 1728 013b 01       		.uleb128 0x1
 1729 013c 12       		.uleb128 0x12
 1730 013d 01       		.uleb128 0x1
 1731 013e 00       		.byte	0
 1732 013f 00       		.byte	0
 1733 0140 1A       		.uleb128 0x1a
 1734 0141 21       		.uleb128 0x21
 1735 0142 00       		.byte	0
 1736 0143 00       		.byte	0
 1737 0144 00       		.byte	0
 1738 0145 1B       		.uleb128 0x1b
 1739 0146 34       		.uleb128 0x34
 1740 0147 00       		.byte	0
 1741 0148 03       		.uleb128 0x3
 1742 0149 08       		.uleb128 0x8
 1743 014a 3A       		.uleb128 0x3a
 1744 014b 0B       		.uleb128 0xb
 1745 014c 3B       		.uleb128 0x3b
 1746 014d 05       		.uleb128 0x5
 1747 014e 49       		.uleb128 0x49
 1748 014f 13       		.uleb128 0x13
 1749 0150 3F       		.uleb128 0x3f
 1750 0151 0C       		.uleb128 0xc
 1751 0152 3C       		.uleb128 0x3c
 1752 0153 0C       		.uleb128 0xc
 1753 0154 00       		.byte	0
 1754 0155 00       		.byte	0
 1755 0156 00       		.byte	0
 1756              	.section .debug_loc,"",@progbits
 1757              	.Ldebug_loc0:
 1758              	.LLST0:
 1759 0000 00000000 		.uaword	.LVL6
 1760 0004 00000000 		.uaword	.LVL7
 1761 0008 0100     		.uahalf	0x1
 1762 000a 52       		.byte	0x52
 1763 000b 00000000 		.uaword	.LVL9
 1764 000f 00000000 		.uaword	.LVL10
 1765 0013 0200     		.uahalf	0x2
 1766 0015 8F       		.byte	0x8f
 1767 0016 1E       		.sleb128 30
 1768 0017 00000000 		.uaword	.LVL10
 1769 001b 00000000 		.uaword	.LVL11
 1770 001f 0100     		.uahalf	0x1
 1771 0021 52       		.byte	0x52
 1772 0022 00000000 		.uaword	0
 1773 0026 00000000 		.uaword	0
 1774              	.LLST1:
 1775 002a 00000000 		.uaword	.LVL1
 1776 002e 00000000 		.uaword	.LVL5
 1777 0032 0100     		.uahalf	0x1
 1778 0034 6F       		.byte	0x6f
 1779 0035 00000000 		.uaword	.LVL5
 1780 0039 00000000 		.uaword	.LVL7
 1781 003d 0200     		.uahalf	0x2
GAS Infineon TriCore Little Endian C:\\Users\\user1\\AppData\\Local\\Temp\\rta_RTAOS_638388406317960277_1736001\\cc9lpxkA.s 			page 39


 1782 003f 73       		.byte	0x73
 1783 0040 00       		.sleb128 0
 1784 0041 00000000 		.uaword	.LVL7
 1785 0045 00000000 		.uaword	.LVL8
 1786 0049 0100     		.uahalf	0x1
 1787 004b 6F       		.byte	0x6f
 1788 004c 00000000 		.uaword	.LVL8
 1789 0050 00000000 		.uaword	.LVL11
 1790 0054 0200     		.uahalf	0x2
 1791 0056 73       		.byte	0x73
 1792 0057 00       		.sleb128 0
 1793 0058 00000000 		.uaword	.LVL11
 1794 005c 00000000 		.uaword	.LFE0
 1795 0060 0100     		.uahalf	0x1
 1796 0062 6F       		.byte	0x6f
 1797 0063 00000000 		.uaword	0
 1798 0067 00000000 		.uaword	0
 1799              	.LLST2:
 1800 006b 00000000 		.uaword	.LVL3
 1801 006f 00000000 		.uaword	.LVL4
 1802 0073 0100     		.uahalf	0x1
 1803 0075 5F       		.byte	0x5f
 1804 0076 00000000 		.uaword	0
 1805 007a 00000000 		.uaword	0
 1806              	.LLST3:
 1807 007e 00000000 		.uaword	.LVL0
 1808 0082 00000000 		.uaword	.LVL3
 1809 0086 0100     		.uahalf	0x1
 1810 0088 5F       		.byte	0x5f
 1811 0089 00000000 		.uaword	0
 1812 008d 00000000 		.uaword	0
 1813              	.section .debug_aranges,"",@progbits
 1814 0000 1C000000 		.uaword	0x1c
 1815 0004 0200     		.uahalf	0x2
 1816 0006 00000000 		.uaword	.Ldebug_info0
 1817 000a 04       		.byte	0x4
 1818 000b 00       		.byte	0
 1819 000c 0000     		.uahalf	0
 1820 000e 0000     		.uahalf	0
 1821 0010 00000000 		.uaword	.LFB0
 1822 0014 5C000000 		.uaword	.LFE0-.LFB0
 1823 0018 00000000 		.uaword	0
 1824 001c 00000000 		.uaword	0
 1825              	.section .debug_ranges,"",@progbits
 1826              	.Ldebug_ranges0:
 1827 0000 00000000 		.uaword	.LFB0
 1828 0004 00000000 		.uaword	.LFE0
 1829 0008 00000000 		.uaword	0
 1830 000c 00000000 		.uaword	0
 1831              	.section .debug_line,"",@progbits
 1832              	.Ldebug_line0:
 1833 0000 76010000 	.section .debug_str,"",@progbits
 1833      02001601 
 1833      00000201 
 1833      FB0E0D00 
 1833      01010101 
 1834              	.LASF4:
GAS Infineon TriCore Little Endian C:\\Users\\user1\\AppData\\Local\\Temp\\rta_RTAOS_638388406317960277_1736001\\cc9lpxkA.s 			page 40


 1835 0000 6170706C 		.string	"application"
 1835      69636174 
 1835      696F6E00 
 1836              	.LASF2:
 1837 000c 64796E61 		.string	"dynamic"
 1837      6D696300 
 1838              	.LASF5:
 1839 0014 61637469 		.string	"activation_count"
 1839      76617469 
 1839      6F6E5F63 
 1839      6F756E74 
 1839      00
 1840              	.LASF6:
 1841 0025 74706D61 		.string	"tpmask"
 1841      736B00
 1842              	.LASF1:
 1843 002c 656E7472 		.string	"entry_function"
 1843      795F6675 
 1843      6E637469 
 1843      6F6E00
 1844              	.LASF3:
 1845 003b 61636365 		.string	"access"
 1845      737300
 1846              	.LASF0:
 1847 0042 7265736F 		.string	"resource_count"
 1847      75726365 
 1847      5F636F75 
 1847      6E7400
 1848              		.extern	Os_const_coreconfiguration,STT_OBJECT,-1
 1849              		.ident	"GCC: (HighTec Release HDP-v4.9.4.1-11fcedf) 4.9.4 build on 2020-09-01"
