GAS Infineon TriCore Little Endian C:\\Users\\user1\\AppData\\Local\\Temp\\rta_RTAOS_638388406317960277_1736001\\ccHBvkXg.s 			page 1


   1              		.file	"GetActiveApplicationMode.c"
   2              	.section .text,"ax",@progbits
   3              	.Ltext0:
   4              	.section .text.Os_GetActiveApplicationMode,"ax",@progbits
   5              		.align 1
   6              		.global	Os_GetActiveApplicationMode
   7              		.type	Os_GetActiveApplicationMode, @function
   8              	Os_GetActiveApplicationMode:
   9              	.LFB0:
  10              		.file 1 "C:\\Users\\user1\\AppData\\Local\\Temp\\rta_RTAOS_638388406317960277_1736001\\GetActiveAp
  11              		.loc 1 1366 0
  12              	.LBB2:
  13              		.loc 1 1368 0
  14              	#APP
  15              		# 1368 "C:\Users\user1\AppData\Local\Temp\rta_RTAOS_638388406317960277_1736001\GetActiveApplicatio
  16 0000 4DC0E1FF 		mfcr %d15,0xfe1c
  17              		# 0 "" 2
  18              	.LVL0:
  19              	#NO_APP
  20              	.LBE2:
  21              		.loc 1 1369 0
  22 0004 910000F0 		movh.a	%a15, hi:Os_const_coreconfiguration
  23 0008 80F3     		mov.d	%d3, %a15
  24 000a 1B030020 		addi	%d2, %d3, lo:Os_const_coreconfiguration
  25 000e 138F2132 		madd	%d3, %d2, %d15, 24
  26 0012 603F     		mov.a	%a15, %d3
  27 0014 C81F     		ld.a	%a15, [%a15] 4
  28              	.LVL1:
  29              	.LBB3:
  30              		.loc 1 1370 0
  31              	#APP
  32              		# 1370 "C:\Users\user1\AppData\Local\Temp\rta_RTAOS_638388406317960277_1736001\GetActiveApplicatio
  33 0016 4D40E0FF 		mfcr %d15,0xfe04
  34              		# 0 "" 2
  35              	.LVL2:
  36              	#NO_APP
  37              	.LBE3:
  38              		.loc 1 1371 0
  39 001a AEB3     		jnz.t	%d15, 11, .L2
  40              		.loc 1 1371 0 is_stmt 0 discriminator 1
  41              	#APP
  42              		# 1371 "C:\Users\user1\AppData\Local\Temp\rta_RTAOS_638388406317960277_1736001\GetActiveApplicatio
  43 001c AD008000 		syscall 0
  44              		# 0 "" 2
  45              	#NO_APP
  46              	.L2:
  47              		.loc 1 1372 0 is_stmt 1
  48 0020 DA1F     		mov	%d15, 31
  49              	.LVL3:
  50 0022 E9FF1800 		st.b	[%a15] 24, %d15
  51              		.loc 1 1373 0
  52 0026 91000020 		movh.a	%a2, hi:Os_CurrentAppMode
  53              		.loc 1 1374 0
  54 002a DA1E     		mov	%d15, 30
  55              		.loc 1 1373 0
  56 002c 39220000 		ld.bu	%d2, [%a2] lo:Os_CurrentAppMode
  57              	.LVL4:
GAS Infineon TriCore Little Endian C:\\Users\\user1\\AppData\\Local\\Temp\\rta_RTAOS_638388406317960277_1736001\\ccHBvkXg.s 			page 2


  58              		.loc 1 1374 0
  59 0030 E9FF1800 		st.b	[%a15] 24, %d15
  60              		.loc 1 1377 0
  61 0034 0090     		ret
  62              	.LFE0:
  63              		.size	Os_GetActiveApplicationMode, .-Os_GetActiveApplicationMode
  64              	.section .debug_frame,"",@progbits
  65              	.Lframe0:
  66 0000 0C000000 		.uaword	.LECIE0-.LSCIE0
  67              	.LSCIE0:
  68 0004 FFFFFFFF 		.uaword	0xffffffff
  69 0008 01       		.byte	0x1
  70 0009 00       		.string	""
  71 000a 01       		.uleb128 0x1
  72 000b 01       		.sleb128 1
  73 000c 1B       		.byte	0x1b
  74 000d 0C       		.byte	0xc
  75 000e 1A       		.uleb128 0x1a
  76 000f 00       		.uleb128 0
  77              		.align 2
  78              	.LECIE0:
  79              	.LSFDE0:
  80 0010 0C000000 		.uaword	.LEFDE0-.LASFDE0
  81              	.LASFDE0:
  82 0014 00000000 		.uaword	.Lframe0
  83 0018 00000000 		.uaword	.LFB0
  84 001c 36000000 		.uaword	.LFE0-.LFB0
  85              		.align 2
  86              	.LEFDE0:
  87              	.section .text,"ax",@progbits
  88              	.Letext0:
  89              		.file 2 "D:\\home\\user123\\user\\Mohan6_VectorSIP\\21Dec23\\15Dec23_CAN_merge_21stDec\\25_Softwar
  90              		.file 3 "D:\\home\\user123\\user\\Mohan6_VectorSIP\\21Dec23\\15Dec23_CAN_merge_21stDec\\25_Softwar
  91              	.section .debug_info,"",@progbits
  92              	.Ldebug_info0:
  93 0000 0D110000 		.uaword	0x110d
  94 0004 0200     		.uahalf	0x2
  95 0006 00000000 		.uaword	.Ldebug_abbrev0
  96 000a 04       		.byte	0x4
  97 000b 01       		.uleb128 0x1
  98 000c 474E5520 		.ascii	"GNU C 4."
  98      4320342E 
  99 0014 392E3420 		.string	"9.4 build on 2020-09-01 -mlicense-dir=c:\\hightec\\toolchains\\tricore\\v4.9.4.1\\bin\\..
  99      6275696C 
  99      64206F6E 
  99      20323032 
  99      302D3039 
 100 0115 01       		.byte	0x1
 101 0116 433A5C55 		.string	"C:\\Users\\user1\\AppData\\Local\\Temp\\rta_RTAOS_638388406317960277_1736001\\GetActiveAp
 101      73657273 
 101      5C757365 
 101      72315C41 
 101      70704461 
 102 0178 00000000 		.uaword	.Ldebug_ranges0+0
 103 017c 00000000 		.uaword	0
 104 0180 00000000 		.uaword	0
 105 0184 00000000 		.uaword	.Ldebug_line0
GAS Infineon TriCore Little Endian C:\\Users\\user1\\AppData\\Local\\Temp\\rta_RTAOS_638388406317960277_1736001\\ccHBvkXg.s 			page 3


 106 0188 02       		.uleb128 0x2
 107 0189 75696E74 		.string	"uint8"
 107      3800
 108 018f 02       		.byte	0x2
 109 0190 34       		.byte	0x34
 110 0191 95010000 		.uaword	0x195
 111 0195 03       		.uleb128 0x3
 112 0196 01       		.byte	0x1
 113 0197 08       		.byte	0x8
 114 0198 756E7369 		.string	"unsigned char"
 114      676E6564 
 114      20636861 
 114      7200
 115 01a6 02       		.uleb128 0x2
 116 01a7 75696E74 		.string	"uint16"
 116      313600
 117 01ae 02       		.byte	0x2
 118 01af 35       		.byte	0x35
 119 01b0 B4010000 		.uaword	0x1b4
 120 01b4 03       		.uleb128 0x3
 121 01b5 02       		.byte	0x2
 122 01b6 07       		.byte	0x7
 123 01b7 73686F72 		.string	"short unsigned int"
 123      7420756E 
 123      7369676E 
 123      65642069 
 123      6E7400
 124 01ca 02       		.uleb128 0x2
 125 01cb 75696E74 		.string	"uint32"
 125      333200
 126 01d2 02       		.byte	0x2
 127 01d3 36       		.byte	0x36
 128 01d4 D8010000 		.uaword	0x1d8
 129 01d8 03       		.uleb128 0x3
 130 01d9 04       		.byte	0x4
 131 01da 07       		.byte	0x7
 132 01db 756E7369 		.string	"unsigned int"
 132      676E6564 
 132      20696E74 
 132      00
 133 01e8 03       		.uleb128 0x3
 134 01e9 01       		.byte	0x1
 135 01ea 06       		.byte	0x6
 136 01eb 7369676E 		.string	"signed char"
 136      65642063 
 136      68617200 
 137 01f7 03       		.uleb128 0x3
 138 01f8 02       		.byte	0x2
 139 01f9 05       		.byte	0x5
 140 01fa 73686F72 		.string	"short int"
 140      7420696E 
 140      7400
 141 0204 03       		.uleb128 0x3
 142 0205 04       		.byte	0x4
 143 0206 05       		.byte	0x5
 144 0207 696E7400 		.string	"int"
 145 020b 03       		.uleb128 0x3
GAS Infineon TriCore Little Endian C:\\Users\\user1\\AppData\\Local\\Temp\\rta_RTAOS_638388406317960277_1736001\\ccHBvkXg.s 			page 4


 146 020c 04       		.byte	0x4
 147 020d 04       		.byte	0x4
 148 020e 666C6F61 		.string	"float"
 148      7400
 149 0214 03       		.uleb128 0x3
 150 0215 08       		.byte	0x8
 151 0216 04       		.byte	0x4
 152 0217 646F7562 		.string	"double"
 152      6C6500
 153 021e 03       		.uleb128 0x3
 154 021f 08       		.byte	0x8
 155 0220 05       		.byte	0x5
 156 0221 6C6F6E67 		.string	"long long int"
 156      206C6F6E 
 156      6720696E 
 156      7400
 157 022f 03       		.uleb128 0x3
 158 0230 08       		.byte	0x8
 159 0231 07       		.byte	0x7
 160 0232 6C6F6E67 		.string	"long long unsigned int"
 160      206C6F6E 
 160      6720756E 
 160      7369676E 
 160      65642069 
 161 0249 02       		.uleb128 0x2
 162 024a 626F6F6C 		.string	"boolean"
 162      65616E00 
 163 0252 02       		.byte	0x2
 164 0253 49       		.byte	0x49
 165 0254 95010000 		.uaword	0x195
 166 0258 02       		.uleb128 0x2
 167 0259 53746174 		.string	"StatusType"
 167      75735479 
 167      706500
 168 0264 03       		.byte	0x3
 169 0265 28       		.byte	0x28
 170 0266 95010000 		.uaword	0x195
 171 026a 04       		.uleb128 0x4
 172 026b 08       		.byte	0x8
 173 026c 01       		.byte	0x1
 174 026d 7C       		.byte	0x7c
 175 026e A9020000 		.uaword	0x2a9
 176 0272 05       		.uleb128 0x5
 177 0273 436C6173 		.string	"Class"
 177      7300
 178 0279 01       		.byte	0x1
 179 027a 7D       		.byte	0x7d
 180 027b 88010000 		.uaword	0x188
 181 027f 02       		.byte	0x2
 182 0280 23       		.byte	0x23
 183 0281 00       		.uleb128 0
 184 0282 05       		.uleb128 0x5
 185 0283 54494E00 		.string	"TIN"
 186 0287 01       		.byte	0x1
 187 0288 7E       		.byte	0x7e
 188 0289 88010000 		.uaword	0x188
 189 028d 02       		.byte	0x2
GAS Infineon TriCore Little Endian C:\\Users\\user1\\AppData\\Local\\Temp\\rta_RTAOS_638388406317960277_1736001\\ccHBvkXg.s 			page 5


 190 028e 23       		.byte	0x23
 191 028f 01       		.uleb128 0x1
 192 0290 05       		.uleb128 0x5
 193 0291 52657475 		.string	"ReturnAddress"
 193      726E4164 
 193      64726573 
 193      7300
 194 029f 01       		.byte	0x1
 195 02a0 7F       		.byte	0x7f
 196 02a1 CA010000 		.uaword	0x1ca
 197 02a5 02       		.byte	0x2
 198 02a6 23       		.byte	0x23
 199 02a7 04       		.uleb128 0x4
 200 02a8 00       		.byte	0
 201 02a9 02       		.uleb128 0x2
 202 02aa 4F735472 		.string	"OsTrapInfoType"
 202      6170496E 
 202      666F5479 
 202      706500
 203 02b9 01       		.byte	0x1
 204 02ba 80       		.byte	0x80
 205 02bb 6A020000 		.uaword	0x26a
 206 02bf 02       		.uleb128 0x2
 207 02c0 75696E74 		.string	"uint32_aligned"
 207      33325F61 
 207      6C69676E 
 207      656400
 208 02cf 01       		.byte	0x1
 209 02d0 86       		.byte	0x86
 210 02d1 CA010000 		.uaword	0x1ca
 211 02d5 04       		.uleb128 0x4
 212 02d6 44       		.byte	0x44
 213 02d7 01       		.byte	0x1
 214 02d8 AB       		.byte	0xab
 215 02d9 EE020000 		.uaword	0x2ee
 216 02dd 05       		.uleb128 0x5
 217 02de 73746F72 		.string	"store"
 217      6500
 218 02e4 01       		.byte	0x1
 219 02e5 AC       		.byte	0xac
 220 02e6 EE020000 		.uaword	0x2ee
 221 02ea 02       		.byte	0x2
 222 02eb 23       		.byte	0x23
 223 02ec 00       		.uleb128 0
 224 02ed 00       		.byte	0
 225 02ee 06       		.uleb128 0x6
 226 02ef CA010000 		.uaword	0x1ca
 227 02f3 FE020000 		.uaword	0x2fe
 228 02f7 07       		.uleb128 0x7
 229 02f8 FE020000 		.uaword	0x2fe
 230 02fc 10       		.byte	0x10
 231 02fd 00       		.byte	0
 232 02fe 03       		.uleb128 0x3
 233 02ff 04       		.byte	0x4
 234 0300 07       		.byte	0x7
 235 0301 73697A65 		.string	"sizetype"
 235      74797065 
GAS Infineon TriCore Little Endian C:\\Users\\user1\\AppData\\Local\\Temp\\rta_RTAOS_638388406317960277_1736001\\ccHBvkXg.s 			page 6


 235      00
 236 030a 02       		.uleb128 0x2
 237 030b 4F735F4A 		.string	"Os_JumpBufType"
 237      756D7042 
 237      75665479 
 237      706500
 238 031a 01       		.byte	0x1
 239 031b AD       		.byte	0xad
 240 031c 20030000 		.uaword	0x320
 241 0320 06       		.uleb128 0x6
 242 0321 D5020000 		.uaword	0x2d5
 243 0325 30030000 		.uaword	0x330
 244 0329 07       		.uleb128 0x7
 245 032a FE020000 		.uaword	0x2fe
 246 032e 00       		.byte	0
 247 032f 00       		.byte	0
 248 0330 02       		.uleb128 0x2
 249 0331 4F735F52 		.string	"Os_ResourceCountType"
 249      65736F75 
 249      72636543 
 249      6F756E74 
 249      54797065 
 250 0346 01       		.byte	0x1
 251 0347 BE       		.byte	0xbe
 252 0348 95010000 		.uaword	0x195
 253 034c 02       		.uleb128 0x2
 254 034d 4F735F53 		.string	"Os_StackTraceType"
 254      7461636B 
 254      54726163 
 254      65547970 
 254      6500
 255 035f 01       		.byte	0x1
 256 0360 BF       		.byte	0xbf
 257 0361 D8010000 		.uaword	0x1d8
 258 0365 04       		.uleb128 0x4
 259 0366 08       		.byte	0x8
 260 0367 01       		.byte	0x1
 261 0368 C0       		.byte	0xc0
 262 0369 89030000 		.uaword	0x389
 263 036d 05       		.uleb128 0x5
 264 036e 737000   		.string	"sp"
 265 0371 01       		.byte	0x1
 266 0372 C0       		.byte	0xc0
 267 0373 4C030000 		.uaword	0x34c
 268 0377 02       		.byte	0x2
 269 0378 23       		.byte	0x23
 270 0379 00       		.uleb128 0
 271 037a 05       		.uleb128 0x5
 272 037b 63747800 		.string	"ctx"
 273 037f 01       		.byte	0x1
 274 0380 C0       		.byte	0xc0
 275 0381 4C030000 		.uaword	0x34c
 276 0385 02       		.byte	0x2
 277 0386 23       		.byte	0x23
 278 0387 04       		.uleb128 0x4
 279 0388 00       		.byte	0
 280 0389 02       		.uleb128 0x2
GAS Infineon TriCore Little Endian C:\\Users\\user1\\AppData\\Local\\Temp\\rta_RTAOS_638388406317960277_1736001\\ccHBvkXg.s 			page 7


 281 038a 4F735F53 		.string	"Os_StackValueType"
 281      7461636B 
 281      56616C75 
 281      65547970 
 281      6500
 282 039c 01       		.byte	0x1
 283 039d C0       		.byte	0xc0
 284 039e 65030000 		.uaword	0x365
 285 03a2 02       		.uleb128 0x2
 286 03a3 4F735F53 		.string	"Os_StackSizeType"
 286      7461636B 
 286      53697A65 
 286      54797065 
 286      00
 287 03b4 01       		.byte	0x1
 288 03b5 C1       		.byte	0xc1
 289 03b6 89030000 		.uaword	0x389
 290 03ba 02       		.uleb128 0x2
 291 03bb 4F735F56 		.string	"Os_VoidVoidFunctionType"
 291      6F696456 
 291      6F696446 
 291      756E6374 
 291      696F6E54 
 292 03d3 01       		.byte	0x1
 293 03d4 C7       		.byte	0xc7
 294 03d5 D9030000 		.uaword	0x3d9
 295 03d9 08       		.uleb128 0x8
 296 03da 04       		.byte	0x4
 297 03db DF030000 		.uaword	0x3df
 298 03df 09       		.uleb128 0x9
 299 03e0 01       		.byte	0x1
 300 03e1 02       		.uleb128 0x2
 301 03e2 4170706C 		.string	"ApplicationType"
 301      69636174 
 301      696F6E54 
 301      79706500 
 302 03f2 01       		.byte	0x1
 303 03f3 D5       		.byte	0xd5
 304 03f4 95010000 		.uaword	0x195
 305 03f8 02       		.uleb128 0x2
 306 03f9 4F735F74 		.string	"Os_tmaskType"
 306      6D61736B 
 306      54797065 
 306      00
 307 0406 01       		.byte	0x1
 308 0407 D9       		.byte	0xd9
 309 0408 CA010000 		.uaword	0x1ca
 310 040c 02       		.uleb128 0x2
 311 040d 4F735F43 		.string	"Os_CoreStateType"
 311      6F726553 
 311      74617465 
 311      54797065 
 311      00
 312 041e 01       		.byte	0x1
 313 041f E7       		.byte	0xe7
 314 0420 CA010000 		.uaword	0x1ca
 315 0424 02       		.uleb128 0x2
GAS Infineon TriCore Little Endian C:\\Users\\user1\\AppData\\Local\\Temp\\rta_RTAOS_638388406317960277_1736001\\ccHBvkXg.s 			page 8


 316 0425 4F735F53 		.string	"Os_StopwatchTickType"
 316      746F7077 
 316      61746368 
 316      5469636B 
 316      54797065 
 317 043a 01       		.byte	0x1
 318 043b FD       		.byte	0xfd
 319 043c D8010000 		.uaword	0x1d8
 320 0440 0A       		.uleb128 0xa
 321 0441 4F735F54 		.string	"Os_TerminatorType"
 321      65726D69 
 321      6E61746F 
 321      72547970 
 321      6500
 322 0453 01       		.byte	0x1
 323 0454 0201     		.uahalf	0x102
 324 0456 5A040000 		.uaword	0x45a
 325 045a 08       		.uleb128 0x8
 326 045b 04       		.byte	0x4
 327 045c 0A030000 		.uaword	0x30a
 328 0460 0A       		.uleb128 0xa
 329 0461 4F735F4C 		.string	"Os_Lockable"
 329      6F636B61 
 329      626C6500 
 330 046d 01       		.byte	0x1
 331 046e 0701     		.uahalf	0x107
 332 0470 BF020000 		.uaword	0x2bf
 333 0474 0A       		.uleb128 0xa
 334 0475 436F7265 		.string	"CoreIdType"
 334      49645479 
 334      706500
 335 0480 01       		.byte	0x1
 336 0481 0901     		.uahalf	0x109
 337 0483 A6010000 		.uaword	0x1a6
 338 0487 0B       		.uleb128 0xb
 339 0488 60040000 		.uaword	0x460
 340 048c 0C       		.uleb128 0xc
 341 048d 4F735F43 		.string	"Os_ControlledCoreType_s"
 341      6F6E7472 
 341      6F6C6C65 
 341      64436F72 
 341      65547970 
 342 04a5 58       		.byte	0x58
 343 04a6 01       		.byte	0x1
 344 04a7 1004     		.uahalf	0x410
 345 04a9 8A060000 		.uaword	0x68a
 346 04ad 0D       		.uleb128 0xd
 347 04ae 54726170 		.string	"TrapInfo"
 347      496E666F 
 347      00
 348 04b7 01       		.byte	0x1
 349 04b8 1104     		.uahalf	0x411
 350 04ba A9020000 		.uaword	0x2a9
 351 04be 02       		.byte	0x2
 352 04bf 23       		.byte	0x23
 353 04c0 00       		.uleb128 0
 354 04c1 0D       		.uleb128 0xd
GAS Infineon TriCore Little Endian C:\\Users\\user1\\AppData\\Local\\Temp\\rta_RTAOS_638388406317960277_1736001\\ccHBvkXg.s 			page 9


 355 04c2 4572726F 		.string	"ErrorInformation"
 355      72496E66 
 355      6F726D61 
 355      74696F6E 
 355      00
 356 04d3 01       		.byte	0x1
 357 04d4 1204     		.uahalf	0x412
 358 04d6 310D0000 		.uaword	0xd31
 359 04da 02       		.byte	0x2
 360 04db 23       		.byte	0x23
 361 04dc 08       		.uleb128 0x8
 362 04dd 0D       		.uleb128 0xd
 363 04de 6C6F636B 		.string	"lock_taskaccess"
 363      5F746173 
 363      6B616363 
 363      65737300 
 364 04ee 01       		.byte	0x1
 365 04ef 1304     		.uahalf	0x413
 366 04f1 87040000 		.uaword	0x487
 367 04f5 02       		.byte	0x2
 368 04f6 23       		.byte	0x23
 369 04f7 18       		.uleb128 0x18
 370 04f8 0D       		.uleb128 0xd
 371 04f9 52656164 		.string	"ReadyTasks"
 371      79546173 
 371      6B7300
 372 0504 01       		.byte	0x1
 373 0505 1404     		.uahalf	0x414
 374 0507 670D0000 		.uaword	0xd67
 375 050b 02       		.byte	0x2
 376 050c 23       		.byte	0x23
 377 050d 1C       		.uleb128 0x1c
 378 050e 0D       		.uleb128 0xd
 379 050f 52756E6E 		.string	"RunningISR"
 379      696E6749 
 379      535200
 380 051a 01       		.byte	0x1
 381 051b 1504     		.uahalf	0x415
 382 051d 6C0D0000 		.uaword	0xd6c
 383 0521 02       		.byte	0x2
 384 0522 23       		.byte	0x23
 385 0523 20       		.uleb128 0x20
 386 0524 0D       		.uleb128 0xd
 387 0525 52756E6E 		.string	"RunningTask"
 387      696E6754 
 387      61736B00 
 388 0531 01       		.byte	0x1
 389 0532 1604     		.uahalf	0x416
 390 0534 710D0000 		.uaword	0xd71
 391 0538 02       		.byte	0x2
 392 0539 23       		.byte	0x23
 393 053a 24       		.uleb128 0x24
 394 053b 0D       		.uleb128 0xd
 395 053c 52756E6E 		.string	"RunningTPMask"
 395      696E6754 
 395      504D6173 
 395      6B00
GAS Infineon TriCore Little Endian C:\\Users\\user1\\AppData\\Local\\Temp\\rta_RTAOS_638388406317960277_1736001\\ccHBvkXg.s 			page 10


 396 054a 01       		.byte	0x1
 397 054b 1704     		.uahalf	0x417
 398 054d 760D0000 		.uaword	0xd76
 399 0551 02       		.byte	0x2
 400 0552 23       		.byte	0x23
 401 0553 28       		.uleb128 0x28
 402 0554 0D       		.uleb128 0xd
 403 0555 5465726D 		.string	"TerminatingTasks"
 403      696E6174 
 403      696E6754 
 403      61736B73 
 403      00
 404 0566 01       		.byte	0x1
 405 0567 1804     		.uahalf	0x418
 406 0569 670D0000 		.uaword	0xd67
 407 056d 02       		.byte	0x2
 408 056e 23       		.byte	0x23
 409 056f 2C       		.uleb128 0x2c
 410 0570 0D       		.uleb128 0xd
 411 0571 4170706C 		.string	"Application"
 411      69636174 
 411      696F6E00 
 412 057d 01       		.byte	0x1
 413 057e 1904     		.uahalf	0x419
 414 0580 E1030000 		.uaword	0x3e1
 415 0584 02       		.byte	0x2
 416 0585 23       		.byte	0x23
 417 0586 30       		.uleb128 0x30
 418 0587 0D       		.uleb128 0xd
 419 0588 43757272 		.string	"CurrentTerminator"
 419      656E7454 
 419      65726D69 
 419      6E61746F 
 419      7200
 420 059a 01       		.byte	0x1
 421 059b 1A04     		.uahalf	0x41a
 422 059d 7B0D0000 		.uaword	0xd7b
 423 05a1 02       		.byte	0x2
 424 05a2 23       		.byte	0x23
 425 05a3 34       		.uleb128 0x34
 426 05a4 0D       		.uleb128 0xd
 427 05a5 43757272 		.string	"CurrentMeteredObject"
 427      656E744D 
 427      65746572 
 427      65644F62 
 427      6A656374 
 428 05ba 01       		.byte	0x1
 429 05bb 1B04     		.uahalf	0x41b
 430 05bd 0A070000 		.uaword	0x70a
 431 05c1 02       		.byte	0x2
 432 05c2 23       		.byte	0x23
 433 05c3 38       		.uleb128 0x38
 434 05c4 0D       		.uleb128 0xd
 435 05c5 49646C65 		.string	"IdleMeter"
 435      4D657465 
 435      7200
 436 05cf 01       		.byte	0x1
GAS Infineon TriCore Little Endian C:\\Users\\user1\\AppData\\Local\\Temp\\rta_RTAOS_638388406317960277_1736001\\ccHBvkXg.s 			page 11


 437 05d0 1C04     		.uahalf	0x41c
 438 05d2 F1060000 		.uaword	0x6f1
 439 05d6 02       		.byte	0x2
 440 05d7 23       		.byte	0x23
 441 05d8 3C       		.uleb128 0x3c
 442 05d9 0D       		.uleb128 0xd
 443 05da 41707041 		.string	"AppAccess"
 443      63636573 
 443      7300
 444 05e4 01       		.byte	0x1
 445 05e5 1D04     		.uahalf	0x41d
 446 05e7 88010000 		.uaword	0x188
 447 05eb 02       		.byte	0x2
 448 05ec 23       		.byte	0x23
 449 05ed 48       		.uleb128 0x48
 450 05ee 0D       		.uleb128 0xd
 451 05ef 4170704F 		.string	"AppOverride"
 451      76657272 
 451      69646500 
 452 05fb 01       		.byte	0x1
 453 05fc 1E04     		.uahalf	0x41e
 454 05fe 800D0000 		.uaword	0xd80
 455 0602 02       		.byte	0x2
 456 0603 23       		.byte	0x23
 457 0604 49       		.uleb128 0x49
 458 0605 0D       		.uleb128 0xd
 459 0606 47657453 		.string	"GetStackValueAdjust"
 459      7461636B 
 459      56616C75 
 459      6541646A 
 459      75737400 
 460 061a 01       		.byte	0x1
 461 061b 1F04     		.uahalf	0x41f
 462 061d A2030000 		.uaword	0x3a2
 463 0621 02       		.byte	0x2
 464 0622 23       		.byte	0x23
 465 0623 4C       		.uleb128 0x4c
 466 0624 0D       		.uleb128 0xd
 467 0625 496E4572 		.string	"InErrorHook"
 467      726F7248 
 467      6F6F6B00 
 468 0631 01       		.byte	0x1
 469 0632 2004     		.uahalf	0x420
 470 0634 49020000 		.uaword	0x249
 471 0638 02       		.byte	0x2
 472 0639 23       		.byte	0x23
 473 063a 54       		.uleb128 0x54
 474 063b 0D       		.uleb128 0xd
 475 063c 496E5072 		.string	"InProtectionHook"
 475      6F746563 
 475      74696F6E 
 475      486F6F6B 
 475      00
 476 064d 01       		.byte	0x1
 477 064e 2104     		.uahalf	0x421
 478 0650 49020000 		.uaword	0x249
 479 0654 02       		.byte	0x2
GAS Infineon TriCore Little Endian C:\\Users\\user1\\AppData\\Local\\Temp\\rta_RTAOS_638388406317960277_1736001\\ccHBvkXg.s 			page 12


 480 0655 23       		.byte	0x23
 481 0656 55       		.uleb128 0x55
 482 0657 0D       		.uleb128 0xd
 483 0658 436F7265 		.string	"CoreIsActive"
 483      49734163 
 483      74697665 
 483      00
 484 0665 01       		.byte	0x1
 485 0666 2204     		.uahalf	0x422
 486 0668 49020000 		.uaword	0x249
 487 066c 02       		.byte	0x2
 488 066d 23       		.byte	0x23
 489 066e 56       		.uleb128 0x56
 490 066f 0D       		.uleb128 0xd
 491 0670 496E5368 		.string	"InShutdownHook"
 491      7574646F 
 491      776E486F 
 491      6F6B00
 492 067f 01       		.byte	0x1
 493 0680 2304     		.uahalf	0x423
 494 0682 49020000 		.uaword	0x249
 495 0686 02       		.byte	0x2
 496 0687 23       		.byte	0x23
 497 0688 57       		.uleb128 0x57
 498 0689 00       		.byte	0
 499 068a 0A       		.uleb128 0xa
 500 068b 4170704D 		.string	"AppModeType"
 500      6F646554 
 500      79706500 
 501 0697 01       		.byte	0x1
 502 0698 4D01     		.uahalf	0x14d
 503 069a 95010000 		.uaword	0x195
 504 069e 0C       		.uleb128 0xc
 505 069f 4F735F4D 		.string	"Os_MeterInfoType_s"
 505      65746572 
 505      496E666F 
 505      54797065 
 505      5F7300
 506 06b2 0C       		.byte	0xc
 507 06b3 01       		.byte	0x1
 508 06b4 7201     		.uahalf	0x172
 509 06b6 F1060000 		.uaword	0x6f1
 510 06ba 0D       		.uleb128 0xd
 511 06bb 656C6170 		.string	"elapsed"
 511      73656400 
 512 06c3 01       		.byte	0x1
 513 06c4 7301     		.uahalf	0x173
 514 06c6 24040000 		.uaword	0x424
 515 06ca 02       		.byte	0x2
 516 06cb 23       		.byte	0x23
 517 06cc 00       		.uleb128 0
 518 06cd 0D       		.uleb128 0xd
 519 06ce 70726576 		.string	"previous"
 519      696F7573 
 519      00
 520 06d7 01       		.byte	0x1
 521 06d8 7401     		.uahalf	0x174
GAS Infineon TriCore Little Endian C:\\Users\\user1\\AppData\\Local\\Temp\\rta_RTAOS_638388406317960277_1736001\\ccHBvkXg.s 			page 13


 522 06da 24040000 		.uaword	0x424
 523 06de 02       		.byte	0x2
 524 06df 23       		.byte	0x23
 525 06e0 04       		.uleb128 0x4
 526 06e1 0D       		.uleb128 0xd
 527 06e2 6D617800 		.string	"max"
 528 06e6 01       		.byte	0x1
 529 06e7 7501     		.uahalf	0x175
 530 06e9 24040000 		.uaword	0x424
 531 06ed 02       		.byte	0x2
 532 06ee 23       		.byte	0x23
 533 06ef 08       		.uleb128 0x8
 534 06f0 00       		.byte	0
 535 06f1 0A       		.uleb128 0xa
 536 06f2 4F735F4D 		.string	"Os_MeterInfoType"
 536      65746572 
 536      496E666F 
 536      54797065 
 536      00
 537 0703 01       		.byte	0x1
 538 0704 7601     		.uahalf	0x176
 539 0706 9E060000 		.uaword	0x69e
 540 070a 0A       		.uleb128 0xa
 541 070b 4F735F4D 		.string	"Os_MeterInfoRefType"
 541      65746572 
 541      496E666F 
 541      52656654 
 541      79706500 
 542 071f 01       		.byte	0x1
 543 0720 7701     		.uahalf	0x177
 544 0722 26070000 		.uaword	0x726
 545 0726 08       		.uleb128 0x8
 546 0727 04       		.byte	0x4
 547 0728 F1060000 		.uaword	0x6f1
 548 072c 0A       		.uleb128 0xa
 549 072d 4F735F69 		.string	"Os_imaskType"
 549      6D61736B 
 549      54797065 
 549      00
 550 073a 01       		.byte	0x1
 551 073b 7F01     		.uahalf	0x17f
 552 073d CA010000 		.uaword	0x1ca
 553 0741 0C       		.uleb128 0xc
 554 0742 4F735F49 		.string	"Os_ISRDynType_s"
 554      53524479 
 554      6E547970 
 554      655F7300 
 555 0752 10       		.byte	0x10
 556 0753 01       		.byte	0x1
 557 0754 8101     		.uahalf	0x181
 558 0756 92070000 		.uaword	0x792
 559 075a 0E       		.uleb128 0xe
 560 075b 00000000 		.uaword	.LASF0
 561 075f 01       		.byte	0x1
 562 0760 8201     		.uahalf	0x182
 563 0762 30030000 		.uaword	0x330
 564 0766 02       		.byte	0x2
GAS Infineon TriCore Little Endian C:\\Users\\user1\\AppData\\Local\\Temp\\rta_RTAOS_638388406317960277_1736001\\ccHBvkXg.s 			page 14


 565 0767 23       		.byte	0x23
 566 0768 00       		.uleb128 0
 567 0769 0D       		.uleb128 0xd
 568 076a 7465726D 		.string	"terminating"
 568      696E6174 
 568      696E6700 
 569 0776 01       		.byte	0x1
 570 0777 8301     		.uahalf	0x183
 571 0779 49020000 		.uaword	0x249
 572 077d 02       		.byte	0x2
 573 077e 23       		.byte	0x23
 574 077f 01       		.uleb128 0x1
 575 0780 0D       		.uleb128 0xd
 576 0781 6D657465 		.string	"meter"
 576      7200
 577 0787 01       		.byte	0x1
 578 0788 8401     		.uahalf	0x184
 579 078a F1060000 		.uaword	0x6f1
 580 078e 02       		.byte	0x2
 581 078f 23       		.byte	0x23
 582 0790 04       		.uleb128 0x4
 583 0791 00       		.byte	0
 584 0792 0A       		.uleb128 0xa
 585 0793 4F735F49 		.string	"Os_ISRDynType"
 585      53524479 
 585      6E547970 
 585      6500
 586 07a1 01       		.byte	0x1
 587 07a2 8501     		.uahalf	0x185
 588 07a4 41070000 		.uaword	0x741
 589 07a8 0A       		.uleb128 0xa
 590 07a9 4F735F49 		.string	"Os_IsrTerminatedFunctionType"
 590      73725465 
 590      726D696E 
 590      61746564 
 590      46756E63 
 591 07c6 01       		.byte	0x1
 592 07c7 8601     		.uahalf	0x186
 593 07c9 D9030000 		.uaword	0x3d9
 594 07cd 0C       		.uleb128 0xc
 595 07ce 4F735F49 		.string	"Os_ISRType_s"
 595      53525479 
 595      70655F73 
 595      00
 596 07db 18       		.byte	0x18
 597 07dc 01       		.byte	0x1
 598 07dd 8701     		.uahalf	0x187
 599 07df 61080000 		.uaword	0x861
 600 07e3 0E       		.uleb128 0xe
 601 07e4 00000000 		.uaword	.LASF1
 602 07e8 01       		.byte	0x1
 603 07e9 8801     		.uahalf	0x188
 604 07eb BA030000 		.uaword	0x3ba
 605 07ef 02       		.byte	0x2
 606 07f0 23       		.byte	0x23
 607 07f1 00       		.uleb128 0
 608 07f2 0D       		.uleb128 0xd
GAS Infineon TriCore Little Endian C:\\Users\\user1\\AppData\\Local\\Temp\\rta_RTAOS_638388406317960277_1736001\\ccHBvkXg.s 			page 15


 609 07f3 7465726D 		.string	"terminated_function"
 609      696E6174 
 609      65645F66 
 609      756E6374 
 609      696F6E00 
 610 0807 01       		.byte	0x1
 611 0808 8901     		.uahalf	0x189
 612 080a A8070000 		.uaword	0x7a8
 613 080e 02       		.byte	0x2
 614 080f 23       		.byte	0x23
 615 0810 04       		.uleb128 0x4
 616 0811 0E       		.uleb128 0xe
 617 0812 00000000 		.uaword	.LASF2
 618 0816 01       		.byte	0x1
 619 0817 8A01     		.uahalf	0x18a
 620 0819 61080000 		.uaword	0x861
 621 081d 02       		.byte	0x2
 622 081e 23       		.byte	0x23
 623 081f 08       		.uleb128 0x8
 624 0820 0D       		.uleb128 0xd
 625 0821 696D6173 		.string	"imask"
 625      6B00
 626 0827 01       		.byte	0x1
 627 0828 8B01     		.uahalf	0x18b
 628 082a 2C070000 		.uaword	0x72c
 629 082e 02       		.byte	0x2
 630 082f 23       		.byte	0x23
 631 0830 0C       		.uleb128 0xc
 632 0831 0D       		.uleb128 0xd
 633 0832 696E6465 		.string	"index"
 633      7800
 634 0838 01       		.byte	0x1
 635 0839 8C01     		.uahalf	0x18c
 636 083b CA010000 		.uaword	0x1ca
 637 083f 02       		.byte	0x2
 638 0840 23       		.byte	0x23
 639 0841 10       		.uleb128 0x10
 640 0842 0E       		.uleb128 0xe
 641 0843 00000000 		.uaword	.LASF3
 642 0847 01       		.byte	0x1
 643 0848 8D01     		.uahalf	0x18d
 644 084a 88010000 		.uaword	0x188
 645 084e 02       		.byte	0x2
 646 084f 23       		.byte	0x23
 647 0850 14       		.uleb128 0x14
 648 0851 0E       		.uleb128 0xe
 649 0852 00000000 		.uaword	.LASF4
 650 0856 01       		.byte	0x1
 651 0857 8E01     		.uahalf	0x18e
 652 0859 E1030000 		.uaword	0x3e1
 653 085d 02       		.byte	0x2
 654 085e 23       		.byte	0x23
 655 085f 15       		.uleb128 0x15
 656 0860 00       		.byte	0
 657 0861 0F       		.uleb128 0xf
 658 0862 66080000 		.uaword	0x866
 659 0866 08       		.uleb128 0x8
GAS Infineon TriCore Little Endian C:\\Users\\user1\\AppData\\Local\\Temp\\rta_RTAOS_638388406317960277_1736001\\ccHBvkXg.s 			page 16


 660 0867 04       		.byte	0x4
 661 0868 92070000 		.uaword	0x792
 662 086c 0A       		.uleb128 0xa
 663 086d 4F735F49 		.string	"Os_ISRType"
 663      53525479 
 663      706500
 664 0878 01       		.byte	0x1
 665 0879 8F01     		.uahalf	0x18f
 666 087b CD070000 		.uaword	0x7cd
 667 087f 0A       		.uleb128 0xa
 668 0880 49535254 		.string	"ISRType"
 668      79706500 
 669 0888 01       		.byte	0x1
 670 0889 9001     		.uahalf	0x190
 671 088b 8F080000 		.uaword	0x88f
 672 088f 08       		.uleb128 0x8
 673 0890 04       		.byte	0x4
 674 0891 95080000 		.uaword	0x895
 675 0895 0F       		.uleb128 0xf
 676 0896 6C080000 		.uaword	0x86c
 677 089a 0A       		.uleb128 0xa
 678 089b 4F735F62 		.string	"Os_bitmask"
 678      69746D61 
 678      736B00
 679 08a6 01       		.byte	0x1
 680 08a7 A201     		.uahalf	0x1a2
 681 08a9 D8010000 		.uaword	0x1d8
 682 08ad 0A       		.uleb128 0xa
 683 08ae 4F735F70 		.string	"Os_pset0Type"
 683      73657430 
 683      54797065 
 683      00
 684 08bb 01       		.byte	0x1
 685 08bc A301     		.uahalf	0x1a3
 686 08be 9A080000 		.uaword	0x89a
 687 08c2 0A       		.uleb128 0xa
 688 08c3 4F735F70 		.string	"Os_pset1Type"
 688      73657431 
 688      54797065 
 688      00
 689 08d0 01       		.byte	0x1
 690 08d1 A401     		.uahalf	0x1a4
 691 08d3 9A080000 		.uaword	0x89a
 692 08d7 0A       		.uleb128 0xa
 693 08d8 4F735F70 		.string	"Os_pset2Type"
 693      73657432 
 693      54797065 
 693      00
 694 08e5 01       		.byte	0x1
 695 08e6 A501     		.uahalf	0x1a5
 696 08e8 9A080000 		.uaword	0x89a
 697 08ec 10       		.uleb128 0x10
 698 08ed 04       		.byte	0x4
 699 08ee 01       		.byte	0x1
 700 08ef A601     		.uahalf	0x1a6
 701 08f1 17090000 		.uaword	0x917
 702 08f5 11       		.uleb128 0x11
GAS Infineon TriCore Little Endian C:\\Users\\user1\\AppData\\Local\\Temp\\rta_RTAOS_638388406317960277_1736001\\ccHBvkXg.s 			page 17


 703 08f6 703000   		.string	"p0"
 704 08f9 01       		.byte	0x1
 705 08fa A701     		.uahalf	0x1a7
 706 08fc AD080000 		.uaword	0x8ad
 707 0900 11       		.uleb128 0x11
 708 0901 703100   		.string	"p1"
 709 0904 01       		.byte	0x1
 710 0905 A801     		.uahalf	0x1a8
 711 0907 C2080000 		.uaword	0x8c2
 712 090b 11       		.uleb128 0x11
 713 090c 703200   		.string	"p2"
 714 090f 01       		.byte	0x1
 715 0910 A901     		.uahalf	0x1a9
 716 0912 D7080000 		.uaword	0x8d7
 717 0916 00       		.byte	0
 718 0917 0A       		.uleb128 0xa
 719 0918 4F735F70 		.string	"Os_psetType"
 719      73657454 
 719      79706500 
 720 0924 01       		.byte	0x1
 721 0925 AA01     		.uahalf	0x1aa
 722 0927 EC080000 		.uaword	0x8ec
 723 092b 10       		.uleb128 0x10
 724 092c 04       		.byte	0x4
 725 092d 01       		.byte	0x1
 726 092e AC01     		.uahalf	0x1ac
 727 0930 56090000 		.uaword	0x956
 728 0934 11       		.uleb128 0x11
 729 0935 743000   		.string	"t0"
 730 0938 01       		.byte	0x1
 731 0939 AD01     		.uahalf	0x1ad
 732 093b 9A080000 		.uaword	0x89a
 733 093f 11       		.uleb128 0x11
 734 0940 743100   		.string	"t1"
 735 0943 01       		.byte	0x1
 736 0944 AE01     		.uahalf	0x1ae
 737 0946 9A080000 		.uaword	0x89a
 738 094a 11       		.uleb128 0x11
 739 094b 743200   		.string	"t2"
 740 094e 01       		.byte	0x1
 741 094f AF01     		.uahalf	0x1af
 742 0951 9A080000 		.uaword	0x89a
 743 0955 00       		.byte	0
 744 0956 0A       		.uleb128 0xa
 745 0957 4F735F74 		.string	"Os_tpmaskType"
 745      706D6173 
 745      6B547970 
 745      6500
 746 0965 01       		.byte	0x1
 747 0966 B001     		.uahalf	0x1b0
 748 0968 2B090000 		.uaword	0x92b
 749 096c 0A       		.uleb128 0xa
 750 096d 4F735F41 		.string	"Os_ActivationCountType"
 750      63746976 
 750      6174696F 
 750      6E436F75 
 750      6E745479 
GAS Infineon TriCore Little Endian C:\\Users\\user1\\AppData\\Local\\Temp\\rta_RTAOS_638388406317960277_1736001\\ccHBvkXg.s 			page 18


 751 0984 01       		.byte	0x1
 752 0985 B101     		.uahalf	0x1b1
 753 0987 95010000 		.uaword	0x195
 754 098b 0C       		.uleb128 0xc
 755 098c 4F735F54 		.string	"Os_TaskDynType_s"
 755      61736B44 
 755      796E5479 
 755      70655F73 
 755      00
 756 099d 5C       		.byte	0x5c
 757 099e 01       		.byte	0x1
 758 099f B301     		.uahalf	0x1b3
 759 09a1 460A0000 		.uaword	0xa46
 760 09a5 0D       		.uleb128 0xd
 761 09a6 6C617374 		.string	"last_activation"
 761      5F616374 
 761      69766174 
 761      696F6E00 
 762 09b6 01       		.byte	0x1
 763 09b7 B401     		.uahalf	0x1b4
 764 09b9 24040000 		.uaword	0x424
 765 09bd 02       		.byte	0x2
 766 09be 23       		.byte	0x23
 767 09bf 00       		.uleb128 0
 768 09c0 0D       		.uleb128 0xd
 769 09c1 7465726D 		.string	"terminate_jump_buf"
 769      696E6174 
 769      655F6A75 
 769      6D705F62 
 769      756600
 770 09d4 01       		.byte	0x1
 771 09d5 B501     		.uahalf	0x1b5
 772 09d7 0A030000 		.uaword	0x30a
 773 09db 02       		.byte	0x2
 774 09dc 23       		.byte	0x23
 775 09dd 04       		.uleb128 0x4
 776 09de 0D       		.uleb128 0xd
 777 09df 6D657465 		.string	"meter"
 777      7200
 778 09e5 01       		.byte	0x1
 779 09e6 B601     		.uahalf	0x1b6
 780 09e8 F1060000 		.uaword	0x6f1
 781 09ec 02       		.byte	0x2
 782 09ed 23       		.byte	0x23
 783 09ee 48       		.uleb128 0x48
 784 09ef 0D       		.uleb128 0xd
 785 09f0 7365656E 		.string	"seen_activation"
 785      5F616374 
 785      69766174 
 785      696F6E00 
 786 0a00 01       		.byte	0x1
 787 0a01 B701     		.uahalf	0x1b7
 788 0a03 49020000 		.uaword	0x249
 789 0a07 02       		.byte	0x2
 790 0a08 23       		.byte	0x23
 791 0a09 54       		.uleb128 0x54
 792 0a0a 0E       		.uleb128 0xe
GAS Infineon TriCore Little Endian C:\\Users\\user1\\AppData\\Local\\Temp\\rta_RTAOS_638388406317960277_1736001\\ccHBvkXg.s 			page 19


 793 0a0b 00000000 		.uaword	.LASF5
 794 0a0f 01       		.byte	0x1
 795 0a10 B801     		.uahalf	0x1b8
 796 0a12 6C090000 		.uaword	0x96c
 797 0a16 02       		.byte	0x2
 798 0a17 23       		.byte	0x23
 799 0a18 55       		.uleb128 0x55
 800 0a19 0E       		.uleb128 0xe
 801 0a1a 00000000 		.uaword	.LASF0
 802 0a1e 01       		.byte	0x1
 803 0a1f B901     		.uahalf	0x1b9
 804 0a21 30030000 		.uaword	0x330
 805 0a25 02       		.byte	0x2
 806 0a26 23       		.byte	0x23
 807 0a27 56       		.uleb128 0x56
 808 0a28 0D       		.uleb128 0xd
 809 0a29 7465726D 		.string	"termination_state"
 809      696E6174 
 809      696F6E5F 
 809      73746174 
 809      6500
 810 0a3b 01       		.byte	0x1
 811 0a3c BA01     		.uahalf	0x1ba
 812 0a3e CA010000 		.uaword	0x1ca
 813 0a42 02       		.byte	0x2
 814 0a43 23       		.byte	0x23
 815 0a44 58       		.uleb128 0x58
 816 0a45 00       		.byte	0
 817 0a46 0A       		.uleb128 0xa
 818 0a47 4F735F54 		.string	"Os_TaskDynType"
 818      61736B44 
 818      796E5479 
 818      706500
 819 0a56 01       		.byte	0x1
 820 0a57 BB01     		.uahalf	0x1bb
 821 0a59 8B090000 		.uaword	0x98b
 822 0a5d 0C       		.uleb128 0xc
 823 0a5e 4F735F54 		.string	"Os_TaskType_s"
 823      61736B54 
 823      7970655F 
 823      7300
 824 0a6c 20       		.byte	0x20
 825 0a6d 01       		.byte	0x1
 826 0a6e BD01     		.uahalf	0x1bd
 827 0a70 1A0B0000 		.uaword	0xb1a
 828 0a74 0E       		.uleb128 0xe
 829 0a75 00000000 		.uaword	.LASF2
 830 0a79 01       		.byte	0x1
 831 0a7a BE01     		.uahalf	0x1be
 832 0a7c 1A0B0000 		.uaword	0xb1a
 833 0a80 02       		.byte	0x2
 834 0a81 23       		.byte	0x23
 835 0a82 00       		.uleb128 0
 836 0a83 0E       		.uleb128 0xe
 837 0a84 00000000 		.uaword	.LASF1
 838 0a88 01       		.byte	0x1
 839 0a89 BF01     		.uahalf	0x1bf
GAS Infineon TriCore Little Endian C:\\Users\\user1\\AppData\\Local\\Temp\\rta_RTAOS_638388406317960277_1736001\\ccHBvkXg.s 			page 20


 840 0a8b BA030000 		.uaword	0x3ba
 841 0a8f 02       		.byte	0x2
 842 0a90 23       		.byte	0x23
 843 0a91 04       		.uleb128 0x4
 844 0a92 0D       		.uleb128 0xd
 845 0a93 70736574 		.string	"pset"
 845      00
 846 0a98 01       		.byte	0x1
 847 0a99 C001     		.uahalf	0x1c0
 848 0a9b 17090000 		.uaword	0x917
 849 0a9f 02       		.byte	0x2
 850 0aa0 23       		.byte	0x23
 851 0aa1 08       		.uleb128 0x8
 852 0aa2 0D       		.uleb128 0xd
 853 0aa3 62617365 		.string	"base_tpmask"
 853      5F74706D 
 853      61736B00 
 854 0aaf 01       		.byte	0x1
 855 0ab0 C101     		.uahalf	0x1c1
 856 0ab2 56090000 		.uaword	0x956
 857 0ab6 02       		.byte	0x2
 858 0ab7 23       		.byte	0x23
 859 0ab8 0C       		.uleb128 0xc
 860 0ab9 0E       		.uleb128 0xe
 861 0aba 00000000 		.uaword	.LASF6
 862 0abe 01       		.byte	0x1
 863 0abf C201     		.uahalf	0x1c2
 864 0ac1 56090000 		.uaword	0x956
 865 0ac5 02       		.byte	0x2
 866 0ac6 23       		.byte	0x23
 867 0ac7 10       		.uleb128 0x10
 868 0ac8 0D       		.uleb128 0xd
 869 0ac9 636F7265 		.string	"core_id"
 869      5F696400 
 870 0ad1 01       		.byte	0x1
 871 0ad2 C301     		.uahalf	0x1c3
 872 0ad4 74040000 		.uaword	0x474
 873 0ad8 02       		.byte	0x2
 874 0ad9 23       		.byte	0x23
 875 0ada 14       		.uleb128 0x14
 876 0adb 0D       		.uleb128 0xd
 877 0adc 696E6465 		.string	"index"
 877      7800
 878 0ae2 01       		.byte	0x1
 879 0ae3 C401     		.uahalf	0x1c4
 880 0ae5 CA010000 		.uaword	0x1ca
 881 0ae9 02       		.byte	0x2
 882 0aea 23       		.byte	0x23
 883 0aeb 18       		.uleb128 0x18
 884 0aec 0E       		.uleb128 0xe
 885 0aed 00000000 		.uaword	.LASF5
 886 0af1 01       		.byte	0x1
 887 0af2 C501     		.uahalf	0x1c5
 888 0af4 6C090000 		.uaword	0x96c
 889 0af8 02       		.byte	0x2
 890 0af9 23       		.byte	0x23
 891 0afa 1C       		.uleb128 0x1c
GAS Infineon TriCore Little Endian C:\\Users\\user1\\AppData\\Local\\Temp\\rta_RTAOS_638388406317960277_1736001\\ccHBvkXg.s 			page 21


 892 0afb 0E       		.uleb128 0xe
 893 0afc 00000000 		.uaword	.LASF3
 894 0b00 01       		.byte	0x1
 895 0b01 C601     		.uahalf	0x1c6
 896 0b03 88010000 		.uaword	0x188
 897 0b07 02       		.byte	0x2
 898 0b08 23       		.byte	0x23
 899 0b09 1D       		.uleb128 0x1d
 900 0b0a 0E       		.uleb128 0xe
 901 0b0b 00000000 		.uaword	.LASF4
 902 0b0f 01       		.byte	0x1
 903 0b10 C701     		.uahalf	0x1c7
 904 0b12 E1030000 		.uaword	0x3e1
 905 0b16 02       		.byte	0x2
 906 0b17 23       		.byte	0x23
 907 0b18 1E       		.uleb128 0x1e
 908 0b19 00       		.byte	0
 909 0b1a 0F       		.uleb128 0xf
 910 0b1b 1F0B0000 		.uaword	0xb1f
 911 0b1f 08       		.uleb128 0x8
 912 0b20 04       		.byte	0x4
 913 0b21 460A0000 		.uaword	0xa46
 914 0b25 0A       		.uleb128 0xa
 915 0b26 4F735F54 		.string	"Os_TaskType"
 915      61736B54 
 915      79706500 
 916 0b32 01       		.byte	0x1
 917 0b33 C801     		.uahalf	0x1c8
 918 0b35 5D0A0000 		.uaword	0xa5d
 919 0b39 0A       		.uleb128 0xa
 920 0b3a 5461736B 		.string	"TaskType"
 920      54797065 
 920      00
 921 0b43 01       		.byte	0x1
 922 0b44 C901     		.uahalf	0x1c9
 923 0b46 4A0B0000 		.uaword	0xb4a
 924 0b4a 08       		.uleb128 0x8
 925 0b4b 04       		.byte	0x4
 926 0b4c 500B0000 		.uaword	0xb50
 927 0b50 0F       		.uleb128 0xf
 928 0b51 250B0000 		.uaword	0xb25
 929 0b55 10       		.uleb128 0x10
 930 0b56 04       		.byte	0x4
 931 0b57 01       		.byte	0x1
 932 0b58 E101     		.uahalf	0x1e1
 933 0b5a 790B0000 		.uaword	0xb79
 934 0b5e 12       		.uleb128 0x12
 935 0b5f 00000000 		.uaword	.LASF6
 936 0b63 01       		.byte	0x1
 937 0b64 E201     		.uahalf	0x1e2
 938 0b66 56090000 		.uaword	0x956
 939 0b6a 11       		.uleb128 0x11
 940 0b6b 696D6173 		.string	"imask"
 940      6B00
 941 0b71 01       		.byte	0x1
 942 0b72 E301     		.uahalf	0x1e3
 943 0b74 2C070000 		.uaword	0x72c
GAS Infineon TriCore Little Endian C:\\Users\\user1\\AppData\\Local\\Temp\\rta_RTAOS_638388406317960277_1736001\\ccHBvkXg.s 			page 22


 944 0b78 00       		.byte	0
 945 0b79 0C       		.uleb128 0xc
 946 0b7a 4F735F52 		.string	"Os_ResourceDynType_s"
 946      65736F75 
 946      72636544 
 946      796E5479 
 946      70655F73 
 947 0b8f 0C       		.byte	0xc
 948 0b90 01       		.byte	0x1
 949 0b91 DE01     		.uahalf	0x1de
 950 0b93 DC0B0000 		.uaword	0xbdc
 951 0b97 0D       		.uleb128 0xd
 952 0b98 61636365 		.string	"access_count"
 952      73735F63 
 952      6F756E74 
 952      00
 953 0ba5 01       		.byte	0x1
 954 0ba6 DF01     		.uahalf	0x1df
 955 0ba8 30030000 		.uaword	0x330
 956 0bac 02       		.byte	0x2
 957 0bad 23       		.byte	0x23
 958 0bae 00       		.uleb128 0
 959 0baf 0D       		.uleb128 0xd
 960 0bb0 6C6F636B 		.string	"locker"
 960      657200
 961 0bb7 01       		.byte	0x1
 962 0bb8 E001     		.uahalf	0x1e0
 963 0bba 390B0000 		.uaword	0xb39
 964 0bbe 02       		.byte	0x2
 965 0bbf 23       		.byte	0x23
 966 0bc0 04       		.uleb128 0x4
 967 0bc1 0D       		.uleb128 0xd
 968 0bc2 73617665 		.string	"saved_priority"
 968      645F7072 
 968      696F7269 
 968      747900
 969 0bd1 01       		.byte	0x1
 970 0bd2 E401     		.uahalf	0x1e4
 971 0bd4 550B0000 		.uaword	0xb55
 972 0bd8 02       		.byte	0x2
 973 0bd9 23       		.byte	0x23
 974 0bda 08       		.uleb128 0x8
 975 0bdb 00       		.byte	0
 976 0bdc 0A       		.uleb128 0xa
 977 0bdd 4F735F52 		.string	"Os_ResourceDynType"
 977      65736F75 
 977      72636544 
 977      796E5479 
 977      706500
 978 0bf0 01       		.byte	0x1
 979 0bf1 E501     		.uahalf	0x1e5
 980 0bf3 790B0000 		.uaword	0xb79
 981 0bf7 0C       		.uleb128 0xc
 982 0bf8 4F735F52 		.string	"Os_ResourceType_s"
 982      65736F75 
 982      72636554 
 982      7970655F 
GAS Infineon TriCore Little Endian C:\\Users\\user1\\AppData\\Local\\Temp\\rta_RTAOS_638388406317960277_1736001\\ccHBvkXg.s 			page 23


 982      7300
 983 0c0a 10       		.byte	0x10
 984 0c0b 01       		.byte	0x1
 985 0c0c E601     		.uahalf	0x1e6
 986 0c0e 510C0000 		.uaword	0xc51
 987 0c12 0E       		.uleb128 0xe
 988 0c13 00000000 		.uaword	.LASF2
 989 0c17 01       		.byte	0x1
 990 0c18 E701     		.uahalf	0x1e7
 991 0c1a 510C0000 		.uaword	0xc51
 992 0c1e 02       		.byte	0x2
 993 0c1f 23       		.byte	0x23
 994 0c20 00       		.uleb128 0
 995 0c21 0E       		.uleb128 0xe
 996 0c22 00000000 		.uaword	.LASF6
 997 0c26 01       		.byte	0x1
 998 0c27 E801     		.uahalf	0x1e8
 999 0c29 56090000 		.uaword	0x956
 1000 0c2d 02       		.byte	0x2
 1001 0c2e 23       		.byte	0x23
 1002 0c2f 04       		.uleb128 0x4
 1003 0c30 0D       		.uleb128 0xd
 1004 0c31 696D6173 		.string	"imask"
 1004      6B00
 1005 0c37 01       		.byte	0x1
 1006 0c38 E901     		.uahalf	0x1e9
 1007 0c3a 2C070000 		.uaword	0x72c
 1008 0c3e 02       		.byte	0x2
 1009 0c3f 23       		.byte	0x23
 1010 0c40 08       		.uleb128 0x8
 1011 0c41 0E       		.uleb128 0xe
 1012 0c42 00000000 		.uaword	.LASF3
 1013 0c46 01       		.byte	0x1
 1014 0c47 EA01     		.uahalf	0x1ea
 1015 0c49 88010000 		.uaword	0x188
 1016 0c4d 02       		.byte	0x2
 1017 0c4e 23       		.byte	0x23
 1018 0c4f 0C       		.uleb128 0xc
 1019 0c50 00       		.byte	0
 1020 0c51 0F       		.uleb128 0xf
 1021 0c52 560C0000 		.uaword	0xc56
 1022 0c56 08       		.uleb128 0x8
 1023 0c57 04       		.byte	0x4
 1024 0c58 DC0B0000 		.uaword	0xbdc
 1025 0c5c 0A       		.uleb128 0xa
 1026 0c5d 4F735F52 		.string	"Os_ResourceType"
 1026      65736F75 
 1026      72636554 
 1026      79706500 
 1027 0c6d 01       		.byte	0x1
 1028 0c6e EB01     		.uahalf	0x1eb
 1029 0c70 F70B0000 		.uaword	0xbf7
 1030 0c74 0A       		.uleb128 0xa
 1031 0c75 5265736F 		.string	"ResourceType"
 1031      75726365 
 1031      54797065 
 1031      00
GAS Infineon TriCore Little Endian C:\\Users\\user1\\AppData\\Local\\Temp\\rta_RTAOS_638388406317960277_1736001\\ccHBvkXg.s 			page 24


 1032 0c82 01       		.byte	0x1
 1033 0c83 EC01     		.uahalf	0x1ec
 1034 0c85 890C0000 		.uaword	0xc89
 1035 0c89 08       		.uleb128 0x8
 1036 0c8a 04       		.byte	0x4
 1037 0c8b 8F0C0000 		.uaword	0xc8f
 1038 0c8f 0F       		.uleb128 0xf
 1039 0c90 5C0C0000 		.uaword	0xc5c
 1040 0c94 0A       		.uleb128 0xa
 1041 0c95 4F535365 		.string	"OSServiceIdType"
 1041      72766963 
 1041      65496454 
 1041      79706500 
 1042 0ca5 01       		.byte	0x1
 1043 0ca6 5102     		.uahalf	0x251
 1044 0ca8 95010000 		.uaword	0x195
 1045 0cac 0A       		.uleb128 0xa
 1046 0cad 4F735F42 		.string	"Os_BiggestType"
 1046      69676765 
 1046      73745479 
 1046      706500
 1047 0cbc 01       		.byte	0x1
 1048 0cbd 2503     		.uahalf	0x325
 1049 0cbf D8010000 		.uaword	0x1d8
 1050 0cc3 13       		.uleb128 0x13
 1051 0cc4 10       		.byte	0x10
 1052 0cc5 01       		.byte	0x1
 1053 0cc6 2703     		.uahalf	0x327
 1054 0cc8 310D0000 		.uaword	0xd31
 1055 0ccc 0D       		.uleb128 0xd
 1056 0ccd 73657276 		.string	"service_id"
 1056      6963655F 
 1056      696400
 1057 0cd8 01       		.byte	0x1
 1058 0cd9 2803     		.uahalf	0x328
 1059 0cdb 940C0000 		.uaword	0xc94
 1060 0cdf 02       		.byte	0x2
 1061 0ce0 23       		.byte	0x23
 1062 0ce1 00       		.uleb128 0
 1063 0ce2 0D       		.uleb128 0xd
 1064 0ce3 73657276 		.string	"service_param1"
 1064      6963655F 
 1064      70617261 
 1064      6D3100
 1065 0cf2 01       		.byte	0x1
 1066 0cf3 2903     		.uahalf	0x329
 1067 0cf5 AC0C0000 		.uaword	0xcac
 1068 0cf9 02       		.byte	0x2
 1069 0cfa 23       		.byte	0x23
 1070 0cfb 04       		.uleb128 0x4
 1071 0cfc 0D       		.uleb128 0xd
 1072 0cfd 73657276 		.string	"service_param2"
 1072      6963655F 
 1072      70617261 
 1072      6D3200
 1073 0d0c 01       		.byte	0x1
 1074 0d0d 2A03     		.uahalf	0x32a
GAS Infineon TriCore Little Endian C:\\Users\\user1\\AppData\\Local\\Temp\\rta_RTAOS_638388406317960277_1736001\\ccHBvkXg.s 			page 25


 1075 0d0f AC0C0000 		.uaword	0xcac
 1076 0d13 02       		.byte	0x2
 1077 0d14 23       		.byte	0x23
 1078 0d15 08       		.uleb128 0x8
 1079 0d16 0D       		.uleb128 0xd
 1080 0d17 73657276 		.string	"service_param3"
 1080      6963655F 
 1080      70617261 
 1080      6D3300
 1081 0d26 01       		.byte	0x1
 1082 0d27 2B03     		.uahalf	0x32b
 1083 0d29 AC0C0000 		.uaword	0xcac
 1084 0d2d 02       		.byte	0x2
 1085 0d2e 23       		.byte	0x23
 1086 0d2f 0C       		.uleb128 0xc
 1087 0d30 00       		.byte	0
 1088 0d31 0A       		.uleb128 0xa
 1089 0d32 4F735F45 		.string	"Os_ErrorInformationType"
 1089      72726F72 
 1089      496E666F 
 1089      726D6174 
 1089      696F6E54 
 1090 0d4a 01       		.byte	0x1
 1091 0d4b 2C03     		.uahalf	0x32c
 1092 0d4d C30C0000 		.uaword	0xcc3
 1093 0d51 0A       		.uleb128 0xa
 1094 0d52 4F735F4F 		.string	"Os_OrtiIdType"
 1094      72746949 
 1094      64547970 
 1094      6500
 1095 0d60 01       		.byte	0x1
 1096 0d61 3003     		.uahalf	0x330
 1097 0d63 95010000 		.uaword	0x195
 1098 0d67 0B       		.uleb128 0xb
 1099 0d68 17090000 		.uaword	0x917
 1100 0d6c 0B       		.uleb128 0xb
 1101 0d6d 7F080000 		.uaword	0x87f
 1102 0d71 0B       		.uleb128 0xb
 1103 0d72 390B0000 		.uaword	0xb39
 1104 0d76 0B       		.uleb128 0xb
 1105 0d77 56090000 		.uaword	0x956
 1106 0d7b 0B       		.uleb128 0xb
 1107 0d7c 40040000 		.uaword	0x440
 1108 0d80 0B       		.uleb128 0xb
 1109 0d81 E1030000 		.uaword	0x3e1
 1110 0d85 0A       		.uleb128 0xa
 1111 0d86 4F735F43 		.string	"Os_ControlledCoreType"
 1111      6F6E7472 
 1111      6F6C6C65 
 1111      64436F72 
 1111      65547970 
 1112 0d9c 01       		.byte	0x1
 1113 0d9d 2404     		.uahalf	0x424
 1114 0d9f 8C040000 		.uaword	0x48c
 1115 0da3 0C       		.uleb128 0xc
 1116 0da4 4F735F41 		.string	"Os_AnyCoreType_s"
 1116      6E79436F 
GAS Infineon TriCore Little Endian C:\\Users\\user1\\AppData\\Local\\Temp\\rta_RTAOS_638388406317960277_1736001\\ccHBvkXg.s 			page 26


 1116      72655479 
 1116      70655F73 
 1116      00
 1117 0db5 64       		.byte	0x64
 1118 0db6 01       		.byte	0x1
 1119 0db7 3204     		.uahalf	0x432
 1120 0db9 DC0E0000 		.uaword	0xedc
 1121 0dbd 0D       		.uleb128 0xd
 1122 0dbe 44697361 		.string	"DisableAllImask"
 1122      626C6541 
 1122      6C6C496D 
 1122      61736B00 
 1123 0dce 01       		.byte	0x1
 1124 0dcf 3304     		.uahalf	0x433
 1125 0dd1 DC0E0000 		.uaword	0xedc
 1126 0dd5 02       		.byte	0x2
 1127 0dd6 23       		.byte	0x23
 1128 0dd7 00       		.uleb128 0
 1129 0dd8 0D       		.uleb128 0xd
 1130 0dd9 53757370 		.string	"SuspendAllImask"
 1130      656E6441 
 1130      6C6C496D 
 1130      61736B00 
 1131 0de9 01       		.byte	0x1
 1132 0dea 3404     		.uahalf	0x434
 1133 0dec DC0E0000 		.uaword	0xedc
 1134 0df0 02       		.byte	0x2
 1135 0df1 23       		.byte	0x23
 1136 0df2 04       		.uleb128 0x4
 1137 0df3 0D       		.uleb128 0xd
 1138 0df4 53757370 		.string	"SuspendOSImask"
 1138      656E644F 
 1138      53496D61 
 1138      736B00
 1139 0e03 01       		.byte	0x1
 1140 0e04 3504     		.uahalf	0x435
 1141 0e06 DC0E0000 		.uaword	0xedc
 1142 0e0a 02       		.byte	0x2
 1143 0e0b 23       		.byte	0x23
 1144 0e0c 08       		.uleb128 0x8
 1145 0e0d 0D       		.uleb128 0xd
 1146 0e0e 44697361 		.string	"DisableAllCount"
 1146      626C6541 
 1146      6C6C436F 
 1146      756E7400 
 1147 0e1e 01       		.byte	0x1
 1148 0e1f 3604     		.uahalf	0x436
 1149 0e21 E10E0000 		.uaword	0xee1
 1150 0e25 02       		.byte	0x2
 1151 0e26 23       		.byte	0x23
 1152 0e27 0C       		.uleb128 0xc
 1153 0e28 0D       		.uleb128 0xd
 1154 0e29 53757370 		.string	"SuspendAllCount"
 1154      656E6441 
 1154      6C6C436F 
 1154      756E7400 
 1155 0e39 01       		.byte	0x1
GAS Infineon TriCore Little Endian C:\\Users\\user1\\AppData\\Local\\Temp\\rta_RTAOS_638388406317960277_1736001\\ccHBvkXg.s 			page 27


 1156 0e3a 3704     		.uahalf	0x437
 1157 0e3c E10E0000 		.uaword	0xee1
 1158 0e40 02       		.byte	0x2
 1159 0e41 23       		.byte	0x23
 1160 0e42 10       		.uleb128 0x10
 1161 0e43 0D       		.uleb128 0xd
 1162 0e44 53757370 		.string	"SuspendOSCount"
 1162      656E644F 
 1162      53436F75 
 1162      6E7400
 1163 0e53 01       		.byte	0x1
 1164 0e54 3804     		.uahalf	0x438
 1165 0e56 E10E0000 		.uaword	0xee1
 1166 0e5a 02       		.byte	0x2
 1167 0e5b 23       		.byte	0x23
 1168 0e5c 14       		.uleb128 0x14
 1169 0e5d 0D       		.uleb128 0xd
 1170 0e5e 4F727469 		.string	"OrtiApiID"
 1170      41706949 
 1170      4400
 1171 0e68 01       		.byte	0x1
 1172 0e69 3904     		.uahalf	0x439
 1173 0e6b E60E0000 		.uaword	0xee6
 1174 0e6f 02       		.byte	0x2
 1175 0e70 23       		.byte	0x23
 1176 0e71 18       		.uleb128 0x18
 1177 0e72 0D       		.uleb128 0xd
 1178 0e73 4F727469 		.string	"OrtiLastError"
 1178      4C617374 
 1178      4572726F 
 1178      7200
 1179 0e81 01       		.byte	0x1
 1180 0e82 3A04     		.uahalf	0x43a
 1181 0e84 58020000 		.uaword	0x258
 1182 0e88 02       		.byte	0x2
 1183 0e89 23       		.byte	0x23
 1184 0e8a 19       		.uleb128 0x19
 1185 0e8b 0D       		.uleb128 0xd
 1186 0e8c 52657374 		.string	"RestartJumpBuf"
 1186      6172744A 
 1186      756D7042 
 1186      756600
 1187 0e9b 01       		.byte	0x1
 1188 0e9c 3B04     		.uahalf	0x43b
 1189 0e9e 0A030000 		.uaword	0x30a
 1190 0ea2 02       		.byte	0x2
 1191 0ea3 23       		.byte	0x23
 1192 0ea4 1C       		.uleb128 0x1c
 1193 0ea5 0D       		.uleb128 0xd
 1194 0ea6 52657374 		.string	"Restartable"
 1194      61727461 
 1194      626C6500 
 1195 0eb2 01       		.byte	0x1
 1196 0eb3 3C04     		.uahalf	0x43c
 1197 0eb5 49020000 		.uaword	0x249
 1198 0eb9 02       		.byte	0x2
 1199 0eba 23       		.byte	0x23
GAS Infineon TriCore Little Endian C:\\Users\\user1\\AppData\\Local\\Temp\\rta_RTAOS_638388406317960277_1736001\\ccHBvkXg.s 			page 28


 1200 0ebb 60       		.uleb128 0x60
 1201 0ebc 0D       		.uleb128 0xd
 1202 0ebd 4C617374 		.string	"LastProtectionFault"
 1202      50726F74 
 1202      65637469 
 1202      6F6E4661 
 1202      756C7400 
 1203 0ed1 01       		.byte	0x1
 1204 0ed2 3D04     		.uahalf	0x43d
 1205 0ed4 58020000 		.uaword	0x258
 1206 0ed8 02       		.byte	0x2
 1207 0ed9 23       		.byte	0x23
 1208 0eda 61       		.uleb128 0x61
 1209 0edb 00       		.byte	0
 1210 0edc 0B       		.uleb128 0xb
 1211 0edd 2C070000 		.uaword	0x72c
 1212 0ee1 0B       		.uleb128 0xb
 1213 0ee2 CA010000 		.uaword	0x1ca
 1214 0ee6 0B       		.uleb128 0xb
 1215 0ee7 510D0000 		.uaword	0xd51
 1216 0eeb 0A       		.uleb128 0xa
 1217 0eec 4F735F41 		.string	"Os_AnyCoreType"
 1217      6E79436F 
 1217      72655479 
 1217      706500
 1218 0efb 01       		.byte	0x1
 1219 0efc 3E04     		.uahalf	0x43e
 1220 0efe A30D0000 		.uaword	0xda3
 1221 0f02 0C       		.uleb128 0xc
 1222 0f03 4F735F43 		.string	"Os_CoreConfiguration_s"
 1222      6F726543 
 1222      6F6E6669 
 1222      67757261 
 1222      74696F6E 
 1223 0f1a 18       		.byte	0x18
 1224 0f1b 01       		.byte	0x1
 1225 0f1c 4904     		.uahalf	0x449
 1226 0f1e 9C0F0000 		.uaword	0xf9c
 1227 0f22 0D       		.uleb128 0xd
 1228 0f23 636F6E74 		.string	"controlled"
 1228      726F6C6C 
 1228      656400
 1229 0f2e 01       		.byte	0x1
 1230 0f2f 4A04     		.uahalf	0x44a
 1231 0f31 9C0F0000 		.uaword	0xf9c
 1232 0f35 02       		.byte	0x2
 1233 0f36 23       		.byte	0x23
 1234 0f37 00       		.uleb128 0
 1235 0f38 0D       		.uleb128 0xd
 1236 0f39 616E7900 		.string	"any"
 1237 0f3d 01       		.byte	0x1
 1238 0f3e 4B04     		.uahalf	0x44b
 1239 0f40 A70F0000 		.uaword	0xfa7
 1240 0f44 02       		.byte	0x2
 1241 0f45 23       		.byte	0x23
 1242 0f46 04       		.uleb128 0x4
 1243 0f47 0D       		.uleb128 0xd
GAS Infineon TriCore Little Endian C:\\Users\\user1\\AppData\\Local\\Temp\\rta_RTAOS_638388406317960277_1736001\\ccHBvkXg.s 			page 29


 1244 0f48 73746174 		.string	"state"
 1244      6500
 1245 0f4e 01       		.byte	0x1
 1246 0f4f 4C04     		.uahalf	0x44c
 1247 0f51 B20F0000 		.uaword	0xfb2
 1248 0f55 02       		.byte	0x2
 1249 0f56 23       		.byte	0x23
 1250 0f57 08       		.uleb128 0x8
 1251 0f58 0D       		.uleb128 0xd
 1252 0f59 64697370 		.string	"dispatch"
 1252      61746368 
 1252      00
 1253 0f62 01       		.byte	0x1
 1254 0f63 4D04     		.uahalf	0x44d
 1255 0f65 BA030000 		.uaword	0x3ba
 1256 0f69 02       		.byte	0x2
 1257 0f6a 23       		.byte	0x23
 1258 0f6b 0C       		.uleb128 0xc
 1259 0f6c 0D       		.uleb128 0xd
 1260 0f6d 4F735F52 		.string	"Os_Res_Scheduler"
 1260      65735F53 
 1260      63686564 
 1260      756C6572 
 1260      00
 1261 0f7e 01       		.byte	0x1
 1262 0f7f 4E04     		.uahalf	0x44e
 1263 0f81 740C0000 		.uaword	0xc74
 1264 0f85 02       		.byte	0x2
 1265 0f86 23       		.byte	0x23
 1266 0f87 10       		.uleb128 0x10
 1267 0f88 0D       		.uleb128 0xd
 1268 0f89 636F7265 		.string	"core_id"
 1268      5F696400 
 1269 0f91 01       		.byte	0x1
 1270 0f92 4F04     		.uahalf	0x44f
 1271 0f94 74040000 		.uaword	0x474
 1272 0f98 02       		.byte	0x2
 1273 0f99 23       		.byte	0x23
 1274 0f9a 14       		.uleb128 0x14
 1275 0f9b 00       		.byte	0
 1276 0f9c 0F       		.uleb128 0xf
 1277 0f9d A10F0000 		.uaword	0xfa1
 1278 0fa1 08       		.uleb128 0x8
 1279 0fa2 04       		.byte	0x4
 1280 0fa3 850D0000 		.uaword	0xd85
 1281 0fa7 0F       		.uleb128 0xf
 1282 0fa8 AC0F0000 		.uaword	0xfac
 1283 0fac 08       		.uleb128 0x8
 1284 0fad 04       		.byte	0x4
 1285 0fae EB0E0000 		.uaword	0xeeb
 1286 0fb2 0F       		.uleb128 0xf
 1287 0fb3 B70F0000 		.uaword	0xfb7
 1288 0fb7 08       		.uleb128 0x8
 1289 0fb8 04       		.byte	0x4
 1290 0fb9 BD0F0000 		.uaword	0xfbd
 1291 0fbd 0B       		.uleb128 0xb
 1292 0fbe 0C040000 		.uaword	0x40c
GAS Infineon TriCore Little Endian C:\\Users\\user1\\AppData\\Local\\Temp\\rta_RTAOS_638388406317960277_1736001\\ccHBvkXg.s 			page 30


 1293 0fc2 0A       		.uleb128 0xa
 1294 0fc3 4F735F43 		.string	"Os_CoreConfiguration"
 1294      6F726543 
 1294      6F6E6669 
 1294      67757261 
 1294      74696F6E 
 1295 0fd8 01       		.byte	0x1
 1296 0fd9 5004     		.uahalf	0x450
 1297 0fdb 020F0000 		.uaword	0xf02
 1298 0fdf 14       		.uleb128 0x14
 1299 0fe0 01       		.byte	0x1
 1300 0fe1 4F735F47 		.string	"Os_GetActiveApplicationMode"
 1300      65744163 
 1300      74697665 
 1300      4170706C 
 1300      69636174 
 1301 0ffd 01       		.byte	0x1
 1302 0ffe 5605     		.uahalf	0x556
 1303 1000 01       		.byte	0x1
 1304 1001 8A060000 		.uaword	0x68a
 1305 1005 00000000 		.uaword	.LFB0
 1306 1009 00000000 		.uaword	.LFE0
 1307 100d 02       		.byte	0x2
 1308 100e 8A       		.byte	0x8a
 1309 100f 00       		.sleb128 0
 1310 1010 01       		.byte	0x1
 1311 1011 AF100000 		.uaword	0x10af
 1312 1015 15       		.uleb128 0x15
 1313 1016 72657400 		.string	"ret"
 1314 101a 01       		.byte	0x1
 1315 101b 5705     		.uahalf	0x557
 1316 101d 8A060000 		.uaword	0x68a
 1317 1021 01       		.byte	0x1
 1318 1022 52       		.byte	0x52
 1319 1023 16       		.uleb128 0x16
 1320 1024 6F735F63 		.string	"os_current_core_const"
 1320      75727265 
 1320      6E745F63 
 1320      6F72655F 
 1320      636F6E73 
 1321 103a 01       		.byte	0x1
 1322 103b 5805     		.uahalf	0x558
 1323 103d AF100000 		.uaword	0x10af
 1324 1041 15       		.uleb128 0x15
 1325 1042 6F735F63 		.string	"os_current_core"
 1325      75727265 
 1325      6E745F63 
 1325      6F726500 
 1326 1052 01       		.byte	0x1
 1327 1053 5905     		.uahalf	0x559
 1328 1055 AC0F0000 		.uaword	0xfac
 1329 1059 01       		.byte	0x1
 1330 105a 6F       		.byte	0x6f
 1331 105b 17       		.uleb128 0x17
 1332 105c 70726576 		.string	"previous_tmask"
 1332      696F7573 
 1332      5F746D61 
GAS Infineon TriCore Little Endian C:\\Users\\user1\\AppData\\Local\\Temp\\rta_RTAOS_638388406317960277_1736001\\ccHBvkXg.s 			page 31


 1332      736B00
 1333 106b 01       		.byte	0x1
 1334 106c 5A05     		.uahalf	0x55a
 1335 106e F8030000 		.uaword	0x3f8
 1336 1072 00000000 		.uaword	.LLST0
 1337 1076 18       		.uleb128 0x18
 1338 1077 00000000 		.uaword	.LBB2
 1339 107b 00000000 		.uaword	.LBE2
 1340 107f 94100000 		.uaword	0x1094
 1341 1083 17       		.uleb128 0x17
 1342 1084 72657300 		.string	"res"
 1343 1088 01       		.byte	0x1
 1344 1089 5805     		.uahalf	0x558
 1345 108b D8010000 		.uaword	0x1d8
 1346 108f 00000000 		.uaword	.LLST1
 1347 1093 00       		.byte	0
 1348 1094 19       		.uleb128 0x19
 1349 1095 00000000 		.uaword	.LBB3
 1350 1099 00000000 		.uaword	.LBE3
 1351 109d 17       		.uleb128 0x17
 1352 109e 72657300 		.string	"res"
 1353 10a2 01       		.byte	0x1
 1354 10a3 5A05     		.uahalf	0x55a
 1355 10a5 D8010000 		.uaword	0x1d8
 1356 10a9 00000000 		.uaword	.LLST0
 1357 10ad 00       		.byte	0
 1358 10ae 00       		.byte	0
 1359 10af 08       		.uleb128 0x8
 1360 10b0 04       		.byte	0x4
 1361 10b1 B5100000 		.uaword	0x10b5
 1362 10b5 0F       		.uleb128 0xf
 1363 10b6 C20F0000 		.uaword	0xfc2
 1364 10ba 1A       		.uleb128 0x1a
 1365 10bb 4F735F43 		.string	"Os_CurrentAppMode"
 1365      75727265 
 1365      6E744170 
 1365      704D6F64 
 1365      6500
 1366 10cd 01       		.byte	0x1
 1367 10ce 5C04     		.uahalf	0x45c
 1368 10d0 D6100000 		.uaword	0x10d6
 1369 10d4 01       		.byte	0x1
 1370 10d5 01       		.byte	0x1
 1371 10d6 0B       		.uleb128 0xb
 1372 10d7 8A060000 		.uaword	0x68a
 1373 10db 06       		.uleb128 0x6
 1374 10dc C20F0000 		.uaword	0xfc2
 1375 10e0 E6100000 		.uaword	0x10e6
 1376 10e4 1B       		.uleb128 0x1b
 1377 10e5 00       		.byte	0
 1378 10e6 1A       		.uleb128 0x1a
 1379 10e7 4F735F63 		.string	"Os_const_coreconfiguration"
 1379      6F6E7374 
 1379      5F636F72 
 1379      65636F6E 
 1379      66696775 
 1380 1102 01       		.byte	0x1
GAS Infineon TriCore Little Endian C:\\Users\\user1\\AppData\\Local\\Temp\\rta_RTAOS_638388406317960277_1736001\\ccHBvkXg.s 			page 32


 1381 1103 6A04     		.uahalf	0x46a
 1382 1105 0B110000 		.uaword	0x110b
 1383 1109 01       		.byte	0x1
 1384 110a 01       		.byte	0x1
 1385 110b 0F       		.uleb128 0xf
 1386 110c DB100000 		.uaword	0x10db
 1387 1110 00       		.byte	0
 1388              	.section .debug_abbrev,"",@progbits
 1389              	.Ldebug_abbrev0:
 1390 0000 01       		.uleb128 0x1
 1391 0001 11       		.uleb128 0x11
 1392 0002 01       		.byte	0x1
 1393 0003 25       		.uleb128 0x25
 1394 0004 08       		.uleb128 0x8
 1395 0005 13       		.uleb128 0x13
 1396 0006 0B       		.uleb128 0xb
 1397 0007 03       		.uleb128 0x3
 1398 0008 08       		.uleb128 0x8
 1399 0009 55       		.uleb128 0x55
 1400 000a 06       		.uleb128 0x6
 1401 000b 11       		.uleb128 0x11
 1402 000c 01       		.uleb128 0x1
 1403 000d 52       		.uleb128 0x52
 1404 000e 01       		.uleb128 0x1
 1405 000f 10       		.uleb128 0x10
 1406 0010 06       		.uleb128 0x6
 1407 0011 00       		.byte	0
 1408 0012 00       		.byte	0
 1409 0013 02       		.uleb128 0x2
 1410 0014 16       		.uleb128 0x16
 1411 0015 00       		.byte	0
 1412 0016 03       		.uleb128 0x3
 1413 0017 08       		.uleb128 0x8
 1414 0018 3A       		.uleb128 0x3a
 1415 0019 0B       		.uleb128 0xb
 1416 001a 3B       		.uleb128 0x3b
 1417 001b 0B       		.uleb128 0xb
 1418 001c 49       		.uleb128 0x49
 1419 001d 13       		.uleb128 0x13
 1420 001e 00       		.byte	0
 1421 001f 00       		.byte	0
 1422 0020 03       		.uleb128 0x3
 1423 0021 24       		.uleb128 0x24
 1424 0022 00       		.byte	0
 1425 0023 0B       		.uleb128 0xb
 1426 0024 0B       		.uleb128 0xb
 1427 0025 3E       		.uleb128 0x3e
 1428 0026 0B       		.uleb128 0xb
 1429 0027 03       		.uleb128 0x3
 1430 0028 08       		.uleb128 0x8
 1431 0029 00       		.byte	0
 1432 002a 00       		.byte	0
 1433 002b 04       		.uleb128 0x4
 1434 002c 13       		.uleb128 0x13
 1435 002d 01       		.byte	0x1
 1436 002e 0B       		.uleb128 0xb
 1437 002f 0B       		.uleb128 0xb
GAS Infineon TriCore Little Endian C:\\Users\\user1\\AppData\\Local\\Temp\\rta_RTAOS_638388406317960277_1736001\\ccHBvkXg.s 			page 33


 1438 0030 3A       		.uleb128 0x3a
 1439 0031 0B       		.uleb128 0xb
 1440 0032 3B       		.uleb128 0x3b
 1441 0033 0B       		.uleb128 0xb
 1442 0034 01       		.uleb128 0x1
 1443 0035 13       		.uleb128 0x13
 1444 0036 00       		.byte	0
 1445 0037 00       		.byte	0
 1446 0038 05       		.uleb128 0x5
 1447 0039 0D       		.uleb128 0xd
 1448 003a 00       		.byte	0
 1449 003b 03       		.uleb128 0x3
 1450 003c 08       		.uleb128 0x8
 1451 003d 3A       		.uleb128 0x3a
 1452 003e 0B       		.uleb128 0xb
 1453 003f 3B       		.uleb128 0x3b
 1454 0040 0B       		.uleb128 0xb
 1455 0041 49       		.uleb128 0x49
 1456 0042 13       		.uleb128 0x13
 1457 0043 38       		.uleb128 0x38
 1458 0044 0A       		.uleb128 0xa
 1459 0045 00       		.byte	0
 1460 0046 00       		.byte	0
 1461 0047 06       		.uleb128 0x6
 1462 0048 01       		.uleb128 0x1
 1463 0049 01       		.byte	0x1
 1464 004a 49       		.uleb128 0x49
 1465 004b 13       		.uleb128 0x13
 1466 004c 01       		.uleb128 0x1
 1467 004d 13       		.uleb128 0x13
 1468 004e 00       		.byte	0
 1469 004f 00       		.byte	0
 1470 0050 07       		.uleb128 0x7
 1471 0051 21       		.uleb128 0x21
 1472 0052 00       		.byte	0
 1473 0053 49       		.uleb128 0x49
 1474 0054 13       		.uleb128 0x13
 1475 0055 2F       		.uleb128 0x2f
 1476 0056 0B       		.uleb128 0xb
 1477 0057 00       		.byte	0
 1478 0058 00       		.byte	0
 1479 0059 08       		.uleb128 0x8
 1480 005a 0F       		.uleb128 0xf
 1481 005b 00       		.byte	0
 1482 005c 0B       		.uleb128 0xb
 1483 005d 0B       		.uleb128 0xb
 1484 005e 49       		.uleb128 0x49
 1485 005f 13       		.uleb128 0x13
 1486 0060 00       		.byte	0
 1487 0061 00       		.byte	0
 1488 0062 09       		.uleb128 0x9
 1489 0063 15       		.uleb128 0x15
 1490 0064 00       		.byte	0
 1491 0065 27       		.uleb128 0x27
 1492 0066 0C       		.uleb128 0xc
 1493 0067 00       		.byte	0
 1494 0068 00       		.byte	0
GAS Infineon TriCore Little Endian C:\\Users\\user1\\AppData\\Local\\Temp\\rta_RTAOS_638388406317960277_1736001\\ccHBvkXg.s 			page 34


 1495 0069 0A       		.uleb128 0xa
 1496 006a 16       		.uleb128 0x16
 1497 006b 00       		.byte	0
 1498 006c 03       		.uleb128 0x3
 1499 006d 08       		.uleb128 0x8
 1500 006e 3A       		.uleb128 0x3a
 1501 006f 0B       		.uleb128 0xb
 1502 0070 3B       		.uleb128 0x3b
 1503 0071 05       		.uleb128 0x5
 1504 0072 49       		.uleb128 0x49
 1505 0073 13       		.uleb128 0x13
 1506 0074 00       		.byte	0
 1507 0075 00       		.byte	0
 1508 0076 0B       		.uleb128 0xb
 1509 0077 35       		.uleb128 0x35
 1510 0078 00       		.byte	0
 1511 0079 49       		.uleb128 0x49
 1512 007a 13       		.uleb128 0x13
 1513 007b 00       		.byte	0
 1514 007c 00       		.byte	0
 1515 007d 0C       		.uleb128 0xc
 1516 007e 13       		.uleb128 0x13
 1517 007f 01       		.byte	0x1
 1518 0080 03       		.uleb128 0x3
 1519 0081 08       		.uleb128 0x8
 1520 0082 0B       		.uleb128 0xb
 1521 0083 0B       		.uleb128 0xb
 1522 0084 3A       		.uleb128 0x3a
 1523 0085 0B       		.uleb128 0xb
 1524 0086 3B       		.uleb128 0x3b
 1525 0087 05       		.uleb128 0x5
 1526 0088 01       		.uleb128 0x1
 1527 0089 13       		.uleb128 0x13
 1528 008a 00       		.byte	0
 1529 008b 00       		.byte	0
 1530 008c 0D       		.uleb128 0xd
 1531 008d 0D       		.uleb128 0xd
 1532 008e 00       		.byte	0
 1533 008f 03       		.uleb128 0x3
 1534 0090 08       		.uleb128 0x8
 1535 0091 3A       		.uleb128 0x3a
 1536 0092 0B       		.uleb128 0xb
 1537 0093 3B       		.uleb128 0x3b
 1538 0094 05       		.uleb128 0x5
 1539 0095 49       		.uleb128 0x49
 1540 0096 13       		.uleb128 0x13
 1541 0097 38       		.uleb128 0x38
 1542 0098 0A       		.uleb128 0xa
 1543 0099 00       		.byte	0
 1544 009a 00       		.byte	0
 1545 009b 0E       		.uleb128 0xe
 1546 009c 0D       		.uleb128 0xd
 1547 009d 00       		.byte	0
 1548 009e 03       		.uleb128 0x3
 1549 009f 0E       		.uleb128 0xe
 1550 00a0 3A       		.uleb128 0x3a
 1551 00a1 0B       		.uleb128 0xb
GAS Infineon TriCore Little Endian C:\\Users\\user1\\AppData\\Local\\Temp\\rta_RTAOS_638388406317960277_1736001\\ccHBvkXg.s 			page 35


 1552 00a2 3B       		.uleb128 0x3b
 1553 00a3 05       		.uleb128 0x5
 1554 00a4 49       		.uleb128 0x49
 1555 00a5 13       		.uleb128 0x13
 1556 00a6 38       		.uleb128 0x38
 1557 00a7 0A       		.uleb128 0xa
 1558 00a8 00       		.byte	0
 1559 00a9 00       		.byte	0
 1560 00aa 0F       		.uleb128 0xf
 1561 00ab 26       		.uleb128 0x26
 1562 00ac 00       		.byte	0
 1563 00ad 49       		.uleb128 0x49
 1564 00ae 13       		.uleb128 0x13
 1565 00af 00       		.byte	0
 1566 00b0 00       		.byte	0
 1567 00b1 10       		.uleb128 0x10
 1568 00b2 17       		.uleb128 0x17
 1569 00b3 01       		.byte	0x1
 1570 00b4 0B       		.uleb128 0xb
 1571 00b5 0B       		.uleb128 0xb
 1572 00b6 3A       		.uleb128 0x3a
 1573 00b7 0B       		.uleb128 0xb
 1574 00b8 3B       		.uleb128 0x3b
 1575 00b9 05       		.uleb128 0x5
 1576 00ba 01       		.uleb128 0x1
 1577 00bb 13       		.uleb128 0x13
 1578 00bc 00       		.byte	0
 1579 00bd 00       		.byte	0
 1580 00be 11       		.uleb128 0x11
 1581 00bf 0D       		.uleb128 0xd
 1582 00c0 00       		.byte	0
 1583 00c1 03       		.uleb128 0x3
 1584 00c2 08       		.uleb128 0x8
 1585 00c3 3A       		.uleb128 0x3a
 1586 00c4 0B       		.uleb128 0xb
 1587 00c5 3B       		.uleb128 0x3b
 1588 00c6 05       		.uleb128 0x5
 1589 00c7 49       		.uleb128 0x49
 1590 00c8 13       		.uleb128 0x13
 1591 00c9 00       		.byte	0
 1592 00ca 00       		.byte	0
 1593 00cb 12       		.uleb128 0x12
 1594 00cc 0D       		.uleb128 0xd
 1595 00cd 00       		.byte	0
 1596 00ce 03       		.uleb128 0x3
 1597 00cf 0E       		.uleb128 0xe
 1598 00d0 3A       		.uleb128 0x3a
 1599 00d1 0B       		.uleb128 0xb
 1600 00d2 3B       		.uleb128 0x3b
 1601 00d3 05       		.uleb128 0x5
 1602 00d4 49       		.uleb128 0x49
 1603 00d5 13       		.uleb128 0x13
 1604 00d6 00       		.byte	0
 1605 00d7 00       		.byte	0
 1606 00d8 13       		.uleb128 0x13
 1607 00d9 13       		.uleb128 0x13
 1608 00da 01       		.byte	0x1
GAS Infineon TriCore Little Endian C:\\Users\\user1\\AppData\\Local\\Temp\\rta_RTAOS_638388406317960277_1736001\\ccHBvkXg.s 			page 36


 1609 00db 0B       		.uleb128 0xb
 1610 00dc 0B       		.uleb128 0xb
 1611 00dd 3A       		.uleb128 0x3a
 1612 00de 0B       		.uleb128 0xb
 1613 00df 3B       		.uleb128 0x3b
 1614 00e0 05       		.uleb128 0x5
 1615 00e1 01       		.uleb128 0x1
 1616 00e2 13       		.uleb128 0x13
 1617 00e3 00       		.byte	0
 1618 00e4 00       		.byte	0
 1619 00e5 14       		.uleb128 0x14
 1620 00e6 2E       		.uleb128 0x2e
 1621 00e7 01       		.byte	0x1
 1622 00e8 3F       		.uleb128 0x3f
 1623 00e9 0C       		.uleb128 0xc
 1624 00ea 03       		.uleb128 0x3
 1625 00eb 08       		.uleb128 0x8
 1626 00ec 3A       		.uleb128 0x3a
 1627 00ed 0B       		.uleb128 0xb
 1628 00ee 3B       		.uleb128 0x3b
 1629 00ef 05       		.uleb128 0x5
 1630 00f0 27       		.uleb128 0x27
 1631 00f1 0C       		.uleb128 0xc
 1632 00f2 49       		.uleb128 0x49
 1633 00f3 13       		.uleb128 0x13
 1634 00f4 11       		.uleb128 0x11
 1635 00f5 01       		.uleb128 0x1
 1636 00f6 12       		.uleb128 0x12
 1637 00f7 01       		.uleb128 0x1
 1638 00f8 40       		.uleb128 0x40
 1639 00f9 0A       		.uleb128 0xa
 1640 00fa 9742     		.uleb128 0x2117
 1641 00fc 0C       		.uleb128 0xc
 1642 00fd 01       		.uleb128 0x1
 1643 00fe 13       		.uleb128 0x13
 1644 00ff 00       		.byte	0
 1645 0100 00       		.byte	0
 1646 0101 15       		.uleb128 0x15
 1647 0102 34       		.uleb128 0x34
 1648 0103 00       		.byte	0
 1649 0104 03       		.uleb128 0x3
 1650 0105 08       		.uleb128 0x8
 1651 0106 3A       		.uleb128 0x3a
 1652 0107 0B       		.uleb128 0xb
 1653 0108 3B       		.uleb128 0x3b
 1654 0109 05       		.uleb128 0x5
 1655 010a 49       		.uleb128 0x49
 1656 010b 13       		.uleb128 0x13
 1657 010c 02       		.uleb128 0x2
 1658 010d 0A       		.uleb128 0xa
 1659 010e 00       		.byte	0
 1660 010f 00       		.byte	0
 1661 0110 16       		.uleb128 0x16
 1662 0111 34       		.uleb128 0x34
 1663 0112 00       		.byte	0
 1664 0113 03       		.uleb128 0x3
 1665 0114 08       		.uleb128 0x8
GAS Infineon TriCore Little Endian C:\\Users\\user1\\AppData\\Local\\Temp\\rta_RTAOS_638388406317960277_1736001\\ccHBvkXg.s 			page 37


 1666 0115 3A       		.uleb128 0x3a
 1667 0116 0B       		.uleb128 0xb
 1668 0117 3B       		.uleb128 0x3b
 1669 0118 05       		.uleb128 0x5
 1670 0119 49       		.uleb128 0x49
 1671 011a 13       		.uleb128 0x13
 1672 011b 00       		.byte	0
 1673 011c 00       		.byte	0
 1674 011d 17       		.uleb128 0x17
 1675 011e 34       		.uleb128 0x34
 1676 011f 00       		.byte	0
 1677 0120 03       		.uleb128 0x3
 1678 0121 08       		.uleb128 0x8
 1679 0122 3A       		.uleb128 0x3a
 1680 0123 0B       		.uleb128 0xb
 1681 0124 3B       		.uleb128 0x3b
 1682 0125 05       		.uleb128 0x5
 1683 0126 49       		.uleb128 0x49
 1684 0127 13       		.uleb128 0x13
 1685 0128 02       		.uleb128 0x2
 1686 0129 06       		.uleb128 0x6
 1687 012a 00       		.byte	0
 1688 012b 00       		.byte	0
 1689 012c 18       		.uleb128 0x18
 1690 012d 0B       		.uleb128 0xb
 1691 012e 01       		.byte	0x1
 1692 012f 11       		.uleb128 0x11
 1693 0130 01       		.uleb128 0x1
 1694 0131 12       		.uleb128 0x12
 1695 0132 01       		.uleb128 0x1
 1696 0133 01       		.uleb128 0x1
 1697 0134 13       		.uleb128 0x13
 1698 0135 00       		.byte	0
 1699 0136 00       		.byte	0
 1700 0137 19       		.uleb128 0x19
 1701 0138 0B       		.uleb128 0xb
 1702 0139 01       		.byte	0x1
 1703 013a 11       		.uleb128 0x11
 1704 013b 01       		.uleb128 0x1
 1705 013c 12       		.uleb128 0x12
 1706 013d 01       		.uleb128 0x1
 1707 013e 00       		.byte	0
 1708 013f 00       		.byte	0
 1709 0140 1A       		.uleb128 0x1a
 1710 0141 34       		.uleb128 0x34
 1711 0142 00       		.byte	0
 1712 0143 03       		.uleb128 0x3
 1713 0144 08       		.uleb128 0x8
 1714 0145 3A       		.uleb128 0x3a
 1715 0146 0B       		.uleb128 0xb
 1716 0147 3B       		.uleb128 0x3b
 1717 0148 05       		.uleb128 0x5
 1718 0149 49       		.uleb128 0x49
 1719 014a 13       		.uleb128 0x13
 1720 014b 3F       		.uleb128 0x3f
 1721 014c 0C       		.uleb128 0xc
 1722 014d 3C       		.uleb128 0x3c
GAS Infineon TriCore Little Endian C:\\Users\\user1\\AppData\\Local\\Temp\\rta_RTAOS_638388406317960277_1736001\\ccHBvkXg.s 			page 38


 1723 014e 0C       		.uleb128 0xc
 1724 014f 00       		.byte	0
 1725 0150 00       		.byte	0
 1726 0151 1B       		.uleb128 0x1b
 1727 0152 21       		.uleb128 0x21
 1728 0153 00       		.byte	0
 1729 0154 00       		.byte	0
 1730 0155 00       		.byte	0
 1731 0156 00       		.byte	0
 1732              	.section .debug_loc,"",@progbits
 1733              	.Ldebug_loc0:
 1734              	.LLST0:
 1735 0000 00000000 		.uaword	.LVL2
 1736 0004 00000000 		.uaword	.LVL3
 1737 0008 0100     		.uahalf	0x1
 1738 000a 5F       		.byte	0x5f
 1739 000b 00000000 		.uaword	0
 1740 000f 00000000 		.uaword	0
 1741              	.LLST1:
 1742 0013 00000000 		.uaword	.LVL0
 1743 0017 00000000 		.uaword	.LVL2
 1744 001b 0100     		.uahalf	0x1
 1745 001d 5F       		.byte	0x5f
 1746 001e 00000000 		.uaword	0
 1747 0022 00000000 		.uaword	0
 1748              	.section .debug_aranges,"",@progbits
 1749 0000 1C000000 		.uaword	0x1c
 1750 0004 0200     		.uahalf	0x2
 1751 0006 00000000 		.uaword	.Ldebug_info0
 1752 000a 04       		.byte	0x4
 1753 000b 00       		.byte	0
 1754 000c 0000     		.uahalf	0
 1755 000e 0000     		.uahalf	0
 1756 0010 00000000 		.uaword	.LFB0
 1757 0014 36000000 		.uaword	.LFE0-.LFB0
 1758 0018 00000000 		.uaword	0
 1759 001c 00000000 		.uaword	0
 1760              	.section .debug_ranges,"",@progbits
 1761              	.Ldebug_ranges0:
 1762 0000 00000000 		.uaword	.LFB0
 1763 0004 00000000 		.uaword	.LFE0
 1764 0008 00000000 		.uaword	0
 1765 000c 00000000 		.uaword	0
 1766              	.section .debug_line,"",@progbits
 1767              	.Ldebug_line0:
 1768 0000 45010000 	.section .debug_str,"",@progbits
 1768      02001E01 
 1768      00000201 
 1768      FB0E0D00 
 1768      01010101 
 1769              	.LASF4:
 1770 0000 6170706C 		.string	"application"
 1770      69636174 
 1770      696F6E00 
 1771              	.LASF2:
 1772 000c 64796E61 		.string	"dynamic"
 1772      6D696300 
GAS Infineon TriCore Little Endian C:\\Users\\user1\\AppData\\Local\\Temp\\rta_RTAOS_638388406317960277_1736001\\ccHBvkXg.s 			page 39


 1773              	.LASF5:
 1774 0014 61637469 		.string	"activation_count"
 1774      76617469 
 1774      6F6E5F63 
 1774      6F756E74 
 1774      00
 1775              	.LASF6:
 1776 0025 74706D61 		.string	"tpmask"
 1776      736B00
 1777              	.LASF1:
 1778 002c 656E7472 		.string	"entry_function"
 1778      795F6675 
 1778      6E637469 
 1778      6F6E00
 1779              	.LASF3:
 1780 003b 61636365 		.string	"access"
 1780      737300
 1781              	.LASF0:
 1782 0042 7265736F 		.string	"resource_count"
 1782      75726365 
 1782      5F636F75 
 1782      6E7400
 1783              		.extern	Os_CurrentAppMode,STT_OBJECT,1
 1784              		.extern	Os_const_coreconfiguration,STT_OBJECT,-1
 1785              		.ident	"GCC: (HighTec Release HDP-v4.9.4.1-11fcedf) 4.9.4 build on 2020-09-01"
