GAS Infineon TriCore Little Endian C:\\Users\\user1\\AppData\\Local\\Temp\\rta_RTAOS_638388406317960277_1736001\\ccvn0tVY.s 			page 1


   1              		.file	"GetCurrentApplicationID.c"
   2              	.section .text,"ax",@progbits
   3              	.Ltext0:
   4              	.section .text.Os_GetCurrentApplicationID,"ax",@progbits
   5              		.align 1
   6              		.global	Os_GetCurrentApplicationID
   7              		.type	Os_GetCurrentApplicationID, @function
   8              	Os_GetCurrentApplicationID:
   9              	.LFB0:
  10              		.file 1 "C:\\Users\\user1\\AppData\\Local\\Temp\\rta_RTAOS_638388406317960277_1736001\\GetCurrentA
  11              		.loc 1 1366 0
  12              	.LBB2:
  13              		.loc 1 1368 0
  14              	#APP
  15              		# 1368 "C:\Users\user1\AppData\Local\Temp\rta_RTAOS_638388406317960277_1736001\GetCurrentApplicati
  16 0000 4DC0E1FF 		mfcr %d15,0xfe1c
  17              		# 0 "" 2
  18              	.LVL0:
  19              	#NO_APP
  20              	.LBE2:
  21              		.loc 1 1369 0
  22 0004 91000020 		movh.a	%a2, hi:Os_const_coreconfiguration
  23 0008 8023     		mov.d	%d3, %a2
  24 000a 1B030020 		addi	%d2, %d3, lo:Os_const_coreconfiguration
  25 000e 138F2132 		madd	%d3, %d2, %d15, 24
  26 0012 6032     		mov.a	%a2, %d3
  27 0014 CC20     		ld.a	%a15, [%a2]0
  28              	.LVL1:
  29              		.loc 1 1370 0
  30 0016 99220400 		ld.a	%a2, [%a2] 4
  31              	.LVL2:
  32              	.LBB3:
  33              		.loc 1 1371 0
  34              	#APP
  35              		# 1371 "C:\Users\user1\AppData\Local\Temp\rta_RTAOS_638388406317960277_1736001\GetCurrentApplicati
  36 001a 4D40E0FF 		mfcr %d15,0xfe04
  37              		# 0 "" 2
  38              	.LVL3:
  39              	#NO_APP
  40              	.LBE3:
  41              		.loc 1 1372 0
  42 001e AEB3     		jnz.t	%d15, 11, .L2
  43              		.loc 1 1372 0 is_stmt 0 discriminator 1
  44              	#APP
  45              		# 1372 "C:\Users\user1\AppData\Local\Temp\rta_RTAOS_638388406317960277_1736001\GetCurrentApplicati
  46 0020 AD008000 		syscall 0
  47              		# 0 "" 2
  48              	#NO_APP
  49              	.L2:
  50              		.loc 1 1373 0 is_stmt 1
  51 0024 DA27     		mov	%d15, 39
  52              	.LVL4:
  53 0026 E92F1800 		st.b	[%a2] 24, %d15
  54              		.loc 1 1374 0
  55 002a 39FF0910 		ld.bu	%d15, [%a15] 73
  56 002e EE0A     		jnz	%d15, .L9
  57              		.loc 1 1374 0 is_stmt 0 discriminator 2
GAS Infineon TriCore Little Endian C:\\Users\\user1\\AppData\\Local\\Temp\\rta_RTAOS_638388406317960277_1736001\\ccvn0tVY.s 			page 2


  58 0030 4CF8     		ld.w	%d15, [%a15] 32
  59 0032 6E0E     		jz	%d15, .L5
  60              		.loc 1 1374 0 discriminator 4
  61 0034 C88F     		ld.a	%a15, [%a15] 32
  62              	.LVL5:
  63 0036 39F21500 		ld.bu	%d2, [%a15] 21
  64              	.L4:
  65              	.LVL6:
  66              		.loc 1 1375 0 is_stmt 1 discriminator 12
  67 003a DA26     		mov	%d15, 38
  68 003c E92F1800 		st.b	[%a2] 24, %d15
  69              		.loc 1 1378 0 discriminator 12
  70 0040 0090     		ret
  71              	.LVL7:
  72              	.L9:
  73              		.loc 1 1375 0 discriminator 1
  74 0042 DA26     		mov	%d15, 38
  75              		.loc 1 1374 0 discriminator 1
  76 0044 39F20910 		ld.bu	%d2, [%a15] 73
  77              	.LVL8:
  78              		.loc 1 1375 0 discriminator 1
  79 0048 E92F1800 		st.b	[%a2] 24, %d15
  80              		.loc 1 1378 0 discriminator 1
  81 004c 0090     		ret
  82              	.LVL9:
  83              	.L5:
  84              		.loc 1 1374 0 discriminator 5
  85 004e 4CF9     		ld.w	%d15, [%a15] 36
  86 0050 8202     		mov	%d2, 0
  87 0052 6EF4     		jz	%d15, .L4
  88              		.loc 1 1374 0 is_stmt 0 discriminator 7
  89 0054 C89F     		ld.a	%a15, [%a15] 36
  90              	.LVL10:
  91 0056 39F21E00 		ld.bu	%d2, [%a15] 30
  92 005a 3CF0     		j	.L4
  93              	.LFE0:
  94              		.size	Os_GetCurrentApplicationID, .-Os_GetCurrentApplicationID
  95              	.section .debug_frame,"",@progbits
  96              	.Lframe0:
  97 0000 0C000000 		.uaword	.LECIE0-.LSCIE0
  98              	.LSCIE0:
  99 0004 FFFFFFFF 		.uaword	0xffffffff
 100 0008 01       		.byte	0x1
 101 0009 00       		.string	""
 102 000a 01       		.uleb128 0x1
 103 000b 01       		.sleb128 1
 104 000c 1B       		.byte	0x1b
 105 000d 0C       		.byte	0xc
 106 000e 1A       		.uleb128 0x1a
 107 000f 00       		.uleb128 0
 108              		.align 2
 109              	.LECIE0:
 110              	.LSFDE0:
 111 0010 0C000000 		.uaword	.LEFDE0-.LASFDE0
 112              	.LASFDE0:
 113 0014 00000000 		.uaword	.Lframe0
 114 0018 00000000 		.uaword	.LFB0
GAS Infineon TriCore Little Endian C:\\Users\\user1\\AppData\\Local\\Temp\\rta_RTAOS_638388406317960277_1736001\\ccvn0tVY.s 			page 3


 115 001c 5C000000 		.uaword	.LFE0-.LFB0
 116              		.align 2
 117              	.LEFDE0:
 118              	.section .text,"ax",@progbits
 119              	.Letext0:
 120              		.file 2 "D:\\home\\user123\\user\\Mohan6_VectorSIP\\21Dec23\\15Dec23_CAN_merge_21stDec\\25_Softwar
 121              		.file 3 "D:\\home\\user123\\user\\Mohan6_VectorSIP\\21Dec23\\15Dec23_CAN_merge_21stDec\\25_Softwar
 122              	.section .debug_info,"",@progbits
 123              	.Ldebug_info0:
 124 0000 FF100000 		.uaword	0x10ff
 125 0004 0200     		.uahalf	0x2
 126 0006 00000000 		.uaword	.Ldebug_abbrev0
 127 000a 04       		.byte	0x4
 128 000b 01       		.uleb128 0x1
 129 000c 474E5520 		.ascii	"GNU C 4."
 129      4320342E 
 130 0014 392E3420 		.string	"9.4 build on 2020-09-01 -mlicense-dir=c:\\hightec\\toolchains\\tricore\\v4.9.4.1\\bin\\..
 130      6275696C 
 130      64206F6E 
 130      20323032 
 130      302D3039 
 131 0115 01       		.byte	0x1
 132 0116 433A5C55 		.string	"C:\\Users\\user1\\AppData\\Local\\Temp\\rta_RTAOS_638388406317960277_1736001\\GetCurrentA
 132      73657273 
 132      5C757365 
 132      72315C41 
 132      70704461 
 133 0177 00000000 		.uaword	.Ldebug_ranges0+0
 134 017b 00000000 		.uaword	0
 135 017f 00000000 		.uaword	0
 136 0183 00000000 		.uaword	.Ldebug_line0
 137 0187 02       		.uleb128 0x2
 138 0188 75696E74 		.string	"uint8"
 138      3800
 139 018e 02       		.byte	0x2
 140 018f 34       		.byte	0x34
 141 0190 94010000 		.uaword	0x194
 142 0194 03       		.uleb128 0x3
 143 0195 01       		.byte	0x1
 144 0196 08       		.byte	0x8
 145 0197 756E7369 		.string	"unsigned char"
 145      676E6564 
 145      20636861 
 145      7200
 146 01a5 02       		.uleb128 0x2
 147 01a6 75696E74 		.string	"uint16"
 147      313600
 148 01ad 02       		.byte	0x2
 149 01ae 35       		.byte	0x35
 150 01af B3010000 		.uaword	0x1b3
 151 01b3 03       		.uleb128 0x3
 152 01b4 02       		.byte	0x2
 153 01b5 07       		.byte	0x7
 154 01b6 73686F72 		.string	"short unsigned int"
 154      7420756E 
 154      7369676E 
 154      65642069 
GAS Infineon TriCore Little Endian C:\\Users\\user1\\AppData\\Local\\Temp\\rta_RTAOS_638388406317960277_1736001\\ccvn0tVY.s 			page 4


 154      6E7400
 155 01c9 02       		.uleb128 0x2
 156 01ca 75696E74 		.string	"uint32"
 156      333200
 157 01d1 02       		.byte	0x2
 158 01d2 36       		.byte	0x36
 159 01d3 D7010000 		.uaword	0x1d7
 160 01d7 03       		.uleb128 0x3
 161 01d8 04       		.byte	0x4
 162 01d9 07       		.byte	0x7
 163 01da 756E7369 		.string	"unsigned int"
 163      676E6564 
 163      20696E74 
 163      00
 164 01e7 03       		.uleb128 0x3
 165 01e8 01       		.byte	0x1
 166 01e9 06       		.byte	0x6
 167 01ea 7369676E 		.string	"signed char"
 167      65642063 
 167      68617200 
 168 01f6 03       		.uleb128 0x3
 169 01f7 02       		.byte	0x2
 170 01f8 05       		.byte	0x5
 171 01f9 73686F72 		.string	"short int"
 171      7420696E 
 171      7400
 172 0203 03       		.uleb128 0x3
 173 0204 04       		.byte	0x4
 174 0205 05       		.byte	0x5
 175 0206 696E7400 		.string	"int"
 176 020a 03       		.uleb128 0x3
 177 020b 04       		.byte	0x4
 178 020c 04       		.byte	0x4
 179 020d 666C6F61 		.string	"float"
 179      7400
 180 0213 03       		.uleb128 0x3
 181 0214 08       		.byte	0x8
 182 0215 04       		.byte	0x4
 183 0216 646F7562 		.string	"double"
 183      6C6500
 184 021d 03       		.uleb128 0x3
 185 021e 08       		.byte	0x8
 186 021f 05       		.byte	0x5
 187 0220 6C6F6E67 		.string	"long long int"
 187      206C6F6E 
 187      6720696E 
 187      7400
 188 022e 03       		.uleb128 0x3
 189 022f 08       		.byte	0x8
 190 0230 07       		.byte	0x7
 191 0231 6C6F6E67 		.string	"long long unsigned int"
 191      206C6F6E 
 191      6720756E 
 191      7369676E 
 191      65642069 
 192 0248 02       		.uleb128 0x2
 193 0249 626F6F6C 		.string	"boolean"
GAS Infineon TriCore Little Endian C:\\Users\\user1\\AppData\\Local\\Temp\\rta_RTAOS_638388406317960277_1736001\\ccvn0tVY.s 			page 5


 193      65616E00 
 194 0251 02       		.byte	0x2
 195 0252 49       		.byte	0x49
 196 0253 94010000 		.uaword	0x194
 197 0257 02       		.uleb128 0x2
 198 0258 53746174 		.string	"StatusType"
 198      75735479 
 198      706500
 199 0263 03       		.byte	0x3
 200 0264 28       		.byte	0x28
 201 0265 94010000 		.uaword	0x194
 202 0269 04       		.uleb128 0x4
 203 026a 08       		.byte	0x8
 204 026b 01       		.byte	0x1
 205 026c 7C       		.byte	0x7c
 206 026d A8020000 		.uaword	0x2a8
 207 0271 05       		.uleb128 0x5
 208 0272 436C6173 		.string	"Class"
 208      7300
 209 0278 01       		.byte	0x1
 210 0279 7D       		.byte	0x7d
 211 027a 87010000 		.uaword	0x187
 212 027e 02       		.byte	0x2
 213 027f 23       		.byte	0x23
 214 0280 00       		.uleb128 0
 215 0281 05       		.uleb128 0x5
 216 0282 54494E00 		.string	"TIN"
 217 0286 01       		.byte	0x1
 218 0287 7E       		.byte	0x7e
 219 0288 87010000 		.uaword	0x187
 220 028c 02       		.byte	0x2
 221 028d 23       		.byte	0x23
 222 028e 01       		.uleb128 0x1
 223 028f 05       		.uleb128 0x5
 224 0290 52657475 		.string	"ReturnAddress"
 224      726E4164 
 224      64726573 
 224      7300
 225 029e 01       		.byte	0x1
 226 029f 7F       		.byte	0x7f
 227 02a0 C9010000 		.uaword	0x1c9
 228 02a4 02       		.byte	0x2
 229 02a5 23       		.byte	0x23
 230 02a6 04       		.uleb128 0x4
 231 02a7 00       		.byte	0
 232 02a8 02       		.uleb128 0x2
 233 02a9 4F735472 		.string	"OsTrapInfoType"
 233      6170496E 
 233      666F5479 
 233      706500
 234 02b8 01       		.byte	0x1
 235 02b9 80       		.byte	0x80
 236 02ba 69020000 		.uaword	0x269
 237 02be 02       		.uleb128 0x2
 238 02bf 75696E74 		.string	"uint32_aligned"
 238      33325F61 
 238      6C69676E 
GAS Infineon TriCore Little Endian C:\\Users\\user1\\AppData\\Local\\Temp\\rta_RTAOS_638388406317960277_1736001\\ccvn0tVY.s 			page 6


 238      656400
 239 02ce 01       		.byte	0x1
 240 02cf 86       		.byte	0x86
 241 02d0 C9010000 		.uaword	0x1c9
 242 02d4 04       		.uleb128 0x4
 243 02d5 44       		.byte	0x44
 244 02d6 01       		.byte	0x1
 245 02d7 AB       		.byte	0xab
 246 02d8 ED020000 		.uaword	0x2ed
 247 02dc 05       		.uleb128 0x5
 248 02dd 73746F72 		.string	"store"
 248      6500
 249 02e3 01       		.byte	0x1
 250 02e4 AC       		.byte	0xac
 251 02e5 ED020000 		.uaword	0x2ed
 252 02e9 02       		.byte	0x2
 253 02ea 23       		.byte	0x23
 254 02eb 00       		.uleb128 0
 255 02ec 00       		.byte	0
 256 02ed 06       		.uleb128 0x6
 257 02ee C9010000 		.uaword	0x1c9
 258 02f2 FD020000 		.uaword	0x2fd
 259 02f6 07       		.uleb128 0x7
 260 02f7 FD020000 		.uaword	0x2fd
 261 02fb 10       		.byte	0x10
 262 02fc 00       		.byte	0
 263 02fd 03       		.uleb128 0x3
 264 02fe 04       		.byte	0x4
 265 02ff 07       		.byte	0x7
 266 0300 73697A65 		.string	"sizetype"
 266      74797065 
 266      00
 267 0309 02       		.uleb128 0x2
 268 030a 4F735F4A 		.string	"Os_JumpBufType"
 268      756D7042 
 268      75665479 
 268      706500
 269 0319 01       		.byte	0x1
 270 031a AD       		.byte	0xad
 271 031b 1F030000 		.uaword	0x31f
 272 031f 06       		.uleb128 0x6
 273 0320 D4020000 		.uaword	0x2d4
 274 0324 2F030000 		.uaword	0x32f
 275 0328 07       		.uleb128 0x7
 276 0329 FD020000 		.uaword	0x2fd
 277 032d 00       		.byte	0
 278 032e 00       		.byte	0
 279 032f 02       		.uleb128 0x2
 280 0330 4F735F52 		.string	"Os_ResourceCountType"
 280      65736F75 
 280      72636543 
 280      6F756E74 
 280      54797065 
 281 0345 01       		.byte	0x1
 282 0346 BE       		.byte	0xbe
 283 0347 94010000 		.uaword	0x194
 284 034b 02       		.uleb128 0x2
GAS Infineon TriCore Little Endian C:\\Users\\user1\\AppData\\Local\\Temp\\rta_RTAOS_638388406317960277_1736001\\ccvn0tVY.s 			page 7


 285 034c 4F735F53 		.string	"Os_StackTraceType"
 285      7461636B 
 285      54726163 
 285      65547970 
 285      6500
 286 035e 01       		.byte	0x1
 287 035f BF       		.byte	0xbf
 288 0360 D7010000 		.uaword	0x1d7
 289 0364 04       		.uleb128 0x4
 290 0365 08       		.byte	0x8
 291 0366 01       		.byte	0x1
 292 0367 C0       		.byte	0xc0
 293 0368 88030000 		.uaword	0x388
 294 036c 05       		.uleb128 0x5
 295 036d 737000   		.string	"sp"
 296 0370 01       		.byte	0x1
 297 0371 C0       		.byte	0xc0
 298 0372 4B030000 		.uaword	0x34b
 299 0376 02       		.byte	0x2
 300 0377 23       		.byte	0x23
 301 0378 00       		.uleb128 0
 302 0379 05       		.uleb128 0x5
 303 037a 63747800 		.string	"ctx"
 304 037e 01       		.byte	0x1
 305 037f C0       		.byte	0xc0
 306 0380 4B030000 		.uaword	0x34b
 307 0384 02       		.byte	0x2
 308 0385 23       		.byte	0x23
 309 0386 04       		.uleb128 0x4
 310 0387 00       		.byte	0
 311 0388 02       		.uleb128 0x2
 312 0389 4F735F53 		.string	"Os_StackValueType"
 312      7461636B 
 312      56616C75 
 312      65547970 
 312      6500
 313 039b 01       		.byte	0x1
 314 039c C0       		.byte	0xc0
 315 039d 64030000 		.uaword	0x364
 316 03a1 02       		.uleb128 0x2
 317 03a2 4F735F53 		.string	"Os_StackSizeType"
 317      7461636B 
 317      53697A65 
 317      54797065 
 317      00
 318 03b3 01       		.byte	0x1
 319 03b4 C1       		.byte	0xc1
 320 03b5 88030000 		.uaword	0x388
 321 03b9 02       		.uleb128 0x2
 322 03ba 4F735F56 		.string	"Os_VoidVoidFunctionType"
 322      6F696456 
 322      6F696446 
 322      756E6374 
 322      696F6E54 
 323 03d2 01       		.byte	0x1
 324 03d3 C7       		.byte	0xc7
 325 03d4 D8030000 		.uaword	0x3d8
GAS Infineon TriCore Little Endian C:\\Users\\user1\\AppData\\Local\\Temp\\rta_RTAOS_638388406317960277_1736001\\ccvn0tVY.s 			page 8


 326 03d8 08       		.uleb128 0x8
 327 03d9 04       		.byte	0x4
 328 03da DE030000 		.uaword	0x3de
 329 03de 09       		.uleb128 0x9
 330 03df 01       		.byte	0x1
 331 03e0 02       		.uleb128 0x2
 332 03e1 4170706C 		.string	"ApplicationType"
 332      69636174 
 332      696F6E54 
 332      79706500 
 333 03f1 01       		.byte	0x1
 334 03f2 D5       		.byte	0xd5
 335 03f3 94010000 		.uaword	0x194
 336 03f7 02       		.uleb128 0x2
 337 03f8 4F735F74 		.string	"Os_tmaskType"
 337      6D61736B 
 337      54797065 
 337      00
 338 0405 01       		.byte	0x1
 339 0406 D9       		.byte	0xd9
 340 0407 C9010000 		.uaword	0x1c9
 341 040b 02       		.uleb128 0x2
 342 040c 4F735F43 		.string	"Os_CoreStateType"
 342      6F726553 
 342      74617465 
 342      54797065 
 342      00
 343 041d 01       		.byte	0x1
 344 041e E7       		.byte	0xe7
 345 041f C9010000 		.uaword	0x1c9
 346 0423 02       		.uleb128 0x2
 347 0424 4F735F53 		.string	"Os_StopwatchTickType"
 347      746F7077 
 347      61746368 
 347      5469636B 
 347      54797065 
 348 0439 01       		.byte	0x1
 349 043a FD       		.byte	0xfd
 350 043b D7010000 		.uaword	0x1d7
 351 043f 0A       		.uleb128 0xa
 352 0440 4F735F54 		.string	"Os_TerminatorType"
 352      65726D69 
 352      6E61746F 
 352      72547970 
 352      6500
 353 0452 01       		.byte	0x1
 354 0453 0201     		.uahalf	0x102
 355 0455 59040000 		.uaword	0x459
 356 0459 08       		.uleb128 0x8
 357 045a 04       		.byte	0x4
 358 045b 09030000 		.uaword	0x309
 359 045f 0A       		.uleb128 0xa
 360 0460 4F735F4C 		.string	"Os_Lockable"
 360      6F636B61 
 360      626C6500 
 361 046c 01       		.byte	0x1
 362 046d 0701     		.uahalf	0x107
GAS Infineon TriCore Little Endian C:\\Users\\user1\\AppData\\Local\\Temp\\rta_RTAOS_638388406317960277_1736001\\ccvn0tVY.s 			page 9


 363 046f BE020000 		.uaword	0x2be
 364 0473 0A       		.uleb128 0xa
 365 0474 436F7265 		.string	"CoreIdType"
 365      49645479 
 365      706500
 366 047f 01       		.byte	0x1
 367 0480 0901     		.uahalf	0x109
 368 0482 A5010000 		.uaword	0x1a5
 369 0486 0B       		.uleb128 0xb
 370 0487 5F040000 		.uaword	0x45f
 371 048b 0C       		.uleb128 0xc
 372 048c 4F735F43 		.string	"Os_ControlledCoreType_s"
 372      6F6E7472 
 372      6F6C6C65 
 372      64436F72 
 372      65547970 
 373 04a4 58       		.byte	0x58
 374 04a5 01       		.byte	0x1
 375 04a6 1004     		.uahalf	0x410
 376 04a8 89060000 		.uaword	0x689
 377 04ac 0D       		.uleb128 0xd
 378 04ad 54726170 		.string	"TrapInfo"
 378      496E666F 
 378      00
 379 04b6 01       		.byte	0x1
 380 04b7 1104     		.uahalf	0x411
 381 04b9 A8020000 		.uaword	0x2a8
 382 04bd 02       		.byte	0x2
 383 04be 23       		.byte	0x23
 384 04bf 00       		.uleb128 0
 385 04c0 0D       		.uleb128 0xd
 386 04c1 4572726F 		.string	"ErrorInformation"
 386      72496E66 
 386      6F726D61 
 386      74696F6E 
 386      00
 387 04d2 01       		.byte	0x1
 388 04d3 1204     		.uahalf	0x412
 389 04d5 1C0D0000 		.uaword	0xd1c
 390 04d9 02       		.byte	0x2
 391 04da 23       		.byte	0x23
 392 04db 08       		.uleb128 0x8
 393 04dc 0D       		.uleb128 0xd
 394 04dd 6C6F636B 		.string	"lock_taskaccess"
 394      5F746173 
 394      6B616363 
 394      65737300 
 395 04ed 01       		.byte	0x1
 396 04ee 1304     		.uahalf	0x413
 397 04f0 86040000 		.uaword	0x486
 398 04f4 02       		.byte	0x2
 399 04f5 23       		.byte	0x23
 400 04f6 18       		.uleb128 0x18
 401 04f7 0D       		.uleb128 0xd
 402 04f8 52656164 		.string	"ReadyTasks"
 402      79546173 
 402      6B7300
GAS Infineon TriCore Little Endian C:\\Users\\user1\\AppData\\Local\\Temp\\rta_RTAOS_638388406317960277_1736001\\ccvn0tVY.s 			page 10


 403 0503 01       		.byte	0x1
 404 0504 1404     		.uahalf	0x414
 405 0506 520D0000 		.uaword	0xd52
 406 050a 02       		.byte	0x2
 407 050b 23       		.byte	0x23
 408 050c 1C       		.uleb128 0x1c
 409 050d 0D       		.uleb128 0xd
 410 050e 52756E6E 		.string	"RunningISR"
 410      696E6749 
 410      535200
 411 0519 01       		.byte	0x1
 412 051a 1504     		.uahalf	0x415
 413 051c 570D0000 		.uaword	0xd57
 414 0520 02       		.byte	0x2
 415 0521 23       		.byte	0x23
 416 0522 20       		.uleb128 0x20
 417 0523 0D       		.uleb128 0xd
 418 0524 52756E6E 		.string	"RunningTask"
 418      696E6754 
 418      61736B00 
 419 0530 01       		.byte	0x1
 420 0531 1604     		.uahalf	0x416
 421 0533 5C0D0000 		.uaword	0xd5c
 422 0537 02       		.byte	0x2
 423 0538 23       		.byte	0x23
 424 0539 24       		.uleb128 0x24
 425 053a 0D       		.uleb128 0xd
 426 053b 52756E6E 		.string	"RunningTPMask"
 426      696E6754 
 426      504D6173 
 426      6B00
 427 0549 01       		.byte	0x1
 428 054a 1704     		.uahalf	0x417
 429 054c 610D0000 		.uaword	0xd61
 430 0550 02       		.byte	0x2
 431 0551 23       		.byte	0x23
 432 0552 28       		.uleb128 0x28
 433 0553 0D       		.uleb128 0xd
 434 0554 5465726D 		.string	"TerminatingTasks"
 434      696E6174 
 434      696E6754 
 434      61736B73 
 434      00
 435 0565 01       		.byte	0x1
 436 0566 1804     		.uahalf	0x418
 437 0568 520D0000 		.uaword	0xd52
 438 056c 02       		.byte	0x2
 439 056d 23       		.byte	0x23
 440 056e 2C       		.uleb128 0x2c
 441 056f 0D       		.uleb128 0xd
 442 0570 4170706C 		.string	"Application"
 442      69636174 
 442      696F6E00 
 443 057c 01       		.byte	0x1
 444 057d 1904     		.uahalf	0x419
 445 057f E0030000 		.uaword	0x3e0
 446 0583 02       		.byte	0x2
GAS Infineon TriCore Little Endian C:\\Users\\user1\\AppData\\Local\\Temp\\rta_RTAOS_638388406317960277_1736001\\ccvn0tVY.s 			page 11


 447 0584 23       		.byte	0x23
 448 0585 30       		.uleb128 0x30
 449 0586 0D       		.uleb128 0xd
 450 0587 43757272 		.string	"CurrentTerminator"
 450      656E7454 
 450      65726D69 
 450      6E61746F 
 450      7200
 451 0599 01       		.byte	0x1
 452 059a 1A04     		.uahalf	0x41a
 453 059c 660D0000 		.uaword	0xd66
 454 05a0 02       		.byte	0x2
 455 05a1 23       		.byte	0x23
 456 05a2 34       		.uleb128 0x34
 457 05a3 0D       		.uleb128 0xd
 458 05a4 43757272 		.string	"CurrentMeteredObject"
 458      656E744D 
 458      65746572 
 458      65644F62 
 458      6A656374 
 459 05b9 01       		.byte	0x1
 460 05ba 1B04     		.uahalf	0x41b
 461 05bc F5060000 		.uaword	0x6f5
 462 05c0 02       		.byte	0x2
 463 05c1 23       		.byte	0x23
 464 05c2 38       		.uleb128 0x38
 465 05c3 0D       		.uleb128 0xd
 466 05c4 49646C65 		.string	"IdleMeter"
 466      4D657465 
 466      7200
 467 05ce 01       		.byte	0x1
 468 05cf 1C04     		.uahalf	0x41c
 469 05d1 DC060000 		.uaword	0x6dc
 470 05d5 02       		.byte	0x2
 471 05d6 23       		.byte	0x23
 472 05d7 3C       		.uleb128 0x3c
 473 05d8 0D       		.uleb128 0xd
 474 05d9 41707041 		.string	"AppAccess"
 474      63636573 
 474      7300
 475 05e3 01       		.byte	0x1
 476 05e4 1D04     		.uahalf	0x41d
 477 05e6 87010000 		.uaword	0x187
 478 05ea 02       		.byte	0x2
 479 05eb 23       		.byte	0x23
 480 05ec 48       		.uleb128 0x48
 481 05ed 0D       		.uleb128 0xd
 482 05ee 4170704F 		.string	"AppOverride"
 482      76657272 
 482      69646500 
 483 05fa 01       		.byte	0x1
 484 05fb 1E04     		.uahalf	0x41e
 485 05fd 6B0D0000 		.uaword	0xd6b
 486 0601 02       		.byte	0x2
 487 0602 23       		.byte	0x23
 488 0603 49       		.uleb128 0x49
 489 0604 0D       		.uleb128 0xd
GAS Infineon TriCore Little Endian C:\\Users\\user1\\AppData\\Local\\Temp\\rta_RTAOS_638388406317960277_1736001\\ccvn0tVY.s 			page 12


 490 0605 47657453 		.string	"GetStackValueAdjust"
 490      7461636B 
 490      56616C75 
 490      6541646A 
 490      75737400 
 491 0619 01       		.byte	0x1
 492 061a 1F04     		.uahalf	0x41f
 493 061c A1030000 		.uaword	0x3a1
 494 0620 02       		.byte	0x2
 495 0621 23       		.byte	0x23
 496 0622 4C       		.uleb128 0x4c
 497 0623 0D       		.uleb128 0xd
 498 0624 496E4572 		.string	"InErrorHook"
 498      726F7248 
 498      6F6F6B00 
 499 0630 01       		.byte	0x1
 500 0631 2004     		.uahalf	0x420
 501 0633 48020000 		.uaword	0x248
 502 0637 02       		.byte	0x2
 503 0638 23       		.byte	0x23
 504 0639 54       		.uleb128 0x54
 505 063a 0D       		.uleb128 0xd
 506 063b 496E5072 		.string	"InProtectionHook"
 506      6F746563 
 506      74696F6E 
 506      486F6F6B 
 506      00
 507 064c 01       		.byte	0x1
 508 064d 2104     		.uahalf	0x421
 509 064f 48020000 		.uaword	0x248
 510 0653 02       		.byte	0x2
 511 0654 23       		.byte	0x23
 512 0655 55       		.uleb128 0x55
 513 0656 0D       		.uleb128 0xd
 514 0657 436F7265 		.string	"CoreIsActive"
 514      49734163 
 514      74697665 
 514      00
 515 0664 01       		.byte	0x1
 516 0665 2204     		.uahalf	0x422
 517 0667 48020000 		.uaword	0x248
 518 066b 02       		.byte	0x2
 519 066c 23       		.byte	0x23
 520 066d 56       		.uleb128 0x56
 521 066e 0D       		.uleb128 0xd
 522 066f 496E5368 		.string	"InShutdownHook"
 522      7574646F 
 522      776E486F 
 522      6F6B00
 523 067e 01       		.byte	0x1
 524 067f 2304     		.uahalf	0x423
 525 0681 48020000 		.uaword	0x248
 526 0685 02       		.byte	0x2
 527 0686 23       		.byte	0x23
 528 0687 57       		.uleb128 0x57
 529 0688 00       		.byte	0
 530 0689 0C       		.uleb128 0xc
GAS Infineon TriCore Little Endian C:\\Users\\user1\\AppData\\Local\\Temp\\rta_RTAOS_638388406317960277_1736001\\ccvn0tVY.s 			page 13


 531 068a 4F735F4D 		.string	"Os_MeterInfoType_s"
 531      65746572 
 531      496E666F 
 531      54797065 
 531      5F7300
 532 069d 0C       		.byte	0xc
 533 069e 01       		.byte	0x1
 534 069f 7201     		.uahalf	0x172
 535 06a1 DC060000 		.uaword	0x6dc
 536 06a5 0D       		.uleb128 0xd
 537 06a6 656C6170 		.string	"elapsed"
 537      73656400 
 538 06ae 01       		.byte	0x1
 539 06af 7301     		.uahalf	0x173
 540 06b1 23040000 		.uaword	0x423
 541 06b5 02       		.byte	0x2
 542 06b6 23       		.byte	0x23
 543 06b7 00       		.uleb128 0
 544 06b8 0D       		.uleb128 0xd
 545 06b9 70726576 		.string	"previous"
 545      696F7573 
 545      00
 546 06c2 01       		.byte	0x1
 547 06c3 7401     		.uahalf	0x174
 548 06c5 23040000 		.uaword	0x423
 549 06c9 02       		.byte	0x2
 550 06ca 23       		.byte	0x23
 551 06cb 04       		.uleb128 0x4
 552 06cc 0D       		.uleb128 0xd
 553 06cd 6D617800 		.string	"max"
 554 06d1 01       		.byte	0x1
 555 06d2 7501     		.uahalf	0x175
 556 06d4 23040000 		.uaword	0x423
 557 06d8 02       		.byte	0x2
 558 06d9 23       		.byte	0x23
 559 06da 08       		.uleb128 0x8
 560 06db 00       		.byte	0
 561 06dc 0A       		.uleb128 0xa
 562 06dd 4F735F4D 		.string	"Os_MeterInfoType"
 562      65746572 
 562      496E666F 
 562      54797065 
 562      00
 563 06ee 01       		.byte	0x1
 564 06ef 7601     		.uahalf	0x176
 565 06f1 89060000 		.uaword	0x689
 566 06f5 0A       		.uleb128 0xa
 567 06f6 4F735F4D 		.string	"Os_MeterInfoRefType"
 567      65746572 
 567      496E666F 
 567      52656654 
 567      79706500 
 568 070a 01       		.byte	0x1
 569 070b 7701     		.uahalf	0x177
 570 070d 11070000 		.uaword	0x711
 571 0711 08       		.uleb128 0x8
 572 0712 04       		.byte	0x4
GAS Infineon TriCore Little Endian C:\\Users\\user1\\AppData\\Local\\Temp\\rta_RTAOS_638388406317960277_1736001\\ccvn0tVY.s 			page 14


 573 0713 DC060000 		.uaword	0x6dc
 574 0717 0A       		.uleb128 0xa
 575 0718 4F735F69 		.string	"Os_imaskType"
 575      6D61736B 
 575      54797065 
 575      00
 576 0725 01       		.byte	0x1
 577 0726 7F01     		.uahalf	0x17f
 578 0728 C9010000 		.uaword	0x1c9
 579 072c 0C       		.uleb128 0xc
 580 072d 4F735F49 		.string	"Os_ISRDynType_s"
 580      53524479 
 580      6E547970 
 580      655F7300 
 581 073d 10       		.byte	0x10
 582 073e 01       		.byte	0x1
 583 073f 8101     		.uahalf	0x181
 584 0741 7D070000 		.uaword	0x77d
 585 0745 0E       		.uleb128 0xe
 586 0746 00000000 		.uaword	.LASF0
 587 074a 01       		.byte	0x1
 588 074b 8201     		.uahalf	0x182
 589 074d 2F030000 		.uaword	0x32f
 590 0751 02       		.byte	0x2
 591 0752 23       		.byte	0x23
 592 0753 00       		.uleb128 0
 593 0754 0D       		.uleb128 0xd
 594 0755 7465726D 		.string	"terminating"
 594      696E6174 
 594      696E6700 
 595 0761 01       		.byte	0x1
 596 0762 8301     		.uahalf	0x183
 597 0764 48020000 		.uaword	0x248
 598 0768 02       		.byte	0x2
 599 0769 23       		.byte	0x23
 600 076a 01       		.uleb128 0x1
 601 076b 0D       		.uleb128 0xd
 602 076c 6D657465 		.string	"meter"
 602      7200
 603 0772 01       		.byte	0x1
 604 0773 8401     		.uahalf	0x184
 605 0775 DC060000 		.uaword	0x6dc
 606 0779 02       		.byte	0x2
 607 077a 23       		.byte	0x23
 608 077b 04       		.uleb128 0x4
 609 077c 00       		.byte	0
 610 077d 0A       		.uleb128 0xa
 611 077e 4F735F49 		.string	"Os_ISRDynType"
 611      53524479 
 611      6E547970 
 611      6500
 612 078c 01       		.byte	0x1
 613 078d 8501     		.uahalf	0x185
 614 078f 2C070000 		.uaword	0x72c
 615 0793 0A       		.uleb128 0xa
 616 0794 4F735F49 		.string	"Os_IsrTerminatedFunctionType"
 616      73725465 
GAS Infineon TriCore Little Endian C:\\Users\\user1\\AppData\\Local\\Temp\\rta_RTAOS_638388406317960277_1736001\\ccvn0tVY.s 			page 15


 616      726D696E 
 616      61746564 
 616      46756E63 
 617 07b1 01       		.byte	0x1
 618 07b2 8601     		.uahalf	0x186
 619 07b4 D8030000 		.uaword	0x3d8
 620 07b8 0C       		.uleb128 0xc
 621 07b9 4F735F49 		.string	"Os_ISRType_s"
 621      53525479 
 621      70655F73 
 621      00
 622 07c6 18       		.byte	0x18
 623 07c7 01       		.byte	0x1
 624 07c8 8701     		.uahalf	0x187
 625 07ca 4C080000 		.uaword	0x84c
 626 07ce 0E       		.uleb128 0xe
 627 07cf 00000000 		.uaword	.LASF1
 628 07d3 01       		.byte	0x1
 629 07d4 8801     		.uahalf	0x188
 630 07d6 B9030000 		.uaword	0x3b9
 631 07da 02       		.byte	0x2
 632 07db 23       		.byte	0x23
 633 07dc 00       		.uleb128 0
 634 07dd 0D       		.uleb128 0xd
 635 07de 7465726D 		.string	"terminated_function"
 635      696E6174 
 635      65645F66 
 635      756E6374 
 635      696F6E00 
 636 07f2 01       		.byte	0x1
 637 07f3 8901     		.uahalf	0x189
 638 07f5 93070000 		.uaword	0x793
 639 07f9 02       		.byte	0x2
 640 07fa 23       		.byte	0x23
 641 07fb 04       		.uleb128 0x4
 642 07fc 0E       		.uleb128 0xe
 643 07fd 00000000 		.uaword	.LASF2
 644 0801 01       		.byte	0x1
 645 0802 8A01     		.uahalf	0x18a
 646 0804 4C080000 		.uaword	0x84c
 647 0808 02       		.byte	0x2
 648 0809 23       		.byte	0x23
 649 080a 08       		.uleb128 0x8
 650 080b 0D       		.uleb128 0xd
 651 080c 696D6173 		.string	"imask"
 651      6B00
 652 0812 01       		.byte	0x1
 653 0813 8B01     		.uahalf	0x18b
 654 0815 17070000 		.uaword	0x717
 655 0819 02       		.byte	0x2
 656 081a 23       		.byte	0x23
 657 081b 0C       		.uleb128 0xc
 658 081c 0D       		.uleb128 0xd
 659 081d 696E6465 		.string	"index"
 659      7800
 660 0823 01       		.byte	0x1
 661 0824 8C01     		.uahalf	0x18c
GAS Infineon TriCore Little Endian C:\\Users\\user1\\AppData\\Local\\Temp\\rta_RTAOS_638388406317960277_1736001\\ccvn0tVY.s 			page 16


 662 0826 C9010000 		.uaword	0x1c9
 663 082a 02       		.byte	0x2
 664 082b 23       		.byte	0x23
 665 082c 10       		.uleb128 0x10
 666 082d 0E       		.uleb128 0xe
 667 082e 00000000 		.uaword	.LASF3
 668 0832 01       		.byte	0x1
 669 0833 8D01     		.uahalf	0x18d
 670 0835 87010000 		.uaword	0x187
 671 0839 02       		.byte	0x2
 672 083a 23       		.byte	0x23
 673 083b 14       		.uleb128 0x14
 674 083c 0E       		.uleb128 0xe
 675 083d 00000000 		.uaword	.LASF4
 676 0841 01       		.byte	0x1
 677 0842 8E01     		.uahalf	0x18e
 678 0844 E0030000 		.uaword	0x3e0
 679 0848 02       		.byte	0x2
 680 0849 23       		.byte	0x23
 681 084a 15       		.uleb128 0x15
 682 084b 00       		.byte	0
 683 084c 0F       		.uleb128 0xf
 684 084d 51080000 		.uaword	0x851
 685 0851 08       		.uleb128 0x8
 686 0852 04       		.byte	0x4
 687 0853 7D070000 		.uaword	0x77d
 688 0857 0A       		.uleb128 0xa
 689 0858 4F735F49 		.string	"Os_ISRType"
 689      53525479 
 689      706500
 690 0863 01       		.byte	0x1
 691 0864 8F01     		.uahalf	0x18f
 692 0866 B8070000 		.uaword	0x7b8
 693 086a 0A       		.uleb128 0xa
 694 086b 49535254 		.string	"ISRType"
 694      79706500 
 695 0873 01       		.byte	0x1
 696 0874 9001     		.uahalf	0x190
 697 0876 7A080000 		.uaword	0x87a
 698 087a 08       		.uleb128 0x8
 699 087b 04       		.byte	0x4
 700 087c 80080000 		.uaword	0x880
 701 0880 0F       		.uleb128 0xf
 702 0881 57080000 		.uaword	0x857
 703 0885 0A       		.uleb128 0xa
 704 0886 4F735F62 		.string	"Os_bitmask"
 704      69746D61 
 704      736B00
 705 0891 01       		.byte	0x1
 706 0892 A201     		.uahalf	0x1a2
 707 0894 D7010000 		.uaword	0x1d7
 708 0898 0A       		.uleb128 0xa
 709 0899 4F735F70 		.string	"Os_pset0Type"
 709      73657430 
 709      54797065 
 709      00
 710 08a6 01       		.byte	0x1
GAS Infineon TriCore Little Endian C:\\Users\\user1\\AppData\\Local\\Temp\\rta_RTAOS_638388406317960277_1736001\\ccvn0tVY.s 			page 17


 711 08a7 A301     		.uahalf	0x1a3
 712 08a9 85080000 		.uaword	0x885
 713 08ad 0A       		.uleb128 0xa
 714 08ae 4F735F70 		.string	"Os_pset1Type"
 714      73657431 
 714      54797065 
 714      00
 715 08bb 01       		.byte	0x1
 716 08bc A401     		.uahalf	0x1a4
 717 08be 85080000 		.uaword	0x885
 718 08c2 0A       		.uleb128 0xa
 719 08c3 4F735F70 		.string	"Os_pset2Type"
 719      73657432 
 719      54797065 
 719      00
 720 08d0 01       		.byte	0x1
 721 08d1 A501     		.uahalf	0x1a5
 722 08d3 85080000 		.uaword	0x885
 723 08d7 10       		.uleb128 0x10
 724 08d8 04       		.byte	0x4
 725 08d9 01       		.byte	0x1
 726 08da A601     		.uahalf	0x1a6
 727 08dc 02090000 		.uaword	0x902
 728 08e0 11       		.uleb128 0x11
 729 08e1 703000   		.string	"p0"
 730 08e4 01       		.byte	0x1
 731 08e5 A701     		.uahalf	0x1a7
 732 08e7 98080000 		.uaword	0x898
 733 08eb 11       		.uleb128 0x11
 734 08ec 703100   		.string	"p1"
 735 08ef 01       		.byte	0x1
 736 08f0 A801     		.uahalf	0x1a8
 737 08f2 AD080000 		.uaword	0x8ad
 738 08f6 11       		.uleb128 0x11
 739 08f7 703200   		.string	"p2"
 740 08fa 01       		.byte	0x1
 741 08fb A901     		.uahalf	0x1a9
 742 08fd C2080000 		.uaword	0x8c2
 743 0901 00       		.byte	0
 744 0902 0A       		.uleb128 0xa
 745 0903 4F735F70 		.string	"Os_psetType"
 745      73657454 
 745      79706500 
 746 090f 01       		.byte	0x1
 747 0910 AA01     		.uahalf	0x1aa
 748 0912 D7080000 		.uaword	0x8d7
 749 0916 10       		.uleb128 0x10
 750 0917 04       		.byte	0x4
 751 0918 01       		.byte	0x1
 752 0919 AC01     		.uahalf	0x1ac
 753 091b 41090000 		.uaword	0x941
 754 091f 11       		.uleb128 0x11
 755 0920 743000   		.string	"t0"
 756 0923 01       		.byte	0x1
 757 0924 AD01     		.uahalf	0x1ad
 758 0926 85080000 		.uaword	0x885
 759 092a 11       		.uleb128 0x11
GAS Infineon TriCore Little Endian C:\\Users\\user1\\AppData\\Local\\Temp\\rta_RTAOS_638388406317960277_1736001\\ccvn0tVY.s 			page 18


 760 092b 743100   		.string	"t1"
 761 092e 01       		.byte	0x1
 762 092f AE01     		.uahalf	0x1ae
 763 0931 85080000 		.uaword	0x885
 764 0935 11       		.uleb128 0x11
 765 0936 743200   		.string	"t2"
 766 0939 01       		.byte	0x1
 767 093a AF01     		.uahalf	0x1af
 768 093c 85080000 		.uaword	0x885
 769 0940 00       		.byte	0
 770 0941 0A       		.uleb128 0xa
 771 0942 4F735F74 		.string	"Os_tpmaskType"
 771      706D6173 
 771      6B547970 
 771      6500
 772 0950 01       		.byte	0x1
 773 0951 B001     		.uahalf	0x1b0
 774 0953 16090000 		.uaword	0x916
 775 0957 0A       		.uleb128 0xa
 776 0958 4F735F41 		.string	"Os_ActivationCountType"
 776      63746976 
 776      6174696F 
 776      6E436F75 
 776      6E745479 
 777 096f 01       		.byte	0x1
 778 0970 B101     		.uahalf	0x1b1
 779 0972 94010000 		.uaword	0x194
 780 0976 0C       		.uleb128 0xc
 781 0977 4F735F54 		.string	"Os_TaskDynType_s"
 781      61736B44 
 781      796E5479 
 781      70655F73 
 781      00
 782 0988 5C       		.byte	0x5c
 783 0989 01       		.byte	0x1
 784 098a B301     		.uahalf	0x1b3
 785 098c 310A0000 		.uaword	0xa31
 786 0990 0D       		.uleb128 0xd
 787 0991 6C617374 		.string	"last_activation"
 787      5F616374 
 787      69766174 
 787      696F6E00 
 788 09a1 01       		.byte	0x1
 789 09a2 B401     		.uahalf	0x1b4
 790 09a4 23040000 		.uaword	0x423
 791 09a8 02       		.byte	0x2
 792 09a9 23       		.byte	0x23
 793 09aa 00       		.uleb128 0
 794 09ab 0D       		.uleb128 0xd
 795 09ac 7465726D 		.string	"terminate_jump_buf"
 795      696E6174 
 795      655F6A75 
 795      6D705F62 
 795      756600
 796 09bf 01       		.byte	0x1
 797 09c0 B501     		.uahalf	0x1b5
 798 09c2 09030000 		.uaword	0x309
GAS Infineon TriCore Little Endian C:\\Users\\user1\\AppData\\Local\\Temp\\rta_RTAOS_638388406317960277_1736001\\ccvn0tVY.s 			page 19


 799 09c6 02       		.byte	0x2
 800 09c7 23       		.byte	0x23
 801 09c8 04       		.uleb128 0x4
 802 09c9 0D       		.uleb128 0xd
 803 09ca 6D657465 		.string	"meter"
 803      7200
 804 09d0 01       		.byte	0x1
 805 09d1 B601     		.uahalf	0x1b6
 806 09d3 DC060000 		.uaword	0x6dc
 807 09d7 02       		.byte	0x2
 808 09d8 23       		.byte	0x23
 809 09d9 48       		.uleb128 0x48
 810 09da 0D       		.uleb128 0xd
 811 09db 7365656E 		.string	"seen_activation"
 811      5F616374 
 811      69766174 
 811      696F6E00 
 812 09eb 01       		.byte	0x1
 813 09ec B701     		.uahalf	0x1b7
 814 09ee 48020000 		.uaword	0x248
 815 09f2 02       		.byte	0x2
 816 09f3 23       		.byte	0x23
 817 09f4 54       		.uleb128 0x54
 818 09f5 0E       		.uleb128 0xe
 819 09f6 00000000 		.uaword	.LASF5
 820 09fa 01       		.byte	0x1
 821 09fb B801     		.uahalf	0x1b8
 822 09fd 57090000 		.uaword	0x957
 823 0a01 02       		.byte	0x2
 824 0a02 23       		.byte	0x23
 825 0a03 55       		.uleb128 0x55
 826 0a04 0E       		.uleb128 0xe
 827 0a05 00000000 		.uaword	.LASF0
 828 0a09 01       		.byte	0x1
 829 0a0a B901     		.uahalf	0x1b9
 830 0a0c 2F030000 		.uaword	0x32f
 831 0a10 02       		.byte	0x2
 832 0a11 23       		.byte	0x23
 833 0a12 56       		.uleb128 0x56
 834 0a13 0D       		.uleb128 0xd
 835 0a14 7465726D 		.string	"termination_state"
 835      696E6174 
 835      696F6E5F 
 835      73746174 
 835      6500
 836 0a26 01       		.byte	0x1
 837 0a27 BA01     		.uahalf	0x1ba
 838 0a29 C9010000 		.uaword	0x1c9
 839 0a2d 02       		.byte	0x2
 840 0a2e 23       		.byte	0x23
 841 0a2f 58       		.uleb128 0x58
 842 0a30 00       		.byte	0
 843 0a31 0A       		.uleb128 0xa
 844 0a32 4F735F54 		.string	"Os_TaskDynType"
 844      61736B44 
 844      796E5479 
 844      706500
GAS Infineon TriCore Little Endian C:\\Users\\user1\\AppData\\Local\\Temp\\rta_RTAOS_638388406317960277_1736001\\ccvn0tVY.s 			page 20


 845 0a41 01       		.byte	0x1
 846 0a42 BB01     		.uahalf	0x1bb
 847 0a44 76090000 		.uaword	0x976
 848 0a48 0C       		.uleb128 0xc
 849 0a49 4F735F54 		.string	"Os_TaskType_s"
 849      61736B54 
 849      7970655F 
 849      7300
 850 0a57 20       		.byte	0x20
 851 0a58 01       		.byte	0x1
 852 0a59 BD01     		.uahalf	0x1bd
 853 0a5b 050B0000 		.uaword	0xb05
 854 0a5f 0E       		.uleb128 0xe
 855 0a60 00000000 		.uaword	.LASF2
 856 0a64 01       		.byte	0x1
 857 0a65 BE01     		.uahalf	0x1be
 858 0a67 050B0000 		.uaword	0xb05
 859 0a6b 02       		.byte	0x2
 860 0a6c 23       		.byte	0x23
 861 0a6d 00       		.uleb128 0
 862 0a6e 0E       		.uleb128 0xe
 863 0a6f 00000000 		.uaword	.LASF1
 864 0a73 01       		.byte	0x1
 865 0a74 BF01     		.uahalf	0x1bf
 866 0a76 B9030000 		.uaword	0x3b9
 867 0a7a 02       		.byte	0x2
 868 0a7b 23       		.byte	0x23
 869 0a7c 04       		.uleb128 0x4
 870 0a7d 0D       		.uleb128 0xd
 871 0a7e 70736574 		.string	"pset"
 871      00
 872 0a83 01       		.byte	0x1
 873 0a84 C001     		.uahalf	0x1c0
 874 0a86 02090000 		.uaword	0x902
 875 0a8a 02       		.byte	0x2
 876 0a8b 23       		.byte	0x23
 877 0a8c 08       		.uleb128 0x8
 878 0a8d 0D       		.uleb128 0xd
 879 0a8e 62617365 		.string	"base_tpmask"
 879      5F74706D 
 879      61736B00 
 880 0a9a 01       		.byte	0x1
 881 0a9b C101     		.uahalf	0x1c1
 882 0a9d 41090000 		.uaword	0x941
 883 0aa1 02       		.byte	0x2
 884 0aa2 23       		.byte	0x23
 885 0aa3 0C       		.uleb128 0xc
 886 0aa4 0E       		.uleb128 0xe
 887 0aa5 00000000 		.uaword	.LASF6
 888 0aa9 01       		.byte	0x1
 889 0aaa C201     		.uahalf	0x1c2
 890 0aac 41090000 		.uaword	0x941
 891 0ab0 02       		.byte	0x2
 892 0ab1 23       		.byte	0x23
 893 0ab2 10       		.uleb128 0x10
 894 0ab3 0D       		.uleb128 0xd
 895 0ab4 636F7265 		.string	"core_id"
GAS Infineon TriCore Little Endian C:\\Users\\user1\\AppData\\Local\\Temp\\rta_RTAOS_638388406317960277_1736001\\ccvn0tVY.s 			page 21


 895      5F696400 
 896 0abc 01       		.byte	0x1
 897 0abd C301     		.uahalf	0x1c3
 898 0abf 73040000 		.uaword	0x473
 899 0ac3 02       		.byte	0x2
 900 0ac4 23       		.byte	0x23
 901 0ac5 14       		.uleb128 0x14
 902 0ac6 0D       		.uleb128 0xd
 903 0ac7 696E6465 		.string	"index"
 903      7800
 904 0acd 01       		.byte	0x1
 905 0ace C401     		.uahalf	0x1c4
 906 0ad0 C9010000 		.uaword	0x1c9
 907 0ad4 02       		.byte	0x2
 908 0ad5 23       		.byte	0x23
 909 0ad6 18       		.uleb128 0x18
 910 0ad7 0E       		.uleb128 0xe
 911 0ad8 00000000 		.uaword	.LASF5
 912 0adc 01       		.byte	0x1
 913 0add C501     		.uahalf	0x1c5
 914 0adf 57090000 		.uaword	0x957
 915 0ae3 02       		.byte	0x2
 916 0ae4 23       		.byte	0x23
 917 0ae5 1C       		.uleb128 0x1c
 918 0ae6 0E       		.uleb128 0xe
 919 0ae7 00000000 		.uaword	.LASF3
 920 0aeb 01       		.byte	0x1
 921 0aec C601     		.uahalf	0x1c6
 922 0aee 87010000 		.uaword	0x187
 923 0af2 02       		.byte	0x2
 924 0af3 23       		.byte	0x23
 925 0af4 1D       		.uleb128 0x1d
 926 0af5 0E       		.uleb128 0xe
 927 0af6 00000000 		.uaword	.LASF4
 928 0afa 01       		.byte	0x1
 929 0afb C701     		.uahalf	0x1c7
 930 0afd E0030000 		.uaword	0x3e0
 931 0b01 02       		.byte	0x2
 932 0b02 23       		.byte	0x23
 933 0b03 1E       		.uleb128 0x1e
 934 0b04 00       		.byte	0
 935 0b05 0F       		.uleb128 0xf
 936 0b06 0A0B0000 		.uaword	0xb0a
 937 0b0a 08       		.uleb128 0x8
 938 0b0b 04       		.byte	0x4
 939 0b0c 310A0000 		.uaword	0xa31
 940 0b10 0A       		.uleb128 0xa
 941 0b11 4F735F54 		.string	"Os_TaskType"
 941      61736B54 
 941      79706500 
 942 0b1d 01       		.byte	0x1
 943 0b1e C801     		.uahalf	0x1c8
 944 0b20 480A0000 		.uaword	0xa48
 945 0b24 0A       		.uleb128 0xa
 946 0b25 5461736B 		.string	"TaskType"
 946      54797065 
 946      00
GAS Infineon TriCore Little Endian C:\\Users\\user1\\AppData\\Local\\Temp\\rta_RTAOS_638388406317960277_1736001\\ccvn0tVY.s 			page 22


 947 0b2e 01       		.byte	0x1
 948 0b2f C901     		.uahalf	0x1c9
 949 0b31 350B0000 		.uaword	0xb35
 950 0b35 08       		.uleb128 0x8
 951 0b36 04       		.byte	0x4
 952 0b37 3B0B0000 		.uaword	0xb3b
 953 0b3b 0F       		.uleb128 0xf
 954 0b3c 100B0000 		.uaword	0xb10
 955 0b40 10       		.uleb128 0x10
 956 0b41 04       		.byte	0x4
 957 0b42 01       		.byte	0x1
 958 0b43 E101     		.uahalf	0x1e1
 959 0b45 640B0000 		.uaword	0xb64
 960 0b49 12       		.uleb128 0x12
 961 0b4a 00000000 		.uaword	.LASF6
 962 0b4e 01       		.byte	0x1
 963 0b4f E201     		.uahalf	0x1e2
 964 0b51 41090000 		.uaword	0x941
 965 0b55 11       		.uleb128 0x11
 966 0b56 696D6173 		.string	"imask"
 966      6B00
 967 0b5c 01       		.byte	0x1
 968 0b5d E301     		.uahalf	0x1e3
 969 0b5f 17070000 		.uaword	0x717
 970 0b63 00       		.byte	0
 971 0b64 0C       		.uleb128 0xc
 972 0b65 4F735F52 		.string	"Os_ResourceDynType_s"
 972      65736F75 
 972      72636544 
 972      796E5479 
 972      70655F73 
 973 0b7a 0C       		.byte	0xc
 974 0b7b 01       		.byte	0x1
 975 0b7c DE01     		.uahalf	0x1de
 976 0b7e C70B0000 		.uaword	0xbc7
 977 0b82 0D       		.uleb128 0xd
 978 0b83 61636365 		.string	"access_count"
 978      73735F63 
 978      6F756E74 
 978      00
 979 0b90 01       		.byte	0x1
 980 0b91 DF01     		.uahalf	0x1df
 981 0b93 2F030000 		.uaword	0x32f
 982 0b97 02       		.byte	0x2
 983 0b98 23       		.byte	0x23
 984 0b99 00       		.uleb128 0
 985 0b9a 0D       		.uleb128 0xd
 986 0b9b 6C6F636B 		.string	"locker"
 986      657200
 987 0ba2 01       		.byte	0x1
 988 0ba3 E001     		.uahalf	0x1e0
 989 0ba5 240B0000 		.uaword	0xb24
 990 0ba9 02       		.byte	0x2
 991 0baa 23       		.byte	0x23
 992 0bab 04       		.uleb128 0x4
 993 0bac 0D       		.uleb128 0xd
 994 0bad 73617665 		.string	"saved_priority"
GAS Infineon TriCore Little Endian C:\\Users\\user1\\AppData\\Local\\Temp\\rta_RTAOS_638388406317960277_1736001\\ccvn0tVY.s 			page 23


 994      645F7072 
 994      696F7269 
 994      747900
 995 0bbc 01       		.byte	0x1
 996 0bbd E401     		.uahalf	0x1e4
 997 0bbf 400B0000 		.uaword	0xb40
 998 0bc3 02       		.byte	0x2
 999 0bc4 23       		.byte	0x23
 1000 0bc5 08       		.uleb128 0x8
 1001 0bc6 00       		.byte	0
 1002 0bc7 0A       		.uleb128 0xa
 1003 0bc8 4F735F52 		.string	"Os_ResourceDynType"
 1003      65736F75 
 1003      72636544 
 1003      796E5479 
 1003      706500
 1004 0bdb 01       		.byte	0x1
 1005 0bdc E501     		.uahalf	0x1e5
 1006 0bde 640B0000 		.uaword	0xb64
 1007 0be2 0C       		.uleb128 0xc
 1008 0be3 4F735F52 		.string	"Os_ResourceType_s"
 1008      65736F75 
 1008      72636554 
 1008      7970655F 
 1008      7300
 1009 0bf5 10       		.byte	0x10
 1010 0bf6 01       		.byte	0x1
 1011 0bf7 E601     		.uahalf	0x1e6
 1012 0bf9 3C0C0000 		.uaword	0xc3c
 1013 0bfd 0E       		.uleb128 0xe
 1014 0bfe 00000000 		.uaword	.LASF2
 1015 0c02 01       		.byte	0x1
 1016 0c03 E701     		.uahalf	0x1e7
 1017 0c05 3C0C0000 		.uaword	0xc3c
 1018 0c09 02       		.byte	0x2
 1019 0c0a 23       		.byte	0x23
 1020 0c0b 00       		.uleb128 0
 1021 0c0c 0E       		.uleb128 0xe
 1022 0c0d 00000000 		.uaword	.LASF6
 1023 0c11 01       		.byte	0x1
 1024 0c12 E801     		.uahalf	0x1e8
 1025 0c14 41090000 		.uaword	0x941
 1026 0c18 02       		.byte	0x2
 1027 0c19 23       		.byte	0x23
 1028 0c1a 04       		.uleb128 0x4
 1029 0c1b 0D       		.uleb128 0xd
 1030 0c1c 696D6173 		.string	"imask"
 1030      6B00
 1031 0c22 01       		.byte	0x1
 1032 0c23 E901     		.uahalf	0x1e9
 1033 0c25 17070000 		.uaword	0x717
 1034 0c29 02       		.byte	0x2
 1035 0c2a 23       		.byte	0x23
 1036 0c2b 08       		.uleb128 0x8
 1037 0c2c 0E       		.uleb128 0xe
 1038 0c2d 00000000 		.uaword	.LASF3
 1039 0c31 01       		.byte	0x1
GAS Infineon TriCore Little Endian C:\\Users\\user1\\AppData\\Local\\Temp\\rta_RTAOS_638388406317960277_1736001\\ccvn0tVY.s 			page 24


 1040 0c32 EA01     		.uahalf	0x1ea
 1041 0c34 87010000 		.uaword	0x187
 1042 0c38 02       		.byte	0x2
 1043 0c39 23       		.byte	0x23
 1044 0c3a 0C       		.uleb128 0xc
 1045 0c3b 00       		.byte	0
 1046 0c3c 0F       		.uleb128 0xf
 1047 0c3d 410C0000 		.uaword	0xc41
 1048 0c41 08       		.uleb128 0x8
 1049 0c42 04       		.byte	0x4
 1050 0c43 C70B0000 		.uaword	0xbc7
 1051 0c47 0A       		.uleb128 0xa
 1052 0c48 4F735F52 		.string	"Os_ResourceType"
 1052      65736F75 
 1052      72636554 
 1052      79706500 
 1053 0c58 01       		.byte	0x1
 1054 0c59 EB01     		.uahalf	0x1eb
 1055 0c5b E20B0000 		.uaword	0xbe2
 1056 0c5f 0A       		.uleb128 0xa
 1057 0c60 5265736F 		.string	"ResourceType"
 1057      75726365 
 1057      54797065 
 1057      00
 1058 0c6d 01       		.byte	0x1
 1059 0c6e EC01     		.uahalf	0x1ec
 1060 0c70 740C0000 		.uaword	0xc74
 1061 0c74 08       		.uleb128 0x8
 1062 0c75 04       		.byte	0x4
 1063 0c76 7A0C0000 		.uaword	0xc7a
 1064 0c7a 0F       		.uleb128 0xf
 1065 0c7b 470C0000 		.uaword	0xc47
 1066 0c7f 0A       		.uleb128 0xa
 1067 0c80 4F535365 		.string	"OSServiceIdType"
 1067      72766963 
 1067      65496454 
 1067      79706500 
 1068 0c90 01       		.byte	0x1
 1069 0c91 5102     		.uahalf	0x251
 1070 0c93 94010000 		.uaword	0x194
 1071 0c97 0A       		.uleb128 0xa
 1072 0c98 4F735F42 		.string	"Os_BiggestType"
 1072      69676765 
 1072      73745479 
 1072      706500
 1073 0ca7 01       		.byte	0x1
 1074 0ca8 2503     		.uahalf	0x325
 1075 0caa D7010000 		.uaword	0x1d7
 1076 0cae 13       		.uleb128 0x13
 1077 0caf 10       		.byte	0x10
 1078 0cb0 01       		.byte	0x1
 1079 0cb1 2703     		.uahalf	0x327
 1080 0cb3 1C0D0000 		.uaword	0xd1c
 1081 0cb7 0D       		.uleb128 0xd
 1082 0cb8 73657276 		.string	"service_id"
 1082      6963655F 
 1082      696400
GAS Infineon TriCore Little Endian C:\\Users\\user1\\AppData\\Local\\Temp\\rta_RTAOS_638388406317960277_1736001\\ccvn0tVY.s 			page 25


 1083 0cc3 01       		.byte	0x1
 1084 0cc4 2803     		.uahalf	0x328
 1085 0cc6 7F0C0000 		.uaword	0xc7f
 1086 0cca 02       		.byte	0x2
 1087 0ccb 23       		.byte	0x23
 1088 0ccc 00       		.uleb128 0
 1089 0ccd 0D       		.uleb128 0xd
 1090 0cce 73657276 		.string	"service_param1"
 1090      6963655F 
 1090      70617261 
 1090      6D3100
 1091 0cdd 01       		.byte	0x1
 1092 0cde 2903     		.uahalf	0x329
 1093 0ce0 970C0000 		.uaword	0xc97
 1094 0ce4 02       		.byte	0x2
 1095 0ce5 23       		.byte	0x23
 1096 0ce6 04       		.uleb128 0x4
 1097 0ce7 0D       		.uleb128 0xd
 1098 0ce8 73657276 		.string	"service_param2"
 1098      6963655F 
 1098      70617261 
 1098      6D3200
 1099 0cf7 01       		.byte	0x1
 1100 0cf8 2A03     		.uahalf	0x32a
 1101 0cfa 970C0000 		.uaword	0xc97
 1102 0cfe 02       		.byte	0x2
 1103 0cff 23       		.byte	0x23
 1104 0d00 08       		.uleb128 0x8
 1105 0d01 0D       		.uleb128 0xd
 1106 0d02 73657276 		.string	"service_param3"
 1106      6963655F 
 1106      70617261 
 1106      6D3300
 1107 0d11 01       		.byte	0x1
 1108 0d12 2B03     		.uahalf	0x32b
 1109 0d14 970C0000 		.uaword	0xc97
 1110 0d18 02       		.byte	0x2
 1111 0d19 23       		.byte	0x23
 1112 0d1a 0C       		.uleb128 0xc
 1113 0d1b 00       		.byte	0
 1114 0d1c 0A       		.uleb128 0xa
 1115 0d1d 4F735F45 		.string	"Os_ErrorInformationType"
 1115      72726F72 
 1115      496E666F 
 1115      726D6174 
 1115      696F6E54 
 1116 0d35 01       		.byte	0x1
 1117 0d36 2C03     		.uahalf	0x32c
 1118 0d38 AE0C0000 		.uaword	0xcae
 1119 0d3c 0A       		.uleb128 0xa
 1120 0d3d 4F735F4F 		.string	"Os_OrtiIdType"
 1120      72746949 
 1120      64547970 
 1120      6500
 1121 0d4b 01       		.byte	0x1
 1122 0d4c 3003     		.uahalf	0x330
 1123 0d4e 94010000 		.uaword	0x194
GAS Infineon TriCore Little Endian C:\\Users\\user1\\AppData\\Local\\Temp\\rta_RTAOS_638388406317960277_1736001\\ccvn0tVY.s 			page 26


 1124 0d52 0B       		.uleb128 0xb
 1125 0d53 02090000 		.uaword	0x902
 1126 0d57 0B       		.uleb128 0xb
 1127 0d58 6A080000 		.uaword	0x86a
 1128 0d5c 0B       		.uleb128 0xb
 1129 0d5d 240B0000 		.uaword	0xb24
 1130 0d61 0B       		.uleb128 0xb
 1131 0d62 41090000 		.uaword	0x941
 1132 0d66 0B       		.uleb128 0xb
 1133 0d67 3F040000 		.uaword	0x43f
 1134 0d6b 0B       		.uleb128 0xb
 1135 0d6c E0030000 		.uaword	0x3e0
 1136 0d70 0A       		.uleb128 0xa
 1137 0d71 4F735F43 		.string	"Os_ControlledCoreType"
 1137      6F6E7472 
 1137      6F6C6C65 
 1137      64436F72 
 1137      65547970 
 1138 0d87 01       		.byte	0x1
 1139 0d88 2404     		.uahalf	0x424
 1140 0d8a 8B040000 		.uaword	0x48b
 1141 0d8e 0C       		.uleb128 0xc
 1142 0d8f 4F735F41 		.string	"Os_AnyCoreType_s"
 1142      6E79436F 
 1142      72655479 
 1142      70655F73 
 1142      00
 1143 0da0 64       		.byte	0x64
 1144 0da1 01       		.byte	0x1
 1145 0da2 3204     		.uahalf	0x432
 1146 0da4 C70E0000 		.uaword	0xec7
 1147 0da8 0D       		.uleb128 0xd
 1148 0da9 44697361 		.string	"DisableAllImask"
 1148      626C6541 
 1148      6C6C496D 
 1148      61736B00 
 1149 0db9 01       		.byte	0x1
 1150 0dba 3304     		.uahalf	0x433
 1151 0dbc C70E0000 		.uaword	0xec7
 1152 0dc0 02       		.byte	0x2
 1153 0dc1 23       		.byte	0x23
 1154 0dc2 00       		.uleb128 0
 1155 0dc3 0D       		.uleb128 0xd
 1156 0dc4 53757370 		.string	"SuspendAllImask"
 1156      656E6441 
 1156      6C6C496D 
 1156      61736B00 
 1157 0dd4 01       		.byte	0x1
 1158 0dd5 3404     		.uahalf	0x434
 1159 0dd7 C70E0000 		.uaword	0xec7
 1160 0ddb 02       		.byte	0x2
 1161 0ddc 23       		.byte	0x23
 1162 0ddd 04       		.uleb128 0x4
 1163 0dde 0D       		.uleb128 0xd
 1164 0ddf 53757370 		.string	"SuspendOSImask"
 1164      656E644F 
 1164      53496D61 
GAS Infineon TriCore Little Endian C:\\Users\\user1\\AppData\\Local\\Temp\\rta_RTAOS_638388406317960277_1736001\\ccvn0tVY.s 			page 27


 1164      736B00
 1165 0dee 01       		.byte	0x1
 1166 0def 3504     		.uahalf	0x435
 1167 0df1 C70E0000 		.uaword	0xec7
 1168 0df5 02       		.byte	0x2
 1169 0df6 23       		.byte	0x23
 1170 0df7 08       		.uleb128 0x8
 1171 0df8 0D       		.uleb128 0xd
 1172 0df9 44697361 		.string	"DisableAllCount"
 1172      626C6541 
 1172      6C6C436F 
 1172      756E7400 
 1173 0e09 01       		.byte	0x1
 1174 0e0a 3604     		.uahalf	0x436
 1175 0e0c CC0E0000 		.uaword	0xecc
 1176 0e10 02       		.byte	0x2
 1177 0e11 23       		.byte	0x23
 1178 0e12 0C       		.uleb128 0xc
 1179 0e13 0D       		.uleb128 0xd
 1180 0e14 53757370 		.string	"SuspendAllCount"
 1180      656E6441 
 1180      6C6C436F 
 1180      756E7400 
 1181 0e24 01       		.byte	0x1
 1182 0e25 3704     		.uahalf	0x437
 1183 0e27 CC0E0000 		.uaword	0xecc
 1184 0e2b 02       		.byte	0x2
 1185 0e2c 23       		.byte	0x23
 1186 0e2d 10       		.uleb128 0x10
 1187 0e2e 0D       		.uleb128 0xd
 1188 0e2f 53757370 		.string	"SuspendOSCount"
 1188      656E644F 
 1188      53436F75 
 1188      6E7400
 1189 0e3e 01       		.byte	0x1
 1190 0e3f 3804     		.uahalf	0x438
 1191 0e41 CC0E0000 		.uaword	0xecc
 1192 0e45 02       		.byte	0x2
 1193 0e46 23       		.byte	0x23
 1194 0e47 14       		.uleb128 0x14
 1195 0e48 0D       		.uleb128 0xd
 1196 0e49 4F727469 		.string	"OrtiApiID"
 1196      41706949 
 1196      4400
 1197 0e53 01       		.byte	0x1
 1198 0e54 3904     		.uahalf	0x439
 1199 0e56 D10E0000 		.uaword	0xed1
 1200 0e5a 02       		.byte	0x2
 1201 0e5b 23       		.byte	0x23
 1202 0e5c 18       		.uleb128 0x18
 1203 0e5d 0D       		.uleb128 0xd
 1204 0e5e 4F727469 		.string	"OrtiLastError"
 1204      4C617374 
 1204      4572726F 
 1204      7200
 1205 0e6c 01       		.byte	0x1
 1206 0e6d 3A04     		.uahalf	0x43a
GAS Infineon TriCore Little Endian C:\\Users\\user1\\AppData\\Local\\Temp\\rta_RTAOS_638388406317960277_1736001\\ccvn0tVY.s 			page 28


 1207 0e6f 57020000 		.uaword	0x257
 1208 0e73 02       		.byte	0x2
 1209 0e74 23       		.byte	0x23
 1210 0e75 19       		.uleb128 0x19
 1211 0e76 0D       		.uleb128 0xd
 1212 0e77 52657374 		.string	"RestartJumpBuf"
 1212      6172744A 
 1212      756D7042 
 1212      756600
 1213 0e86 01       		.byte	0x1
 1214 0e87 3B04     		.uahalf	0x43b
 1215 0e89 09030000 		.uaword	0x309
 1216 0e8d 02       		.byte	0x2
 1217 0e8e 23       		.byte	0x23
 1218 0e8f 1C       		.uleb128 0x1c
 1219 0e90 0D       		.uleb128 0xd
 1220 0e91 52657374 		.string	"Restartable"
 1220      61727461 
 1220      626C6500 
 1221 0e9d 01       		.byte	0x1
 1222 0e9e 3C04     		.uahalf	0x43c
 1223 0ea0 48020000 		.uaword	0x248
 1224 0ea4 02       		.byte	0x2
 1225 0ea5 23       		.byte	0x23
 1226 0ea6 60       		.uleb128 0x60
 1227 0ea7 0D       		.uleb128 0xd
 1228 0ea8 4C617374 		.string	"LastProtectionFault"
 1228      50726F74 
 1228      65637469 
 1228      6F6E4661 
 1228      756C7400 
 1229 0ebc 01       		.byte	0x1
 1230 0ebd 3D04     		.uahalf	0x43d
 1231 0ebf 57020000 		.uaword	0x257
 1232 0ec3 02       		.byte	0x2
 1233 0ec4 23       		.byte	0x23
 1234 0ec5 61       		.uleb128 0x61
 1235 0ec6 00       		.byte	0
 1236 0ec7 0B       		.uleb128 0xb
 1237 0ec8 17070000 		.uaword	0x717
 1238 0ecc 0B       		.uleb128 0xb
 1239 0ecd C9010000 		.uaword	0x1c9
 1240 0ed1 0B       		.uleb128 0xb
 1241 0ed2 3C0D0000 		.uaword	0xd3c
 1242 0ed6 0A       		.uleb128 0xa
 1243 0ed7 4F735F41 		.string	"Os_AnyCoreType"
 1243      6E79436F 
 1243      72655479 
 1243      706500
 1244 0ee6 01       		.byte	0x1
 1245 0ee7 3E04     		.uahalf	0x43e
 1246 0ee9 8E0D0000 		.uaword	0xd8e
 1247 0eed 0C       		.uleb128 0xc
 1248 0eee 4F735F43 		.string	"Os_CoreConfiguration_s"
 1248      6F726543 
 1248      6F6E6669 
 1248      67757261 
GAS Infineon TriCore Little Endian C:\\Users\\user1\\AppData\\Local\\Temp\\rta_RTAOS_638388406317960277_1736001\\ccvn0tVY.s 			page 29


 1248      74696F6E 
 1249 0f05 18       		.byte	0x18
 1250 0f06 01       		.byte	0x1
 1251 0f07 4904     		.uahalf	0x449
 1252 0f09 870F0000 		.uaword	0xf87
 1253 0f0d 0D       		.uleb128 0xd
 1254 0f0e 636F6E74 		.string	"controlled"
 1254      726F6C6C 
 1254      656400
 1255 0f19 01       		.byte	0x1
 1256 0f1a 4A04     		.uahalf	0x44a
 1257 0f1c 870F0000 		.uaword	0xf87
 1258 0f20 02       		.byte	0x2
 1259 0f21 23       		.byte	0x23
 1260 0f22 00       		.uleb128 0
 1261 0f23 0D       		.uleb128 0xd
 1262 0f24 616E7900 		.string	"any"
 1263 0f28 01       		.byte	0x1
 1264 0f29 4B04     		.uahalf	0x44b
 1265 0f2b 920F0000 		.uaword	0xf92
 1266 0f2f 02       		.byte	0x2
 1267 0f30 23       		.byte	0x23
 1268 0f31 04       		.uleb128 0x4
 1269 0f32 0D       		.uleb128 0xd
 1270 0f33 73746174 		.string	"state"
 1270      6500
 1271 0f39 01       		.byte	0x1
 1272 0f3a 4C04     		.uahalf	0x44c
 1273 0f3c 9D0F0000 		.uaword	0xf9d
 1274 0f40 02       		.byte	0x2
 1275 0f41 23       		.byte	0x23
 1276 0f42 08       		.uleb128 0x8
 1277 0f43 0D       		.uleb128 0xd
 1278 0f44 64697370 		.string	"dispatch"
 1278      61746368 
 1278      00
 1279 0f4d 01       		.byte	0x1
 1280 0f4e 4D04     		.uahalf	0x44d
 1281 0f50 B9030000 		.uaword	0x3b9
 1282 0f54 02       		.byte	0x2
 1283 0f55 23       		.byte	0x23
 1284 0f56 0C       		.uleb128 0xc
 1285 0f57 0D       		.uleb128 0xd
 1286 0f58 4F735F52 		.string	"Os_Res_Scheduler"
 1286      65735F53 
 1286      63686564 
 1286      756C6572 
 1286      00
 1287 0f69 01       		.byte	0x1
 1288 0f6a 4E04     		.uahalf	0x44e
 1289 0f6c 5F0C0000 		.uaword	0xc5f
 1290 0f70 02       		.byte	0x2
 1291 0f71 23       		.byte	0x23
 1292 0f72 10       		.uleb128 0x10
 1293 0f73 0D       		.uleb128 0xd
 1294 0f74 636F7265 		.string	"core_id"
 1294      5F696400 
GAS Infineon TriCore Little Endian C:\\Users\\user1\\AppData\\Local\\Temp\\rta_RTAOS_638388406317960277_1736001\\ccvn0tVY.s 			page 30


 1295 0f7c 01       		.byte	0x1
 1296 0f7d 4F04     		.uahalf	0x44f
 1297 0f7f 73040000 		.uaword	0x473
 1298 0f83 02       		.byte	0x2
 1299 0f84 23       		.byte	0x23
 1300 0f85 14       		.uleb128 0x14
 1301 0f86 00       		.byte	0
 1302 0f87 0F       		.uleb128 0xf
 1303 0f88 8C0F0000 		.uaword	0xf8c
 1304 0f8c 08       		.uleb128 0x8
 1305 0f8d 04       		.byte	0x4
 1306 0f8e 700D0000 		.uaword	0xd70
 1307 0f92 0F       		.uleb128 0xf
 1308 0f93 970F0000 		.uaword	0xf97
 1309 0f97 08       		.uleb128 0x8
 1310 0f98 04       		.byte	0x4
 1311 0f99 D60E0000 		.uaword	0xed6
 1312 0f9d 0F       		.uleb128 0xf
 1313 0f9e A20F0000 		.uaword	0xfa2
 1314 0fa2 08       		.uleb128 0x8
 1315 0fa3 04       		.byte	0x4
 1316 0fa4 A80F0000 		.uaword	0xfa8
 1317 0fa8 0B       		.uleb128 0xb
 1318 0fa9 0B040000 		.uaword	0x40b
 1319 0fad 0A       		.uleb128 0xa
 1320 0fae 4F735F43 		.string	"Os_CoreConfiguration"
 1320      6F726543 
 1320      6F6E6669 
 1320      67757261 
 1320      74696F6E 
 1321 0fc3 01       		.byte	0x1
 1322 0fc4 5004     		.uahalf	0x450
 1323 0fc6 ED0E0000 		.uaword	0xeed
 1324 0fca 14       		.uleb128 0x14
 1325 0fcb 01       		.byte	0x1
 1326 0fcc 4F735F47 		.string	"Os_GetCurrentApplicationID"
 1326      65744375 
 1326      7272656E 
 1326      74417070 
 1326      6C696361 
 1327 0fe7 01       		.byte	0x1
 1328 0fe8 5605     		.uahalf	0x556
 1329 0fea 01       		.byte	0x1
 1330 0feb E0030000 		.uaword	0x3e0
 1331 0fef 00000000 		.uaword	.LFB0
 1332 0ff3 00000000 		.uaword	.LFE0
 1333 0ff7 02       		.byte	0x2
 1334 0ff8 8A       		.byte	0x8a
 1335 0ff9 00       		.sleb128 0
 1336 0ffa 01       		.byte	0x1
 1337 0ffb C2100000 		.uaword	0x10c2
 1338 0fff 15       		.uleb128 0x15
 1339 1000 72657400 		.string	"ret"
 1340 1004 01       		.byte	0x1
 1341 1005 5705     		.uahalf	0x557
 1342 1007 E0030000 		.uaword	0x3e0
 1343 100b 00000000 		.uaword	.LLST0
GAS Infineon TriCore Little Endian C:\\Users\\user1\\AppData\\Local\\Temp\\rta_RTAOS_638388406317960277_1736001\\ccvn0tVY.s 			page 31


 1344 100f 16       		.uleb128 0x16
 1345 1010 6F735F63 		.string	"os_current_core_const"
 1345      75727265 
 1345      6E745F63 
 1345      6F72655F 
 1345      636F6E73 
 1346 1026 01       		.byte	0x1
 1347 1027 5805     		.uahalf	0x558
 1348 1029 C2100000 		.uaword	0x10c2
 1349 102d 15       		.uleb128 0x15
 1350 102e 6F735F63 		.string	"os_current_controlled_core"
 1350      75727265 
 1350      6E745F63 
 1350      6F6E7472 
 1350      6F6C6C65 
 1351 1049 01       		.byte	0x1
 1352 104a 5905     		.uahalf	0x559
 1353 104c 8C0F0000 		.uaword	0xf8c
 1354 1050 00000000 		.uaword	.LLST1
 1355 1054 17       		.uleb128 0x17
 1356 1055 6F735F63 		.string	"os_current_core"
 1356      75727265 
 1356      6E745F63 
 1356      6F726500 
 1357 1065 01       		.byte	0x1
 1358 1066 5A05     		.uahalf	0x55a
 1359 1068 970F0000 		.uaword	0xf97
 1360 106c 01       		.byte	0x1
 1361 106d 62       		.byte	0x62
 1362 106e 15       		.uleb128 0x15
 1363 106f 70726576 		.string	"previous_tmask"
 1363      696F7573 
 1363      5F746D61 
 1363      736B00
 1364 107e 01       		.byte	0x1
 1365 107f 5B05     		.uahalf	0x55b
 1366 1081 F7030000 		.uaword	0x3f7
 1367 1085 00000000 		.uaword	.LLST2
 1368 1089 18       		.uleb128 0x18
 1369 108a 00000000 		.uaword	.LBB2
 1370 108e 00000000 		.uaword	.LBE2
 1371 1092 A7100000 		.uaword	0x10a7
 1372 1096 15       		.uleb128 0x15
 1373 1097 72657300 		.string	"res"
 1374 109b 01       		.byte	0x1
 1375 109c 5805     		.uahalf	0x558
 1376 109e D7010000 		.uaword	0x1d7
 1377 10a2 00000000 		.uaword	.LLST3
 1378 10a6 00       		.byte	0
 1379 10a7 19       		.uleb128 0x19
 1380 10a8 00000000 		.uaword	.LBB3
 1381 10ac 00000000 		.uaword	.LBE3
 1382 10b0 15       		.uleb128 0x15
 1383 10b1 72657300 		.string	"res"
 1384 10b5 01       		.byte	0x1
 1385 10b6 5B05     		.uahalf	0x55b
 1386 10b8 D7010000 		.uaword	0x1d7
GAS Infineon TriCore Little Endian C:\\Users\\user1\\AppData\\Local\\Temp\\rta_RTAOS_638388406317960277_1736001\\ccvn0tVY.s 			page 32


 1387 10bc 00000000 		.uaword	.LLST2
 1388 10c0 00       		.byte	0
 1389 10c1 00       		.byte	0
 1390 10c2 08       		.uleb128 0x8
 1391 10c3 04       		.byte	0x4
 1392 10c4 C8100000 		.uaword	0x10c8
 1393 10c8 0F       		.uleb128 0xf
 1394 10c9 AD0F0000 		.uaword	0xfad
 1395 10cd 06       		.uleb128 0x6
 1396 10ce AD0F0000 		.uaword	0xfad
 1397 10d2 D8100000 		.uaword	0x10d8
 1398 10d6 1A       		.uleb128 0x1a
 1399 10d7 00       		.byte	0
 1400 10d8 1B       		.uleb128 0x1b
 1401 10d9 4F735F63 		.string	"Os_const_coreconfiguration"
 1401      6F6E7374 
 1401      5F636F72 
 1401      65636F6E 
 1401      66696775 
 1402 10f4 01       		.byte	0x1
 1403 10f5 6A04     		.uahalf	0x46a
 1404 10f7 FD100000 		.uaword	0x10fd
 1405 10fb 01       		.byte	0x1
 1406 10fc 01       		.byte	0x1
 1407 10fd 0F       		.uleb128 0xf
 1408 10fe CD100000 		.uaword	0x10cd
 1409 1102 00       		.byte	0
 1410              	.section .debug_abbrev,"",@progbits
 1411              	.Ldebug_abbrev0:
 1412 0000 01       		.uleb128 0x1
 1413 0001 11       		.uleb128 0x11
 1414 0002 01       		.byte	0x1
 1415 0003 25       		.uleb128 0x25
 1416 0004 08       		.uleb128 0x8
 1417 0005 13       		.uleb128 0x13
 1418 0006 0B       		.uleb128 0xb
 1419 0007 03       		.uleb128 0x3
 1420 0008 08       		.uleb128 0x8
 1421 0009 55       		.uleb128 0x55
 1422 000a 06       		.uleb128 0x6
 1423 000b 11       		.uleb128 0x11
 1424 000c 01       		.uleb128 0x1
 1425 000d 52       		.uleb128 0x52
 1426 000e 01       		.uleb128 0x1
 1427 000f 10       		.uleb128 0x10
 1428 0010 06       		.uleb128 0x6
 1429 0011 00       		.byte	0
 1430 0012 00       		.byte	0
 1431 0013 02       		.uleb128 0x2
 1432 0014 16       		.uleb128 0x16
 1433 0015 00       		.byte	0
 1434 0016 03       		.uleb128 0x3
 1435 0017 08       		.uleb128 0x8
 1436 0018 3A       		.uleb128 0x3a
 1437 0019 0B       		.uleb128 0xb
 1438 001a 3B       		.uleb128 0x3b
 1439 001b 0B       		.uleb128 0xb
GAS Infineon TriCore Little Endian C:\\Users\\user1\\AppData\\Local\\Temp\\rta_RTAOS_638388406317960277_1736001\\ccvn0tVY.s 			page 33


 1440 001c 49       		.uleb128 0x49
 1441 001d 13       		.uleb128 0x13
 1442 001e 00       		.byte	0
 1443 001f 00       		.byte	0
 1444 0020 03       		.uleb128 0x3
 1445 0021 24       		.uleb128 0x24
 1446 0022 00       		.byte	0
 1447 0023 0B       		.uleb128 0xb
 1448 0024 0B       		.uleb128 0xb
 1449 0025 3E       		.uleb128 0x3e
 1450 0026 0B       		.uleb128 0xb
 1451 0027 03       		.uleb128 0x3
 1452 0028 08       		.uleb128 0x8
 1453 0029 00       		.byte	0
 1454 002a 00       		.byte	0
 1455 002b 04       		.uleb128 0x4
 1456 002c 13       		.uleb128 0x13
 1457 002d 01       		.byte	0x1
 1458 002e 0B       		.uleb128 0xb
 1459 002f 0B       		.uleb128 0xb
 1460 0030 3A       		.uleb128 0x3a
 1461 0031 0B       		.uleb128 0xb
 1462 0032 3B       		.uleb128 0x3b
 1463 0033 0B       		.uleb128 0xb
 1464 0034 01       		.uleb128 0x1
 1465 0035 13       		.uleb128 0x13
 1466 0036 00       		.byte	0
 1467 0037 00       		.byte	0
 1468 0038 05       		.uleb128 0x5
 1469 0039 0D       		.uleb128 0xd
 1470 003a 00       		.byte	0
 1471 003b 03       		.uleb128 0x3
 1472 003c 08       		.uleb128 0x8
 1473 003d 3A       		.uleb128 0x3a
 1474 003e 0B       		.uleb128 0xb
 1475 003f 3B       		.uleb128 0x3b
 1476 0040 0B       		.uleb128 0xb
 1477 0041 49       		.uleb128 0x49
 1478 0042 13       		.uleb128 0x13
 1479 0043 38       		.uleb128 0x38
 1480 0044 0A       		.uleb128 0xa
 1481 0045 00       		.byte	0
 1482 0046 00       		.byte	0
 1483 0047 06       		.uleb128 0x6
 1484 0048 01       		.uleb128 0x1
 1485 0049 01       		.byte	0x1
 1486 004a 49       		.uleb128 0x49
 1487 004b 13       		.uleb128 0x13
 1488 004c 01       		.uleb128 0x1
 1489 004d 13       		.uleb128 0x13
 1490 004e 00       		.byte	0
 1491 004f 00       		.byte	0
 1492 0050 07       		.uleb128 0x7
 1493 0051 21       		.uleb128 0x21
 1494 0052 00       		.byte	0
 1495 0053 49       		.uleb128 0x49
 1496 0054 13       		.uleb128 0x13
GAS Infineon TriCore Little Endian C:\\Users\\user1\\AppData\\Local\\Temp\\rta_RTAOS_638388406317960277_1736001\\ccvn0tVY.s 			page 34


 1497 0055 2F       		.uleb128 0x2f
 1498 0056 0B       		.uleb128 0xb
 1499 0057 00       		.byte	0
 1500 0058 00       		.byte	0
 1501 0059 08       		.uleb128 0x8
 1502 005a 0F       		.uleb128 0xf
 1503 005b 00       		.byte	0
 1504 005c 0B       		.uleb128 0xb
 1505 005d 0B       		.uleb128 0xb
 1506 005e 49       		.uleb128 0x49
 1507 005f 13       		.uleb128 0x13
 1508 0060 00       		.byte	0
 1509 0061 00       		.byte	0
 1510 0062 09       		.uleb128 0x9
 1511 0063 15       		.uleb128 0x15
 1512 0064 00       		.byte	0
 1513 0065 27       		.uleb128 0x27
 1514 0066 0C       		.uleb128 0xc
 1515 0067 00       		.byte	0
 1516 0068 00       		.byte	0
 1517 0069 0A       		.uleb128 0xa
 1518 006a 16       		.uleb128 0x16
 1519 006b 00       		.byte	0
 1520 006c 03       		.uleb128 0x3
 1521 006d 08       		.uleb128 0x8
 1522 006e 3A       		.uleb128 0x3a
 1523 006f 0B       		.uleb128 0xb
 1524 0070 3B       		.uleb128 0x3b
 1525 0071 05       		.uleb128 0x5
 1526 0072 49       		.uleb128 0x49
 1527 0073 13       		.uleb128 0x13
 1528 0074 00       		.byte	0
 1529 0075 00       		.byte	0
 1530 0076 0B       		.uleb128 0xb
 1531 0077 35       		.uleb128 0x35
 1532 0078 00       		.byte	0
 1533 0079 49       		.uleb128 0x49
 1534 007a 13       		.uleb128 0x13
 1535 007b 00       		.byte	0
 1536 007c 00       		.byte	0
 1537 007d 0C       		.uleb128 0xc
 1538 007e 13       		.uleb128 0x13
 1539 007f 01       		.byte	0x1
 1540 0080 03       		.uleb128 0x3
 1541 0081 08       		.uleb128 0x8
 1542 0082 0B       		.uleb128 0xb
 1543 0083 0B       		.uleb128 0xb
 1544 0084 3A       		.uleb128 0x3a
 1545 0085 0B       		.uleb128 0xb
 1546 0086 3B       		.uleb128 0x3b
 1547 0087 05       		.uleb128 0x5
 1548 0088 01       		.uleb128 0x1
 1549 0089 13       		.uleb128 0x13
 1550 008a 00       		.byte	0
 1551 008b 00       		.byte	0
 1552 008c 0D       		.uleb128 0xd
 1553 008d 0D       		.uleb128 0xd
GAS Infineon TriCore Little Endian C:\\Users\\user1\\AppData\\Local\\Temp\\rta_RTAOS_638388406317960277_1736001\\ccvn0tVY.s 			page 35


 1554 008e 00       		.byte	0
 1555 008f 03       		.uleb128 0x3
 1556 0090 08       		.uleb128 0x8
 1557 0091 3A       		.uleb128 0x3a
 1558 0092 0B       		.uleb128 0xb
 1559 0093 3B       		.uleb128 0x3b
 1560 0094 05       		.uleb128 0x5
 1561 0095 49       		.uleb128 0x49
 1562 0096 13       		.uleb128 0x13
 1563 0097 38       		.uleb128 0x38
 1564 0098 0A       		.uleb128 0xa
 1565 0099 00       		.byte	0
 1566 009a 00       		.byte	0
 1567 009b 0E       		.uleb128 0xe
 1568 009c 0D       		.uleb128 0xd
 1569 009d 00       		.byte	0
 1570 009e 03       		.uleb128 0x3
 1571 009f 0E       		.uleb128 0xe
 1572 00a0 3A       		.uleb128 0x3a
 1573 00a1 0B       		.uleb128 0xb
 1574 00a2 3B       		.uleb128 0x3b
 1575 00a3 05       		.uleb128 0x5
 1576 00a4 49       		.uleb128 0x49
 1577 00a5 13       		.uleb128 0x13
 1578 00a6 38       		.uleb128 0x38
 1579 00a7 0A       		.uleb128 0xa
 1580 00a8 00       		.byte	0
 1581 00a9 00       		.byte	0
 1582 00aa 0F       		.uleb128 0xf
 1583 00ab 26       		.uleb128 0x26
 1584 00ac 00       		.byte	0
 1585 00ad 49       		.uleb128 0x49
 1586 00ae 13       		.uleb128 0x13
 1587 00af 00       		.byte	0
 1588 00b0 00       		.byte	0
 1589 00b1 10       		.uleb128 0x10
 1590 00b2 17       		.uleb128 0x17
 1591 00b3 01       		.byte	0x1
 1592 00b4 0B       		.uleb128 0xb
 1593 00b5 0B       		.uleb128 0xb
 1594 00b6 3A       		.uleb128 0x3a
 1595 00b7 0B       		.uleb128 0xb
 1596 00b8 3B       		.uleb128 0x3b
 1597 00b9 05       		.uleb128 0x5
 1598 00ba 01       		.uleb128 0x1
 1599 00bb 13       		.uleb128 0x13
 1600 00bc 00       		.byte	0
 1601 00bd 00       		.byte	0
 1602 00be 11       		.uleb128 0x11
 1603 00bf 0D       		.uleb128 0xd
 1604 00c0 00       		.byte	0
 1605 00c1 03       		.uleb128 0x3
 1606 00c2 08       		.uleb128 0x8
 1607 00c3 3A       		.uleb128 0x3a
 1608 00c4 0B       		.uleb128 0xb
 1609 00c5 3B       		.uleb128 0x3b
 1610 00c6 05       		.uleb128 0x5
GAS Infineon TriCore Little Endian C:\\Users\\user1\\AppData\\Local\\Temp\\rta_RTAOS_638388406317960277_1736001\\ccvn0tVY.s 			page 36


 1611 00c7 49       		.uleb128 0x49
 1612 00c8 13       		.uleb128 0x13
 1613 00c9 00       		.byte	0
 1614 00ca 00       		.byte	0
 1615 00cb 12       		.uleb128 0x12
 1616 00cc 0D       		.uleb128 0xd
 1617 00cd 00       		.byte	0
 1618 00ce 03       		.uleb128 0x3
 1619 00cf 0E       		.uleb128 0xe
 1620 00d0 3A       		.uleb128 0x3a
 1621 00d1 0B       		.uleb128 0xb
 1622 00d2 3B       		.uleb128 0x3b
 1623 00d3 05       		.uleb128 0x5
 1624 00d4 49       		.uleb128 0x49
 1625 00d5 13       		.uleb128 0x13
 1626 00d6 00       		.byte	0
 1627 00d7 00       		.byte	0
 1628 00d8 13       		.uleb128 0x13
 1629 00d9 13       		.uleb128 0x13
 1630 00da 01       		.byte	0x1
 1631 00db 0B       		.uleb128 0xb
 1632 00dc 0B       		.uleb128 0xb
 1633 00dd 3A       		.uleb128 0x3a
 1634 00de 0B       		.uleb128 0xb
 1635 00df 3B       		.uleb128 0x3b
 1636 00e0 05       		.uleb128 0x5
 1637 00e1 01       		.uleb128 0x1
 1638 00e2 13       		.uleb128 0x13
 1639 00e3 00       		.byte	0
 1640 00e4 00       		.byte	0
 1641 00e5 14       		.uleb128 0x14
 1642 00e6 2E       		.uleb128 0x2e
 1643 00e7 01       		.byte	0x1
 1644 00e8 3F       		.uleb128 0x3f
 1645 00e9 0C       		.uleb128 0xc
 1646 00ea 03       		.uleb128 0x3
 1647 00eb 08       		.uleb128 0x8
 1648 00ec 3A       		.uleb128 0x3a
 1649 00ed 0B       		.uleb128 0xb
 1650 00ee 3B       		.uleb128 0x3b
 1651 00ef 05       		.uleb128 0x5
 1652 00f0 27       		.uleb128 0x27
 1653 00f1 0C       		.uleb128 0xc
 1654 00f2 49       		.uleb128 0x49
 1655 00f3 13       		.uleb128 0x13
 1656 00f4 11       		.uleb128 0x11
 1657 00f5 01       		.uleb128 0x1
 1658 00f6 12       		.uleb128 0x12
 1659 00f7 01       		.uleb128 0x1
 1660 00f8 40       		.uleb128 0x40
 1661 00f9 0A       		.uleb128 0xa
 1662 00fa 9742     		.uleb128 0x2117
 1663 00fc 0C       		.uleb128 0xc
 1664 00fd 01       		.uleb128 0x1
 1665 00fe 13       		.uleb128 0x13
 1666 00ff 00       		.byte	0
 1667 0100 00       		.byte	0
GAS Infineon TriCore Little Endian C:\\Users\\user1\\AppData\\Local\\Temp\\rta_RTAOS_638388406317960277_1736001\\ccvn0tVY.s 			page 37


 1668 0101 15       		.uleb128 0x15
 1669 0102 34       		.uleb128 0x34
 1670 0103 00       		.byte	0
 1671 0104 03       		.uleb128 0x3
 1672 0105 08       		.uleb128 0x8
 1673 0106 3A       		.uleb128 0x3a
 1674 0107 0B       		.uleb128 0xb
 1675 0108 3B       		.uleb128 0x3b
 1676 0109 05       		.uleb128 0x5
 1677 010a 49       		.uleb128 0x49
 1678 010b 13       		.uleb128 0x13
 1679 010c 02       		.uleb128 0x2
 1680 010d 06       		.uleb128 0x6
 1681 010e 00       		.byte	0
 1682 010f 00       		.byte	0
 1683 0110 16       		.uleb128 0x16
 1684 0111 34       		.uleb128 0x34
 1685 0112 00       		.byte	0
 1686 0113 03       		.uleb128 0x3
 1687 0114 08       		.uleb128 0x8
 1688 0115 3A       		.uleb128 0x3a
 1689 0116 0B       		.uleb128 0xb
 1690 0117 3B       		.uleb128 0x3b
 1691 0118 05       		.uleb128 0x5
 1692 0119 49       		.uleb128 0x49
 1693 011a 13       		.uleb128 0x13
 1694 011b 00       		.byte	0
 1695 011c 00       		.byte	0
 1696 011d 17       		.uleb128 0x17
 1697 011e 34       		.uleb128 0x34
 1698 011f 00       		.byte	0
 1699 0120 03       		.uleb128 0x3
 1700 0121 08       		.uleb128 0x8
 1701 0122 3A       		.uleb128 0x3a
 1702 0123 0B       		.uleb128 0xb
 1703 0124 3B       		.uleb128 0x3b
 1704 0125 05       		.uleb128 0x5
 1705 0126 49       		.uleb128 0x49
 1706 0127 13       		.uleb128 0x13
 1707 0128 02       		.uleb128 0x2
 1708 0129 0A       		.uleb128 0xa
 1709 012a 00       		.byte	0
 1710 012b 00       		.byte	0
 1711 012c 18       		.uleb128 0x18
 1712 012d 0B       		.uleb128 0xb
 1713 012e 01       		.byte	0x1
 1714 012f 11       		.uleb128 0x11
 1715 0130 01       		.uleb128 0x1
 1716 0131 12       		.uleb128 0x12
 1717 0132 01       		.uleb128 0x1
 1718 0133 01       		.uleb128 0x1
 1719 0134 13       		.uleb128 0x13
 1720 0135 00       		.byte	0
 1721 0136 00       		.byte	0
 1722 0137 19       		.uleb128 0x19
 1723 0138 0B       		.uleb128 0xb
 1724 0139 01       		.byte	0x1
GAS Infineon TriCore Little Endian C:\\Users\\user1\\AppData\\Local\\Temp\\rta_RTAOS_638388406317960277_1736001\\ccvn0tVY.s 			page 38


 1725 013a 11       		.uleb128 0x11
 1726 013b 01       		.uleb128 0x1
 1727 013c 12       		.uleb128 0x12
 1728 013d 01       		.uleb128 0x1
 1729 013e 00       		.byte	0
 1730 013f 00       		.byte	0
 1731 0140 1A       		.uleb128 0x1a
 1732 0141 21       		.uleb128 0x21
 1733 0142 00       		.byte	0
 1734 0143 00       		.byte	0
 1735 0144 00       		.byte	0
 1736 0145 1B       		.uleb128 0x1b
 1737 0146 34       		.uleb128 0x34
 1738 0147 00       		.byte	0
 1739 0148 03       		.uleb128 0x3
 1740 0149 08       		.uleb128 0x8
 1741 014a 3A       		.uleb128 0x3a
 1742 014b 0B       		.uleb128 0xb
 1743 014c 3B       		.uleb128 0x3b
 1744 014d 05       		.uleb128 0x5
 1745 014e 49       		.uleb128 0x49
 1746 014f 13       		.uleb128 0x13
 1747 0150 3F       		.uleb128 0x3f
 1748 0151 0C       		.uleb128 0xc
 1749 0152 3C       		.uleb128 0x3c
 1750 0153 0C       		.uleb128 0xc
 1751 0154 00       		.byte	0
 1752 0155 00       		.byte	0
 1753 0156 00       		.byte	0
 1754              	.section .debug_loc,"",@progbits
 1755              	.Ldebug_loc0:
 1756              	.LLST0:
 1757 0000 00000000 		.uaword	.LVL6
 1758 0004 00000000 		.uaword	.LVL7
 1759 0008 0100     		.uahalf	0x1
 1760 000a 52       		.byte	0x52
 1761 000b 00000000 		.uaword	.LVL8
 1762 000f 00000000 		.uaword	.LVL9
 1763 0013 0100     		.uahalf	0x1
 1764 0015 52       		.byte	0x52
 1765 0016 00000000 		.uaword	0
 1766 001a 00000000 		.uaword	0
 1767              	.LLST1:
 1768 001e 00000000 		.uaword	.LVL1
 1769 0022 00000000 		.uaword	.LVL5
 1770 0026 0100     		.uahalf	0x1
 1771 0028 6F       		.byte	0x6f
 1772 0029 00000000 		.uaword	.LVL5
 1773 002d 00000000 		.uaword	.LVL7
 1774 0031 0200     		.uahalf	0x2
 1775 0033 73       		.byte	0x73
 1776 0034 00       		.sleb128 0
 1777 0035 00000000 		.uaword	.LVL7
 1778 0039 00000000 		.uaword	.LVL10
 1779 003d 0100     		.uahalf	0x1
 1780 003f 6F       		.byte	0x6f
 1781 0040 00000000 		.uaword	.LVL10
GAS Infineon TriCore Little Endian C:\\Users\\user1\\AppData\\Local\\Temp\\rta_RTAOS_638388406317960277_1736001\\ccvn0tVY.s 			page 39


 1782 0044 00000000 		.uaword	.LFE0
 1783 0048 0200     		.uahalf	0x2
 1784 004a 73       		.byte	0x73
 1785 004b 00       		.sleb128 0
 1786 004c 00000000 		.uaword	0
 1787 0050 00000000 		.uaword	0
 1788              	.LLST2:
 1789 0054 00000000 		.uaword	.LVL3
 1790 0058 00000000 		.uaword	.LVL4
 1791 005c 0100     		.uahalf	0x1
 1792 005e 5F       		.byte	0x5f
 1793 005f 00000000 		.uaword	0
 1794 0063 00000000 		.uaword	0
 1795              	.LLST3:
 1796 0067 00000000 		.uaword	.LVL0
 1797 006b 00000000 		.uaword	.LVL3
 1798 006f 0100     		.uahalf	0x1
 1799 0071 5F       		.byte	0x5f
 1800 0072 00000000 		.uaword	0
 1801 0076 00000000 		.uaword	0
 1802              	.section .debug_aranges,"",@progbits
 1803 0000 1C000000 		.uaword	0x1c
 1804 0004 0200     		.uahalf	0x2
 1805 0006 00000000 		.uaword	.Ldebug_info0
 1806 000a 04       		.byte	0x4
 1807 000b 00       		.byte	0
 1808 000c 0000     		.uahalf	0
 1809 000e 0000     		.uahalf	0
 1810 0010 00000000 		.uaword	.LFB0
 1811 0014 5C000000 		.uaword	.LFE0-.LFB0
 1812 0018 00000000 		.uaword	0
 1813 001c 00000000 		.uaword	0
 1814              	.section .debug_ranges,"",@progbits
 1815              	.Ldebug_ranges0:
 1816 0000 00000000 		.uaword	.LFB0
 1817 0004 00000000 		.uaword	.LFE0
 1818 0008 00000000 		.uaword	0
 1819 000c 00000000 		.uaword	0
 1820              	.section .debug_line,"",@progbits
 1821              	.Ldebug_line0:
 1822 0000 76010000 	.section .debug_str,"",@progbits
 1822      02001D01 
 1822      00000201 
 1822      FB0E0D00 
 1822      01010101 
 1823              	.LASF4:
 1824 0000 6170706C 		.string	"application"
 1824      69636174 
 1824      696F6E00 
 1825              	.LASF2:
 1826 000c 64796E61 		.string	"dynamic"
 1826      6D696300 
 1827              	.LASF5:
 1828 0014 61637469 		.string	"activation_count"
 1828      76617469 
 1828      6F6E5F63 
 1828      6F756E74 
GAS Infineon TriCore Little Endian C:\\Users\\user1\\AppData\\Local\\Temp\\rta_RTAOS_638388406317960277_1736001\\ccvn0tVY.s 			page 40


 1828      00
 1829              	.LASF6:
 1830 0025 74706D61 		.string	"tpmask"
 1830      736B00
 1831              	.LASF1:
 1832 002c 656E7472 		.string	"entry_function"
 1832      795F6675 
 1832      6E637469 
 1832      6F6E00
 1833              	.LASF3:
 1834 003b 61636365 		.string	"access"
 1834      737300
 1835              	.LASF0:
 1836 0042 7265736F 		.string	"resource_count"
 1836      75726365 
 1836      5F636F75 
 1836      6E7400
 1837              		.extern	Os_const_coreconfiguration,STT_OBJECT,-1
 1838              		.ident	"GCC: (HighTec Release HDP-v4.9.4.1-11fcedf) 4.9.4 build on 2020-09-01"
