GAS Infineon TriCore Little Endian C:\\Users\\user1\\AppData\\Local\\Temp\\rta_RTAOS_638388406317960277_1736001\\ccqwgO6a.s 			page 1


   1              		.file	"GetExecutionTime.c"
   2              	.section .text,"ax",@progbits
   3              	.Ltext0:
   4              	.section .text.Os_GetExecutionTime,"ax",@progbits
   5              		.align 1
   6              		.global	Os_GetExecutionTime
   7              		.type	Os_GetExecutionTime, @function
   8              	Os_GetExecutionTime:
   9              	.LFB0:
  10              		.file 1 "C:\\Users\\user1\\AppData\\Local\\Temp\\rta_RTAOS_638388406317960277_1736001\\GetExecutio
  11              		.loc 1 1366 0
  12              	.LBB2:
  13              		.loc 1 1369 0
  14              	#APP
  15              		# 1369 "C:\Users\user1\AppData\Local\Temp\rta_RTAOS_638388406317960277_1736001\GetExecutionTime.c"
  16 0000 4DC0E1FF 		mfcr %d15,0xfe1c
  17              		# 0 "" 2
  18              	.LVL0:
  19              	#NO_APP
  20              	.LBE2:
  21              		.loc 1 1370 0
  22 0004 91000020 		movh.a	%a2, hi:Os_const_coreconfiguration
  23 0008 8023     		mov.d	%d3, %a2
  24 000a 1B030020 		addi	%d2, %d3, lo:Os_const_coreconfiguration
  25 000e 138F2132 		madd	%d3, %d2, %d15, 24
  26 0012 6032     		mov.a	%a2, %d3
  27 0014 CC20     		ld.a	%a15, [%a2]0
  28              	.LVL1:
  29              		.loc 1 1371 0
  30 0016 992C0400 		ld.a	%a12, [%a2] 4
  31              	.LVL2:
  32              	.LBB3:
  33              		.loc 1 1372 0
  34              	#APP
  35              		# 1372 "C:\Users\user1\AppData\Local\Temp\rta_RTAOS_638388406317960277_1736001\GetExecutionTime.c"
  36 001a 4D40E0FF 		mfcr %d15,0xfe04
  37              		# 0 "" 2
  38              	.LVL3:
  39              	#NO_APP
  40              	.LBE3:
  41              		.loc 1 1373 0
  42 001e AEB3     		jnz.t	%d15, 11, .L2
  43              		.loc 1 1373 0 is_stmt 0 discriminator 1
  44              	#APP
  45              		# 1373 "C:\Users\user1\AppData\Local\Temp\rta_RTAOS_638388406317960277_1736001\GetExecutionTime.c"
  46 0020 AD008000 		syscall 0
  47              		# 0 "" 2
  48              	#NO_APP
  49              	.L2:
  50              	.LBB4:
  51              		.loc 1 1374 0 is_stmt 1
  52              	#APP
  53              		# 1374 "C:\Users\user1\AppData\Local\Temp\rta_RTAOS_638388406317960277_1736001\GetExecutionTime.c"
  54 0024 4DC0E2FF 		mfcr %d15,0xFE2C
  55              		# 0 "" 2
  56              	.LVL4:
  57              	#NO_APP
GAS Infineon TriCore Little Endian C:\\Users\\user1\\AppData\\Local\\Temp\\rta_RTAOS_638388406317960277_1736001\\ccqwgO6a.s 			page 2


  58              	.LBE4:
  59              	#APP
  60              		# 1374 "C:\Users\user1\AppData\Local\Temp\rta_RTAOS_638388406317960277_1736001\GetExecutionTime.c"
  61 0028 0D004003 		disable
  62              		# 0 "" 2
  63              	.LVL5:
  64              	#NO_APP
  65              	.LBB5:
  66 002c BBF00F28 		mov.u	%d2, 33023
  67              	#APP
  68              		# 1374 "C:\Users\user1\AppData\Local\Temp\rta_RTAOS_638388406317960277_1736001\GetExecutionTime.c"
  69 0030 CDC2E20F 		mtcr 0xFE2C,%d2
  70              		# 0 "" 2
  71              	#NO_APP
  72              	.LBE5:
  73              	#APP
  74              		# 1374 "C:\Users\user1\AppData\Local\Temp\rta_RTAOS_638388406317960277_1736001\GetExecutionTime.c"
  75 0034 0D00C004 		isync
  76              		# 0 "" 2
  77              		.loc 1 1375 0
  78              	#NO_APP
  79 0038 3B300420 		mov	%d2, 67
  80 003c E9C21800 		st.b	[%a12] 24, %d2
  81              		.loc 1 1377 0
  82 0040 C8E2     		ld.a	%a2, [%a15] 56
  83 0042 5428     		ld.w	%d8, [%a2]0
****  Notice:Optimizing ld.w-d@w -> ld.w-d@
  84 0044 6D000000 		call	Os_Cbk_GetStopwatch
****  Notice:Expanding call-R -> call-O
  85              	.LVL6:
  86 0048 C8EF     		ld.a	%a15, [%a15] 56
  87              	.LVL7:
  88 004a 4813     		ld.w	%d3, [%a15] 4
  89 004c 0B388030 		sub	%d3, %d8, %d3
  90 0050 4232     		add	%d2, %d3
  91              	.LVL8:
  92              	.LBB6:
  93              		.loc 1 1378 0
  94              	#APP
  95              		# 1378 "C:\Users\user1\AppData\Local\Temp\rta_RTAOS_638388406317960277_1736001\GetExecutionTime.c"
  96 0052 CDCFE20F 		mtcr 0xFE2C,%d15
  97              		# 0 "" 2
  98              	#NO_APP
  99              	.LBE6:
 100              	#APP
 101              		# 1378 "C:\Users\user1\AppData\Local\Temp\rta_RTAOS_638388406317960277_1736001\GetExecutionTime.c"
 102 0056 0D00C004 		isync
 103              		# 0 "" 2
 104              		.loc 1 1379 0
 105              	#NO_APP
 106 005a DA42     		mov	%d15, 66
 107              	.LVL9:
 108 005c E9CF1800 		st.b	[%a12] 24, %d15
 109              		.loc 1 1382 0
 110 0060 0090     		ret
 111              	.LFE0:
 112              		.size	Os_GetExecutionTime, .-Os_GetExecutionTime
GAS Infineon TriCore Little Endian C:\\Users\\user1\\AppData\\Local\\Temp\\rta_RTAOS_638388406317960277_1736001\\ccqwgO6a.s 			page 3


 113              	.section .debug_frame,"",@progbits
 114              	.Lframe0:
 115 0000 0C000000 		.uaword	.LECIE0-.LSCIE0
 116              	.LSCIE0:
 117 0004 FFFFFFFF 		.uaword	0xffffffff
 118 0008 01       		.byte	0x1
 119 0009 00       		.string	""
 120 000a 01       		.uleb128 0x1
 121 000b 01       		.sleb128 1
 122 000c 1B       		.byte	0x1b
 123 000d 0C       		.byte	0xc
 124 000e 1A       		.uleb128 0x1a
 125 000f 00       		.uleb128 0
 126              		.align 2
 127              	.LECIE0:
 128              	.LSFDE0:
 129 0010 0C000000 		.uaword	.LEFDE0-.LASFDE0
 130              	.LASFDE0:
 131 0014 00000000 		.uaword	.Lframe0
 132 0018 00000000 		.uaword	.LFB0
 133 001c 62000000 		.uaword	.LFE0-.LFB0
 134              		.align 2
 135              	.LEFDE0:
 136              	.section .text,"ax",@progbits
 137              	.Letext0:
 138              		.file 2 "D:\\home\\user123\\user\\Mohan6_VectorSIP\\21Dec23\\15Dec23_CAN_merge_21stDec\\25_Softwar
 139              		.file 3 "D:\\home\\user123\\user\\Mohan6_VectorSIP\\21Dec23\\15Dec23_CAN_merge_21stDec\\25_Softwar
 140              	.section .debug_info,"",@progbits
 141              	.Ldebug_info0:
 142 0000 94110000 		.uaword	0x1194
 143 0004 0200     		.uahalf	0x2
 144 0006 00000000 		.uaword	.Ldebug_abbrev0
 145 000a 04       		.byte	0x4
 146 000b 01       		.uleb128 0x1
 147 000c 474E5520 		.ascii	"GNU C 4."
 147      4320342E 
 148 0014 392E3420 		.string	"9.4 build on 2020-09-01 -mlicense-dir=c:\\hightec\\toolchains\\tricore\\v4.9.4.1\\bin\\..
 148      6275696C 
 148      64206F6E 
 148      20323032 
 148      302D3039 
 149 0115 01       		.byte	0x1
 150 0116 433A5C55 		.string	"C:\\Users\\user1\\AppData\\Local\\Temp\\rta_RTAOS_638388406317960277_1736001\\GetExecutio
 150      73657273 
 150      5C757365 
 150      72315C41 
 150      70704461 
 151 0170 00000000 		.uaword	.Ldebug_ranges0+0
 152 0174 00000000 		.uaword	0
 153 0178 00000000 		.uaword	0
 154 017c 00000000 		.uaword	.Ldebug_line0
 155 0180 02       		.uleb128 0x2
 156 0181 75696E74 		.string	"uint8"
 156      3800
 157 0187 02       		.byte	0x2
 158 0188 34       		.byte	0x34
 159 0189 8D010000 		.uaword	0x18d
GAS Infineon TriCore Little Endian C:\\Users\\user1\\AppData\\Local\\Temp\\rta_RTAOS_638388406317960277_1736001\\ccqwgO6a.s 			page 4


 160 018d 03       		.uleb128 0x3
 161 018e 01       		.byte	0x1
 162 018f 08       		.byte	0x8
 163 0190 756E7369 		.string	"unsigned char"
 163      676E6564 
 163      20636861 
 163      7200
 164 019e 02       		.uleb128 0x2
 165 019f 75696E74 		.string	"uint16"
 165      313600
 166 01a6 02       		.byte	0x2
 167 01a7 35       		.byte	0x35
 168 01a8 AC010000 		.uaword	0x1ac
 169 01ac 03       		.uleb128 0x3
 170 01ad 02       		.byte	0x2
 171 01ae 07       		.byte	0x7
 172 01af 73686F72 		.string	"short unsigned int"
 172      7420756E 
 172      7369676E 
 172      65642069 
 172      6E7400
 173 01c2 02       		.uleb128 0x2
 174 01c3 75696E74 		.string	"uint32"
 174      333200
 175 01ca 02       		.byte	0x2
 176 01cb 36       		.byte	0x36
 177 01cc D0010000 		.uaword	0x1d0
 178 01d0 03       		.uleb128 0x3
 179 01d1 04       		.byte	0x4
 180 01d2 07       		.byte	0x7
 181 01d3 756E7369 		.string	"unsigned int"
 181      676E6564 
 181      20696E74 
 181      00
 182 01e0 03       		.uleb128 0x3
 183 01e1 01       		.byte	0x1
 184 01e2 06       		.byte	0x6
 185 01e3 7369676E 		.string	"signed char"
 185      65642063 
 185      68617200 
 186 01ef 03       		.uleb128 0x3
 187 01f0 02       		.byte	0x2
 188 01f1 05       		.byte	0x5
 189 01f2 73686F72 		.string	"short int"
 189      7420696E 
 189      7400
 190 01fc 03       		.uleb128 0x3
 191 01fd 04       		.byte	0x4
 192 01fe 05       		.byte	0x5
 193 01ff 696E7400 		.string	"int"
 194 0203 03       		.uleb128 0x3
 195 0204 04       		.byte	0x4
 196 0205 04       		.byte	0x4
 197 0206 666C6F61 		.string	"float"
 197      7400
 198 020c 03       		.uleb128 0x3
 199 020d 08       		.byte	0x8
GAS Infineon TriCore Little Endian C:\\Users\\user1\\AppData\\Local\\Temp\\rta_RTAOS_638388406317960277_1736001\\ccqwgO6a.s 			page 5


 200 020e 04       		.byte	0x4
 201 020f 646F7562 		.string	"double"
 201      6C6500
 202 0216 03       		.uleb128 0x3
 203 0217 08       		.byte	0x8
 204 0218 05       		.byte	0x5
 205 0219 6C6F6E67 		.string	"long long int"
 205      206C6F6E 
 205      6720696E 
 205      7400
 206 0227 03       		.uleb128 0x3
 207 0228 08       		.byte	0x8
 208 0229 07       		.byte	0x7
 209 022a 6C6F6E67 		.string	"long long unsigned int"
 209      206C6F6E 
 209      6720756E 
 209      7369676E 
 209      65642069 
 210 0241 02       		.uleb128 0x2
 211 0242 626F6F6C 		.string	"boolean"
 211      65616E00 
 212 024a 02       		.byte	0x2
 213 024b 49       		.byte	0x49
 214 024c 8D010000 		.uaword	0x18d
 215 0250 02       		.uleb128 0x2
 216 0251 53746174 		.string	"StatusType"
 216      75735479 
 216      706500
 217 025c 03       		.byte	0x3
 218 025d 28       		.byte	0x28
 219 025e 8D010000 		.uaword	0x18d
 220 0262 04       		.uleb128 0x4
 221 0263 08       		.byte	0x8
 222 0264 01       		.byte	0x1
 223 0265 7C       		.byte	0x7c
 224 0266 A1020000 		.uaword	0x2a1
 225 026a 05       		.uleb128 0x5
 226 026b 436C6173 		.string	"Class"
 226      7300
 227 0271 01       		.byte	0x1
 228 0272 7D       		.byte	0x7d
 229 0273 80010000 		.uaword	0x180
 230 0277 02       		.byte	0x2
 231 0278 23       		.byte	0x23
 232 0279 00       		.uleb128 0
 233 027a 05       		.uleb128 0x5
 234 027b 54494E00 		.string	"TIN"
 235 027f 01       		.byte	0x1
 236 0280 7E       		.byte	0x7e
 237 0281 80010000 		.uaword	0x180
 238 0285 02       		.byte	0x2
 239 0286 23       		.byte	0x23
 240 0287 01       		.uleb128 0x1
 241 0288 05       		.uleb128 0x5
 242 0289 52657475 		.string	"ReturnAddress"
 242      726E4164 
 242      64726573 
GAS Infineon TriCore Little Endian C:\\Users\\user1\\AppData\\Local\\Temp\\rta_RTAOS_638388406317960277_1736001\\ccqwgO6a.s 			page 6


 242      7300
 243 0297 01       		.byte	0x1
 244 0298 7F       		.byte	0x7f
 245 0299 C2010000 		.uaword	0x1c2
 246 029d 02       		.byte	0x2
 247 029e 23       		.byte	0x23
 248 029f 04       		.uleb128 0x4
 249 02a0 00       		.byte	0
 250 02a1 02       		.uleb128 0x2
 251 02a2 4F735472 		.string	"OsTrapInfoType"
 251      6170496E 
 251      666F5479 
 251      706500
 252 02b1 01       		.byte	0x1
 253 02b2 80       		.byte	0x80
 254 02b3 62020000 		.uaword	0x262
 255 02b7 02       		.uleb128 0x2
 256 02b8 75696E74 		.string	"uint32_aligned"
 256      33325F61 
 256      6C69676E 
 256      656400
 257 02c7 01       		.byte	0x1
 258 02c8 86       		.byte	0x86
 259 02c9 C2010000 		.uaword	0x1c2
 260 02cd 04       		.uleb128 0x4
 261 02ce 44       		.byte	0x44
 262 02cf 01       		.byte	0x1
 263 02d0 AB       		.byte	0xab
 264 02d1 E6020000 		.uaword	0x2e6
 265 02d5 05       		.uleb128 0x5
 266 02d6 73746F72 		.string	"store"
 266      6500
 267 02dc 01       		.byte	0x1
 268 02dd AC       		.byte	0xac
 269 02de E6020000 		.uaword	0x2e6
 270 02e2 02       		.byte	0x2
 271 02e3 23       		.byte	0x23
 272 02e4 00       		.uleb128 0
 273 02e5 00       		.byte	0
 274 02e6 06       		.uleb128 0x6
 275 02e7 C2010000 		.uaword	0x1c2
 276 02eb F6020000 		.uaword	0x2f6
 277 02ef 07       		.uleb128 0x7
 278 02f0 F6020000 		.uaword	0x2f6
 279 02f4 10       		.byte	0x10
 280 02f5 00       		.byte	0
 281 02f6 03       		.uleb128 0x3
 282 02f7 04       		.byte	0x4
 283 02f8 07       		.byte	0x7
 284 02f9 73697A65 		.string	"sizetype"
 284      74797065 
 284      00
 285 0302 02       		.uleb128 0x2
 286 0303 4F735F4A 		.string	"Os_JumpBufType"
 286      756D7042 
 286      75665479 
 286      706500
GAS Infineon TriCore Little Endian C:\\Users\\user1\\AppData\\Local\\Temp\\rta_RTAOS_638388406317960277_1736001\\ccqwgO6a.s 			page 7


 287 0312 01       		.byte	0x1
 288 0313 AD       		.byte	0xad
 289 0314 18030000 		.uaword	0x318
 290 0318 06       		.uleb128 0x6
 291 0319 CD020000 		.uaword	0x2cd
 292 031d 28030000 		.uaword	0x328
 293 0321 07       		.uleb128 0x7
 294 0322 F6020000 		.uaword	0x2f6
 295 0326 00       		.byte	0
 296 0327 00       		.byte	0
 297 0328 02       		.uleb128 0x2
 298 0329 4F735F52 		.string	"Os_ResourceCountType"
 298      65736F75 
 298      72636543 
 298      6F756E74 
 298      54797065 
 299 033e 01       		.byte	0x1
 300 033f BE       		.byte	0xbe
 301 0340 8D010000 		.uaword	0x18d
 302 0344 02       		.uleb128 0x2
 303 0345 4F735F53 		.string	"Os_StackTraceType"
 303      7461636B 
 303      54726163 
 303      65547970 
 303      6500
 304 0357 01       		.byte	0x1
 305 0358 BF       		.byte	0xbf
 306 0359 D0010000 		.uaword	0x1d0
 307 035d 04       		.uleb128 0x4
 308 035e 08       		.byte	0x8
 309 035f 01       		.byte	0x1
 310 0360 C0       		.byte	0xc0
 311 0361 81030000 		.uaword	0x381
 312 0365 05       		.uleb128 0x5
 313 0366 737000   		.string	"sp"
 314 0369 01       		.byte	0x1
 315 036a C0       		.byte	0xc0
 316 036b 44030000 		.uaword	0x344
 317 036f 02       		.byte	0x2
 318 0370 23       		.byte	0x23
 319 0371 00       		.uleb128 0
 320 0372 05       		.uleb128 0x5
 321 0373 63747800 		.string	"ctx"
 322 0377 01       		.byte	0x1
 323 0378 C0       		.byte	0xc0
 324 0379 44030000 		.uaword	0x344
 325 037d 02       		.byte	0x2
 326 037e 23       		.byte	0x23
 327 037f 04       		.uleb128 0x4
 328 0380 00       		.byte	0
 329 0381 02       		.uleb128 0x2
 330 0382 4F735F53 		.string	"Os_StackValueType"
 330      7461636B 
 330      56616C75 
 330      65547970 
 330      6500
 331 0394 01       		.byte	0x1
GAS Infineon TriCore Little Endian C:\\Users\\user1\\AppData\\Local\\Temp\\rta_RTAOS_638388406317960277_1736001\\ccqwgO6a.s 			page 8


 332 0395 C0       		.byte	0xc0
 333 0396 5D030000 		.uaword	0x35d
 334 039a 02       		.uleb128 0x2
 335 039b 4F735F53 		.string	"Os_StackSizeType"
 335      7461636B 
 335      53697A65 
 335      54797065 
 335      00
 336 03ac 01       		.byte	0x1
 337 03ad C1       		.byte	0xc1
 338 03ae 81030000 		.uaword	0x381
 339 03b2 02       		.uleb128 0x2
 340 03b3 4F735F56 		.string	"Os_VoidVoidFunctionType"
 340      6F696456 
 340      6F696446 
 340      756E6374 
 340      696F6E54 
 341 03cb 01       		.byte	0x1
 342 03cc C7       		.byte	0xc7
 343 03cd D1030000 		.uaword	0x3d1
 344 03d1 08       		.uleb128 0x8
 345 03d2 04       		.byte	0x4
 346 03d3 D7030000 		.uaword	0x3d7
 347 03d7 09       		.uleb128 0x9
 348 03d8 01       		.byte	0x1
 349 03d9 02       		.uleb128 0x2
 350 03da 4170706C 		.string	"ApplicationType"
 350      69636174 
 350      696F6E54 
 350      79706500 
 351 03ea 01       		.byte	0x1
 352 03eb D5       		.byte	0xd5
 353 03ec 8D010000 		.uaword	0x18d
 354 03f0 02       		.uleb128 0x2
 355 03f1 4F735F74 		.string	"Os_tmaskType"
 355      6D61736B 
 355      54797065 
 355      00
 356 03fe 01       		.byte	0x1
 357 03ff D9       		.byte	0xd9
 358 0400 C2010000 		.uaword	0x1c2
 359 0404 02       		.uleb128 0x2
 360 0405 4F735F43 		.string	"Os_CoreStateType"
 360      6F726553 
 360      74617465 
 360      54797065 
 360      00
 361 0416 01       		.byte	0x1
 362 0417 E7       		.byte	0xe7
 363 0418 C2010000 		.uaword	0x1c2
 364 041c 02       		.uleb128 0x2
 365 041d 4F735F53 		.string	"Os_StopwatchTickType"
 365      746F7077 
 365      61746368 
 365      5469636B 
 365      54797065 
 366 0432 01       		.byte	0x1
GAS Infineon TriCore Little Endian C:\\Users\\user1\\AppData\\Local\\Temp\\rta_RTAOS_638388406317960277_1736001\\ccqwgO6a.s 			page 9


 367 0433 FD       		.byte	0xfd
 368 0434 D0010000 		.uaword	0x1d0
 369 0438 0A       		.uleb128 0xa
 370 0439 4F735F54 		.string	"Os_TerminatorType"
 370      65726D69 
 370      6E61746F 
 370      72547970 
 370      6500
 371 044b 01       		.byte	0x1
 372 044c 0201     		.uahalf	0x102
 373 044e 52040000 		.uaword	0x452
 374 0452 08       		.uleb128 0x8
 375 0453 04       		.byte	0x4
 376 0454 02030000 		.uaword	0x302
 377 0458 0A       		.uleb128 0xa
 378 0459 4F735F4C 		.string	"Os_Lockable"
 378      6F636B61 
 378      626C6500 
 379 0465 01       		.byte	0x1
 380 0466 0701     		.uahalf	0x107
 381 0468 B7020000 		.uaword	0x2b7
 382 046c 0A       		.uleb128 0xa
 383 046d 436F7265 		.string	"CoreIdType"
 383      49645479 
 383      706500
 384 0478 01       		.byte	0x1
 385 0479 0901     		.uahalf	0x109
 386 047b 9E010000 		.uaword	0x19e
 387 047f 0B       		.uleb128 0xb
 388 0480 58040000 		.uaword	0x458
 389 0484 0C       		.uleb128 0xc
 390 0485 4F735F43 		.string	"Os_ControlledCoreType_s"
 390      6F6E7472 
 390      6F6C6C65 
 390      64436F72 
 390      65547970 
 391 049d 58       		.byte	0x58
 392 049e 01       		.byte	0x1
 393 049f 1004     		.uahalf	0x410
 394 04a1 82060000 		.uaword	0x682
 395 04a5 0D       		.uleb128 0xd
 396 04a6 54726170 		.string	"TrapInfo"
 396      496E666F 
 396      00
 397 04af 01       		.byte	0x1
 398 04b0 1104     		.uahalf	0x411
 399 04b2 A1020000 		.uaword	0x2a1
 400 04b6 02       		.byte	0x2
 401 04b7 23       		.byte	0x23
 402 04b8 00       		.uleb128 0
 403 04b9 0D       		.uleb128 0xd
 404 04ba 4572726F 		.string	"ErrorInformation"
 404      72496E66 
 404      6F726D61 
 404      74696F6E 
 404      00
 405 04cb 01       		.byte	0x1
GAS Infineon TriCore Little Endian C:\\Users\\user1\\AppData\\Local\\Temp\\rta_RTAOS_638388406317960277_1736001\\ccqwgO6a.s 			page 10


 406 04cc 1204     		.uahalf	0x412
 407 04ce 150D0000 		.uaword	0xd15
 408 04d2 02       		.byte	0x2
 409 04d3 23       		.byte	0x23
 410 04d4 08       		.uleb128 0x8
 411 04d5 0D       		.uleb128 0xd
 412 04d6 6C6F636B 		.string	"lock_taskaccess"
 412      5F746173 
 412      6B616363 
 412      65737300 
 413 04e6 01       		.byte	0x1
 414 04e7 1304     		.uahalf	0x413
 415 04e9 7F040000 		.uaword	0x47f
 416 04ed 02       		.byte	0x2
 417 04ee 23       		.byte	0x23
 418 04ef 18       		.uleb128 0x18
 419 04f0 0D       		.uleb128 0xd
 420 04f1 52656164 		.string	"ReadyTasks"
 420      79546173 
 420      6B7300
 421 04fc 01       		.byte	0x1
 422 04fd 1404     		.uahalf	0x414
 423 04ff 4B0D0000 		.uaword	0xd4b
 424 0503 02       		.byte	0x2
 425 0504 23       		.byte	0x23
 426 0505 1C       		.uleb128 0x1c
 427 0506 0D       		.uleb128 0xd
 428 0507 52756E6E 		.string	"RunningISR"
 428      696E6749 
 428      535200
 429 0512 01       		.byte	0x1
 430 0513 1504     		.uahalf	0x415
 431 0515 500D0000 		.uaword	0xd50
 432 0519 02       		.byte	0x2
 433 051a 23       		.byte	0x23
 434 051b 20       		.uleb128 0x20
 435 051c 0D       		.uleb128 0xd
 436 051d 52756E6E 		.string	"RunningTask"
 436      696E6754 
 436      61736B00 
 437 0529 01       		.byte	0x1
 438 052a 1604     		.uahalf	0x416
 439 052c 550D0000 		.uaword	0xd55
 440 0530 02       		.byte	0x2
 441 0531 23       		.byte	0x23
 442 0532 24       		.uleb128 0x24
 443 0533 0D       		.uleb128 0xd
 444 0534 52756E6E 		.string	"RunningTPMask"
 444      696E6754 
 444      504D6173 
 444      6B00
 445 0542 01       		.byte	0x1
 446 0543 1704     		.uahalf	0x417
 447 0545 5A0D0000 		.uaword	0xd5a
 448 0549 02       		.byte	0x2
 449 054a 23       		.byte	0x23
 450 054b 28       		.uleb128 0x28
GAS Infineon TriCore Little Endian C:\\Users\\user1\\AppData\\Local\\Temp\\rta_RTAOS_638388406317960277_1736001\\ccqwgO6a.s 			page 11


 451 054c 0D       		.uleb128 0xd
 452 054d 5465726D 		.string	"TerminatingTasks"
 452      696E6174 
 452      696E6754 
 452      61736B73 
 452      00
 453 055e 01       		.byte	0x1
 454 055f 1804     		.uahalf	0x418
 455 0561 4B0D0000 		.uaword	0xd4b
 456 0565 02       		.byte	0x2
 457 0566 23       		.byte	0x23
 458 0567 2C       		.uleb128 0x2c
 459 0568 0D       		.uleb128 0xd
 460 0569 4170706C 		.string	"Application"
 460      69636174 
 460      696F6E00 
 461 0575 01       		.byte	0x1
 462 0576 1904     		.uahalf	0x419
 463 0578 D9030000 		.uaword	0x3d9
 464 057c 02       		.byte	0x2
 465 057d 23       		.byte	0x23
 466 057e 30       		.uleb128 0x30
 467 057f 0D       		.uleb128 0xd
 468 0580 43757272 		.string	"CurrentTerminator"
 468      656E7454 
 468      65726D69 
 468      6E61746F 
 468      7200
 469 0592 01       		.byte	0x1
 470 0593 1A04     		.uahalf	0x41a
 471 0595 5F0D0000 		.uaword	0xd5f
 472 0599 02       		.byte	0x2
 473 059a 23       		.byte	0x23
 474 059b 34       		.uleb128 0x34
 475 059c 0D       		.uleb128 0xd
 476 059d 43757272 		.string	"CurrentMeteredObject"
 476      656E744D 
 476      65746572 
 476      65644F62 
 476      6A656374 
 477 05b2 01       		.byte	0x1
 478 05b3 1B04     		.uahalf	0x41b
 479 05b5 EE060000 		.uaword	0x6ee
 480 05b9 02       		.byte	0x2
 481 05ba 23       		.byte	0x23
 482 05bb 38       		.uleb128 0x38
 483 05bc 0D       		.uleb128 0xd
 484 05bd 49646C65 		.string	"IdleMeter"
 484      4D657465 
 484      7200
 485 05c7 01       		.byte	0x1
 486 05c8 1C04     		.uahalf	0x41c
 487 05ca D5060000 		.uaword	0x6d5
 488 05ce 02       		.byte	0x2
 489 05cf 23       		.byte	0x23
 490 05d0 3C       		.uleb128 0x3c
 491 05d1 0D       		.uleb128 0xd
GAS Infineon TriCore Little Endian C:\\Users\\user1\\AppData\\Local\\Temp\\rta_RTAOS_638388406317960277_1736001\\ccqwgO6a.s 			page 12


 492 05d2 41707041 		.string	"AppAccess"
 492      63636573 
 492      7300
 493 05dc 01       		.byte	0x1
 494 05dd 1D04     		.uahalf	0x41d
 495 05df 80010000 		.uaword	0x180
 496 05e3 02       		.byte	0x2
 497 05e4 23       		.byte	0x23
 498 05e5 48       		.uleb128 0x48
 499 05e6 0D       		.uleb128 0xd
 500 05e7 4170704F 		.string	"AppOverride"
 500      76657272 
 500      69646500 
 501 05f3 01       		.byte	0x1
 502 05f4 1E04     		.uahalf	0x41e
 503 05f6 640D0000 		.uaword	0xd64
 504 05fa 02       		.byte	0x2
 505 05fb 23       		.byte	0x23
 506 05fc 49       		.uleb128 0x49
 507 05fd 0D       		.uleb128 0xd
 508 05fe 47657453 		.string	"GetStackValueAdjust"
 508      7461636B 
 508      56616C75 
 508      6541646A 
 508      75737400 
 509 0612 01       		.byte	0x1
 510 0613 1F04     		.uahalf	0x41f
 511 0615 9A030000 		.uaword	0x39a
 512 0619 02       		.byte	0x2
 513 061a 23       		.byte	0x23
 514 061b 4C       		.uleb128 0x4c
 515 061c 0D       		.uleb128 0xd
 516 061d 496E4572 		.string	"InErrorHook"
 516      726F7248 
 516      6F6F6B00 
 517 0629 01       		.byte	0x1
 518 062a 2004     		.uahalf	0x420
 519 062c 41020000 		.uaword	0x241
 520 0630 02       		.byte	0x2
 521 0631 23       		.byte	0x23
 522 0632 54       		.uleb128 0x54
 523 0633 0D       		.uleb128 0xd
 524 0634 496E5072 		.string	"InProtectionHook"
 524      6F746563 
 524      74696F6E 
 524      486F6F6B 
 524      00
 525 0645 01       		.byte	0x1
 526 0646 2104     		.uahalf	0x421
 527 0648 41020000 		.uaword	0x241
 528 064c 02       		.byte	0x2
 529 064d 23       		.byte	0x23
 530 064e 55       		.uleb128 0x55
 531 064f 0D       		.uleb128 0xd
 532 0650 436F7265 		.string	"CoreIsActive"
 532      49734163 
 532      74697665 
GAS Infineon TriCore Little Endian C:\\Users\\user1\\AppData\\Local\\Temp\\rta_RTAOS_638388406317960277_1736001\\ccqwgO6a.s 			page 13


 532      00
 533 065d 01       		.byte	0x1
 534 065e 2204     		.uahalf	0x422
 535 0660 41020000 		.uaword	0x241
 536 0664 02       		.byte	0x2
 537 0665 23       		.byte	0x23
 538 0666 56       		.uleb128 0x56
 539 0667 0D       		.uleb128 0xd
 540 0668 496E5368 		.string	"InShutdownHook"
 540      7574646F 
 540      776E486F 
 540      6F6B00
 541 0677 01       		.byte	0x1
 542 0678 2304     		.uahalf	0x423
 543 067a 41020000 		.uaword	0x241
 544 067e 02       		.byte	0x2
 545 067f 23       		.byte	0x23
 546 0680 57       		.uleb128 0x57
 547 0681 00       		.byte	0
 548 0682 0C       		.uleb128 0xc
 549 0683 4F735F4D 		.string	"Os_MeterInfoType_s"
 549      65746572 
 549      496E666F 
 549      54797065 
 549      5F7300
 550 0696 0C       		.byte	0xc
 551 0697 01       		.byte	0x1
 552 0698 7201     		.uahalf	0x172
 553 069a D5060000 		.uaword	0x6d5
 554 069e 0D       		.uleb128 0xd
 555 069f 656C6170 		.string	"elapsed"
 555      73656400 
 556 06a7 01       		.byte	0x1
 557 06a8 7301     		.uahalf	0x173
 558 06aa 1C040000 		.uaword	0x41c
 559 06ae 02       		.byte	0x2
 560 06af 23       		.byte	0x23
 561 06b0 00       		.uleb128 0
 562 06b1 0D       		.uleb128 0xd
 563 06b2 70726576 		.string	"previous"
 563      696F7573 
 563      00
 564 06bb 01       		.byte	0x1
 565 06bc 7401     		.uahalf	0x174
 566 06be 1C040000 		.uaword	0x41c
 567 06c2 02       		.byte	0x2
 568 06c3 23       		.byte	0x23
 569 06c4 04       		.uleb128 0x4
 570 06c5 0D       		.uleb128 0xd
 571 06c6 6D617800 		.string	"max"
 572 06ca 01       		.byte	0x1
 573 06cb 7501     		.uahalf	0x175
 574 06cd 1C040000 		.uaword	0x41c
 575 06d1 02       		.byte	0x2
 576 06d2 23       		.byte	0x23
 577 06d3 08       		.uleb128 0x8
 578 06d4 00       		.byte	0
GAS Infineon TriCore Little Endian C:\\Users\\user1\\AppData\\Local\\Temp\\rta_RTAOS_638388406317960277_1736001\\ccqwgO6a.s 			page 14


 579 06d5 0A       		.uleb128 0xa
 580 06d6 4F735F4D 		.string	"Os_MeterInfoType"
 580      65746572 
 580      496E666F 
 580      54797065 
 580      00
 581 06e7 01       		.byte	0x1
 582 06e8 7601     		.uahalf	0x176
 583 06ea 82060000 		.uaword	0x682
 584 06ee 0A       		.uleb128 0xa
 585 06ef 4F735F4D 		.string	"Os_MeterInfoRefType"
 585      65746572 
 585      496E666F 
 585      52656654 
 585      79706500 
 586 0703 01       		.byte	0x1
 587 0704 7701     		.uahalf	0x177
 588 0706 0A070000 		.uaword	0x70a
 589 070a 08       		.uleb128 0x8
 590 070b 04       		.byte	0x4
 591 070c D5060000 		.uaword	0x6d5
 592 0710 0A       		.uleb128 0xa
 593 0711 4F735F69 		.string	"Os_imaskType"
 593      6D61736B 
 593      54797065 
 593      00
 594 071e 01       		.byte	0x1
 595 071f 7F01     		.uahalf	0x17f
 596 0721 C2010000 		.uaword	0x1c2
 597 0725 0C       		.uleb128 0xc
 598 0726 4F735F49 		.string	"Os_ISRDynType_s"
 598      53524479 
 598      6E547970 
 598      655F7300 
 599 0736 10       		.byte	0x10
 600 0737 01       		.byte	0x1
 601 0738 8101     		.uahalf	0x181
 602 073a 76070000 		.uaword	0x776
 603 073e 0E       		.uleb128 0xe
 604 073f 00000000 		.uaword	.LASF0
 605 0743 01       		.byte	0x1
 606 0744 8201     		.uahalf	0x182
 607 0746 28030000 		.uaword	0x328
 608 074a 02       		.byte	0x2
 609 074b 23       		.byte	0x23
 610 074c 00       		.uleb128 0
 611 074d 0D       		.uleb128 0xd
 612 074e 7465726D 		.string	"terminating"
 612      696E6174 
 612      696E6700 
 613 075a 01       		.byte	0x1
 614 075b 8301     		.uahalf	0x183
 615 075d 41020000 		.uaword	0x241
 616 0761 02       		.byte	0x2
 617 0762 23       		.byte	0x23
 618 0763 01       		.uleb128 0x1
 619 0764 0D       		.uleb128 0xd
GAS Infineon TriCore Little Endian C:\\Users\\user1\\AppData\\Local\\Temp\\rta_RTAOS_638388406317960277_1736001\\ccqwgO6a.s 			page 15


 620 0765 6D657465 		.string	"meter"
 620      7200
 621 076b 01       		.byte	0x1
 622 076c 8401     		.uahalf	0x184
 623 076e D5060000 		.uaword	0x6d5
 624 0772 02       		.byte	0x2
 625 0773 23       		.byte	0x23
 626 0774 04       		.uleb128 0x4
 627 0775 00       		.byte	0
 628 0776 0A       		.uleb128 0xa
 629 0777 4F735F49 		.string	"Os_ISRDynType"
 629      53524479 
 629      6E547970 
 629      6500
 630 0785 01       		.byte	0x1
 631 0786 8501     		.uahalf	0x185
 632 0788 25070000 		.uaword	0x725
 633 078c 0A       		.uleb128 0xa
 634 078d 4F735F49 		.string	"Os_IsrTerminatedFunctionType"
 634      73725465 
 634      726D696E 
 634      61746564 
 634      46756E63 
 635 07aa 01       		.byte	0x1
 636 07ab 8601     		.uahalf	0x186
 637 07ad D1030000 		.uaword	0x3d1
 638 07b1 0C       		.uleb128 0xc
 639 07b2 4F735F49 		.string	"Os_ISRType_s"
 639      53525479 
 639      70655F73 
 639      00
 640 07bf 18       		.byte	0x18
 641 07c0 01       		.byte	0x1
 642 07c1 8701     		.uahalf	0x187
 643 07c3 45080000 		.uaword	0x845
 644 07c7 0E       		.uleb128 0xe
 645 07c8 00000000 		.uaword	.LASF1
 646 07cc 01       		.byte	0x1
 647 07cd 8801     		.uahalf	0x188
 648 07cf B2030000 		.uaword	0x3b2
 649 07d3 02       		.byte	0x2
 650 07d4 23       		.byte	0x23
 651 07d5 00       		.uleb128 0
 652 07d6 0D       		.uleb128 0xd
 653 07d7 7465726D 		.string	"terminated_function"
 653      696E6174 
 653      65645F66 
 653      756E6374 
 653      696F6E00 
 654 07eb 01       		.byte	0x1
 655 07ec 8901     		.uahalf	0x189
 656 07ee 8C070000 		.uaword	0x78c
 657 07f2 02       		.byte	0x2
 658 07f3 23       		.byte	0x23
 659 07f4 04       		.uleb128 0x4
 660 07f5 0E       		.uleb128 0xe
 661 07f6 00000000 		.uaword	.LASF2
GAS Infineon TriCore Little Endian C:\\Users\\user1\\AppData\\Local\\Temp\\rta_RTAOS_638388406317960277_1736001\\ccqwgO6a.s 			page 16


 662 07fa 01       		.byte	0x1
 663 07fb 8A01     		.uahalf	0x18a
 664 07fd 45080000 		.uaword	0x845
 665 0801 02       		.byte	0x2
 666 0802 23       		.byte	0x23
 667 0803 08       		.uleb128 0x8
 668 0804 0D       		.uleb128 0xd
 669 0805 696D6173 		.string	"imask"
 669      6B00
 670 080b 01       		.byte	0x1
 671 080c 8B01     		.uahalf	0x18b
 672 080e 10070000 		.uaword	0x710
 673 0812 02       		.byte	0x2
 674 0813 23       		.byte	0x23
 675 0814 0C       		.uleb128 0xc
 676 0815 0D       		.uleb128 0xd
 677 0816 696E6465 		.string	"index"
 677      7800
 678 081c 01       		.byte	0x1
 679 081d 8C01     		.uahalf	0x18c
 680 081f C2010000 		.uaword	0x1c2
 681 0823 02       		.byte	0x2
 682 0824 23       		.byte	0x23
 683 0825 10       		.uleb128 0x10
 684 0826 0E       		.uleb128 0xe
 685 0827 00000000 		.uaword	.LASF3
 686 082b 01       		.byte	0x1
 687 082c 8D01     		.uahalf	0x18d
 688 082e 80010000 		.uaword	0x180
 689 0832 02       		.byte	0x2
 690 0833 23       		.byte	0x23
 691 0834 14       		.uleb128 0x14
 692 0835 0E       		.uleb128 0xe
 693 0836 00000000 		.uaword	.LASF4
 694 083a 01       		.byte	0x1
 695 083b 8E01     		.uahalf	0x18e
 696 083d D9030000 		.uaword	0x3d9
 697 0841 02       		.byte	0x2
 698 0842 23       		.byte	0x23
 699 0843 15       		.uleb128 0x15
 700 0844 00       		.byte	0
 701 0845 0F       		.uleb128 0xf
 702 0846 4A080000 		.uaword	0x84a
 703 084a 08       		.uleb128 0x8
 704 084b 04       		.byte	0x4
 705 084c 76070000 		.uaword	0x776
 706 0850 0A       		.uleb128 0xa
 707 0851 4F735F49 		.string	"Os_ISRType"
 707      53525479 
 707      706500
 708 085c 01       		.byte	0x1
 709 085d 8F01     		.uahalf	0x18f
 710 085f B1070000 		.uaword	0x7b1
 711 0863 0A       		.uleb128 0xa
 712 0864 49535254 		.string	"ISRType"
 712      79706500 
 713 086c 01       		.byte	0x1
GAS Infineon TriCore Little Endian C:\\Users\\user1\\AppData\\Local\\Temp\\rta_RTAOS_638388406317960277_1736001\\ccqwgO6a.s 			page 17


 714 086d 9001     		.uahalf	0x190
 715 086f 73080000 		.uaword	0x873
 716 0873 08       		.uleb128 0x8
 717 0874 04       		.byte	0x4
 718 0875 79080000 		.uaword	0x879
 719 0879 0F       		.uleb128 0xf
 720 087a 50080000 		.uaword	0x850
 721 087e 0A       		.uleb128 0xa
 722 087f 4F735F62 		.string	"Os_bitmask"
 722      69746D61 
 722      736B00
 723 088a 01       		.byte	0x1
 724 088b A201     		.uahalf	0x1a2
 725 088d D0010000 		.uaword	0x1d0
 726 0891 0A       		.uleb128 0xa
 727 0892 4F735F70 		.string	"Os_pset0Type"
 727      73657430 
 727      54797065 
 727      00
 728 089f 01       		.byte	0x1
 729 08a0 A301     		.uahalf	0x1a3
 730 08a2 7E080000 		.uaword	0x87e
 731 08a6 0A       		.uleb128 0xa
 732 08a7 4F735F70 		.string	"Os_pset1Type"
 732      73657431 
 732      54797065 
 732      00
 733 08b4 01       		.byte	0x1
 734 08b5 A401     		.uahalf	0x1a4
 735 08b7 7E080000 		.uaword	0x87e
 736 08bb 0A       		.uleb128 0xa
 737 08bc 4F735F70 		.string	"Os_pset2Type"
 737      73657432 
 737      54797065 
 737      00
 738 08c9 01       		.byte	0x1
 739 08ca A501     		.uahalf	0x1a5
 740 08cc 7E080000 		.uaword	0x87e
 741 08d0 10       		.uleb128 0x10
 742 08d1 04       		.byte	0x4
 743 08d2 01       		.byte	0x1
 744 08d3 A601     		.uahalf	0x1a6
 745 08d5 FB080000 		.uaword	0x8fb
 746 08d9 11       		.uleb128 0x11
 747 08da 703000   		.string	"p0"
 748 08dd 01       		.byte	0x1
 749 08de A701     		.uahalf	0x1a7
 750 08e0 91080000 		.uaword	0x891
 751 08e4 11       		.uleb128 0x11
 752 08e5 703100   		.string	"p1"
 753 08e8 01       		.byte	0x1
 754 08e9 A801     		.uahalf	0x1a8
 755 08eb A6080000 		.uaword	0x8a6
 756 08ef 11       		.uleb128 0x11
 757 08f0 703200   		.string	"p2"
 758 08f3 01       		.byte	0x1
 759 08f4 A901     		.uahalf	0x1a9
GAS Infineon TriCore Little Endian C:\\Users\\user1\\AppData\\Local\\Temp\\rta_RTAOS_638388406317960277_1736001\\ccqwgO6a.s 			page 18


 760 08f6 BB080000 		.uaword	0x8bb
 761 08fa 00       		.byte	0
 762 08fb 0A       		.uleb128 0xa
 763 08fc 4F735F70 		.string	"Os_psetType"
 763      73657454 
 763      79706500 
 764 0908 01       		.byte	0x1
 765 0909 AA01     		.uahalf	0x1aa
 766 090b D0080000 		.uaword	0x8d0
 767 090f 10       		.uleb128 0x10
 768 0910 04       		.byte	0x4
 769 0911 01       		.byte	0x1
 770 0912 AC01     		.uahalf	0x1ac
 771 0914 3A090000 		.uaword	0x93a
 772 0918 11       		.uleb128 0x11
 773 0919 743000   		.string	"t0"
 774 091c 01       		.byte	0x1
 775 091d AD01     		.uahalf	0x1ad
 776 091f 7E080000 		.uaword	0x87e
 777 0923 11       		.uleb128 0x11
 778 0924 743100   		.string	"t1"
 779 0927 01       		.byte	0x1
 780 0928 AE01     		.uahalf	0x1ae
 781 092a 7E080000 		.uaword	0x87e
 782 092e 11       		.uleb128 0x11
 783 092f 743200   		.string	"t2"
 784 0932 01       		.byte	0x1
 785 0933 AF01     		.uahalf	0x1af
 786 0935 7E080000 		.uaword	0x87e
 787 0939 00       		.byte	0
 788 093a 0A       		.uleb128 0xa
 789 093b 4F735F74 		.string	"Os_tpmaskType"
 789      706D6173 
 789      6B547970 
 789      6500
 790 0949 01       		.byte	0x1
 791 094a B001     		.uahalf	0x1b0
 792 094c 0F090000 		.uaword	0x90f
 793 0950 0A       		.uleb128 0xa
 794 0951 4F735F41 		.string	"Os_ActivationCountType"
 794      63746976 
 794      6174696F 
 794      6E436F75 
 794      6E745479 
 795 0968 01       		.byte	0x1
 796 0969 B101     		.uahalf	0x1b1
 797 096b 8D010000 		.uaword	0x18d
 798 096f 0C       		.uleb128 0xc
 799 0970 4F735F54 		.string	"Os_TaskDynType_s"
 799      61736B44 
 799      796E5479 
 799      70655F73 
 799      00
 800 0981 5C       		.byte	0x5c
 801 0982 01       		.byte	0x1
 802 0983 B301     		.uahalf	0x1b3
 803 0985 2A0A0000 		.uaword	0xa2a
GAS Infineon TriCore Little Endian C:\\Users\\user1\\AppData\\Local\\Temp\\rta_RTAOS_638388406317960277_1736001\\ccqwgO6a.s 			page 19


 804 0989 0D       		.uleb128 0xd
 805 098a 6C617374 		.string	"last_activation"
 805      5F616374 
 805      69766174 
 805      696F6E00 
 806 099a 01       		.byte	0x1
 807 099b B401     		.uahalf	0x1b4
 808 099d 1C040000 		.uaword	0x41c
 809 09a1 02       		.byte	0x2
 810 09a2 23       		.byte	0x23
 811 09a3 00       		.uleb128 0
 812 09a4 0D       		.uleb128 0xd
 813 09a5 7465726D 		.string	"terminate_jump_buf"
 813      696E6174 
 813      655F6A75 
 813      6D705F62 
 813      756600
 814 09b8 01       		.byte	0x1
 815 09b9 B501     		.uahalf	0x1b5
 816 09bb 02030000 		.uaword	0x302
 817 09bf 02       		.byte	0x2
 818 09c0 23       		.byte	0x23
 819 09c1 04       		.uleb128 0x4
 820 09c2 0D       		.uleb128 0xd
 821 09c3 6D657465 		.string	"meter"
 821      7200
 822 09c9 01       		.byte	0x1
 823 09ca B601     		.uahalf	0x1b6
 824 09cc D5060000 		.uaword	0x6d5
 825 09d0 02       		.byte	0x2
 826 09d1 23       		.byte	0x23
 827 09d2 48       		.uleb128 0x48
 828 09d3 0D       		.uleb128 0xd
 829 09d4 7365656E 		.string	"seen_activation"
 829      5F616374 
 829      69766174 
 829      696F6E00 
 830 09e4 01       		.byte	0x1
 831 09e5 B701     		.uahalf	0x1b7
 832 09e7 41020000 		.uaword	0x241
 833 09eb 02       		.byte	0x2
 834 09ec 23       		.byte	0x23
 835 09ed 54       		.uleb128 0x54
 836 09ee 0E       		.uleb128 0xe
 837 09ef 00000000 		.uaword	.LASF5
 838 09f3 01       		.byte	0x1
 839 09f4 B801     		.uahalf	0x1b8
 840 09f6 50090000 		.uaword	0x950
 841 09fa 02       		.byte	0x2
 842 09fb 23       		.byte	0x23
 843 09fc 55       		.uleb128 0x55
 844 09fd 0E       		.uleb128 0xe
 845 09fe 00000000 		.uaword	.LASF0
 846 0a02 01       		.byte	0x1
 847 0a03 B901     		.uahalf	0x1b9
 848 0a05 28030000 		.uaword	0x328
 849 0a09 02       		.byte	0x2
GAS Infineon TriCore Little Endian C:\\Users\\user1\\AppData\\Local\\Temp\\rta_RTAOS_638388406317960277_1736001\\ccqwgO6a.s 			page 20


 850 0a0a 23       		.byte	0x23
 851 0a0b 56       		.uleb128 0x56
 852 0a0c 0D       		.uleb128 0xd
 853 0a0d 7465726D 		.string	"termination_state"
 853      696E6174 
 853      696F6E5F 
 853      73746174 
 853      6500
 854 0a1f 01       		.byte	0x1
 855 0a20 BA01     		.uahalf	0x1ba
 856 0a22 C2010000 		.uaword	0x1c2
 857 0a26 02       		.byte	0x2
 858 0a27 23       		.byte	0x23
 859 0a28 58       		.uleb128 0x58
 860 0a29 00       		.byte	0
 861 0a2a 0A       		.uleb128 0xa
 862 0a2b 4F735F54 		.string	"Os_TaskDynType"
 862      61736B44 
 862      796E5479 
 862      706500
 863 0a3a 01       		.byte	0x1
 864 0a3b BB01     		.uahalf	0x1bb
 865 0a3d 6F090000 		.uaword	0x96f
 866 0a41 0C       		.uleb128 0xc
 867 0a42 4F735F54 		.string	"Os_TaskType_s"
 867      61736B54 
 867      7970655F 
 867      7300
 868 0a50 20       		.byte	0x20
 869 0a51 01       		.byte	0x1
 870 0a52 BD01     		.uahalf	0x1bd
 871 0a54 FE0A0000 		.uaword	0xafe
 872 0a58 0E       		.uleb128 0xe
 873 0a59 00000000 		.uaword	.LASF2
 874 0a5d 01       		.byte	0x1
 875 0a5e BE01     		.uahalf	0x1be
 876 0a60 FE0A0000 		.uaword	0xafe
 877 0a64 02       		.byte	0x2
 878 0a65 23       		.byte	0x23
 879 0a66 00       		.uleb128 0
 880 0a67 0E       		.uleb128 0xe
 881 0a68 00000000 		.uaword	.LASF1
 882 0a6c 01       		.byte	0x1
 883 0a6d BF01     		.uahalf	0x1bf
 884 0a6f B2030000 		.uaword	0x3b2
 885 0a73 02       		.byte	0x2
 886 0a74 23       		.byte	0x23
 887 0a75 04       		.uleb128 0x4
 888 0a76 0D       		.uleb128 0xd
 889 0a77 70736574 		.string	"pset"
 889      00
 890 0a7c 01       		.byte	0x1
 891 0a7d C001     		.uahalf	0x1c0
 892 0a7f FB080000 		.uaword	0x8fb
 893 0a83 02       		.byte	0x2
 894 0a84 23       		.byte	0x23
 895 0a85 08       		.uleb128 0x8
GAS Infineon TriCore Little Endian C:\\Users\\user1\\AppData\\Local\\Temp\\rta_RTAOS_638388406317960277_1736001\\ccqwgO6a.s 			page 21


 896 0a86 0D       		.uleb128 0xd
 897 0a87 62617365 		.string	"base_tpmask"
 897      5F74706D 
 897      61736B00 
 898 0a93 01       		.byte	0x1
 899 0a94 C101     		.uahalf	0x1c1
 900 0a96 3A090000 		.uaword	0x93a
 901 0a9a 02       		.byte	0x2
 902 0a9b 23       		.byte	0x23
 903 0a9c 0C       		.uleb128 0xc
 904 0a9d 0E       		.uleb128 0xe
 905 0a9e 00000000 		.uaword	.LASF6
 906 0aa2 01       		.byte	0x1
 907 0aa3 C201     		.uahalf	0x1c2
 908 0aa5 3A090000 		.uaword	0x93a
 909 0aa9 02       		.byte	0x2
 910 0aaa 23       		.byte	0x23
 911 0aab 10       		.uleb128 0x10
 912 0aac 0D       		.uleb128 0xd
 913 0aad 636F7265 		.string	"core_id"
 913      5F696400 
 914 0ab5 01       		.byte	0x1
 915 0ab6 C301     		.uahalf	0x1c3
 916 0ab8 6C040000 		.uaword	0x46c
 917 0abc 02       		.byte	0x2
 918 0abd 23       		.byte	0x23
 919 0abe 14       		.uleb128 0x14
 920 0abf 0D       		.uleb128 0xd
 921 0ac0 696E6465 		.string	"index"
 921      7800
 922 0ac6 01       		.byte	0x1
 923 0ac7 C401     		.uahalf	0x1c4
 924 0ac9 C2010000 		.uaword	0x1c2
 925 0acd 02       		.byte	0x2
 926 0ace 23       		.byte	0x23
 927 0acf 18       		.uleb128 0x18
 928 0ad0 0E       		.uleb128 0xe
 929 0ad1 00000000 		.uaword	.LASF5
 930 0ad5 01       		.byte	0x1
 931 0ad6 C501     		.uahalf	0x1c5
 932 0ad8 50090000 		.uaword	0x950
 933 0adc 02       		.byte	0x2
 934 0add 23       		.byte	0x23
 935 0ade 1C       		.uleb128 0x1c
 936 0adf 0E       		.uleb128 0xe
 937 0ae0 00000000 		.uaword	.LASF3
 938 0ae4 01       		.byte	0x1
 939 0ae5 C601     		.uahalf	0x1c6
 940 0ae7 80010000 		.uaword	0x180
 941 0aeb 02       		.byte	0x2
 942 0aec 23       		.byte	0x23
 943 0aed 1D       		.uleb128 0x1d
 944 0aee 0E       		.uleb128 0xe
 945 0aef 00000000 		.uaword	.LASF4
 946 0af3 01       		.byte	0x1
 947 0af4 C701     		.uahalf	0x1c7
 948 0af6 D9030000 		.uaword	0x3d9
GAS Infineon TriCore Little Endian C:\\Users\\user1\\AppData\\Local\\Temp\\rta_RTAOS_638388406317960277_1736001\\ccqwgO6a.s 			page 22


 949 0afa 02       		.byte	0x2
 950 0afb 23       		.byte	0x23
 951 0afc 1E       		.uleb128 0x1e
 952 0afd 00       		.byte	0
 953 0afe 0F       		.uleb128 0xf
 954 0aff 030B0000 		.uaword	0xb03
 955 0b03 08       		.uleb128 0x8
 956 0b04 04       		.byte	0x4
 957 0b05 2A0A0000 		.uaword	0xa2a
 958 0b09 0A       		.uleb128 0xa
 959 0b0a 4F735F54 		.string	"Os_TaskType"
 959      61736B54 
 959      79706500 
 960 0b16 01       		.byte	0x1
 961 0b17 C801     		.uahalf	0x1c8
 962 0b19 410A0000 		.uaword	0xa41
 963 0b1d 0A       		.uleb128 0xa
 964 0b1e 5461736B 		.string	"TaskType"
 964      54797065 
 964      00
 965 0b27 01       		.byte	0x1
 966 0b28 C901     		.uahalf	0x1c9
 967 0b2a 2E0B0000 		.uaword	0xb2e
 968 0b2e 08       		.uleb128 0x8
 969 0b2f 04       		.byte	0x4
 970 0b30 340B0000 		.uaword	0xb34
 971 0b34 0F       		.uleb128 0xf
 972 0b35 090B0000 		.uaword	0xb09
 973 0b39 10       		.uleb128 0x10
 974 0b3a 04       		.byte	0x4
 975 0b3b 01       		.byte	0x1
 976 0b3c E101     		.uahalf	0x1e1
 977 0b3e 5D0B0000 		.uaword	0xb5d
 978 0b42 12       		.uleb128 0x12
 979 0b43 00000000 		.uaword	.LASF6
 980 0b47 01       		.byte	0x1
 981 0b48 E201     		.uahalf	0x1e2
 982 0b4a 3A090000 		.uaword	0x93a
 983 0b4e 11       		.uleb128 0x11
 984 0b4f 696D6173 		.string	"imask"
 984      6B00
 985 0b55 01       		.byte	0x1
 986 0b56 E301     		.uahalf	0x1e3
 987 0b58 10070000 		.uaword	0x710
 988 0b5c 00       		.byte	0
 989 0b5d 0C       		.uleb128 0xc
 990 0b5e 4F735F52 		.string	"Os_ResourceDynType_s"
 990      65736F75 
 990      72636544 
 990      796E5479 
 990      70655F73 
 991 0b73 0C       		.byte	0xc
 992 0b74 01       		.byte	0x1
 993 0b75 DE01     		.uahalf	0x1de
 994 0b77 C00B0000 		.uaword	0xbc0
 995 0b7b 0D       		.uleb128 0xd
 996 0b7c 61636365 		.string	"access_count"
GAS Infineon TriCore Little Endian C:\\Users\\user1\\AppData\\Local\\Temp\\rta_RTAOS_638388406317960277_1736001\\ccqwgO6a.s 			page 23


 996      73735F63 
 996      6F756E74 
 996      00
 997 0b89 01       		.byte	0x1
 998 0b8a DF01     		.uahalf	0x1df
 999 0b8c 28030000 		.uaword	0x328
 1000 0b90 02       		.byte	0x2
 1001 0b91 23       		.byte	0x23
 1002 0b92 00       		.uleb128 0
 1003 0b93 0D       		.uleb128 0xd
 1004 0b94 6C6F636B 		.string	"locker"
 1004      657200
 1005 0b9b 01       		.byte	0x1
 1006 0b9c E001     		.uahalf	0x1e0
 1007 0b9e 1D0B0000 		.uaword	0xb1d
 1008 0ba2 02       		.byte	0x2
 1009 0ba3 23       		.byte	0x23
 1010 0ba4 04       		.uleb128 0x4
 1011 0ba5 0D       		.uleb128 0xd
 1012 0ba6 73617665 		.string	"saved_priority"
 1012      645F7072 
 1012      696F7269 
 1012      747900
 1013 0bb5 01       		.byte	0x1
 1014 0bb6 E401     		.uahalf	0x1e4
 1015 0bb8 390B0000 		.uaword	0xb39
 1016 0bbc 02       		.byte	0x2
 1017 0bbd 23       		.byte	0x23
 1018 0bbe 08       		.uleb128 0x8
 1019 0bbf 00       		.byte	0
 1020 0bc0 0A       		.uleb128 0xa
 1021 0bc1 4F735F52 		.string	"Os_ResourceDynType"
 1021      65736F75 
 1021      72636544 
 1021      796E5479 
 1021      706500
 1022 0bd4 01       		.byte	0x1
 1023 0bd5 E501     		.uahalf	0x1e5
 1024 0bd7 5D0B0000 		.uaword	0xb5d
 1025 0bdb 0C       		.uleb128 0xc
 1026 0bdc 4F735F52 		.string	"Os_ResourceType_s"
 1026      65736F75 
 1026      72636554 
 1026      7970655F 
 1026      7300
 1027 0bee 10       		.byte	0x10
 1028 0bef 01       		.byte	0x1
 1029 0bf0 E601     		.uahalf	0x1e6
 1030 0bf2 350C0000 		.uaword	0xc35
 1031 0bf6 0E       		.uleb128 0xe
 1032 0bf7 00000000 		.uaword	.LASF2
 1033 0bfb 01       		.byte	0x1
 1034 0bfc E701     		.uahalf	0x1e7
 1035 0bfe 350C0000 		.uaword	0xc35
 1036 0c02 02       		.byte	0x2
 1037 0c03 23       		.byte	0x23
 1038 0c04 00       		.uleb128 0
GAS Infineon TriCore Little Endian C:\\Users\\user1\\AppData\\Local\\Temp\\rta_RTAOS_638388406317960277_1736001\\ccqwgO6a.s 			page 24


 1039 0c05 0E       		.uleb128 0xe
 1040 0c06 00000000 		.uaword	.LASF6
 1041 0c0a 01       		.byte	0x1
 1042 0c0b E801     		.uahalf	0x1e8
 1043 0c0d 3A090000 		.uaword	0x93a
 1044 0c11 02       		.byte	0x2
 1045 0c12 23       		.byte	0x23
 1046 0c13 04       		.uleb128 0x4
 1047 0c14 0D       		.uleb128 0xd
 1048 0c15 696D6173 		.string	"imask"
 1048      6B00
 1049 0c1b 01       		.byte	0x1
 1050 0c1c E901     		.uahalf	0x1e9
 1051 0c1e 10070000 		.uaword	0x710
 1052 0c22 02       		.byte	0x2
 1053 0c23 23       		.byte	0x23
 1054 0c24 08       		.uleb128 0x8
 1055 0c25 0E       		.uleb128 0xe
 1056 0c26 00000000 		.uaword	.LASF3
 1057 0c2a 01       		.byte	0x1
 1058 0c2b EA01     		.uahalf	0x1ea
 1059 0c2d 80010000 		.uaword	0x180
 1060 0c31 02       		.byte	0x2
 1061 0c32 23       		.byte	0x23
 1062 0c33 0C       		.uleb128 0xc
 1063 0c34 00       		.byte	0
 1064 0c35 0F       		.uleb128 0xf
 1065 0c36 3A0C0000 		.uaword	0xc3a
 1066 0c3a 08       		.uleb128 0x8
 1067 0c3b 04       		.byte	0x4
 1068 0c3c C00B0000 		.uaword	0xbc0
 1069 0c40 0A       		.uleb128 0xa
 1070 0c41 4F735F52 		.string	"Os_ResourceType"
 1070      65736F75 
 1070      72636554 
 1070      79706500 
 1071 0c51 01       		.byte	0x1
 1072 0c52 EB01     		.uahalf	0x1eb
 1073 0c54 DB0B0000 		.uaword	0xbdb
 1074 0c58 0A       		.uleb128 0xa
 1075 0c59 5265736F 		.string	"ResourceType"
 1075      75726365 
 1075      54797065 
 1075      00
 1076 0c66 01       		.byte	0x1
 1077 0c67 EC01     		.uahalf	0x1ec
 1078 0c69 6D0C0000 		.uaword	0xc6d
 1079 0c6d 08       		.uleb128 0x8
 1080 0c6e 04       		.byte	0x4
 1081 0c6f 730C0000 		.uaword	0xc73
 1082 0c73 0F       		.uleb128 0xf
 1083 0c74 400C0000 		.uaword	0xc40
 1084 0c78 0A       		.uleb128 0xa
 1085 0c79 4F535365 		.string	"OSServiceIdType"
 1085      72766963 
 1085      65496454 
 1085      79706500 
GAS Infineon TriCore Little Endian C:\\Users\\user1\\AppData\\Local\\Temp\\rta_RTAOS_638388406317960277_1736001\\ccqwgO6a.s 			page 25


 1086 0c89 01       		.byte	0x1
 1087 0c8a 5102     		.uahalf	0x251
 1088 0c8c 8D010000 		.uaword	0x18d
 1089 0c90 0A       		.uleb128 0xa
 1090 0c91 4F735F42 		.string	"Os_BiggestType"
 1090      69676765 
 1090      73745479 
 1090      706500
 1091 0ca0 01       		.byte	0x1
 1092 0ca1 2503     		.uahalf	0x325
 1093 0ca3 D0010000 		.uaword	0x1d0
 1094 0ca7 13       		.uleb128 0x13
 1095 0ca8 10       		.byte	0x10
 1096 0ca9 01       		.byte	0x1
 1097 0caa 2703     		.uahalf	0x327
 1098 0cac 150D0000 		.uaword	0xd15
 1099 0cb0 0D       		.uleb128 0xd
 1100 0cb1 73657276 		.string	"service_id"
 1100      6963655F 
 1100      696400
 1101 0cbc 01       		.byte	0x1
 1102 0cbd 2803     		.uahalf	0x328
 1103 0cbf 780C0000 		.uaword	0xc78
 1104 0cc3 02       		.byte	0x2
 1105 0cc4 23       		.byte	0x23
 1106 0cc5 00       		.uleb128 0
 1107 0cc6 0D       		.uleb128 0xd
 1108 0cc7 73657276 		.string	"service_param1"
 1108      6963655F 
 1108      70617261 
 1108      6D3100
 1109 0cd6 01       		.byte	0x1
 1110 0cd7 2903     		.uahalf	0x329
 1111 0cd9 900C0000 		.uaword	0xc90
 1112 0cdd 02       		.byte	0x2
 1113 0cde 23       		.byte	0x23
 1114 0cdf 04       		.uleb128 0x4
 1115 0ce0 0D       		.uleb128 0xd
 1116 0ce1 73657276 		.string	"service_param2"
 1116      6963655F 
 1116      70617261 
 1116      6D3200
 1117 0cf0 01       		.byte	0x1
 1118 0cf1 2A03     		.uahalf	0x32a
 1119 0cf3 900C0000 		.uaword	0xc90
 1120 0cf7 02       		.byte	0x2
 1121 0cf8 23       		.byte	0x23
 1122 0cf9 08       		.uleb128 0x8
 1123 0cfa 0D       		.uleb128 0xd
 1124 0cfb 73657276 		.string	"service_param3"
 1124      6963655F 
 1124      70617261 
 1124      6D3300
 1125 0d0a 01       		.byte	0x1
 1126 0d0b 2B03     		.uahalf	0x32b
 1127 0d0d 900C0000 		.uaword	0xc90
 1128 0d11 02       		.byte	0x2
GAS Infineon TriCore Little Endian C:\\Users\\user1\\AppData\\Local\\Temp\\rta_RTAOS_638388406317960277_1736001\\ccqwgO6a.s 			page 26


 1129 0d12 23       		.byte	0x23
 1130 0d13 0C       		.uleb128 0xc
 1131 0d14 00       		.byte	0
 1132 0d15 0A       		.uleb128 0xa
 1133 0d16 4F735F45 		.string	"Os_ErrorInformationType"
 1133      72726F72 
 1133      496E666F 
 1133      726D6174 
 1133      696F6E54 
 1134 0d2e 01       		.byte	0x1
 1135 0d2f 2C03     		.uahalf	0x32c
 1136 0d31 A70C0000 		.uaword	0xca7
 1137 0d35 0A       		.uleb128 0xa
 1138 0d36 4F735F4F 		.string	"Os_OrtiIdType"
 1138      72746949 
 1138      64547970 
 1138      6500
 1139 0d44 01       		.byte	0x1
 1140 0d45 3003     		.uahalf	0x330
 1141 0d47 8D010000 		.uaword	0x18d
 1142 0d4b 0B       		.uleb128 0xb
 1143 0d4c FB080000 		.uaword	0x8fb
 1144 0d50 0B       		.uleb128 0xb
 1145 0d51 63080000 		.uaword	0x863
 1146 0d55 0B       		.uleb128 0xb
 1147 0d56 1D0B0000 		.uaword	0xb1d
 1148 0d5a 0B       		.uleb128 0xb
 1149 0d5b 3A090000 		.uaword	0x93a
 1150 0d5f 0B       		.uleb128 0xb
 1151 0d60 38040000 		.uaword	0x438
 1152 0d64 0B       		.uleb128 0xb
 1153 0d65 D9030000 		.uaword	0x3d9
 1154 0d69 0A       		.uleb128 0xa
 1155 0d6a 4F735F43 		.string	"Os_ControlledCoreType"
 1155      6F6E7472 
 1155      6F6C6C65 
 1155      64436F72 
 1155      65547970 
 1156 0d80 01       		.byte	0x1
 1157 0d81 2404     		.uahalf	0x424
 1158 0d83 84040000 		.uaword	0x484
 1159 0d87 0C       		.uleb128 0xc
 1160 0d88 4F735F41 		.string	"Os_AnyCoreType_s"
 1160      6E79436F 
 1160      72655479 
 1160      70655F73 
 1160      00
 1161 0d99 64       		.byte	0x64
 1162 0d9a 01       		.byte	0x1
 1163 0d9b 3204     		.uahalf	0x432
 1164 0d9d C00E0000 		.uaword	0xec0
 1165 0da1 0D       		.uleb128 0xd
 1166 0da2 44697361 		.string	"DisableAllImask"
 1166      626C6541 
 1166      6C6C496D 
 1166      61736B00 
 1167 0db2 01       		.byte	0x1
GAS Infineon TriCore Little Endian C:\\Users\\user1\\AppData\\Local\\Temp\\rta_RTAOS_638388406317960277_1736001\\ccqwgO6a.s 			page 27


 1168 0db3 3304     		.uahalf	0x433
 1169 0db5 C00E0000 		.uaword	0xec0
 1170 0db9 02       		.byte	0x2
 1171 0dba 23       		.byte	0x23
 1172 0dbb 00       		.uleb128 0
 1173 0dbc 0D       		.uleb128 0xd
 1174 0dbd 53757370 		.string	"SuspendAllImask"
 1174      656E6441 
 1174      6C6C496D 
 1174      61736B00 
 1175 0dcd 01       		.byte	0x1
 1176 0dce 3404     		.uahalf	0x434
 1177 0dd0 C00E0000 		.uaword	0xec0
 1178 0dd4 02       		.byte	0x2
 1179 0dd5 23       		.byte	0x23
 1180 0dd6 04       		.uleb128 0x4
 1181 0dd7 0D       		.uleb128 0xd
 1182 0dd8 53757370 		.string	"SuspendOSImask"
 1182      656E644F 
 1182      53496D61 
 1182      736B00
 1183 0de7 01       		.byte	0x1
 1184 0de8 3504     		.uahalf	0x435
 1185 0dea C00E0000 		.uaword	0xec0
 1186 0dee 02       		.byte	0x2
 1187 0def 23       		.byte	0x23
 1188 0df0 08       		.uleb128 0x8
 1189 0df1 0D       		.uleb128 0xd
 1190 0df2 44697361 		.string	"DisableAllCount"
 1190      626C6541 
 1190      6C6C436F 
 1190      756E7400 
 1191 0e02 01       		.byte	0x1
 1192 0e03 3604     		.uahalf	0x436
 1193 0e05 C50E0000 		.uaword	0xec5
 1194 0e09 02       		.byte	0x2
 1195 0e0a 23       		.byte	0x23
 1196 0e0b 0C       		.uleb128 0xc
 1197 0e0c 0D       		.uleb128 0xd
 1198 0e0d 53757370 		.string	"SuspendAllCount"
 1198      656E6441 
 1198      6C6C436F 
 1198      756E7400 
 1199 0e1d 01       		.byte	0x1
 1200 0e1e 3704     		.uahalf	0x437
 1201 0e20 C50E0000 		.uaword	0xec5
 1202 0e24 02       		.byte	0x2
 1203 0e25 23       		.byte	0x23
 1204 0e26 10       		.uleb128 0x10
 1205 0e27 0D       		.uleb128 0xd
 1206 0e28 53757370 		.string	"SuspendOSCount"
 1206      656E644F 
 1206      53436F75 
 1206      6E7400
 1207 0e37 01       		.byte	0x1
 1208 0e38 3804     		.uahalf	0x438
 1209 0e3a C50E0000 		.uaword	0xec5
GAS Infineon TriCore Little Endian C:\\Users\\user1\\AppData\\Local\\Temp\\rta_RTAOS_638388406317960277_1736001\\ccqwgO6a.s 			page 28


 1210 0e3e 02       		.byte	0x2
 1211 0e3f 23       		.byte	0x23
 1212 0e40 14       		.uleb128 0x14
 1213 0e41 0D       		.uleb128 0xd
 1214 0e42 4F727469 		.string	"OrtiApiID"
 1214      41706949 
 1214      4400
 1215 0e4c 01       		.byte	0x1
 1216 0e4d 3904     		.uahalf	0x439
 1217 0e4f CA0E0000 		.uaword	0xeca
 1218 0e53 02       		.byte	0x2
 1219 0e54 23       		.byte	0x23
 1220 0e55 18       		.uleb128 0x18
 1221 0e56 0D       		.uleb128 0xd
 1222 0e57 4F727469 		.string	"OrtiLastError"
 1222      4C617374 
 1222      4572726F 
 1222      7200
 1223 0e65 01       		.byte	0x1
 1224 0e66 3A04     		.uahalf	0x43a
 1225 0e68 50020000 		.uaword	0x250
 1226 0e6c 02       		.byte	0x2
 1227 0e6d 23       		.byte	0x23
 1228 0e6e 19       		.uleb128 0x19
 1229 0e6f 0D       		.uleb128 0xd
 1230 0e70 52657374 		.string	"RestartJumpBuf"
 1230      6172744A 
 1230      756D7042 
 1230      756600
 1231 0e7f 01       		.byte	0x1
 1232 0e80 3B04     		.uahalf	0x43b
 1233 0e82 02030000 		.uaword	0x302
 1234 0e86 02       		.byte	0x2
 1235 0e87 23       		.byte	0x23
 1236 0e88 1C       		.uleb128 0x1c
 1237 0e89 0D       		.uleb128 0xd
 1238 0e8a 52657374 		.string	"Restartable"
 1238      61727461 
 1238      626C6500 
 1239 0e96 01       		.byte	0x1
 1240 0e97 3C04     		.uahalf	0x43c
 1241 0e99 41020000 		.uaword	0x241
 1242 0e9d 02       		.byte	0x2
 1243 0e9e 23       		.byte	0x23
 1244 0e9f 60       		.uleb128 0x60
 1245 0ea0 0D       		.uleb128 0xd
 1246 0ea1 4C617374 		.string	"LastProtectionFault"
 1246      50726F74 
 1246      65637469 
 1246      6F6E4661 
 1246      756C7400 
 1247 0eb5 01       		.byte	0x1
 1248 0eb6 3D04     		.uahalf	0x43d
 1249 0eb8 50020000 		.uaword	0x250
 1250 0ebc 02       		.byte	0x2
 1251 0ebd 23       		.byte	0x23
 1252 0ebe 61       		.uleb128 0x61
GAS Infineon TriCore Little Endian C:\\Users\\user1\\AppData\\Local\\Temp\\rta_RTAOS_638388406317960277_1736001\\ccqwgO6a.s 			page 29


 1253 0ebf 00       		.byte	0
 1254 0ec0 0B       		.uleb128 0xb
 1255 0ec1 10070000 		.uaword	0x710
 1256 0ec5 0B       		.uleb128 0xb
 1257 0ec6 C2010000 		.uaword	0x1c2
 1258 0eca 0B       		.uleb128 0xb
 1259 0ecb 350D0000 		.uaword	0xd35
 1260 0ecf 0A       		.uleb128 0xa
 1261 0ed0 4F735F41 		.string	"Os_AnyCoreType"
 1261      6E79436F 
 1261      72655479 
 1261      706500
 1262 0edf 01       		.byte	0x1
 1263 0ee0 3E04     		.uahalf	0x43e
 1264 0ee2 870D0000 		.uaword	0xd87
 1265 0ee6 0C       		.uleb128 0xc
 1266 0ee7 4F735F43 		.string	"Os_CoreConfiguration_s"
 1266      6F726543 
 1266      6F6E6669 
 1266      67757261 
 1266      74696F6E 
 1267 0efe 18       		.byte	0x18
 1268 0eff 01       		.byte	0x1
 1269 0f00 4904     		.uahalf	0x449
 1270 0f02 800F0000 		.uaword	0xf80
 1271 0f06 0D       		.uleb128 0xd
 1272 0f07 636F6E74 		.string	"controlled"
 1272      726F6C6C 
 1272      656400
 1273 0f12 01       		.byte	0x1
 1274 0f13 4A04     		.uahalf	0x44a
 1275 0f15 800F0000 		.uaword	0xf80
 1276 0f19 02       		.byte	0x2
 1277 0f1a 23       		.byte	0x23
 1278 0f1b 00       		.uleb128 0
 1279 0f1c 0D       		.uleb128 0xd
 1280 0f1d 616E7900 		.string	"any"
 1281 0f21 01       		.byte	0x1
 1282 0f22 4B04     		.uahalf	0x44b
 1283 0f24 8B0F0000 		.uaword	0xf8b
 1284 0f28 02       		.byte	0x2
 1285 0f29 23       		.byte	0x23
 1286 0f2a 04       		.uleb128 0x4
 1287 0f2b 0D       		.uleb128 0xd
 1288 0f2c 73746174 		.string	"state"
 1288      6500
 1289 0f32 01       		.byte	0x1
 1290 0f33 4C04     		.uahalf	0x44c
 1291 0f35 960F0000 		.uaword	0xf96
 1292 0f39 02       		.byte	0x2
 1293 0f3a 23       		.byte	0x23
 1294 0f3b 08       		.uleb128 0x8
 1295 0f3c 0D       		.uleb128 0xd
 1296 0f3d 64697370 		.string	"dispatch"
 1296      61746368 
 1296      00
 1297 0f46 01       		.byte	0x1
GAS Infineon TriCore Little Endian C:\\Users\\user1\\AppData\\Local\\Temp\\rta_RTAOS_638388406317960277_1736001\\ccqwgO6a.s 			page 30


 1298 0f47 4D04     		.uahalf	0x44d
 1299 0f49 B2030000 		.uaword	0x3b2
 1300 0f4d 02       		.byte	0x2
 1301 0f4e 23       		.byte	0x23
 1302 0f4f 0C       		.uleb128 0xc
 1303 0f50 0D       		.uleb128 0xd
 1304 0f51 4F735F52 		.string	"Os_Res_Scheduler"
 1304      65735F53 
 1304      63686564 
 1304      756C6572 
 1304      00
 1305 0f62 01       		.byte	0x1
 1306 0f63 4E04     		.uahalf	0x44e
 1307 0f65 580C0000 		.uaword	0xc58
 1308 0f69 02       		.byte	0x2
 1309 0f6a 23       		.byte	0x23
 1310 0f6b 10       		.uleb128 0x10
 1311 0f6c 0D       		.uleb128 0xd
 1312 0f6d 636F7265 		.string	"core_id"
 1312      5F696400 
 1313 0f75 01       		.byte	0x1
 1314 0f76 4F04     		.uahalf	0x44f
 1315 0f78 6C040000 		.uaword	0x46c
 1316 0f7c 02       		.byte	0x2
 1317 0f7d 23       		.byte	0x23
 1318 0f7e 14       		.uleb128 0x14
 1319 0f7f 00       		.byte	0
 1320 0f80 0F       		.uleb128 0xf
 1321 0f81 850F0000 		.uaword	0xf85
 1322 0f85 08       		.uleb128 0x8
 1323 0f86 04       		.byte	0x4
 1324 0f87 690D0000 		.uaword	0xd69
 1325 0f8b 0F       		.uleb128 0xf
 1326 0f8c 900F0000 		.uaword	0xf90
 1327 0f90 08       		.uleb128 0x8
 1328 0f91 04       		.byte	0x4
 1329 0f92 CF0E0000 		.uaword	0xecf
 1330 0f96 0F       		.uleb128 0xf
 1331 0f97 9B0F0000 		.uaword	0xf9b
 1332 0f9b 08       		.uleb128 0x8
 1333 0f9c 04       		.byte	0x4
 1334 0f9d A10F0000 		.uaword	0xfa1
 1335 0fa1 0B       		.uleb128 0xb
 1336 0fa2 04040000 		.uaword	0x404
 1337 0fa6 0A       		.uleb128 0xa
 1338 0fa7 4F735F43 		.string	"Os_CoreConfiguration"
 1338      6F726543 
 1338      6F6E6669 
 1338      67757261 
 1338      74696F6E 
 1339 0fbc 01       		.byte	0x1
 1340 0fbd 5004     		.uahalf	0x450
 1341 0fbf E60E0000 		.uaword	0xee6
 1342 0fc3 14       		.uleb128 0x14
 1343 0fc4 01       		.byte	0x1
 1344 0fc5 4F735F47 		.string	"Os_GetExecutionTime"
 1344      65744578 
GAS Infineon TriCore Little Endian C:\\Users\\user1\\AppData\\Local\\Temp\\rta_RTAOS_638388406317960277_1736001\\ccqwgO6a.s 			page 31


 1344      65637574 
 1344      696F6E54 
 1344      696D6500 
 1345 0fd9 01       		.byte	0x1
 1346 0fda 5605     		.uahalf	0x556
 1347 0fdc 01       		.byte	0x1
 1348 0fdd 1C040000 		.uaword	0x41c
 1349 0fe1 00000000 		.uaword	.LFB0
 1350 0fe5 00000000 		.uaword	.LFE0
 1351 0fe9 02       		.byte	0x2
 1352 0fea 8A       		.byte	0x8a
 1353 0feb 00       		.sleb128 0
 1354 0fec 01       		.byte	0x1
 1355 0fed 38110000 		.uaword	0x1138
 1356 0ff1 15       		.uleb128 0x15
 1357 0ff2 72657400 		.string	"ret"
 1358 0ff6 01       		.byte	0x1
 1359 0ff7 5705     		.uahalf	0x557
 1360 0ff9 1C040000 		.uaword	0x41c
 1361 0ffd 01       		.byte	0x1
 1362 0ffe 52       		.byte	0x52
 1363 0fff 16       		.uleb128 0x16
 1364 1000 70726576 		.string	"previous_imask"
 1364      696F7573 
 1364      5F696D61 
 1364      736B00
 1365 100f 01       		.byte	0x1
 1366 1010 5805     		.uahalf	0x558
 1367 1012 10070000 		.uaword	0x710
 1368 1016 00000000 		.uaword	.LLST0
 1369 101a 17       		.uleb128 0x17
 1370 101b 6F735F63 		.string	"os_current_core_const"
 1370      75727265 
 1370      6E745F63 
 1370      6F72655F 
 1370      636F6E73 
 1371 1031 01       		.byte	0x1
 1372 1032 5905     		.uahalf	0x559
 1373 1034 38110000 		.uaword	0x1138
 1374 1038 16       		.uleb128 0x16
 1375 1039 6F735F63 		.string	"os_current_controlled_core"
 1375      75727265 
 1375      6E745F63 
 1375      6F6E7472 
 1375      6F6C6C65 
 1376 1054 01       		.byte	0x1
 1377 1055 5A05     		.uahalf	0x55a
 1378 1057 850F0000 		.uaword	0xf85
 1379 105b 00000000 		.uaword	.LLST1
 1380 105f 15       		.uleb128 0x15
 1381 1060 6F735F63 		.string	"os_current_core"
 1381      75727265 
 1381      6E745F63 
 1381      6F726500 
 1382 1070 01       		.byte	0x1
 1383 1071 5B05     		.uahalf	0x55b
 1384 1073 900F0000 		.uaword	0xf90
GAS Infineon TriCore Little Endian C:\\Users\\user1\\AppData\\Local\\Temp\\rta_RTAOS_638388406317960277_1736001\\ccqwgO6a.s 			page 32


 1385 1077 01       		.byte	0x1
 1386 1078 6C       		.byte	0x6c
 1387 1079 16       		.uleb128 0x16
 1388 107a 70726576 		.string	"previous_tmask"
 1388      696F7573 
 1388      5F746D61 
 1388      736B00
 1389 1089 01       		.byte	0x1
 1390 108a 5C05     		.uahalf	0x55c
 1391 108c F0030000 		.uaword	0x3f0
 1392 1090 00000000 		.uaword	.LLST2
 1393 1094 18       		.uleb128 0x18
 1394 1095 00000000 		.uaword	.LBB2
 1395 1099 00000000 		.uaword	.LBE2
 1396 109d B2100000 		.uaword	0x10b2
 1397 10a1 16       		.uleb128 0x16
 1398 10a2 72657300 		.string	"res"
 1399 10a6 01       		.byte	0x1
 1400 10a7 5905     		.uahalf	0x559
 1401 10a9 D0010000 		.uaword	0x1d0
 1402 10ad 00000000 		.uaword	.LLST3
 1403 10b1 00       		.byte	0
 1404 10b2 18       		.uleb128 0x18
 1405 10b3 00000000 		.uaword	.LBB3
 1406 10b7 00000000 		.uaword	.LBE3
 1407 10bb D0100000 		.uaword	0x10d0
 1408 10bf 16       		.uleb128 0x16
 1409 10c0 72657300 		.string	"res"
 1410 10c4 01       		.byte	0x1
 1411 10c5 5C05     		.uahalf	0x55c
 1412 10c7 D0010000 		.uaword	0x1d0
 1413 10cb 00000000 		.uaword	.LLST2
 1414 10cf 00       		.byte	0
 1415 10d0 18       		.uleb128 0x18
 1416 10d1 00000000 		.uaword	.LBB4
 1417 10d5 00000000 		.uaword	.LBE4
 1418 10d9 EE100000 		.uaword	0x10ee
 1419 10dd 16       		.uleb128 0x16
 1420 10de 72657300 		.string	"res"
 1421 10e2 01       		.byte	0x1
 1422 10e3 5E05     		.uahalf	0x55e
 1423 10e5 D0010000 		.uaword	0x1d0
 1424 10e9 00000000 		.uaword	.LLST0
 1425 10ed 00       		.byte	0
 1426 10ee 18       		.uleb128 0x18
 1427 10ef 00000000 		.uaword	.LBB5
 1428 10f3 00000000 		.uaword	.LBE5
 1429 10f7 0D110000 		.uaword	0x110d
 1430 10fb 19       		.uleb128 0x19
 1431 10fc 6E657776 		.string	"newval"
 1431      616C00
 1432 1103 01       		.byte	0x1
 1433 1104 5E05     		.uahalf	0x55e
 1434 1106 D0010000 		.uaword	0x1d0
 1435 110a FF80     		.uahalf	0x80ff
 1436 110c 00       		.byte	0
 1437 110d 18       		.uleb128 0x18
GAS Infineon TriCore Little Endian C:\\Users\\user1\\AppData\\Local\\Temp\\rta_RTAOS_638388406317960277_1736001\\ccqwgO6a.s 			page 33


 1438 110e 00000000 		.uaword	.LBB6
 1439 1112 00000000 		.uaword	.LBE6
 1440 1116 2E110000 		.uaword	0x112e
 1441 111a 16       		.uleb128 0x16
 1442 111b 6E657776 		.string	"newval"
 1442      616C00
 1443 1122 01       		.byte	0x1
 1444 1123 6205     		.uahalf	0x562
 1445 1125 D0010000 		.uaword	0x1d0
 1446 1129 00000000 		.uaword	.LLST6
 1447 112d 00       		.byte	0
 1448 112e 1A       		.uleb128 0x1a
 1449 112f 00000000 		.uaword	.LVL6
 1450 1133 78110000 		.uaword	0x1178
 1451 1137 00       		.byte	0
 1452 1138 08       		.uleb128 0x8
 1453 1139 04       		.byte	0x4
 1454 113a 3E110000 		.uaword	0x113e
 1455 113e 0F       		.uleb128 0xf
 1456 113f A60F0000 		.uaword	0xfa6
 1457 1143 06       		.uleb128 0x6
 1458 1144 A60F0000 		.uaword	0xfa6
 1459 1148 4E110000 		.uaword	0x114e
 1460 114c 1B       		.uleb128 0x1b
 1461 114d 00       		.byte	0
 1462 114e 1C       		.uleb128 0x1c
 1463 114f 4F735F63 		.string	"Os_const_coreconfiguration"
 1463      6F6E7374 
 1463      5F636F72 
 1463      65636F6E 
 1463      66696775 
 1464 116a 01       		.byte	0x1
 1465 116b 6A04     		.uahalf	0x46a
 1466 116d 73110000 		.uaword	0x1173
 1467 1171 01       		.byte	0x1
 1468 1172 01       		.byte	0x1
 1469 1173 0F       		.uleb128 0xf
 1470 1174 43110000 		.uaword	0x1143
 1471 1178 1D       		.uleb128 0x1d
 1472 1179 01       		.byte	0x1
 1473 117a 4F735F43 		.string	"Os_Cbk_GetStopwatch"
 1473      626B5F47 
 1473      65745374 
 1473      6F707761 
 1473      74636800 
 1474 118e 01       		.byte	0x1
 1475 118f 9204     		.uahalf	0x492
 1476 1191 01       		.byte	0x1
 1477 1192 1C040000 		.uaword	0x41c
 1478 1196 01       		.byte	0x1
 1479 1197 00       		.byte	0
 1480              	.section .debug_abbrev,"",@progbits
 1481              	.Ldebug_abbrev0:
 1482 0000 01       		.uleb128 0x1
 1483 0001 11       		.uleb128 0x11
 1484 0002 01       		.byte	0x1
 1485 0003 25       		.uleb128 0x25
GAS Infineon TriCore Little Endian C:\\Users\\user1\\AppData\\Local\\Temp\\rta_RTAOS_638388406317960277_1736001\\ccqwgO6a.s 			page 34


 1486 0004 08       		.uleb128 0x8
 1487 0005 13       		.uleb128 0x13
 1488 0006 0B       		.uleb128 0xb
 1489 0007 03       		.uleb128 0x3
 1490 0008 08       		.uleb128 0x8
 1491 0009 55       		.uleb128 0x55
 1492 000a 06       		.uleb128 0x6
 1493 000b 11       		.uleb128 0x11
 1494 000c 01       		.uleb128 0x1
 1495 000d 52       		.uleb128 0x52
 1496 000e 01       		.uleb128 0x1
 1497 000f 10       		.uleb128 0x10
 1498 0010 06       		.uleb128 0x6
 1499 0011 00       		.byte	0
 1500 0012 00       		.byte	0
 1501 0013 02       		.uleb128 0x2
 1502 0014 16       		.uleb128 0x16
 1503 0015 00       		.byte	0
 1504 0016 03       		.uleb128 0x3
 1505 0017 08       		.uleb128 0x8
 1506 0018 3A       		.uleb128 0x3a
 1507 0019 0B       		.uleb128 0xb
 1508 001a 3B       		.uleb128 0x3b
 1509 001b 0B       		.uleb128 0xb
 1510 001c 49       		.uleb128 0x49
 1511 001d 13       		.uleb128 0x13
 1512 001e 00       		.byte	0
 1513 001f 00       		.byte	0
 1514 0020 03       		.uleb128 0x3
 1515 0021 24       		.uleb128 0x24
 1516 0022 00       		.byte	0
 1517 0023 0B       		.uleb128 0xb
 1518 0024 0B       		.uleb128 0xb
 1519 0025 3E       		.uleb128 0x3e
 1520 0026 0B       		.uleb128 0xb
 1521 0027 03       		.uleb128 0x3
 1522 0028 08       		.uleb128 0x8
 1523 0029 00       		.byte	0
 1524 002a 00       		.byte	0
 1525 002b 04       		.uleb128 0x4
 1526 002c 13       		.uleb128 0x13
 1527 002d 01       		.byte	0x1
 1528 002e 0B       		.uleb128 0xb
 1529 002f 0B       		.uleb128 0xb
 1530 0030 3A       		.uleb128 0x3a
 1531 0031 0B       		.uleb128 0xb
 1532 0032 3B       		.uleb128 0x3b
 1533 0033 0B       		.uleb128 0xb
 1534 0034 01       		.uleb128 0x1
 1535 0035 13       		.uleb128 0x13
 1536 0036 00       		.byte	0
 1537 0037 00       		.byte	0
 1538 0038 05       		.uleb128 0x5
 1539 0039 0D       		.uleb128 0xd
 1540 003a 00       		.byte	0
 1541 003b 03       		.uleb128 0x3
 1542 003c 08       		.uleb128 0x8
GAS Infineon TriCore Little Endian C:\\Users\\user1\\AppData\\Local\\Temp\\rta_RTAOS_638388406317960277_1736001\\ccqwgO6a.s 			page 35


 1543 003d 3A       		.uleb128 0x3a
 1544 003e 0B       		.uleb128 0xb
 1545 003f 3B       		.uleb128 0x3b
 1546 0040 0B       		.uleb128 0xb
 1547 0041 49       		.uleb128 0x49
 1548 0042 13       		.uleb128 0x13
 1549 0043 38       		.uleb128 0x38
 1550 0044 0A       		.uleb128 0xa
 1551 0045 00       		.byte	0
 1552 0046 00       		.byte	0
 1553 0047 06       		.uleb128 0x6
 1554 0048 01       		.uleb128 0x1
 1555 0049 01       		.byte	0x1
 1556 004a 49       		.uleb128 0x49
 1557 004b 13       		.uleb128 0x13
 1558 004c 01       		.uleb128 0x1
 1559 004d 13       		.uleb128 0x13
 1560 004e 00       		.byte	0
 1561 004f 00       		.byte	0
 1562 0050 07       		.uleb128 0x7
 1563 0051 21       		.uleb128 0x21
 1564 0052 00       		.byte	0
 1565 0053 49       		.uleb128 0x49
 1566 0054 13       		.uleb128 0x13
 1567 0055 2F       		.uleb128 0x2f
 1568 0056 0B       		.uleb128 0xb
 1569 0057 00       		.byte	0
 1570 0058 00       		.byte	0
 1571 0059 08       		.uleb128 0x8
 1572 005a 0F       		.uleb128 0xf
 1573 005b 00       		.byte	0
 1574 005c 0B       		.uleb128 0xb
 1575 005d 0B       		.uleb128 0xb
 1576 005e 49       		.uleb128 0x49
 1577 005f 13       		.uleb128 0x13
 1578 0060 00       		.byte	0
 1579 0061 00       		.byte	0
 1580 0062 09       		.uleb128 0x9
 1581 0063 15       		.uleb128 0x15
 1582 0064 00       		.byte	0
 1583 0065 27       		.uleb128 0x27
 1584 0066 0C       		.uleb128 0xc
 1585 0067 00       		.byte	0
 1586 0068 00       		.byte	0
 1587 0069 0A       		.uleb128 0xa
 1588 006a 16       		.uleb128 0x16
 1589 006b 00       		.byte	0
 1590 006c 03       		.uleb128 0x3
 1591 006d 08       		.uleb128 0x8
 1592 006e 3A       		.uleb128 0x3a
 1593 006f 0B       		.uleb128 0xb
 1594 0070 3B       		.uleb128 0x3b
 1595 0071 05       		.uleb128 0x5
 1596 0072 49       		.uleb128 0x49
 1597 0073 13       		.uleb128 0x13
 1598 0074 00       		.byte	0
 1599 0075 00       		.byte	0
GAS Infineon TriCore Little Endian C:\\Users\\user1\\AppData\\Local\\Temp\\rta_RTAOS_638388406317960277_1736001\\ccqwgO6a.s 			page 36


 1600 0076 0B       		.uleb128 0xb
 1601 0077 35       		.uleb128 0x35
 1602 0078 00       		.byte	0
 1603 0079 49       		.uleb128 0x49
 1604 007a 13       		.uleb128 0x13
 1605 007b 00       		.byte	0
 1606 007c 00       		.byte	0
 1607 007d 0C       		.uleb128 0xc
 1608 007e 13       		.uleb128 0x13
 1609 007f 01       		.byte	0x1
 1610 0080 03       		.uleb128 0x3
 1611 0081 08       		.uleb128 0x8
 1612 0082 0B       		.uleb128 0xb
 1613 0083 0B       		.uleb128 0xb
 1614 0084 3A       		.uleb128 0x3a
 1615 0085 0B       		.uleb128 0xb
 1616 0086 3B       		.uleb128 0x3b
 1617 0087 05       		.uleb128 0x5
 1618 0088 01       		.uleb128 0x1
 1619 0089 13       		.uleb128 0x13
 1620 008a 00       		.byte	0
 1621 008b 00       		.byte	0
 1622 008c 0D       		.uleb128 0xd
 1623 008d 0D       		.uleb128 0xd
 1624 008e 00       		.byte	0
 1625 008f 03       		.uleb128 0x3
 1626 0090 08       		.uleb128 0x8
 1627 0091 3A       		.uleb128 0x3a
 1628 0092 0B       		.uleb128 0xb
 1629 0093 3B       		.uleb128 0x3b
 1630 0094 05       		.uleb128 0x5
 1631 0095 49       		.uleb128 0x49
 1632 0096 13       		.uleb128 0x13
 1633 0097 38       		.uleb128 0x38
 1634 0098 0A       		.uleb128 0xa
 1635 0099 00       		.byte	0
 1636 009a 00       		.byte	0
 1637 009b 0E       		.uleb128 0xe
 1638 009c 0D       		.uleb128 0xd
 1639 009d 00       		.byte	0
 1640 009e 03       		.uleb128 0x3
 1641 009f 0E       		.uleb128 0xe
 1642 00a0 3A       		.uleb128 0x3a
 1643 00a1 0B       		.uleb128 0xb
 1644 00a2 3B       		.uleb128 0x3b
 1645 00a3 05       		.uleb128 0x5
 1646 00a4 49       		.uleb128 0x49
 1647 00a5 13       		.uleb128 0x13
 1648 00a6 38       		.uleb128 0x38
 1649 00a7 0A       		.uleb128 0xa
 1650 00a8 00       		.byte	0
 1651 00a9 00       		.byte	0
 1652 00aa 0F       		.uleb128 0xf
 1653 00ab 26       		.uleb128 0x26
 1654 00ac 00       		.byte	0
 1655 00ad 49       		.uleb128 0x49
 1656 00ae 13       		.uleb128 0x13
GAS Infineon TriCore Little Endian C:\\Users\\user1\\AppData\\Local\\Temp\\rta_RTAOS_638388406317960277_1736001\\ccqwgO6a.s 			page 37


 1657 00af 00       		.byte	0
 1658 00b0 00       		.byte	0
 1659 00b1 10       		.uleb128 0x10
 1660 00b2 17       		.uleb128 0x17
 1661 00b3 01       		.byte	0x1
 1662 00b4 0B       		.uleb128 0xb
 1663 00b5 0B       		.uleb128 0xb
 1664 00b6 3A       		.uleb128 0x3a
 1665 00b7 0B       		.uleb128 0xb
 1666 00b8 3B       		.uleb128 0x3b
 1667 00b9 05       		.uleb128 0x5
 1668 00ba 01       		.uleb128 0x1
 1669 00bb 13       		.uleb128 0x13
 1670 00bc 00       		.byte	0
 1671 00bd 00       		.byte	0
 1672 00be 11       		.uleb128 0x11
 1673 00bf 0D       		.uleb128 0xd
 1674 00c0 00       		.byte	0
 1675 00c1 03       		.uleb128 0x3
 1676 00c2 08       		.uleb128 0x8
 1677 00c3 3A       		.uleb128 0x3a
 1678 00c4 0B       		.uleb128 0xb
 1679 00c5 3B       		.uleb128 0x3b
 1680 00c6 05       		.uleb128 0x5
 1681 00c7 49       		.uleb128 0x49
 1682 00c8 13       		.uleb128 0x13
 1683 00c9 00       		.byte	0
 1684 00ca 00       		.byte	0
 1685 00cb 12       		.uleb128 0x12
 1686 00cc 0D       		.uleb128 0xd
 1687 00cd 00       		.byte	0
 1688 00ce 03       		.uleb128 0x3
 1689 00cf 0E       		.uleb128 0xe
 1690 00d0 3A       		.uleb128 0x3a
 1691 00d1 0B       		.uleb128 0xb
 1692 00d2 3B       		.uleb128 0x3b
 1693 00d3 05       		.uleb128 0x5
 1694 00d4 49       		.uleb128 0x49
 1695 00d5 13       		.uleb128 0x13
 1696 00d6 00       		.byte	0
 1697 00d7 00       		.byte	0
 1698 00d8 13       		.uleb128 0x13
 1699 00d9 13       		.uleb128 0x13
 1700 00da 01       		.byte	0x1
 1701 00db 0B       		.uleb128 0xb
 1702 00dc 0B       		.uleb128 0xb
 1703 00dd 3A       		.uleb128 0x3a
 1704 00de 0B       		.uleb128 0xb
 1705 00df 3B       		.uleb128 0x3b
 1706 00e0 05       		.uleb128 0x5
 1707 00e1 01       		.uleb128 0x1
 1708 00e2 13       		.uleb128 0x13
 1709 00e3 00       		.byte	0
 1710 00e4 00       		.byte	0
 1711 00e5 14       		.uleb128 0x14
 1712 00e6 2E       		.uleb128 0x2e
 1713 00e7 01       		.byte	0x1
GAS Infineon TriCore Little Endian C:\\Users\\user1\\AppData\\Local\\Temp\\rta_RTAOS_638388406317960277_1736001\\ccqwgO6a.s 			page 38


 1714 00e8 3F       		.uleb128 0x3f
 1715 00e9 0C       		.uleb128 0xc
 1716 00ea 03       		.uleb128 0x3
 1717 00eb 08       		.uleb128 0x8
 1718 00ec 3A       		.uleb128 0x3a
 1719 00ed 0B       		.uleb128 0xb
 1720 00ee 3B       		.uleb128 0x3b
 1721 00ef 05       		.uleb128 0x5
 1722 00f0 27       		.uleb128 0x27
 1723 00f1 0C       		.uleb128 0xc
 1724 00f2 49       		.uleb128 0x49
 1725 00f3 13       		.uleb128 0x13
 1726 00f4 11       		.uleb128 0x11
 1727 00f5 01       		.uleb128 0x1
 1728 00f6 12       		.uleb128 0x12
 1729 00f7 01       		.uleb128 0x1
 1730 00f8 40       		.uleb128 0x40
 1731 00f9 0A       		.uleb128 0xa
 1732 00fa 9742     		.uleb128 0x2117
 1733 00fc 0C       		.uleb128 0xc
 1734 00fd 01       		.uleb128 0x1
 1735 00fe 13       		.uleb128 0x13
 1736 00ff 00       		.byte	0
 1737 0100 00       		.byte	0
 1738 0101 15       		.uleb128 0x15
 1739 0102 34       		.uleb128 0x34
 1740 0103 00       		.byte	0
 1741 0104 03       		.uleb128 0x3
 1742 0105 08       		.uleb128 0x8
 1743 0106 3A       		.uleb128 0x3a
 1744 0107 0B       		.uleb128 0xb
 1745 0108 3B       		.uleb128 0x3b
 1746 0109 05       		.uleb128 0x5
 1747 010a 49       		.uleb128 0x49
 1748 010b 13       		.uleb128 0x13
 1749 010c 02       		.uleb128 0x2
 1750 010d 0A       		.uleb128 0xa
 1751 010e 00       		.byte	0
 1752 010f 00       		.byte	0
 1753 0110 16       		.uleb128 0x16
 1754 0111 34       		.uleb128 0x34
 1755 0112 00       		.byte	0
 1756 0113 03       		.uleb128 0x3
 1757 0114 08       		.uleb128 0x8
 1758 0115 3A       		.uleb128 0x3a
 1759 0116 0B       		.uleb128 0xb
 1760 0117 3B       		.uleb128 0x3b
 1761 0118 05       		.uleb128 0x5
 1762 0119 49       		.uleb128 0x49
 1763 011a 13       		.uleb128 0x13
 1764 011b 02       		.uleb128 0x2
 1765 011c 06       		.uleb128 0x6
 1766 011d 00       		.byte	0
 1767 011e 00       		.byte	0
 1768 011f 17       		.uleb128 0x17
 1769 0120 34       		.uleb128 0x34
 1770 0121 00       		.byte	0
GAS Infineon TriCore Little Endian C:\\Users\\user1\\AppData\\Local\\Temp\\rta_RTAOS_638388406317960277_1736001\\ccqwgO6a.s 			page 39


 1771 0122 03       		.uleb128 0x3
 1772 0123 08       		.uleb128 0x8
 1773 0124 3A       		.uleb128 0x3a
 1774 0125 0B       		.uleb128 0xb
 1775 0126 3B       		.uleb128 0x3b
 1776 0127 05       		.uleb128 0x5
 1777 0128 49       		.uleb128 0x49
 1778 0129 13       		.uleb128 0x13
 1779 012a 00       		.byte	0
 1780 012b 00       		.byte	0
 1781 012c 18       		.uleb128 0x18
 1782 012d 0B       		.uleb128 0xb
 1783 012e 01       		.byte	0x1
 1784 012f 11       		.uleb128 0x11
 1785 0130 01       		.uleb128 0x1
 1786 0131 12       		.uleb128 0x12
 1787 0132 01       		.uleb128 0x1
 1788 0133 01       		.uleb128 0x1
 1789 0134 13       		.uleb128 0x13
 1790 0135 00       		.byte	0
 1791 0136 00       		.byte	0
 1792 0137 19       		.uleb128 0x19
 1793 0138 34       		.uleb128 0x34
 1794 0139 00       		.byte	0
 1795 013a 03       		.uleb128 0x3
 1796 013b 08       		.uleb128 0x8
 1797 013c 3A       		.uleb128 0x3a
 1798 013d 0B       		.uleb128 0xb
 1799 013e 3B       		.uleb128 0x3b
 1800 013f 05       		.uleb128 0x5
 1801 0140 49       		.uleb128 0x49
 1802 0141 13       		.uleb128 0x13
 1803 0142 1C       		.uleb128 0x1c
 1804 0143 05       		.uleb128 0x5
 1805 0144 00       		.byte	0
 1806 0145 00       		.byte	0
 1807 0146 1A       		.uleb128 0x1a
 1808 0147 898201   		.uleb128 0x4109
 1809 014a 00       		.byte	0
 1810 014b 11       		.uleb128 0x11
 1811 014c 01       		.uleb128 0x1
 1812 014d 31       		.uleb128 0x31
 1813 014e 13       		.uleb128 0x13
 1814 014f 00       		.byte	0
 1815 0150 00       		.byte	0
 1816 0151 1B       		.uleb128 0x1b
 1817 0152 21       		.uleb128 0x21
 1818 0153 00       		.byte	0
 1819 0154 00       		.byte	0
 1820 0155 00       		.byte	0
 1821 0156 1C       		.uleb128 0x1c
 1822 0157 34       		.uleb128 0x34
 1823 0158 00       		.byte	0
 1824 0159 03       		.uleb128 0x3
 1825 015a 08       		.uleb128 0x8
 1826 015b 3A       		.uleb128 0x3a
 1827 015c 0B       		.uleb128 0xb
GAS Infineon TriCore Little Endian C:\\Users\\user1\\AppData\\Local\\Temp\\rta_RTAOS_638388406317960277_1736001\\ccqwgO6a.s 			page 40


 1828 015d 3B       		.uleb128 0x3b
 1829 015e 05       		.uleb128 0x5
 1830 015f 49       		.uleb128 0x49
 1831 0160 13       		.uleb128 0x13
 1832 0161 3F       		.uleb128 0x3f
 1833 0162 0C       		.uleb128 0xc
 1834 0163 3C       		.uleb128 0x3c
 1835 0164 0C       		.uleb128 0xc
 1836 0165 00       		.byte	0
 1837 0166 00       		.byte	0
 1838 0167 1D       		.uleb128 0x1d
 1839 0168 2E       		.uleb128 0x2e
 1840 0169 00       		.byte	0
 1841 016a 3F       		.uleb128 0x3f
 1842 016b 0C       		.uleb128 0xc
 1843 016c 03       		.uleb128 0x3
 1844 016d 08       		.uleb128 0x8
 1845 016e 3A       		.uleb128 0x3a
 1846 016f 0B       		.uleb128 0xb
 1847 0170 3B       		.uleb128 0x3b
 1848 0171 05       		.uleb128 0x5
 1849 0172 27       		.uleb128 0x27
 1850 0173 0C       		.uleb128 0xc
 1851 0174 49       		.uleb128 0x49
 1852 0175 13       		.uleb128 0x13
 1853 0176 3C       		.uleb128 0x3c
 1854 0177 0C       		.uleb128 0xc
 1855 0178 00       		.byte	0
 1856 0179 00       		.byte	0
 1857 017a 00       		.byte	0
 1858              	.section .debug_loc,"",@progbits
 1859              	.Ldebug_loc0:
 1860              	.LLST0:
 1861 0000 00000000 		.uaword	.LVL4
 1862 0004 00000000 		.uaword	.LVL9
 1863 0008 0100     		.uahalf	0x1
 1864 000a 5F       		.byte	0x5f
 1865 000b 00000000 		.uaword	0
 1866 000f 00000000 		.uaword	0
 1867              	.LLST1:
 1868 0013 00000000 		.uaword	.LVL1
 1869 0017 00000000 		.uaword	.LVL7
 1870 001b 0100     		.uahalf	0x1
 1871 001d 6F       		.byte	0x6f
 1872 001e 00000000 		.uaword	0
 1873 0022 00000000 		.uaword	0
 1874              	.LLST2:
 1875 0026 00000000 		.uaword	.LVL3
 1876 002a 00000000 		.uaword	.LVL4
 1877 002e 0100     		.uahalf	0x1
 1878 0030 5F       		.byte	0x5f
 1879 0031 00000000 		.uaword	0
 1880 0035 00000000 		.uaword	0
 1881              	.LLST3:
 1882 0039 00000000 		.uaword	.LVL0
 1883 003d 00000000 		.uaword	.LVL3
 1884 0041 0100     		.uahalf	0x1
GAS Infineon TriCore Little Endian C:\\Users\\user1\\AppData\\Local\\Temp\\rta_RTAOS_638388406317960277_1736001\\ccqwgO6a.s 			page 41


 1885 0043 5F       		.byte	0x5f
 1886 0044 00000000 		.uaword	0
 1887 0048 00000000 		.uaword	0
 1888              	.LLST6:
 1889 004c 00000000 		.uaword	.LVL8
 1890 0050 00000000 		.uaword	.LVL9
 1891 0054 0100     		.uahalf	0x1
 1892 0056 5F       		.byte	0x5f
 1893 0057 00000000 		.uaword	0
 1894 005b 00000000 		.uaword	0
 1895              	.section .debug_aranges,"",@progbits
 1896 0000 1C000000 		.uaword	0x1c
 1897 0004 0200     		.uahalf	0x2
 1898 0006 00000000 		.uaword	.Ldebug_info0
 1899 000a 04       		.byte	0x4
 1900 000b 00       		.byte	0
 1901 000c 0000     		.uahalf	0
 1902 000e 0000     		.uahalf	0
 1903 0010 00000000 		.uaword	.LFB0
 1904 0014 62000000 		.uaword	.LFE0-.LFB0
 1905 0018 00000000 		.uaword	0
 1906 001c 00000000 		.uaword	0
 1907              	.section .debug_ranges,"",@progbits
 1908              	.Ldebug_ranges0:
 1909 0000 00000000 		.uaword	.LFB0
 1910 0004 00000000 		.uaword	.LFE0
 1911 0008 00000000 		.uaword	0
 1912 000c 00000000 		.uaword	0
 1913              	.section .debug_line,"",@progbits
 1914              	.Ldebug_line0:
 1915 0000 3E010000 	.section .debug_str,"",@progbits
 1915      02001601 
 1915      00000201 
 1915      FB0E0D00 
 1915      01010101 
 1916              	.LASF4:
 1917 0000 6170706C 		.string	"application"
 1917      69636174 
 1917      696F6E00 
 1918              	.LASF2:
 1919 000c 64796E61 		.string	"dynamic"
 1919      6D696300 
 1920              	.LASF5:
 1921 0014 61637469 		.string	"activation_count"
 1921      76617469 
 1921      6F6E5F63 
 1921      6F756E74 
 1921      00
 1922              	.LASF6:
 1923 0025 74706D61 		.string	"tpmask"
 1923      736B00
 1924              	.LASF1:
 1925 002c 656E7472 		.string	"entry_function"
 1925      795F6675 
 1925      6E637469 
 1925      6F6E00
 1926              	.LASF3:
GAS Infineon TriCore Little Endian C:\\Users\\user1\\AppData\\Local\\Temp\\rta_RTAOS_638388406317960277_1736001\\ccqwgO6a.s 			page 42


 1927 003b 61636365 		.string	"access"
 1927      737300
 1928              	.LASF0:
 1929 0042 7265736F 		.string	"resource_count"
 1929      75726365 
 1929      5F636F75 
 1929      6E7400
 1930              		.extern	Os_Cbk_GetStopwatch,STT_FUNC,0
 1931              		.extern	Os_const_coreconfiguration,STT_OBJECT,-1
 1932              		.ident	"GCC: (HighTec Release HDP-v4.9.4.1-11fcedf) 4.9.4 build on 2020-09-01"
