GAS Infineon TriCore Little Endian C:\\Users\\user1\\AppData\\Local\\Temp\\rta_RTAOS_638388406317960277_1736001\\ccy6UTrv.s 			page 1


   1              		.file	"GetIsrMaxStackUsage.c"
   2              	.section .text,"ax",@progbits
   3              	.Ltext0:
   4              	.section .text.Os_GetISRMaxStackUsage,"ax",@progbits
   5              		.align 1
   6              		.global	Os_GetISRMaxStackUsage
   7              		.type	Os_GetISRMaxStackUsage, @function
   8              	Os_GetISRMaxStackUsage:
   9              	.LFB0:
  10              		.file 1 "C:\\Users\\user1\\AppData\\Local\\Temp\\rta_RTAOS_638388406317960277_1736001\\GetIsrMaxSt
  11              		.loc 1 1367 0
  12              	.LVL0:
  13              	.LBB2:
  14              		.loc 1 1370 0
  15              	#APP
  16              		# 1370 "C:\Users\user1\AppData\Local\Temp\rta_RTAOS_638388406317960277_1736001\GetIsrMaxStackUsage
  17 0000 4DC0E1FF 		mfcr %d15,0xfe1c
  18              		# 0 "" 2
  19              	.LVL1:
  20              	#NO_APP
  21              	.LBE2:
  22              		.loc 1 1371 0
  23 0004 910000F0 		movh.a	%a15, hi:Os_const_coreconfiguration
  24 0008 80F3     		mov.d	%d3, %a15
  25 000a 1B030020 		addi	%d2, %d3, lo:Os_const_coreconfiguration
  26 000e 138F2132 		madd	%d3, %d2, %d15, 24
  27 0012 603F     		mov.a	%a15, %d3
  28 0014 C81F     		ld.a	%a15, [%a15] 4
  29              	.LVL2:
  30              	.LBB3:
  31              		.loc 1 1372 0
  32              	#APP
  33              		# 1372 "C:\Users\user1\AppData\Local\Temp\rta_RTAOS_638388406317960277_1736001\GetIsrMaxStackUsage
  34 0016 4D40E0FF 		mfcr %d15,0xfe04
  35              		# 0 "" 2
  36              	.LVL3:
  37              	#NO_APP
  38              	.LBE3:
  39              		.loc 1 1373 0
  40 001a AEB3     		jnz.t	%d15, 11, .L2
  41              		.loc 1 1373 0 is_stmt 0 discriminator 1
  42              	#APP
  43              		# 1373 "C:\Users\user1\AppData\Local\Temp\rta_RTAOS_638388406317960277_1736001\GetIsrMaxStackUsage
  44 001c AD008000 		syscall 0
  45              		# 0 "" 2
  46              	#NO_APP
  47              	.L2:
  48              	.LBB4:
  49              		.loc 1 1374 0 is_stmt 1
  50              	#APP
  51              		# 1374 "C:\Users\user1\AppData\Local\Temp\rta_RTAOS_638388406317960277_1736001\GetIsrMaxStackUsage
  52 0020 4DC0E2FF 		mfcr %d15,0xFE2C
  53              		# 0 "" 2
  54              	.LVL4:
  55              	#NO_APP
  56              	.LBE4:
  57              	#APP
GAS Infineon TriCore Little Endian C:\\Users\\user1\\AppData\\Local\\Temp\\rta_RTAOS_638388406317960277_1736001\\ccy6UTrv.s 			page 2


  58              		# 1374 "C:\Users\user1\AppData\Local\Temp\rta_RTAOS_638388406317960277_1736001\GetIsrMaxStackUsage
  59 0024 0D004003 		disable
  60              		# 0 "" 2
  61              	.LVL5:
  62              	#NO_APP
  63              	.LBB5:
  64 0028 BBF00F28 		mov.u	%d2, 33023
  65              	#APP
  66              		# 1374 "C:\Users\user1\AppData\Local\Temp\rta_RTAOS_638388406317960277_1736001\GetIsrMaxStackUsage
  67 002c CDC2E20F 		mtcr 0xFE2C,%d2
  68              		# 0 "" 2
  69              	#NO_APP
  70              	.LBE5:
  71              	#APP
  72              		# 1374 "C:\Users\user1\AppData\Local\Temp\rta_RTAOS_638388406317960277_1736001\GetIsrMaxStackUsage
  73 0030 0D00C004 		isync
  74              		# 0 "" 2
  75              		.loc 1 1375 0
  76              	#NO_APP
  77 0034 3B100620 		mov	%d2, 97
  78 0038 E9F21800 		st.b	[%a15] 24, %d2
  79              	.LVL6:
  80              	.LBB6:
  81              		.loc 1 1377 0
  82              	#APP
  83              		# 1377 "C:\Users\user1\AppData\Local\Temp\rta_RTAOS_638388406317960277_1736001\GetIsrMaxStackUsage
  84 003c CDCFE20F 		mtcr 0xFE2C,%d15
  85              		# 0 "" 2
  86              	#NO_APP
  87              	.LBE6:
  88              	#APP
  89              		# 1377 "C:\Users\user1\AppData\Local\Temp\rta_RTAOS_638388406317960277_1736001\GetIsrMaxStackUsage
  90 0040 0D00C004 		isync
  91              		# 0 "" 2
  92              		.loc 1 1378 0
  93              	#NO_APP
  94 0044 DA60     		mov	%d15, 96
  95              	.LVL7:
  96 0046 E9FF1800 		st.b	[%a15] 24, %d15
  97              		.loc 1 1381 0
  98 004a D202     		mov	%e2, 0
  99 004c 0090     		ret
 100              	.LFE0:
 101              		.size	Os_GetISRMaxStackUsage, .-Os_GetISRMaxStackUsage
 102              	.section .debug_frame,"",@progbits
 103              	.Lframe0:
 104 0000 0C000000 		.uaword	.LECIE0-.LSCIE0
 105              	.LSCIE0:
 106 0004 FFFFFFFF 		.uaword	0xffffffff
 107 0008 01       		.byte	0x1
 108 0009 00       		.string	""
 109 000a 01       		.uleb128 0x1
 110 000b 01       		.sleb128 1
 111 000c 1B       		.byte	0x1b
 112 000d 0C       		.byte	0xc
 113 000e 1A       		.uleb128 0x1a
 114 000f 00       		.uleb128 0
GAS Infineon TriCore Little Endian C:\\Users\\user1\\AppData\\Local\\Temp\\rta_RTAOS_638388406317960277_1736001\\ccy6UTrv.s 			page 3


 115              		.align 2
 116              	.LECIE0:
 117              	.LSFDE0:
 118 0010 0C000000 		.uaword	.LEFDE0-.LASFDE0
 119              	.LASFDE0:
 120 0014 00000000 		.uaword	.Lframe0
 121 0018 00000000 		.uaword	.LFB0
 122 001c 4E000000 		.uaword	.LFE0-.LFB0
 123              		.align 2
 124              	.LEFDE0:
 125              	.section .text,"ax",@progbits
 126              	.Letext0:
 127              		.file 2 "D:\\home\\user123\\user\\Mohan6_VectorSIP\\21Dec23\\15Dec23_CAN_merge_21stDec\\25_Softwar
 128              		.file 3 "D:\\home\\user123\\user\\Mohan6_VectorSIP\\21Dec23\\15Dec23_CAN_merge_21stDec\\25_Softwar
 129              	.section .debug_info,"",@progbits
 130              	.Ldebug_info0:
 131 0000 5E110000 		.uaword	0x115e
 132 0004 0200     		.uahalf	0x2
 133 0006 00000000 		.uaword	.Ldebug_abbrev0
 134 000a 04       		.byte	0x4
 135 000b 01       		.uleb128 0x1
 136 000c 474E5520 		.ascii	"GNU C 4."
 136      4320342E 
 137 0014 392E3420 		.string	"9.4 build on 2020-09-01 -mlicense-dir=c:\\hightec\\toolchains\\tricore\\v4.9.4.1\\bin\\..
 137      6275696C 
 137      64206F6E 
 137      20323032 
 137      302D3039 
 138 0115 01       		.byte	0x1
 139 0116 433A5C55 		.string	"C:\\Users\\user1\\AppData\\Local\\Temp\\rta_RTAOS_638388406317960277_1736001\\GetIsrMaxSt
 139      73657273 
 139      5C757365 
 139      72315C41 
 139      70704461 
 140 0173 00000000 		.uaword	.Ldebug_ranges0+0
 141 0177 00000000 		.uaword	0
 142 017b 00000000 		.uaword	0
 143 017f 00000000 		.uaword	.Ldebug_line0
 144 0183 02       		.uleb128 0x2
 145 0184 75696E74 		.string	"uint8"
 145      3800
 146 018a 02       		.byte	0x2
 147 018b 34       		.byte	0x34
 148 018c 90010000 		.uaword	0x190
 149 0190 03       		.uleb128 0x3
 150 0191 01       		.byte	0x1
 151 0192 08       		.byte	0x8
 152 0193 756E7369 		.string	"unsigned char"
 152      676E6564 
 152      20636861 
 152      7200
 153 01a1 02       		.uleb128 0x2
 154 01a2 75696E74 		.string	"uint16"
 154      313600
 155 01a9 02       		.byte	0x2
 156 01aa 35       		.byte	0x35
 157 01ab AF010000 		.uaword	0x1af
GAS Infineon TriCore Little Endian C:\\Users\\user1\\AppData\\Local\\Temp\\rta_RTAOS_638388406317960277_1736001\\ccy6UTrv.s 			page 4


 158 01af 03       		.uleb128 0x3
 159 01b0 02       		.byte	0x2
 160 01b1 07       		.byte	0x7
 161 01b2 73686F72 		.string	"short unsigned int"
 161      7420756E 
 161      7369676E 
 161      65642069 
 161      6E7400
 162 01c5 02       		.uleb128 0x2
 163 01c6 75696E74 		.string	"uint32"
 163      333200
 164 01cd 02       		.byte	0x2
 165 01ce 36       		.byte	0x36
 166 01cf D3010000 		.uaword	0x1d3
 167 01d3 03       		.uleb128 0x3
 168 01d4 04       		.byte	0x4
 169 01d5 07       		.byte	0x7
 170 01d6 756E7369 		.string	"unsigned int"
 170      676E6564 
 170      20696E74 
 170      00
 171 01e3 03       		.uleb128 0x3
 172 01e4 01       		.byte	0x1
 173 01e5 06       		.byte	0x6
 174 01e6 7369676E 		.string	"signed char"
 174      65642063 
 174      68617200 
 175 01f2 03       		.uleb128 0x3
 176 01f3 02       		.byte	0x2
 177 01f4 05       		.byte	0x5
 178 01f5 73686F72 		.string	"short int"
 178      7420696E 
 178      7400
 179 01ff 03       		.uleb128 0x3
 180 0200 04       		.byte	0x4
 181 0201 05       		.byte	0x5
 182 0202 696E7400 		.string	"int"
 183 0206 03       		.uleb128 0x3
 184 0207 04       		.byte	0x4
 185 0208 04       		.byte	0x4
 186 0209 666C6F61 		.string	"float"
 186      7400
 187 020f 03       		.uleb128 0x3
 188 0210 08       		.byte	0x8
 189 0211 04       		.byte	0x4
 190 0212 646F7562 		.string	"double"
 190      6C6500
 191 0219 03       		.uleb128 0x3
 192 021a 08       		.byte	0x8
 193 021b 05       		.byte	0x5
 194 021c 6C6F6E67 		.string	"long long int"
 194      206C6F6E 
 194      6720696E 
 194      7400
 195 022a 03       		.uleb128 0x3
 196 022b 08       		.byte	0x8
 197 022c 07       		.byte	0x7
GAS Infineon TriCore Little Endian C:\\Users\\user1\\AppData\\Local\\Temp\\rta_RTAOS_638388406317960277_1736001\\ccy6UTrv.s 			page 5


 198 022d 6C6F6E67 		.string	"long long unsigned int"
 198      206C6F6E 
 198      6720756E 
 198      7369676E 
 198      65642069 
 199 0244 02       		.uleb128 0x2
 200 0245 626F6F6C 		.string	"boolean"
 200      65616E00 
 201 024d 02       		.byte	0x2
 202 024e 49       		.byte	0x49
 203 024f 90010000 		.uaword	0x190
 204 0253 02       		.uleb128 0x2
 205 0254 53746174 		.string	"StatusType"
 205      75735479 
 205      706500
 206 025f 03       		.byte	0x3
 207 0260 28       		.byte	0x28
 208 0261 90010000 		.uaword	0x190
 209 0265 04       		.uleb128 0x4
 210 0266 08       		.byte	0x8
 211 0267 01       		.byte	0x1
 212 0268 7C       		.byte	0x7c
 213 0269 A4020000 		.uaword	0x2a4
 214 026d 05       		.uleb128 0x5
 215 026e 436C6173 		.string	"Class"
 215      7300
 216 0274 01       		.byte	0x1
 217 0275 7D       		.byte	0x7d
 218 0276 83010000 		.uaword	0x183
 219 027a 02       		.byte	0x2
 220 027b 23       		.byte	0x23
 221 027c 00       		.uleb128 0
 222 027d 05       		.uleb128 0x5
 223 027e 54494E00 		.string	"TIN"
 224 0282 01       		.byte	0x1
 225 0283 7E       		.byte	0x7e
 226 0284 83010000 		.uaword	0x183
 227 0288 02       		.byte	0x2
 228 0289 23       		.byte	0x23
 229 028a 01       		.uleb128 0x1
 230 028b 05       		.uleb128 0x5
 231 028c 52657475 		.string	"ReturnAddress"
 231      726E4164 
 231      64726573 
 231      7300
 232 029a 01       		.byte	0x1
 233 029b 7F       		.byte	0x7f
 234 029c C5010000 		.uaword	0x1c5
 235 02a0 02       		.byte	0x2
 236 02a1 23       		.byte	0x23
 237 02a2 04       		.uleb128 0x4
 238 02a3 00       		.byte	0
 239 02a4 02       		.uleb128 0x2
 240 02a5 4F735472 		.string	"OsTrapInfoType"
 240      6170496E 
 240      666F5479 
 240      706500
GAS Infineon TriCore Little Endian C:\\Users\\user1\\AppData\\Local\\Temp\\rta_RTAOS_638388406317960277_1736001\\ccy6UTrv.s 			page 6


 241 02b4 01       		.byte	0x1
 242 02b5 80       		.byte	0x80
 243 02b6 65020000 		.uaword	0x265
 244 02ba 02       		.uleb128 0x2
 245 02bb 75696E74 		.string	"uint32_aligned"
 245      33325F61 
 245      6C69676E 
 245      656400
 246 02ca 01       		.byte	0x1
 247 02cb 86       		.byte	0x86
 248 02cc C5010000 		.uaword	0x1c5
 249 02d0 04       		.uleb128 0x4
 250 02d1 44       		.byte	0x44
 251 02d2 01       		.byte	0x1
 252 02d3 AB       		.byte	0xab
 253 02d4 E9020000 		.uaword	0x2e9
 254 02d8 05       		.uleb128 0x5
 255 02d9 73746F72 		.string	"store"
 255      6500
 256 02df 01       		.byte	0x1
 257 02e0 AC       		.byte	0xac
 258 02e1 E9020000 		.uaword	0x2e9
 259 02e5 02       		.byte	0x2
 260 02e6 23       		.byte	0x23
 261 02e7 00       		.uleb128 0
 262 02e8 00       		.byte	0
 263 02e9 06       		.uleb128 0x6
 264 02ea C5010000 		.uaword	0x1c5
 265 02ee F9020000 		.uaword	0x2f9
 266 02f2 07       		.uleb128 0x7
 267 02f3 F9020000 		.uaword	0x2f9
 268 02f7 10       		.byte	0x10
 269 02f8 00       		.byte	0
 270 02f9 03       		.uleb128 0x3
 271 02fa 04       		.byte	0x4
 272 02fb 07       		.byte	0x7
 273 02fc 73697A65 		.string	"sizetype"
 273      74797065 
 273      00
 274 0305 02       		.uleb128 0x2
 275 0306 4F735F4A 		.string	"Os_JumpBufType"
 275      756D7042 
 275      75665479 
 275      706500
 276 0315 01       		.byte	0x1
 277 0316 AD       		.byte	0xad
 278 0317 1B030000 		.uaword	0x31b
 279 031b 06       		.uleb128 0x6
 280 031c D0020000 		.uaword	0x2d0
 281 0320 2B030000 		.uaword	0x32b
 282 0324 07       		.uleb128 0x7
 283 0325 F9020000 		.uaword	0x2f9
 284 0329 00       		.byte	0
 285 032a 00       		.byte	0
 286 032b 02       		.uleb128 0x2
 287 032c 4F735F52 		.string	"Os_ResourceCountType"
 287      65736F75 
GAS Infineon TriCore Little Endian C:\\Users\\user1\\AppData\\Local\\Temp\\rta_RTAOS_638388406317960277_1736001\\ccy6UTrv.s 			page 7


 287      72636543 
 287      6F756E74 
 287      54797065 
 288 0341 01       		.byte	0x1
 289 0342 BE       		.byte	0xbe
 290 0343 90010000 		.uaword	0x190
 291 0347 02       		.uleb128 0x2
 292 0348 4F735F53 		.string	"Os_StackTraceType"
 292      7461636B 
 292      54726163 
 292      65547970 
 292      6500
 293 035a 01       		.byte	0x1
 294 035b BF       		.byte	0xbf
 295 035c D3010000 		.uaword	0x1d3
 296 0360 04       		.uleb128 0x4
 297 0361 08       		.byte	0x8
 298 0362 01       		.byte	0x1
 299 0363 C0       		.byte	0xc0
 300 0364 84030000 		.uaword	0x384
 301 0368 05       		.uleb128 0x5
 302 0369 737000   		.string	"sp"
 303 036c 01       		.byte	0x1
 304 036d C0       		.byte	0xc0
 305 036e 47030000 		.uaword	0x347
 306 0372 02       		.byte	0x2
 307 0373 23       		.byte	0x23
 308 0374 00       		.uleb128 0
 309 0375 05       		.uleb128 0x5
 310 0376 63747800 		.string	"ctx"
 311 037a 01       		.byte	0x1
 312 037b C0       		.byte	0xc0
 313 037c 47030000 		.uaword	0x347
 314 0380 02       		.byte	0x2
 315 0381 23       		.byte	0x23
 316 0382 04       		.uleb128 0x4
 317 0383 00       		.byte	0
 318 0384 02       		.uleb128 0x2
 319 0385 4F735F53 		.string	"Os_StackValueType"
 319      7461636B 
 319      56616C75 
 319      65547970 
 319      6500
 320 0397 01       		.byte	0x1
 321 0398 C0       		.byte	0xc0
 322 0399 60030000 		.uaword	0x360
 323 039d 02       		.uleb128 0x2
 324 039e 4F735F53 		.string	"Os_StackSizeType"
 324      7461636B 
 324      53697A65 
 324      54797065 
 324      00
 325 03af 01       		.byte	0x1
 326 03b0 C1       		.byte	0xc1
 327 03b1 84030000 		.uaword	0x384
 328 03b5 02       		.uleb128 0x2
 329 03b6 4F735F56 		.string	"Os_VoidVoidFunctionType"
GAS Infineon TriCore Little Endian C:\\Users\\user1\\AppData\\Local\\Temp\\rta_RTAOS_638388406317960277_1736001\\ccy6UTrv.s 			page 8


 329      6F696456 
 329      6F696446 
 329      756E6374 
 329      696F6E54 
 330 03ce 01       		.byte	0x1
 331 03cf C7       		.byte	0xc7
 332 03d0 D4030000 		.uaword	0x3d4
 333 03d4 08       		.uleb128 0x8
 334 03d5 04       		.byte	0x4
 335 03d6 DA030000 		.uaword	0x3da
 336 03da 09       		.uleb128 0x9
 337 03db 01       		.byte	0x1
 338 03dc 02       		.uleb128 0x2
 339 03dd 4170706C 		.string	"ApplicationType"
 339      69636174 
 339      696F6E54 
 339      79706500 
 340 03ed 01       		.byte	0x1
 341 03ee D5       		.byte	0xd5
 342 03ef 90010000 		.uaword	0x190
 343 03f3 02       		.uleb128 0x2
 344 03f4 4F735F74 		.string	"Os_tmaskType"
 344      6D61736B 
 344      54797065 
 344      00
 345 0401 01       		.byte	0x1
 346 0402 D9       		.byte	0xd9
 347 0403 C5010000 		.uaword	0x1c5
 348 0407 02       		.uleb128 0x2
 349 0408 4F735F43 		.string	"Os_CoreStateType"
 349      6F726553 
 349      74617465 
 349      54797065 
 349      00
 350 0419 01       		.byte	0x1
 351 041a E7       		.byte	0xe7
 352 041b C5010000 		.uaword	0x1c5
 353 041f 02       		.uleb128 0x2
 354 0420 4F735F53 		.string	"Os_StopwatchTickType"
 354      746F7077 
 354      61746368 
 354      5469636B 
 354      54797065 
 355 0435 01       		.byte	0x1
 356 0436 FD       		.byte	0xfd
 357 0437 D3010000 		.uaword	0x1d3
 358 043b 0A       		.uleb128 0xa
 359 043c 4F735F54 		.string	"Os_TerminatorType"
 359      65726D69 
 359      6E61746F 
 359      72547970 
 359      6500
 360 044e 01       		.byte	0x1
 361 044f 0201     		.uahalf	0x102
 362 0451 55040000 		.uaword	0x455
 363 0455 08       		.uleb128 0x8
 364 0456 04       		.byte	0x4
GAS Infineon TriCore Little Endian C:\\Users\\user1\\AppData\\Local\\Temp\\rta_RTAOS_638388406317960277_1736001\\ccy6UTrv.s 			page 9


 365 0457 05030000 		.uaword	0x305
 366 045b 0A       		.uleb128 0xa
 367 045c 4F735F4C 		.string	"Os_Lockable"
 367      6F636B61 
 367      626C6500 
 368 0468 01       		.byte	0x1
 369 0469 0701     		.uahalf	0x107
 370 046b BA020000 		.uaword	0x2ba
 371 046f 0A       		.uleb128 0xa
 372 0470 436F7265 		.string	"CoreIdType"
 372      49645479 
 372      706500
 373 047b 01       		.byte	0x1
 374 047c 0901     		.uahalf	0x109
 375 047e A1010000 		.uaword	0x1a1
 376 0482 0B       		.uleb128 0xb
 377 0483 5B040000 		.uaword	0x45b
 378 0487 0C       		.uleb128 0xc
 379 0488 4F735F43 		.string	"Os_ControlledCoreType_s"
 379      6F6E7472 
 379      6F6C6C65 
 379      64436F72 
 379      65547970 
 380 04a0 58       		.byte	0x58
 381 04a1 01       		.byte	0x1
 382 04a2 1004     		.uahalf	0x410
 383 04a4 85060000 		.uaword	0x685
 384 04a8 0D       		.uleb128 0xd
 385 04a9 54726170 		.string	"TrapInfo"
 385      496E666F 
 385      00
 386 04b2 01       		.byte	0x1
 387 04b3 1104     		.uahalf	0x411
 388 04b5 A4020000 		.uaword	0x2a4
 389 04b9 02       		.byte	0x2
 390 04ba 23       		.byte	0x23
 391 04bb 00       		.uleb128 0
 392 04bc 0D       		.uleb128 0xd
 393 04bd 4572726F 		.string	"ErrorInformation"
 393      72496E66 
 393      6F726D61 
 393      74696F6E 
 393      00
 394 04ce 01       		.byte	0x1
 395 04cf 1204     		.uahalf	0x412
 396 04d1 180D0000 		.uaword	0xd18
 397 04d5 02       		.byte	0x2
 398 04d6 23       		.byte	0x23
 399 04d7 08       		.uleb128 0x8
 400 04d8 0D       		.uleb128 0xd
 401 04d9 6C6F636B 		.string	"lock_taskaccess"
 401      5F746173 
 401      6B616363 
 401      65737300 
 402 04e9 01       		.byte	0x1
 403 04ea 1304     		.uahalf	0x413
 404 04ec 82040000 		.uaword	0x482
GAS Infineon TriCore Little Endian C:\\Users\\user1\\AppData\\Local\\Temp\\rta_RTAOS_638388406317960277_1736001\\ccy6UTrv.s 			page 10


 405 04f0 02       		.byte	0x2
 406 04f1 23       		.byte	0x23
 407 04f2 18       		.uleb128 0x18
 408 04f3 0D       		.uleb128 0xd
 409 04f4 52656164 		.string	"ReadyTasks"
 409      79546173 
 409      6B7300
 410 04ff 01       		.byte	0x1
 411 0500 1404     		.uahalf	0x414
 412 0502 4E0D0000 		.uaword	0xd4e
 413 0506 02       		.byte	0x2
 414 0507 23       		.byte	0x23
 415 0508 1C       		.uleb128 0x1c
 416 0509 0D       		.uleb128 0xd
 417 050a 52756E6E 		.string	"RunningISR"
 417      696E6749 
 417      535200
 418 0515 01       		.byte	0x1
 419 0516 1504     		.uahalf	0x415
 420 0518 530D0000 		.uaword	0xd53
 421 051c 02       		.byte	0x2
 422 051d 23       		.byte	0x23
 423 051e 20       		.uleb128 0x20
 424 051f 0D       		.uleb128 0xd
 425 0520 52756E6E 		.string	"RunningTask"
 425      696E6754 
 425      61736B00 
 426 052c 01       		.byte	0x1
 427 052d 1604     		.uahalf	0x416
 428 052f 580D0000 		.uaword	0xd58
 429 0533 02       		.byte	0x2
 430 0534 23       		.byte	0x23
 431 0535 24       		.uleb128 0x24
 432 0536 0D       		.uleb128 0xd
 433 0537 52756E6E 		.string	"RunningTPMask"
 433      696E6754 
 433      504D6173 
 433      6B00
 434 0545 01       		.byte	0x1
 435 0546 1704     		.uahalf	0x417
 436 0548 5D0D0000 		.uaword	0xd5d
 437 054c 02       		.byte	0x2
 438 054d 23       		.byte	0x23
 439 054e 28       		.uleb128 0x28
 440 054f 0D       		.uleb128 0xd
 441 0550 5465726D 		.string	"TerminatingTasks"
 441      696E6174 
 441      696E6754 
 441      61736B73 
 441      00
 442 0561 01       		.byte	0x1
 443 0562 1804     		.uahalf	0x418
 444 0564 4E0D0000 		.uaword	0xd4e
 445 0568 02       		.byte	0x2
 446 0569 23       		.byte	0x23
 447 056a 2C       		.uleb128 0x2c
 448 056b 0D       		.uleb128 0xd
GAS Infineon TriCore Little Endian C:\\Users\\user1\\AppData\\Local\\Temp\\rta_RTAOS_638388406317960277_1736001\\ccy6UTrv.s 			page 11


 449 056c 4170706C 		.string	"Application"
 449      69636174 
 449      696F6E00 
 450 0578 01       		.byte	0x1
 451 0579 1904     		.uahalf	0x419
 452 057b DC030000 		.uaword	0x3dc
 453 057f 02       		.byte	0x2
 454 0580 23       		.byte	0x23
 455 0581 30       		.uleb128 0x30
 456 0582 0D       		.uleb128 0xd
 457 0583 43757272 		.string	"CurrentTerminator"
 457      656E7454 
 457      65726D69 
 457      6E61746F 
 457      7200
 458 0595 01       		.byte	0x1
 459 0596 1A04     		.uahalf	0x41a
 460 0598 620D0000 		.uaword	0xd62
 461 059c 02       		.byte	0x2
 462 059d 23       		.byte	0x23
 463 059e 34       		.uleb128 0x34
 464 059f 0D       		.uleb128 0xd
 465 05a0 43757272 		.string	"CurrentMeteredObject"
 465      656E744D 
 465      65746572 
 465      65644F62 
 465      6A656374 
 466 05b5 01       		.byte	0x1
 467 05b6 1B04     		.uahalf	0x41b
 468 05b8 F1060000 		.uaword	0x6f1
 469 05bc 02       		.byte	0x2
 470 05bd 23       		.byte	0x23
 471 05be 38       		.uleb128 0x38
 472 05bf 0D       		.uleb128 0xd
 473 05c0 49646C65 		.string	"IdleMeter"
 473      4D657465 
 473      7200
 474 05ca 01       		.byte	0x1
 475 05cb 1C04     		.uahalf	0x41c
 476 05cd D8060000 		.uaword	0x6d8
 477 05d1 02       		.byte	0x2
 478 05d2 23       		.byte	0x23
 479 05d3 3C       		.uleb128 0x3c
 480 05d4 0D       		.uleb128 0xd
 481 05d5 41707041 		.string	"AppAccess"
 481      63636573 
 481      7300
 482 05df 01       		.byte	0x1
 483 05e0 1D04     		.uahalf	0x41d
 484 05e2 83010000 		.uaword	0x183
 485 05e6 02       		.byte	0x2
 486 05e7 23       		.byte	0x23
 487 05e8 48       		.uleb128 0x48
 488 05e9 0D       		.uleb128 0xd
 489 05ea 4170704F 		.string	"AppOverride"
 489      76657272 
 489      69646500 
GAS Infineon TriCore Little Endian C:\\Users\\user1\\AppData\\Local\\Temp\\rta_RTAOS_638388406317960277_1736001\\ccy6UTrv.s 			page 12


 490 05f6 01       		.byte	0x1
 491 05f7 1E04     		.uahalf	0x41e
 492 05f9 670D0000 		.uaword	0xd67
 493 05fd 02       		.byte	0x2
 494 05fe 23       		.byte	0x23
 495 05ff 49       		.uleb128 0x49
 496 0600 0D       		.uleb128 0xd
 497 0601 47657453 		.string	"GetStackValueAdjust"
 497      7461636B 
 497      56616C75 
 497      6541646A 
 497      75737400 
 498 0615 01       		.byte	0x1
 499 0616 1F04     		.uahalf	0x41f
 500 0618 9D030000 		.uaword	0x39d
 501 061c 02       		.byte	0x2
 502 061d 23       		.byte	0x23
 503 061e 4C       		.uleb128 0x4c
 504 061f 0D       		.uleb128 0xd
 505 0620 496E4572 		.string	"InErrorHook"
 505      726F7248 
 505      6F6F6B00 
 506 062c 01       		.byte	0x1
 507 062d 2004     		.uahalf	0x420
 508 062f 44020000 		.uaword	0x244
 509 0633 02       		.byte	0x2
 510 0634 23       		.byte	0x23
 511 0635 54       		.uleb128 0x54
 512 0636 0D       		.uleb128 0xd
 513 0637 496E5072 		.string	"InProtectionHook"
 513      6F746563 
 513      74696F6E 
 513      486F6F6B 
 513      00
 514 0648 01       		.byte	0x1
 515 0649 2104     		.uahalf	0x421
 516 064b 44020000 		.uaword	0x244
 517 064f 02       		.byte	0x2
 518 0650 23       		.byte	0x23
 519 0651 55       		.uleb128 0x55
 520 0652 0D       		.uleb128 0xd
 521 0653 436F7265 		.string	"CoreIsActive"
 521      49734163 
 521      74697665 
 521      00
 522 0660 01       		.byte	0x1
 523 0661 2204     		.uahalf	0x422
 524 0663 44020000 		.uaword	0x244
 525 0667 02       		.byte	0x2
 526 0668 23       		.byte	0x23
 527 0669 56       		.uleb128 0x56
 528 066a 0D       		.uleb128 0xd
 529 066b 496E5368 		.string	"InShutdownHook"
 529      7574646F 
 529      776E486F 
 529      6F6B00
 530 067a 01       		.byte	0x1
GAS Infineon TriCore Little Endian C:\\Users\\user1\\AppData\\Local\\Temp\\rta_RTAOS_638388406317960277_1736001\\ccy6UTrv.s 			page 13


 531 067b 2304     		.uahalf	0x423
 532 067d 44020000 		.uaword	0x244
 533 0681 02       		.byte	0x2
 534 0682 23       		.byte	0x23
 535 0683 57       		.uleb128 0x57
 536 0684 00       		.byte	0
 537 0685 0C       		.uleb128 0xc
 538 0686 4F735F4D 		.string	"Os_MeterInfoType_s"
 538      65746572 
 538      496E666F 
 538      54797065 
 538      5F7300
 539 0699 0C       		.byte	0xc
 540 069a 01       		.byte	0x1
 541 069b 7201     		.uahalf	0x172
 542 069d D8060000 		.uaword	0x6d8
 543 06a1 0D       		.uleb128 0xd
 544 06a2 656C6170 		.string	"elapsed"
 544      73656400 
 545 06aa 01       		.byte	0x1
 546 06ab 7301     		.uahalf	0x173
 547 06ad 1F040000 		.uaword	0x41f
 548 06b1 02       		.byte	0x2
 549 06b2 23       		.byte	0x23
 550 06b3 00       		.uleb128 0
 551 06b4 0D       		.uleb128 0xd
 552 06b5 70726576 		.string	"previous"
 552      696F7573 
 552      00
 553 06be 01       		.byte	0x1
 554 06bf 7401     		.uahalf	0x174
 555 06c1 1F040000 		.uaword	0x41f
 556 06c5 02       		.byte	0x2
 557 06c6 23       		.byte	0x23
 558 06c7 04       		.uleb128 0x4
 559 06c8 0D       		.uleb128 0xd
 560 06c9 6D617800 		.string	"max"
 561 06cd 01       		.byte	0x1
 562 06ce 7501     		.uahalf	0x175
 563 06d0 1F040000 		.uaword	0x41f
 564 06d4 02       		.byte	0x2
 565 06d5 23       		.byte	0x23
 566 06d6 08       		.uleb128 0x8
 567 06d7 00       		.byte	0
 568 06d8 0A       		.uleb128 0xa
 569 06d9 4F735F4D 		.string	"Os_MeterInfoType"
 569      65746572 
 569      496E666F 
 569      54797065 
 569      00
 570 06ea 01       		.byte	0x1
 571 06eb 7601     		.uahalf	0x176
 572 06ed 85060000 		.uaword	0x685
 573 06f1 0A       		.uleb128 0xa
 574 06f2 4F735F4D 		.string	"Os_MeterInfoRefType"
 574      65746572 
 574      496E666F 
GAS Infineon TriCore Little Endian C:\\Users\\user1\\AppData\\Local\\Temp\\rta_RTAOS_638388406317960277_1736001\\ccy6UTrv.s 			page 14


 574      52656654 
 574      79706500 
 575 0706 01       		.byte	0x1
 576 0707 7701     		.uahalf	0x177
 577 0709 0D070000 		.uaword	0x70d
 578 070d 08       		.uleb128 0x8
 579 070e 04       		.byte	0x4
 580 070f D8060000 		.uaword	0x6d8
 581 0713 0A       		.uleb128 0xa
 582 0714 4F735F69 		.string	"Os_imaskType"
 582      6D61736B 
 582      54797065 
 582      00
 583 0721 01       		.byte	0x1
 584 0722 7F01     		.uahalf	0x17f
 585 0724 C5010000 		.uaword	0x1c5
 586 0728 0C       		.uleb128 0xc
 587 0729 4F735F49 		.string	"Os_ISRDynType_s"
 587      53524479 
 587      6E547970 
 587      655F7300 
 588 0739 10       		.byte	0x10
 589 073a 01       		.byte	0x1
 590 073b 8101     		.uahalf	0x181
 591 073d 79070000 		.uaword	0x779
 592 0741 0E       		.uleb128 0xe
 593 0742 00000000 		.uaword	.LASF0
 594 0746 01       		.byte	0x1
 595 0747 8201     		.uahalf	0x182
 596 0749 2B030000 		.uaword	0x32b
 597 074d 02       		.byte	0x2
 598 074e 23       		.byte	0x23
 599 074f 00       		.uleb128 0
 600 0750 0D       		.uleb128 0xd
 601 0751 7465726D 		.string	"terminating"
 601      696E6174 
 601      696E6700 
 602 075d 01       		.byte	0x1
 603 075e 8301     		.uahalf	0x183
 604 0760 44020000 		.uaword	0x244
 605 0764 02       		.byte	0x2
 606 0765 23       		.byte	0x23
 607 0766 01       		.uleb128 0x1
 608 0767 0D       		.uleb128 0xd
 609 0768 6D657465 		.string	"meter"
 609      7200
 610 076e 01       		.byte	0x1
 611 076f 8401     		.uahalf	0x184
 612 0771 D8060000 		.uaword	0x6d8
 613 0775 02       		.byte	0x2
 614 0776 23       		.byte	0x23
 615 0777 04       		.uleb128 0x4
 616 0778 00       		.byte	0
 617 0779 0A       		.uleb128 0xa
 618 077a 4F735F49 		.string	"Os_ISRDynType"
 618      53524479 
 618      6E547970 
GAS Infineon TriCore Little Endian C:\\Users\\user1\\AppData\\Local\\Temp\\rta_RTAOS_638388406317960277_1736001\\ccy6UTrv.s 			page 15


 618      6500
 619 0788 01       		.byte	0x1
 620 0789 8501     		.uahalf	0x185
 621 078b 28070000 		.uaword	0x728
 622 078f 0A       		.uleb128 0xa
 623 0790 4F735F49 		.string	"Os_IsrTerminatedFunctionType"
 623      73725465 
 623      726D696E 
 623      61746564 
 623      46756E63 
 624 07ad 01       		.byte	0x1
 625 07ae 8601     		.uahalf	0x186
 626 07b0 D4030000 		.uaword	0x3d4
 627 07b4 0C       		.uleb128 0xc
 628 07b5 4F735F49 		.string	"Os_ISRType_s"
 628      53525479 
 628      70655F73 
 628      00
 629 07c2 18       		.byte	0x18
 630 07c3 01       		.byte	0x1
 631 07c4 8701     		.uahalf	0x187
 632 07c6 48080000 		.uaword	0x848
 633 07ca 0E       		.uleb128 0xe
 634 07cb 00000000 		.uaword	.LASF1
 635 07cf 01       		.byte	0x1
 636 07d0 8801     		.uahalf	0x188
 637 07d2 B5030000 		.uaword	0x3b5
 638 07d6 02       		.byte	0x2
 639 07d7 23       		.byte	0x23
 640 07d8 00       		.uleb128 0
 641 07d9 0D       		.uleb128 0xd
 642 07da 7465726D 		.string	"terminated_function"
 642      696E6174 
 642      65645F66 
 642      756E6374 
 642      696F6E00 
 643 07ee 01       		.byte	0x1
 644 07ef 8901     		.uahalf	0x189
 645 07f1 8F070000 		.uaword	0x78f
 646 07f5 02       		.byte	0x2
 647 07f6 23       		.byte	0x23
 648 07f7 04       		.uleb128 0x4
 649 07f8 0E       		.uleb128 0xe
 650 07f9 00000000 		.uaword	.LASF2
 651 07fd 01       		.byte	0x1
 652 07fe 8A01     		.uahalf	0x18a
 653 0800 48080000 		.uaword	0x848
 654 0804 02       		.byte	0x2
 655 0805 23       		.byte	0x23
 656 0806 08       		.uleb128 0x8
 657 0807 0D       		.uleb128 0xd
 658 0808 696D6173 		.string	"imask"
 658      6B00
 659 080e 01       		.byte	0x1
 660 080f 8B01     		.uahalf	0x18b
 661 0811 13070000 		.uaword	0x713
 662 0815 02       		.byte	0x2
GAS Infineon TriCore Little Endian C:\\Users\\user1\\AppData\\Local\\Temp\\rta_RTAOS_638388406317960277_1736001\\ccy6UTrv.s 			page 16


 663 0816 23       		.byte	0x23
 664 0817 0C       		.uleb128 0xc
 665 0818 0D       		.uleb128 0xd
 666 0819 696E6465 		.string	"index"
 666      7800
 667 081f 01       		.byte	0x1
 668 0820 8C01     		.uahalf	0x18c
 669 0822 C5010000 		.uaword	0x1c5
 670 0826 02       		.byte	0x2
 671 0827 23       		.byte	0x23
 672 0828 10       		.uleb128 0x10
 673 0829 0E       		.uleb128 0xe
 674 082a 00000000 		.uaword	.LASF3
 675 082e 01       		.byte	0x1
 676 082f 8D01     		.uahalf	0x18d
 677 0831 83010000 		.uaword	0x183
 678 0835 02       		.byte	0x2
 679 0836 23       		.byte	0x23
 680 0837 14       		.uleb128 0x14
 681 0838 0E       		.uleb128 0xe
 682 0839 00000000 		.uaword	.LASF4
 683 083d 01       		.byte	0x1
 684 083e 8E01     		.uahalf	0x18e
 685 0840 DC030000 		.uaword	0x3dc
 686 0844 02       		.byte	0x2
 687 0845 23       		.byte	0x23
 688 0846 15       		.uleb128 0x15
 689 0847 00       		.byte	0
 690 0848 0F       		.uleb128 0xf
 691 0849 4D080000 		.uaword	0x84d
 692 084d 08       		.uleb128 0x8
 693 084e 04       		.byte	0x4
 694 084f 79070000 		.uaword	0x779
 695 0853 0A       		.uleb128 0xa
 696 0854 4F735F49 		.string	"Os_ISRType"
 696      53525479 
 696      706500
 697 085f 01       		.byte	0x1
 698 0860 8F01     		.uahalf	0x18f
 699 0862 B4070000 		.uaword	0x7b4
 700 0866 0A       		.uleb128 0xa
 701 0867 49535254 		.string	"ISRType"
 701      79706500 
 702 086f 01       		.byte	0x1
 703 0870 9001     		.uahalf	0x190
 704 0872 76080000 		.uaword	0x876
 705 0876 08       		.uleb128 0x8
 706 0877 04       		.byte	0x4
 707 0878 7C080000 		.uaword	0x87c
 708 087c 0F       		.uleb128 0xf
 709 087d 53080000 		.uaword	0x853
 710 0881 0A       		.uleb128 0xa
 711 0882 4F735F62 		.string	"Os_bitmask"
 711      69746D61 
 711      736B00
 712 088d 01       		.byte	0x1
 713 088e A201     		.uahalf	0x1a2
GAS Infineon TriCore Little Endian C:\\Users\\user1\\AppData\\Local\\Temp\\rta_RTAOS_638388406317960277_1736001\\ccy6UTrv.s 			page 17


 714 0890 D3010000 		.uaword	0x1d3
 715 0894 0A       		.uleb128 0xa
 716 0895 4F735F70 		.string	"Os_pset0Type"
 716      73657430 
 716      54797065 
 716      00
 717 08a2 01       		.byte	0x1
 718 08a3 A301     		.uahalf	0x1a3
 719 08a5 81080000 		.uaword	0x881
 720 08a9 0A       		.uleb128 0xa
 721 08aa 4F735F70 		.string	"Os_pset1Type"
 721      73657431 
 721      54797065 
 721      00
 722 08b7 01       		.byte	0x1
 723 08b8 A401     		.uahalf	0x1a4
 724 08ba 81080000 		.uaword	0x881
 725 08be 0A       		.uleb128 0xa
 726 08bf 4F735F70 		.string	"Os_pset2Type"
 726      73657432 
 726      54797065 
 726      00
 727 08cc 01       		.byte	0x1
 728 08cd A501     		.uahalf	0x1a5
 729 08cf 81080000 		.uaword	0x881
 730 08d3 10       		.uleb128 0x10
 731 08d4 04       		.byte	0x4
 732 08d5 01       		.byte	0x1
 733 08d6 A601     		.uahalf	0x1a6
 734 08d8 FE080000 		.uaword	0x8fe
 735 08dc 11       		.uleb128 0x11
 736 08dd 703000   		.string	"p0"
 737 08e0 01       		.byte	0x1
 738 08e1 A701     		.uahalf	0x1a7
 739 08e3 94080000 		.uaword	0x894
 740 08e7 11       		.uleb128 0x11
 741 08e8 703100   		.string	"p1"
 742 08eb 01       		.byte	0x1
 743 08ec A801     		.uahalf	0x1a8
 744 08ee A9080000 		.uaword	0x8a9
 745 08f2 11       		.uleb128 0x11
 746 08f3 703200   		.string	"p2"
 747 08f6 01       		.byte	0x1
 748 08f7 A901     		.uahalf	0x1a9
 749 08f9 BE080000 		.uaword	0x8be
 750 08fd 00       		.byte	0
 751 08fe 0A       		.uleb128 0xa
 752 08ff 4F735F70 		.string	"Os_psetType"
 752      73657454 
 752      79706500 
 753 090b 01       		.byte	0x1
 754 090c AA01     		.uahalf	0x1aa
 755 090e D3080000 		.uaword	0x8d3
 756 0912 10       		.uleb128 0x10
 757 0913 04       		.byte	0x4
 758 0914 01       		.byte	0x1
 759 0915 AC01     		.uahalf	0x1ac
GAS Infineon TriCore Little Endian C:\\Users\\user1\\AppData\\Local\\Temp\\rta_RTAOS_638388406317960277_1736001\\ccy6UTrv.s 			page 18


 760 0917 3D090000 		.uaword	0x93d
 761 091b 11       		.uleb128 0x11
 762 091c 743000   		.string	"t0"
 763 091f 01       		.byte	0x1
 764 0920 AD01     		.uahalf	0x1ad
 765 0922 81080000 		.uaword	0x881
 766 0926 11       		.uleb128 0x11
 767 0927 743100   		.string	"t1"
 768 092a 01       		.byte	0x1
 769 092b AE01     		.uahalf	0x1ae
 770 092d 81080000 		.uaword	0x881
 771 0931 11       		.uleb128 0x11
 772 0932 743200   		.string	"t2"
 773 0935 01       		.byte	0x1
 774 0936 AF01     		.uahalf	0x1af
 775 0938 81080000 		.uaword	0x881
 776 093c 00       		.byte	0
 777 093d 0A       		.uleb128 0xa
 778 093e 4F735F74 		.string	"Os_tpmaskType"
 778      706D6173 
 778      6B547970 
 778      6500
 779 094c 01       		.byte	0x1
 780 094d B001     		.uahalf	0x1b0
 781 094f 12090000 		.uaword	0x912
 782 0953 0A       		.uleb128 0xa
 783 0954 4F735F41 		.string	"Os_ActivationCountType"
 783      63746976 
 783      6174696F 
 783      6E436F75 
 783      6E745479 
 784 096b 01       		.byte	0x1
 785 096c B101     		.uahalf	0x1b1
 786 096e 90010000 		.uaword	0x190
 787 0972 0C       		.uleb128 0xc
 788 0973 4F735F54 		.string	"Os_TaskDynType_s"
 788      61736B44 
 788      796E5479 
 788      70655F73 
 788      00
 789 0984 5C       		.byte	0x5c
 790 0985 01       		.byte	0x1
 791 0986 B301     		.uahalf	0x1b3
 792 0988 2D0A0000 		.uaword	0xa2d
 793 098c 0D       		.uleb128 0xd
 794 098d 6C617374 		.string	"last_activation"
 794      5F616374 
 794      69766174 
 794      696F6E00 
 795 099d 01       		.byte	0x1
 796 099e B401     		.uahalf	0x1b4
 797 09a0 1F040000 		.uaword	0x41f
 798 09a4 02       		.byte	0x2
 799 09a5 23       		.byte	0x23
 800 09a6 00       		.uleb128 0
 801 09a7 0D       		.uleb128 0xd
 802 09a8 7465726D 		.string	"terminate_jump_buf"
GAS Infineon TriCore Little Endian C:\\Users\\user1\\AppData\\Local\\Temp\\rta_RTAOS_638388406317960277_1736001\\ccy6UTrv.s 			page 19


 802      696E6174 
 802      655F6A75 
 802      6D705F62 
 802      756600
 803 09bb 01       		.byte	0x1
 804 09bc B501     		.uahalf	0x1b5
 805 09be 05030000 		.uaword	0x305
 806 09c2 02       		.byte	0x2
 807 09c3 23       		.byte	0x23
 808 09c4 04       		.uleb128 0x4
 809 09c5 0D       		.uleb128 0xd
 810 09c6 6D657465 		.string	"meter"
 810      7200
 811 09cc 01       		.byte	0x1
 812 09cd B601     		.uahalf	0x1b6
 813 09cf D8060000 		.uaword	0x6d8
 814 09d3 02       		.byte	0x2
 815 09d4 23       		.byte	0x23
 816 09d5 48       		.uleb128 0x48
 817 09d6 0D       		.uleb128 0xd
 818 09d7 7365656E 		.string	"seen_activation"
 818      5F616374 
 818      69766174 
 818      696F6E00 
 819 09e7 01       		.byte	0x1
 820 09e8 B701     		.uahalf	0x1b7
 821 09ea 44020000 		.uaword	0x244
 822 09ee 02       		.byte	0x2
 823 09ef 23       		.byte	0x23
 824 09f0 54       		.uleb128 0x54
 825 09f1 0E       		.uleb128 0xe
 826 09f2 00000000 		.uaword	.LASF5
 827 09f6 01       		.byte	0x1
 828 09f7 B801     		.uahalf	0x1b8
 829 09f9 53090000 		.uaword	0x953
 830 09fd 02       		.byte	0x2
 831 09fe 23       		.byte	0x23
 832 09ff 55       		.uleb128 0x55
 833 0a00 0E       		.uleb128 0xe
 834 0a01 00000000 		.uaword	.LASF0
 835 0a05 01       		.byte	0x1
 836 0a06 B901     		.uahalf	0x1b9
 837 0a08 2B030000 		.uaword	0x32b
 838 0a0c 02       		.byte	0x2
 839 0a0d 23       		.byte	0x23
 840 0a0e 56       		.uleb128 0x56
 841 0a0f 0D       		.uleb128 0xd
 842 0a10 7465726D 		.string	"termination_state"
 842      696E6174 
 842      696F6E5F 
 842      73746174 
 842      6500
 843 0a22 01       		.byte	0x1
 844 0a23 BA01     		.uahalf	0x1ba
 845 0a25 C5010000 		.uaword	0x1c5
 846 0a29 02       		.byte	0x2
 847 0a2a 23       		.byte	0x23
GAS Infineon TriCore Little Endian C:\\Users\\user1\\AppData\\Local\\Temp\\rta_RTAOS_638388406317960277_1736001\\ccy6UTrv.s 			page 20


 848 0a2b 58       		.uleb128 0x58
 849 0a2c 00       		.byte	0
 850 0a2d 0A       		.uleb128 0xa
 851 0a2e 4F735F54 		.string	"Os_TaskDynType"
 851      61736B44 
 851      796E5479 
 851      706500
 852 0a3d 01       		.byte	0x1
 853 0a3e BB01     		.uahalf	0x1bb
 854 0a40 72090000 		.uaword	0x972
 855 0a44 0C       		.uleb128 0xc
 856 0a45 4F735F54 		.string	"Os_TaskType_s"
 856      61736B54 
 856      7970655F 
 856      7300
 857 0a53 20       		.byte	0x20
 858 0a54 01       		.byte	0x1
 859 0a55 BD01     		.uahalf	0x1bd
 860 0a57 010B0000 		.uaword	0xb01
 861 0a5b 0E       		.uleb128 0xe
 862 0a5c 00000000 		.uaword	.LASF2
 863 0a60 01       		.byte	0x1
 864 0a61 BE01     		.uahalf	0x1be
 865 0a63 010B0000 		.uaword	0xb01
 866 0a67 02       		.byte	0x2
 867 0a68 23       		.byte	0x23
 868 0a69 00       		.uleb128 0
 869 0a6a 0E       		.uleb128 0xe
 870 0a6b 00000000 		.uaword	.LASF1
 871 0a6f 01       		.byte	0x1
 872 0a70 BF01     		.uahalf	0x1bf
 873 0a72 B5030000 		.uaword	0x3b5
 874 0a76 02       		.byte	0x2
 875 0a77 23       		.byte	0x23
 876 0a78 04       		.uleb128 0x4
 877 0a79 0D       		.uleb128 0xd
 878 0a7a 70736574 		.string	"pset"
 878      00
 879 0a7f 01       		.byte	0x1
 880 0a80 C001     		.uahalf	0x1c0
 881 0a82 FE080000 		.uaword	0x8fe
 882 0a86 02       		.byte	0x2
 883 0a87 23       		.byte	0x23
 884 0a88 08       		.uleb128 0x8
 885 0a89 0D       		.uleb128 0xd
 886 0a8a 62617365 		.string	"base_tpmask"
 886      5F74706D 
 886      61736B00 
 887 0a96 01       		.byte	0x1
 888 0a97 C101     		.uahalf	0x1c1
 889 0a99 3D090000 		.uaword	0x93d
 890 0a9d 02       		.byte	0x2
 891 0a9e 23       		.byte	0x23
 892 0a9f 0C       		.uleb128 0xc
 893 0aa0 0E       		.uleb128 0xe
 894 0aa1 00000000 		.uaword	.LASF6
 895 0aa5 01       		.byte	0x1
GAS Infineon TriCore Little Endian C:\\Users\\user1\\AppData\\Local\\Temp\\rta_RTAOS_638388406317960277_1736001\\ccy6UTrv.s 			page 21


 896 0aa6 C201     		.uahalf	0x1c2
 897 0aa8 3D090000 		.uaword	0x93d
 898 0aac 02       		.byte	0x2
 899 0aad 23       		.byte	0x23
 900 0aae 10       		.uleb128 0x10
 901 0aaf 0D       		.uleb128 0xd
 902 0ab0 636F7265 		.string	"core_id"
 902      5F696400 
 903 0ab8 01       		.byte	0x1
 904 0ab9 C301     		.uahalf	0x1c3
 905 0abb 6F040000 		.uaword	0x46f
 906 0abf 02       		.byte	0x2
 907 0ac0 23       		.byte	0x23
 908 0ac1 14       		.uleb128 0x14
 909 0ac2 0D       		.uleb128 0xd
 910 0ac3 696E6465 		.string	"index"
 910      7800
 911 0ac9 01       		.byte	0x1
 912 0aca C401     		.uahalf	0x1c4
 913 0acc C5010000 		.uaword	0x1c5
 914 0ad0 02       		.byte	0x2
 915 0ad1 23       		.byte	0x23
 916 0ad2 18       		.uleb128 0x18
 917 0ad3 0E       		.uleb128 0xe
 918 0ad4 00000000 		.uaword	.LASF5
 919 0ad8 01       		.byte	0x1
 920 0ad9 C501     		.uahalf	0x1c5
 921 0adb 53090000 		.uaword	0x953
 922 0adf 02       		.byte	0x2
 923 0ae0 23       		.byte	0x23
 924 0ae1 1C       		.uleb128 0x1c
 925 0ae2 0E       		.uleb128 0xe
 926 0ae3 00000000 		.uaword	.LASF3
 927 0ae7 01       		.byte	0x1
 928 0ae8 C601     		.uahalf	0x1c6
 929 0aea 83010000 		.uaword	0x183
 930 0aee 02       		.byte	0x2
 931 0aef 23       		.byte	0x23
 932 0af0 1D       		.uleb128 0x1d
 933 0af1 0E       		.uleb128 0xe
 934 0af2 00000000 		.uaword	.LASF4
 935 0af6 01       		.byte	0x1
 936 0af7 C701     		.uahalf	0x1c7
 937 0af9 DC030000 		.uaword	0x3dc
 938 0afd 02       		.byte	0x2
 939 0afe 23       		.byte	0x23
 940 0aff 1E       		.uleb128 0x1e
 941 0b00 00       		.byte	0
 942 0b01 0F       		.uleb128 0xf
 943 0b02 060B0000 		.uaword	0xb06
 944 0b06 08       		.uleb128 0x8
 945 0b07 04       		.byte	0x4
 946 0b08 2D0A0000 		.uaword	0xa2d
 947 0b0c 0A       		.uleb128 0xa
 948 0b0d 4F735F54 		.string	"Os_TaskType"
 948      61736B54 
 948      79706500 
GAS Infineon TriCore Little Endian C:\\Users\\user1\\AppData\\Local\\Temp\\rta_RTAOS_638388406317960277_1736001\\ccy6UTrv.s 			page 22


 949 0b19 01       		.byte	0x1
 950 0b1a C801     		.uahalf	0x1c8
 951 0b1c 440A0000 		.uaword	0xa44
 952 0b20 0A       		.uleb128 0xa
 953 0b21 5461736B 		.string	"TaskType"
 953      54797065 
 953      00
 954 0b2a 01       		.byte	0x1
 955 0b2b C901     		.uahalf	0x1c9
 956 0b2d 310B0000 		.uaword	0xb31
 957 0b31 08       		.uleb128 0x8
 958 0b32 04       		.byte	0x4
 959 0b33 370B0000 		.uaword	0xb37
 960 0b37 0F       		.uleb128 0xf
 961 0b38 0C0B0000 		.uaword	0xb0c
 962 0b3c 10       		.uleb128 0x10
 963 0b3d 04       		.byte	0x4
 964 0b3e 01       		.byte	0x1
 965 0b3f E101     		.uahalf	0x1e1
 966 0b41 600B0000 		.uaword	0xb60
 967 0b45 12       		.uleb128 0x12
 968 0b46 00000000 		.uaword	.LASF6
 969 0b4a 01       		.byte	0x1
 970 0b4b E201     		.uahalf	0x1e2
 971 0b4d 3D090000 		.uaword	0x93d
 972 0b51 11       		.uleb128 0x11
 973 0b52 696D6173 		.string	"imask"
 973      6B00
 974 0b58 01       		.byte	0x1
 975 0b59 E301     		.uahalf	0x1e3
 976 0b5b 13070000 		.uaword	0x713
 977 0b5f 00       		.byte	0
 978 0b60 0C       		.uleb128 0xc
 979 0b61 4F735F52 		.string	"Os_ResourceDynType_s"
 979      65736F75 
 979      72636544 
 979      796E5479 
 979      70655F73 
 980 0b76 0C       		.byte	0xc
 981 0b77 01       		.byte	0x1
 982 0b78 DE01     		.uahalf	0x1de
 983 0b7a C30B0000 		.uaword	0xbc3
 984 0b7e 0D       		.uleb128 0xd
 985 0b7f 61636365 		.string	"access_count"
 985      73735F63 
 985      6F756E74 
 985      00
 986 0b8c 01       		.byte	0x1
 987 0b8d DF01     		.uahalf	0x1df
 988 0b8f 2B030000 		.uaword	0x32b
 989 0b93 02       		.byte	0x2
 990 0b94 23       		.byte	0x23
 991 0b95 00       		.uleb128 0
 992 0b96 0D       		.uleb128 0xd
 993 0b97 6C6F636B 		.string	"locker"
 993      657200
 994 0b9e 01       		.byte	0x1
GAS Infineon TriCore Little Endian C:\\Users\\user1\\AppData\\Local\\Temp\\rta_RTAOS_638388406317960277_1736001\\ccy6UTrv.s 			page 23


 995 0b9f E001     		.uahalf	0x1e0
 996 0ba1 200B0000 		.uaword	0xb20
 997 0ba5 02       		.byte	0x2
 998 0ba6 23       		.byte	0x23
 999 0ba7 04       		.uleb128 0x4
 1000 0ba8 0D       		.uleb128 0xd
 1001 0ba9 73617665 		.string	"saved_priority"
 1001      645F7072 
 1001      696F7269 
 1001      747900
 1002 0bb8 01       		.byte	0x1
 1003 0bb9 E401     		.uahalf	0x1e4
 1004 0bbb 3C0B0000 		.uaword	0xb3c
 1005 0bbf 02       		.byte	0x2
 1006 0bc0 23       		.byte	0x23
 1007 0bc1 08       		.uleb128 0x8
 1008 0bc2 00       		.byte	0
 1009 0bc3 0A       		.uleb128 0xa
 1010 0bc4 4F735F52 		.string	"Os_ResourceDynType"
 1010      65736F75 
 1010      72636544 
 1010      796E5479 
 1010      706500
 1011 0bd7 01       		.byte	0x1
 1012 0bd8 E501     		.uahalf	0x1e5
 1013 0bda 600B0000 		.uaword	0xb60
 1014 0bde 0C       		.uleb128 0xc
 1015 0bdf 4F735F52 		.string	"Os_ResourceType_s"
 1015      65736F75 
 1015      72636554 
 1015      7970655F 
 1015      7300
 1016 0bf1 10       		.byte	0x10
 1017 0bf2 01       		.byte	0x1
 1018 0bf3 E601     		.uahalf	0x1e6
 1019 0bf5 380C0000 		.uaword	0xc38
 1020 0bf9 0E       		.uleb128 0xe
 1021 0bfa 00000000 		.uaword	.LASF2
 1022 0bfe 01       		.byte	0x1
 1023 0bff E701     		.uahalf	0x1e7
 1024 0c01 380C0000 		.uaword	0xc38
 1025 0c05 02       		.byte	0x2
 1026 0c06 23       		.byte	0x23
 1027 0c07 00       		.uleb128 0
 1028 0c08 0E       		.uleb128 0xe
 1029 0c09 00000000 		.uaword	.LASF6
 1030 0c0d 01       		.byte	0x1
 1031 0c0e E801     		.uahalf	0x1e8
 1032 0c10 3D090000 		.uaword	0x93d
 1033 0c14 02       		.byte	0x2
 1034 0c15 23       		.byte	0x23
 1035 0c16 04       		.uleb128 0x4
 1036 0c17 0D       		.uleb128 0xd
 1037 0c18 696D6173 		.string	"imask"
 1037      6B00
 1038 0c1e 01       		.byte	0x1
 1039 0c1f E901     		.uahalf	0x1e9
GAS Infineon TriCore Little Endian C:\\Users\\user1\\AppData\\Local\\Temp\\rta_RTAOS_638388406317960277_1736001\\ccy6UTrv.s 			page 24


 1040 0c21 13070000 		.uaword	0x713
 1041 0c25 02       		.byte	0x2
 1042 0c26 23       		.byte	0x23
 1043 0c27 08       		.uleb128 0x8
 1044 0c28 0E       		.uleb128 0xe
 1045 0c29 00000000 		.uaword	.LASF3
 1046 0c2d 01       		.byte	0x1
 1047 0c2e EA01     		.uahalf	0x1ea
 1048 0c30 83010000 		.uaword	0x183
 1049 0c34 02       		.byte	0x2
 1050 0c35 23       		.byte	0x23
 1051 0c36 0C       		.uleb128 0xc
 1052 0c37 00       		.byte	0
 1053 0c38 0F       		.uleb128 0xf
 1054 0c39 3D0C0000 		.uaword	0xc3d
 1055 0c3d 08       		.uleb128 0x8
 1056 0c3e 04       		.byte	0x4
 1057 0c3f C30B0000 		.uaword	0xbc3
 1058 0c43 0A       		.uleb128 0xa
 1059 0c44 4F735F52 		.string	"Os_ResourceType"
 1059      65736F75 
 1059      72636554 
 1059      79706500 
 1060 0c54 01       		.byte	0x1
 1061 0c55 EB01     		.uahalf	0x1eb
 1062 0c57 DE0B0000 		.uaword	0xbde
 1063 0c5b 0A       		.uleb128 0xa
 1064 0c5c 5265736F 		.string	"ResourceType"
 1064      75726365 
 1064      54797065 
 1064      00
 1065 0c69 01       		.byte	0x1
 1066 0c6a EC01     		.uahalf	0x1ec
 1067 0c6c 700C0000 		.uaword	0xc70
 1068 0c70 08       		.uleb128 0x8
 1069 0c71 04       		.byte	0x4
 1070 0c72 760C0000 		.uaword	0xc76
 1071 0c76 0F       		.uleb128 0xf
 1072 0c77 430C0000 		.uaword	0xc43
 1073 0c7b 0A       		.uleb128 0xa
 1074 0c7c 4F535365 		.string	"OSServiceIdType"
 1074      72766963 
 1074      65496454 
 1074      79706500 
 1075 0c8c 01       		.byte	0x1
 1076 0c8d 5102     		.uahalf	0x251
 1077 0c8f 90010000 		.uaword	0x190
 1078 0c93 0A       		.uleb128 0xa
 1079 0c94 4F735F42 		.string	"Os_BiggestType"
 1079      69676765 
 1079      73745479 
 1079      706500
 1080 0ca3 01       		.byte	0x1
 1081 0ca4 2503     		.uahalf	0x325
 1082 0ca6 D3010000 		.uaword	0x1d3
 1083 0caa 13       		.uleb128 0x13
 1084 0cab 10       		.byte	0x10
GAS Infineon TriCore Little Endian C:\\Users\\user1\\AppData\\Local\\Temp\\rta_RTAOS_638388406317960277_1736001\\ccy6UTrv.s 			page 25


 1085 0cac 01       		.byte	0x1
 1086 0cad 2703     		.uahalf	0x327
 1087 0caf 180D0000 		.uaword	0xd18
 1088 0cb3 0D       		.uleb128 0xd
 1089 0cb4 73657276 		.string	"service_id"
 1089      6963655F 
 1089      696400
 1090 0cbf 01       		.byte	0x1
 1091 0cc0 2803     		.uahalf	0x328
 1092 0cc2 7B0C0000 		.uaword	0xc7b
 1093 0cc6 02       		.byte	0x2
 1094 0cc7 23       		.byte	0x23
 1095 0cc8 00       		.uleb128 0
 1096 0cc9 0D       		.uleb128 0xd
 1097 0cca 73657276 		.string	"service_param1"
 1097      6963655F 
 1097      70617261 
 1097      6D3100
 1098 0cd9 01       		.byte	0x1
 1099 0cda 2903     		.uahalf	0x329
 1100 0cdc 930C0000 		.uaword	0xc93
 1101 0ce0 02       		.byte	0x2
 1102 0ce1 23       		.byte	0x23
 1103 0ce2 04       		.uleb128 0x4
 1104 0ce3 0D       		.uleb128 0xd
 1105 0ce4 73657276 		.string	"service_param2"
 1105      6963655F 
 1105      70617261 
 1105      6D3200
 1106 0cf3 01       		.byte	0x1
 1107 0cf4 2A03     		.uahalf	0x32a
 1108 0cf6 930C0000 		.uaword	0xc93
 1109 0cfa 02       		.byte	0x2
 1110 0cfb 23       		.byte	0x23
 1111 0cfc 08       		.uleb128 0x8
 1112 0cfd 0D       		.uleb128 0xd
 1113 0cfe 73657276 		.string	"service_param3"
 1113      6963655F 
 1113      70617261 
 1113      6D3300
 1114 0d0d 01       		.byte	0x1
 1115 0d0e 2B03     		.uahalf	0x32b
 1116 0d10 930C0000 		.uaword	0xc93
 1117 0d14 02       		.byte	0x2
 1118 0d15 23       		.byte	0x23
 1119 0d16 0C       		.uleb128 0xc
 1120 0d17 00       		.byte	0
 1121 0d18 0A       		.uleb128 0xa
 1122 0d19 4F735F45 		.string	"Os_ErrorInformationType"
 1122      72726F72 
 1122      496E666F 
 1122      726D6174 
 1122      696F6E54 
 1123 0d31 01       		.byte	0x1
 1124 0d32 2C03     		.uahalf	0x32c
 1125 0d34 AA0C0000 		.uaword	0xcaa
 1126 0d38 0A       		.uleb128 0xa
GAS Infineon TriCore Little Endian C:\\Users\\user1\\AppData\\Local\\Temp\\rta_RTAOS_638388406317960277_1736001\\ccy6UTrv.s 			page 26


 1127 0d39 4F735F4F 		.string	"Os_OrtiIdType"
 1127      72746949 
 1127      64547970 
 1127      6500
 1128 0d47 01       		.byte	0x1
 1129 0d48 3003     		.uahalf	0x330
 1130 0d4a 90010000 		.uaword	0x190
 1131 0d4e 0B       		.uleb128 0xb
 1132 0d4f FE080000 		.uaword	0x8fe
 1133 0d53 0B       		.uleb128 0xb
 1134 0d54 66080000 		.uaword	0x866
 1135 0d58 0B       		.uleb128 0xb
 1136 0d59 200B0000 		.uaword	0xb20
 1137 0d5d 0B       		.uleb128 0xb
 1138 0d5e 3D090000 		.uaword	0x93d
 1139 0d62 0B       		.uleb128 0xb
 1140 0d63 3B040000 		.uaword	0x43b
 1141 0d67 0B       		.uleb128 0xb
 1142 0d68 DC030000 		.uaword	0x3dc
 1143 0d6c 0A       		.uleb128 0xa
 1144 0d6d 4F735F43 		.string	"Os_ControlledCoreType"
 1144      6F6E7472 
 1144      6F6C6C65 
 1144      64436F72 
 1144      65547970 
 1145 0d83 01       		.byte	0x1
 1146 0d84 2404     		.uahalf	0x424
 1147 0d86 87040000 		.uaword	0x487
 1148 0d8a 0C       		.uleb128 0xc
 1149 0d8b 4F735F41 		.string	"Os_AnyCoreType_s"
 1149      6E79436F 
 1149      72655479 
 1149      70655F73 
 1149      00
 1150 0d9c 64       		.byte	0x64
 1151 0d9d 01       		.byte	0x1
 1152 0d9e 3204     		.uahalf	0x432
 1153 0da0 C30E0000 		.uaword	0xec3
 1154 0da4 0D       		.uleb128 0xd
 1155 0da5 44697361 		.string	"DisableAllImask"
 1155      626C6541 
 1155      6C6C496D 
 1155      61736B00 
 1156 0db5 01       		.byte	0x1
 1157 0db6 3304     		.uahalf	0x433
 1158 0db8 C30E0000 		.uaword	0xec3
 1159 0dbc 02       		.byte	0x2
 1160 0dbd 23       		.byte	0x23
 1161 0dbe 00       		.uleb128 0
 1162 0dbf 0D       		.uleb128 0xd
 1163 0dc0 53757370 		.string	"SuspendAllImask"
 1163      656E6441 
 1163      6C6C496D 
 1163      61736B00 
 1164 0dd0 01       		.byte	0x1
 1165 0dd1 3404     		.uahalf	0x434
 1166 0dd3 C30E0000 		.uaword	0xec3
GAS Infineon TriCore Little Endian C:\\Users\\user1\\AppData\\Local\\Temp\\rta_RTAOS_638388406317960277_1736001\\ccy6UTrv.s 			page 27


 1167 0dd7 02       		.byte	0x2
 1168 0dd8 23       		.byte	0x23
 1169 0dd9 04       		.uleb128 0x4
 1170 0dda 0D       		.uleb128 0xd
 1171 0ddb 53757370 		.string	"SuspendOSImask"
 1171      656E644F 
 1171      53496D61 
 1171      736B00
 1172 0dea 01       		.byte	0x1
 1173 0deb 3504     		.uahalf	0x435
 1174 0ded C30E0000 		.uaword	0xec3
 1175 0df1 02       		.byte	0x2
 1176 0df2 23       		.byte	0x23
 1177 0df3 08       		.uleb128 0x8
 1178 0df4 0D       		.uleb128 0xd
 1179 0df5 44697361 		.string	"DisableAllCount"
 1179      626C6541 
 1179      6C6C436F 
 1179      756E7400 
 1180 0e05 01       		.byte	0x1
 1181 0e06 3604     		.uahalf	0x436
 1182 0e08 C80E0000 		.uaword	0xec8
 1183 0e0c 02       		.byte	0x2
 1184 0e0d 23       		.byte	0x23
 1185 0e0e 0C       		.uleb128 0xc
 1186 0e0f 0D       		.uleb128 0xd
 1187 0e10 53757370 		.string	"SuspendAllCount"
 1187      656E6441 
 1187      6C6C436F 
 1187      756E7400 
 1188 0e20 01       		.byte	0x1
 1189 0e21 3704     		.uahalf	0x437
 1190 0e23 C80E0000 		.uaword	0xec8
 1191 0e27 02       		.byte	0x2
 1192 0e28 23       		.byte	0x23
 1193 0e29 10       		.uleb128 0x10
 1194 0e2a 0D       		.uleb128 0xd
 1195 0e2b 53757370 		.string	"SuspendOSCount"
 1195      656E644F 
 1195      53436F75 
 1195      6E7400
 1196 0e3a 01       		.byte	0x1
 1197 0e3b 3804     		.uahalf	0x438
 1198 0e3d C80E0000 		.uaword	0xec8
 1199 0e41 02       		.byte	0x2
 1200 0e42 23       		.byte	0x23
 1201 0e43 14       		.uleb128 0x14
 1202 0e44 0D       		.uleb128 0xd
 1203 0e45 4F727469 		.string	"OrtiApiID"
 1203      41706949 
 1203      4400
 1204 0e4f 01       		.byte	0x1
 1205 0e50 3904     		.uahalf	0x439
 1206 0e52 CD0E0000 		.uaword	0xecd
 1207 0e56 02       		.byte	0x2
 1208 0e57 23       		.byte	0x23
 1209 0e58 18       		.uleb128 0x18
GAS Infineon TriCore Little Endian C:\\Users\\user1\\AppData\\Local\\Temp\\rta_RTAOS_638388406317960277_1736001\\ccy6UTrv.s 			page 28


 1210 0e59 0D       		.uleb128 0xd
 1211 0e5a 4F727469 		.string	"OrtiLastError"
 1211      4C617374 
 1211      4572726F 
 1211      7200
 1212 0e68 01       		.byte	0x1
 1213 0e69 3A04     		.uahalf	0x43a
 1214 0e6b 53020000 		.uaword	0x253
 1215 0e6f 02       		.byte	0x2
 1216 0e70 23       		.byte	0x23
 1217 0e71 19       		.uleb128 0x19
 1218 0e72 0D       		.uleb128 0xd
 1219 0e73 52657374 		.string	"RestartJumpBuf"
 1219      6172744A 
 1219      756D7042 
 1219      756600
 1220 0e82 01       		.byte	0x1
 1221 0e83 3B04     		.uahalf	0x43b
 1222 0e85 05030000 		.uaword	0x305
 1223 0e89 02       		.byte	0x2
 1224 0e8a 23       		.byte	0x23
 1225 0e8b 1C       		.uleb128 0x1c
 1226 0e8c 0D       		.uleb128 0xd
 1227 0e8d 52657374 		.string	"Restartable"
 1227      61727461 
 1227      626C6500 
 1228 0e99 01       		.byte	0x1
 1229 0e9a 3C04     		.uahalf	0x43c
 1230 0e9c 44020000 		.uaword	0x244
 1231 0ea0 02       		.byte	0x2
 1232 0ea1 23       		.byte	0x23
 1233 0ea2 60       		.uleb128 0x60
 1234 0ea3 0D       		.uleb128 0xd
 1235 0ea4 4C617374 		.string	"LastProtectionFault"
 1235      50726F74 
 1235      65637469 
 1235      6F6E4661 
 1235      756C7400 
 1236 0eb8 01       		.byte	0x1
 1237 0eb9 3D04     		.uahalf	0x43d
 1238 0ebb 53020000 		.uaword	0x253
 1239 0ebf 02       		.byte	0x2
 1240 0ec0 23       		.byte	0x23
 1241 0ec1 61       		.uleb128 0x61
 1242 0ec2 00       		.byte	0
 1243 0ec3 0B       		.uleb128 0xb
 1244 0ec4 13070000 		.uaword	0x713
 1245 0ec8 0B       		.uleb128 0xb
 1246 0ec9 C5010000 		.uaword	0x1c5
 1247 0ecd 0B       		.uleb128 0xb
 1248 0ece 380D0000 		.uaword	0xd38
 1249 0ed2 0A       		.uleb128 0xa
 1250 0ed3 4F735F41 		.string	"Os_AnyCoreType"
 1250      6E79436F 
 1250      72655479 
 1250      706500
 1251 0ee2 01       		.byte	0x1
GAS Infineon TriCore Little Endian C:\\Users\\user1\\AppData\\Local\\Temp\\rta_RTAOS_638388406317960277_1736001\\ccy6UTrv.s 			page 29


 1252 0ee3 3E04     		.uahalf	0x43e
 1253 0ee5 8A0D0000 		.uaword	0xd8a
 1254 0ee9 0C       		.uleb128 0xc
 1255 0eea 4F735F43 		.string	"Os_CoreConfiguration_s"
 1255      6F726543 
 1255      6F6E6669 
 1255      67757261 
 1255      74696F6E 
 1256 0f01 18       		.byte	0x18
 1257 0f02 01       		.byte	0x1
 1258 0f03 4904     		.uahalf	0x449
 1259 0f05 830F0000 		.uaword	0xf83
 1260 0f09 0D       		.uleb128 0xd
 1261 0f0a 636F6E74 		.string	"controlled"
 1261      726F6C6C 
 1261      656400
 1262 0f15 01       		.byte	0x1
 1263 0f16 4A04     		.uahalf	0x44a
 1264 0f18 830F0000 		.uaword	0xf83
 1265 0f1c 02       		.byte	0x2
 1266 0f1d 23       		.byte	0x23
 1267 0f1e 00       		.uleb128 0
 1268 0f1f 0D       		.uleb128 0xd
 1269 0f20 616E7900 		.string	"any"
 1270 0f24 01       		.byte	0x1
 1271 0f25 4B04     		.uahalf	0x44b
 1272 0f27 8E0F0000 		.uaword	0xf8e
 1273 0f2b 02       		.byte	0x2
 1274 0f2c 23       		.byte	0x23
 1275 0f2d 04       		.uleb128 0x4
 1276 0f2e 0D       		.uleb128 0xd
 1277 0f2f 73746174 		.string	"state"
 1277      6500
 1278 0f35 01       		.byte	0x1
 1279 0f36 4C04     		.uahalf	0x44c
 1280 0f38 990F0000 		.uaword	0xf99
 1281 0f3c 02       		.byte	0x2
 1282 0f3d 23       		.byte	0x23
 1283 0f3e 08       		.uleb128 0x8
 1284 0f3f 0D       		.uleb128 0xd
 1285 0f40 64697370 		.string	"dispatch"
 1285      61746368 
 1285      00
 1286 0f49 01       		.byte	0x1
 1287 0f4a 4D04     		.uahalf	0x44d
 1288 0f4c B5030000 		.uaword	0x3b5
 1289 0f50 02       		.byte	0x2
 1290 0f51 23       		.byte	0x23
 1291 0f52 0C       		.uleb128 0xc
 1292 0f53 0D       		.uleb128 0xd
 1293 0f54 4F735F52 		.string	"Os_Res_Scheduler"
 1293      65735F53 
 1293      63686564 
 1293      756C6572 
 1293      00
 1294 0f65 01       		.byte	0x1
 1295 0f66 4E04     		.uahalf	0x44e
GAS Infineon TriCore Little Endian C:\\Users\\user1\\AppData\\Local\\Temp\\rta_RTAOS_638388406317960277_1736001\\ccy6UTrv.s 			page 30


 1296 0f68 5B0C0000 		.uaword	0xc5b
 1297 0f6c 02       		.byte	0x2
 1298 0f6d 23       		.byte	0x23
 1299 0f6e 10       		.uleb128 0x10
 1300 0f6f 0D       		.uleb128 0xd
 1301 0f70 636F7265 		.string	"core_id"
 1301      5F696400 
 1302 0f78 01       		.byte	0x1
 1303 0f79 4F04     		.uahalf	0x44f
 1304 0f7b 6F040000 		.uaword	0x46f
 1305 0f7f 02       		.byte	0x2
 1306 0f80 23       		.byte	0x23
 1307 0f81 14       		.uleb128 0x14
 1308 0f82 00       		.byte	0
 1309 0f83 0F       		.uleb128 0xf
 1310 0f84 880F0000 		.uaword	0xf88
 1311 0f88 08       		.uleb128 0x8
 1312 0f89 04       		.byte	0x4
 1313 0f8a 6C0D0000 		.uaword	0xd6c
 1314 0f8e 0F       		.uleb128 0xf
 1315 0f8f 930F0000 		.uaword	0xf93
 1316 0f93 08       		.uleb128 0x8
 1317 0f94 04       		.byte	0x4
 1318 0f95 D20E0000 		.uaword	0xed2
 1319 0f99 0F       		.uleb128 0xf
 1320 0f9a 9E0F0000 		.uaword	0xf9e
 1321 0f9e 08       		.uleb128 0x8
 1322 0f9f 04       		.byte	0x4
 1323 0fa0 A40F0000 		.uaword	0xfa4
 1324 0fa4 0B       		.uleb128 0xb
 1325 0fa5 07040000 		.uaword	0x407
 1326 0fa9 0A       		.uleb128 0xa
 1327 0faa 4F735F43 		.string	"Os_CoreConfiguration"
 1327      6F726543 
 1327      6F6E6669 
 1327      67757261 
 1327      74696F6E 
 1328 0fbf 01       		.byte	0x1
 1329 0fc0 5004     		.uahalf	0x450
 1330 0fc2 E90E0000 		.uaword	0xee9
 1331 0fc6 14       		.uleb128 0x14
 1332 0fc7 01       		.byte	0x1
 1333 0fc8 4F735F47 		.string	"Os_GetISRMaxStackUsage"
 1333      65744953 
 1333      524D6178 
 1333      53746163 
 1333      6B557361 
 1334 0fdf 01       		.byte	0x1
 1335 0fe0 5705     		.uahalf	0x557
 1336 0fe2 01       		.byte	0x1
 1337 0fe3 9D030000 		.uaword	0x39d
 1338 0fe7 00000000 		.uaword	.LFB0
 1339 0feb 00000000 		.uaword	.LFE0
 1340 0fef 02       		.byte	0x2
 1341 0ff0 8A       		.byte	0x8a
 1342 0ff1 00       		.sleb128 0
 1343 0ff2 01       		.byte	0x1
GAS Infineon TriCore Little Endian C:\\Users\\user1\\AppData\\Local\\Temp\\rta_RTAOS_638388406317960277_1736001\\ccy6UTrv.s 			page 31


 1344 0ff3 21110000 		.uaword	0x1121
 1345 0ff7 15       		.uleb128 0x15
 1346 0ff8 49535249 		.string	"ISRID"
 1346      4400
 1347 0ffe 01       		.byte	0x1
 1348 0fff 5705     		.uahalf	0x557
 1349 1001 66080000 		.uaword	0x866
 1350 1005 01       		.byte	0x1
 1351 1006 64       		.byte	0x64
 1352 1007 16       		.uleb128 0x16
 1353 1008 72657400 		.string	"ret"
 1354 100c 01       		.byte	0x1
 1355 100d 5805     		.uahalf	0x558
 1356 100f 9D030000 		.uaword	0x39d
 1357 1013 08       		.byte	0x8
 1358 1014 30       		.byte	0x30
 1359 1015 9F       		.byte	0x9f
 1360 1016 93       		.byte	0x93
 1361 1017 04       		.uleb128 0x4
 1362 1018 30       		.byte	0x30
 1363 1019 9F       		.byte	0x9f
 1364 101a 93       		.byte	0x93
 1365 101b 04       		.uleb128 0x4
 1366 101c 17       		.uleb128 0x17
 1367 101d 70726576 		.string	"previous_imask"
 1367      696F7573 
 1367      5F696D61 
 1367      736B00
 1368 102c 01       		.byte	0x1
 1369 102d 5905     		.uahalf	0x559
 1370 102f 13070000 		.uaword	0x713
 1371 1033 00000000 		.uaword	.LLST0
 1372 1037 18       		.uleb128 0x18
 1373 1038 6F735F63 		.string	"os_current_core_const"
 1373      75727265 
 1373      6E745F63 
 1373      6F72655F 
 1373      636F6E73 
 1374 104e 01       		.byte	0x1
 1375 104f 5A05     		.uahalf	0x55a
 1376 1051 21110000 		.uaword	0x1121
 1377 1055 16       		.uleb128 0x16
 1378 1056 6F735F63 		.string	"os_current_core"
 1378      75727265 
 1378      6E745F63 
 1378      6F726500 
 1379 1066 01       		.byte	0x1
 1380 1067 5B05     		.uahalf	0x55b
 1381 1069 930F0000 		.uaword	0xf93
 1382 106d 01       		.byte	0x1
 1383 106e 6F       		.byte	0x6f
 1384 106f 17       		.uleb128 0x17
 1385 1070 70726576 		.string	"previous_tmask"
 1385      696F7573 
 1385      5F746D61 
 1385      736B00
 1386 107f 01       		.byte	0x1
GAS Infineon TriCore Little Endian C:\\Users\\user1\\AppData\\Local\\Temp\\rta_RTAOS_638388406317960277_1736001\\ccy6UTrv.s 			page 32


 1387 1080 5C05     		.uahalf	0x55c
 1388 1082 F3030000 		.uaword	0x3f3
 1389 1086 00000000 		.uaword	.LLST1
 1390 108a 19       		.uleb128 0x19
 1391 108b 00000000 		.uaword	.LBB2
 1392 108f 00000000 		.uaword	.LBE2
 1393 1093 A8100000 		.uaword	0x10a8
 1394 1097 17       		.uleb128 0x17
 1395 1098 72657300 		.string	"res"
 1396 109c 01       		.byte	0x1
 1397 109d 5A05     		.uahalf	0x55a
 1398 109f D3010000 		.uaword	0x1d3
 1399 10a3 00000000 		.uaword	.LLST2
 1400 10a7 00       		.byte	0
 1401 10a8 19       		.uleb128 0x19
 1402 10a9 00000000 		.uaword	.LBB3
 1403 10ad 00000000 		.uaword	.LBE3
 1404 10b1 C6100000 		.uaword	0x10c6
 1405 10b5 17       		.uleb128 0x17
 1406 10b6 72657300 		.string	"res"
 1407 10ba 01       		.byte	0x1
 1408 10bb 5C05     		.uahalf	0x55c
 1409 10bd D3010000 		.uaword	0x1d3
 1410 10c1 00000000 		.uaword	.LLST1
 1411 10c5 00       		.byte	0
 1412 10c6 19       		.uleb128 0x19
 1413 10c7 00000000 		.uaword	.LBB4
 1414 10cb 00000000 		.uaword	.LBE4
 1415 10cf E4100000 		.uaword	0x10e4
 1416 10d3 17       		.uleb128 0x17
 1417 10d4 72657300 		.string	"res"
 1418 10d8 01       		.byte	0x1
 1419 10d9 5E05     		.uahalf	0x55e
 1420 10db D3010000 		.uaword	0x1d3
 1421 10df 00000000 		.uaword	.LLST0
 1422 10e3 00       		.byte	0
 1423 10e4 19       		.uleb128 0x19
 1424 10e5 00000000 		.uaword	.LBB5
 1425 10e9 00000000 		.uaword	.LBE5
 1426 10ed 03110000 		.uaword	0x1103
 1427 10f1 1A       		.uleb128 0x1a
 1428 10f2 6E657776 		.string	"newval"
 1428      616C00
 1429 10f9 01       		.byte	0x1
 1430 10fa 5E05     		.uahalf	0x55e
 1431 10fc D3010000 		.uaword	0x1d3
 1432 1100 FF80     		.uahalf	0x80ff
 1433 1102 00       		.byte	0
 1434 1103 1B       		.uleb128 0x1b
 1435 1104 00000000 		.uaword	.LBB6
 1436 1108 00000000 		.uaword	.LBE6
 1437 110c 17       		.uleb128 0x17
 1438 110d 6E657776 		.string	"newval"
 1438      616C00
 1439 1114 01       		.byte	0x1
 1440 1115 6105     		.uahalf	0x561
 1441 1117 D3010000 		.uaword	0x1d3
GAS Infineon TriCore Little Endian C:\\Users\\user1\\AppData\\Local\\Temp\\rta_RTAOS_638388406317960277_1736001\\ccy6UTrv.s 			page 33


 1442 111b 00000000 		.uaword	.LLST5
 1443 111f 00       		.byte	0
 1444 1120 00       		.byte	0
 1445 1121 08       		.uleb128 0x8
 1446 1122 04       		.byte	0x4
 1447 1123 27110000 		.uaword	0x1127
 1448 1127 0F       		.uleb128 0xf
 1449 1128 A90F0000 		.uaword	0xfa9
 1450 112c 06       		.uleb128 0x6
 1451 112d A90F0000 		.uaword	0xfa9
 1452 1131 37110000 		.uaword	0x1137
 1453 1135 1C       		.uleb128 0x1c
 1454 1136 00       		.byte	0
 1455 1137 1D       		.uleb128 0x1d
 1456 1138 4F735F63 		.string	"Os_const_coreconfiguration"
 1456      6F6E7374 
 1456      5F636F72 
 1456      65636F6E 
 1456      66696775 
 1457 1153 01       		.byte	0x1
 1458 1154 6A04     		.uahalf	0x46a
 1459 1156 5C110000 		.uaword	0x115c
 1460 115a 01       		.byte	0x1
 1461 115b 01       		.byte	0x1
 1462 115c 0F       		.uleb128 0xf
 1463 115d 2C110000 		.uaword	0x112c
 1464 1161 00       		.byte	0
 1465              	.section .debug_abbrev,"",@progbits
 1466              	.Ldebug_abbrev0:
 1467 0000 01       		.uleb128 0x1
 1468 0001 11       		.uleb128 0x11
 1469 0002 01       		.byte	0x1
 1470 0003 25       		.uleb128 0x25
 1471 0004 08       		.uleb128 0x8
 1472 0005 13       		.uleb128 0x13
 1473 0006 0B       		.uleb128 0xb
 1474 0007 03       		.uleb128 0x3
 1475 0008 08       		.uleb128 0x8
 1476 0009 55       		.uleb128 0x55
 1477 000a 06       		.uleb128 0x6
 1478 000b 11       		.uleb128 0x11
 1479 000c 01       		.uleb128 0x1
 1480 000d 52       		.uleb128 0x52
 1481 000e 01       		.uleb128 0x1
 1482 000f 10       		.uleb128 0x10
 1483 0010 06       		.uleb128 0x6
 1484 0011 00       		.byte	0
 1485 0012 00       		.byte	0
 1486 0013 02       		.uleb128 0x2
 1487 0014 16       		.uleb128 0x16
 1488 0015 00       		.byte	0
 1489 0016 03       		.uleb128 0x3
 1490 0017 08       		.uleb128 0x8
 1491 0018 3A       		.uleb128 0x3a
 1492 0019 0B       		.uleb128 0xb
 1493 001a 3B       		.uleb128 0x3b
 1494 001b 0B       		.uleb128 0xb
GAS Infineon TriCore Little Endian C:\\Users\\user1\\AppData\\Local\\Temp\\rta_RTAOS_638388406317960277_1736001\\ccy6UTrv.s 			page 34


 1495 001c 49       		.uleb128 0x49
 1496 001d 13       		.uleb128 0x13
 1497 001e 00       		.byte	0
 1498 001f 00       		.byte	0
 1499 0020 03       		.uleb128 0x3
 1500 0021 24       		.uleb128 0x24
 1501 0022 00       		.byte	0
 1502 0023 0B       		.uleb128 0xb
 1503 0024 0B       		.uleb128 0xb
 1504 0025 3E       		.uleb128 0x3e
 1505 0026 0B       		.uleb128 0xb
 1506 0027 03       		.uleb128 0x3
 1507 0028 08       		.uleb128 0x8
 1508 0029 00       		.byte	0
 1509 002a 00       		.byte	0
 1510 002b 04       		.uleb128 0x4
 1511 002c 13       		.uleb128 0x13
 1512 002d 01       		.byte	0x1
 1513 002e 0B       		.uleb128 0xb
 1514 002f 0B       		.uleb128 0xb
 1515 0030 3A       		.uleb128 0x3a
 1516 0031 0B       		.uleb128 0xb
 1517 0032 3B       		.uleb128 0x3b
 1518 0033 0B       		.uleb128 0xb
 1519 0034 01       		.uleb128 0x1
 1520 0035 13       		.uleb128 0x13
 1521 0036 00       		.byte	0
 1522 0037 00       		.byte	0
 1523 0038 05       		.uleb128 0x5
 1524 0039 0D       		.uleb128 0xd
 1525 003a 00       		.byte	0
 1526 003b 03       		.uleb128 0x3
 1527 003c 08       		.uleb128 0x8
 1528 003d 3A       		.uleb128 0x3a
 1529 003e 0B       		.uleb128 0xb
 1530 003f 3B       		.uleb128 0x3b
 1531 0040 0B       		.uleb128 0xb
 1532 0041 49       		.uleb128 0x49
 1533 0042 13       		.uleb128 0x13
 1534 0043 38       		.uleb128 0x38
 1535 0044 0A       		.uleb128 0xa
 1536 0045 00       		.byte	0
 1537 0046 00       		.byte	0
 1538 0047 06       		.uleb128 0x6
 1539 0048 01       		.uleb128 0x1
 1540 0049 01       		.byte	0x1
 1541 004a 49       		.uleb128 0x49
 1542 004b 13       		.uleb128 0x13
 1543 004c 01       		.uleb128 0x1
 1544 004d 13       		.uleb128 0x13
 1545 004e 00       		.byte	0
 1546 004f 00       		.byte	0
 1547 0050 07       		.uleb128 0x7
 1548 0051 21       		.uleb128 0x21
 1549 0052 00       		.byte	0
 1550 0053 49       		.uleb128 0x49
 1551 0054 13       		.uleb128 0x13
GAS Infineon TriCore Little Endian C:\\Users\\user1\\AppData\\Local\\Temp\\rta_RTAOS_638388406317960277_1736001\\ccy6UTrv.s 			page 35


 1552 0055 2F       		.uleb128 0x2f
 1553 0056 0B       		.uleb128 0xb
 1554 0057 00       		.byte	0
 1555 0058 00       		.byte	0
 1556 0059 08       		.uleb128 0x8
 1557 005a 0F       		.uleb128 0xf
 1558 005b 00       		.byte	0
 1559 005c 0B       		.uleb128 0xb
 1560 005d 0B       		.uleb128 0xb
 1561 005e 49       		.uleb128 0x49
 1562 005f 13       		.uleb128 0x13
 1563 0060 00       		.byte	0
 1564 0061 00       		.byte	0
 1565 0062 09       		.uleb128 0x9
 1566 0063 15       		.uleb128 0x15
 1567 0064 00       		.byte	0
 1568 0065 27       		.uleb128 0x27
 1569 0066 0C       		.uleb128 0xc
 1570 0067 00       		.byte	0
 1571 0068 00       		.byte	0
 1572 0069 0A       		.uleb128 0xa
 1573 006a 16       		.uleb128 0x16
 1574 006b 00       		.byte	0
 1575 006c 03       		.uleb128 0x3
 1576 006d 08       		.uleb128 0x8
 1577 006e 3A       		.uleb128 0x3a
 1578 006f 0B       		.uleb128 0xb
 1579 0070 3B       		.uleb128 0x3b
 1580 0071 05       		.uleb128 0x5
 1581 0072 49       		.uleb128 0x49
 1582 0073 13       		.uleb128 0x13
 1583 0074 00       		.byte	0
 1584 0075 00       		.byte	0
 1585 0076 0B       		.uleb128 0xb
 1586 0077 35       		.uleb128 0x35
 1587 0078 00       		.byte	0
 1588 0079 49       		.uleb128 0x49
 1589 007a 13       		.uleb128 0x13
 1590 007b 00       		.byte	0
 1591 007c 00       		.byte	0
 1592 007d 0C       		.uleb128 0xc
 1593 007e 13       		.uleb128 0x13
 1594 007f 01       		.byte	0x1
 1595 0080 03       		.uleb128 0x3
 1596 0081 08       		.uleb128 0x8
 1597 0082 0B       		.uleb128 0xb
 1598 0083 0B       		.uleb128 0xb
 1599 0084 3A       		.uleb128 0x3a
 1600 0085 0B       		.uleb128 0xb
 1601 0086 3B       		.uleb128 0x3b
 1602 0087 05       		.uleb128 0x5
 1603 0088 01       		.uleb128 0x1
 1604 0089 13       		.uleb128 0x13
 1605 008a 00       		.byte	0
 1606 008b 00       		.byte	0
 1607 008c 0D       		.uleb128 0xd
 1608 008d 0D       		.uleb128 0xd
GAS Infineon TriCore Little Endian C:\\Users\\user1\\AppData\\Local\\Temp\\rta_RTAOS_638388406317960277_1736001\\ccy6UTrv.s 			page 36


 1609 008e 00       		.byte	0
 1610 008f 03       		.uleb128 0x3
 1611 0090 08       		.uleb128 0x8
 1612 0091 3A       		.uleb128 0x3a
 1613 0092 0B       		.uleb128 0xb
 1614 0093 3B       		.uleb128 0x3b
 1615 0094 05       		.uleb128 0x5
 1616 0095 49       		.uleb128 0x49
 1617 0096 13       		.uleb128 0x13
 1618 0097 38       		.uleb128 0x38
 1619 0098 0A       		.uleb128 0xa
 1620 0099 00       		.byte	0
 1621 009a 00       		.byte	0
 1622 009b 0E       		.uleb128 0xe
 1623 009c 0D       		.uleb128 0xd
 1624 009d 00       		.byte	0
 1625 009e 03       		.uleb128 0x3
 1626 009f 0E       		.uleb128 0xe
 1627 00a0 3A       		.uleb128 0x3a
 1628 00a1 0B       		.uleb128 0xb
 1629 00a2 3B       		.uleb128 0x3b
 1630 00a3 05       		.uleb128 0x5
 1631 00a4 49       		.uleb128 0x49
 1632 00a5 13       		.uleb128 0x13
 1633 00a6 38       		.uleb128 0x38
 1634 00a7 0A       		.uleb128 0xa
 1635 00a8 00       		.byte	0
 1636 00a9 00       		.byte	0
 1637 00aa 0F       		.uleb128 0xf
 1638 00ab 26       		.uleb128 0x26
 1639 00ac 00       		.byte	0
 1640 00ad 49       		.uleb128 0x49
 1641 00ae 13       		.uleb128 0x13
 1642 00af 00       		.byte	0
 1643 00b0 00       		.byte	0
 1644 00b1 10       		.uleb128 0x10
 1645 00b2 17       		.uleb128 0x17
 1646 00b3 01       		.byte	0x1
 1647 00b4 0B       		.uleb128 0xb
 1648 00b5 0B       		.uleb128 0xb
 1649 00b6 3A       		.uleb128 0x3a
 1650 00b7 0B       		.uleb128 0xb
 1651 00b8 3B       		.uleb128 0x3b
 1652 00b9 05       		.uleb128 0x5
 1653 00ba 01       		.uleb128 0x1
 1654 00bb 13       		.uleb128 0x13
 1655 00bc 00       		.byte	0
 1656 00bd 00       		.byte	0
 1657 00be 11       		.uleb128 0x11
 1658 00bf 0D       		.uleb128 0xd
 1659 00c0 00       		.byte	0
 1660 00c1 03       		.uleb128 0x3
 1661 00c2 08       		.uleb128 0x8
 1662 00c3 3A       		.uleb128 0x3a
 1663 00c4 0B       		.uleb128 0xb
 1664 00c5 3B       		.uleb128 0x3b
 1665 00c6 05       		.uleb128 0x5
GAS Infineon TriCore Little Endian C:\\Users\\user1\\AppData\\Local\\Temp\\rta_RTAOS_638388406317960277_1736001\\ccy6UTrv.s 			page 37


 1666 00c7 49       		.uleb128 0x49
 1667 00c8 13       		.uleb128 0x13
 1668 00c9 00       		.byte	0
 1669 00ca 00       		.byte	0
 1670 00cb 12       		.uleb128 0x12
 1671 00cc 0D       		.uleb128 0xd
 1672 00cd 00       		.byte	0
 1673 00ce 03       		.uleb128 0x3
 1674 00cf 0E       		.uleb128 0xe
 1675 00d0 3A       		.uleb128 0x3a
 1676 00d1 0B       		.uleb128 0xb
 1677 00d2 3B       		.uleb128 0x3b
 1678 00d3 05       		.uleb128 0x5
 1679 00d4 49       		.uleb128 0x49
 1680 00d5 13       		.uleb128 0x13
 1681 00d6 00       		.byte	0
 1682 00d7 00       		.byte	0
 1683 00d8 13       		.uleb128 0x13
 1684 00d9 13       		.uleb128 0x13
 1685 00da 01       		.byte	0x1
 1686 00db 0B       		.uleb128 0xb
 1687 00dc 0B       		.uleb128 0xb
 1688 00dd 3A       		.uleb128 0x3a
 1689 00de 0B       		.uleb128 0xb
 1690 00df 3B       		.uleb128 0x3b
 1691 00e0 05       		.uleb128 0x5
 1692 00e1 01       		.uleb128 0x1
 1693 00e2 13       		.uleb128 0x13
 1694 00e3 00       		.byte	0
 1695 00e4 00       		.byte	0
 1696 00e5 14       		.uleb128 0x14
 1697 00e6 2E       		.uleb128 0x2e
 1698 00e7 01       		.byte	0x1
 1699 00e8 3F       		.uleb128 0x3f
 1700 00e9 0C       		.uleb128 0xc
 1701 00ea 03       		.uleb128 0x3
 1702 00eb 08       		.uleb128 0x8
 1703 00ec 3A       		.uleb128 0x3a
 1704 00ed 0B       		.uleb128 0xb
 1705 00ee 3B       		.uleb128 0x3b
 1706 00ef 05       		.uleb128 0x5
 1707 00f0 27       		.uleb128 0x27
 1708 00f1 0C       		.uleb128 0xc
 1709 00f2 49       		.uleb128 0x49
 1710 00f3 13       		.uleb128 0x13
 1711 00f4 11       		.uleb128 0x11
 1712 00f5 01       		.uleb128 0x1
 1713 00f6 12       		.uleb128 0x12
 1714 00f7 01       		.uleb128 0x1
 1715 00f8 40       		.uleb128 0x40
 1716 00f9 0A       		.uleb128 0xa
 1717 00fa 9742     		.uleb128 0x2117
 1718 00fc 0C       		.uleb128 0xc
 1719 00fd 01       		.uleb128 0x1
 1720 00fe 13       		.uleb128 0x13
 1721 00ff 00       		.byte	0
 1722 0100 00       		.byte	0
GAS Infineon TriCore Little Endian C:\\Users\\user1\\AppData\\Local\\Temp\\rta_RTAOS_638388406317960277_1736001\\ccy6UTrv.s 			page 38


 1723 0101 15       		.uleb128 0x15
 1724 0102 05       		.uleb128 0x5
 1725 0103 00       		.byte	0
 1726 0104 03       		.uleb128 0x3
 1727 0105 08       		.uleb128 0x8
 1728 0106 3A       		.uleb128 0x3a
 1729 0107 0B       		.uleb128 0xb
 1730 0108 3B       		.uleb128 0x3b
 1731 0109 05       		.uleb128 0x5
 1732 010a 49       		.uleb128 0x49
 1733 010b 13       		.uleb128 0x13
 1734 010c 02       		.uleb128 0x2
 1735 010d 0A       		.uleb128 0xa
 1736 010e 00       		.byte	0
 1737 010f 00       		.byte	0
 1738 0110 16       		.uleb128 0x16
 1739 0111 34       		.uleb128 0x34
 1740 0112 00       		.byte	0
 1741 0113 03       		.uleb128 0x3
 1742 0114 08       		.uleb128 0x8
 1743 0115 3A       		.uleb128 0x3a
 1744 0116 0B       		.uleb128 0xb
 1745 0117 3B       		.uleb128 0x3b
 1746 0118 05       		.uleb128 0x5
 1747 0119 49       		.uleb128 0x49
 1748 011a 13       		.uleb128 0x13
 1749 011b 02       		.uleb128 0x2
 1750 011c 0A       		.uleb128 0xa
 1751 011d 00       		.byte	0
 1752 011e 00       		.byte	0
 1753 011f 17       		.uleb128 0x17
 1754 0120 34       		.uleb128 0x34
 1755 0121 00       		.byte	0
 1756 0122 03       		.uleb128 0x3
 1757 0123 08       		.uleb128 0x8
 1758 0124 3A       		.uleb128 0x3a
 1759 0125 0B       		.uleb128 0xb
 1760 0126 3B       		.uleb128 0x3b
 1761 0127 05       		.uleb128 0x5
 1762 0128 49       		.uleb128 0x49
 1763 0129 13       		.uleb128 0x13
 1764 012a 02       		.uleb128 0x2
 1765 012b 06       		.uleb128 0x6
 1766 012c 00       		.byte	0
 1767 012d 00       		.byte	0
 1768 012e 18       		.uleb128 0x18
 1769 012f 34       		.uleb128 0x34
 1770 0130 00       		.byte	0
 1771 0131 03       		.uleb128 0x3
 1772 0132 08       		.uleb128 0x8
 1773 0133 3A       		.uleb128 0x3a
 1774 0134 0B       		.uleb128 0xb
 1775 0135 3B       		.uleb128 0x3b
 1776 0136 05       		.uleb128 0x5
 1777 0137 49       		.uleb128 0x49
 1778 0138 13       		.uleb128 0x13
 1779 0139 00       		.byte	0
GAS Infineon TriCore Little Endian C:\\Users\\user1\\AppData\\Local\\Temp\\rta_RTAOS_638388406317960277_1736001\\ccy6UTrv.s 			page 39


 1780 013a 00       		.byte	0
 1781 013b 19       		.uleb128 0x19
 1782 013c 0B       		.uleb128 0xb
 1783 013d 01       		.byte	0x1
 1784 013e 11       		.uleb128 0x11
 1785 013f 01       		.uleb128 0x1
 1786 0140 12       		.uleb128 0x12
 1787 0141 01       		.uleb128 0x1
 1788 0142 01       		.uleb128 0x1
 1789 0143 13       		.uleb128 0x13
 1790 0144 00       		.byte	0
 1791 0145 00       		.byte	0
 1792 0146 1A       		.uleb128 0x1a
 1793 0147 34       		.uleb128 0x34
 1794 0148 00       		.byte	0
 1795 0149 03       		.uleb128 0x3
 1796 014a 08       		.uleb128 0x8
 1797 014b 3A       		.uleb128 0x3a
 1798 014c 0B       		.uleb128 0xb
 1799 014d 3B       		.uleb128 0x3b
 1800 014e 05       		.uleb128 0x5
 1801 014f 49       		.uleb128 0x49
 1802 0150 13       		.uleb128 0x13
 1803 0151 1C       		.uleb128 0x1c
 1804 0152 05       		.uleb128 0x5
 1805 0153 00       		.byte	0
 1806 0154 00       		.byte	0
 1807 0155 1B       		.uleb128 0x1b
 1808 0156 0B       		.uleb128 0xb
 1809 0157 01       		.byte	0x1
 1810 0158 11       		.uleb128 0x11
 1811 0159 01       		.uleb128 0x1
 1812 015a 12       		.uleb128 0x12
 1813 015b 01       		.uleb128 0x1
 1814 015c 00       		.byte	0
 1815 015d 00       		.byte	0
 1816 015e 1C       		.uleb128 0x1c
 1817 015f 21       		.uleb128 0x21
 1818 0160 00       		.byte	0
 1819 0161 00       		.byte	0
 1820 0162 00       		.byte	0
 1821 0163 1D       		.uleb128 0x1d
 1822 0164 34       		.uleb128 0x34
 1823 0165 00       		.byte	0
 1824 0166 03       		.uleb128 0x3
 1825 0167 08       		.uleb128 0x8
 1826 0168 3A       		.uleb128 0x3a
 1827 0169 0B       		.uleb128 0xb
 1828 016a 3B       		.uleb128 0x3b
 1829 016b 05       		.uleb128 0x5
 1830 016c 49       		.uleb128 0x49
 1831 016d 13       		.uleb128 0x13
 1832 016e 3F       		.uleb128 0x3f
 1833 016f 0C       		.uleb128 0xc
 1834 0170 3C       		.uleb128 0x3c
 1835 0171 0C       		.uleb128 0xc
 1836 0172 00       		.byte	0
GAS Infineon TriCore Little Endian C:\\Users\\user1\\AppData\\Local\\Temp\\rta_RTAOS_638388406317960277_1736001\\ccy6UTrv.s 			page 40


 1837 0173 00       		.byte	0
 1838 0174 00       		.byte	0
 1839              	.section .debug_loc,"",@progbits
 1840              	.Ldebug_loc0:
 1841              	.LLST0:
 1842 0000 00000000 		.uaword	.LVL4
 1843 0004 00000000 		.uaword	.LVL7
 1844 0008 0100     		.uahalf	0x1
 1845 000a 5F       		.byte	0x5f
 1846 000b 00000000 		.uaword	0
 1847 000f 00000000 		.uaword	0
 1848              	.LLST1:
 1849 0013 00000000 		.uaword	.LVL3
 1850 0017 00000000 		.uaword	.LVL4
 1851 001b 0100     		.uahalf	0x1
 1852 001d 5F       		.byte	0x5f
 1853 001e 00000000 		.uaword	0
 1854 0022 00000000 		.uaword	0
 1855              	.LLST2:
 1856 0026 00000000 		.uaword	.LVL1
 1857 002a 00000000 		.uaword	.LVL3
 1858 002e 0100     		.uahalf	0x1
 1859 0030 5F       		.byte	0x5f
 1860 0031 00000000 		.uaword	0
 1861 0035 00000000 		.uaword	0
 1862              	.LLST5:
 1863 0039 00000000 		.uaword	.LVL6
 1864 003d 00000000 		.uaword	.LVL7
 1865 0041 0100     		.uahalf	0x1
 1866 0043 5F       		.byte	0x5f
 1867 0044 00000000 		.uaword	0
 1868 0048 00000000 		.uaword	0
 1869              	.section .debug_aranges,"",@progbits
 1870 0000 1C000000 		.uaword	0x1c
 1871 0004 0200     		.uahalf	0x2
 1872 0006 00000000 		.uaword	.Ldebug_info0
 1873 000a 04       		.byte	0x4
 1874 000b 00       		.byte	0
 1875 000c 0000     		.uahalf	0
 1876 000e 0000     		.uahalf	0
 1877 0010 00000000 		.uaword	.LFB0
 1878 0014 4E000000 		.uaword	.LFE0-.LFB0
 1879 0018 00000000 		.uaword	0
 1880 001c 00000000 		.uaword	0
 1881              	.section .debug_ranges,"",@progbits
 1882              	.Ldebug_ranges0:
 1883 0000 00000000 		.uaword	.LFB0
 1884 0004 00000000 		.uaword	.LFE0
 1885 0008 00000000 		.uaword	0
 1886 000c 00000000 		.uaword	0
 1887              	.section .debug_line,"",@progbits
 1888              	.Ldebug_line0:
 1889 0000 3F010000 	.section .debug_str,"",@progbits
 1889      02001901 
 1889      00000201 
 1889      FB0E0D00 
 1889      01010101 
GAS Infineon TriCore Little Endian C:\\Users\\user1\\AppData\\Local\\Temp\\rta_RTAOS_638388406317960277_1736001\\ccy6UTrv.s 			page 41


 1890              	.LASF4:
 1891 0000 6170706C 		.string	"application"
 1891      69636174 
 1891      696F6E00 
 1892              	.LASF2:
 1893 000c 64796E61 		.string	"dynamic"
 1893      6D696300 
 1894              	.LASF5:
 1895 0014 61637469 		.string	"activation_count"
 1895      76617469 
 1895      6F6E5F63 
 1895      6F756E74 
 1895      00
 1896              	.LASF6:
 1897 0025 74706D61 		.string	"tpmask"
 1897      736B00
 1898              	.LASF1:
 1899 002c 656E7472 		.string	"entry_function"
 1899      795F6675 
 1899      6E637469 
 1899      6F6E00
 1900              	.LASF3:
 1901 003b 61636365 		.string	"access"
 1901      737300
 1902              	.LASF0:
 1903 0042 7265736F 		.string	"resource_count"
 1903      75726365 
 1903      5F636F75 
 1903      6E7400
 1904              		.extern	Os_const_coreconfiguration,STT_OBJECT,-1
 1905              		.ident	"GCC: (HighTec Release HDP-v4.9.4.1-11fcedf) 4.9.4 build on 2020-09-01"
