GAS Infineon TriCore Little Endian C:\\Users\\user1\\AppData\\Local\\Temp\\rta_RTAOS_638388406317960277_1736001\\ccueMsAh.s 			page 1


   1              		.file	"GetISRID.c"
   2              	.section .text,"ax",@progbits
   3              	.Ltext0:
   4              	.section .text.Os_GetISRID,"ax",@progbits
   5              		.align 1
   6              		.global	Os_GetISRID
   7              		.type	Os_GetISRID, @function
   8              	Os_GetISRID:
   9              	.LFB0:
  10              		.file 1 "C:\\Users\\user1\\AppData\\Local\\Temp\\rta_RTAOS_638388406317960277_1736001\\GetISRID.c"
  11              		.loc 1 1366 0
  12              	.LBB2:
  13              		.loc 1 1368 0
  14              	#APP
  15              		# 1368 "C:\Users\user1\AppData\Local\Temp\rta_RTAOS_638388406317960277_1736001\GetISRID.c" 1
  16 0000 4DC0E1FF 		mfcr %d15,0xfe1c
  17              		# 0 "" 2
  18              	.LVL0:
  19              	#NO_APP
  20              	.LBE2:
  21              		.loc 1 1369 0
  22 0004 910000F0 		movh.a	%a15, hi:Os_const_coreconfiguration
  23 0008 80F3     		mov.d	%d3, %a15
  24 000a 1B030020 		addi	%d2, %d3, lo:Os_const_coreconfiguration
  25 000e 138F2132 		madd	%d3, %d2, %d15, 24
  26 0012 603F     		mov.a	%a15, %d3
  27 0014 C802     		ld.a	%a2, [%a15]0
  28              	.LVL1:
  29              		.loc 1 1370 0
  30 0016 C81F     		ld.a	%a15, [%a15] 4
  31              	.LVL2:
  32              	.LBB3:
  33              		.loc 1 1371 0
  34              	#APP
  35              		# 1371 "C:\Users\user1\AppData\Local\Temp\rta_RTAOS_638388406317960277_1736001\GetISRID.c" 1
  36 0018 4D40E0FF 		mfcr %d15,0xfe04
  37              		# 0 "" 2
  38              	.LVL3:
  39              	#NO_APP
  40              	.LBE3:
  41              		.loc 1 1372 0
  42 001c AEB3     		jnz.t	%d15, 11, .L2
  43              		.loc 1 1372 0 is_stmt 0 discriminator 1
  44              	#APP
  45              		# 1372 "C:\Users\user1\AppData\Local\Temp\rta_RTAOS_638388406317960277_1736001\GetISRID.c" 1
  46 001e AD008000 		syscall 0
  47              		# 0 "" 2
  48              	#NO_APP
  49              	.L2:
  50              		.loc 1 1373 0 is_stmt 1
  51 0022 DA2F     		mov	%d15, 47
  52              	.LVL4:
  53 0024 E9FF1800 		st.b	[%a15] 24, %d15
  54              		.loc 1 1375 0
  55 0028 DA2E     		mov	%d15, 46
  56              		.loc 1 1374 0
  57 002a 99222000 		ld.a	%a2, [%a2] 32
GAS Infineon TriCore Little Endian C:\\Users\\user1\\AppData\\Local\\Temp\\rta_RTAOS_638388406317960277_1736001\\ccueMsAh.s 			page 2


  58              	.LVL5:
  59              		.loc 1 1375 0
  60 002e E9FF1800 		st.b	[%a15] 24, %d15
  61              		.loc 1 1378 0
  62 0032 0090     		ret
  63              	.LFE0:
  64              		.size	Os_GetISRID, .-Os_GetISRID
  65              	.section .debug_frame,"",@progbits
  66              	.Lframe0:
  67 0000 0C000000 		.uaword	.LECIE0-.LSCIE0
  68              	.LSCIE0:
  69 0004 FFFFFFFF 		.uaword	0xffffffff
  70 0008 01       		.byte	0x1
  71 0009 00       		.string	""
  72 000a 01       		.uleb128 0x1
  73 000b 01       		.sleb128 1
  74 000c 1B       		.byte	0x1b
  75 000d 0C       		.byte	0xc
  76 000e 1A       		.uleb128 0x1a
  77 000f 00       		.uleb128 0
  78              		.align 2
  79              	.LECIE0:
  80              	.LSFDE0:
  81 0010 0C000000 		.uaword	.LEFDE0-.LASFDE0
  82              	.LASFDE0:
  83 0014 00000000 		.uaword	.Lframe0
  84 0018 00000000 		.uaword	.LFB0
  85 001c 34000000 		.uaword	.LFE0-.LFB0
  86              		.align 2
  87              	.LEFDE0:
  88              	.section .text,"ax",@progbits
  89              	.Letext0:
  90              		.file 2 "D:\\home\\user123\\user\\Mohan6_VectorSIP\\21Dec23\\15Dec23_CAN_merge_21stDec\\25_Softwar
  91              		.file 3 "D:\\home\\user123\\user\\Mohan6_VectorSIP\\21Dec23\\15Dec23_CAN_merge_21stDec\\25_Softwar
  92              	.section .debug_info,"",@progbits
  93              	.Ldebug_info0:
  94 0000 DF100000 		.uaword	0x10df
  95 0004 0200     		.uahalf	0x2
  96 0006 00000000 		.uaword	.Ldebug_abbrev0
  97 000a 04       		.byte	0x4
  98 000b 01       		.uleb128 0x1
  99 000c 474E5520 		.ascii	"GNU C 4."
  99      4320342E 
 100 0014 392E3420 		.string	"9.4 build on 2020-09-01 -mlicense-dir=c:\\hightec\\toolchains\\tricore\\v4.9.4.1\\bin\\..
 100      6275696C 
 100      64206F6E 
 100      20323032 
 100      302D3039 
 101 0115 01       		.byte	0x1
 102 0116 433A5C55 		.string	"C:\\Users\\user1\\AppData\\Local\\Temp\\rta_RTAOS_638388406317960277_1736001\\GetISRID.c"
 102      73657273 
 102      5C757365 
 102      72315C41 
 102      70704461 
 103 0168 00000000 		.uaword	.Ldebug_ranges0+0
 104 016c 00000000 		.uaword	0
 105 0170 00000000 		.uaword	0
GAS Infineon TriCore Little Endian C:\\Users\\user1\\AppData\\Local\\Temp\\rta_RTAOS_638388406317960277_1736001\\ccueMsAh.s 			page 3


 106 0174 00000000 		.uaword	.Ldebug_line0
 107 0178 02       		.uleb128 0x2
 108 0179 75696E74 		.string	"uint8"
 108      3800
 109 017f 02       		.byte	0x2
 110 0180 34       		.byte	0x34
 111 0181 85010000 		.uaword	0x185
 112 0185 03       		.uleb128 0x3
 113 0186 01       		.byte	0x1
 114 0187 08       		.byte	0x8
 115 0188 756E7369 		.string	"unsigned char"
 115      676E6564 
 115      20636861 
 115      7200
 116 0196 02       		.uleb128 0x2
 117 0197 75696E74 		.string	"uint16"
 117      313600
 118 019e 02       		.byte	0x2
 119 019f 35       		.byte	0x35
 120 01a0 A4010000 		.uaword	0x1a4
 121 01a4 03       		.uleb128 0x3
 122 01a5 02       		.byte	0x2
 123 01a6 07       		.byte	0x7
 124 01a7 73686F72 		.string	"short unsigned int"
 124      7420756E 
 124      7369676E 
 124      65642069 
 124      6E7400
 125 01ba 02       		.uleb128 0x2
 126 01bb 75696E74 		.string	"uint32"
 126      333200
 127 01c2 02       		.byte	0x2
 128 01c3 36       		.byte	0x36
 129 01c4 C8010000 		.uaword	0x1c8
 130 01c8 03       		.uleb128 0x3
 131 01c9 04       		.byte	0x4
 132 01ca 07       		.byte	0x7
 133 01cb 756E7369 		.string	"unsigned int"
 133      676E6564 
 133      20696E74 
 133      00
 134 01d8 03       		.uleb128 0x3
 135 01d9 01       		.byte	0x1
 136 01da 06       		.byte	0x6
 137 01db 7369676E 		.string	"signed char"
 137      65642063 
 137      68617200 
 138 01e7 03       		.uleb128 0x3
 139 01e8 02       		.byte	0x2
 140 01e9 05       		.byte	0x5
 141 01ea 73686F72 		.string	"short int"
 141      7420696E 
 141      7400
 142 01f4 03       		.uleb128 0x3
 143 01f5 04       		.byte	0x4
 144 01f6 05       		.byte	0x5
 145 01f7 696E7400 		.string	"int"
GAS Infineon TriCore Little Endian C:\\Users\\user1\\AppData\\Local\\Temp\\rta_RTAOS_638388406317960277_1736001\\ccueMsAh.s 			page 4


 146 01fb 03       		.uleb128 0x3
 147 01fc 04       		.byte	0x4
 148 01fd 04       		.byte	0x4
 149 01fe 666C6F61 		.string	"float"
 149      7400
 150 0204 03       		.uleb128 0x3
 151 0205 08       		.byte	0x8
 152 0206 04       		.byte	0x4
 153 0207 646F7562 		.string	"double"
 153      6C6500
 154 020e 03       		.uleb128 0x3
 155 020f 08       		.byte	0x8
 156 0210 05       		.byte	0x5
 157 0211 6C6F6E67 		.string	"long long int"
 157      206C6F6E 
 157      6720696E 
 157      7400
 158 021f 03       		.uleb128 0x3
 159 0220 08       		.byte	0x8
 160 0221 07       		.byte	0x7
 161 0222 6C6F6E67 		.string	"long long unsigned int"
 161      206C6F6E 
 161      6720756E 
 161      7369676E 
 161      65642069 
 162 0239 02       		.uleb128 0x2
 163 023a 626F6F6C 		.string	"boolean"
 163      65616E00 
 164 0242 02       		.byte	0x2
 165 0243 49       		.byte	0x49
 166 0244 85010000 		.uaword	0x185
 167 0248 02       		.uleb128 0x2
 168 0249 53746174 		.string	"StatusType"
 168      75735479 
 168      706500
 169 0254 03       		.byte	0x3
 170 0255 28       		.byte	0x28
 171 0256 85010000 		.uaword	0x185
 172 025a 04       		.uleb128 0x4
 173 025b 08       		.byte	0x8
 174 025c 01       		.byte	0x1
 175 025d 7C       		.byte	0x7c
 176 025e 99020000 		.uaword	0x299
 177 0262 05       		.uleb128 0x5
 178 0263 436C6173 		.string	"Class"
 178      7300
 179 0269 01       		.byte	0x1
 180 026a 7D       		.byte	0x7d
 181 026b 78010000 		.uaword	0x178
 182 026f 02       		.byte	0x2
 183 0270 23       		.byte	0x23
 184 0271 00       		.uleb128 0
 185 0272 05       		.uleb128 0x5
 186 0273 54494E00 		.string	"TIN"
 187 0277 01       		.byte	0x1
 188 0278 7E       		.byte	0x7e
 189 0279 78010000 		.uaword	0x178
GAS Infineon TriCore Little Endian C:\\Users\\user1\\AppData\\Local\\Temp\\rta_RTAOS_638388406317960277_1736001\\ccueMsAh.s 			page 5


 190 027d 02       		.byte	0x2
 191 027e 23       		.byte	0x23
 192 027f 01       		.uleb128 0x1
 193 0280 05       		.uleb128 0x5
 194 0281 52657475 		.string	"ReturnAddress"
 194      726E4164 
 194      64726573 
 194      7300
 195 028f 01       		.byte	0x1
 196 0290 7F       		.byte	0x7f
 197 0291 BA010000 		.uaword	0x1ba
 198 0295 02       		.byte	0x2
 199 0296 23       		.byte	0x23
 200 0297 04       		.uleb128 0x4
 201 0298 00       		.byte	0
 202 0299 02       		.uleb128 0x2
 203 029a 4F735472 		.string	"OsTrapInfoType"
 203      6170496E 
 203      666F5479 
 203      706500
 204 02a9 01       		.byte	0x1
 205 02aa 80       		.byte	0x80
 206 02ab 5A020000 		.uaword	0x25a
 207 02af 02       		.uleb128 0x2
 208 02b0 75696E74 		.string	"uint32_aligned"
 208      33325F61 
 208      6C69676E 
 208      656400
 209 02bf 01       		.byte	0x1
 210 02c0 86       		.byte	0x86
 211 02c1 BA010000 		.uaword	0x1ba
 212 02c5 04       		.uleb128 0x4
 213 02c6 44       		.byte	0x44
 214 02c7 01       		.byte	0x1
 215 02c8 AB       		.byte	0xab
 216 02c9 DE020000 		.uaword	0x2de
 217 02cd 05       		.uleb128 0x5
 218 02ce 73746F72 		.string	"store"
 218      6500
 219 02d4 01       		.byte	0x1
 220 02d5 AC       		.byte	0xac
 221 02d6 DE020000 		.uaword	0x2de
 222 02da 02       		.byte	0x2
 223 02db 23       		.byte	0x23
 224 02dc 00       		.uleb128 0
 225 02dd 00       		.byte	0
 226 02de 06       		.uleb128 0x6
 227 02df BA010000 		.uaword	0x1ba
 228 02e3 EE020000 		.uaword	0x2ee
 229 02e7 07       		.uleb128 0x7
 230 02e8 EE020000 		.uaword	0x2ee
 231 02ec 10       		.byte	0x10
 232 02ed 00       		.byte	0
 233 02ee 03       		.uleb128 0x3
 234 02ef 04       		.byte	0x4
 235 02f0 07       		.byte	0x7
 236 02f1 73697A65 		.string	"sizetype"
GAS Infineon TriCore Little Endian C:\\Users\\user1\\AppData\\Local\\Temp\\rta_RTAOS_638388406317960277_1736001\\ccueMsAh.s 			page 6


 236      74797065 
 236      00
 237 02fa 02       		.uleb128 0x2
 238 02fb 4F735F4A 		.string	"Os_JumpBufType"
 238      756D7042 
 238      75665479 
 238      706500
 239 030a 01       		.byte	0x1
 240 030b AD       		.byte	0xad
 241 030c 10030000 		.uaword	0x310
 242 0310 06       		.uleb128 0x6
 243 0311 C5020000 		.uaword	0x2c5
 244 0315 20030000 		.uaword	0x320
 245 0319 07       		.uleb128 0x7
 246 031a EE020000 		.uaword	0x2ee
 247 031e 00       		.byte	0
 248 031f 00       		.byte	0
 249 0320 02       		.uleb128 0x2
 250 0321 4F735F52 		.string	"Os_ResourceCountType"
 250      65736F75 
 250      72636543 
 250      6F756E74 
 250      54797065 
 251 0336 01       		.byte	0x1
 252 0337 BE       		.byte	0xbe
 253 0338 85010000 		.uaword	0x185
 254 033c 02       		.uleb128 0x2
 255 033d 4F735F53 		.string	"Os_StackTraceType"
 255      7461636B 
 255      54726163 
 255      65547970 
 255      6500
 256 034f 01       		.byte	0x1
 257 0350 BF       		.byte	0xbf
 258 0351 C8010000 		.uaword	0x1c8
 259 0355 04       		.uleb128 0x4
 260 0356 08       		.byte	0x8
 261 0357 01       		.byte	0x1
 262 0358 C0       		.byte	0xc0
 263 0359 79030000 		.uaword	0x379
 264 035d 05       		.uleb128 0x5
 265 035e 737000   		.string	"sp"
 266 0361 01       		.byte	0x1
 267 0362 C0       		.byte	0xc0
 268 0363 3C030000 		.uaword	0x33c
 269 0367 02       		.byte	0x2
 270 0368 23       		.byte	0x23
 271 0369 00       		.uleb128 0
 272 036a 05       		.uleb128 0x5
 273 036b 63747800 		.string	"ctx"
 274 036f 01       		.byte	0x1
 275 0370 C0       		.byte	0xc0
 276 0371 3C030000 		.uaword	0x33c
 277 0375 02       		.byte	0x2
 278 0376 23       		.byte	0x23
 279 0377 04       		.uleb128 0x4
 280 0378 00       		.byte	0
GAS Infineon TriCore Little Endian C:\\Users\\user1\\AppData\\Local\\Temp\\rta_RTAOS_638388406317960277_1736001\\ccueMsAh.s 			page 7


 281 0379 02       		.uleb128 0x2
 282 037a 4F735F53 		.string	"Os_StackValueType"
 282      7461636B 
 282      56616C75 
 282      65547970 
 282      6500
 283 038c 01       		.byte	0x1
 284 038d C0       		.byte	0xc0
 285 038e 55030000 		.uaword	0x355
 286 0392 02       		.uleb128 0x2
 287 0393 4F735F53 		.string	"Os_StackSizeType"
 287      7461636B 
 287      53697A65 
 287      54797065 
 287      00
 288 03a4 01       		.byte	0x1
 289 03a5 C1       		.byte	0xc1
 290 03a6 79030000 		.uaword	0x379
 291 03aa 02       		.uleb128 0x2
 292 03ab 4F735F56 		.string	"Os_VoidVoidFunctionType"
 292      6F696456 
 292      6F696446 
 292      756E6374 
 292      696F6E54 
 293 03c3 01       		.byte	0x1
 294 03c4 C7       		.byte	0xc7
 295 03c5 C9030000 		.uaword	0x3c9
 296 03c9 08       		.uleb128 0x8
 297 03ca 04       		.byte	0x4
 298 03cb CF030000 		.uaword	0x3cf
 299 03cf 09       		.uleb128 0x9
 300 03d0 01       		.byte	0x1
 301 03d1 02       		.uleb128 0x2
 302 03d2 4170706C 		.string	"ApplicationType"
 302      69636174 
 302      696F6E54 
 302      79706500 
 303 03e2 01       		.byte	0x1
 304 03e3 D5       		.byte	0xd5
 305 03e4 85010000 		.uaword	0x185
 306 03e8 02       		.uleb128 0x2
 307 03e9 4F735F74 		.string	"Os_tmaskType"
 307      6D61736B 
 307      54797065 
 307      00
 308 03f6 01       		.byte	0x1
 309 03f7 D9       		.byte	0xd9
 310 03f8 BA010000 		.uaword	0x1ba
 311 03fc 02       		.uleb128 0x2
 312 03fd 4F735F43 		.string	"Os_CoreStateType"
 312      6F726553 
 312      74617465 
 312      54797065 
 312      00
 313 040e 01       		.byte	0x1
 314 040f E7       		.byte	0xe7
 315 0410 BA010000 		.uaword	0x1ba
GAS Infineon TriCore Little Endian C:\\Users\\user1\\AppData\\Local\\Temp\\rta_RTAOS_638388406317960277_1736001\\ccueMsAh.s 			page 8


 316 0414 02       		.uleb128 0x2
 317 0415 4F735F53 		.string	"Os_StopwatchTickType"
 317      746F7077 
 317      61746368 
 317      5469636B 
 317      54797065 
 318 042a 01       		.byte	0x1
 319 042b FD       		.byte	0xfd
 320 042c C8010000 		.uaword	0x1c8
 321 0430 0A       		.uleb128 0xa
 322 0431 4F735F54 		.string	"Os_TerminatorType"
 322      65726D69 
 322      6E61746F 
 322      72547970 
 322      6500
 323 0443 01       		.byte	0x1
 324 0444 0201     		.uahalf	0x102
 325 0446 4A040000 		.uaword	0x44a
 326 044a 08       		.uleb128 0x8
 327 044b 04       		.byte	0x4
 328 044c FA020000 		.uaword	0x2fa
 329 0450 0A       		.uleb128 0xa
 330 0451 4F735F4C 		.string	"Os_Lockable"
 330      6F636B61 
 330      626C6500 
 331 045d 01       		.byte	0x1
 332 045e 0701     		.uahalf	0x107
 333 0460 AF020000 		.uaword	0x2af
 334 0464 0A       		.uleb128 0xa
 335 0465 436F7265 		.string	"CoreIdType"
 335      49645479 
 335      706500
 336 0470 01       		.byte	0x1
 337 0471 0901     		.uahalf	0x109
 338 0473 96010000 		.uaword	0x196
 339 0477 0B       		.uleb128 0xb
 340 0478 50040000 		.uaword	0x450
 341 047c 0C       		.uleb128 0xc
 342 047d 4F735F43 		.string	"Os_ControlledCoreType_s"
 342      6F6E7472 
 342      6F6C6C65 
 342      64436F72 
 342      65547970 
 343 0495 58       		.byte	0x58
 344 0496 01       		.byte	0x1
 345 0497 1004     		.uahalf	0x410
 346 0499 7A060000 		.uaword	0x67a
 347 049d 0D       		.uleb128 0xd
 348 049e 54726170 		.string	"TrapInfo"
 348      496E666F 
 348      00
 349 04a7 01       		.byte	0x1
 350 04a8 1104     		.uahalf	0x411
 351 04aa 99020000 		.uaword	0x299
 352 04ae 02       		.byte	0x2
 353 04af 23       		.byte	0x23
 354 04b0 00       		.uleb128 0
GAS Infineon TriCore Little Endian C:\\Users\\user1\\AppData\\Local\\Temp\\rta_RTAOS_638388406317960277_1736001\\ccueMsAh.s 			page 9


 355 04b1 0D       		.uleb128 0xd
 356 04b2 4572726F 		.string	"ErrorInformation"
 356      72496E66 
 356      6F726D61 
 356      74696F6E 
 356      00
 357 04c3 01       		.byte	0x1
 358 04c4 1204     		.uahalf	0x412
 359 04c6 0D0D0000 		.uaword	0xd0d
 360 04ca 02       		.byte	0x2
 361 04cb 23       		.byte	0x23
 362 04cc 08       		.uleb128 0x8
 363 04cd 0D       		.uleb128 0xd
 364 04ce 6C6F636B 		.string	"lock_taskaccess"
 364      5F746173 
 364      6B616363 
 364      65737300 
 365 04de 01       		.byte	0x1
 366 04df 1304     		.uahalf	0x413
 367 04e1 77040000 		.uaword	0x477
 368 04e5 02       		.byte	0x2
 369 04e6 23       		.byte	0x23
 370 04e7 18       		.uleb128 0x18
 371 04e8 0D       		.uleb128 0xd
 372 04e9 52656164 		.string	"ReadyTasks"
 372      79546173 
 372      6B7300
 373 04f4 01       		.byte	0x1
 374 04f5 1404     		.uahalf	0x414
 375 04f7 430D0000 		.uaword	0xd43
 376 04fb 02       		.byte	0x2
 377 04fc 23       		.byte	0x23
 378 04fd 1C       		.uleb128 0x1c
 379 04fe 0D       		.uleb128 0xd
 380 04ff 52756E6E 		.string	"RunningISR"
 380      696E6749 
 380      535200
 381 050a 01       		.byte	0x1
 382 050b 1504     		.uahalf	0x415
 383 050d 480D0000 		.uaword	0xd48
 384 0511 02       		.byte	0x2
 385 0512 23       		.byte	0x23
 386 0513 20       		.uleb128 0x20
 387 0514 0D       		.uleb128 0xd
 388 0515 52756E6E 		.string	"RunningTask"
 388      696E6754 
 388      61736B00 
 389 0521 01       		.byte	0x1
 390 0522 1604     		.uahalf	0x416
 391 0524 4D0D0000 		.uaword	0xd4d
 392 0528 02       		.byte	0x2
 393 0529 23       		.byte	0x23
 394 052a 24       		.uleb128 0x24
 395 052b 0D       		.uleb128 0xd
 396 052c 52756E6E 		.string	"RunningTPMask"
 396      696E6754 
 396      504D6173 
GAS Infineon TriCore Little Endian C:\\Users\\user1\\AppData\\Local\\Temp\\rta_RTAOS_638388406317960277_1736001\\ccueMsAh.s 			page 10


 396      6B00
 397 053a 01       		.byte	0x1
 398 053b 1704     		.uahalf	0x417
 399 053d 520D0000 		.uaword	0xd52
 400 0541 02       		.byte	0x2
 401 0542 23       		.byte	0x23
 402 0543 28       		.uleb128 0x28
 403 0544 0D       		.uleb128 0xd
 404 0545 5465726D 		.string	"TerminatingTasks"
 404      696E6174 
 404      696E6754 
 404      61736B73 
 404      00
 405 0556 01       		.byte	0x1
 406 0557 1804     		.uahalf	0x418
 407 0559 430D0000 		.uaword	0xd43
 408 055d 02       		.byte	0x2
 409 055e 23       		.byte	0x23
 410 055f 2C       		.uleb128 0x2c
 411 0560 0D       		.uleb128 0xd
 412 0561 4170706C 		.string	"Application"
 412      69636174 
 412      696F6E00 
 413 056d 01       		.byte	0x1
 414 056e 1904     		.uahalf	0x419
 415 0570 D1030000 		.uaword	0x3d1
 416 0574 02       		.byte	0x2
 417 0575 23       		.byte	0x23
 418 0576 30       		.uleb128 0x30
 419 0577 0D       		.uleb128 0xd
 420 0578 43757272 		.string	"CurrentTerminator"
 420      656E7454 
 420      65726D69 
 420      6E61746F 
 420      7200
 421 058a 01       		.byte	0x1
 422 058b 1A04     		.uahalf	0x41a
 423 058d 570D0000 		.uaword	0xd57
 424 0591 02       		.byte	0x2
 425 0592 23       		.byte	0x23
 426 0593 34       		.uleb128 0x34
 427 0594 0D       		.uleb128 0xd
 428 0595 43757272 		.string	"CurrentMeteredObject"
 428      656E744D 
 428      65746572 
 428      65644F62 
 428      6A656374 
 429 05aa 01       		.byte	0x1
 430 05ab 1B04     		.uahalf	0x41b
 431 05ad E6060000 		.uaword	0x6e6
 432 05b1 02       		.byte	0x2
 433 05b2 23       		.byte	0x23
 434 05b3 38       		.uleb128 0x38
 435 05b4 0D       		.uleb128 0xd
 436 05b5 49646C65 		.string	"IdleMeter"
 436      4D657465 
 436      7200
GAS Infineon TriCore Little Endian C:\\Users\\user1\\AppData\\Local\\Temp\\rta_RTAOS_638388406317960277_1736001\\ccueMsAh.s 			page 11


 437 05bf 01       		.byte	0x1
 438 05c0 1C04     		.uahalf	0x41c
 439 05c2 CD060000 		.uaword	0x6cd
 440 05c6 02       		.byte	0x2
 441 05c7 23       		.byte	0x23
 442 05c8 3C       		.uleb128 0x3c
 443 05c9 0D       		.uleb128 0xd
 444 05ca 41707041 		.string	"AppAccess"
 444      63636573 
 444      7300
 445 05d4 01       		.byte	0x1
 446 05d5 1D04     		.uahalf	0x41d
 447 05d7 78010000 		.uaword	0x178
 448 05db 02       		.byte	0x2
 449 05dc 23       		.byte	0x23
 450 05dd 48       		.uleb128 0x48
 451 05de 0D       		.uleb128 0xd
 452 05df 4170704F 		.string	"AppOverride"
 452      76657272 
 452      69646500 
 453 05eb 01       		.byte	0x1
 454 05ec 1E04     		.uahalf	0x41e
 455 05ee 5C0D0000 		.uaword	0xd5c
 456 05f2 02       		.byte	0x2
 457 05f3 23       		.byte	0x23
 458 05f4 49       		.uleb128 0x49
 459 05f5 0D       		.uleb128 0xd
 460 05f6 47657453 		.string	"GetStackValueAdjust"
 460      7461636B 
 460      56616C75 
 460      6541646A 
 460      75737400 
 461 060a 01       		.byte	0x1
 462 060b 1F04     		.uahalf	0x41f
 463 060d 92030000 		.uaword	0x392
 464 0611 02       		.byte	0x2
 465 0612 23       		.byte	0x23
 466 0613 4C       		.uleb128 0x4c
 467 0614 0D       		.uleb128 0xd
 468 0615 496E4572 		.string	"InErrorHook"
 468      726F7248 
 468      6F6F6B00 
 469 0621 01       		.byte	0x1
 470 0622 2004     		.uahalf	0x420
 471 0624 39020000 		.uaword	0x239
 472 0628 02       		.byte	0x2
 473 0629 23       		.byte	0x23
 474 062a 54       		.uleb128 0x54
 475 062b 0D       		.uleb128 0xd
 476 062c 496E5072 		.string	"InProtectionHook"
 476      6F746563 
 476      74696F6E 
 476      486F6F6B 
 476      00
 477 063d 01       		.byte	0x1
 478 063e 2104     		.uahalf	0x421
 479 0640 39020000 		.uaword	0x239
GAS Infineon TriCore Little Endian C:\\Users\\user1\\AppData\\Local\\Temp\\rta_RTAOS_638388406317960277_1736001\\ccueMsAh.s 			page 12


 480 0644 02       		.byte	0x2
 481 0645 23       		.byte	0x23
 482 0646 55       		.uleb128 0x55
 483 0647 0D       		.uleb128 0xd
 484 0648 436F7265 		.string	"CoreIsActive"
 484      49734163 
 484      74697665 
 484      00
 485 0655 01       		.byte	0x1
 486 0656 2204     		.uahalf	0x422
 487 0658 39020000 		.uaword	0x239
 488 065c 02       		.byte	0x2
 489 065d 23       		.byte	0x23
 490 065e 56       		.uleb128 0x56
 491 065f 0D       		.uleb128 0xd
 492 0660 496E5368 		.string	"InShutdownHook"
 492      7574646F 
 492      776E486F 
 492      6F6B00
 493 066f 01       		.byte	0x1
 494 0670 2304     		.uahalf	0x423
 495 0672 39020000 		.uaword	0x239
 496 0676 02       		.byte	0x2
 497 0677 23       		.byte	0x23
 498 0678 57       		.uleb128 0x57
 499 0679 00       		.byte	0
 500 067a 0C       		.uleb128 0xc
 501 067b 4F735F4D 		.string	"Os_MeterInfoType_s"
 501      65746572 
 501      496E666F 
 501      54797065 
 501      5F7300
 502 068e 0C       		.byte	0xc
 503 068f 01       		.byte	0x1
 504 0690 7201     		.uahalf	0x172
 505 0692 CD060000 		.uaword	0x6cd
 506 0696 0D       		.uleb128 0xd
 507 0697 656C6170 		.string	"elapsed"
 507      73656400 
 508 069f 01       		.byte	0x1
 509 06a0 7301     		.uahalf	0x173
 510 06a2 14040000 		.uaword	0x414
 511 06a6 02       		.byte	0x2
 512 06a7 23       		.byte	0x23
 513 06a8 00       		.uleb128 0
 514 06a9 0D       		.uleb128 0xd
 515 06aa 70726576 		.string	"previous"
 515      696F7573 
 515      00
 516 06b3 01       		.byte	0x1
 517 06b4 7401     		.uahalf	0x174
 518 06b6 14040000 		.uaword	0x414
 519 06ba 02       		.byte	0x2
 520 06bb 23       		.byte	0x23
 521 06bc 04       		.uleb128 0x4
 522 06bd 0D       		.uleb128 0xd
 523 06be 6D617800 		.string	"max"
GAS Infineon TriCore Little Endian C:\\Users\\user1\\AppData\\Local\\Temp\\rta_RTAOS_638388406317960277_1736001\\ccueMsAh.s 			page 13


 524 06c2 01       		.byte	0x1
 525 06c3 7501     		.uahalf	0x175
 526 06c5 14040000 		.uaword	0x414
 527 06c9 02       		.byte	0x2
 528 06ca 23       		.byte	0x23
 529 06cb 08       		.uleb128 0x8
 530 06cc 00       		.byte	0
 531 06cd 0A       		.uleb128 0xa
 532 06ce 4F735F4D 		.string	"Os_MeterInfoType"
 532      65746572 
 532      496E666F 
 532      54797065 
 532      00
 533 06df 01       		.byte	0x1
 534 06e0 7601     		.uahalf	0x176
 535 06e2 7A060000 		.uaword	0x67a
 536 06e6 0A       		.uleb128 0xa
 537 06e7 4F735F4D 		.string	"Os_MeterInfoRefType"
 537      65746572 
 537      496E666F 
 537      52656654 
 537      79706500 
 538 06fb 01       		.byte	0x1
 539 06fc 7701     		.uahalf	0x177
 540 06fe 02070000 		.uaword	0x702
 541 0702 08       		.uleb128 0x8
 542 0703 04       		.byte	0x4
 543 0704 CD060000 		.uaword	0x6cd
 544 0708 0A       		.uleb128 0xa
 545 0709 4F735F69 		.string	"Os_imaskType"
 545      6D61736B 
 545      54797065 
 545      00
 546 0716 01       		.byte	0x1
 547 0717 7F01     		.uahalf	0x17f
 548 0719 BA010000 		.uaword	0x1ba
 549 071d 0C       		.uleb128 0xc
 550 071e 4F735F49 		.string	"Os_ISRDynType_s"
 550      53524479 
 550      6E547970 
 550      655F7300 
 551 072e 10       		.byte	0x10
 552 072f 01       		.byte	0x1
 553 0730 8101     		.uahalf	0x181
 554 0732 6E070000 		.uaword	0x76e
 555 0736 0E       		.uleb128 0xe
 556 0737 00000000 		.uaword	.LASF0
 557 073b 01       		.byte	0x1
 558 073c 8201     		.uahalf	0x182
 559 073e 20030000 		.uaword	0x320
 560 0742 02       		.byte	0x2
 561 0743 23       		.byte	0x23
 562 0744 00       		.uleb128 0
 563 0745 0D       		.uleb128 0xd
 564 0746 7465726D 		.string	"terminating"
 564      696E6174 
 564      696E6700 
GAS Infineon TriCore Little Endian C:\\Users\\user1\\AppData\\Local\\Temp\\rta_RTAOS_638388406317960277_1736001\\ccueMsAh.s 			page 14


 565 0752 01       		.byte	0x1
 566 0753 8301     		.uahalf	0x183
 567 0755 39020000 		.uaword	0x239
 568 0759 02       		.byte	0x2
 569 075a 23       		.byte	0x23
 570 075b 01       		.uleb128 0x1
 571 075c 0D       		.uleb128 0xd
 572 075d 6D657465 		.string	"meter"
 572      7200
 573 0763 01       		.byte	0x1
 574 0764 8401     		.uahalf	0x184
 575 0766 CD060000 		.uaword	0x6cd
 576 076a 02       		.byte	0x2
 577 076b 23       		.byte	0x23
 578 076c 04       		.uleb128 0x4
 579 076d 00       		.byte	0
 580 076e 0A       		.uleb128 0xa
 581 076f 4F735F49 		.string	"Os_ISRDynType"
 581      53524479 
 581      6E547970 
 581      6500
 582 077d 01       		.byte	0x1
 583 077e 8501     		.uahalf	0x185
 584 0780 1D070000 		.uaword	0x71d
 585 0784 0A       		.uleb128 0xa
 586 0785 4F735F49 		.string	"Os_IsrTerminatedFunctionType"
 586      73725465 
 586      726D696E 
 586      61746564 
 586      46756E63 
 587 07a2 01       		.byte	0x1
 588 07a3 8601     		.uahalf	0x186
 589 07a5 C9030000 		.uaword	0x3c9
 590 07a9 0C       		.uleb128 0xc
 591 07aa 4F735F49 		.string	"Os_ISRType_s"
 591      53525479 
 591      70655F73 
 591      00
 592 07b7 18       		.byte	0x18
 593 07b8 01       		.byte	0x1
 594 07b9 8701     		.uahalf	0x187
 595 07bb 3D080000 		.uaword	0x83d
 596 07bf 0E       		.uleb128 0xe
 597 07c0 00000000 		.uaword	.LASF1
 598 07c4 01       		.byte	0x1
 599 07c5 8801     		.uahalf	0x188
 600 07c7 AA030000 		.uaword	0x3aa
 601 07cb 02       		.byte	0x2
 602 07cc 23       		.byte	0x23
 603 07cd 00       		.uleb128 0
 604 07ce 0D       		.uleb128 0xd
 605 07cf 7465726D 		.string	"terminated_function"
 605      696E6174 
 605      65645F66 
 605      756E6374 
 605      696F6E00 
 606 07e3 01       		.byte	0x1
GAS Infineon TriCore Little Endian C:\\Users\\user1\\AppData\\Local\\Temp\\rta_RTAOS_638388406317960277_1736001\\ccueMsAh.s 			page 15


 607 07e4 8901     		.uahalf	0x189
 608 07e6 84070000 		.uaword	0x784
 609 07ea 02       		.byte	0x2
 610 07eb 23       		.byte	0x23
 611 07ec 04       		.uleb128 0x4
 612 07ed 0E       		.uleb128 0xe
 613 07ee 00000000 		.uaword	.LASF2
 614 07f2 01       		.byte	0x1
 615 07f3 8A01     		.uahalf	0x18a
 616 07f5 3D080000 		.uaword	0x83d
 617 07f9 02       		.byte	0x2
 618 07fa 23       		.byte	0x23
 619 07fb 08       		.uleb128 0x8
 620 07fc 0D       		.uleb128 0xd
 621 07fd 696D6173 		.string	"imask"
 621      6B00
 622 0803 01       		.byte	0x1
 623 0804 8B01     		.uahalf	0x18b
 624 0806 08070000 		.uaword	0x708
 625 080a 02       		.byte	0x2
 626 080b 23       		.byte	0x23
 627 080c 0C       		.uleb128 0xc
 628 080d 0D       		.uleb128 0xd
 629 080e 696E6465 		.string	"index"
 629      7800
 630 0814 01       		.byte	0x1
 631 0815 8C01     		.uahalf	0x18c
 632 0817 BA010000 		.uaword	0x1ba
 633 081b 02       		.byte	0x2
 634 081c 23       		.byte	0x23
 635 081d 10       		.uleb128 0x10
 636 081e 0E       		.uleb128 0xe
 637 081f 00000000 		.uaword	.LASF3
 638 0823 01       		.byte	0x1
 639 0824 8D01     		.uahalf	0x18d
 640 0826 78010000 		.uaword	0x178
 641 082a 02       		.byte	0x2
 642 082b 23       		.byte	0x23
 643 082c 14       		.uleb128 0x14
 644 082d 0E       		.uleb128 0xe
 645 082e 00000000 		.uaword	.LASF4
 646 0832 01       		.byte	0x1
 647 0833 8E01     		.uahalf	0x18e
 648 0835 D1030000 		.uaword	0x3d1
 649 0839 02       		.byte	0x2
 650 083a 23       		.byte	0x23
 651 083b 15       		.uleb128 0x15
 652 083c 00       		.byte	0
 653 083d 0F       		.uleb128 0xf
 654 083e 42080000 		.uaword	0x842
 655 0842 08       		.uleb128 0x8
 656 0843 04       		.byte	0x4
 657 0844 6E070000 		.uaword	0x76e
 658 0848 0A       		.uleb128 0xa
 659 0849 4F735F49 		.string	"Os_ISRType"
 659      53525479 
 659      706500
GAS Infineon TriCore Little Endian C:\\Users\\user1\\AppData\\Local\\Temp\\rta_RTAOS_638388406317960277_1736001\\ccueMsAh.s 			page 16


 660 0854 01       		.byte	0x1
 661 0855 8F01     		.uahalf	0x18f
 662 0857 A9070000 		.uaword	0x7a9
 663 085b 0A       		.uleb128 0xa
 664 085c 49535254 		.string	"ISRType"
 664      79706500 
 665 0864 01       		.byte	0x1
 666 0865 9001     		.uahalf	0x190
 667 0867 6B080000 		.uaword	0x86b
 668 086b 08       		.uleb128 0x8
 669 086c 04       		.byte	0x4
 670 086d 71080000 		.uaword	0x871
 671 0871 0F       		.uleb128 0xf
 672 0872 48080000 		.uaword	0x848
 673 0876 0A       		.uleb128 0xa
 674 0877 4F735F62 		.string	"Os_bitmask"
 674      69746D61 
 674      736B00
 675 0882 01       		.byte	0x1
 676 0883 A201     		.uahalf	0x1a2
 677 0885 C8010000 		.uaword	0x1c8
 678 0889 0A       		.uleb128 0xa
 679 088a 4F735F70 		.string	"Os_pset0Type"
 679      73657430 
 679      54797065 
 679      00
 680 0897 01       		.byte	0x1
 681 0898 A301     		.uahalf	0x1a3
 682 089a 76080000 		.uaword	0x876
 683 089e 0A       		.uleb128 0xa
 684 089f 4F735F70 		.string	"Os_pset1Type"
 684      73657431 
 684      54797065 
 684      00
 685 08ac 01       		.byte	0x1
 686 08ad A401     		.uahalf	0x1a4
 687 08af 76080000 		.uaword	0x876
 688 08b3 0A       		.uleb128 0xa
 689 08b4 4F735F70 		.string	"Os_pset2Type"
 689      73657432 
 689      54797065 
 689      00
 690 08c1 01       		.byte	0x1
 691 08c2 A501     		.uahalf	0x1a5
 692 08c4 76080000 		.uaword	0x876
 693 08c8 10       		.uleb128 0x10
 694 08c9 04       		.byte	0x4
 695 08ca 01       		.byte	0x1
 696 08cb A601     		.uahalf	0x1a6
 697 08cd F3080000 		.uaword	0x8f3
 698 08d1 11       		.uleb128 0x11
 699 08d2 703000   		.string	"p0"
 700 08d5 01       		.byte	0x1
 701 08d6 A701     		.uahalf	0x1a7
 702 08d8 89080000 		.uaword	0x889
 703 08dc 11       		.uleb128 0x11
 704 08dd 703100   		.string	"p1"
GAS Infineon TriCore Little Endian C:\\Users\\user1\\AppData\\Local\\Temp\\rta_RTAOS_638388406317960277_1736001\\ccueMsAh.s 			page 17


 705 08e0 01       		.byte	0x1
 706 08e1 A801     		.uahalf	0x1a8
 707 08e3 9E080000 		.uaword	0x89e
 708 08e7 11       		.uleb128 0x11
 709 08e8 703200   		.string	"p2"
 710 08eb 01       		.byte	0x1
 711 08ec A901     		.uahalf	0x1a9
 712 08ee B3080000 		.uaword	0x8b3
 713 08f2 00       		.byte	0
 714 08f3 0A       		.uleb128 0xa
 715 08f4 4F735F70 		.string	"Os_psetType"
 715      73657454 
 715      79706500 
 716 0900 01       		.byte	0x1
 717 0901 AA01     		.uahalf	0x1aa
 718 0903 C8080000 		.uaword	0x8c8
 719 0907 10       		.uleb128 0x10
 720 0908 04       		.byte	0x4
 721 0909 01       		.byte	0x1
 722 090a AC01     		.uahalf	0x1ac
 723 090c 32090000 		.uaword	0x932
 724 0910 11       		.uleb128 0x11
 725 0911 743000   		.string	"t0"
 726 0914 01       		.byte	0x1
 727 0915 AD01     		.uahalf	0x1ad
 728 0917 76080000 		.uaword	0x876
 729 091b 11       		.uleb128 0x11
 730 091c 743100   		.string	"t1"
 731 091f 01       		.byte	0x1
 732 0920 AE01     		.uahalf	0x1ae
 733 0922 76080000 		.uaword	0x876
 734 0926 11       		.uleb128 0x11
 735 0927 743200   		.string	"t2"
 736 092a 01       		.byte	0x1
 737 092b AF01     		.uahalf	0x1af
 738 092d 76080000 		.uaword	0x876
 739 0931 00       		.byte	0
 740 0932 0A       		.uleb128 0xa
 741 0933 4F735F74 		.string	"Os_tpmaskType"
 741      706D6173 
 741      6B547970 
 741      6500
 742 0941 01       		.byte	0x1
 743 0942 B001     		.uahalf	0x1b0
 744 0944 07090000 		.uaword	0x907
 745 0948 0A       		.uleb128 0xa
 746 0949 4F735F41 		.string	"Os_ActivationCountType"
 746      63746976 
 746      6174696F 
 746      6E436F75 
 746      6E745479 
 747 0960 01       		.byte	0x1
 748 0961 B101     		.uahalf	0x1b1
 749 0963 85010000 		.uaword	0x185
 750 0967 0C       		.uleb128 0xc
 751 0968 4F735F54 		.string	"Os_TaskDynType_s"
 751      61736B44 
GAS Infineon TriCore Little Endian C:\\Users\\user1\\AppData\\Local\\Temp\\rta_RTAOS_638388406317960277_1736001\\ccueMsAh.s 			page 18


 751      796E5479 
 751      70655F73 
 751      00
 752 0979 5C       		.byte	0x5c
 753 097a 01       		.byte	0x1
 754 097b B301     		.uahalf	0x1b3
 755 097d 220A0000 		.uaword	0xa22
 756 0981 0D       		.uleb128 0xd
 757 0982 6C617374 		.string	"last_activation"
 757      5F616374 
 757      69766174 
 757      696F6E00 
 758 0992 01       		.byte	0x1
 759 0993 B401     		.uahalf	0x1b4
 760 0995 14040000 		.uaword	0x414
 761 0999 02       		.byte	0x2
 762 099a 23       		.byte	0x23
 763 099b 00       		.uleb128 0
 764 099c 0D       		.uleb128 0xd
 765 099d 7465726D 		.string	"terminate_jump_buf"
 765      696E6174 
 765      655F6A75 
 765      6D705F62 
 765      756600
 766 09b0 01       		.byte	0x1
 767 09b1 B501     		.uahalf	0x1b5
 768 09b3 FA020000 		.uaword	0x2fa
 769 09b7 02       		.byte	0x2
 770 09b8 23       		.byte	0x23
 771 09b9 04       		.uleb128 0x4
 772 09ba 0D       		.uleb128 0xd
 773 09bb 6D657465 		.string	"meter"
 773      7200
 774 09c1 01       		.byte	0x1
 775 09c2 B601     		.uahalf	0x1b6
 776 09c4 CD060000 		.uaword	0x6cd
 777 09c8 02       		.byte	0x2
 778 09c9 23       		.byte	0x23
 779 09ca 48       		.uleb128 0x48
 780 09cb 0D       		.uleb128 0xd
 781 09cc 7365656E 		.string	"seen_activation"
 781      5F616374 
 781      69766174 
 781      696F6E00 
 782 09dc 01       		.byte	0x1
 783 09dd B701     		.uahalf	0x1b7
 784 09df 39020000 		.uaword	0x239
 785 09e3 02       		.byte	0x2
 786 09e4 23       		.byte	0x23
 787 09e5 54       		.uleb128 0x54
 788 09e6 0E       		.uleb128 0xe
 789 09e7 00000000 		.uaword	.LASF5
 790 09eb 01       		.byte	0x1
 791 09ec B801     		.uahalf	0x1b8
 792 09ee 48090000 		.uaword	0x948
 793 09f2 02       		.byte	0x2
 794 09f3 23       		.byte	0x23
GAS Infineon TriCore Little Endian C:\\Users\\user1\\AppData\\Local\\Temp\\rta_RTAOS_638388406317960277_1736001\\ccueMsAh.s 			page 19


 795 09f4 55       		.uleb128 0x55
 796 09f5 0E       		.uleb128 0xe
 797 09f6 00000000 		.uaword	.LASF0
 798 09fa 01       		.byte	0x1
 799 09fb B901     		.uahalf	0x1b9
 800 09fd 20030000 		.uaword	0x320
 801 0a01 02       		.byte	0x2
 802 0a02 23       		.byte	0x23
 803 0a03 56       		.uleb128 0x56
 804 0a04 0D       		.uleb128 0xd
 805 0a05 7465726D 		.string	"termination_state"
 805      696E6174 
 805      696F6E5F 
 805      73746174 
 805      6500
 806 0a17 01       		.byte	0x1
 807 0a18 BA01     		.uahalf	0x1ba
 808 0a1a BA010000 		.uaword	0x1ba
 809 0a1e 02       		.byte	0x2
 810 0a1f 23       		.byte	0x23
 811 0a20 58       		.uleb128 0x58
 812 0a21 00       		.byte	0
 813 0a22 0A       		.uleb128 0xa
 814 0a23 4F735F54 		.string	"Os_TaskDynType"
 814      61736B44 
 814      796E5479 
 814      706500
 815 0a32 01       		.byte	0x1
 816 0a33 BB01     		.uahalf	0x1bb
 817 0a35 67090000 		.uaword	0x967
 818 0a39 0C       		.uleb128 0xc
 819 0a3a 4F735F54 		.string	"Os_TaskType_s"
 819      61736B54 
 819      7970655F 
 819      7300
 820 0a48 20       		.byte	0x20
 821 0a49 01       		.byte	0x1
 822 0a4a BD01     		.uahalf	0x1bd
 823 0a4c F60A0000 		.uaword	0xaf6
 824 0a50 0E       		.uleb128 0xe
 825 0a51 00000000 		.uaword	.LASF2
 826 0a55 01       		.byte	0x1
 827 0a56 BE01     		.uahalf	0x1be
 828 0a58 F60A0000 		.uaword	0xaf6
 829 0a5c 02       		.byte	0x2
 830 0a5d 23       		.byte	0x23
 831 0a5e 00       		.uleb128 0
 832 0a5f 0E       		.uleb128 0xe
 833 0a60 00000000 		.uaword	.LASF1
 834 0a64 01       		.byte	0x1
 835 0a65 BF01     		.uahalf	0x1bf
 836 0a67 AA030000 		.uaword	0x3aa
 837 0a6b 02       		.byte	0x2
 838 0a6c 23       		.byte	0x23
 839 0a6d 04       		.uleb128 0x4
 840 0a6e 0D       		.uleb128 0xd
 841 0a6f 70736574 		.string	"pset"
GAS Infineon TriCore Little Endian C:\\Users\\user1\\AppData\\Local\\Temp\\rta_RTAOS_638388406317960277_1736001\\ccueMsAh.s 			page 20


 841      00
 842 0a74 01       		.byte	0x1
 843 0a75 C001     		.uahalf	0x1c0
 844 0a77 F3080000 		.uaword	0x8f3
 845 0a7b 02       		.byte	0x2
 846 0a7c 23       		.byte	0x23
 847 0a7d 08       		.uleb128 0x8
 848 0a7e 0D       		.uleb128 0xd
 849 0a7f 62617365 		.string	"base_tpmask"
 849      5F74706D 
 849      61736B00 
 850 0a8b 01       		.byte	0x1
 851 0a8c C101     		.uahalf	0x1c1
 852 0a8e 32090000 		.uaword	0x932
 853 0a92 02       		.byte	0x2
 854 0a93 23       		.byte	0x23
 855 0a94 0C       		.uleb128 0xc
 856 0a95 0E       		.uleb128 0xe
 857 0a96 00000000 		.uaword	.LASF6
 858 0a9a 01       		.byte	0x1
 859 0a9b C201     		.uahalf	0x1c2
 860 0a9d 32090000 		.uaword	0x932
 861 0aa1 02       		.byte	0x2
 862 0aa2 23       		.byte	0x23
 863 0aa3 10       		.uleb128 0x10
 864 0aa4 0D       		.uleb128 0xd
 865 0aa5 636F7265 		.string	"core_id"
 865      5F696400 
 866 0aad 01       		.byte	0x1
 867 0aae C301     		.uahalf	0x1c3
 868 0ab0 64040000 		.uaword	0x464
 869 0ab4 02       		.byte	0x2
 870 0ab5 23       		.byte	0x23
 871 0ab6 14       		.uleb128 0x14
 872 0ab7 0D       		.uleb128 0xd
 873 0ab8 696E6465 		.string	"index"
 873      7800
 874 0abe 01       		.byte	0x1
 875 0abf C401     		.uahalf	0x1c4
 876 0ac1 BA010000 		.uaword	0x1ba
 877 0ac5 02       		.byte	0x2
 878 0ac6 23       		.byte	0x23
 879 0ac7 18       		.uleb128 0x18
 880 0ac8 0E       		.uleb128 0xe
 881 0ac9 00000000 		.uaword	.LASF5
 882 0acd 01       		.byte	0x1
 883 0ace C501     		.uahalf	0x1c5
 884 0ad0 48090000 		.uaword	0x948
 885 0ad4 02       		.byte	0x2
 886 0ad5 23       		.byte	0x23
 887 0ad6 1C       		.uleb128 0x1c
 888 0ad7 0E       		.uleb128 0xe
 889 0ad8 00000000 		.uaword	.LASF3
 890 0adc 01       		.byte	0x1
 891 0add C601     		.uahalf	0x1c6
 892 0adf 78010000 		.uaword	0x178
 893 0ae3 02       		.byte	0x2
GAS Infineon TriCore Little Endian C:\\Users\\user1\\AppData\\Local\\Temp\\rta_RTAOS_638388406317960277_1736001\\ccueMsAh.s 			page 21


 894 0ae4 23       		.byte	0x23
 895 0ae5 1D       		.uleb128 0x1d
 896 0ae6 0E       		.uleb128 0xe
 897 0ae7 00000000 		.uaword	.LASF4
 898 0aeb 01       		.byte	0x1
 899 0aec C701     		.uahalf	0x1c7
 900 0aee D1030000 		.uaword	0x3d1
 901 0af2 02       		.byte	0x2
 902 0af3 23       		.byte	0x23
 903 0af4 1E       		.uleb128 0x1e
 904 0af5 00       		.byte	0
 905 0af6 0F       		.uleb128 0xf
 906 0af7 FB0A0000 		.uaword	0xafb
 907 0afb 08       		.uleb128 0x8
 908 0afc 04       		.byte	0x4
 909 0afd 220A0000 		.uaword	0xa22
 910 0b01 0A       		.uleb128 0xa
 911 0b02 4F735F54 		.string	"Os_TaskType"
 911      61736B54 
 911      79706500 
 912 0b0e 01       		.byte	0x1
 913 0b0f C801     		.uahalf	0x1c8
 914 0b11 390A0000 		.uaword	0xa39
 915 0b15 0A       		.uleb128 0xa
 916 0b16 5461736B 		.string	"TaskType"
 916      54797065 
 916      00
 917 0b1f 01       		.byte	0x1
 918 0b20 C901     		.uahalf	0x1c9
 919 0b22 260B0000 		.uaword	0xb26
 920 0b26 08       		.uleb128 0x8
 921 0b27 04       		.byte	0x4
 922 0b28 2C0B0000 		.uaword	0xb2c
 923 0b2c 0F       		.uleb128 0xf
 924 0b2d 010B0000 		.uaword	0xb01
 925 0b31 10       		.uleb128 0x10
 926 0b32 04       		.byte	0x4
 927 0b33 01       		.byte	0x1
 928 0b34 E101     		.uahalf	0x1e1
 929 0b36 550B0000 		.uaword	0xb55
 930 0b3a 12       		.uleb128 0x12
 931 0b3b 00000000 		.uaword	.LASF6
 932 0b3f 01       		.byte	0x1
 933 0b40 E201     		.uahalf	0x1e2
 934 0b42 32090000 		.uaword	0x932
 935 0b46 11       		.uleb128 0x11
 936 0b47 696D6173 		.string	"imask"
 936      6B00
 937 0b4d 01       		.byte	0x1
 938 0b4e E301     		.uahalf	0x1e3
 939 0b50 08070000 		.uaword	0x708
 940 0b54 00       		.byte	0
 941 0b55 0C       		.uleb128 0xc
 942 0b56 4F735F52 		.string	"Os_ResourceDynType_s"
 942      65736F75 
 942      72636544 
 942      796E5479 
GAS Infineon TriCore Little Endian C:\\Users\\user1\\AppData\\Local\\Temp\\rta_RTAOS_638388406317960277_1736001\\ccueMsAh.s 			page 22


 942      70655F73 
 943 0b6b 0C       		.byte	0xc
 944 0b6c 01       		.byte	0x1
 945 0b6d DE01     		.uahalf	0x1de
 946 0b6f B80B0000 		.uaword	0xbb8
 947 0b73 0D       		.uleb128 0xd
 948 0b74 61636365 		.string	"access_count"
 948      73735F63 
 948      6F756E74 
 948      00
 949 0b81 01       		.byte	0x1
 950 0b82 DF01     		.uahalf	0x1df
 951 0b84 20030000 		.uaword	0x320
 952 0b88 02       		.byte	0x2
 953 0b89 23       		.byte	0x23
 954 0b8a 00       		.uleb128 0
 955 0b8b 0D       		.uleb128 0xd
 956 0b8c 6C6F636B 		.string	"locker"
 956      657200
 957 0b93 01       		.byte	0x1
 958 0b94 E001     		.uahalf	0x1e0
 959 0b96 150B0000 		.uaword	0xb15
 960 0b9a 02       		.byte	0x2
 961 0b9b 23       		.byte	0x23
 962 0b9c 04       		.uleb128 0x4
 963 0b9d 0D       		.uleb128 0xd
 964 0b9e 73617665 		.string	"saved_priority"
 964      645F7072 
 964      696F7269 
 964      747900
 965 0bad 01       		.byte	0x1
 966 0bae E401     		.uahalf	0x1e4
 967 0bb0 310B0000 		.uaword	0xb31
 968 0bb4 02       		.byte	0x2
 969 0bb5 23       		.byte	0x23
 970 0bb6 08       		.uleb128 0x8
 971 0bb7 00       		.byte	0
 972 0bb8 0A       		.uleb128 0xa
 973 0bb9 4F735F52 		.string	"Os_ResourceDynType"
 973      65736F75 
 973      72636544 
 973      796E5479 
 973      706500
 974 0bcc 01       		.byte	0x1
 975 0bcd E501     		.uahalf	0x1e5
 976 0bcf 550B0000 		.uaword	0xb55
 977 0bd3 0C       		.uleb128 0xc
 978 0bd4 4F735F52 		.string	"Os_ResourceType_s"
 978      65736F75 
 978      72636554 
 978      7970655F 
 978      7300
 979 0be6 10       		.byte	0x10
 980 0be7 01       		.byte	0x1
 981 0be8 E601     		.uahalf	0x1e6
 982 0bea 2D0C0000 		.uaword	0xc2d
 983 0bee 0E       		.uleb128 0xe
GAS Infineon TriCore Little Endian C:\\Users\\user1\\AppData\\Local\\Temp\\rta_RTAOS_638388406317960277_1736001\\ccueMsAh.s 			page 23


 984 0bef 00000000 		.uaword	.LASF2
 985 0bf3 01       		.byte	0x1
 986 0bf4 E701     		.uahalf	0x1e7
 987 0bf6 2D0C0000 		.uaword	0xc2d
 988 0bfa 02       		.byte	0x2
 989 0bfb 23       		.byte	0x23
 990 0bfc 00       		.uleb128 0
 991 0bfd 0E       		.uleb128 0xe
 992 0bfe 00000000 		.uaword	.LASF6
 993 0c02 01       		.byte	0x1
 994 0c03 E801     		.uahalf	0x1e8
 995 0c05 32090000 		.uaword	0x932
 996 0c09 02       		.byte	0x2
 997 0c0a 23       		.byte	0x23
 998 0c0b 04       		.uleb128 0x4
 999 0c0c 0D       		.uleb128 0xd
 1000 0c0d 696D6173 		.string	"imask"
 1000      6B00
 1001 0c13 01       		.byte	0x1
 1002 0c14 E901     		.uahalf	0x1e9
 1003 0c16 08070000 		.uaword	0x708
 1004 0c1a 02       		.byte	0x2
 1005 0c1b 23       		.byte	0x23
 1006 0c1c 08       		.uleb128 0x8
 1007 0c1d 0E       		.uleb128 0xe
 1008 0c1e 00000000 		.uaword	.LASF3
 1009 0c22 01       		.byte	0x1
 1010 0c23 EA01     		.uahalf	0x1ea
 1011 0c25 78010000 		.uaword	0x178
 1012 0c29 02       		.byte	0x2
 1013 0c2a 23       		.byte	0x23
 1014 0c2b 0C       		.uleb128 0xc
 1015 0c2c 00       		.byte	0
 1016 0c2d 0F       		.uleb128 0xf
 1017 0c2e 320C0000 		.uaword	0xc32
 1018 0c32 08       		.uleb128 0x8
 1019 0c33 04       		.byte	0x4
 1020 0c34 B80B0000 		.uaword	0xbb8
 1021 0c38 0A       		.uleb128 0xa
 1022 0c39 4F735F52 		.string	"Os_ResourceType"
 1022      65736F75 
 1022      72636554 
 1022      79706500 
 1023 0c49 01       		.byte	0x1
 1024 0c4a EB01     		.uahalf	0x1eb
 1025 0c4c D30B0000 		.uaword	0xbd3
 1026 0c50 0A       		.uleb128 0xa
 1027 0c51 5265736F 		.string	"ResourceType"
 1027      75726365 
 1027      54797065 
 1027      00
 1028 0c5e 01       		.byte	0x1
 1029 0c5f EC01     		.uahalf	0x1ec
 1030 0c61 650C0000 		.uaword	0xc65
 1031 0c65 08       		.uleb128 0x8
 1032 0c66 04       		.byte	0x4
 1033 0c67 6B0C0000 		.uaword	0xc6b
GAS Infineon TriCore Little Endian C:\\Users\\user1\\AppData\\Local\\Temp\\rta_RTAOS_638388406317960277_1736001\\ccueMsAh.s 			page 24


 1034 0c6b 0F       		.uleb128 0xf
 1035 0c6c 380C0000 		.uaword	0xc38
 1036 0c70 0A       		.uleb128 0xa
 1037 0c71 4F535365 		.string	"OSServiceIdType"
 1037      72766963 
 1037      65496454 
 1037      79706500 
 1038 0c81 01       		.byte	0x1
 1039 0c82 5102     		.uahalf	0x251
 1040 0c84 85010000 		.uaword	0x185
 1041 0c88 0A       		.uleb128 0xa
 1042 0c89 4F735F42 		.string	"Os_BiggestType"
 1042      69676765 
 1042      73745479 
 1042      706500
 1043 0c98 01       		.byte	0x1
 1044 0c99 2503     		.uahalf	0x325
 1045 0c9b C8010000 		.uaword	0x1c8
 1046 0c9f 13       		.uleb128 0x13
 1047 0ca0 10       		.byte	0x10
 1048 0ca1 01       		.byte	0x1
 1049 0ca2 2703     		.uahalf	0x327
 1050 0ca4 0D0D0000 		.uaword	0xd0d
 1051 0ca8 0D       		.uleb128 0xd
 1052 0ca9 73657276 		.string	"service_id"
 1052      6963655F 
 1052      696400
 1053 0cb4 01       		.byte	0x1
 1054 0cb5 2803     		.uahalf	0x328
 1055 0cb7 700C0000 		.uaword	0xc70
 1056 0cbb 02       		.byte	0x2
 1057 0cbc 23       		.byte	0x23
 1058 0cbd 00       		.uleb128 0
 1059 0cbe 0D       		.uleb128 0xd
 1060 0cbf 73657276 		.string	"service_param1"
 1060      6963655F 
 1060      70617261 
 1060      6D3100
 1061 0cce 01       		.byte	0x1
 1062 0ccf 2903     		.uahalf	0x329
 1063 0cd1 880C0000 		.uaword	0xc88
 1064 0cd5 02       		.byte	0x2
 1065 0cd6 23       		.byte	0x23
 1066 0cd7 04       		.uleb128 0x4
 1067 0cd8 0D       		.uleb128 0xd
 1068 0cd9 73657276 		.string	"service_param2"
 1068      6963655F 
 1068      70617261 
 1068      6D3200
 1069 0ce8 01       		.byte	0x1
 1070 0ce9 2A03     		.uahalf	0x32a
 1071 0ceb 880C0000 		.uaword	0xc88
 1072 0cef 02       		.byte	0x2
 1073 0cf0 23       		.byte	0x23
 1074 0cf1 08       		.uleb128 0x8
 1075 0cf2 0D       		.uleb128 0xd
 1076 0cf3 73657276 		.string	"service_param3"
GAS Infineon TriCore Little Endian C:\\Users\\user1\\AppData\\Local\\Temp\\rta_RTAOS_638388406317960277_1736001\\ccueMsAh.s 			page 25


 1076      6963655F 
 1076      70617261 
 1076      6D3300
 1077 0d02 01       		.byte	0x1
 1078 0d03 2B03     		.uahalf	0x32b
 1079 0d05 880C0000 		.uaword	0xc88
 1080 0d09 02       		.byte	0x2
 1081 0d0a 23       		.byte	0x23
 1082 0d0b 0C       		.uleb128 0xc
 1083 0d0c 00       		.byte	0
 1084 0d0d 0A       		.uleb128 0xa
 1085 0d0e 4F735F45 		.string	"Os_ErrorInformationType"
 1085      72726F72 
 1085      496E666F 
 1085      726D6174 
 1085      696F6E54 
 1086 0d26 01       		.byte	0x1
 1087 0d27 2C03     		.uahalf	0x32c
 1088 0d29 9F0C0000 		.uaword	0xc9f
 1089 0d2d 0A       		.uleb128 0xa
 1090 0d2e 4F735F4F 		.string	"Os_OrtiIdType"
 1090      72746949 
 1090      64547970 
 1090      6500
 1091 0d3c 01       		.byte	0x1
 1092 0d3d 3003     		.uahalf	0x330
 1093 0d3f 85010000 		.uaword	0x185
 1094 0d43 0B       		.uleb128 0xb
 1095 0d44 F3080000 		.uaword	0x8f3
 1096 0d48 0B       		.uleb128 0xb
 1097 0d49 5B080000 		.uaword	0x85b
 1098 0d4d 0B       		.uleb128 0xb
 1099 0d4e 150B0000 		.uaword	0xb15
 1100 0d52 0B       		.uleb128 0xb
 1101 0d53 32090000 		.uaword	0x932
 1102 0d57 0B       		.uleb128 0xb
 1103 0d58 30040000 		.uaword	0x430
 1104 0d5c 0B       		.uleb128 0xb
 1105 0d5d D1030000 		.uaword	0x3d1
 1106 0d61 0A       		.uleb128 0xa
 1107 0d62 4F735F43 		.string	"Os_ControlledCoreType"
 1107      6F6E7472 
 1107      6F6C6C65 
 1107      64436F72 
 1107      65547970 
 1108 0d78 01       		.byte	0x1
 1109 0d79 2404     		.uahalf	0x424
 1110 0d7b 7C040000 		.uaword	0x47c
 1111 0d7f 0C       		.uleb128 0xc
 1112 0d80 4F735F41 		.string	"Os_AnyCoreType_s"
 1112      6E79436F 
 1112      72655479 
 1112      70655F73 
 1112      00
 1113 0d91 64       		.byte	0x64
 1114 0d92 01       		.byte	0x1
 1115 0d93 3204     		.uahalf	0x432
GAS Infineon TriCore Little Endian C:\\Users\\user1\\AppData\\Local\\Temp\\rta_RTAOS_638388406317960277_1736001\\ccueMsAh.s 			page 26


 1116 0d95 B80E0000 		.uaword	0xeb8
 1117 0d99 0D       		.uleb128 0xd
 1118 0d9a 44697361 		.string	"DisableAllImask"
 1118      626C6541 
 1118      6C6C496D 
 1118      61736B00 
 1119 0daa 01       		.byte	0x1
 1120 0dab 3304     		.uahalf	0x433
 1121 0dad B80E0000 		.uaword	0xeb8
 1122 0db1 02       		.byte	0x2
 1123 0db2 23       		.byte	0x23
 1124 0db3 00       		.uleb128 0
 1125 0db4 0D       		.uleb128 0xd
 1126 0db5 53757370 		.string	"SuspendAllImask"
 1126      656E6441 
 1126      6C6C496D 
 1126      61736B00 
 1127 0dc5 01       		.byte	0x1
 1128 0dc6 3404     		.uahalf	0x434
 1129 0dc8 B80E0000 		.uaword	0xeb8
 1130 0dcc 02       		.byte	0x2
 1131 0dcd 23       		.byte	0x23
 1132 0dce 04       		.uleb128 0x4
 1133 0dcf 0D       		.uleb128 0xd
 1134 0dd0 53757370 		.string	"SuspendOSImask"
 1134      656E644F 
 1134      53496D61 
 1134      736B00
 1135 0ddf 01       		.byte	0x1
 1136 0de0 3504     		.uahalf	0x435
 1137 0de2 B80E0000 		.uaword	0xeb8
 1138 0de6 02       		.byte	0x2
 1139 0de7 23       		.byte	0x23
 1140 0de8 08       		.uleb128 0x8
 1141 0de9 0D       		.uleb128 0xd
 1142 0dea 44697361 		.string	"DisableAllCount"
 1142      626C6541 
 1142      6C6C436F 
 1142      756E7400 
 1143 0dfa 01       		.byte	0x1
 1144 0dfb 3604     		.uahalf	0x436
 1145 0dfd BD0E0000 		.uaword	0xebd
 1146 0e01 02       		.byte	0x2
 1147 0e02 23       		.byte	0x23
 1148 0e03 0C       		.uleb128 0xc
 1149 0e04 0D       		.uleb128 0xd
 1150 0e05 53757370 		.string	"SuspendAllCount"
 1150      656E6441 
 1150      6C6C436F 
 1150      756E7400 
 1151 0e15 01       		.byte	0x1
 1152 0e16 3704     		.uahalf	0x437
 1153 0e18 BD0E0000 		.uaword	0xebd
 1154 0e1c 02       		.byte	0x2
 1155 0e1d 23       		.byte	0x23
 1156 0e1e 10       		.uleb128 0x10
 1157 0e1f 0D       		.uleb128 0xd
GAS Infineon TriCore Little Endian C:\\Users\\user1\\AppData\\Local\\Temp\\rta_RTAOS_638388406317960277_1736001\\ccueMsAh.s 			page 27


 1158 0e20 53757370 		.string	"SuspendOSCount"
 1158      656E644F 
 1158      53436F75 
 1158      6E7400
 1159 0e2f 01       		.byte	0x1
 1160 0e30 3804     		.uahalf	0x438
 1161 0e32 BD0E0000 		.uaword	0xebd
 1162 0e36 02       		.byte	0x2
 1163 0e37 23       		.byte	0x23
 1164 0e38 14       		.uleb128 0x14
 1165 0e39 0D       		.uleb128 0xd
 1166 0e3a 4F727469 		.string	"OrtiApiID"
 1166      41706949 
 1166      4400
 1167 0e44 01       		.byte	0x1
 1168 0e45 3904     		.uahalf	0x439
 1169 0e47 C20E0000 		.uaword	0xec2
 1170 0e4b 02       		.byte	0x2
 1171 0e4c 23       		.byte	0x23
 1172 0e4d 18       		.uleb128 0x18
 1173 0e4e 0D       		.uleb128 0xd
 1174 0e4f 4F727469 		.string	"OrtiLastError"
 1174      4C617374 
 1174      4572726F 
 1174      7200
 1175 0e5d 01       		.byte	0x1
 1176 0e5e 3A04     		.uahalf	0x43a
 1177 0e60 48020000 		.uaword	0x248
 1178 0e64 02       		.byte	0x2
 1179 0e65 23       		.byte	0x23
 1180 0e66 19       		.uleb128 0x19
 1181 0e67 0D       		.uleb128 0xd
 1182 0e68 52657374 		.string	"RestartJumpBuf"
 1182      6172744A 
 1182      756D7042 
 1182      756600
 1183 0e77 01       		.byte	0x1
 1184 0e78 3B04     		.uahalf	0x43b
 1185 0e7a FA020000 		.uaword	0x2fa
 1186 0e7e 02       		.byte	0x2
 1187 0e7f 23       		.byte	0x23
 1188 0e80 1C       		.uleb128 0x1c
 1189 0e81 0D       		.uleb128 0xd
 1190 0e82 52657374 		.string	"Restartable"
 1190      61727461 
 1190      626C6500 
 1191 0e8e 01       		.byte	0x1
 1192 0e8f 3C04     		.uahalf	0x43c
 1193 0e91 39020000 		.uaword	0x239
 1194 0e95 02       		.byte	0x2
 1195 0e96 23       		.byte	0x23
 1196 0e97 60       		.uleb128 0x60
 1197 0e98 0D       		.uleb128 0xd
 1198 0e99 4C617374 		.string	"LastProtectionFault"
 1198      50726F74 
 1198      65637469 
 1198      6F6E4661 
GAS Infineon TriCore Little Endian C:\\Users\\user1\\AppData\\Local\\Temp\\rta_RTAOS_638388406317960277_1736001\\ccueMsAh.s 			page 28


 1198      756C7400 
 1199 0ead 01       		.byte	0x1
 1200 0eae 3D04     		.uahalf	0x43d
 1201 0eb0 48020000 		.uaword	0x248
 1202 0eb4 02       		.byte	0x2
 1203 0eb5 23       		.byte	0x23
 1204 0eb6 61       		.uleb128 0x61
 1205 0eb7 00       		.byte	0
 1206 0eb8 0B       		.uleb128 0xb
 1207 0eb9 08070000 		.uaword	0x708
 1208 0ebd 0B       		.uleb128 0xb
 1209 0ebe BA010000 		.uaword	0x1ba
 1210 0ec2 0B       		.uleb128 0xb
 1211 0ec3 2D0D0000 		.uaword	0xd2d
 1212 0ec7 0A       		.uleb128 0xa
 1213 0ec8 4F735F41 		.string	"Os_AnyCoreType"
 1213      6E79436F 
 1213      72655479 
 1213      706500
 1214 0ed7 01       		.byte	0x1
 1215 0ed8 3E04     		.uahalf	0x43e
 1216 0eda 7F0D0000 		.uaword	0xd7f
 1217 0ede 0C       		.uleb128 0xc
 1218 0edf 4F735F43 		.string	"Os_CoreConfiguration_s"
 1218      6F726543 
 1218      6F6E6669 
 1218      67757261 
 1218      74696F6E 
 1219 0ef6 18       		.byte	0x18
 1220 0ef7 01       		.byte	0x1
 1221 0ef8 4904     		.uahalf	0x449
 1222 0efa 780F0000 		.uaword	0xf78
 1223 0efe 0D       		.uleb128 0xd
 1224 0eff 636F6E74 		.string	"controlled"
 1224      726F6C6C 
 1224      656400
 1225 0f0a 01       		.byte	0x1
 1226 0f0b 4A04     		.uahalf	0x44a
 1227 0f0d 780F0000 		.uaword	0xf78
 1228 0f11 02       		.byte	0x2
 1229 0f12 23       		.byte	0x23
 1230 0f13 00       		.uleb128 0
 1231 0f14 0D       		.uleb128 0xd
 1232 0f15 616E7900 		.string	"any"
 1233 0f19 01       		.byte	0x1
 1234 0f1a 4B04     		.uahalf	0x44b
 1235 0f1c 830F0000 		.uaword	0xf83
 1236 0f20 02       		.byte	0x2
 1237 0f21 23       		.byte	0x23
 1238 0f22 04       		.uleb128 0x4
 1239 0f23 0D       		.uleb128 0xd
 1240 0f24 73746174 		.string	"state"
 1240      6500
 1241 0f2a 01       		.byte	0x1
 1242 0f2b 4C04     		.uahalf	0x44c
 1243 0f2d 8E0F0000 		.uaword	0xf8e
 1244 0f31 02       		.byte	0x2
GAS Infineon TriCore Little Endian C:\\Users\\user1\\AppData\\Local\\Temp\\rta_RTAOS_638388406317960277_1736001\\ccueMsAh.s 			page 29


 1245 0f32 23       		.byte	0x23
 1246 0f33 08       		.uleb128 0x8
 1247 0f34 0D       		.uleb128 0xd
 1248 0f35 64697370 		.string	"dispatch"
 1248      61746368 
 1248      00
 1249 0f3e 01       		.byte	0x1
 1250 0f3f 4D04     		.uahalf	0x44d
 1251 0f41 AA030000 		.uaword	0x3aa
 1252 0f45 02       		.byte	0x2
 1253 0f46 23       		.byte	0x23
 1254 0f47 0C       		.uleb128 0xc
 1255 0f48 0D       		.uleb128 0xd
 1256 0f49 4F735F52 		.string	"Os_Res_Scheduler"
 1256      65735F53 
 1256      63686564 
 1256      756C6572 
 1256      00
 1257 0f5a 01       		.byte	0x1
 1258 0f5b 4E04     		.uahalf	0x44e
 1259 0f5d 500C0000 		.uaword	0xc50
 1260 0f61 02       		.byte	0x2
 1261 0f62 23       		.byte	0x23
 1262 0f63 10       		.uleb128 0x10
 1263 0f64 0D       		.uleb128 0xd
 1264 0f65 636F7265 		.string	"core_id"
 1264      5F696400 
 1265 0f6d 01       		.byte	0x1
 1266 0f6e 4F04     		.uahalf	0x44f
 1267 0f70 64040000 		.uaword	0x464
 1268 0f74 02       		.byte	0x2
 1269 0f75 23       		.byte	0x23
 1270 0f76 14       		.uleb128 0x14
 1271 0f77 00       		.byte	0
 1272 0f78 0F       		.uleb128 0xf
 1273 0f79 7D0F0000 		.uaword	0xf7d
 1274 0f7d 08       		.uleb128 0x8
 1275 0f7e 04       		.byte	0x4
 1276 0f7f 610D0000 		.uaword	0xd61
 1277 0f83 0F       		.uleb128 0xf
 1278 0f84 880F0000 		.uaword	0xf88
 1279 0f88 08       		.uleb128 0x8
 1280 0f89 04       		.byte	0x4
 1281 0f8a C70E0000 		.uaword	0xec7
 1282 0f8e 0F       		.uleb128 0xf
 1283 0f8f 930F0000 		.uaword	0xf93
 1284 0f93 08       		.uleb128 0x8
 1285 0f94 04       		.byte	0x4
 1286 0f95 990F0000 		.uaword	0xf99
 1287 0f99 0B       		.uleb128 0xb
 1288 0f9a FC030000 		.uaword	0x3fc
 1289 0f9e 0A       		.uleb128 0xa
 1290 0f9f 4F735F43 		.string	"Os_CoreConfiguration"
 1290      6F726543 
 1290      6F6E6669 
 1290      67757261 
 1290      74696F6E 
GAS Infineon TriCore Little Endian C:\\Users\\user1\\AppData\\Local\\Temp\\rta_RTAOS_638388406317960277_1736001\\ccueMsAh.s 			page 30


 1291 0fb4 01       		.byte	0x1
 1292 0fb5 5004     		.uahalf	0x450
 1293 0fb7 DE0E0000 		.uaword	0xede
 1294 0fbb 14       		.uleb128 0x14
 1295 0fbc 01       		.byte	0x1
 1296 0fbd 4F735F47 		.string	"Os_GetISRID"
 1296      65744953 
 1296      52494400 
 1297 0fc9 01       		.byte	0x1
 1298 0fca 5605     		.uahalf	0x556
 1299 0fcc 01       		.byte	0x1
 1300 0fcd 5B080000 		.uaword	0x85b
 1301 0fd1 00000000 		.uaword	.LFB0
 1302 0fd5 00000000 		.uaword	.LFE0
 1303 0fd9 02       		.byte	0x2
 1304 0fda 8A       		.byte	0x8a
 1305 0fdb 00       		.sleb128 0
 1306 0fdc 01       		.byte	0x1
 1307 0fdd A2100000 		.uaword	0x10a2
 1308 0fe1 15       		.uleb128 0x15
 1309 0fe2 72657400 		.string	"ret"
 1310 0fe6 01       		.byte	0x1
 1311 0fe7 5705     		.uahalf	0x557
 1312 0fe9 5B080000 		.uaword	0x85b
 1313 0fed 01       		.byte	0x1
 1314 0fee 62       		.byte	0x62
 1315 0fef 16       		.uleb128 0x16
 1316 0ff0 6F735F63 		.string	"os_current_core_const"
 1316      75727265 
 1316      6E745F63 
 1316      6F72655F 
 1316      636F6E73 
 1317 1006 01       		.byte	0x1
 1318 1007 5805     		.uahalf	0x558
 1319 1009 A2100000 		.uaword	0x10a2
 1320 100d 17       		.uleb128 0x17
 1321 100e 6F735F63 		.string	"os_current_controlled_core"
 1321      75727265 
 1321      6E745F63 
 1321      6F6E7472 
 1321      6F6C6C65 
 1322 1029 01       		.byte	0x1
 1323 102a 5905     		.uahalf	0x559
 1324 102c 7D0F0000 		.uaword	0xf7d
 1325 1030 00000000 		.uaword	.LLST0
 1326 1034 15       		.uleb128 0x15
 1327 1035 6F735F63 		.string	"os_current_core"
 1327      75727265 
 1327      6E745F63 
 1327      6F726500 
 1328 1045 01       		.byte	0x1
 1329 1046 5A05     		.uahalf	0x55a
 1330 1048 880F0000 		.uaword	0xf88
 1331 104c 01       		.byte	0x1
 1332 104d 6F       		.byte	0x6f
 1333 104e 17       		.uleb128 0x17
 1334 104f 70726576 		.string	"previous_tmask"
GAS Infineon TriCore Little Endian C:\\Users\\user1\\AppData\\Local\\Temp\\rta_RTAOS_638388406317960277_1736001\\ccueMsAh.s 			page 31


 1334      696F7573 
 1334      5F746D61 
 1334      736B00
 1335 105e 01       		.byte	0x1
 1336 105f 5B05     		.uahalf	0x55b
 1337 1061 E8030000 		.uaword	0x3e8
 1338 1065 00000000 		.uaword	.LLST1
 1339 1069 18       		.uleb128 0x18
 1340 106a 00000000 		.uaword	.LBB2
 1341 106e 00000000 		.uaword	.LBE2
 1342 1072 87100000 		.uaword	0x1087
 1343 1076 17       		.uleb128 0x17
 1344 1077 72657300 		.string	"res"
 1345 107b 01       		.byte	0x1
 1346 107c 5805     		.uahalf	0x558
 1347 107e C8010000 		.uaword	0x1c8
 1348 1082 00000000 		.uaword	.LLST2
 1349 1086 00       		.byte	0
 1350 1087 19       		.uleb128 0x19
 1351 1088 00000000 		.uaword	.LBB3
 1352 108c 00000000 		.uaword	.LBE3
 1353 1090 17       		.uleb128 0x17
 1354 1091 72657300 		.string	"res"
 1355 1095 01       		.byte	0x1
 1356 1096 5B05     		.uahalf	0x55b
 1357 1098 C8010000 		.uaword	0x1c8
 1358 109c 00000000 		.uaword	.LLST1
 1359 10a0 00       		.byte	0
 1360 10a1 00       		.byte	0
 1361 10a2 08       		.uleb128 0x8
 1362 10a3 04       		.byte	0x4
 1363 10a4 A8100000 		.uaword	0x10a8
 1364 10a8 0F       		.uleb128 0xf
 1365 10a9 9E0F0000 		.uaword	0xf9e
 1366 10ad 06       		.uleb128 0x6
 1367 10ae 9E0F0000 		.uaword	0xf9e
 1368 10b2 B8100000 		.uaword	0x10b8
 1369 10b6 1A       		.uleb128 0x1a
 1370 10b7 00       		.byte	0
 1371 10b8 1B       		.uleb128 0x1b
 1372 10b9 4F735F63 		.string	"Os_const_coreconfiguration"
 1372      6F6E7374 
 1372      5F636F72 
 1372      65636F6E 
 1372      66696775 
 1373 10d4 01       		.byte	0x1
 1374 10d5 6A04     		.uahalf	0x46a
 1375 10d7 DD100000 		.uaword	0x10dd
 1376 10db 01       		.byte	0x1
 1377 10dc 01       		.byte	0x1
 1378 10dd 0F       		.uleb128 0xf
 1379 10de AD100000 		.uaword	0x10ad
 1380 10e2 00       		.byte	0
 1381              	.section .debug_abbrev,"",@progbits
 1382              	.Ldebug_abbrev0:
 1383 0000 01       		.uleb128 0x1
 1384 0001 11       		.uleb128 0x11
GAS Infineon TriCore Little Endian C:\\Users\\user1\\AppData\\Local\\Temp\\rta_RTAOS_638388406317960277_1736001\\ccueMsAh.s 			page 32


 1385 0002 01       		.byte	0x1
 1386 0003 25       		.uleb128 0x25
 1387 0004 08       		.uleb128 0x8
 1388 0005 13       		.uleb128 0x13
 1389 0006 0B       		.uleb128 0xb
 1390 0007 03       		.uleb128 0x3
 1391 0008 08       		.uleb128 0x8
 1392 0009 55       		.uleb128 0x55
 1393 000a 06       		.uleb128 0x6
 1394 000b 11       		.uleb128 0x11
 1395 000c 01       		.uleb128 0x1
 1396 000d 52       		.uleb128 0x52
 1397 000e 01       		.uleb128 0x1
 1398 000f 10       		.uleb128 0x10
 1399 0010 06       		.uleb128 0x6
 1400 0011 00       		.byte	0
 1401 0012 00       		.byte	0
 1402 0013 02       		.uleb128 0x2
 1403 0014 16       		.uleb128 0x16
 1404 0015 00       		.byte	0
 1405 0016 03       		.uleb128 0x3
 1406 0017 08       		.uleb128 0x8
 1407 0018 3A       		.uleb128 0x3a
 1408 0019 0B       		.uleb128 0xb
 1409 001a 3B       		.uleb128 0x3b
 1410 001b 0B       		.uleb128 0xb
 1411 001c 49       		.uleb128 0x49
 1412 001d 13       		.uleb128 0x13
 1413 001e 00       		.byte	0
 1414 001f 00       		.byte	0
 1415 0020 03       		.uleb128 0x3
 1416 0021 24       		.uleb128 0x24
 1417 0022 00       		.byte	0
 1418 0023 0B       		.uleb128 0xb
 1419 0024 0B       		.uleb128 0xb
 1420 0025 3E       		.uleb128 0x3e
 1421 0026 0B       		.uleb128 0xb
 1422 0027 03       		.uleb128 0x3
 1423 0028 08       		.uleb128 0x8
 1424 0029 00       		.byte	0
 1425 002a 00       		.byte	0
 1426 002b 04       		.uleb128 0x4
 1427 002c 13       		.uleb128 0x13
 1428 002d 01       		.byte	0x1
 1429 002e 0B       		.uleb128 0xb
 1430 002f 0B       		.uleb128 0xb
 1431 0030 3A       		.uleb128 0x3a
 1432 0031 0B       		.uleb128 0xb
 1433 0032 3B       		.uleb128 0x3b
 1434 0033 0B       		.uleb128 0xb
 1435 0034 01       		.uleb128 0x1
 1436 0035 13       		.uleb128 0x13
 1437 0036 00       		.byte	0
 1438 0037 00       		.byte	0
 1439 0038 05       		.uleb128 0x5
 1440 0039 0D       		.uleb128 0xd
 1441 003a 00       		.byte	0
GAS Infineon TriCore Little Endian C:\\Users\\user1\\AppData\\Local\\Temp\\rta_RTAOS_638388406317960277_1736001\\ccueMsAh.s 			page 33


 1442 003b 03       		.uleb128 0x3
 1443 003c 08       		.uleb128 0x8
 1444 003d 3A       		.uleb128 0x3a
 1445 003e 0B       		.uleb128 0xb
 1446 003f 3B       		.uleb128 0x3b
 1447 0040 0B       		.uleb128 0xb
 1448 0041 49       		.uleb128 0x49
 1449 0042 13       		.uleb128 0x13
 1450 0043 38       		.uleb128 0x38
 1451 0044 0A       		.uleb128 0xa
 1452 0045 00       		.byte	0
 1453 0046 00       		.byte	0
 1454 0047 06       		.uleb128 0x6
 1455 0048 01       		.uleb128 0x1
 1456 0049 01       		.byte	0x1
 1457 004a 49       		.uleb128 0x49
 1458 004b 13       		.uleb128 0x13
 1459 004c 01       		.uleb128 0x1
 1460 004d 13       		.uleb128 0x13
 1461 004e 00       		.byte	0
 1462 004f 00       		.byte	0
 1463 0050 07       		.uleb128 0x7
 1464 0051 21       		.uleb128 0x21
 1465 0052 00       		.byte	0
 1466 0053 49       		.uleb128 0x49
 1467 0054 13       		.uleb128 0x13
 1468 0055 2F       		.uleb128 0x2f
 1469 0056 0B       		.uleb128 0xb
 1470 0057 00       		.byte	0
 1471 0058 00       		.byte	0
 1472 0059 08       		.uleb128 0x8
 1473 005a 0F       		.uleb128 0xf
 1474 005b 00       		.byte	0
 1475 005c 0B       		.uleb128 0xb
 1476 005d 0B       		.uleb128 0xb
 1477 005e 49       		.uleb128 0x49
 1478 005f 13       		.uleb128 0x13
 1479 0060 00       		.byte	0
 1480 0061 00       		.byte	0
 1481 0062 09       		.uleb128 0x9
 1482 0063 15       		.uleb128 0x15
 1483 0064 00       		.byte	0
 1484 0065 27       		.uleb128 0x27
 1485 0066 0C       		.uleb128 0xc
 1486 0067 00       		.byte	0
 1487 0068 00       		.byte	0
 1488 0069 0A       		.uleb128 0xa
 1489 006a 16       		.uleb128 0x16
 1490 006b 00       		.byte	0
 1491 006c 03       		.uleb128 0x3
 1492 006d 08       		.uleb128 0x8
 1493 006e 3A       		.uleb128 0x3a
 1494 006f 0B       		.uleb128 0xb
 1495 0070 3B       		.uleb128 0x3b
 1496 0071 05       		.uleb128 0x5
 1497 0072 49       		.uleb128 0x49
 1498 0073 13       		.uleb128 0x13
GAS Infineon TriCore Little Endian C:\\Users\\user1\\AppData\\Local\\Temp\\rta_RTAOS_638388406317960277_1736001\\ccueMsAh.s 			page 34


 1499 0074 00       		.byte	0
 1500 0075 00       		.byte	0
 1501 0076 0B       		.uleb128 0xb
 1502 0077 35       		.uleb128 0x35
 1503 0078 00       		.byte	0
 1504 0079 49       		.uleb128 0x49
 1505 007a 13       		.uleb128 0x13
 1506 007b 00       		.byte	0
 1507 007c 00       		.byte	0
 1508 007d 0C       		.uleb128 0xc
 1509 007e 13       		.uleb128 0x13
 1510 007f 01       		.byte	0x1
 1511 0080 03       		.uleb128 0x3
 1512 0081 08       		.uleb128 0x8
 1513 0082 0B       		.uleb128 0xb
 1514 0083 0B       		.uleb128 0xb
 1515 0084 3A       		.uleb128 0x3a
 1516 0085 0B       		.uleb128 0xb
 1517 0086 3B       		.uleb128 0x3b
 1518 0087 05       		.uleb128 0x5
 1519 0088 01       		.uleb128 0x1
 1520 0089 13       		.uleb128 0x13
 1521 008a 00       		.byte	0
 1522 008b 00       		.byte	0
 1523 008c 0D       		.uleb128 0xd
 1524 008d 0D       		.uleb128 0xd
 1525 008e 00       		.byte	0
 1526 008f 03       		.uleb128 0x3
 1527 0090 08       		.uleb128 0x8
 1528 0091 3A       		.uleb128 0x3a
 1529 0092 0B       		.uleb128 0xb
 1530 0093 3B       		.uleb128 0x3b
 1531 0094 05       		.uleb128 0x5
 1532 0095 49       		.uleb128 0x49
 1533 0096 13       		.uleb128 0x13
 1534 0097 38       		.uleb128 0x38
 1535 0098 0A       		.uleb128 0xa
 1536 0099 00       		.byte	0
 1537 009a 00       		.byte	0
 1538 009b 0E       		.uleb128 0xe
 1539 009c 0D       		.uleb128 0xd
 1540 009d 00       		.byte	0
 1541 009e 03       		.uleb128 0x3
 1542 009f 0E       		.uleb128 0xe
 1543 00a0 3A       		.uleb128 0x3a
 1544 00a1 0B       		.uleb128 0xb
 1545 00a2 3B       		.uleb128 0x3b
 1546 00a3 05       		.uleb128 0x5
 1547 00a4 49       		.uleb128 0x49
 1548 00a5 13       		.uleb128 0x13
 1549 00a6 38       		.uleb128 0x38
 1550 00a7 0A       		.uleb128 0xa
 1551 00a8 00       		.byte	0
 1552 00a9 00       		.byte	0
 1553 00aa 0F       		.uleb128 0xf
 1554 00ab 26       		.uleb128 0x26
 1555 00ac 00       		.byte	0
GAS Infineon TriCore Little Endian C:\\Users\\user1\\AppData\\Local\\Temp\\rta_RTAOS_638388406317960277_1736001\\ccueMsAh.s 			page 35


 1556 00ad 49       		.uleb128 0x49
 1557 00ae 13       		.uleb128 0x13
 1558 00af 00       		.byte	0
 1559 00b0 00       		.byte	0
 1560 00b1 10       		.uleb128 0x10
 1561 00b2 17       		.uleb128 0x17
 1562 00b3 01       		.byte	0x1
 1563 00b4 0B       		.uleb128 0xb
 1564 00b5 0B       		.uleb128 0xb
 1565 00b6 3A       		.uleb128 0x3a
 1566 00b7 0B       		.uleb128 0xb
 1567 00b8 3B       		.uleb128 0x3b
 1568 00b9 05       		.uleb128 0x5
 1569 00ba 01       		.uleb128 0x1
 1570 00bb 13       		.uleb128 0x13
 1571 00bc 00       		.byte	0
 1572 00bd 00       		.byte	0
 1573 00be 11       		.uleb128 0x11
 1574 00bf 0D       		.uleb128 0xd
 1575 00c0 00       		.byte	0
 1576 00c1 03       		.uleb128 0x3
 1577 00c2 08       		.uleb128 0x8
 1578 00c3 3A       		.uleb128 0x3a
 1579 00c4 0B       		.uleb128 0xb
 1580 00c5 3B       		.uleb128 0x3b
 1581 00c6 05       		.uleb128 0x5
 1582 00c7 49       		.uleb128 0x49
 1583 00c8 13       		.uleb128 0x13
 1584 00c9 00       		.byte	0
 1585 00ca 00       		.byte	0
 1586 00cb 12       		.uleb128 0x12
 1587 00cc 0D       		.uleb128 0xd
 1588 00cd 00       		.byte	0
 1589 00ce 03       		.uleb128 0x3
 1590 00cf 0E       		.uleb128 0xe
 1591 00d0 3A       		.uleb128 0x3a
 1592 00d1 0B       		.uleb128 0xb
 1593 00d2 3B       		.uleb128 0x3b
 1594 00d3 05       		.uleb128 0x5
 1595 00d4 49       		.uleb128 0x49
 1596 00d5 13       		.uleb128 0x13
 1597 00d6 00       		.byte	0
 1598 00d7 00       		.byte	0
 1599 00d8 13       		.uleb128 0x13
 1600 00d9 13       		.uleb128 0x13
 1601 00da 01       		.byte	0x1
 1602 00db 0B       		.uleb128 0xb
 1603 00dc 0B       		.uleb128 0xb
 1604 00dd 3A       		.uleb128 0x3a
 1605 00de 0B       		.uleb128 0xb
 1606 00df 3B       		.uleb128 0x3b
 1607 00e0 05       		.uleb128 0x5
 1608 00e1 01       		.uleb128 0x1
 1609 00e2 13       		.uleb128 0x13
 1610 00e3 00       		.byte	0
 1611 00e4 00       		.byte	0
 1612 00e5 14       		.uleb128 0x14
GAS Infineon TriCore Little Endian C:\\Users\\user1\\AppData\\Local\\Temp\\rta_RTAOS_638388406317960277_1736001\\ccueMsAh.s 			page 36


 1613 00e6 2E       		.uleb128 0x2e
 1614 00e7 01       		.byte	0x1
 1615 00e8 3F       		.uleb128 0x3f
 1616 00e9 0C       		.uleb128 0xc
 1617 00ea 03       		.uleb128 0x3
 1618 00eb 08       		.uleb128 0x8
 1619 00ec 3A       		.uleb128 0x3a
 1620 00ed 0B       		.uleb128 0xb
 1621 00ee 3B       		.uleb128 0x3b
 1622 00ef 05       		.uleb128 0x5
 1623 00f0 27       		.uleb128 0x27
 1624 00f1 0C       		.uleb128 0xc
 1625 00f2 49       		.uleb128 0x49
 1626 00f3 13       		.uleb128 0x13
 1627 00f4 11       		.uleb128 0x11
 1628 00f5 01       		.uleb128 0x1
 1629 00f6 12       		.uleb128 0x12
 1630 00f7 01       		.uleb128 0x1
 1631 00f8 40       		.uleb128 0x40
 1632 00f9 0A       		.uleb128 0xa
 1633 00fa 9742     		.uleb128 0x2117
 1634 00fc 0C       		.uleb128 0xc
 1635 00fd 01       		.uleb128 0x1
 1636 00fe 13       		.uleb128 0x13
 1637 00ff 00       		.byte	0
 1638 0100 00       		.byte	0
 1639 0101 15       		.uleb128 0x15
 1640 0102 34       		.uleb128 0x34
 1641 0103 00       		.byte	0
 1642 0104 03       		.uleb128 0x3
 1643 0105 08       		.uleb128 0x8
 1644 0106 3A       		.uleb128 0x3a
 1645 0107 0B       		.uleb128 0xb
 1646 0108 3B       		.uleb128 0x3b
 1647 0109 05       		.uleb128 0x5
 1648 010a 49       		.uleb128 0x49
 1649 010b 13       		.uleb128 0x13
 1650 010c 02       		.uleb128 0x2
 1651 010d 0A       		.uleb128 0xa
 1652 010e 00       		.byte	0
 1653 010f 00       		.byte	0
 1654 0110 16       		.uleb128 0x16
 1655 0111 34       		.uleb128 0x34
 1656 0112 00       		.byte	0
 1657 0113 03       		.uleb128 0x3
 1658 0114 08       		.uleb128 0x8
 1659 0115 3A       		.uleb128 0x3a
 1660 0116 0B       		.uleb128 0xb
 1661 0117 3B       		.uleb128 0x3b
 1662 0118 05       		.uleb128 0x5
 1663 0119 49       		.uleb128 0x49
 1664 011a 13       		.uleb128 0x13
 1665 011b 00       		.byte	0
 1666 011c 00       		.byte	0
 1667 011d 17       		.uleb128 0x17
 1668 011e 34       		.uleb128 0x34
 1669 011f 00       		.byte	0
GAS Infineon TriCore Little Endian C:\\Users\\user1\\AppData\\Local\\Temp\\rta_RTAOS_638388406317960277_1736001\\ccueMsAh.s 			page 37


 1670 0120 03       		.uleb128 0x3
 1671 0121 08       		.uleb128 0x8
 1672 0122 3A       		.uleb128 0x3a
 1673 0123 0B       		.uleb128 0xb
 1674 0124 3B       		.uleb128 0x3b
 1675 0125 05       		.uleb128 0x5
 1676 0126 49       		.uleb128 0x49
 1677 0127 13       		.uleb128 0x13
 1678 0128 02       		.uleb128 0x2
 1679 0129 06       		.uleb128 0x6
 1680 012a 00       		.byte	0
 1681 012b 00       		.byte	0
 1682 012c 18       		.uleb128 0x18
 1683 012d 0B       		.uleb128 0xb
 1684 012e 01       		.byte	0x1
 1685 012f 11       		.uleb128 0x11
 1686 0130 01       		.uleb128 0x1
 1687 0131 12       		.uleb128 0x12
 1688 0132 01       		.uleb128 0x1
 1689 0133 01       		.uleb128 0x1
 1690 0134 13       		.uleb128 0x13
 1691 0135 00       		.byte	0
 1692 0136 00       		.byte	0
 1693 0137 19       		.uleb128 0x19
 1694 0138 0B       		.uleb128 0xb
 1695 0139 01       		.byte	0x1
 1696 013a 11       		.uleb128 0x11
 1697 013b 01       		.uleb128 0x1
 1698 013c 12       		.uleb128 0x12
 1699 013d 01       		.uleb128 0x1
 1700 013e 00       		.byte	0
 1701 013f 00       		.byte	0
 1702 0140 1A       		.uleb128 0x1a
 1703 0141 21       		.uleb128 0x21
 1704 0142 00       		.byte	0
 1705 0143 00       		.byte	0
 1706 0144 00       		.byte	0
 1707 0145 1B       		.uleb128 0x1b
 1708 0146 34       		.uleb128 0x34
 1709 0147 00       		.byte	0
 1710 0148 03       		.uleb128 0x3
 1711 0149 08       		.uleb128 0x8
 1712 014a 3A       		.uleb128 0x3a
 1713 014b 0B       		.uleb128 0xb
 1714 014c 3B       		.uleb128 0x3b
 1715 014d 05       		.uleb128 0x5
 1716 014e 49       		.uleb128 0x49
 1717 014f 13       		.uleb128 0x13
 1718 0150 3F       		.uleb128 0x3f
 1719 0151 0C       		.uleb128 0xc
 1720 0152 3C       		.uleb128 0x3c
 1721 0153 0C       		.uleb128 0xc
 1722 0154 00       		.byte	0
 1723 0155 00       		.byte	0
 1724 0156 00       		.byte	0
 1725              	.section .debug_loc,"",@progbits
 1726              	.Ldebug_loc0:
GAS Infineon TriCore Little Endian C:\\Users\\user1\\AppData\\Local\\Temp\\rta_RTAOS_638388406317960277_1736001\\ccueMsAh.s 			page 38


 1727              	.LLST0:
 1728 0000 00000000 		.uaword	.LVL1
 1729 0004 00000000 		.uaword	.LVL5
 1730 0008 0100     		.uahalf	0x1
 1731 000a 62       		.byte	0x62
 1732 000b 00000000 		.uaword	.LVL5
 1733 000f 00000000 		.uaword	.LFE0
 1734 0013 0200     		.uahalf	0x2
 1735 0015 73       		.byte	0x73
 1736 0016 00       		.sleb128 0
 1737 0017 00000000 		.uaword	0
 1738 001b 00000000 		.uaword	0
 1739              	.LLST1:
 1740 001f 00000000 		.uaword	.LVL3
 1741 0023 00000000 		.uaword	.LVL4
 1742 0027 0100     		.uahalf	0x1
 1743 0029 5F       		.byte	0x5f
 1744 002a 00000000 		.uaword	0
 1745 002e 00000000 		.uaword	0
 1746              	.LLST2:
 1747 0032 00000000 		.uaword	.LVL0
 1748 0036 00000000 		.uaword	.LVL3
 1749 003a 0100     		.uahalf	0x1
 1750 003c 5F       		.byte	0x5f
 1751 003d 00000000 		.uaword	0
 1752 0041 00000000 		.uaword	0
 1753              	.section .debug_aranges,"",@progbits
 1754 0000 1C000000 		.uaword	0x1c
 1755 0004 0200     		.uahalf	0x2
 1756 0006 00000000 		.uaword	.Ldebug_info0
 1757 000a 04       		.byte	0x4
 1758 000b 00       		.byte	0
 1759 000c 0000     		.uahalf	0
 1760 000e 0000     		.uahalf	0
 1761 0010 00000000 		.uaword	.LFB0
 1762 0014 34000000 		.uaword	.LFE0-.LFB0
 1763 0018 00000000 		.uaword	0
 1764 001c 00000000 		.uaword	0
 1765              	.section .debug_ranges,"",@progbits
 1766              	.Ldebug_ranges0:
 1767 0000 00000000 		.uaword	.LFB0
 1768 0004 00000000 		.uaword	.LFE0
 1769 0008 00000000 		.uaword	0
 1770 000c 00000000 		.uaword	0
 1771              	.section .debug_line,"",@progbits
 1772              	.Ldebug_line0:
 1773 0000 35010000 	.section .debug_str,"",@progbits
 1773      02000E01 
 1773      00000201 
 1773      FB0E0D00 
 1773      01010101 
 1774              	.LASF4:
 1775 0000 6170706C 		.string	"application"
 1775      69636174 
 1775      696F6E00 
 1776              	.LASF2:
 1777 000c 64796E61 		.string	"dynamic"
GAS Infineon TriCore Little Endian C:\\Users\\user1\\AppData\\Local\\Temp\\rta_RTAOS_638388406317960277_1736001\\ccueMsAh.s 			page 39


 1777      6D696300 
 1778              	.LASF5:
 1779 0014 61637469 		.string	"activation_count"
 1779      76617469 
 1779      6F6E5F63 
 1779      6F756E74 
 1779      00
 1780              	.LASF6:
 1781 0025 74706D61 		.string	"tpmask"
 1781      736B00
 1782              	.LASF1:
 1783 002c 656E7472 		.string	"entry_function"
 1783      795F6675 
 1783      6E637469 
 1783      6F6E00
 1784              	.LASF3:
 1785 003b 61636365 		.string	"access"
 1785      737300
 1786              	.LASF0:
 1787 0042 7265736F 		.string	"resource_count"
 1787      75726365 
 1787      5F636F75 
 1787      6E7400
 1788              		.extern	Os_const_coreconfiguration,STT_OBJECT,-1
 1789              		.ident	"GCC: (HighTec Release HDP-v4.9.4.1-11fcedf) 4.9.4 build on 2020-09-01"
