GAS Infineon TriCore Little Endian C:\\Users\\user1\\AppData\\Local\\Temp\\rta_RTAOS_638388406317960277_1736001\\cccnAAOC.s 			page 1


   1              		.file	"GetNumberOfActivatedCores.c"
   2              	.section .text,"ax",@progbits
   3              	.Ltext0:
   4              	.section .text.Os_GetNumberOfActivatedCores,"ax",@progbits
   5              		.align 1
   6              		.global	Os_GetNumberOfActivatedCores
   7              		.type	Os_GetNumberOfActivatedCores, @function
   8              	Os_GetNumberOfActivatedCores:
   9              	.LFB0:
  10              		.file 1 "C:\\Users\\user1\\AppData\\Local\\Temp\\rta_RTAOS_638388406317960277_1736001\\GetNumberOf
  11              		.loc 1 1367 0
  12              	.LBB2:
  13              		.loc 1 1369 0
  14              	#APP
  15              		# 1369 "C:\Users\user1\AppData\Local\Temp\rta_RTAOS_638388406317960277_1736001\GetNumberOfActivate
  16 0000 4DC0E1FF 		mfcr %d15,0xfe1c
  17              		# 0 "" 2
  18              	.LVL0:
  19              	#NO_APP
  20              	.LBE2:
  21              		.loc 1 1370 0
  22 0004 910000F0 		movh.a	%a15, hi:Os_const_coreconfiguration
  23 0008 80F3     		mov.d	%d3, %a15
  24 000a 1B030020 		addi	%d2, %d3, lo:Os_const_coreconfiguration
  25 000e 138F2132 		madd	%d3, %d2, %d15, 24
  26 0012 603F     		mov.a	%a15, %d3
  27 0014 C81F     		ld.a	%a15, [%a15] 4
  28              	.LVL1:
  29              	.LBB3:
  30              		.loc 1 1371 0
  31              	#APP
  32              		# 1371 "C:\Users\user1\AppData\Local\Temp\rta_RTAOS_638388406317960277_1736001\GetNumberOfActivate
  33 0016 4D40E0FF 		mfcr %d15,0xfe04
  34              		# 0 "" 2
  35              	.LVL2:
  36              	#NO_APP
  37              	.LBE3:
  38              		.loc 1 1372 0
  39 001a AEB3     		jnz.t	%d15, 11, .L2
  40              		.loc 1 1372 0 is_stmt 0 discriminator 1
  41              	#APP
  42              		# 1372 "C:\Users\user1\AppData\Local\Temp\rta_RTAOS_638388406317960277_1736001\GetNumberOfActivate
  43 001c AD008000 		syscall 0
  44              		# 0 "" 2
  45              	#NO_APP
  46              	.L2:
  47              		.loc 1 1373 0 is_stmt 1
  48 0020 3B30FBFF 		mov	%d15, -77
  49              	.LVL3:
  50 0024 E9FF1800 		st.b	[%a15] 24, %d15
  51              	.LVL4:
  52              		.loc 1 1375 0
  53 0028 91000030 		movh.a	%a3, hi:Os_CoreState
  54 002c 193F0000 		ld.w	%d15, [%a3] lo:Os_CoreState
  55 0030 D9320000 		lea	%a2, [%a3] lo:Os_CoreState
  56              		.loc 1 1376 0
  57 0034 19220400 		ld.w	%d2, [%a2] 4
GAS Infineon TriCore Little Endian C:\\Users\\user1\\AppData\\Local\\Temp\\rta_RTAOS_638388406317960277_1736001\\cccnAAOC.s 			page 2


  58              		.loc 1 1375 0
  59 0038 8B0F20F2 		ne	%d15, %d15, 0
  60              	.LVL5:
  61              		.loc 1 1376 0
  62 003c AB1F00F2 		cadd	%d15, %d2, %d15, 1
  63              	.LVL6:
  64              		.loc 1 1377 0
  65 0040 19220800 		ld.w	%d2, [%a2] 8
  66              	.LVL7:
  67              		.loc 1 1379 0
  68 0044 3B20FB3F 		mov	%d3, -78
  69 0048 E9F31800 		st.b	[%a15] 24, %d3
  70              		.loc 1 1382 0
  71 004c AB1F0022 		cadd	%d2, %d2, %d15, 1
  72              	.LVL8:
  73 0050 0090     		ret
  74              	.LFE0:
  75              		.size	Os_GetNumberOfActivatedCores, .-Os_GetNumberOfActivatedCores
  76              	.section .debug_frame,"",@progbits
  77              	.Lframe0:
  78 0000 0C000000 		.uaword	.LECIE0-.LSCIE0
  79              	.LSCIE0:
  80 0004 FFFFFFFF 		.uaword	0xffffffff
  81 0008 01       		.byte	0x1
  82 0009 00       		.string	""
  83 000a 01       		.uleb128 0x1
  84 000b 01       		.sleb128 1
  85 000c 1B       		.byte	0x1b
  86 000d 0C       		.byte	0xc
  87 000e 1A       		.uleb128 0x1a
  88 000f 00       		.uleb128 0
  89              		.align 2
  90              	.LECIE0:
  91              	.LSFDE0:
  92 0010 0C000000 		.uaword	.LEFDE0-.LASFDE0
  93              	.LASFDE0:
  94 0014 00000000 		.uaword	.Lframe0
  95 0018 00000000 		.uaword	.LFB0
  96 001c 52000000 		.uaword	.LFE0-.LFB0
  97              		.align 2
  98              	.LEFDE0:
  99              	.section .text,"ax",@progbits
 100              	.Letext0:
 101              		.file 2 "D:\\home\\user123\\user\\Mohan6_VectorSIP\\21Dec23\\15Dec23_CAN_merge_21stDec\\25_Softwar
 102              		.file 3 "D:\\home\\user123\\user\\Mohan6_VectorSIP\\21Dec23\\15Dec23_CAN_merge_21stDec\\25_Softwar
 103              	.section .debug_info,"",@progbits
 104              	.Ldebug_info0:
 105 0000 03110000 		.uaword	0x1103
 106 0004 0200     		.uahalf	0x2
 107 0006 00000000 		.uaword	.Ldebug_abbrev0
 108 000a 04       		.byte	0x4
 109 000b 01       		.uleb128 0x1
 110 000c 474E5520 		.ascii	"GNU C 4."
 110      4320342E 
 111 0014 392E3420 		.string	"9.4 build on 2020-09-01 -mlicense-dir=c:\\hightec\\toolchains\\tricore\\v4.9.4.1\\bin\\..
 111      6275696C 
 111      64206F6E 
GAS Infineon TriCore Little Endian C:\\Users\\user1\\AppData\\Local\\Temp\\rta_RTAOS_638388406317960277_1736001\\cccnAAOC.s 			page 3


 111      20323032 
 111      302D3039 
 112 0115 01       		.byte	0x1
 113 0116 433A5C55 		.string	"C:\\Users\\user1\\AppData\\Local\\Temp\\rta_RTAOS_638388406317960277_1736001\\GetNumberOf
 113      73657273 
 113      5C757365 
 113      72315C41 
 113      70704461 
 114 0179 00000000 		.uaword	.Ldebug_ranges0+0
 115 017d 00000000 		.uaword	0
 116 0181 00000000 		.uaword	0
 117 0185 00000000 		.uaword	.Ldebug_line0
 118 0189 02       		.uleb128 0x2
 119 018a 75696E74 		.string	"uint8"
 119      3800
 120 0190 02       		.byte	0x2
 121 0191 34       		.byte	0x34
 122 0192 96010000 		.uaword	0x196
 123 0196 03       		.uleb128 0x3
 124 0197 01       		.byte	0x1
 125 0198 08       		.byte	0x8
 126 0199 756E7369 		.string	"unsigned char"
 126      676E6564 
 126      20636861 
 126      7200
 127 01a7 02       		.uleb128 0x2
 128 01a8 75696E74 		.string	"uint16"
 128      313600
 129 01af 02       		.byte	0x2
 130 01b0 35       		.byte	0x35
 131 01b1 B5010000 		.uaword	0x1b5
 132 01b5 03       		.uleb128 0x3
 133 01b6 02       		.byte	0x2
 134 01b7 07       		.byte	0x7
 135 01b8 73686F72 		.string	"short unsigned int"
 135      7420756E 
 135      7369676E 
 135      65642069 
 135      6E7400
 136 01cb 02       		.uleb128 0x2
 137 01cc 75696E74 		.string	"uint32"
 137      333200
 138 01d3 02       		.byte	0x2
 139 01d4 36       		.byte	0x36
 140 01d5 D9010000 		.uaword	0x1d9
 141 01d9 03       		.uleb128 0x3
 142 01da 04       		.byte	0x4
 143 01db 07       		.byte	0x7
 144 01dc 756E7369 		.string	"unsigned int"
 144      676E6564 
 144      20696E74 
 144      00
 145 01e9 03       		.uleb128 0x3
 146 01ea 01       		.byte	0x1
 147 01eb 06       		.byte	0x6
 148 01ec 7369676E 		.string	"signed char"
 148      65642063 
GAS Infineon TriCore Little Endian C:\\Users\\user1\\AppData\\Local\\Temp\\rta_RTAOS_638388406317960277_1736001\\cccnAAOC.s 			page 4


 148      68617200 
 149 01f8 03       		.uleb128 0x3
 150 01f9 02       		.byte	0x2
 151 01fa 05       		.byte	0x5
 152 01fb 73686F72 		.string	"short int"
 152      7420696E 
 152      7400
 153 0205 03       		.uleb128 0x3
 154 0206 04       		.byte	0x4
 155 0207 05       		.byte	0x5
 156 0208 696E7400 		.string	"int"
 157 020c 03       		.uleb128 0x3
 158 020d 04       		.byte	0x4
 159 020e 04       		.byte	0x4
 160 020f 666C6F61 		.string	"float"
 160      7400
 161 0215 03       		.uleb128 0x3
 162 0216 08       		.byte	0x8
 163 0217 04       		.byte	0x4
 164 0218 646F7562 		.string	"double"
 164      6C6500
 165 021f 03       		.uleb128 0x3
 166 0220 08       		.byte	0x8
 167 0221 05       		.byte	0x5
 168 0222 6C6F6E67 		.string	"long long int"
 168      206C6F6E 
 168      6720696E 
 168      7400
 169 0230 03       		.uleb128 0x3
 170 0231 08       		.byte	0x8
 171 0232 07       		.byte	0x7
 172 0233 6C6F6E67 		.string	"long long unsigned int"
 172      206C6F6E 
 172      6720756E 
 172      7369676E 
 172      65642069 
 173 024a 02       		.uleb128 0x2
 174 024b 626F6F6C 		.string	"boolean"
 174      65616E00 
 175 0253 02       		.byte	0x2
 176 0254 49       		.byte	0x49
 177 0255 96010000 		.uaword	0x196
 178 0259 02       		.uleb128 0x2
 179 025a 53746174 		.string	"StatusType"
 179      75735479 
 179      706500
 180 0265 03       		.byte	0x3
 181 0266 28       		.byte	0x28
 182 0267 96010000 		.uaword	0x196
 183 026b 04       		.uleb128 0x4
 184 026c 08       		.byte	0x8
 185 026d 01       		.byte	0x1
 186 026e 7C       		.byte	0x7c
 187 026f AA020000 		.uaword	0x2aa
 188 0273 05       		.uleb128 0x5
 189 0274 436C6173 		.string	"Class"
 189      7300
GAS Infineon TriCore Little Endian C:\\Users\\user1\\AppData\\Local\\Temp\\rta_RTAOS_638388406317960277_1736001\\cccnAAOC.s 			page 5


 190 027a 01       		.byte	0x1
 191 027b 7D       		.byte	0x7d
 192 027c 89010000 		.uaword	0x189
 193 0280 02       		.byte	0x2
 194 0281 23       		.byte	0x23
 195 0282 00       		.uleb128 0
 196 0283 05       		.uleb128 0x5
 197 0284 54494E00 		.string	"TIN"
 198 0288 01       		.byte	0x1
 199 0289 7E       		.byte	0x7e
 200 028a 89010000 		.uaword	0x189
 201 028e 02       		.byte	0x2
 202 028f 23       		.byte	0x23
 203 0290 01       		.uleb128 0x1
 204 0291 05       		.uleb128 0x5
 205 0292 52657475 		.string	"ReturnAddress"
 205      726E4164 
 205      64726573 
 205      7300
 206 02a0 01       		.byte	0x1
 207 02a1 7F       		.byte	0x7f
 208 02a2 CB010000 		.uaword	0x1cb
 209 02a6 02       		.byte	0x2
 210 02a7 23       		.byte	0x23
 211 02a8 04       		.uleb128 0x4
 212 02a9 00       		.byte	0
 213 02aa 02       		.uleb128 0x2
 214 02ab 4F735472 		.string	"OsTrapInfoType"
 214      6170496E 
 214      666F5479 
 214      706500
 215 02ba 01       		.byte	0x1
 216 02bb 80       		.byte	0x80
 217 02bc 6B020000 		.uaword	0x26b
 218 02c0 02       		.uleb128 0x2
 219 02c1 75696E74 		.string	"uint32_aligned"
 219      33325F61 
 219      6C69676E 
 219      656400
 220 02d0 01       		.byte	0x1
 221 02d1 86       		.byte	0x86
 222 02d2 CB010000 		.uaword	0x1cb
 223 02d6 04       		.uleb128 0x4
 224 02d7 44       		.byte	0x44
 225 02d8 01       		.byte	0x1
 226 02d9 AB       		.byte	0xab
 227 02da EF020000 		.uaword	0x2ef
 228 02de 05       		.uleb128 0x5
 229 02df 73746F72 		.string	"store"
 229      6500
 230 02e5 01       		.byte	0x1
 231 02e6 AC       		.byte	0xac
 232 02e7 EF020000 		.uaword	0x2ef
 233 02eb 02       		.byte	0x2
 234 02ec 23       		.byte	0x23
 235 02ed 00       		.uleb128 0
 236 02ee 00       		.byte	0
GAS Infineon TriCore Little Endian C:\\Users\\user1\\AppData\\Local\\Temp\\rta_RTAOS_638388406317960277_1736001\\cccnAAOC.s 			page 6


 237 02ef 06       		.uleb128 0x6
 238 02f0 CB010000 		.uaword	0x1cb
 239 02f4 FF020000 		.uaword	0x2ff
 240 02f8 07       		.uleb128 0x7
 241 02f9 FF020000 		.uaword	0x2ff
 242 02fd 10       		.byte	0x10
 243 02fe 00       		.byte	0
 244 02ff 03       		.uleb128 0x3
 245 0300 04       		.byte	0x4
 246 0301 07       		.byte	0x7
 247 0302 73697A65 		.string	"sizetype"
 247      74797065 
 247      00
 248 030b 02       		.uleb128 0x2
 249 030c 4F735F4A 		.string	"Os_JumpBufType"
 249      756D7042 
 249      75665479 
 249      706500
 250 031b 01       		.byte	0x1
 251 031c AD       		.byte	0xad
 252 031d 21030000 		.uaword	0x321
 253 0321 06       		.uleb128 0x6
 254 0322 D6020000 		.uaword	0x2d6
 255 0326 31030000 		.uaword	0x331
 256 032a 07       		.uleb128 0x7
 257 032b FF020000 		.uaword	0x2ff
 258 032f 00       		.byte	0
 259 0330 00       		.byte	0
 260 0331 02       		.uleb128 0x2
 261 0332 4F735F52 		.string	"Os_ResourceCountType"
 261      65736F75 
 261      72636543 
 261      6F756E74 
 261      54797065 
 262 0347 01       		.byte	0x1
 263 0348 BE       		.byte	0xbe
 264 0349 96010000 		.uaword	0x196
 265 034d 02       		.uleb128 0x2
 266 034e 4F735F53 		.string	"Os_StackTraceType"
 266      7461636B 
 266      54726163 
 266      65547970 
 266      6500
 267 0360 01       		.byte	0x1
 268 0361 BF       		.byte	0xbf
 269 0362 D9010000 		.uaword	0x1d9
 270 0366 04       		.uleb128 0x4
 271 0367 08       		.byte	0x8
 272 0368 01       		.byte	0x1
 273 0369 C0       		.byte	0xc0
 274 036a 8A030000 		.uaword	0x38a
 275 036e 05       		.uleb128 0x5
 276 036f 737000   		.string	"sp"
 277 0372 01       		.byte	0x1
 278 0373 C0       		.byte	0xc0
 279 0374 4D030000 		.uaword	0x34d
 280 0378 02       		.byte	0x2
GAS Infineon TriCore Little Endian C:\\Users\\user1\\AppData\\Local\\Temp\\rta_RTAOS_638388406317960277_1736001\\cccnAAOC.s 			page 7


 281 0379 23       		.byte	0x23
 282 037a 00       		.uleb128 0
 283 037b 05       		.uleb128 0x5
 284 037c 63747800 		.string	"ctx"
 285 0380 01       		.byte	0x1
 286 0381 C0       		.byte	0xc0
 287 0382 4D030000 		.uaword	0x34d
 288 0386 02       		.byte	0x2
 289 0387 23       		.byte	0x23
 290 0388 04       		.uleb128 0x4
 291 0389 00       		.byte	0
 292 038a 02       		.uleb128 0x2
 293 038b 4F735F53 		.string	"Os_StackValueType"
 293      7461636B 
 293      56616C75 
 293      65547970 
 293      6500
 294 039d 01       		.byte	0x1
 295 039e C0       		.byte	0xc0
 296 039f 66030000 		.uaword	0x366
 297 03a3 02       		.uleb128 0x2
 298 03a4 4F735F53 		.string	"Os_StackSizeType"
 298      7461636B 
 298      53697A65 
 298      54797065 
 298      00
 299 03b5 01       		.byte	0x1
 300 03b6 C1       		.byte	0xc1
 301 03b7 8A030000 		.uaword	0x38a
 302 03bb 02       		.uleb128 0x2
 303 03bc 4F735F56 		.string	"Os_VoidVoidFunctionType"
 303      6F696456 
 303      6F696446 
 303      756E6374 
 303      696F6E54 
 304 03d4 01       		.byte	0x1
 305 03d5 C7       		.byte	0xc7
 306 03d6 DA030000 		.uaword	0x3da
 307 03da 08       		.uleb128 0x8
 308 03db 04       		.byte	0x4
 309 03dc E0030000 		.uaword	0x3e0
 310 03e0 09       		.uleb128 0x9
 311 03e1 01       		.byte	0x1
 312 03e2 02       		.uleb128 0x2
 313 03e3 4170706C 		.string	"ApplicationType"
 313      69636174 
 313      696F6E54 
 313      79706500 
 314 03f3 01       		.byte	0x1
 315 03f4 D5       		.byte	0xd5
 316 03f5 96010000 		.uaword	0x196
 317 03f9 02       		.uleb128 0x2
 318 03fa 4F735F74 		.string	"Os_tmaskType"
 318      6D61736B 
 318      54797065 
 318      00
 319 0407 01       		.byte	0x1
GAS Infineon TriCore Little Endian C:\\Users\\user1\\AppData\\Local\\Temp\\rta_RTAOS_638388406317960277_1736001\\cccnAAOC.s 			page 8


 320 0408 D9       		.byte	0xd9
 321 0409 CB010000 		.uaword	0x1cb
 322 040d 02       		.uleb128 0x2
 323 040e 4F735F43 		.string	"Os_CoreStateType"
 323      6F726553 
 323      74617465 
 323      54797065 
 323      00
 324 041f 01       		.byte	0x1
 325 0420 E7       		.byte	0xe7
 326 0421 CB010000 		.uaword	0x1cb
 327 0425 02       		.uleb128 0x2
 328 0426 4F735F53 		.string	"Os_StopwatchTickType"
 328      746F7077 
 328      61746368 
 328      5469636B 
 328      54797065 
 329 043b 01       		.byte	0x1
 330 043c FD       		.byte	0xfd
 331 043d D9010000 		.uaword	0x1d9
 332 0441 0A       		.uleb128 0xa
 333 0442 4F735F54 		.string	"Os_TerminatorType"
 333      65726D69 
 333      6E61746F 
 333      72547970 
 333      6500
 334 0454 01       		.byte	0x1
 335 0455 0201     		.uahalf	0x102
 336 0457 5B040000 		.uaword	0x45b
 337 045b 08       		.uleb128 0x8
 338 045c 04       		.byte	0x4
 339 045d 0B030000 		.uaword	0x30b
 340 0461 0A       		.uleb128 0xa
 341 0462 4F735F4C 		.string	"Os_Lockable"
 341      6F636B61 
 341      626C6500 
 342 046e 01       		.byte	0x1
 343 046f 0701     		.uahalf	0x107
 344 0471 C0020000 		.uaword	0x2c0
 345 0475 0A       		.uleb128 0xa
 346 0476 436F7265 		.string	"CoreIdType"
 346      49645479 
 346      706500
 347 0481 01       		.byte	0x1
 348 0482 0901     		.uahalf	0x109
 349 0484 A7010000 		.uaword	0x1a7
 350 0488 0B       		.uleb128 0xb
 351 0489 61040000 		.uaword	0x461
 352 048d 0C       		.uleb128 0xc
 353 048e 4F735F43 		.string	"Os_ControlledCoreType_s"
 353      6F6E7472 
 353      6F6C6C65 
 353      64436F72 
 353      65547970 
 354 04a6 58       		.byte	0x58
 355 04a7 01       		.byte	0x1
 356 04a8 1004     		.uahalf	0x410
GAS Infineon TriCore Little Endian C:\\Users\\user1\\AppData\\Local\\Temp\\rta_RTAOS_638388406317960277_1736001\\cccnAAOC.s 			page 9


 357 04aa 8B060000 		.uaword	0x68b
 358 04ae 0D       		.uleb128 0xd
 359 04af 54726170 		.string	"TrapInfo"
 359      496E666F 
 359      00
 360 04b8 01       		.byte	0x1
 361 04b9 1104     		.uahalf	0x411
 362 04bb AA020000 		.uaword	0x2aa
 363 04bf 02       		.byte	0x2
 364 04c0 23       		.byte	0x23
 365 04c1 00       		.uleb128 0
 366 04c2 0D       		.uleb128 0xd
 367 04c3 4572726F 		.string	"ErrorInformation"
 367      72496E66 
 367      6F726D61 
 367      74696F6E 
 367      00
 368 04d4 01       		.byte	0x1
 369 04d5 1204     		.uahalf	0x412
 370 04d7 1E0D0000 		.uaword	0xd1e
 371 04db 02       		.byte	0x2
 372 04dc 23       		.byte	0x23
 373 04dd 08       		.uleb128 0x8
 374 04de 0D       		.uleb128 0xd
 375 04df 6C6F636B 		.string	"lock_taskaccess"
 375      5F746173 
 375      6B616363 
 375      65737300 
 376 04ef 01       		.byte	0x1
 377 04f0 1304     		.uahalf	0x413
 378 04f2 88040000 		.uaword	0x488
 379 04f6 02       		.byte	0x2
 380 04f7 23       		.byte	0x23
 381 04f8 18       		.uleb128 0x18
 382 04f9 0D       		.uleb128 0xd
 383 04fa 52656164 		.string	"ReadyTasks"
 383      79546173 
 383      6B7300
 384 0505 01       		.byte	0x1
 385 0506 1404     		.uahalf	0x414
 386 0508 540D0000 		.uaword	0xd54
 387 050c 02       		.byte	0x2
 388 050d 23       		.byte	0x23
 389 050e 1C       		.uleb128 0x1c
 390 050f 0D       		.uleb128 0xd
 391 0510 52756E6E 		.string	"RunningISR"
 391      696E6749 
 391      535200
 392 051b 01       		.byte	0x1
 393 051c 1504     		.uahalf	0x415
 394 051e 590D0000 		.uaword	0xd59
 395 0522 02       		.byte	0x2
 396 0523 23       		.byte	0x23
 397 0524 20       		.uleb128 0x20
 398 0525 0D       		.uleb128 0xd
 399 0526 52756E6E 		.string	"RunningTask"
 399      696E6754 
GAS Infineon TriCore Little Endian C:\\Users\\user1\\AppData\\Local\\Temp\\rta_RTAOS_638388406317960277_1736001\\cccnAAOC.s 			page 10


 399      61736B00 
 400 0532 01       		.byte	0x1
 401 0533 1604     		.uahalf	0x416
 402 0535 5E0D0000 		.uaword	0xd5e
 403 0539 02       		.byte	0x2
 404 053a 23       		.byte	0x23
 405 053b 24       		.uleb128 0x24
 406 053c 0D       		.uleb128 0xd
 407 053d 52756E6E 		.string	"RunningTPMask"
 407      696E6754 
 407      504D6173 
 407      6B00
 408 054b 01       		.byte	0x1
 409 054c 1704     		.uahalf	0x417
 410 054e 630D0000 		.uaword	0xd63
 411 0552 02       		.byte	0x2
 412 0553 23       		.byte	0x23
 413 0554 28       		.uleb128 0x28
 414 0555 0D       		.uleb128 0xd
 415 0556 5465726D 		.string	"TerminatingTasks"
 415      696E6174 
 415      696E6754 
 415      61736B73 
 415      00
 416 0567 01       		.byte	0x1
 417 0568 1804     		.uahalf	0x418
 418 056a 540D0000 		.uaword	0xd54
 419 056e 02       		.byte	0x2
 420 056f 23       		.byte	0x23
 421 0570 2C       		.uleb128 0x2c
 422 0571 0D       		.uleb128 0xd
 423 0572 4170706C 		.string	"Application"
 423      69636174 
 423      696F6E00 
 424 057e 01       		.byte	0x1
 425 057f 1904     		.uahalf	0x419
 426 0581 E2030000 		.uaword	0x3e2
 427 0585 02       		.byte	0x2
 428 0586 23       		.byte	0x23
 429 0587 30       		.uleb128 0x30
 430 0588 0D       		.uleb128 0xd
 431 0589 43757272 		.string	"CurrentTerminator"
 431      656E7454 
 431      65726D69 
 431      6E61746F 
 431      7200
 432 059b 01       		.byte	0x1
 433 059c 1A04     		.uahalf	0x41a
 434 059e 680D0000 		.uaword	0xd68
 435 05a2 02       		.byte	0x2
 436 05a3 23       		.byte	0x23
 437 05a4 34       		.uleb128 0x34
 438 05a5 0D       		.uleb128 0xd
 439 05a6 43757272 		.string	"CurrentMeteredObject"
 439      656E744D 
 439      65746572 
 439      65644F62 
GAS Infineon TriCore Little Endian C:\\Users\\user1\\AppData\\Local\\Temp\\rta_RTAOS_638388406317960277_1736001\\cccnAAOC.s 			page 11


 439      6A656374 
 440 05bb 01       		.byte	0x1
 441 05bc 1B04     		.uahalf	0x41b
 442 05be F7060000 		.uaword	0x6f7
 443 05c2 02       		.byte	0x2
 444 05c3 23       		.byte	0x23
 445 05c4 38       		.uleb128 0x38
 446 05c5 0D       		.uleb128 0xd
 447 05c6 49646C65 		.string	"IdleMeter"
 447      4D657465 
 447      7200
 448 05d0 01       		.byte	0x1
 449 05d1 1C04     		.uahalf	0x41c
 450 05d3 DE060000 		.uaword	0x6de
 451 05d7 02       		.byte	0x2
 452 05d8 23       		.byte	0x23
 453 05d9 3C       		.uleb128 0x3c
 454 05da 0D       		.uleb128 0xd
 455 05db 41707041 		.string	"AppAccess"
 455      63636573 
 455      7300
 456 05e5 01       		.byte	0x1
 457 05e6 1D04     		.uahalf	0x41d
 458 05e8 89010000 		.uaword	0x189
 459 05ec 02       		.byte	0x2
 460 05ed 23       		.byte	0x23
 461 05ee 48       		.uleb128 0x48
 462 05ef 0D       		.uleb128 0xd
 463 05f0 4170704F 		.string	"AppOverride"
 463      76657272 
 463      69646500 
 464 05fc 01       		.byte	0x1
 465 05fd 1E04     		.uahalf	0x41e
 466 05ff 6D0D0000 		.uaword	0xd6d
 467 0603 02       		.byte	0x2
 468 0604 23       		.byte	0x23
 469 0605 49       		.uleb128 0x49
 470 0606 0D       		.uleb128 0xd
 471 0607 47657453 		.string	"GetStackValueAdjust"
 471      7461636B 
 471      56616C75 
 471      6541646A 
 471      75737400 
 472 061b 01       		.byte	0x1
 473 061c 1F04     		.uahalf	0x41f
 474 061e A3030000 		.uaword	0x3a3
 475 0622 02       		.byte	0x2
 476 0623 23       		.byte	0x23
 477 0624 4C       		.uleb128 0x4c
 478 0625 0D       		.uleb128 0xd
 479 0626 496E4572 		.string	"InErrorHook"
 479      726F7248 
 479      6F6F6B00 
 480 0632 01       		.byte	0x1
 481 0633 2004     		.uahalf	0x420
 482 0635 4A020000 		.uaword	0x24a
 483 0639 02       		.byte	0x2
GAS Infineon TriCore Little Endian C:\\Users\\user1\\AppData\\Local\\Temp\\rta_RTAOS_638388406317960277_1736001\\cccnAAOC.s 			page 12


 484 063a 23       		.byte	0x23
 485 063b 54       		.uleb128 0x54
 486 063c 0D       		.uleb128 0xd
 487 063d 496E5072 		.string	"InProtectionHook"
 487      6F746563 
 487      74696F6E 
 487      486F6F6B 
 487      00
 488 064e 01       		.byte	0x1
 489 064f 2104     		.uahalf	0x421
 490 0651 4A020000 		.uaword	0x24a
 491 0655 02       		.byte	0x2
 492 0656 23       		.byte	0x23
 493 0657 55       		.uleb128 0x55
 494 0658 0D       		.uleb128 0xd
 495 0659 436F7265 		.string	"CoreIsActive"
 495      49734163 
 495      74697665 
 495      00
 496 0666 01       		.byte	0x1
 497 0667 2204     		.uahalf	0x422
 498 0669 4A020000 		.uaword	0x24a
 499 066d 02       		.byte	0x2
 500 066e 23       		.byte	0x23
 501 066f 56       		.uleb128 0x56
 502 0670 0D       		.uleb128 0xd
 503 0671 496E5368 		.string	"InShutdownHook"
 503      7574646F 
 503      776E486F 
 503      6F6B00
 504 0680 01       		.byte	0x1
 505 0681 2304     		.uahalf	0x423
 506 0683 4A020000 		.uaword	0x24a
 507 0687 02       		.byte	0x2
 508 0688 23       		.byte	0x23
 509 0689 57       		.uleb128 0x57
 510 068a 00       		.byte	0
 511 068b 0C       		.uleb128 0xc
 512 068c 4F735F4D 		.string	"Os_MeterInfoType_s"
 512      65746572 
 512      496E666F 
 512      54797065 
 512      5F7300
 513 069f 0C       		.byte	0xc
 514 06a0 01       		.byte	0x1
 515 06a1 7201     		.uahalf	0x172
 516 06a3 DE060000 		.uaword	0x6de
 517 06a7 0D       		.uleb128 0xd
 518 06a8 656C6170 		.string	"elapsed"
 518      73656400 
 519 06b0 01       		.byte	0x1
 520 06b1 7301     		.uahalf	0x173
 521 06b3 25040000 		.uaword	0x425
 522 06b7 02       		.byte	0x2
 523 06b8 23       		.byte	0x23
 524 06b9 00       		.uleb128 0
 525 06ba 0D       		.uleb128 0xd
GAS Infineon TriCore Little Endian C:\\Users\\user1\\AppData\\Local\\Temp\\rta_RTAOS_638388406317960277_1736001\\cccnAAOC.s 			page 13


 526 06bb 70726576 		.string	"previous"
 526      696F7573 
 526      00
 527 06c4 01       		.byte	0x1
 528 06c5 7401     		.uahalf	0x174
 529 06c7 25040000 		.uaword	0x425
 530 06cb 02       		.byte	0x2
 531 06cc 23       		.byte	0x23
 532 06cd 04       		.uleb128 0x4
 533 06ce 0D       		.uleb128 0xd
 534 06cf 6D617800 		.string	"max"
 535 06d3 01       		.byte	0x1
 536 06d4 7501     		.uahalf	0x175
 537 06d6 25040000 		.uaword	0x425
 538 06da 02       		.byte	0x2
 539 06db 23       		.byte	0x23
 540 06dc 08       		.uleb128 0x8
 541 06dd 00       		.byte	0
 542 06de 0A       		.uleb128 0xa
 543 06df 4F735F4D 		.string	"Os_MeterInfoType"
 543      65746572 
 543      496E666F 
 543      54797065 
 543      00
 544 06f0 01       		.byte	0x1
 545 06f1 7601     		.uahalf	0x176
 546 06f3 8B060000 		.uaword	0x68b
 547 06f7 0A       		.uleb128 0xa
 548 06f8 4F735F4D 		.string	"Os_MeterInfoRefType"
 548      65746572 
 548      496E666F 
 548      52656654 
 548      79706500 
 549 070c 01       		.byte	0x1
 550 070d 7701     		.uahalf	0x177
 551 070f 13070000 		.uaword	0x713
 552 0713 08       		.uleb128 0x8
 553 0714 04       		.byte	0x4
 554 0715 DE060000 		.uaword	0x6de
 555 0719 0A       		.uleb128 0xa
 556 071a 4F735F69 		.string	"Os_imaskType"
 556      6D61736B 
 556      54797065 
 556      00
 557 0727 01       		.byte	0x1
 558 0728 7F01     		.uahalf	0x17f
 559 072a CB010000 		.uaword	0x1cb
 560 072e 0C       		.uleb128 0xc
 561 072f 4F735F49 		.string	"Os_ISRDynType_s"
 561      53524479 
 561      6E547970 
 561      655F7300 
 562 073f 10       		.byte	0x10
 563 0740 01       		.byte	0x1
 564 0741 8101     		.uahalf	0x181
 565 0743 7F070000 		.uaword	0x77f
 566 0747 0E       		.uleb128 0xe
GAS Infineon TriCore Little Endian C:\\Users\\user1\\AppData\\Local\\Temp\\rta_RTAOS_638388406317960277_1736001\\cccnAAOC.s 			page 14


 567 0748 00000000 		.uaword	.LASF0
 568 074c 01       		.byte	0x1
 569 074d 8201     		.uahalf	0x182
 570 074f 31030000 		.uaword	0x331
 571 0753 02       		.byte	0x2
 572 0754 23       		.byte	0x23
 573 0755 00       		.uleb128 0
 574 0756 0D       		.uleb128 0xd
 575 0757 7465726D 		.string	"terminating"
 575      696E6174 
 575      696E6700 
 576 0763 01       		.byte	0x1
 577 0764 8301     		.uahalf	0x183
 578 0766 4A020000 		.uaword	0x24a
 579 076a 02       		.byte	0x2
 580 076b 23       		.byte	0x23
 581 076c 01       		.uleb128 0x1
 582 076d 0D       		.uleb128 0xd
 583 076e 6D657465 		.string	"meter"
 583      7200
 584 0774 01       		.byte	0x1
 585 0775 8401     		.uahalf	0x184
 586 0777 DE060000 		.uaword	0x6de
 587 077b 02       		.byte	0x2
 588 077c 23       		.byte	0x23
 589 077d 04       		.uleb128 0x4
 590 077e 00       		.byte	0
 591 077f 0A       		.uleb128 0xa
 592 0780 4F735F49 		.string	"Os_ISRDynType"
 592      53524479 
 592      6E547970 
 592      6500
 593 078e 01       		.byte	0x1
 594 078f 8501     		.uahalf	0x185
 595 0791 2E070000 		.uaword	0x72e
 596 0795 0A       		.uleb128 0xa
 597 0796 4F735F49 		.string	"Os_IsrTerminatedFunctionType"
 597      73725465 
 597      726D696E 
 597      61746564 
 597      46756E63 
 598 07b3 01       		.byte	0x1
 599 07b4 8601     		.uahalf	0x186
 600 07b6 DA030000 		.uaword	0x3da
 601 07ba 0C       		.uleb128 0xc
 602 07bb 4F735F49 		.string	"Os_ISRType_s"
 602      53525479 
 602      70655F73 
 602      00
 603 07c8 18       		.byte	0x18
 604 07c9 01       		.byte	0x1
 605 07ca 8701     		.uahalf	0x187
 606 07cc 4E080000 		.uaword	0x84e
 607 07d0 0E       		.uleb128 0xe
 608 07d1 00000000 		.uaword	.LASF1
 609 07d5 01       		.byte	0x1
 610 07d6 8801     		.uahalf	0x188
GAS Infineon TriCore Little Endian C:\\Users\\user1\\AppData\\Local\\Temp\\rta_RTAOS_638388406317960277_1736001\\cccnAAOC.s 			page 15


 611 07d8 BB030000 		.uaword	0x3bb
 612 07dc 02       		.byte	0x2
 613 07dd 23       		.byte	0x23
 614 07de 00       		.uleb128 0
 615 07df 0D       		.uleb128 0xd
 616 07e0 7465726D 		.string	"terminated_function"
 616      696E6174 
 616      65645F66 
 616      756E6374 
 616      696F6E00 
 617 07f4 01       		.byte	0x1
 618 07f5 8901     		.uahalf	0x189
 619 07f7 95070000 		.uaword	0x795
 620 07fb 02       		.byte	0x2
 621 07fc 23       		.byte	0x23
 622 07fd 04       		.uleb128 0x4
 623 07fe 0E       		.uleb128 0xe
 624 07ff 00000000 		.uaword	.LASF2
 625 0803 01       		.byte	0x1
 626 0804 8A01     		.uahalf	0x18a
 627 0806 4E080000 		.uaword	0x84e
 628 080a 02       		.byte	0x2
 629 080b 23       		.byte	0x23
 630 080c 08       		.uleb128 0x8
 631 080d 0D       		.uleb128 0xd
 632 080e 696D6173 		.string	"imask"
 632      6B00
 633 0814 01       		.byte	0x1
 634 0815 8B01     		.uahalf	0x18b
 635 0817 19070000 		.uaword	0x719
 636 081b 02       		.byte	0x2
 637 081c 23       		.byte	0x23
 638 081d 0C       		.uleb128 0xc
 639 081e 0D       		.uleb128 0xd
 640 081f 696E6465 		.string	"index"
 640      7800
 641 0825 01       		.byte	0x1
 642 0826 8C01     		.uahalf	0x18c
 643 0828 CB010000 		.uaword	0x1cb
 644 082c 02       		.byte	0x2
 645 082d 23       		.byte	0x23
 646 082e 10       		.uleb128 0x10
 647 082f 0E       		.uleb128 0xe
 648 0830 00000000 		.uaword	.LASF3
 649 0834 01       		.byte	0x1
 650 0835 8D01     		.uahalf	0x18d
 651 0837 89010000 		.uaword	0x189
 652 083b 02       		.byte	0x2
 653 083c 23       		.byte	0x23
 654 083d 14       		.uleb128 0x14
 655 083e 0E       		.uleb128 0xe
 656 083f 00000000 		.uaword	.LASF4
 657 0843 01       		.byte	0x1
 658 0844 8E01     		.uahalf	0x18e
 659 0846 E2030000 		.uaword	0x3e2
 660 084a 02       		.byte	0x2
 661 084b 23       		.byte	0x23
GAS Infineon TriCore Little Endian C:\\Users\\user1\\AppData\\Local\\Temp\\rta_RTAOS_638388406317960277_1736001\\cccnAAOC.s 			page 16


 662 084c 15       		.uleb128 0x15
 663 084d 00       		.byte	0
 664 084e 0F       		.uleb128 0xf
 665 084f 53080000 		.uaword	0x853
 666 0853 08       		.uleb128 0x8
 667 0854 04       		.byte	0x4
 668 0855 7F070000 		.uaword	0x77f
 669 0859 0A       		.uleb128 0xa
 670 085a 4F735F49 		.string	"Os_ISRType"
 670      53525479 
 670      706500
 671 0865 01       		.byte	0x1
 672 0866 8F01     		.uahalf	0x18f
 673 0868 BA070000 		.uaword	0x7ba
 674 086c 0A       		.uleb128 0xa
 675 086d 49535254 		.string	"ISRType"
 675      79706500 
 676 0875 01       		.byte	0x1
 677 0876 9001     		.uahalf	0x190
 678 0878 7C080000 		.uaword	0x87c
 679 087c 08       		.uleb128 0x8
 680 087d 04       		.byte	0x4
 681 087e 82080000 		.uaword	0x882
 682 0882 0F       		.uleb128 0xf
 683 0883 59080000 		.uaword	0x859
 684 0887 0A       		.uleb128 0xa
 685 0888 4F735F62 		.string	"Os_bitmask"
 685      69746D61 
 685      736B00
 686 0893 01       		.byte	0x1
 687 0894 A201     		.uahalf	0x1a2
 688 0896 D9010000 		.uaword	0x1d9
 689 089a 0A       		.uleb128 0xa
 690 089b 4F735F70 		.string	"Os_pset0Type"
 690      73657430 
 690      54797065 
 690      00
 691 08a8 01       		.byte	0x1
 692 08a9 A301     		.uahalf	0x1a3
 693 08ab 87080000 		.uaword	0x887
 694 08af 0A       		.uleb128 0xa
 695 08b0 4F735F70 		.string	"Os_pset1Type"
 695      73657431 
 695      54797065 
 695      00
 696 08bd 01       		.byte	0x1
 697 08be A401     		.uahalf	0x1a4
 698 08c0 87080000 		.uaword	0x887
 699 08c4 0A       		.uleb128 0xa
 700 08c5 4F735F70 		.string	"Os_pset2Type"
 700      73657432 
 700      54797065 
 700      00
 701 08d2 01       		.byte	0x1
 702 08d3 A501     		.uahalf	0x1a5
 703 08d5 87080000 		.uaword	0x887
 704 08d9 10       		.uleb128 0x10
GAS Infineon TriCore Little Endian C:\\Users\\user1\\AppData\\Local\\Temp\\rta_RTAOS_638388406317960277_1736001\\cccnAAOC.s 			page 17


 705 08da 04       		.byte	0x4
 706 08db 01       		.byte	0x1
 707 08dc A601     		.uahalf	0x1a6
 708 08de 04090000 		.uaword	0x904
 709 08e2 11       		.uleb128 0x11
 710 08e3 703000   		.string	"p0"
 711 08e6 01       		.byte	0x1
 712 08e7 A701     		.uahalf	0x1a7
 713 08e9 9A080000 		.uaword	0x89a
 714 08ed 11       		.uleb128 0x11
 715 08ee 703100   		.string	"p1"
 716 08f1 01       		.byte	0x1
 717 08f2 A801     		.uahalf	0x1a8
 718 08f4 AF080000 		.uaword	0x8af
 719 08f8 11       		.uleb128 0x11
 720 08f9 703200   		.string	"p2"
 721 08fc 01       		.byte	0x1
 722 08fd A901     		.uahalf	0x1a9
 723 08ff C4080000 		.uaword	0x8c4
 724 0903 00       		.byte	0
 725 0904 0A       		.uleb128 0xa
 726 0905 4F735F70 		.string	"Os_psetType"
 726      73657454 
 726      79706500 
 727 0911 01       		.byte	0x1
 728 0912 AA01     		.uahalf	0x1aa
 729 0914 D9080000 		.uaword	0x8d9
 730 0918 10       		.uleb128 0x10
 731 0919 04       		.byte	0x4
 732 091a 01       		.byte	0x1
 733 091b AC01     		.uahalf	0x1ac
 734 091d 43090000 		.uaword	0x943
 735 0921 11       		.uleb128 0x11
 736 0922 743000   		.string	"t0"
 737 0925 01       		.byte	0x1
 738 0926 AD01     		.uahalf	0x1ad
 739 0928 87080000 		.uaword	0x887
 740 092c 11       		.uleb128 0x11
 741 092d 743100   		.string	"t1"
 742 0930 01       		.byte	0x1
 743 0931 AE01     		.uahalf	0x1ae
 744 0933 87080000 		.uaword	0x887
 745 0937 11       		.uleb128 0x11
 746 0938 743200   		.string	"t2"
 747 093b 01       		.byte	0x1
 748 093c AF01     		.uahalf	0x1af
 749 093e 87080000 		.uaword	0x887
 750 0942 00       		.byte	0
 751 0943 0A       		.uleb128 0xa
 752 0944 4F735F74 		.string	"Os_tpmaskType"
 752      706D6173 
 752      6B547970 
 752      6500
 753 0952 01       		.byte	0x1
 754 0953 B001     		.uahalf	0x1b0
 755 0955 18090000 		.uaword	0x918
 756 0959 0A       		.uleb128 0xa
GAS Infineon TriCore Little Endian C:\\Users\\user1\\AppData\\Local\\Temp\\rta_RTAOS_638388406317960277_1736001\\cccnAAOC.s 			page 18


 757 095a 4F735F41 		.string	"Os_ActivationCountType"
 757      63746976 
 757      6174696F 
 757      6E436F75 
 757      6E745479 
 758 0971 01       		.byte	0x1
 759 0972 B101     		.uahalf	0x1b1
 760 0974 96010000 		.uaword	0x196
 761 0978 0C       		.uleb128 0xc
 762 0979 4F735F54 		.string	"Os_TaskDynType_s"
 762      61736B44 
 762      796E5479 
 762      70655F73 
 762      00
 763 098a 5C       		.byte	0x5c
 764 098b 01       		.byte	0x1
 765 098c B301     		.uahalf	0x1b3
 766 098e 330A0000 		.uaword	0xa33
 767 0992 0D       		.uleb128 0xd
 768 0993 6C617374 		.string	"last_activation"
 768      5F616374 
 768      69766174 
 768      696F6E00 
 769 09a3 01       		.byte	0x1
 770 09a4 B401     		.uahalf	0x1b4
 771 09a6 25040000 		.uaword	0x425
 772 09aa 02       		.byte	0x2
 773 09ab 23       		.byte	0x23
 774 09ac 00       		.uleb128 0
 775 09ad 0D       		.uleb128 0xd
 776 09ae 7465726D 		.string	"terminate_jump_buf"
 776      696E6174 
 776      655F6A75 
 776      6D705F62 
 776      756600
 777 09c1 01       		.byte	0x1
 778 09c2 B501     		.uahalf	0x1b5
 779 09c4 0B030000 		.uaword	0x30b
 780 09c8 02       		.byte	0x2
 781 09c9 23       		.byte	0x23
 782 09ca 04       		.uleb128 0x4
 783 09cb 0D       		.uleb128 0xd
 784 09cc 6D657465 		.string	"meter"
 784      7200
 785 09d2 01       		.byte	0x1
 786 09d3 B601     		.uahalf	0x1b6
 787 09d5 DE060000 		.uaword	0x6de
 788 09d9 02       		.byte	0x2
 789 09da 23       		.byte	0x23
 790 09db 48       		.uleb128 0x48
 791 09dc 0D       		.uleb128 0xd
 792 09dd 7365656E 		.string	"seen_activation"
 792      5F616374 
 792      69766174 
 792      696F6E00 
 793 09ed 01       		.byte	0x1
 794 09ee B701     		.uahalf	0x1b7
GAS Infineon TriCore Little Endian C:\\Users\\user1\\AppData\\Local\\Temp\\rta_RTAOS_638388406317960277_1736001\\cccnAAOC.s 			page 19


 795 09f0 4A020000 		.uaword	0x24a
 796 09f4 02       		.byte	0x2
 797 09f5 23       		.byte	0x23
 798 09f6 54       		.uleb128 0x54
 799 09f7 0E       		.uleb128 0xe
 800 09f8 00000000 		.uaword	.LASF5
 801 09fc 01       		.byte	0x1
 802 09fd B801     		.uahalf	0x1b8
 803 09ff 59090000 		.uaword	0x959
 804 0a03 02       		.byte	0x2
 805 0a04 23       		.byte	0x23
 806 0a05 55       		.uleb128 0x55
 807 0a06 0E       		.uleb128 0xe
 808 0a07 00000000 		.uaword	.LASF0
 809 0a0b 01       		.byte	0x1
 810 0a0c B901     		.uahalf	0x1b9
 811 0a0e 31030000 		.uaword	0x331
 812 0a12 02       		.byte	0x2
 813 0a13 23       		.byte	0x23
 814 0a14 56       		.uleb128 0x56
 815 0a15 0D       		.uleb128 0xd
 816 0a16 7465726D 		.string	"termination_state"
 816      696E6174 
 816      696F6E5F 
 816      73746174 
 816      6500
 817 0a28 01       		.byte	0x1
 818 0a29 BA01     		.uahalf	0x1ba
 819 0a2b CB010000 		.uaword	0x1cb
 820 0a2f 02       		.byte	0x2
 821 0a30 23       		.byte	0x23
 822 0a31 58       		.uleb128 0x58
 823 0a32 00       		.byte	0
 824 0a33 0A       		.uleb128 0xa
 825 0a34 4F735F54 		.string	"Os_TaskDynType"
 825      61736B44 
 825      796E5479 
 825      706500
 826 0a43 01       		.byte	0x1
 827 0a44 BB01     		.uahalf	0x1bb
 828 0a46 78090000 		.uaword	0x978
 829 0a4a 0C       		.uleb128 0xc
 830 0a4b 4F735F54 		.string	"Os_TaskType_s"
 830      61736B54 
 830      7970655F 
 830      7300
 831 0a59 20       		.byte	0x20
 832 0a5a 01       		.byte	0x1
 833 0a5b BD01     		.uahalf	0x1bd
 834 0a5d 070B0000 		.uaword	0xb07
 835 0a61 0E       		.uleb128 0xe
 836 0a62 00000000 		.uaword	.LASF2
 837 0a66 01       		.byte	0x1
 838 0a67 BE01     		.uahalf	0x1be
 839 0a69 070B0000 		.uaword	0xb07
 840 0a6d 02       		.byte	0x2
 841 0a6e 23       		.byte	0x23
GAS Infineon TriCore Little Endian C:\\Users\\user1\\AppData\\Local\\Temp\\rta_RTAOS_638388406317960277_1736001\\cccnAAOC.s 			page 20


 842 0a6f 00       		.uleb128 0
 843 0a70 0E       		.uleb128 0xe
 844 0a71 00000000 		.uaword	.LASF1
 845 0a75 01       		.byte	0x1
 846 0a76 BF01     		.uahalf	0x1bf
 847 0a78 BB030000 		.uaword	0x3bb
 848 0a7c 02       		.byte	0x2
 849 0a7d 23       		.byte	0x23
 850 0a7e 04       		.uleb128 0x4
 851 0a7f 0D       		.uleb128 0xd
 852 0a80 70736574 		.string	"pset"
 852      00
 853 0a85 01       		.byte	0x1
 854 0a86 C001     		.uahalf	0x1c0
 855 0a88 04090000 		.uaword	0x904
 856 0a8c 02       		.byte	0x2
 857 0a8d 23       		.byte	0x23
 858 0a8e 08       		.uleb128 0x8
 859 0a8f 0D       		.uleb128 0xd
 860 0a90 62617365 		.string	"base_tpmask"
 860      5F74706D 
 860      61736B00 
 861 0a9c 01       		.byte	0x1
 862 0a9d C101     		.uahalf	0x1c1
 863 0a9f 43090000 		.uaword	0x943
 864 0aa3 02       		.byte	0x2
 865 0aa4 23       		.byte	0x23
 866 0aa5 0C       		.uleb128 0xc
 867 0aa6 0E       		.uleb128 0xe
 868 0aa7 00000000 		.uaword	.LASF6
 869 0aab 01       		.byte	0x1
 870 0aac C201     		.uahalf	0x1c2
 871 0aae 43090000 		.uaword	0x943
 872 0ab2 02       		.byte	0x2
 873 0ab3 23       		.byte	0x23
 874 0ab4 10       		.uleb128 0x10
 875 0ab5 0D       		.uleb128 0xd
 876 0ab6 636F7265 		.string	"core_id"
 876      5F696400 
 877 0abe 01       		.byte	0x1
 878 0abf C301     		.uahalf	0x1c3
 879 0ac1 75040000 		.uaword	0x475
 880 0ac5 02       		.byte	0x2
 881 0ac6 23       		.byte	0x23
 882 0ac7 14       		.uleb128 0x14
 883 0ac8 0D       		.uleb128 0xd
 884 0ac9 696E6465 		.string	"index"
 884      7800
 885 0acf 01       		.byte	0x1
 886 0ad0 C401     		.uahalf	0x1c4
 887 0ad2 CB010000 		.uaword	0x1cb
 888 0ad6 02       		.byte	0x2
 889 0ad7 23       		.byte	0x23
 890 0ad8 18       		.uleb128 0x18
 891 0ad9 0E       		.uleb128 0xe
 892 0ada 00000000 		.uaword	.LASF5
 893 0ade 01       		.byte	0x1
GAS Infineon TriCore Little Endian C:\\Users\\user1\\AppData\\Local\\Temp\\rta_RTAOS_638388406317960277_1736001\\cccnAAOC.s 			page 21


 894 0adf C501     		.uahalf	0x1c5
 895 0ae1 59090000 		.uaword	0x959
 896 0ae5 02       		.byte	0x2
 897 0ae6 23       		.byte	0x23
 898 0ae7 1C       		.uleb128 0x1c
 899 0ae8 0E       		.uleb128 0xe
 900 0ae9 00000000 		.uaword	.LASF3
 901 0aed 01       		.byte	0x1
 902 0aee C601     		.uahalf	0x1c6
 903 0af0 89010000 		.uaword	0x189
 904 0af4 02       		.byte	0x2
 905 0af5 23       		.byte	0x23
 906 0af6 1D       		.uleb128 0x1d
 907 0af7 0E       		.uleb128 0xe
 908 0af8 00000000 		.uaword	.LASF4
 909 0afc 01       		.byte	0x1
 910 0afd C701     		.uahalf	0x1c7
 911 0aff E2030000 		.uaword	0x3e2
 912 0b03 02       		.byte	0x2
 913 0b04 23       		.byte	0x23
 914 0b05 1E       		.uleb128 0x1e
 915 0b06 00       		.byte	0
 916 0b07 0F       		.uleb128 0xf
 917 0b08 0C0B0000 		.uaword	0xb0c
 918 0b0c 08       		.uleb128 0x8
 919 0b0d 04       		.byte	0x4
 920 0b0e 330A0000 		.uaword	0xa33
 921 0b12 0A       		.uleb128 0xa
 922 0b13 4F735F54 		.string	"Os_TaskType"
 922      61736B54 
 922      79706500 
 923 0b1f 01       		.byte	0x1
 924 0b20 C801     		.uahalf	0x1c8
 925 0b22 4A0A0000 		.uaword	0xa4a
 926 0b26 0A       		.uleb128 0xa
 927 0b27 5461736B 		.string	"TaskType"
 927      54797065 
 927      00
 928 0b30 01       		.byte	0x1
 929 0b31 C901     		.uahalf	0x1c9
 930 0b33 370B0000 		.uaword	0xb37
 931 0b37 08       		.uleb128 0x8
 932 0b38 04       		.byte	0x4
 933 0b39 3D0B0000 		.uaword	0xb3d
 934 0b3d 0F       		.uleb128 0xf
 935 0b3e 120B0000 		.uaword	0xb12
 936 0b42 10       		.uleb128 0x10
 937 0b43 04       		.byte	0x4
 938 0b44 01       		.byte	0x1
 939 0b45 E101     		.uahalf	0x1e1
 940 0b47 660B0000 		.uaword	0xb66
 941 0b4b 12       		.uleb128 0x12
 942 0b4c 00000000 		.uaword	.LASF6
 943 0b50 01       		.byte	0x1
 944 0b51 E201     		.uahalf	0x1e2
 945 0b53 43090000 		.uaword	0x943
 946 0b57 11       		.uleb128 0x11
GAS Infineon TriCore Little Endian C:\\Users\\user1\\AppData\\Local\\Temp\\rta_RTAOS_638388406317960277_1736001\\cccnAAOC.s 			page 22


 947 0b58 696D6173 		.string	"imask"
 947      6B00
 948 0b5e 01       		.byte	0x1
 949 0b5f E301     		.uahalf	0x1e3
 950 0b61 19070000 		.uaword	0x719
 951 0b65 00       		.byte	0
 952 0b66 0C       		.uleb128 0xc
 953 0b67 4F735F52 		.string	"Os_ResourceDynType_s"
 953      65736F75 
 953      72636544 
 953      796E5479 
 953      70655F73 
 954 0b7c 0C       		.byte	0xc
 955 0b7d 01       		.byte	0x1
 956 0b7e DE01     		.uahalf	0x1de
 957 0b80 C90B0000 		.uaword	0xbc9
 958 0b84 0D       		.uleb128 0xd
 959 0b85 61636365 		.string	"access_count"
 959      73735F63 
 959      6F756E74 
 959      00
 960 0b92 01       		.byte	0x1
 961 0b93 DF01     		.uahalf	0x1df
 962 0b95 31030000 		.uaword	0x331
 963 0b99 02       		.byte	0x2
 964 0b9a 23       		.byte	0x23
 965 0b9b 00       		.uleb128 0
 966 0b9c 0D       		.uleb128 0xd
 967 0b9d 6C6F636B 		.string	"locker"
 967      657200
 968 0ba4 01       		.byte	0x1
 969 0ba5 E001     		.uahalf	0x1e0
 970 0ba7 260B0000 		.uaword	0xb26
 971 0bab 02       		.byte	0x2
 972 0bac 23       		.byte	0x23
 973 0bad 04       		.uleb128 0x4
 974 0bae 0D       		.uleb128 0xd
 975 0baf 73617665 		.string	"saved_priority"
 975      645F7072 
 975      696F7269 
 975      747900
 976 0bbe 01       		.byte	0x1
 977 0bbf E401     		.uahalf	0x1e4
 978 0bc1 420B0000 		.uaword	0xb42
 979 0bc5 02       		.byte	0x2
 980 0bc6 23       		.byte	0x23
 981 0bc7 08       		.uleb128 0x8
 982 0bc8 00       		.byte	0
 983 0bc9 0A       		.uleb128 0xa
 984 0bca 4F735F52 		.string	"Os_ResourceDynType"
 984      65736F75 
 984      72636544 
 984      796E5479 
 984      706500
 985 0bdd 01       		.byte	0x1
 986 0bde E501     		.uahalf	0x1e5
 987 0be0 660B0000 		.uaword	0xb66
GAS Infineon TriCore Little Endian C:\\Users\\user1\\AppData\\Local\\Temp\\rta_RTAOS_638388406317960277_1736001\\cccnAAOC.s 			page 23


 988 0be4 0C       		.uleb128 0xc
 989 0be5 4F735F52 		.string	"Os_ResourceType_s"
 989      65736F75 
 989      72636554 
 989      7970655F 
 989      7300
 990 0bf7 10       		.byte	0x10
 991 0bf8 01       		.byte	0x1
 992 0bf9 E601     		.uahalf	0x1e6
 993 0bfb 3E0C0000 		.uaword	0xc3e
 994 0bff 0E       		.uleb128 0xe
 995 0c00 00000000 		.uaword	.LASF2
 996 0c04 01       		.byte	0x1
 997 0c05 E701     		.uahalf	0x1e7
 998 0c07 3E0C0000 		.uaword	0xc3e
 999 0c0b 02       		.byte	0x2
 1000 0c0c 23       		.byte	0x23
 1001 0c0d 00       		.uleb128 0
 1002 0c0e 0E       		.uleb128 0xe
 1003 0c0f 00000000 		.uaword	.LASF6
 1004 0c13 01       		.byte	0x1
 1005 0c14 E801     		.uahalf	0x1e8
 1006 0c16 43090000 		.uaword	0x943
 1007 0c1a 02       		.byte	0x2
 1008 0c1b 23       		.byte	0x23
 1009 0c1c 04       		.uleb128 0x4
 1010 0c1d 0D       		.uleb128 0xd
 1011 0c1e 696D6173 		.string	"imask"
 1011      6B00
 1012 0c24 01       		.byte	0x1
 1013 0c25 E901     		.uahalf	0x1e9
 1014 0c27 19070000 		.uaword	0x719
 1015 0c2b 02       		.byte	0x2
 1016 0c2c 23       		.byte	0x23
 1017 0c2d 08       		.uleb128 0x8
 1018 0c2e 0E       		.uleb128 0xe
 1019 0c2f 00000000 		.uaword	.LASF3
 1020 0c33 01       		.byte	0x1
 1021 0c34 EA01     		.uahalf	0x1ea
 1022 0c36 89010000 		.uaword	0x189
 1023 0c3a 02       		.byte	0x2
 1024 0c3b 23       		.byte	0x23
 1025 0c3c 0C       		.uleb128 0xc
 1026 0c3d 00       		.byte	0
 1027 0c3e 0F       		.uleb128 0xf
 1028 0c3f 430C0000 		.uaword	0xc43
 1029 0c43 08       		.uleb128 0x8
 1030 0c44 04       		.byte	0x4
 1031 0c45 C90B0000 		.uaword	0xbc9
 1032 0c49 0A       		.uleb128 0xa
 1033 0c4a 4F735F52 		.string	"Os_ResourceType"
 1033      65736F75 
 1033      72636554 
 1033      79706500 
 1034 0c5a 01       		.byte	0x1
 1035 0c5b EB01     		.uahalf	0x1eb
 1036 0c5d E40B0000 		.uaword	0xbe4
GAS Infineon TriCore Little Endian C:\\Users\\user1\\AppData\\Local\\Temp\\rta_RTAOS_638388406317960277_1736001\\cccnAAOC.s 			page 24


 1037 0c61 0A       		.uleb128 0xa
 1038 0c62 5265736F 		.string	"ResourceType"
 1038      75726365 
 1038      54797065 
 1038      00
 1039 0c6f 01       		.byte	0x1
 1040 0c70 EC01     		.uahalf	0x1ec
 1041 0c72 760C0000 		.uaword	0xc76
 1042 0c76 08       		.uleb128 0x8
 1043 0c77 04       		.byte	0x4
 1044 0c78 7C0C0000 		.uaword	0xc7c
 1045 0c7c 0F       		.uleb128 0xf
 1046 0c7d 490C0000 		.uaword	0xc49
 1047 0c81 0A       		.uleb128 0xa
 1048 0c82 4F535365 		.string	"OSServiceIdType"
 1048      72766963 
 1048      65496454 
 1048      79706500 
 1049 0c92 01       		.byte	0x1
 1050 0c93 5102     		.uahalf	0x251
 1051 0c95 96010000 		.uaword	0x196
 1052 0c99 0A       		.uleb128 0xa
 1053 0c9a 4F735F42 		.string	"Os_BiggestType"
 1053      69676765 
 1053      73745479 
 1053      706500
 1054 0ca9 01       		.byte	0x1
 1055 0caa 2503     		.uahalf	0x325
 1056 0cac D9010000 		.uaword	0x1d9
 1057 0cb0 13       		.uleb128 0x13
 1058 0cb1 10       		.byte	0x10
 1059 0cb2 01       		.byte	0x1
 1060 0cb3 2703     		.uahalf	0x327
 1061 0cb5 1E0D0000 		.uaword	0xd1e
 1062 0cb9 0D       		.uleb128 0xd
 1063 0cba 73657276 		.string	"service_id"
 1063      6963655F 
 1063      696400
 1064 0cc5 01       		.byte	0x1
 1065 0cc6 2803     		.uahalf	0x328
 1066 0cc8 810C0000 		.uaword	0xc81
 1067 0ccc 02       		.byte	0x2
 1068 0ccd 23       		.byte	0x23
 1069 0cce 00       		.uleb128 0
 1070 0ccf 0D       		.uleb128 0xd
 1071 0cd0 73657276 		.string	"service_param1"
 1071      6963655F 
 1071      70617261 
 1071      6D3100
 1072 0cdf 01       		.byte	0x1
 1073 0ce0 2903     		.uahalf	0x329
 1074 0ce2 990C0000 		.uaword	0xc99
 1075 0ce6 02       		.byte	0x2
 1076 0ce7 23       		.byte	0x23
 1077 0ce8 04       		.uleb128 0x4
 1078 0ce9 0D       		.uleb128 0xd
 1079 0cea 73657276 		.string	"service_param2"
GAS Infineon TriCore Little Endian C:\\Users\\user1\\AppData\\Local\\Temp\\rta_RTAOS_638388406317960277_1736001\\cccnAAOC.s 			page 25


 1079      6963655F 
 1079      70617261 
 1079      6D3200
 1080 0cf9 01       		.byte	0x1
 1081 0cfa 2A03     		.uahalf	0x32a
 1082 0cfc 990C0000 		.uaword	0xc99
 1083 0d00 02       		.byte	0x2
 1084 0d01 23       		.byte	0x23
 1085 0d02 08       		.uleb128 0x8
 1086 0d03 0D       		.uleb128 0xd
 1087 0d04 73657276 		.string	"service_param3"
 1087      6963655F 
 1087      70617261 
 1087      6D3300
 1088 0d13 01       		.byte	0x1
 1089 0d14 2B03     		.uahalf	0x32b
 1090 0d16 990C0000 		.uaword	0xc99
 1091 0d1a 02       		.byte	0x2
 1092 0d1b 23       		.byte	0x23
 1093 0d1c 0C       		.uleb128 0xc
 1094 0d1d 00       		.byte	0
 1095 0d1e 0A       		.uleb128 0xa
 1096 0d1f 4F735F45 		.string	"Os_ErrorInformationType"
 1096      72726F72 
 1096      496E666F 
 1096      726D6174 
 1096      696F6E54 
 1097 0d37 01       		.byte	0x1
 1098 0d38 2C03     		.uahalf	0x32c
 1099 0d3a B00C0000 		.uaword	0xcb0
 1100 0d3e 0A       		.uleb128 0xa
 1101 0d3f 4F735F4F 		.string	"Os_OrtiIdType"
 1101      72746949 
 1101      64547970 
 1101      6500
 1102 0d4d 01       		.byte	0x1
 1103 0d4e 3003     		.uahalf	0x330
 1104 0d50 96010000 		.uaword	0x196
 1105 0d54 0B       		.uleb128 0xb
 1106 0d55 04090000 		.uaword	0x904
 1107 0d59 0B       		.uleb128 0xb
 1108 0d5a 6C080000 		.uaword	0x86c
 1109 0d5e 0B       		.uleb128 0xb
 1110 0d5f 260B0000 		.uaword	0xb26
 1111 0d63 0B       		.uleb128 0xb
 1112 0d64 43090000 		.uaword	0x943
 1113 0d68 0B       		.uleb128 0xb
 1114 0d69 41040000 		.uaword	0x441
 1115 0d6d 0B       		.uleb128 0xb
 1116 0d6e E2030000 		.uaword	0x3e2
 1117 0d72 0A       		.uleb128 0xa
 1118 0d73 4F735F43 		.string	"Os_ControlledCoreType"
 1118      6F6E7472 
 1118      6F6C6C65 
 1118      64436F72 
 1118      65547970 
 1119 0d89 01       		.byte	0x1
GAS Infineon TriCore Little Endian C:\\Users\\user1\\AppData\\Local\\Temp\\rta_RTAOS_638388406317960277_1736001\\cccnAAOC.s 			page 26


 1120 0d8a 2404     		.uahalf	0x424
 1121 0d8c 8D040000 		.uaword	0x48d
 1122 0d90 0C       		.uleb128 0xc
 1123 0d91 4F735F41 		.string	"Os_AnyCoreType_s"
 1123      6E79436F 
 1123      72655479 
 1123      70655F73 
 1123      00
 1124 0da2 64       		.byte	0x64
 1125 0da3 01       		.byte	0x1
 1126 0da4 3204     		.uahalf	0x432
 1127 0da6 C90E0000 		.uaword	0xec9
 1128 0daa 0D       		.uleb128 0xd
 1129 0dab 44697361 		.string	"DisableAllImask"
 1129      626C6541 
 1129      6C6C496D 
 1129      61736B00 
 1130 0dbb 01       		.byte	0x1
 1131 0dbc 3304     		.uahalf	0x433
 1132 0dbe C90E0000 		.uaword	0xec9
 1133 0dc2 02       		.byte	0x2
 1134 0dc3 23       		.byte	0x23
 1135 0dc4 00       		.uleb128 0
 1136 0dc5 0D       		.uleb128 0xd
 1137 0dc6 53757370 		.string	"SuspendAllImask"
 1137      656E6441 
 1137      6C6C496D 
 1137      61736B00 
 1138 0dd6 01       		.byte	0x1
 1139 0dd7 3404     		.uahalf	0x434
 1140 0dd9 C90E0000 		.uaword	0xec9
 1141 0ddd 02       		.byte	0x2
 1142 0dde 23       		.byte	0x23
 1143 0ddf 04       		.uleb128 0x4
 1144 0de0 0D       		.uleb128 0xd
 1145 0de1 53757370 		.string	"SuspendOSImask"
 1145      656E644F 
 1145      53496D61 
 1145      736B00
 1146 0df0 01       		.byte	0x1
 1147 0df1 3504     		.uahalf	0x435
 1148 0df3 C90E0000 		.uaword	0xec9
 1149 0df7 02       		.byte	0x2
 1150 0df8 23       		.byte	0x23
 1151 0df9 08       		.uleb128 0x8
 1152 0dfa 0D       		.uleb128 0xd
 1153 0dfb 44697361 		.string	"DisableAllCount"
 1153      626C6541 
 1153      6C6C436F 
 1153      756E7400 
 1154 0e0b 01       		.byte	0x1
 1155 0e0c 3604     		.uahalf	0x436
 1156 0e0e CE0E0000 		.uaword	0xece
 1157 0e12 02       		.byte	0x2
 1158 0e13 23       		.byte	0x23
 1159 0e14 0C       		.uleb128 0xc
 1160 0e15 0D       		.uleb128 0xd
GAS Infineon TriCore Little Endian C:\\Users\\user1\\AppData\\Local\\Temp\\rta_RTAOS_638388406317960277_1736001\\cccnAAOC.s 			page 27


 1161 0e16 53757370 		.string	"SuspendAllCount"
 1161      656E6441 
 1161      6C6C436F 
 1161      756E7400 
 1162 0e26 01       		.byte	0x1
 1163 0e27 3704     		.uahalf	0x437
 1164 0e29 CE0E0000 		.uaword	0xece
 1165 0e2d 02       		.byte	0x2
 1166 0e2e 23       		.byte	0x23
 1167 0e2f 10       		.uleb128 0x10
 1168 0e30 0D       		.uleb128 0xd
 1169 0e31 53757370 		.string	"SuspendOSCount"
 1169      656E644F 
 1169      53436F75 
 1169      6E7400
 1170 0e40 01       		.byte	0x1
 1171 0e41 3804     		.uahalf	0x438
 1172 0e43 CE0E0000 		.uaword	0xece
 1173 0e47 02       		.byte	0x2
 1174 0e48 23       		.byte	0x23
 1175 0e49 14       		.uleb128 0x14
 1176 0e4a 0D       		.uleb128 0xd
 1177 0e4b 4F727469 		.string	"OrtiApiID"
 1177      41706949 
 1177      4400
 1178 0e55 01       		.byte	0x1
 1179 0e56 3904     		.uahalf	0x439
 1180 0e58 D30E0000 		.uaword	0xed3
 1181 0e5c 02       		.byte	0x2
 1182 0e5d 23       		.byte	0x23
 1183 0e5e 18       		.uleb128 0x18
 1184 0e5f 0D       		.uleb128 0xd
 1185 0e60 4F727469 		.string	"OrtiLastError"
 1185      4C617374 
 1185      4572726F 
 1185      7200
 1186 0e6e 01       		.byte	0x1
 1187 0e6f 3A04     		.uahalf	0x43a
 1188 0e71 59020000 		.uaword	0x259
 1189 0e75 02       		.byte	0x2
 1190 0e76 23       		.byte	0x23
 1191 0e77 19       		.uleb128 0x19
 1192 0e78 0D       		.uleb128 0xd
 1193 0e79 52657374 		.string	"RestartJumpBuf"
 1193      6172744A 
 1193      756D7042 
 1193      756600
 1194 0e88 01       		.byte	0x1
 1195 0e89 3B04     		.uahalf	0x43b
 1196 0e8b 0B030000 		.uaword	0x30b
 1197 0e8f 02       		.byte	0x2
 1198 0e90 23       		.byte	0x23
 1199 0e91 1C       		.uleb128 0x1c
 1200 0e92 0D       		.uleb128 0xd
 1201 0e93 52657374 		.string	"Restartable"
 1201      61727461 
 1201      626C6500 
GAS Infineon TriCore Little Endian C:\\Users\\user1\\AppData\\Local\\Temp\\rta_RTAOS_638388406317960277_1736001\\cccnAAOC.s 			page 28


 1202 0e9f 01       		.byte	0x1
 1203 0ea0 3C04     		.uahalf	0x43c
 1204 0ea2 4A020000 		.uaword	0x24a
 1205 0ea6 02       		.byte	0x2
 1206 0ea7 23       		.byte	0x23
 1207 0ea8 60       		.uleb128 0x60
 1208 0ea9 0D       		.uleb128 0xd
 1209 0eaa 4C617374 		.string	"LastProtectionFault"
 1209      50726F74 
 1209      65637469 
 1209      6F6E4661 
 1209      756C7400 
 1210 0ebe 01       		.byte	0x1
 1211 0ebf 3D04     		.uahalf	0x43d
 1212 0ec1 59020000 		.uaword	0x259
 1213 0ec5 02       		.byte	0x2
 1214 0ec6 23       		.byte	0x23
 1215 0ec7 61       		.uleb128 0x61
 1216 0ec8 00       		.byte	0
 1217 0ec9 0B       		.uleb128 0xb
 1218 0eca 19070000 		.uaword	0x719
 1219 0ece 0B       		.uleb128 0xb
 1220 0ecf CB010000 		.uaword	0x1cb
 1221 0ed3 0B       		.uleb128 0xb
 1222 0ed4 3E0D0000 		.uaword	0xd3e
 1223 0ed8 0A       		.uleb128 0xa
 1224 0ed9 4F735F41 		.string	"Os_AnyCoreType"
 1224      6E79436F 
 1224      72655479 
 1224      706500
 1225 0ee8 01       		.byte	0x1
 1226 0ee9 3E04     		.uahalf	0x43e
 1227 0eeb 900D0000 		.uaword	0xd90
 1228 0eef 0C       		.uleb128 0xc
 1229 0ef0 4F735F43 		.string	"Os_CoreConfiguration_s"
 1229      6F726543 
 1229      6F6E6669 
 1229      67757261 
 1229      74696F6E 
 1230 0f07 18       		.byte	0x18
 1231 0f08 01       		.byte	0x1
 1232 0f09 4904     		.uahalf	0x449
 1233 0f0b 890F0000 		.uaword	0xf89
 1234 0f0f 0D       		.uleb128 0xd
 1235 0f10 636F6E74 		.string	"controlled"
 1235      726F6C6C 
 1235      656400
 1236 0f1b 01       		.byte	0x1
 1237 0f1c 4A04     		.uahalf	0x44a
 1238 0f1e 890F0000 		.uaword	0xf89
 1239 0f22 02       		.byte	0x2
 1240 0f23 23       		.byte	0x23
 1241 0f24 00       		.uleb128 0
 1242 0f25 0D       		.uleb128 0xd
 1243 0f26 616E7900 		.string	"any"
 1244 0f2a 01       		.byte	0x1
 1245 0f2b 4B04     		.uahalf	0x44b
GAS Infineon TriCore Little Endian C:\\Users\\user1\\AppData\\Local\\Temp\\rta_RTAOS_638388406317960277_1736001\\cccnAAOC.s 			page 29


 1246 0f2d 940F0000 		.uaword	0xf94
 1247 0f31 02       		.byte	0x2
 1248 0f32 23       		.byte	0x23
 1249 0f33 04       		.uleb128 0x4
 1250 0f34 0D       		.uleb128 0xd
 1251 0f35 73746174 		.string	"state"
 1251      6500
 1252 0f3b 01       		.byte	0x1
 1253 0f3c 4C04     		.uahalf	0x44c
 1254 0f3e 9F0F0000 		.uaword	0xf9f
 1255 0f42 02       		.byte	0x2
 1256 0f43 23       		.byte	0x23
 1257 0f44 08       		.uleb128 0x8
 1258 0f45 0D       		.uleb128 0xd
 1259 0f46 64697370 		.string	"dispatch"
 1259      61746368 
 1259      00
 1260 0f4f 01       		.byte	0x1
 1261 0f50 4D04     		.uahalf	0x44d
 1262 0f52 BB030000 		.uaword	0x3bb
 1263 0f56 02       		.byte	0x2
 1264 0f57 23       		.byte	0x23
 1265 0f58 0C       		.uleb128 0xc
 1266 0f59 0D       		.uleb128 0xd
 1267 0f5a 4F735F52 		.string	"Os_Res_Scheduler"
 1267      65735F53 
 1267      63686564 
 1267      756C6572 
 1267      00
 1268 0f6b 01       		.byte	0x1
 1269 0f6c 4E04     		.uahalf	0x44e
 1270 0f6e 610C0000 		.uaword	0xc61
 1271 0f72 02       		.byte	0x2
 1272 0f73 23       		.byte	0x23
 1273 0f74 10       		.uleb128 0x10
 1274 0f75 0D       		.uleb128 0xd
 1275 0f76 636F7265 		.string	"core_id"
 1275      5F696400 
 1276 0f7e 01       		.byte	0x1
 1277 0f7f 4F04     		.uahalf	0x44f
 1278 0f81 75040000 		.uaword	0x475
 1279 0f85 02       		.byte	0x2
 1280 0f86 23       		.byte	0x23
 1281 0f87 14       		.uleb128 0x14
 1282 0f88 00       		.byte	0
 1283 0f89 0F       		.uleb128 0xf
 1284 0f8a 8E0F0000 		.uaword	0xf8e
 1285 0f8e 08       		.uleb128 0x8
 1286 0f8f 04       		.byte	0x4
 1287 0f90 720D0000 		.uaword	0xd72
 1288 0f94 0F       		.uleb128 0xf
 1289 0f95 990F0000 		.uaword	0xf99
 1290 0f99 08       		.uleb128 0x8
 1291 0f9a 04       		.byte	0x4
 1292 0f9b D80E0000 		.uaword	0xed8
 1293 0f9f 0F       		.uleb128 0xf
 1294 0fa0 A40F0000 		.uaword	0xfa4
GAS Infineon TriCore Little Endian C:\\Users\\user1\\AppData\\Local\\Temp\\rta_RTAOS_638388406317960277_1736001\\cccnAAOC.s 			page 30


 1295 0fa4 08       		.uleb128 0x8
 1296 0fa5 04       		.byte	0x4
 1297 0fa6 AA0F0000 		.uaword	0xfaa
 1298 0faa 0B       		.uleb128 0xb
 1299 0fab 0D040000 		.uaword	0x40d
 1300 0faf 0A       		.uleb128 0xa
 1301 0fb0 4F735F43 		.string	"Os_CoreConfiguration"
 1301      6F726543 
 1301      6F6E6669 
 1301      67757261 
 1301      74696F6E 
 1302 0fc5 01       		.byte	0x1
 1303 0fc6 5004     		.uahalf	0x450
 1304 0fc8 EF0E0000 		.uaword	0xeef
 1305 0fcc 14       		.uleb128 0x14
 1306 0fcd 01       		.byte	0x1
 1307 0fce 4F735F47 		.string	"Os_GetNumberOfActivatedCores"
 1307      65744E75 
 1307      6D626572 
 1307      4F664163 
 1307      74697661 
 1308 0feb 01       		.byte	0x1
 1309 0fec 5705     		.uahalf	0x557
 1310 0fee 01       		.byte	0x1
 1311 0fef CB010000 		.uaword	0x1cb
 1312 0ff3 00000000 		.uaword	.LFB0
 1313 0ff7 00000000 		.uaword	.LFE0
 1314 0ffb 02       		.byte	0x2
 1315 0ffc 8A       		.byte	0x8a
 1316 0ffd 00       		.sleb128 0
 1317 0ffe 01       		.byte	0x1
 1318 0fff 9F100000 		.uaword	0x109f
 1319 1003 15       		.uleb128 0x15
 1320 1004 72657400 		.string	"ret"
 1321 1008 01       		.byte	0x1
 1322 1009 5805     		.uahalf	0x558
 1323 100b CB010000 		.uaword	0x1cb
 1324 100f 00000000 		.uaword	.LLST0
 1325 1013 16       		.uleb128 0x16
 1326 1014 6F735F63 		.string	"os_current_core_const"
 1326      75727265 
 1326      6E745F63 
 1326      6F72655F 
 1326      636F6E73 
 1327 102a 01       		.byte	0x1
 1328 102b 5905     		.uahalf	0x559
 1329 102d 9F100000 		.uaword	0x109f
 1330 1031 17       		.uleb128 0x17
 1331 1032 6F735F63 		.string	"os_current_core"
 1331      75727265 
 1331      6E745F63 
 1331      6F726500 
 1332 1042 01       		.byte	0x1
 1333 1043 5A05     		.uahalf	0x55a
 1334 1045 990F0000 		.uaword	0xf99
 1335 1049 01       		.byte	0x1
 1336 104a 6F       		.byte	0x6f
GAS Infineon TriCore Little Endian C:\\Users\\user1\\AppData\\Local\\Temp\\rta_RTAOS_638388406317960277_1736001\\cccnAAOC.s 			page 31


 1337 104b 15       		.uleb128 0x15
 1338 104c 70726576 		.string	"previous_tmask"
 1338      696F7573 
 1338      5F746D61 
 1338      736B00
 1339 105b 01       		.byte	0x1
 1340 105c 5B05     		.uahalf	0x55b
 1341 105e F9030000 		.uaword	0x3f9
 1342 1062 00000000 		.uaword	.LLST1
 1343 1066 18       		.uleb128 0x18
 1344 1067 00000000 		.uaword	.LBB2
 1345 106b 00000000 		.uaword	.LBE2
 1346 106f 84100000 		.uaword	0x1084
 1347 1073 15       		.uleb128 0x15
 1348 1074 72657300 		.string	"res"
 1349 1078 01       		.byte	0x1
 1350 1079 5905     		.uahalf	0x559
 1351 107b D9010000 		.uaword	0x1d9
 1352 107f 00000000 		.uaword	.LLST2
 1353 1083 00       		.byte	0
 1354 1084 19       		.uleb128 0x19
 1355 1085 00000000 		.uaword	.LBB3
 1356 1089 00000000 		.uaword	.LBE3
 1357 108d 15       		.uleb128 0x15
 1358 108e 72657300 		.string	"res"
 1359 1092 01       		.byte	0x1
 1360 1093 5B05     		.uahalf	0x55b
 1361 1095 D9010000 		.uaword	0x1d9
 1362 1099 00000000 		.uaword	.LLST1
 1363 109d 00       		.byte	0
 1364 109e 00       		.byte	0
 1365 109f 08       		.uleb128 0x8
 1366 10a0 04       		.byte	0x4
 1367 10a1 A5100000 		.uaword	0x10a5
 1368 10a5 0F       		.uleb128 0xf
 1369 10a6 AF0F0000 		.uaword	0xfaf
 1370 10aa 06       		.uleb128 0x6
 1371 10ab AF0F0000 		.uaword	0xfaf
 1372 10af B5100000 		.uaword	0x10b5
 1373 10b3 1A       		.uleb128 0x1a
 1374 10b4 00       		.byte	0
 1375 10b5 1B       		.uleb128 0x1b
 1376 10b6 4F735F63 		.string	"Os_const_coreconfiguration"
 1376      6F6E7374 
 1376      5F636F72 
 1376      65636F6E 
 1376      66696775 
 1377 10d1 01       		.byte	0x1
 1378 10d2 6A04     		.uahalf	0x46a
 1379 10d4 DA100000 		.uaword	0x10da
 1380 10d8 01       		.byte	0x1
 1381 10d9 01       		.byte	0x1
 1382 10da 0F       		.uleb128 0xf
 1383 10db AA100000 		.uaword	0x10aa
 1384 10df 06       		.uleb128 0x6
 1385 10e0 0D040000 		.uaword	0x40d
 1386 10e4 EA100000 		.uaword	0x10ea
GAS Infineon TriCore Little Endian C:\\Users\\user1\\AppData\\Local\\Temp\\rta_RTAOS_638388406317960277_1736001\\cccnAAOC.s 			page 32


 1387 10e8 1A       		.uleb128 0x1a
 1388 10e9 00       		.byte	0
 1389 10ea 1B       		.uleb128 0x1b
 1390 10eb 4F735F43 		.string	"Os_CoreState"
 1390      6F726553 
 1390      74617465 
 1390      00
 1391 10f8 01       		.byte	0x1
 1392 10f9 2E05     		.uahalf	0x52e
 1393 10fb 01110000 		.uaword	0x1101
 1394 10ff 01       		.byte	0x1
 1395 1100 01       		.byte	0x1
 1396 1101 0B       		.uleb128 0xb
 1397 1102 DF100000 		.uaword	0x10df
 1398 1106 00       		.byte	0
 1399              	.section .debug_abbrev,"",@progbits
 1400              	.Ldebug_abbrev0:
 1401 0000 01       		.uleb128 0x1
 1402 0001 11       		.uleb128 0x11
 1403 0002 01       		.byte	0x1
 1404 0003 25       		.uleb128 0x25
 1405 0004 08       		.uleb128 0x8
 1406 0005 13       		.uleb128 0x13
 1407 0006 0B       		.uleb128 0xb
 1408 0007 03       		.uleb128 0x3
 1409 0008 08       		.uleb128 0x8
 1410 0009 55       		.uleb128 0x55
 1411 000a 06       		.uleb128 0x6
 1412 000b 11       		.uleb128 0x11
 1413 000c 01       		.uleb128 0x1
 1414 000d 52       		.uleb128 0x52
 1415 000e 01       		.uleb128 0x1
 1416 000f 10       		.uleb128 0x10
 1417 0010 06       		.uleb128 0x6
 1418 0011 00       		.byte	0
 1419 0012 00       		.byte	0
 1420 0013 02       		.uleb128 0x2
 1421 0014 16       		.uleb128 0x16
 1422 0015 00       		.byte	0
 1423 0016 03       		.uleb128 0x3
 1424 0017 08       		.uleb128 0x8
 1425 0018 3A       		.uleb128 0x3a
 1426 0019 0B       		.uleb128 0xb
 1427 001a 3B       		.uleb128 0x3b
 1428 001b 0B       		.uleb128 0xb
 1429 001c 49       		.uleb128 0x49
 1430 001d 13       		.uleb128 0x13
 1431 001e 00       		.byte	0
 1432 001f 00       		.byte	0
 1433 0020 03       		.uleb128 0x3
 1434 0021 24       		.uleb128 0x24
 1435 0022 00       		.byte	0
 1436 0023 0B       		.uleb128 0xb
 1437 0024 0B       		.uleb128 0xb
 1438 0025 3E       		.uleb128 0x3e
 1439 0026 0B       		.uleb128 0xb
 1440 0027 03       		.uleb128 0x3
GAS Infineon TriCore Little Endian C:\\Users\\user1\\AppData\\Local\\Temp\\rta_RTAOS_638388406317960277_1736001\\cccnAAOC.s 			page 33


 1441 0028 08       		.uleb128 0x8
 1442 0029 00       		.byte	0
 1443 002a 00       		.byte	0
 1444 002b 04       		.uleb128 0x4
 1445 002c 13       		.uleb128 0x13
 1446 002d 01       		.byte	0x1
 1447 002e 0B       		.uleb128 0xb
 1448 002f 0B       		.uleb128 0xb
 1449 0030 3A       		.uleb128 0x3a
 1450 0031 0B       		.uleb128 0xb
 1451 0032 3B       		.uleb128 0x3b
 1452 0033 0B       		.uleb128 0xb
 1453 0034 01       		.uleb128 0x1
 1454 0035 13       		.uleb128 0x13
 1455 0036 00       		.byte	0
 1456 0037 00       		.byte	0
 1457 0038 05       		.uleb128 0x5
 1458 0039 0D       		.uleb128 0xd
 1459 003a 00       		.byte	0
 1460 003b 03       		.uleb128 0x3
 1461 003c 08       		.uleb128 0x8
 1462 003d 3A       		.uleb128 0x3a
 1463 003e 0B       		.uleb128 0xb
 1464 003f 3B       		.uleb128 0x3b
 1465 0040 0B       		.uleb128 0xb
 1466 0041 49       		.uleb128 0x49
 1467 0042 13       		.uleb128 0x13
 1468 0043 38       		.uleb128 0x38
 1469 0044 0A       		.uleb128 0xa
 1470 0045 00       		.byte	0
 1471 0046 00       		.byte	0
 1472 0047 06       		.uleb128 0x6
 1473 0048 01       		.uleb128 0x1
 1474 0049 01       		.byte	0x1
 1475 004a 49       		.uleb128 0x49
 1476 004b 13       		.uleb128 0x13
 1477 004c 01       		.uleb128 0x1
 1478 004d 13       		.uleb128 0x13
 1479 004e 00       		.byte	0
 1480 004f 00       		.byte	0
 1481 0050 07       		.uleb128 0x7
 1482 0051 21       		.uleb128 0x21
 1483 0052 00       		.byte	0
 1484 0053 49       		.uleb128 0x49
 1485 0054 13       		.uleb128 0x13
 1486 0055 2F       		.uleb128 0x2f
 1487 0056 0B       		.uleb128 0xb
 1488 0057 00       		.byte	0
 1489 0058 00       		.byte	0
 1490 0059 08       		.uleb128 0x8
 1491 005a 0F       		.uleb128 0xf
 1492 005b 00       		.byte	0
 1493 005c 0B       		.uleb128 0xb
 1494 005d 0B       		.uleb128 0xb
 1495 005e 49       		.uleb128 0x49
 1496 005f 13       		.uleb128 0x13
 1497 0060 00       		.byte	0
GAS Infineon TriCore Little Endian C:\\Users\\user1\\AppData\\Local\\Temp\\rta_RTAOS_638388406317960277_1736001\\cccnAAOC.s 			page 34


 1498 0061 00       		.byte	0
 1499 0062 09       		.uleb128 0x9
 1500 0063 15       		.uleb128 0x15
 1501 0064 00       		.byte	0
 1502 0065 27       		.uleb128 0x27
 1503 0066 0C       		.uleb128 0xc
 1504 0067 00       		.byte	0
 1505 0068 00       		.byte	0
 1506 0069 0A       		.uleb128 0xa
 1507 006a 16       		.uleb128 0x16
 1508 006b 00       		.byte	0
 1509 006c 03       		.uleb128 0x3
 1510 006d 08       		.uleb128 0x8
 1511 006e 3A       		.uleb128 0x3a
 1512 006f 0B       		.uleb128 0xb
 1513 0070 3B       		.uleb128 0x3b
 1514 0071 05       		.uleb128 0x5
 1515 0072 49       		.uleb128 0x49
 1516 0073 13       		.uleb128 0x13
 1517 0074 00       		.byte	0
 1518 0075 00       		.byte	0
 1519 0076 0B       		.uleb128 0xb
 1520 0077 35       		.uleb128 0x35
 1521 0078 00       		.byte	0
 1522 0079 49       		.uleb128 0x49
 1523 007a 13       		.uleb128 0x13
 1524 007b 00       		.byte	0
 1525 007c 00       		.byte	0
 1526 007d 0C       		.uleb128 0xc
 1527 007e 13       		.uleb128 0x13
 1528 007f 01       		.byte	0x1
 1529 0080 03       		.uleb128 0x3
 1530 0081 08       		.uleb128 0x8
 1531 0082 0B       		.uleb128 0xb
 1532 0083 0B       		.uleb128 0xb
 1533 0084 3A       		.uleb128 0x3a
 1534 0085 0B       		.uleb128 0xb
 1535 0086 3B       		.uleb128 0x3b
 1536 0087 05       		.uleb128 0x5
 1537 0088 01       		.uleb128 0x1
 1538 0089 13       		.uleb128 0x13
 1539 008a 00       		.byte	0
 1540 008b 00       		.byte	0
 1541 008c 0D       		.uleb128 0xd
 1542 008d 0D       		.uleb128 0xd
 1543 008e 00       		.byte	0
 1544 008f 03       		.uleb128 0x3
 1545 0090 08       		.uleb128 0x8
 1546 0091 3A       		.uleb128 0x3a
 1547 0092 0B       		.uleb128 0xb
 1548 0093 3B       		.uleb128 0x3b
 1549 0094 05       		.uleb128 0x5
 1550 0095 49       		.uleb128 0x49
 1551 0096 13       		.uleb128 0x13
 1552 0097 38       		.uleb128 0x38
 1553 0098 0A       		.uleb128 0xa
 1554 0099 00       		.byte	0
GAS Infineon TriCore Little Endian C:\\Users\\user1\\AppData\\Local\\Temp\\rta_RTAOS_638388406317960277_1736001\\cccnAAOC.s 			page 35


 1555 009a 00       		.byte	0
 1556 009b 0E       		.uleb128 0xe
 1557 009c 0D       		.uleb128 0xd
 1558 009d 00       		.byte	0
 1559 009e 03       		.uleb128 0x3
 1560 009f 0E       		.uleb128 0xe
 1561 00a0 3A       		.uleb128 0x3a
 1562 00a1 0B       		.uleb128 0xb
 1563 00a2 3B       		.uleb128 0x3b
 1564 00a3 05       		.uleb128 0x5
 1565 00a4 49       		.uleb128 0x49
 1566 00a5 13       		.uleb128 0x13
 1567 00a6 38       		.uleb128 0x38
 1568 00a7 0A       		.uleb128 0xa
 1569 00a8 00       		.byte	0
 1570 00a9 00       		.byte	0
 1571 00aa 0F       		.uleb128 0xf
 1572 00ab 26       		.uleb128 0x26
 1573 00ac 00       		.byte	0
 1574 00ad 49       		.uleb128 0x49
 1575 00ae 13       		.uleb128 0x13
 1576 00af 00       		.byte	0
 1577 00b0 00       		.byte	0
 1578 00b1 10       		.uleb128 0x10
 1579 00b2 17       		.uleb128 0x17
 1580 00b3 01       		.byte	0x1
 1581 00b4 0B       		.uleb128 0xb
 1582 00b5 0B       		.uleb128 0xb
 1583 00b6 3A       		.uleb128 0x3a
 1584 00b7 0B       		.uleb128 0xb
 1585 00b8 3B       		.uleb128 0x3b
 1586 00b9 05       		.uleb128 0x5
 1587 00ba 01       		.uleb128 0x1
 1588 00bb 13       		.uleb128 0x13
 1589 00bc 00       		.byte	0
 1590 00bd 00       		.byte	0
 1591 00be 11       		.uleb128 0x11
 1592 00bf 0D       		.uleb128 0xd
 1593 00c0 00       		.byte	0
 1594 00c1 03       		.uleb128 0x3
 1595 00c2 08       		.uleb128 0x8
 1596 00c3 3A       		.uleb128 0x3a
 1597 00c4 0B       		.uleb128 0xb
 1598 00c5 3B       		.uleb128 0x3b
 1599 00c6 05       		.uleb128 0x5
 1600 00c7 49       		.uleb128 0x49
 1601 00c8 13       		.uleb128 0x13
 1602 00c9 00       		.byte	0
 1603 00ca 00       		.byte	0
 1604 00cb 12       		.uleb128 0x12
 1605 00cc 0D       		.uleb128 0xd
 1606 00cd 00       		.byte	0
 1607 00ce 03       		.uleb128 0x3
 1608 00cf 0E       		.uleb128 0xe
 1609 00d0 3A       		.uleb128 0x3a
 1610 00d1 0B       		.uleb128 0xb
 1611 00d2 3B       		.uleb128 0x3b
GAS Infineon TriCore Little Endian C:\\Users\\user1\\AppData\\Local\\Temp\\rta_RTAOS_638388406317960277_1736001\\cccnAAOC.s 			page 36


 1612 00d3 05       		.uleb128 0x5
 1613 00d4 49       		.uleb128 0x49
 1614 00d5 13       		.uleb128 0x13
 1615 00d6 00       		.byte	0
 1616 00d7 00       		.byte	0
 1617 00d8 13       		.uleb128 0x13
 1618 00d9 13       		.uleb128 0x13
 1619 00da 01       		.byte	0x1
 1620 00db 0B       		.uleb128 0xb
 1621 00dc 0B       		.uleb128 0xb
 1622 00dd 3A       		.uleb128 0x3a
 1623 00de 0B       		.uleb128 0xb
 1624 00df 3B       		.uleb128 0x3b
 1625 00e0 05       		.uleb128 0x5
 1626 00e1 01       		.uleb128 0x1
 1627 00e2 13       		.uleb128 0x13
 1628 00e3 00       		.byte	0
 1629 00e4 00       		.byte	0
 1630 00e5 14       		.uleb128 0x14
 1631 00e6 2E       		.uleb128 0x2e
 1632 00e7 01       		.byte	0x1
 1633 00e8 3F       		.uleb128 0x3f
 1634 00e9 0C       		.uleb128 0xc
 1635 00ea 03       		.uleb128 0x3
 1636 00eb 08       		.uleb128 0x8
 1637 00ec 3A       		.uleb128 0x3a
 1638 00ed 0B       		.uleb128 0xb
 1639 00ee 3B       		.uleb128 0x3b
 1640 00ef 05       		.uleb128 0x5
 1641 00f0 27       		.uleb128 0x27
 1642 00f1 0C       		.uleb128 0xc
 1643 00f2 49       		.uleb128 0x49
 1644 00f3 13       		.uleb128 0x13
 1645 00f4 11       		.uleb128 0x11
 1646 00f5 01       		.uleb128 0x1
 1647 00f6 12       		.uleb128 0x12
 1648 00f7 01       		.uleb128 0x1
 1649 00f8 40       		.uleb128 0x40
 1650 00f9 0A       		.uleb128 0xa
 1651 00fa 9742     		.uleb128 0x2117
 1652 00fc 0C       		.uleb128 0xc
 1653 00fd 01       		.uleb128 0x1
 1654 00fe 13       		.uleb128 0x13
 1655 00ff 00       		.byte	0
 1656 0100 00       		.byte	0
 1657 0101 15       		.uleb128 0x15
 1658 0102 34       		.uleb128 0x34
 1659 0103 00       		.byte	0
 1660 0104 03       		.uleb128 0x3
 1661 0105 08       		.uleb128 0x8
 1662 0106 3A       		.uleb128 0x3a
 1663 0107 0B       		.uleb128 0xb
 1664 0108 3B       		.uleb128 0x3b
 1665 0109 05       		.uleb128 0x5
 1666 010a 49       		.uleb128 0x49
 1667 010b 13       		.uleb128 0x13
 1668 010c 02       		.uleb128 0x2
GAS Infineon TriCore Little Endian C:\\Users\\user1\\AppData\\Local\\Temp\\rta_RTAOS_638388406317960277_1736001\\cccnAAOC.s 			page 37


 1669 010d 06       		.uleb128 0x6
 1670 010e 00       		.byte	0
 1671 010f 00       		.byte	0
 1672 0110 16       		.uleb128 0x16
 1673 0111 34       		.uleb128 0x34
 1674 0112 00       		.byte	0
 1675 0113 03       		.uleb128 0x3
 1676 0114 08       		.uleb128 0x8
 1677 0115 3A       		.uleb128 0x3a
 1678 0116 0B       		.uleb128 0xb
 1679 0117 3B       		.uleb128 0x3b
 1680 0118 05       		.uleb128 0x5
 1681 0119 49       		.uleb128 0x49
 1682 011a 13       		.uleb128 0x13
 1683 011b 00       		.byte	0
 1684 011c 00       		.byte	0
 1685 011d 17       		.uleb128 0x17
 1686 011e 34       		.uleb128 0x34
 1687 011f 00       		.byte	0
 1688 0120 03       		.uleb128 0x3
 1689 0121 08       		.uleb128 0x8
 1690 0122 3A       		.uleb128 0x3a
 1691 0123 0B       		.uleb128 0xb
 1692 0124 3B       		.uleb128 0x3b
 1693 0125 05       		.uleb128 0x5
 1694 0126 49       		.uleb128 0x49
 1695 0127 13       		.uleb128 0x13
 1696 0128 02       		.uleb128 0x2
 1697 0129 0A       		.uleb128 0xa
 1698 012a 00       		.byte	0
 1699 012b 00       		.byte	0
 1700 012c 18       		.uleb128 0x18
 1701 012d 0B       		.uleb128 0xb
 1702 012e 01       		.byte	0x1
 1703 012f 11       		.uleb128 0x11
 1704 0130 01       		.uleb128 0x1
 1705 0131 12       		.uleb128 0x12
 1706 0132 01       		.uleb128 0x1
 1707 0133 01       		.uleb128 0x1
 1708 0134 13       		.uleb128 0x13
 1709 0135 00       		.byte	0
 1710 0136 00       		.byte	0
 1711 0137 19       		.uleb128 0x19
 1712 0138 0B       		.uleb128 0xb
 1713 0139 01       		.byte	0x1
 1714 013a 11       		.uleb128 0x11
 1715 013b 01       		.uleb128 0x1
 1716 013c 12       		.uleb128 0x12
 1717 013d 01       		.uleb128 0x1
 1718 013e 00       		.byte	0
 1719 013f 00       		.byte	0
 1720 0140 1A       		.uleb128 0x1a
 1721 0141 21       		.uleb128 0x21
 1722 0142 00       		.byte	0
 1723 0143 00       		.byte	0
 1724 0144 00       		.byte	0
 1725 0145 1B       		.uleb128 0x1b
GAS Infineon TriCore Little Endian C:\\Users\\user1\\AppData\\Local\\Temp\\rta_RTAOS_638388406317960277_1736001\\cccnAAOC.s 			page 38


 1726 0146 34       		.uleb128 0x34
 1727 0147 00       		.byte	0
 1728 0148 03       		.uleb128 0x3
 1729 0149 08       		.uleb128 0x8
 1730 014a 3A       		.uleb128 0x3a
 1731 014b 0B       		.uleb128 0xb
 1732 014c 3B       		.uleb128 0x3b
 1733 014d 05       		.uleb128 0x5
 1734 014e 49       		.uleb128 0x49
 1735 014f 13       		.uleb128 0x13
 1736 0150 3F       		.uleb128 0x3f
 1737 0151 0C       		.uleb128 0xc
 1738 0152 3C       		.uleb128 0x3c
 1739 0153 0C       		.uleb128 0xc
 1740 0154 00       		.byte	0
 1741 0155 00       		.byte	0
 1742 0156 00       		.byte	0
 1743              	.section .debug_loc,"",@progbits
 1744              	.Ldebug_loc0:
 1745              	.LLST0:
 1746 0000 00000000 		.uaword	.LVL4
 1747 0004 00000000 		.uaword	.LVL5
 1748 0008 0200     		.uahalf	0x2
 1749 000a 30       		.byte	0x30
 1750 000b 9F       		.byte	0x9f
 1751 000c 00000000 		.uaword	.LVL5
 1752 0010 00000000 		.uaword	.LVL7
 1753 0014 0100     		.uahalf	0x1
 1754 0016 5F       		.byte	0x5f
 1755 0017 00000000 		.uaword	.LVL7
 1756 001b 00000000 		.uaword	.LVL8
 1757 001f 0800     		.uahalf	0x8
 1758 0021 72       		.byte	0x72
 1759 0022 00       		.sleb128 0
 1760 0023 30       		.byte	0x30
 1761 0024 2E       		.byte	0x2e
 1762 0025 7F       		.byte	0x7f
 1763 0026 00       		.sleb128 0
 1764 0027 22       		.byte	0x22
 1765 0028 9F       		.byte	0x9f
 1766 0029 00000000 		.uaword	.LVL8
 1767 002d 00000000 		.uaword	.LFE0
 1768 0031 0100     		.uahalf	0x1
 1769 0033 52       		.byte	0x52
 1770 0034 00000000 		.uaword	0
 1771 0038 00000000 		.uaword	0
 1772              	.LLST1:
 1773 003c 00000000 		.uaword	.LVL2
 1774 0040 00000000 		.uaword	.LVL3
 1775 0044 0100     		.uahalf	0x1
 1776 0046 5F       		.byte	0x5f
 1777 0047 00000000 		.uaword	0
 1778 004b 00000000 		.uaword	0
 1779              	.LLST2:
 1780 004f 00000000 		.uaword	.LVL0
 1781 0053 00000000 		.uaword	.LVL2
 1782 0057 0100     		.uahalf	0x1
GAS Infineon TriCore Little Endian C:\\Users\\user1\\AppData\\Local\\Temp\\rta_RTAOS_638388406317960277_1736001\\cccnAAOC.s 			page 39


 1783 0059 5F       		.byte	0x5f
 1784 005a 00000000 		.uaword	0
 1785 005e 00000000 		.uaword	0
 1786              	.section .debug_aranges,"",@progbits
 1787 0000 1C000000 		.uaword	0x1c
 1788 0004 0200     		.uahalf	0x2
 1789 0006 00000000 		.uaword	.Ldebug_info0
 1790 000a 04       		.byte	0x4
 1791 000b 00       		.byte	0
 1792 000c 0000     		.uahalf	0
 1793 000e 0000     		.uahalf	0
 1794 0010 00000000 		.uaword	.LFB0
 1795 0014 52000000 		.uaword	.LFE0-.LFB0
 1796 0018 00000000 		.uaword	0
 1797 001c 00000000 		.uaword	0
 1798              	.section .debug_ranges,"",@progbits
 1799              	.Ldebug_ranges0:
 1800 0000 00000000 		.uaword	.LFB0
 1801 0004 00000000 		.uaword	.LFE0
 1802 0008 00000000 		.uaword	0
 1803 000c 00000000 		.uaword	0
 1804              	.section .debug_line,"",@progbits
 1805              	.Ldebug_line0:
 1806 0000 48010000 	.section .debug_str,"",@progbits
 1806      02001F01 
 1806      00000201 
 1806      FB0E0D00 
 1806      01010101 
 1807              	.LASF4:
 1808 0000 6170706C 		.string	"application"
 1808      69636174 
 1808      696F6E00 
 1809              	.LASF2:
 1810 000c 64796E61 		.string	"dynamic"
 1810      6D696300 
 1811              	.LASF5:
 1812 0014 61637469 		.string	"activation_count"
 1812      76617469 
 1812      6F6E5F63 
 1812      6F756E74 
 1812      00
 1813              	.LASF6:
 1814 0025 74706D61 		.string	"tpmask"
 1814      736B00
 1815              	.LASF1:
 1816 002c 656E7472 		.string	"entry_function"
 1816      795F6675 
 1816      6E637469 
 1816      6F6E00
 1817              	.LASF3:
 1818 003b 61636365 		.string	"access"
 1818      737300
 1819              	.LASF0:
 1820 0042 7265736F 		.string	"resource_count"
 1820      75726365 
 1820      5F636F75 
 1820      6E7400
GAS Infineon TriCore Little Endian C:\\Users\\user1\\AppData\\Local\\Temp\\rta_RTAOS_638388406317960277_1736001\\cccnAAOC.s 			page 40


 1821              		.extern	Os_CoreState,STT_OBJECT,-1
 1822              		.extern	Os_const_coreconfiguration,STT_OBJECT,-1
 1823              		.ident	"GCC: (HighTec Release HDP-v4.9.4.1-11fcedf) 4.9.4 build on 2020-09-01"
