GAS Infineon TriCore Little Endian C:\\Users\\user1\\AppData\\Local\\Temp\\rta_RTAOS_638388406317960277_1736001\\ccuuoJZh.s 			page 1


   1              		.file	"GetStackUsage.c"
   2              	.section .text,"ax",@progbits
   3              	.Ltext0:
   4              	.section .text.Os_GetStackUsage,"ax",@progbits
   5              		.align 1
   6              		.global	Os_GetStackUsage
   7              		.type	Os_GetStackUsage, @function
   8              	Os_GetStackUsage:
   9              	.LFB0:
  10              		.file 1 "C:\\Users\\user1\\AppData\\Local\\Temp\\rta_RTAOS_638388406317960277_1736001\\GetStackUsa
  11              		.loc 1 1366 0
  12              	.LBB2:
  13              		.loc 1 1369 0
  14              	#APP
  15              		# 1369 "C:\Users\user1\AppData\Local\Temp\rta_RTAOS_638388406317960277_1736001\GetStackUsage.c" 1
  16 0000 4DC0E1FF 		mfcr %d15,0xfe1c
  17              		# 0 "" 2
  18              	.LVL0:
  19              	#NO_APP
  20              	.LBE2:
  21              		.loc 1 1370 0
  22 0004 910000F0 		movh.a	%a15, hi:Os_const_coreconfiguration
  23 0008 80F3     		mov.d	%d3, %a15
  24 000a 1B030020 		addi	%d2, %d3, lo:Os_const_coreconfiguration
  25 000e 138F2132 		madd	%d3, %d2, %d15, 24
  26 0012 603F     		mov.a	%a15, %d3
  27 0014 C81F     		ld.a	%a15, [%a15] 4
  28              	.LVL1:
  29              	.LBB3:
  30              		.loc 1 1371 0
  31              	#APP
  32              		# 1371 "C:\Users\user1\AppData\Local\Temp\rta_RTAOS_638388406317960277_1736001\GetStackUsage.c" 1
  33 0016 4D40E0FF 		mfcr %d15,0xfe04
  34              		# 0 "" 2
  35              	.LVL2:
  36              	#NO_APP
  37              	.LBE3:
  38              		.loc 1 1372 0
  39 001a AEB3     		jnz.t	%d15, 11, .L2
  40              		.loc 1 1372 0 is_stmt 0 discriminator 1
  41              	#APP
  42              		# 1372 "C:\Users\user1\AppData\Local\Temp\rta_RTAOS_638388406317960277_1736001\GetStackUsage.c" 1
  43 001c AD008000 		syscall 0
  44              		# 0 "" 2
  45              	#NO_APP
  46              	.L2:
  47              	.LBB4:
  48              		.loc 1 1373 0 is_stmt 1
  49              	#APP
  50              		# 1373 "C:\Users\user1\AppData\Local\Temp\rta_RTAOS_638388406317960277_1736001\GetStackUsage.c" 1
  51 0020 4DC0E2FF 		mfcr %d15,0xFE2C
  52              		# 0 "" 2
  53              	.LVL3:
  54              	#NO_APP
  55              	.LBE4:
  56              	#APP
  57              		# 1373 "C:\Users\user1\AppData\Local\Temp\rta_RTAOS_638388406317960277_1736001\GetStackUsage.c" 1
GAS Infineon TriCore Little Endian C:\\Users\\user1\\AppData\\Local\\Temp\\rta_RTAOS_638388406317960277_1736001\\ccuuoJZh.s 			page 2


  58 0024 0D004003 		disable
  59              		# 0 "" 2
  60              	.LVL4:
  61              	#NO_APP
  62              	.LBB5:
  63 0028 BBF00F28 		mov.u	%d2, 33023
  64              	#APP
  65              		# 1373 "C:\Users\user1\AppData\Local\Temp\rta_RTAOS_638388406317960277_1736001\GetStackUsage.c" 1
  66 002c CDC2E20F 		mtcr 0xFE2C,%d2
  67              		# 0 "" 2
  68              	#NO_APP
  69              	.LBE5:
  70              	#APP
  71              		# 1373 "C:\Users\user1\AppData\Local\Temp\rta_RTAOS_638388406317960277_1736001\GetStackUsage.c" 1
  72 0030 0D00C004 		isync
  73              		# 0 "" 2
  74              		.loc 1 1374 0
  75              	#NO_APP
  76 0034 3BD00520 		mov	%d2, 93
  77 0038 E9F21800 		st.b	[%a15] 24, %d2
  78              	.LVL5:
  79              	.LBB6:
  80              		.loc 1 1376 0
  81              	#APP
  82              		# 1376 "C:\Users\user1\AppData\Local\Temp\rta_RTAOS_638388406317960277_1736001\GetStackUsage.c" 1
  83 003c CDCFE20F 		mtcr 0xFE2C,%d15
  84              		# 0 "" 2
  85              	#NO_APP
  86              	.LBE6:
  87              	#APP
  88              		# 1376 "C:\Users\user1\AppData\Local\Temp\rta_RTAOS_638388406317960277_1736001\GetStackUsage.c" 1
  89 0040 0D00C004 		isync
  90              		# 0 "" 2
  91              		.loc 1 1377 0
  92              	#NO_APP
  93 0044 DA5C     		mov	%d15, 92
  94              	.LVL6:
  95 0046 E9FF1800 		st.b	[%a15] 24, %d15
  96              		.loc 1 1380 0
  97 004a D202     		mov	%e2, 0
  98 004c 0090     		ret
  99              	.LFE0:
 100              		.size	Os_GetStackUsage, .-Os_GetStackUsage
 101              	.section .debug_frame,"",@progbits
 102              	.Lframe0:
 103 0000 0C000000 		.uaword	.LECIE0-.LSCIE0
 104              	.LSCIE0:
 105 0004 FFFFFFFF 		.uaword	0xffffffff
 106 0008 01       		.byte	0x1
 107 0009 00       		.string	""
 108 000a 01       		.uleb128 0x1
 109 000b 01       		.sleb128 1
 110 000c 1B       		.byte	0x1b
 111 000d 0C       		.byte	0xc
 112 000e 1A       		.uleb128 0x1a
 113 000f 00       		.uleb128 0
 114              		.align 2
GAS Infineon TriCore Little Endian C:\\Users\\user1\\AppData\\Local\\Temp\\rta_RTAOS_638388406317960277_1736001\\ccuuoJZh.s 			page 3


 115              	.LECIE0:
 116              	.LSFDE0:
 117 0010 0C000000 		.uaword	.LEFDE0-.LASFDE0
 118              	.LASFDE0:
 119 0014 00000000 		.uaword	.Lframe0
 120 0018 00000000 		.uaword	.LFB0
 121 001c 4E000000 		.uaword	.LFE0-.LFB0
 122              		.align 2
 123              	.LEFDE0:
 124              	.section .text,"ax",@progbits
 125              	.Letext0:
 126              		.file 2 "D:\\home\\user123\\user\\Mohan6_VectorSIP\\21Dec23\\15Dec23_CAN_merge_21stDec\\25_Softwar
 127              		.file 3 "D:\\home\\user123\\user\\Mohan6_VectorSIP\\21Dec23\\15Dec23_CAN_merge_21stDec\\25_Softwar
 128              	.section .debug_info,"",@progbits
 129              	.Ldebug_info0:
 130 0000 42110000 		.uaword	0x1142
 131 0004 0200     		.uahalf	0x2
 132 0006 00000000 		.uaword	.Ldebug_abbrev0
 133 000a 04       		.byte	0x4
 134 000b 01       		.uleb128 0x1
 135 000c 474E5520 		.ascii	"GNU C 4."
 135      4320342E 
 136 0014 392E3420 		.string	"9.4 build on 2020-09-01 -mlicense-dir=c:\\hightec\\toolchains\\tricore\\v4.9.4.1\\bin\\..
 136      6275696C 
 136      64206F6E 
 136      20323032 
 136      302D3039 
 137 0115 01       		.byte	0x1
 138 0116 433A5C55 		.string	"C:\\Users\\user1\\AppData\\Local\\Temp\\rta_RTAOS_638388406317960277_1736001\\GetStackUsa
 138      73657273 
 138      5C757365 
 138      72315C41 
 138      70704461 
 139 016d 00000000 		.uaword	.Ldebug_ranges0+0
 140 0171 00000000 		.uaword	0
 141 0175 00000000 		.uaword	0
 142 0179 00000000 		.uaword	.Ldebug_line0
 143 017d 02       		.uleb128 0x2
 144 017e 75696E74 		.string	"uint8"
 144      3800
 145 0184 02       		.byte	0x2
 146 0185 34       		.byte	0x34
 147 0186 8A010000 		.uaword	0x18a
 148 018a 03       		.uleb128 0x3
 149 018b 01       		.byte	0x1
 150 018c 08       		.byte	0x8
 151 018d 756E7369 		.string	"unsigned char"
 151      676E6564 
 151      20636861 
 151      7200
 152 019b 02       		.uleb128 0x2
 153 019c 75696E74 		.string	"uint16"
 153      313600
 154 01a3 02       		.byte	0x2
 155 01a4 35       		.byte	0x35
 156 01a5 A9010000 		.uaword	0x1a9
 157 01a9 03       		.uleb128 0x3
GAS Infineon TriCore Little Endian C:\\Users\\user1\\AppData\\Local\\Temp\\rta_RTAOS_638388406317960277_1736001\\ccuuoJZh.s 			page 4


 158 01aa 02       		.byte	0x2
 159 01ab 07       		.byte	0x7
 160 01ac 73686F72 		.string	"short unsigned int"
 160      7420756E 
 160      7369676E 
 160      65642069 
 160      6E7400
 161 01bf 02       		.uleb128 0x2
 162 01c0 75696E74 		.string	"uint32"
 162      333200
 163 01c7 02       		.byte	0x2
 164 01c8 36       		.byte	0x36
 165 01c9 CD010000 		.uaword	0x1cd
 166 01cd 03       		.uleb128 0x3
 167 01ce 04       		.byte	0x4
 168 01cf 07       		.byte	0x7
 169 01d0 756E7369 		.string	"unsigned int"
 169      676E6564 
 169      20696E74 
 169      00
 170 01dd 03       		.uleb128 0x3
 171 01de 01       		.byte	0x1
 172 01df 06       		.byte	0x6
 173 01e0 7369676E 		.string	"signed char"
 173      65642063 
 173      68617200 
 174 01ec 03       		.uleb128 0x3
 175 01ed 02       		.byte	0x2
 176 01ee 05       		.byte	0x5
 177 01ef 73686F72 		.string	"short int"
 177      7420696E 
 177      7400
 178 01f9 03       		.uleb128 0x3
 179 01fa 04       		.byte	0x4
 180 01fb 05       		.byte	0x5
 181 01fc 696E7400 		.string	"int"
 182 0200 03       		.uleb128 0x3
 183 0201 04       		.byte	0x4
 184 0202 04       		.byte	0x4
 185 0203 666C6F61 		.string	"float"
 185      7400
 186 0209 03       		.uleb128 0x3
 187 020a 08       		.byte	0x8
 188 020b 04       		.byte	0x4
 189 020c 646F7562 		.string	"double"
 189      6C6500
 190 0213 03       		.uleb128 0x3
 191 0214 08       		.byte	0x8
 192 0215 05       		.byte	0x5
 193 0216 6C6F6E67 		.string	"long long int"
 193      206C6F6E 
 193      6720696E 
 193      7400
 194 0224 03       		.uleb128 0x3
 195 0225 08       		.byte	0x8
 196 0226 07       		.byte	0x7
 197 0227 6C6F6E67 		.string	"long long unsigned int"
GAS Infineon TriCore Little Endian C:\\Users\\user1\\AppData\\Local\\Temp\\rta_RTAOS_638388406317960277_1736001\\ccuuoJZh.s 			page 5


 197      206C6F6E 
 197      6720756E 
 197      7369676E 
 197      65642069 
 198 023e 02       		.uleb128 0x2
 199 023f 626F6F6C 		.string	"boolean"
 199      65616E00 
 200 0247 02       		.byte	0x2
 201 0248 49       		.byte	0x49
 202 0249 8A010000 		.uaword	0x18a
 203 024d 02       		.uleb128 0x2
 204 024e 53746174 		.string	"StatusType"
 204      75735479 
 204      706500
 205 0259 03       		.byte	0x3
 206 025a 28       		.byte	0x28
 207 025b 8A010000 		.uaword	0x18a
 208 025f 04       		.uleb128 0x4
 209 0260 08       		.byte	0x8
 210 0261 01       		.byte	0x1
 211 0262 7C       		.byte	0x7c
 212 0263 9E020000 		.uaword	0x29e
 213 0267 05       		.uleb128 0x5
 214 0268 436C6173 		.string	"Class"
 214      7300
 215 026e 01       		.byte	0x1
 216 026f 7D       		.byte	0x7d
 217 0270 7D010000 		.uaword	0x17d
 218 0274 02       		.byte	0x2
 219 0275 23       		.byte	0x23
 220 0276 00       		.uleb128 0
 221 0277 05       		.uleb128 0x5
 222 0278 54494E00 		.string	"TIN"
 223 027c 01       		.byte	0x1
 224 027d 7E       		.byte	0x7e
 225 027e 7D010000 		.uaword	0x17d
 226 0282 02       		.byte	0x2
 227 0283 23       		.byte	0x23
 228 0284 01       		.uleb128 0x1
 229 0285 05       		.uleb128 0x5
 230 0286 52657475 		.string	"ReturnAddress"
 230      726E4164 
 230      64726573 
 230      7300
 231 0294 01       		.byte	0x1
 232 0295 7F       		.byte	0x7f
 233 0296 BF010000 		.uaword	0x1bf
 234 029a 02       		.byte	0x2
 235 029b 23       		.byte	0x23
 236 029c 04       		.uleb128 0x4
 237 029d 00       		.byte	0
 238 029e 02       		.uleb128 0x2
 239 029f 4F735472 		.string	"OsTrapInfoType"
 239      6170496E 
 239      666F5479 
 239      706500
 240 02ae 01       		.byte	0x1
GAS Infineon TriCore Little Endian C:\\Users\\user1\\AppData\\Local\\Temp\\rta_RTAOS_638388406317960277_1736001\\ccuuoJZh.s 			page 6


 241 02af 80       		.byte	0x80
 242 02b0 5F020000 		.uaword	0x25f
 243 02b4 02       		.uleb128 0x2
 244 02b5 75696E74 		.string	"uint32_aligned"
 244      33325F61 
 244      6C69676E 
 244      656400
 245 02c4 01       		.byte	0x1
 246 02c5 86       		.byte	0x86
 247 02c6 BF010000 		.uaword	0x1bf
 248 02ca 04       		.uleb128 0x4
 249 02cb 44       		.byte	0x44
 250 02cc 01       		.byte	0x1
 251 02cd AB       		.byte	0xab
 252 02ce E3020000 		.uaword	0x2e3
 253 02d2 05       		.uleb128 0x5
 254 02d3 73746F72 		.string	"store"
 254      6500
 255 02d9 01       		.byte	0x1
 256 02da AC       		.byte	0xac
 257 02db E3020000 		.uaword	0x2e3
 258 02df 02       		.byte	0x2
 259 02e0 23       		.byte	0x23
 260 02e1 00       		.uleb128 0
 261 02e2 00       		.byte	0
 262 02e3 06       		.uleb128 0x6
 263 02e4 BF010000 		.uaword	0x1bf
 264 02e8 F3020000 		.uaword	0x2f3
 265 02ec 07       		.uleb128 0x7
 266 02ed F3020000 		.uaword	0x2f3
 267 02f1 10       		.byte	0x10
 268 02f2 00       		.byte	0
 269 02f3 03       		.uleb128 0x3
 270 02f4 04       		.byte	0x4
 271 02f5 07       		.byte	0x7
 272 02f6 73697A65 		.string	"sizetype"
 272      74797065 
 272      00
 273 02ff 02       		.uleb128 0x2
 274 0300 4F735F4A 		.string	"Os_JumpBufType"
 274      756D7042 
 274      75665479 
 274      706500
 275 030f 01       		.byte	0x1
 276 0310 AD       		.byte	0xad
 277 0311 15030000 		.uaword	0x315
 278 0315 06       		.uleb128 0x6
 279 0316 CA020000 		.uaword	0x2ca
 280 031a 25030000 		.uaword	0x325
 281 031e 07       		.uleb128 0x7
 282 031f F3020000 		.uaword	0x2f3
 283 0323 00       		.byte	0
 284 0324 00       		.byte	0
 285 0325 02       		.uleb128 0x2
 286 0326 4F735F52 		.string	"Os_ResourceCountType"
 286      65736F75 
 286      72636543 
GAS Infineon TriCore Little Endian C:\\Users\\user1\\AppData\\Local\\Temp\\rta_RTAOS_638388406317960277_1736001\\ccuuoJZh.s 			page 7


 286      6F756E74 
 286      54797065 
 287 033b 01       		.byte	0x1
 288 033c BE       		.byte	0xbe
 289 033d 8A010000 		.uaword	0x18a
 290 0341 02       		.uleb128 0x2
 291 0342 4F735F53 		.string	"Os_StackTraceType"
 291      7461636B 
 291      54726163 
 291      65547970 
 291      6500
 292 0354 01       		.byte	0x1
 293 0355 BF       		.byte	0xbf
 294 0356 CD010000 		.uaword	0x1cd
 295 035a 04       		.uleb128 0x4
 296 035b 08       		.byte	0x8
 297 035c 01       		.byte	0x1
 298 035d C0       		.byte	0xc0
 299 035e 7E030000 		.uaword	0x37e
 300 0362 05       		.uleb128 0x5
 301 0363 737000   		.string	"sp"
 302 0366 01       		.byte	0x1
 303 0367 C0       		.byte	0xc0
 304 0368 41030000 		.uaword	0x341
 305 036c 02       		.byte	0x2
 306 036d 23       		.byte	0x23
 307 036e 00       		.uleb128 0
 308 036f 05       		.uleb128 0x5
 309 0370 63747800 		.string	"ctx"
 310 0374 01       		.byte	0x1
 311 0375 C0       		.byte	0xc0
 312 0376 41030000 		.uaword	0x341
 313 037a 02       		.byte	0x2
 314 037b 23       		.byte	0x23
 315 037c 04       		.uleb128 0x4
 316 037d 00       		.byte	0
 317 037e 02       		.uleb128 0x2
 318 037f 4F735F53 		.string	"Os_StackValueType"
 318      7461636B 
 318      56616C75 
 318      65547970 
 318      6500
 319 0391 01       		.byte	0x1
 320 0392 C0       		.byte	0xc0
 321 0393 5A030000 		.uaword	0x35a
 322 0397 02       		.uleb128 0x2
 323 0398 4F735F53 		.string	"Os_StackSizeType"
 323      7461636B 
 323      53697A65 
 323      54797065 
 323      00
 324 03a9 01       		.byte	0x1
 325 03aa C1       		.byte	0xc1
 326 03ab 7E030000 		.uaword	0x37e
 327 03af 02       		.uleb128 0x2
 328 03b0 4F735F56 		.string	"Os_VoidVoidFunctionType"
 328      6F696456 
GAS Infineon TriCore Little Endian C:\\Users\\user1\\AppData\\Local\\Temp\\rta_RTAOS_638388406317960277_1736001\\ccuuoJZh.s 			page 8


 328      6F696446 
 328      756E6374 
 328      696F6E54 
 329 03c8 01       		.byte	0x1
 330 03c9 C7       		.byte	0xc7
 331 03ca CE030000 		.uaword	0x3ce
 332 03ce 08       		.uleb128 0x8
 333 03cf 04       		.byte	0x4
 334 03d0 D4030000 		.uaword	0x3d4
 335 03d4 09       		.uleb128 0x9
 336 03d5 01       		.byte	0x1
 337 03d6 02       		.uleb128 0x2
 338 03d7 4170706C 		.string	"ApplicationType"
 338      69636174 
 338      696F6E54 
 338      79706500 
 339 03e7 01       		.byte	0x1
 340 03e8 D5       		.byte	0xd5
 341 03e9 8A010000 		.uaword	0x18a
 342 03ed 02       		.uleb128 0x2
 343 03ee 4F735F74 		.string	"Os_tmaskType"
 343      6D61736B 
 343      54797065 
 343      00
 344 03fb 01       		.byte	0x1
 345 03fc D9       		.byte	0xd9
 346 03fd BF010000 		.uaword	0x1bf
 347 0401 02       		.uleb128 0x2
 348 0402 4F735F43 		.string	"Os_CoreStateType"
 348      6F726553 
 348      74617465 
 348      54797065 
 348      00
 349 0413 01       		.byte	0x1
 350 0414 E7       		.byte	0xe7
 351 0415 BF010000 		.uaword	0x1bf
 352 0419 02       		.uleb128 0x2
 353 041a 4F735F53 		.string	"Os_StopwatchTickType"
 353      746F7077 
 353      61746368 
 353      5469636B 
 353      54797065 
 354 042f 01       		.byte	0x1
 355 0430 FD       		.byte	0xfd
 356 0431 CD010000 		.uaword	0x1cd
 357 0435 0A       		.uleb128 0xa
 358 0436 4F735F54 		.string	"Os_TerminatorType"
 358      65726D69 
 358      6E61746F 
 358      72547970 
 358      6500
 359 0448 01       		.byte	0x1
 360 0449 0201     		.uahalf	0x102
 361 044b 4F040000 		.uaword	0x44f
 362 044f 08       		.uleb128 0x8
 363 0450 04       		.byte	0x4
 364 0451 FF020000 		.uaword	0x2ff
GAS Infineon TriCore Little Endian C:\\Users\\user1\\AppData\\Local\\Temp\\rta_RTAOS_638388406317960277_1736001\\ccuuoJZh.s 			page 9


 365 0455 0A       		.uleb128 0xa
 366 0456 4F735F4C 		.string	"Os_Lockable"
 366      6F636B61 
 366      626C6500 
 367 0462 01       		.byte	0x1
 368 0463 0701     		.uahalf	0x107
 369 0465 B4020000 		.uaword	0x2b4
 370 0469 0A       		.uleb128 0xa
 371 046a 436F7265 		.string	"CoreIdType"
 371      49645479 
 371      706500
 372 0475 01       		.byte	0x1
 373 0476 0901     		.uahalf	0x109
 374 0478 9B010000 		.uaword	0x19b
 375 047c 0B       		.uleb128 0xb
 376 047d 55040000 		.uaword	0x455
 377 0481 0C       		.uleb128 0xc
 378 0482 4F735F43 		.string	"Os_ControlledCoreType_s"
 378      6F6E7472 
 378      6F6C6C65 
 378      64436F72 
 378      65547970 
 379 049a 58       		.byte	0x58
 380 049b 01       		.byte	0x1
 381 049c 1004     		.uahalf	0x410
 382 049e 7F060000 		.uaword	0x67f
 383 04a2 0D       		.uleb128 0xd
 384 04a3 54726170 		.string	"TrapInfo"
 384      496E666F 
 384      00
 385 04ac 01       		.byte	0x1
 386 04ad 1104     		.uahalf	0x411
 387 04af 9E020000 		.uaword	0x29e
 388 04b3 02       		.byte	0x2
 389 04b4 23       		.byte	0x23
 390 04b5 00       		.uleb128 0
 391 04b6 0D       		.uleb128 0xd
 392 04b7 4572726F 		.string	"ErrorInformation"
 392      72496E66 
 392      6F726D61 
 392      74696F6E 
 392      00
 393 04c8 01       		.byte	0x1
 394 04c9 1204     		.uahalf	0x412
 395 04cb 120D0000 		.uaword	0xd12
 396 04cf 02       		.byte	0x2
 397 04d0 23       		.byte	0x23
 398 04d1 08       		.uleb128 0x8
 399 04d2 0D       		.uleb128 0xd
 400 04d3 6C6F636B 		.string	"lock_taskaccess"
 400      5F746173 
 400      6B616363 
 400      65737300 
 401 04e3 01       		.byte	0x1
 402 04e4 1304     		.uahalf	0x413
 403 04e6 7C040000 		.uaword	0x47c
 404 04ea 02       		.byte	0x2
GAS Infineon TriCore Little Endian C:\\Users\\user1\\AppData\\Local\\Temp\\rta_RTAOS_638388406317960277_1736001\\ccuuoJZh.s 			page 10


 405 04eb 23       		.byte	0x23
 406 04ec 18       		.uleb128 0x18
 407 04ed 0D       		.uleb128 0xd
 408 04ee 52656164 		.string	"ReadyTasks"
 408      79546173 
 408      6B7300
 409 04f9 01       		.byte	0x1
 410 04fa 1404     		.uahalf	0x414
 411 04fc 480D0000 		.uaword	0xd48
 412 0500 02       		.byte	0x2
 413 0501 23       		.byte	0x23
 414 0502 1C       		.uleb128 0x1c
 415 0503 0D       		.uleb128 0xd
 416 0504 52756E6E 		.string	"RunningISR"
 416      696E6749 
 416      535200
 417 050f 01       		.byte	0x1
 418 0510 1504     		.uahalf	0x415
 419 0512 4D0D0000 		.uaword	0xd4d
 420 0516 02       		.byte	0x2
 421 0517 23       		.byte	0x23
 422 0518 20       		.uleb128 0x20
 423 0519 0D       		.uleb128 0xd
 424 051a 52756E6E 		.string	"RunningTask"
 424      696E6754 
 424      61736B00 
 425 0526 01       		.byte	0x1
 426 0527 1604     		.uahalf	0x416
 427 0529 520D0000 		.uaword	0xd52
 428 052d 02       		.byte	0x2
 429 052e 23       		.byte	0x23
 430 052f 24       		.uleb128 0x24
 431 0530 0D       		.uleb128 0xd
 432 0531 52756E6E 		.string	"RunningTPMask"
 432      696E6754 
 432      504D6173 
 432      6B00
 433 053f 01       		.byte	0x1
 434 0540 1704     		.uahalf	0x417
 435 0542 570D0000 		.uaword	0xd57
 436 0546 02       		.byte	0x2
 437 0547 23       		.byte	0x23
 438 0548 28       		.uleb128 0x28
 439 0549 0D       		.uleb128 0xd
 440 054a 5465726D 		.string	"TerminatingTasks"
 440      696E6174 
 440      696E6754 
 440      61736B73 
 440      00
 441 055b 01       		.byte	0x1
 442 055c 1804     		.uahalf	0x418
 443 055e 480D0000 		.uaword	0xd48
 444 0562 02       		.byte	0x2
 445 0563 23       		.byte	0x23
 446 0564 2C       		.uleb128 0x2c
 447 0565 0D       		.uleb128 0xd
 448 0566 4170706C 		.string	"Application"
GAS Infineon TriCore Little Endian C:\\Users\\user1\\AppData\\Local\\Temp\\rta_RTAOS_638388406317960277_1736001\\ccuuoJZh.s 			page 11


 448      69636174 
 448      696F6E00 
 449 0572 01       		.byte	0x1
 450 0573 1904     		.uahalf	0x419
 451 0575 D6030000 		.uaword	0x3d6
 452 0579 02       		.byte	0x2
 453 057a 23       		.byte	0x23
 454 057b 30       		.uleb128 0x30
 455 057c 0D       		.uleb128 0xd
 456 057d 43757272 		.string	"CurrentTerminator"
 456      656E7454 
 456      65726D69 
 456      6E61746F 
 456      7200
 457 058f 01       		.byte	0x1
 458 0590 1A04     		.uahalf	0x41a
 459 0592 5C0D0000 		.uaword	0xd5c
 460 0596 02       		.byte	0x2
 461 0597 23       		.byte	0x23
 462 0598 34       		.uleb128 0x34
 463 0599 0D       		.uleb128 0xd
 464 059a 43757272 		.string	"CurrentMeteredObject"
 464      656E744D 
 464      65746572 
 464      65644F62 
 464      6A656374 
 465 05af 01       		.byte	0x1
 466 05b0 1B04     		.uahalf	0x41b
 467 05b2 EB060000 		.uaword	0x6eb
 468 05b6 02       		.byte	0x2
 469 05b7 23       		.byte	0x23
 470 05b8 38       		.uleb128 0x38
 471 05b9 0D       		.uleb128 0xd
 472 05ba 49646C65 		.string	"IdleMeter"
 472      4D657465 
 472      7200
 473 05c4 01       		.byte	0x1
 474 05c5 1C04     		.uahalf	0x41c
 475 05c7 D2060000 		.uaword	0x6d2
 476 05cb 02       		.byte	0x2
 477 05cc 23       		.byte	0x23
 478 05cd 3C       		.uleb128 0x3c
 479 05ce 0D       		.uleb128 0xd
 480 05cf 41707041 		.string	"AppAccess"
 480      63636573 
 480      7300
 481 05d9 01       		.byte	0x1
 482 05da 1D04     		.uahalf	0x41d
 483 05dc 7D010000 		.uaword	0x17d
 484 05e0 02       		.byte	0x2
 485 05e1 23       		.byte	0x23
 486 05e2 48       		.uleb128 0x48
 487 05e3 0D       		.uleb128 0xd
 488 05e4 4170704F 		.string	"AppOverride"
 488      76657272 
 488      69646500 
 489 05f0 01       		.byte	0x1
GAS Infineon TriCore Little Endian C:\\Users\\user1\\AppData\\Local\\Temp\\rta_RTAOS_638388406317960277_1736001\\ccuuoJZh.s 			page 12


 490 05f1 1E04     		.uahalf	0x41e
 491 05f3 610D0000 		.uaword	0xd61
 492 05f7 02       		.byte	0x2
 493 05f8 23       		.byte	0x23
 494 05f9 49       		.uleb128 0x49
 495 05fa 0D       		.uleb128 0xd
 496 05fb 47657453 		.string	"GetStackValueAdjust"
 496      7461636B 
 496      56616C75 
 496      6541646A 
 496      75737400 
 497 060f 01       		.byte	0x1
 498 0610 1F04     		.uahalf	0x41f
 499 0612 97030000 		.uaword	0x397
 500 0616 02       		.byte	0x2
 501 0617 23       		.byte	0x23
 502 0618 4C       		.uleb128 0x4c
 503 0619 0D       		.uleb128 0xd
 504 061a 496E4572 		.string	"InErrorHook"
 504      726F7248 
 504      6F6F6B00 
 505 0626 01       		.byte	0x1
 506 0627 2004     		.uahalf	0x420
 507 0629 3E020000 		.uaword	0x23e
 508 062d 02       		.byte	0x2
 509 062e 23       		.byte	0x23
 510 062f 54       		.uleb128 0x54
 511 0630 0D       		.uleb128 0xd
 512 0631 496E5072 		.string	"InProtectionHook"
 512      6F746563 
 512      74696F6E 
 512      486F6F6B 
 512      00
 513 0642 01       		.byte	0x1
 514 0643 2104     		.uahalf	0x421
 515 0645 3E020000 		.uaword	0x23e
 516 0649 02       		.byte	0x2
 517 064a 23       		.byte	0x23
 518 064b 55       		.uleb128 0x55
 519 064c 0D       		.uleb128 0xd
 520 064d 436F7265 		.string	"CoreIsActive"
 520      49734163 
 520      74697665 
 520      00
 521 065a 01       		.byte	0x1
 522 065b 2204     		.uahalf	0x422
 523 065d 3E020000 		.uaword	0x23e
 524 0661 02       		.byte	0x2
 525 0662 23       		.byte	0x23
 526 0663 56       		.uleb128 0x56
 527 0664 0D       		.uleb128 0xd
 528 0665 496E5368 		.string	"InShutdownHook"
 528      7574646F 
 528      776E486F 
 528      6F6B00
 529 0674 01       		.byte	0x1
 530 0675 2304     		.uahalf	0x423
GAS Infineon TriCore Little Endian C:\\Users\\user1\\AppData\\Local\\Temp\\rta_RTAOS_638388406317960277_1736001\\ccuuoJZh.s 			page 13


 531 0677 3E020000 		.uaword	0x23e
 532 067b 02       		.byte	0x2
 533 067c 23       		.byte	0x23
 534 067d 57       		.uleb128 0x57
 535 067e 00       		.byte	0
 536 067f 0C       		.uleb128 0xc
 537 0680 4F735F4D 		.string	"Os_MeterInfoType_s"
 537      65746572 
 537      496E666F 
 537      54797065 
 537      5F7300
 538 0693 0C       		.byte	0xc
 539 0694 01       		.byte	0x1
 540 0695 7201     		.uahalf	0x172
 541 0697 D2060000 		.uaword	0x6d2
 542 069b 0D       		.uleb128 0xd
 543 069c 656C6170 		.string	"elapsed"
 543      73656400 
 544 06a4 01       		.byte	0x1
 545 06a5 7301     		.uahalf	0x173
 546 06a7 19040000 		.uaword	0x419
 547 06ab 02       		.byte	0x2
 548 06ac 23       		.byte	0x23
 549 06ad 00       		.uleb128 0
 550 06ae 0D       		.uleb128 0xd
 551 06af 70726576 		.string	"previous"
 551      696F7573 
 551      00
 552 06b8 01       		.byte	0x1
 553 06b9 7401     		.uahalf	0x174
 554 06bb 19040000 		.uaword	0x419
 555 06bf 02       		.byte	0x2
 556 06c0 23       		.byte	0x23
 557 06c1 04       		.uleb128 0x4
 558 06c2 0D       		.uleb128 0xd
 559 06c3 6D617800 		.string	"max"
 560 06c7 01       		.byte	0x1
 561 06c8 7501     		.uahalf	0x175
 562 06ca 19040000 		.uaword	0x419
 563 06ce 02       		.byte	0x2
 564 06cf 23       		.byte	0x23
 565 06d0 08       		.uleb128 0x8
 566 06d1 00       		.byte	0
 567 06d2 0A       		.uleb128 0xa
 568 06d3 4F735F4D 		.string	"Os_MeterInfoType"
 568      65746572 
 568      496E666F 
 568      54797065 
 568      00
 569 06e4 01       		.byte	0x1
 570 06e5 7601     		.uahalf	0x176
 571 06e7 7F060000 		.uaword	0x67f
 572 06eb 0A       		.uleb128 0xa
 573 06ec 4F735F4D 		.string	"Os_MeterInfoRefType"
 573      65746572 
 573      496E666F 
 573      52656654 
GAS Infineon TriCore Little Endian C:\\Users\\user1\\AppData\\Local\\Temp\\rta_RTAOS_638388406317960277_1736001\\ccuuoJZh.s 			page 14


 573      79706500 
 574 0700 01       		.byte	0x1
 575 0701 7701     		.uahalf	0x177
 576 0703 07070000 		.uaword	0x707
 577 0707 08       		.uleb128 0x8
 578 0708 04       		.byte	0x4
 579 0709 D2060000 		.uaword	0x6d2
 580 070d 0A       		.uleb128 0xa
 581 070e 4F735F69 		.string	"Os_imaskType"
 581      6D61736B 
 581      54797065 
 581      00
 582 071b 01       		.byte	0x1
 583 071c 7F01     		.uahalf	0x17f
 584 071e BF010000 		.uaword	0x1bf
 585 0722 0C       		.uleb128 0xc
 586 0723 4F735F49 		.string	"Os_ISRDynType_s"
 586      53524479 
 586      6E547970 
 586      655F7300 
 587 0733 10       		.byte	0x10
 588 0734 01       		.byte	0x1
 589 0735 8101     		.uahalf	0x181
 590 0737 73070000 		.uaword	0x773
 591 073b 0E       		.uleb128 0xe
 592 073c 00000000 		.uaword	.LASF0
 593 0740 01       		.byte	0x1
 594 0741 8201     		.uahalf	0x182
 595 0743 25030000 		.uaword	0x325
 596 0747 02       		.byte	0x2
 597 0748 23       		.byte	0x23
 598 0749 00       		.uleb128 0
 599 074a 0D       		.uleb128 0xd
 600 074b 7465726D 		.string	"terminating"
 600      696E6174 
 600      696E6700 
 601 0757 01       		.byte	0x1
 602 0758 8301     		.uahalf	0x183
 603 075a 3E020000 		.uaword	0x23e
 604 075e 02       		.byte	0x2
 605 075f 23       		.byte	0x23
 606 0760 01       		.uleb128 0x1
 607 0761 0D       		.uleb128 0xd
 608 0762 6D657465 		.string	"meter"
 608      7200
 609 0768 01       		.byte	0x1
 610 0769 8401     		.uahalf	0x184
 611 076b D2060000 		.uaword	0x6d2
 612 076f 02       		.byte	0x2
 613 0770 23       		.byte	0x23
 614 0771 04       		.uleb128 0x4
 615 0772 00       		.byte	0
 616 0773 0A       		.uleb128 0xa
 617 0774 4F735F49 		.string	"Os_ISRDynType"
 617      53524479 
 617      6E547970 
 617      6500
GAS Infineon TriCore Little Endian C:\\Users\\user1\\AppData\\Local\\Temp\\rta_RTAOS_638388406317960277_1736001\\ccuuoJZh.s 			page 15


 618 0782 01       		.byte	0x1
 619 0783 8501     		.uahalf	0x185
 620 0785 22070000 		.uaword	0x722
 621 0789 0A       		.uleb128 0xa
 622 078a 4F735F49 		.string	"Os_IsrTerminatedFunctionType"
 622      73725465 
 622      726D696E 
 622      61746564 
 622      46756E63 
 623 07a7 01       		.byte	0x1
 624 07a8 8601     		.uahalf	0x186
 625 07aa CE030000 		.uaword	0x3ce
 626 07ae 0C       		.uleb128 0xc
 627 07af 4F735F49 		.string	"Os_ISRType_s"
 627      53525479 
 627      70655F73 
 627      00
 628 07bc 18       		.byte	0x18
 629 07bd 01       		.byte	0x1
 630 07be 8701     		.uahalf	0x187
 631 07c0 42080000 		.uaword	0x842
 632 07c4 0E       		.uleb128 0xe
 633 07c5 00000000 		.uaword	.LASF1
 634 07c9 01       		.byte	0x1
 635 07ca 8801     		.uahalf	0x188
 636 07cc AF030000 		.uaword	0x3af
 637 07d0 02       		.byte	0x2
 638 07d1 23       		.byte	0x23
 639 07d2 00       		.uleb128 0
 640 07d3 0D       		.uleb128 0xd
 641 07d4 7465726D 		.string	"terminated_function"
 641      696E6174 
 641      65645F66 
 641      756E6374 
 641      696F6E00 
 642 07e8 01       		.byte	0x1
 643 07e9 8901     		.uahalf	0x189
 644 07eb 89070000 		.uaword	0x789
 645 07ef 02       		.byte	0x2
 646 07f0 23       		.byte	0x23
 647 07f1 04       		.uleb128 0x4
 648 07f2 0E       		.uleb128 0xe
 649 07f3 00000000 		.uaword	.LASF2
 650 07f7 01       		.byte	0x1
 651 07f8 8A01     		.uahalf	0x18a
 652 07fa 42080000 		.uaword	0x842
 653 07fe 02       		.byte	0x2
 654 07ff 23       		.byte	0x23
 655 0800 08       		.uleb128 0x8
 656 0801 0D       		.uleb128 0xd
 657 0802 696D6173 		.string	"imask"
 657      6B00
 658 0808 01       		.byte	0x1
 659 0809 8B01     		.uahalf	0x18b
 660 080b 0D070000 		.uaword	0x70d
 661 080f 02       		.byte	0x2
 662 0810 23       		.byte	0x23
GAS Infineon TriCore Little Endian C:\\Users\\user1\\AppData\\Local\\Temp\\rta_RTAOS_638388406317960277_1736001\\ccuuoJZh.s 			page 16


 663 0811 0C       		.uleb128 0xc
 664 0812 0D       		.uleb128 0xd
 665 0813 696E6465 		.string	"index"
 665      7800
 666 0819 01       		.byte	0x1
 667 081a 8C01     		.uahalf	0x18c
 668 081c BF010000 		.uaword	0x1bf
 669 0820 02       		.byte	0x2
 670 0821 23       		.byte	0x23
 671 0822 10       		.uleb128 0x10
 672 0823 0E       		.uleb128 0xe
 673 0824 00000000 		.uaword	.LASF3
 674 0828 01       		.byte	0x1
 675 0829 8D01     		.uahalf	0x18d
 676 082b 7D010000 		.uaword	0x17d
 677 082f 02       		.byte	0x2
 678 0830 23       		.byte	0x23
 679 0831 14       		.uleb128 0x14
 680 0832 0E       		.uleb128 0xe
 681 0833 00000000 		.uaword	.LASF4
 682 0837 01       		.byte	0x1
 683 0838 8E01     		.uahalf	0x18e
 684 083a D6030000 		.uaword	0x3d6
 685 083e 02       		.byte	0x2
 686 083f 23       		.byte	0x23
 687 0840 15       		.uleb128 0x15
 688 0841 00       		.byte	0
 689 0842 0F       		.uleb128 0xf
 690 0843 47080000 		.uaword	0x847
 691 0847 08       		.uleb128 0x8
 692 0848 04       		.byte	0x4
 693 0849 73070000 		.uaword	0x773
 694 084d 0A       		.uleb128 0xa
 695 084e 4F735F49 		.string	"Os_ISRType"
 695      53525479 
 695      706500
 696 0859 01       		.byte	0x1
 697 085a 8F01     		.uahalf	0x18f
 698 085c AE070000 		.uaword	0x7ae
 699 0860 0A       		.uleb128 0xa
 700 0861 49535254 		.string	"ISRType"
 700      79706500 
 701 0869 01       		.byte	0x1
 702 086a 9001     		.uahalf	0x190
 703 086c 70080000 		.uaword	0x870
 704 0870 08       		.uleb128 0x8
 705 0871 04       		.byte	0x4
 706 0872 76080000 		.uaword	0x876
 707 0876 0F       		.uleb128 0xf
 708 0877 4D080000 		.uaword	0x84d
 709 087b 0A       		.uleb128 0xa
 710 087c 4F735F62 		.string	"Os_bitmask"
 710      69746D61 
 710      736B00
 711 0887 01       		.byte	0x1
 712 0888 A201     		.uahalf	0x1a2
 713 088a CD010000 		.uaword	0x1cd
GAS Infineon TriCore Little Endian C:\\Users\\user1\\AppData\\Local\\Temp\\rta_RTAOS_638388406317960277_1736001\\ccuuoJZh.s 			page 17


 714 088e 0A       		.uleb128 0xa
 715 088f 4F735F70 		.string	"Os_pset0Type"
 715      73657430 
 715      54797065 
 715      00
 716 089c 01       		.byte	0x1
 717 089d A301     		.uahalf	0x1a3
 718 089f 7B080000 		.uaword	0x87b
 719 08a3 0A       		.uleb128 0xa
 720 08a4 4F735F70 		.string	"Os_pset1Type"
 720      73657431 
 720      54797065 
 720      00
 721 08b1 01       		.byte	0x1
 722 08b2 A401     		.uahalf	0x1a4
 723 08b4 7B080000 		.uaword	0x87b
 724 08b8 0A       		.uleb128 0xa
 725 08b9 4F735F70 		.string	"Os_pset2Type"
 725      73657432 
 725      54797065 
 725      00
 726 08c6 01       		.byte	0x1
 727 08c7 A501     		.uahalf	0x1a5
 728 08c9 7B080000 		.uaword	0x87b
 729 08cd 10       		.uleb128 0x10
 730 08ce 04       		.byte	0x4
 731 08cf 01       		.byte	0x1
 732 08d0 A601     		.uahalf	0x1a6
 733 08d2 F8080000 		.uaword	0x8f8
 734 08d6 11       		.uleb128 0x11
 735 08d7 703000   		.string	"p0"
 736 08da 01       		.byte	0x1
 737 08db A701     		.uahalf	0x1a7
 738 08dd 8E080000 		.uaword	0x88e
 739 08e1 11       		.uleb128 0x11
 740 08e2 703100   		.string	"p1"
 741 08e5 01       		.byte	0x1
 742 08e6 A801     		.uahalf	0x1a8
 743 08e8 A3080000 		.uaword	0x8a3
 744 08ec 11       		.uleb128 0x11
 745 08ed 703200   		.string	"p2"
 746 08f0 01       		.byte	0x1
 747 08f1 A901     		.uahalf	0x1a9
 748 08f3 B8080000 		.uaword	0x8b8
 749 08f7 00       		.byte	0
 750 08f8 0A       		.uleb128 0xa
 751 08f9 4F735F70 		.string	"Os_psetType"
 751      73657454 
 751      79706500 
 752 0905 01       		.byte	0x1
 753 0906 AA01     		.uahalf	0x1aa
 754 0908 CD080000 		.uaword	0x8cd
 755 090c 10       		.uleb128 0x10
 756 090d 04       		.byte	0x4
 757 090e 01       		.byte	0x1
 758 090f AC01     		.uahalf	0x1ac
 759 0911 37090000 		.uaword	0x937
GAS Infineon TriCore Little Endian C:\\Users\\user1\\AppData\\Local\\Temp\\rta_RTAOS_638388406317960277_1736001\\ccuuoJZh.s 			page 18


 760 0915 11       		.uleb128 0x11
 761 0916 743000   		.string	"t0"
 762 0919 01       		.byte	0x1
 763 091a AD01     		.uahalf	0x1ad
 764 091c 7B080000 		.uaword	0x87b
 765 0920 11       		.uleb128 0x11
 766 0921 743100   		.string	"t1"
 767 0924 01       		.byte	0x1
 768 0925 AE01     		.uahalf	0x1ae
 769 0927 7B080000 		.uaword	0x87b
 770 092b 11       		.uleb128 0x11
 771 092c 743200   		.string	"t2"
 772 092f 01       		.byte	0x1
 773 0930 AF01     		.uahalf	0x1af
 774 0932 7B080000 		.uaword	0x87b
 775 0936 00       		.byte	0
 776 0937 0A       		.uleb128 0xa
 777 0938 4F735F74 		.string	"Os_tpmaskType"
 777      706D6173 
 777      6B547970 
 777      6500
 778 0946 01       		.byte	0x1
 779 0947 B001     		.uahalf	0x1b0
 780 0949 0C090000 		.uaword	0x90c
 781 094d 0A       		.uleb128 0xa
 782 094e 4F735F41 		.string	"Os_ActivationCountType"
 782      63746976 
 782      6174696F 
 782      6E436F75 
 782      6E745479 
 783 0965 01       		.byte	0x1
 784 0966 B101     		.uahalf	0x1b1
 785 0968 8A010000 		.uaword	0x18a
 786 096c 0C       		.uleb128 0xc
 787 096d 4F735F54 		.string	"Os_TaskDynType_s"
 787      61736B44 
 787      796E5479 
 787      70655F73 
 787      00
 788 097e 5C       		.byte	0x5c
 789 097f 01       		.byte	0x1
 790 0980 B301     		.uahalf	0x1b3
 791 0982 270A0000 		.uaword	0xa27
 792 0986 0D       		.uleb128 0xd
 793 0987 6C617374 		.string	"last_activation"
 793      5F616374 
 793      69766174 
 793      696F6E00 
 794 0997 01       		.byte	0x1
 795 0998 B401     		.uahalf	0x1b4
 796 099a 19040000 		.uaword	0x419
 797 099e 02       		.byte	0x2
 798 099f 23       		.byte	0x23
 799 09a0 00       		.uleb128 0
 800 09a1 0D       		.uleb128 0xd
 801 09a2 7465726D 		.string	"terminate_jump_buf"
 801      696E6174 
GAS Infineon TriCore Little Endian C:\\Users\\user1\\AppData\\Local\\Temp\\rta_RTAOS_638388406317960277_1736001\\ccuuoJZh.s 			page 19


 801      655F6A75 
 801      6D705F62 
 801      756600
 802 09b5 01       		.byte	0x1
 803 09b6 B501     		.uahalf	0x1b5
 804 09b8 FF020000 		.uaword	0x2ff
 805 09bc 02       		.byte	0x2
 806 09bd 23       		.byte	0x23
 807 09be 04       		.uleb128 0x4
 808 09bf 0D       		.uleb128 0xd
 809 09c0 6D657465 		.string	"meter"
 809      7200
 810 09c6 01       		.byte	0x1
 811 09c7 B601     		.uahalf	0x1b6
 812 09c9 D2060000 		.uaword	0x6d2
 813 09cd 02       		.byte	0x2
 814 09ce 23       		.byte	0x23
 815 09cf 48       		.uleb128 0x48
 816 09d0 0D       		.uleb128 0xd
 817 09d1 7365656E 		.string	"seen_activation"
 817      5F616374 
 817      69766174 
 817      696F6E00 
 818 09e1 01       		.byte	0x1
 819 09e2 B701     		.uahalf	0x1b7
 820 09e4 3E020000 		.uaword	0x23e
 821 09e8 02       		.byte	0x2
 822 09e9 23       		.byte	0x23
 823 09ea 54       		.uleb128 0x54
 824 09eb 0E       		.uleb128 0xe
 825 09ec 00000000 		.uaword	.LASF5
 826 09f0 01       		.byte	0x1
 827 09f1 B801     		.uahalf	0x1b8
 828 09f3 4D090000 		.uaword	0x94d
 829 09f7 02       		.byte	0x2
 830 09f8 23       		.byte	0x23
 831 09f9 55       		.uleb128 0x55
 832 09fa 0E       		.uleb128 0xe
 833 09fb 00000000 		.uaword	.LASF0
 834 09ff 01       		.byte	0x1
 835 0a00 B901     		.uahalf	0x1b9
 836 0a02 25030000 		.uaword	0x325
 837 0a06 02       		.byte	0x2
 838 0a07 23       		.byte	0x23
 839 0a08 56       		.uleb128 0x56
 840 0a09 0D       		.uleb128 0xd
 841 0a0a 7465726D 		.string	"termination_state"
 841      696E6174 
 841      696F6E5F 
 841      73746174 
 841      6500
 842 0a1c 01       		.byte	0x1
 843 0a1d BA01     		.uahalf	0x1ba
 844 0a1f BF010000 		.uaword	0x1bf
 845 0a23 02       		.byte	0x2
 846 0a24 23       		.byte	0x23
 847 0a25 58       		.uleb128 0x58
GAS Infineon TriCore Little Endian C:\\Users\\user1\\AppData\\Local\\Temp\\rta_RTAOS_638388406317960277_1736001\\ccuuoJZh.s 			page 20


 848 0a26 00       		.byte	0
 849 0a27 0A       		.uleb128 0xa
 850 0a28 4F735F54 		.string	"Os_TaskDynType"
 850      61736B44 
 850      796E5479 
 850      706500
 851 0a37 01       		.byte	0x1
 852 0a38 BB01     		.uahalf	0x1bb
 853 0a3a 6C090000 		.uaword	0x96c
 854 0a3e 0C       		.uleb128 0xc
 855 0a3f 4F735F54 		.string	"Os_TaskType_s"
 855      61736B54 
 855      7970655F 
 855      7300
 856 0a4d 20       		.byte	0x20
 857 0a4e 01       		.byte	0x1
 858 0a4f BD01     		.uahalf	0x1bd
 859 0a51 FB0A0000 		.uaword	0xafb
 860 0a55 0E       		.uleb128 0xe
 861 0a56 00000000 		.uaword	.LASF2
 862 0a5a 01       		.byte	0x1
 863 0a5b BE01     		.uahalf	0x1be
 864 0a5d FB0A0000 		.uaword	0xafb
 865 0a61 02       		.byte	0x2
 866 0a62 23       		.byte	0x23
 867 0a63 00       		.uleb128 0
 868 0a64 0E       		.uleb128 0xe
 869 0a65 00000000 		.uaword	.LASF1
 870 0a69 01       		.byte	0x1
 871 0a6a BF01     		.uahalf	0x1bf
 872 0a6c AF030000 		.uaword	0x3af
 873 0a70 02       		.byte	0x2
 874 0a71 23       		.byte	0x23
 875 0a72 04       		.uleb128 0x4
 876 0a73 0D       		.uleb128 0xd
 877 0a74 70736574 		.string	"pset"
 877      00
 878 0a79 01       		.byte	0x1
 879 0a7a C001     		.uahalf	0x1c0
 880 0a7c F8080000 		.uaword	0x8f8
 881 0a80 02       		.byte	0x2
 882 0a81 23       		.byte	0x23
 883 0a82 08       		.uleb128 0x8
 884 0a83 0D       		.uleb128 0xd
 885 0a84 62617365 		.string	"base_tpmask"
 885      5F74706D 
 885      61736B00 
 886 0a90 01       		.byte	0x1
 887 0a91 C101     		.uahalf	0x1c1
 888 0a93 37090000 		.uaword	0x937
 889 0a97 02       		.byte	0x2
 890 0a98 23       		.byte	0x23
 891 0a99 0C       		.uleb128 0xc
 892 0a9a 0E       		.uleb128 0xe
 893 0a9b 00000000 		.uaword	.LASF6
 894 0a9f 01       		.byte	0x1
 895 0aa0 C201     		.uahalf	0x1c2
GAS Infineon TriCore Little Endian C:\\Users\\user1\\AppData\\Local\\Temp\\rta_RTAOS_638388406317960277_1736001\\ccuuoJZh.s 			page 21


 896 0aa2 37090000 		.uaword	0x937
 897 0aa6 02       		.byte	0x2
 898 0aa7 23       		.byte	0x23
 899 0aa8 10       		.uleb128 0x10
 900 0aa9 0D       		.uleb128 0xd
 901 0aaa 636F7265 		.string	"core_id"
 901      5F696400 
 902 0ab2 01       		.byte	0x1
 903 0ab3 C301     		.uahalf	0x1c3
 904 0ab5 69040000 		.uaword	0x469
 905 0ab9 02       		.byte	0x2
 906 0aba 23       		.byte	0x23
 907 0abb 14       		.uleb128 0x14
 908 0abc 0D       		.uleb128 0xd
 909 0abd 696E6465 		.string	"index"
 909      7800
 910 0ac3 01       		.byte	0x1
 911 0ac4 C401     		.uahalf	0x1c4
 912 0ac6 BF010000 		.uaword	0x1bf
 913 0aca 02       		.byte	0x2
 914 0acb 23       		.byte	0x23
 915 0acc 18       		.uleb128 0x18
 916 0acd 0E       		.uleb128 0xe
 917 0ace 00000000 		.uaword	.LASF5
 918 0ad2 01       		.byte	0x1
 919 0ad3 C501     		.uahalf	0x1c5
 920 0ad5 4D090000 		.uaword	0x94d
 921 0ad9 02       		.byte	0x2
 922 0ada 23       		.byte	0x23
 923 0adb 1C       		.uleb128 0x1c
 924 0adc 0E       		.uleb128 0xe
 925 0add 00000000 		.uaword	.LASF3
 926 0ae1 01       		.byte	0x1
 927 0ae2 C601     		.uahalf	0x1c6
 928 0ae4 7D010000 		.uaword	0x17d
 929 0ae8 02       		.byte	0x2
 930 0ae9 23       		.byte	0x23
 931 0aea 1D       		.uleb128 0x1d
 932 0aeb 0E       		.uleb128 0xe
 933 0aec 00000000 		.uaword	.LASF4
 934 0af0 01       		.byte	0x1
 935 0af1 C701     		.uahalf	0x1c7
 936 0af3 D6030000 		.uaword	0x3d6
 937 0af7 02       		.byte	0x2
 938 0af8 23       		.byte	0x23
 939 0af9 1E       		.uleb128 0x1e
 940 0afa 00       		.byte	0
 941 0afb 0F       		.uleb128 0xf
 942 0afc 000B0000 		.uaword	0xb00
 943 0b00 08       		.uleb128 0x8
 944 0b01 04       		.byte	0x4
 945 0b02 270A0000 		.uaword	0xa27
 946 0b06 0A       		.uleb128 0xa
 947 0b07 4F735F54 		.string	"Os_TaskType"
 947      61736B54 
 947      79706500 
 948 0b13 01       		.byte	0x1
GAS Infineon TriCore Little Endian C:\\Users\\user1\\AppData\\Local\\Temp\\rta_RTAOS_638388406317960277_1736001\\ccuuoJZh.s 			page 22


 949 0b14 C801     		.uahalf	0x1c8
 950 0b16 3E0A0000 		.uaword	0xa3e
 951 0b1a 0A       		.uleb128 0xa
 952 0b1b 5461736B 		.string	"TaskType"
 952      54797065 
 952      00
 953 0b24 01       		.byte	0x1
 954 0b25 C901     		.uahalf	0x1c9
 955 0b27 2B0B0000 		.uaword	0xb2b
 956 0b2b 08       		.uleb128 0x8
 957 0b2c 04       		.byte	0x4
 958 0b2d 310B0000 		.uaword	0xb31
 959 0b31 0F       		.uleb128 0xf
 960 0b32 060B0000 		.uaword	0xb06
 961 0b36 10       		.uleb128 0x10
 962 0b37 04       		.byte	0x4
 963 0b38 01       		.byte	0x1
 964 0b39 E101     		.uahalf	0x1e1
 965 0b3b 5A0B0000 		.uaword	0xb5a
 966 0b3f 12       		.uleb128 0x12
 967 0b40 00000000 		.uaword	.LASF6
 968 0b44 01       		.byte	0x1
 969 0b45 E201     		.uahalf	0x1e2
 970 0b47 37090000 		.uaword	0x937
 971 0b4b 11       		.uleb128 0x11
 972 0b4c 696D6173 		.string	"imask"
 972      6B00
 973 0b52 01       		.byte	0x1
 974 0b53 E301     		.uahalf	0x1e3
 975 0b55 0D070000 		.uaword	0x70d
 976 0b59 00       		.byte	0
 977 0b5a 0C       		.uleb128 0xc
 978 0b5b 4F735F52 		.string	"Os_ResourceDynType_s"
 978      65736F75 
 978      72636544 
 978      796E5479 
 978      70655F73 
 979 0b70 0C       		.byte	0xc
 980 0b71 01       		.byte	0x1
 981 0b72 DE01     		.uahalf	0x1de
 982 0b74 BD0B0000 		.uaword	0xbbd
 983 0b78 0D       		.uleb128 0xd
 984 0b79 61636365 		.string	"access_count"
 984      73735F63 
 984      6F756E74 
 984      00
 985 0b86 01       		.byte	0x1
 986 0b87 DF01     		.uahalf	0x1df
 987 0b89 25030000 		.uaword	0x325
 988 0b8d 02       		.byte	0x2
 989 0b8e 23       		.byte	0x23
 990 0b8f 00       		.uleb128 0
 991 0b90 0D       		.uleb128 0xd
 992 0b91 6C6F636B 		.string	"locker"
 992      657200
 993 0b98 01       		.byte	0x1
 994 0b99 E001     		.uahalf	0x1e0
GAS Infineon TriCore Little Endian C:\\Users\\user1\\AppData\\Local\\Temp\\rta_RTAOS_638388406317960277_1736001\\ccuuoJZh.s 			page 23


 995 0b9b 1A0B0000 		.uaword	0xb1a
 996 0b9f 02       		.byte	0x2
 997 0ba0 23       		.byte	0x23
 998 0ba1 04       		.uleb128 0x4
 999 0ba2 0D       		.uleb128 0xd
 1000 0ba3 73617665 		.string	"saved_priority"
 1000      645F7072 
 1000      696F7269 
 1000      747900
 1001 0bb2 01       		.byte	0x1
 1002 0bb3 E401     		.uahalf	0x1e4
 1003 0bb5 360B0000 		.uaword	0xb36
 1004 0bb9 02       		.byte	0x2
 1005 0bba 23       		.byte	0x23
 1006 0bbb 08       		.uleb128 0x8
 1007 0bbc 00       		.byte	0
 1008 0bbd 0A       		.uleb128 0xa
 1009 0bbe 4F735F52 		.string	"Os_ResourceDynType"
 1009      65736F75 
 1009      72636544 
 1009      796E5479 
 1009      706500
 1010 0bd1 01       		.byte	0x1
 1011 0bd2 E501     		.uahalf	0x1e5
 1012 0bd4 5A0B0000 		.uaword	0xb5a
 1013 0bd8 0C       		.uleb128 0xc
 1014 0bd9 4F735F52 		.string	"Os_ResourceType_s"
 1014      65736F75 
 1014      72636554 
 1014      7970655F 
 1014      7300
 1015 0beb 10       		.byte	0x10
 1016 0bec 01       		.byte	0x1
 1017 0bed E601     		.uahalf	0x1e6
 1018 0bef 320C0000 		.uaword	0xc32
 1019 0bf3 0E       		.uleb128 0xe
 1020 0bf4 00000000 		.uaword	.LASF2
 1021 0bf8 01       		.byte	0x1
 1022 0bf9 E701     		.uahalf	0x1e7
 1023 0bfb 320C0000 		.uaword	0xc32
 1024 0bff 02       		.byte	0x2
 1025 0c00 23       		.byte	0x23
 1026 0c01 00       		.uleb128 0
 1027 0c02 0E       		.uleb128 0xe
 1028 0c03 00000000 		.uaword	.LASF6
 1029 0c07 01       		.byte	0x1
 1030 0c08 E801     		.uahalf	0x1e8
 1031 0c0a 37090000 		.uaword	0x937
 1032 0c0e 02       		.byte	0x2
 1033 0c0f 23       		.byte	0x23
 1034 0c10 04       		.uleb128 0x4
 1035 0c11 0D       		.uleb128 0xd
 1036 0c12 696D6173 		.string	"imask"
 1036      6B00
 1037 0c18 01       		.byte	0x1
 1038 0c19 E901     		.uahalf	0x1e9
 1039 0c1b 0D070000 		.uaword	0x70d
GAS Infineon TriCore Little Endian C:\\Users\\user1\\AppData\\Local\\Temp\\rta_RTAOS_638388406317960277_1736001\\ccuuoJZh.s 			page 24


 1040 0c1f 02       		.byte	0x2
 1041 0c20 23       		.byte	0x23
 1042 0c21 08       		.uleb128 0x8
 1043 0c22 0E       		.uleb128 0xe
 1044 0c23 00000000 		.uaword	.LASF3
 1045 0c27 01       		.byte	0x1
 1046 0c28 EA01     		.uahalf	0x1ea
 1047 0c2a 7D010000 		.uaword	0x17d
 1048 0c2e 02       		.byte	0x2
 1049 0c2f 23       		.byte	0x23
 1050 0c30 0C       		.uleb128 0xc
 1051 0c31 00       		.byte	0
 1052 0c32 0F       		.uleb128 0xf
 1053 0c33 370C0000 		.uaword	0xc37
 1054 0c37 08       		.uleb128 0x8
 1055 0c38 04       		.byte	0x4
 1056 0c39 BD0B0000 		.uaword	0xbbd
 1057 0c3d 0A       		.uleb128 0xa
 1058 0c3e 4F735F52 		.string	"Os_ResourceType"
 1058      65736F75 
 1058      72636554 
 1058      79706500 
 1059 0c4e 01       		.byte	0x1
 1060 0c4f EB01     		.uahalf	0x1eb
 1061 0c51 D80B0000 		.uaword	0xbd8
 1062 0c55 0A       		.uleb128 0xa
 1063 0c56 5265736F 		.string	"ResourceType"
 1063      75726365 
 1063      54797065 
 1063      00
 1064 0c63 01       		.byte	0x1
 1065 0c64 EC01     		.uahalf	0x1ec
 1066 0c66 6A0C0000 		.uaword	0xc6a
 1067 0c6a 08       		.uleb128 0x8
 1068 0c6b 04       		.byte	0x4
 1069 0c6c 700C0000 		.uaword	0xc70
 1070 0c70 0F       		.uleb128 0xf
 1071 0c71 3D0C0000 		.uaword	0xc3d
 1072 0c75 0A       		.uleb128 0xa
 1073 0c76 4F535365 		.string	"OSServiceIdType"
 1073      72766963 
 1073      65496454 
 1073      79706500 
 1074 0c86 01       		.byte	0x1
 1075 0c87 5102     		.uahalf	0x251
 1076 0c89 8A010000 		.uaword	0x18a
 1077 0c8d 0A       		.uleb128 0xa
 1078 0c8e 4F735F42 		.string	"Os_BiggestType"
 1078      69676765 
 1078      73745479 
 1078      706500
 1079 0c9d 01       		.byte	0x1
 1080 0c9e 2503     		.uahalf	0x325
 1081 0ca0 CD010000 		.uaword	0x1cd
 1082 0ca4 13       		.uleb128 0x13
 1083 0ca5 10       		.byte	0x10
 1084 0ca6 01       		.byte	0x1
GAS Infineon TriCore Little Endian C:\\Users\\user1\\AppData\\Local\\Temp\\rta_RTAOS_638388406317960277_1736001\\ccuuoJZh.s 			page 25


 1085 0ca7 2703     		.uahalf	0x327
 1086 0ca9 120D0000 		.uaword	0xd12
 1087 0cad 0D       		.uleb128 0xd
 1088 0cae 73657276 		.string	"service_id"
 1088      6963655F 
 1088      696400
 1089 0cb9 01       		.byte	0x1
 1090 0cba 2803     		.uahalf	0x328
 1091 0cbc 750C0000 		.uaword	0xc75
 1092 0cc0 02       		.byte	0x2
 1093 0cc1 23       		.byte	0x23
 1094 0cc2 00       		.uleb128 0
 1095 0cc3 0D       		.uleb128 0xd
 1096 0cc4 73657276 		.string	"service_param1"
 1096      6963655F 
 1096      70617261 
 1096      6D3100
 1097 0cd3 01       		.byte	0x1
 1098 0cd4 2903     		.uahalf	0x329
 1099 0cd6 8D0C0000 		.uaword	0xc8d
 1100 0cda 02       		.byte	0x2
 1101 0cdb 23       		.byte	0x23
 1102 0cdc 04       		.uleb128 0x4
 1103 0cdd 0D       		.uleb128 0xd
 1104 0cde 73657276 		.string	"service_param2"
 1104      6963655F 
 1104      70617261 
 1104      6D3200
 1105 0ced 01       		.byte	0x1
 1106 0cee 2A03     		.uahalf	0x32a
 1107 0cf0 8D0C0000 		.uaword	0xc8d
 1108 0cf4 02       		.byte	0x2
 1109 0cf5 23       		.byte	0x23
 1110 0cf6 08       		.uleb128 0x8
 1111 0cf7 0D       		.uleb128 0xd
 1112 0cf8 73657276 		.string	"service_param3"
 1112      6963655F 
 1112      70617261 
 1112      6D3300
 1113 0d07 01       		.byte	0x1
 1114 0d08 2B03     		.uahalf	0x32b
 1115 0d0a 8D0C0000 		.uaword	0xc8d
 1116 0d0e 02       		.byte	0x2
 1117 0d0f 23       		.byte	0x23
 1118 0d10 0C       		.uleb128 0xc
 1119 0d11 00       		.byte	0
 1120 0d12 0A       		.uleb128 0xa
 1121 0d13 4F735F45 		.string	"Os_ErrorInformationType"
 1121      72726F72 
 1121      496E666F 
 1121      726D6174 
 1121      696F6E54 
 1122 0d2b 01       		.byte	0x1
 1123 0d2c 2C03     		.uahalf	0x32c
 1124 0d2e A40C0000 		.uaword	0xca4
 1125 0d32 0A       		.uleb128 0xa
 1126 0d33 4F735F4F 		.string	"Os_OrtiIdType"
GAS Infineon TriCore Little Endian C:\\Users\\user1\\AppData\\Local\\Temp\\rta_RTAOS_638388406317960277_1736001\\ccuuoJZh.s 			page 26


 1126      72746949 
 1126      64547970 
 1126      6500
 1127 0d41 01       		.byte	0x1
 1128 0d42 3003     		.uahalf	0x330
 1129 0d44 8A010000 		.uaword	0x18a
 1130 0d48 0B       		.uleb128 0xb
 1131 0d49 F8080000 		.uaword	0x8f8
 1132 0d4d 0B       		.uleb128 0xb
 1133 0d4e 60080000 		.uaword	0x860
 1134 0d52 0B       		.uleb128 0xb
 1135 0d53 1A0B0000 		.uaword	0xb1a
 1136 0d57 0B       		.uleb128 0xb
 1137 0d58 37090000 		.uaword	0x937
 1138 0d5c 0B       		.uleb128 0xb
 1139 0d5d 35040000 		.uaword	0x435
 1140 0d61 0B       		.uleb128 0xb
 1141 0d62 D6030000 		.uaword	0x3d6
 1142 0d66 0A       		.uleb128 0xa
 1143 0d67 4F735F43 		.string	"Os_ControlledCoreType"
 1143      6F6E7472 
 1143      6F6C6C65 
 1143      64436F72 
 1143      65547970 
 1144 0d7d 01       		.byte	0x1
 1145 0d7e 2404     		.uahalf	0x424
 1146 0d80 81040000 		.uaword	0x481
 1147 0d84 0C       		.uleb128 0xc
 1148 0d85 4F735F41 		.string	"Os_AnyCoreType_s"
 1148      6E79436F 
 1148      72655479 
 1148      70655F73 
 1148      00
 1149 0d96 64       		.byte	0x64
 1150 0d97 01       		.byte	0x1
 1151 0d98 3204     		.uahalf	0x432
 1152 0d9a BD0E0000 		.uaword	0xebd
 1153 0d9e 0D       		.uleb128 0xd
 1154 0d9f 44697361 		.string	"DisableAllImask"
 1154      626C6541 
 1154      6C6C496D 
 1154      61736B00 
 1155 0daf 01       		.byte	0x1
 1156 0db0 3304     		.uahalf	0x433
 1157 0db2 BD0E0000 		.uaword	0xebd
 1158 0db6 02       		.byte	0x2
 1159 0db7 23       		.byte	0x23
 1160 0db8 00       		.uleb128 0
 1161 0db9 0D       		.uleb128 0xd
 1162 0dba 53757370 		.string	"SuspendAllImask"
 1162      656E6441 
 1162      6C6C496D 
 1162      61736B00 
 1163 0dca 01       		.byte	0x1
 1164 0dcb 3404     		.uahalf	0x434
 1165 0dcd BD0E0000 		.uaword	0xebd
 1166 0dd1 02       		.byte	0x2
GAS Infineon TriCore Little Endian C:\\Users\\user1\\AppData\\Local\\Temp\\rta_RTAOS_638388406317960277_1736001\\ccuuoJZh.s 			page 27


 1167 0dd2 23       		.byte	0x23
 1168 0dd3 04       		.uleb128 0x4
 1169 0dd4 0D       		.uleb128 0xd
 1170 0dd5 53757370 		.string	"SuspendOSImask"
 1170      656E644F 
 1170      53496D61 
 1170      736B00
 1171 0de4 01       		.byte	0x1
 1172 0de5 3504     		.uahalf	0x435
 1173 0de7 BD0E0000 		.uaword	0xebd
 1174 0deb 02       		.byte	0x2
 1175 0dec 23       		.byte	0x23
 1176 0ded 08       		.uleb128 0x8
 1177 0dee 0D       		.uleb128 0xd
 1178 0def 44697361 		.string	"DisableAllCount"
 1178      626C6541 
 1178      6C6C436F 
 1178      756E7400 
 1179 0dff 01       		.byte	0x1
 1180 0e00 3604     		.uahalf	0x436
 1181 0e02 C20E0000 		.uaword	0xec2
 1182 0e06 02       		.byte	0x2
 1183 0e07 23       		.byte	0x23
 1184 0e08 0C       		.uleb128 0xc
 1185 0e09 0D       		.uleb128 0xd
 1186 0e0a 53757370 		.string	"SuspendAllCount"
 1186      656E6441 
 1186      6C6C436F 
 1186      756E7400 
 1187 0e1a 01       		.byte	0x1
 1188 0e1b 3704     		.uahalf	0x437
 1189 0e1d C20E0000 		.uaword	0xec2
 1190 0e21 02       		.byte	0x2
 1191 0e22 23       		.byte	0x23
 1192 0e23 10       		.uleb128 0x10
 1193 0e24 0D       		.uleb128 0xd
 1194 0e25 53757370 		.string	"SuspendOSCount"
 1194      656E644F 
 1194      53436F75 
 1194      6E7400
 1195 0e34 01       		.byte	0x1
 1196 0e35 3804     		.uahalf	0x438
 1197 0e37 C20E0000 		.uaword	0xec2
 1198 0e3b 02       		.byte	0x2
 1199 0e3c 23       		.byte	0x23
 1200 0e3d 14       		.uleb128 0x14
 1201 0e3e 0D       		.uleb128 0xd
 1202 0e3f 4F727469 		.string	"OrtiApiID"
 1202      41706949 
 1202      4400
 1203 0e49 01       		.byte	0x1
 1204 0e4a 3904     		.uahalf	0x439
 1205 0e4c C70E0000 		.uaword	0xec7
 1206 0e50 02       		.byte	0x2
 1207 0e51 23       		.byte	0x23
 1208 0e52 18       		.uleb128 0x18
 1209 0e53 0D       		.uleb128 0xd
GAS Infineon TriCore Little Endian C:\\Users\\user1\\AppData\\Local\\Temp\\rta_RTAOS_638388406317960277_1736001\\ccuuoJZh.s 			page 28


 1210 0e54 4F727469 		.string	"OrtiLastError"
 1210      4C617374 
 1210      4572726F 
 1210      7200
 1211 0e62 01       		.byte	0x1
 1212 0e63 3A04     		.uahalf	0x43a
 1213 0e65 4D020000 		.uaword	0x24d
 1214 0e69 02       		.byte	0x2
 1215 0e6a 23       		.byte	0x23
 1216 0e6b 19       		.uleb128 0x19
 1217 0e6c 0D       		.uleb128 0xd
 1218 0e6d 52657374 		.string	"RestartJumpBuf"
 1218      6172744A 
 1218      756D7042 
 1218      756600
 1219 0e7c 01       		.byte	0x1
 1220 0e7d 3B04     		.uahalf	0x43b
 1221 0e7f FF020000 		.uaword	0x2ff
 1222 0e83 02       		.byte	0x2
 1223 0e84 23       		.byte	0x23
 1224 0e85 1C       		.uleb128 0x1c
 1225 0e86 0D       		.uleb128 0xd
 1226 0e87 52657374 		.string	"Restartable"
 1226      61727461 
 1226      626C6500 
 1227 0e93 01       		.byte	0x1
 1228 0e94 3C04     		.uahalf	0x43c
 1229 0e96 3E020000 		.uaword	0x23e
 1230 0e9a 02       		.byte	0x2
 1231 0e9b 23       		.byte	0x23
 1232 0e9c 60       		.uleb128 0x60
 1233 0e9d 0D       		.uleb128 0xd
 1234 0e9e 4C617374 		.string	"LastProtectionFault"
 1234      50726F74 
 1234      65637469 
 1234      6F6E4661 
 1234      756C7400 
 1235 0eb2 01       		.byte	0x1
 1236 0eb3 3D04     		.uahalf	0x43d
 1237 0eb5 4D020000 		.uaword	0x24d
 1238 0eb9 02       		.byte	0x2
 1239 0eba 23       		.byte	0x23
 1240 0ebb 61       		.uleb128 0x61
 1241 0ebc 00       		.byte	0
 1242 0ebd 0B       		.uleb128 0xb
 1243 0ebe 0D070000 		.uaword	0x70d
 1244 0ec2 0B       		.uleb128 0xb
 1245 0ec3 BF010000 		.uaword	0x1bf
 1246 0ec7 0B       		.uleb128 0xb
 1247 0ec8 320D0000 		.uaword	0xd32
 1248 0ecc 0A       		.uleb128 0xa
 1249 0ecd 4F735F41 		.string	"Os_AnyCoreType"
 1249      6E79436F 
 1249      72655479 
 1249      706500
 1250 0edc 01       		.byte	0x1
 1251 0edd 3E04     		.uahalf	0x43e
GAS Infineon TriCore Little Endian C:\\Users\\user1\\AppData\\Local\\Temp\\rta_RTAOS_638388406317960277_1736001\\ccuuoJZh.s 			page 29


 1252 0edf 840D0000 		.uaword	0xd84
 1253 0ee3 0C       		.uleb128 0xc
 1254 0ee4 4F735F43 		.string	"Os_CoreConfiguration_s"
 1254      6F726543 
 1254      6F6E6669 
 1254      67757261 
 1254      74696F6E 
 1255 0efb 18       		.byte	0x18
 1256 0efc 01       		.byte	0x1
 1257 0efd 4904     		.uahalf	0x449
 1258 0eff 7D0F0000 		.uaword	0xf7d
 1259 0f03 0D       		.uleb128 0xd
 1260 0f04 636F6E74 		.string	"controlled"
 1260      726F6C6C 
 1260      656400
 1261 0f0f 01       		.byte	0x1
 1262 0f10 4A04     		.uahalf	0x44a
 1263 0f12 7D0F0000 		.uaword	0xf7d
 1264 0f16 02       		.byte	0x2
 1265 0f17 23       		.byte	0x23
 1266 0f18 00       		.uleb128 0
 1267 0f19 0D       		.uleb128 0xd
 1268 0f1a 616E7900 		.string	"any"
 1269 0f1e 01       		.byte	0x1
 1270 0f1f 4B04     		.uahalf	0x44b
 1271 0f21 880F0000 		.uaword	0xf88
 1272 0f25 02       		.byte	0x2
 1273 0f26 23       		.byte	0x23
 1274 0f27 04       		.uleb128 0x4
 1275 0f28 0D       		.uleb128 0xd
 1276 0f29 73746174 		.string	"state"
 1276      6500
 1277 0f2f 01       		.byte	0x1
 1278 0f30 4C04     		.uahalf	0x44c
 1279 0f32 930F0000 		.uaword	0xf93
 1280 0f36 02       		.byte	0x2
 1281 0f37 23       		.byte	0x23
 1282 0f38 08       		.uleb128 0x8
 1283 0f39 0D       		.uleb128 0xd
 1284 0f3a 64697370 		.string	"dispatch"
 1284      61746368 
 1284      00
 1285 0f43 01       		.byte	0x1
 1286 0f44 4D04     		.uahalf	0x44d
 1287 0f46 AF030000 		.uaword	0x3af
 1288 0f4a 02       		.byte	0x2
 1289 0f4b 23       		.byte	0x23
 1290 0f4c 0C       		.uleb128 0xc
 1291 0f4d 0D       		.uleb128 0xd
 1292 0f4e 4F735F52 		.string	"Os_Res_Scheduler"
 1292      65735F53 
 1292      63686564 
 1292      756C6572 
 1292      00
 1293 0f5f 01       		.byte	0x1
 1294 0f60 4E04     		.uahalf	0x44e
 1295 0f62 550C0000 		.uaword	0xc55
GAS Infineon TriCore Little Endian C:\\Users\\user1\\AppData\\Local\\Temp\\rta_RTAOS_638388406317960277_1736001\\ccuuoJZh.s 			page 30


 1296 0f66 02       		.byte	0x2
 1297 0f67 23       		.byte	0x23
 1298 0f68 10       		.uleb128 0x10
 1299 0f69 0D       		.uleb128 0xd
 1300 0f6a 636F7265 		.string	"core_id"
 1300      5F696400 
 1301 0f72 01       		.byte	0x1
 1302 0f73 4F04     		.uahalf	0x44f
 1303 0f75 69040000 		.uaword	0x469
 1304 0f79 02       		.byte	0x2
 1305 0f7a 23       		.byte	0x23
 1306 0f7b 14       		.uleb128 0x14
 1307 0f7c 00       		.byte	0
 1308 0f7d 0F       		.uleb128 0xf
 1309 0f7e 820F0000 		.uaword	0xf82
 1310 0f82 08       		.uleb128 0x8
 1311 0f83 04       		.byte	0x4
 1312 0f84 660D0000 		.uaword	0xd66
 1313 0f88 0F       		.uleb128 0xf
 1314 0f89 8D0F0000 		.uaword	0xf8d
 1315 0f8d 08       		.uleb128 0x8
 1316 0f8e 04       		.byte	0x4
 1317 0f8f CC0E0000 		.uaword	0xecc
 1318 0f93 0F       		.uleb128 0xf
 1319 0f94 980F0000 		.uaword	0xf98
 1320 0f98 08       		.uleb128 0x8
 1321 0f99 04       		.byte	0x4
 1322 0f9a 9E0F0000 		.uaword	0xf9e
 1323 0f9e 0B       		.uleb128 0xb
 1324 0f9f 01040000 		.uaword	0x401
 1325 0fa3 0A       		.uleb128 0xa
 1326 0fa4 4F735F43 		.string	"Os_CoreConfiguration"
 1326      6F726543 
 1326      6F6E6669 
 1326      67757261 
 1326      74696F6E 
 1327 0fb9 01       		.byte	0x1
 1328 0fba 5004     		.uahalf	0x450
 1329 0fbc E30E0000 		.uaword	0xee3
 1330 0fc0 14       		.uleb128 0x14
 1331 0fc1 01       		.byte	0x1
 1332 0fc2 4F735F47 		.string	"Os_GetStackUsage"
 1332      65745374 
 1332      61636B55 
 1332      73616765 
 1332      00
 1333 0fd3 01       		.byte	0x1
 1334 0fd4 5605     		.uahalf	0x556
 1335 0fd6 01       		.byte	0x1
 1336 0fd7 97030000 		.uaword	0x397
 1337 0fdb 00000000 		.uaword	.LFB0
 1338 0fdf 00000000 		.uaword	.LFE0
 1339 0fe3 02       		.byte	0x2
 1340 0fe4 8A       		.byte	0x8a
 1341 0fe5 00       		.sleb128 0
 1342 0fe6 01       		.byte	0x1
 1343 0fe7 05110000 		.uaword	0x1105
GAS Infineon TriCore Little Endian C:\\Users\\user1\\AppData\\Local\\Temp\\rta_RTAOS_638388406317960277_1736001\\ccuuoJZh.s 			page 31


 1344 0feb 15       		.uleb128 0x15
 1345 0fec 72657400 		.string	"ret"
 1346 0ff0 01       		.byte	0x1
 1347 0ff1 5705     		.uahalf	0x557
 1348 0ff3 97030000 		.uaword	0x397
 1349 0ff7 08       		.byte	0x8
 1350 0ff8 30       		.byte	0x30
 1351 0ff9 9F       		.byte	0x9f
 1352 0ffa 93       		.byte	0x93
 1353 0ffb 04       		.uleb128 0x4
 1354 0ffc 30       		.byte	0x30
 1355 0ffd 9F       		.byte	0x9f
 1356 0ffe 93       		.byte	0x93
 1357 0fff 04       		.uleb128 0x4
 1358 1000 16       		.uleb128 0x16
 1359 1001 70726576 		.string	"previous_imask"
 1359      696F7573 
 1359      5F696D61 
 1359      736B00
 1360 1010 01       		.byte	0x1
 1361 1011 5805     		.uahalf	0x558
 1362 1013 0D070000 		.uaword	0x70d
 1363 1017 00000000 		.uaword	.LLST0
 1364 101b 17       		.uleb128 0x17
 1365 101c 6F735F63 		.string	"os_current_core_const"
 1365      75727265 
 1365      6E745F63 
 1365      6F72655F 
 1365      636F6E73 
 1366 1032 01       		.byte	0x1
 1367 1033 5905     		.uahalf	0x559
 1368 1035 05110000 		.uaword	0x1105
 1369 1039 15       		.uleb128 0x15
 1370 103a 6F735F63 		.string	"os_current_core"
 1370      75727265 
 1370      6E745F63 
 1370      6F726500 
 1371 104a 01       		.byte	0x1
 1372 104b 5A05     		.uahalf	0x55a
 1373 104d 8D0F0000 		.uaword	0xf8d
 1374 1051 01       		.byte	0x1
 1375 1052 6F       		.byte	0x6f
 1376 1053 16       		.uleb128 0x16
 1377 1054 70726576 		.string	"previous_tmask"
 1377      696F7573 
 1377      5F746D61 
 1377      736B00
 1378 1063 01       		.byte	0x1
 1379 1064 5B05     		.uahalf	0x55b
 1380 1066 ED030000 		.uaword	0x3ed
 1381 106a 00000000 		.uaword	.LLST1
 1382 106e 18       		.uleb128 0x18
 1383 106f 00000000 		.uaword	.LBB2
 1384 1073 00000000 		.uaword	.LBE2
 1385 1077 8C100000 		.uaword	0x108c
 1386 107b 16       		.uleb128 0x16
 1387 107c 72657300 		.string	"res"
GAS Infineon TriCore Little Endian C:\\Users\\user1\\AppData\\Local\\Temp\\rta_RTAOS_638388406317960277_1736001\\ccuuoJZh.s 			page 32


 1388 1080 01       		.byte	0x1
 1389 1081 5905     		.uahalf	0x559
 1390 1083 CD010000 		.uaword	0x1cd
 1391 1087 00000000 		.uaword	.LLST2
 1392 108b 00       		.byte	0
 1393 108c 18       		.uleb128 0x18
 1394 108d 00000000 		.uaword	.LBB3
 1395 1091 00000000 		.uaword	.LBE3
 1396 1095 AA100000 		.uaword	0x10aa
 1397 1099 16       		.uleb128 0x16
 1398 109a 72657300 		.string	"res"
 1399 109e 01       		.byte	0x1
 1400 109f 5B05     		.uahalf	0x55b
 1401 10a1 CD010000 		.uaword	0x1cd
 1402 10a5 00000000 		.uaword	.LLST1
 1403 10a9 00       		.byte	0
 1404 10aa 18       		.uleb128 0x18
 1405 10ab 00000000 		.uaword	.LBB4
 1406 10af 00000000 		.uaword	.LBE4
 1407 10b3 C8100000 		.uaword	0x10c8
 1408 10b7 16       		.uleb128 0x16
 1409 10b8 72657300 		.string	"res"
 1410 10bc 01       		.byte	0x1
 1411 10bd 5D05     		.uahalf	0x55d
 1412 10bf CD010000 		.uaword	0x1cd
 1413 10c3 00000000 		.uaword	.LLST0
 1414 10c7 00       		.byte	0
 1415 10c8 18       		.uleb128 0x18
 1416 10c9 00000000 		.uaword	.LBB5
 1417 10cd 00000000 		.uaword	.LBE5
 1418 10d1 E7100000 		.uaword	0x10e7
 1419 10d5 19       		.uleb128 0x19
 1420 10d6 6E657776 		.string	"newval"
 1420      616C00
 1421 10dd 01       		.byte	0x1
 1422 10de 5D05     		.uahalf	0x55d
 1423 10e0 CD010000 		.uaword	0x1cd
 1424 10e4 FF80     		.uahalf	0x80ff
 1425 10e6 00       		.byte	0
 1426 10e7 1A       		.uleb128 0x1a
 1427 10e8 00000000 		.uaword	.LBB6
 1428 10ec 00000000 		.uaword	.LBE6
 1429 10f0 16       		.uleb128 0x16
 1430 10f1 6E657776 		.string	"newval"
 1430      616C00
 1431 10f8 01       		.byte	0x1
 1432 10f9 6005     		.uahalf	0x560
 1433 10fb CD010000 		.uaword	0x1cd
 1434 10ff 00000000 		.uaword	.LLST5
 1435 1103 00       		.byte	0
 1436 1104 00       		.byte	0
 1437 1105 08       		.uleb128 0x8
 1438 1106 04       		.byte	0x4
 1439 1107 0B110000 		.uaword	0x110b
 1440 110b 0F       		.uleb128 0xf
 1441 110c A30F0000 		.uaword	0xfa3
 1442 1110 06       		.uleb128 0x6
GAS Infineon TriCore Little Endian C:\\Users\\user1\\AppData\\Local\\Temp\\rta_RTAOS_638388406317960277_1736001\\ccuuoJZh.s 			page 33


 1443 1111 A30F0000 		.uaword	0xfa3
 1444 1115 1B110000 		.uaword	0x111b
 1445 1119 1B       		.uleb128 0x1b
 1446 111a 00       		.byte	0
 1447 111b 1C       		.uleb128 0x1c
 1448 111c 4F735F63 		.string	"Os_const_coreconfiguration"
 1448      6F6E7374 
 1448      5F636F72 
 1448      65636F6E 
 1448      66696775 
 1449 1137 01       		.byte	0x1
 1450 1138 6A04     		.uahalf	0x46a
 1451 113a 40110000 		.uaword	0x1140
 1452 113e 01       		.byte	0x1
 1453 113f 01       		.byte	0x1
 1454 1140 0F       		.uleb128 0xf
 1455 1141 10110000 		.uaword	0x1110
 1456 1145 00       		.byte	0
 1457              	.section .debug_abbrev,"",@progbits
 1458              	.Ldebug_abbrev0:
 1459 0000 01       		.uleb128 0x1
 1460 0001 11       		.uleb128 0x11
 1461 0002 01       		.byte	0x1
 1462 0003 25       		.uleb128 0x25
 1463 0004 08       		.uleb128 0x8
 1464 0005 13       		.uleb128 0x13
 1465 0006 0B       		.uleb128 0xb
 1466 0007 03       		.uleb128 0x3
 1467 0008 08       		.uleb128 0x8
 1468 0009 55       		.uleb128 0x55
 1469 000a 06       		.uleb128 0x6
 1470 000b 11       		.uleb128 0x11
 1471 000c 01       		.uleb128 0x1
 1472 000d 52       		.uleb128 0x52
 1473 000e 01       		.uleb128 0x1
 1474 000f 10       		.uleb128 0x10
 1475 0010 06       		.uleb128 0x6
 1476 0011 00       		.byte	0
 1477 0012 00       		.byte	0
 1478 0013 02       		.uleb128 0x2
 1479 0014 16       		.uleb128 0x16
 1480 0015 00       		.byte	0
 1481 0016 03       		.uleb128 0x3
 1482 0017 08       		.uleb128 0x8
 1483 0018 3A       		.uleb128 0x3a
 1484 0019 0B       		.uleb128 0xb
 1485 001a 3B       		.uleb128 0x3b
 1486 001b 0B       		.uleb128 0xb
 1487 001c 49       		.uleb128 0x49
 1488 001d 13       		.uleb128 0x13
 1489 001e 00       		.byte	0
 1490 001f 00       		.byte	0
 1491 0020 03       		.uleb128 0x3
 1492 0021 24       		.uleb128 0x24
 1493 0022 00       		.byte	0
 1494 0023 0B       		.uleb128 0xb
 1495 0024 0B       		.uleb128 0xb
GAS Infineon TriCore Little Endian C:\\Users\\user1\\AppData\\Local\\Temp\\rta_RTAOS_638388406317960277_1736001\\ccuuoJZh.s 			page 34


 1496 0025 3E       		.uleb128 0x3e
 1497 0026 0B       		.uleb128 0xb
 1498 0027 03       		.uleb128 0x3
 1499 0028 08       		.uleb128 0x8
 1500 0029 00       		.byte	0
 1501 002a 00       		.byte	0
 1502 002b 04       		.uleb128 0x4
 1503 002c 13       		.uleb128 0x13
 1504 002d 01       		.byte	0x1
 1505 002e 0B       		.uleb128 0xb
 1506 002f 0B       		.uleb128 0xb
 1507 0030 3A       		.uleb128 0x3a
 1508 0031 0B       		.uleb128 0xb
 1509 0032 3B       		.uleb128 0x3b
 1510 0033 0B       		.uleb128 0xb
 1511 0034 01       		.uleb128 0x1
 1512 0035 13       		.uleb128 0x13
 1513 0036 00       		.byte	0
 1514 0037 00       		.byte	0
 1515 0038 05       		.uleb128 0x5
 1516 0039 0D       		.uleb128 0xd
 1517 003a 00       		.byte	0
 1518 003b 03       		.uleb128 0x3
 1519 003c 08       		.uleb128 0x8
 1520 003d 3A       		.uleb128 0x3a
 1521 003e 0B       		.uleb128 0xb
 1522 003f 3B       		.uleb128 0x3b
 1523 0040 0B       		.uleb128 0xb
 1524 0041 49       		.uleb128 0x49
 1525 0042 13       		.uleb128 0x13
 1526 0043 38       		.uleb128 0x38
 1527 0044 0A       		.uleb128 0xa
 1528 0045 00       		.byte	0
 1529 0046 00       		.byte	0
 1530 0047 06       		.uleb128 0x6
 1531 0048 01       		.uleb128 0x1
 1532 0049 01       		.byte	0x1
 1533 004a 49       		.uleb128 0x49
 1534 004b 13       		.uleb128 0x13
 1535 004c 01       		.uleb128 0x1
 1536 004d 13       		.uleb128 0x13
 1537 004e 00       		.byte	0
 1538 004f 00       		.byte	0
 1539 0050 07       		.uleb128 0x7
 1540 0051 21       		.uleb128 0x21
 1541 0052 00       		.byte	0
 1542 0053 49       		.uleb128 0x49
 1543 0054 13       		.uleb128 0x13
 1544 0055 2F       		.uleb128 0x2f
 1545 0056 0B       		.uleb128 0xb
 1546 0057 00       		.byte	0
 1547 0058 00       		.byte	0
 1548 0059 08       		.uleb128 0x8
 1549 005a 0F       		.uleb128 0xf
 1550 005b 00       		.byte	0
 1551 005c 0B       		.uleb128 0xb
 1552 005d 0B       		.uleb128 0xb
GAS Infineon TriCore Little Endian C:\\Users\\user1\\AppData\\Local\\Temp\\rta_RTAOS_638388406317960277_1736001\\ccuuoJZh.s 			page 35


 1553 005e 49       		.uleb128 0x49
 1554 005f 13       		.uleb128 0x13
 1555 0060 00       		.byte	0
 1556 0061 00       		.byte	0
 1557 0062 09       		.uleb128 0x9
 1558 0063 15       		.uleb128 0x15
 1559 0064 00       		.byte	0
 1560 0065 27       		.uleb128 0x27
 1561 0066 0C       		.uleb128 0xc
 1562 0067 00       		.byte	0
 1563 0068 00       		.byte	0
 1564 0069 0A       		.uleb128 0xa
 1565 006a 16       		.uleb128 0x16
 1566 006b 00       		.byte	0
 1567 006c 03       		.uleb128 0x3
 1568 006d 08       		.uleb128 0x8
 1569 006e 3A       		.uleb128 0x3a
 1570 006f 0B       		.uleb128 0xb
 1571 0070 3B       		.uleb128 0x3b
 1572 0071 05       		.uleb128 0x5
 1573 0072 49       		.uleb128 0x49
 1574 0073 13       		.uleb128 0x13
 1575 0074 00       		.byte	0
 1576 0075 00       		.byte	0
 1577 0076 0B       		.uleb128 0xb
 1578 0077 35       		.uleb128 0x35
 1579 0078 00       		.byte	0
 1580 0079 49       		.uleb128 0x49
 1581 007a 13       		.uleb128 0x13
 1582 007b 00       		.byte	0
 1583 007c 00       		.byte	0
 1584 007d 0C       		.uleb128 0xc
 1585 007e 13       		.uleb128 0x13
 1586 007f 01       		.byte	0x1
 1587 0080 03       		.uleb128 0x3
 1588 0081 08       		.uleb128 0x8
 1589 0082 0B       		.uleb128 0xb
 1590 0083 0B       		.uleb128 0xb
 1591 0084 3A       		.uleb128 0x3a
 1592 0085 0B       		.uleb128 0xb
 1593 0086 3B       		.uleb128 0x3b
 1594 0087 05       		.uleb128 0x5
 1595 0088 01       		.uleb128 0x1
 1596 0089 13       		.uleb128 0x13
 1597 008a 00       		.byte	0
 1598 008b 00       		.byte	0
 1599 008c 0D       		.uleb128 0xd
 1600 008d 0D       		.uleb128 0xd
 1601 008e 00       		.byte	0
 1602 008f 03       		.uleb128 0x3
 1603 0090 08       		.uleb128 0x8
 1604 0091 3A       		.uleb128 0x3a
 1605 0092 0B       		.uleb128 0xb
 1606 0093 3B       		.uleb128 0x3b
 1607 0094 05       		.uleb128 0x5
 1608 0095 49       		.uleb128 0x49
 1609 0096 13       		.uleb128 0x13
GAS Infineon TriCore Little Endian C:\\Users\\user1\\AppData\\Local\\Temp\\rta_RTAOS_638388406317960277_1736001\\ccuuoJZh.s 			page 36


 1610 0097 38       		.uleb128 0x38
 1611 0098 0A       		.uleb128 0xa
 1612 0099 00       		.byte	0
 1613 009a 00       		.byte	0
 1614 009b 0E       		.uleb128 0xe
 1615 009c 0D       		.uleb128 0xd
 1616 009d 00       		.byte	0
 1617 009e 03       		.uleb128 0x3
 1618 009f 0E       		.uleb128 0xe
 1619 00a0 3A       		.uleb128 0x3a
 1620 00a1 0B       		.uleb128 0xb
 1621 00a2 3B       		.uleb128 0x3b
 1622 00a3 05       		.uleb128 0x5
 1623 00a4 49       		.uleb128 0x49
 1624 00a5 13       		.uleb128 0x13
 1625 00a6 38       		.uleb128 0x38
 1626 00a7 0A       		.uleb128 0xa
 1627 00a8 00       		.byte	0
 1628 00a9 00       		.byte	0
 1629 00aa 0F       		.uleb128 0xf
 1630 00ab 26       		.uleb128 0x26
 1631 00ac 00       		.byte	0
 1632 00ad 49       		.uleb128 0x49
 1633 00ae 13       		.uleb128 0x13
 1634 00af 00       		.byte	0
 1635 00b0 00       		.byte	0
 1636 00b1 10       		.uleb128 0x10
 1637 00b2 17       		.uleb128 0x17
 1638 00b3 01       		.byte	0x1
 1639 00b4 0B       		.uleb128 0xb
 1640 00b5 0B       		.uleb128 0xb
 1641 00b6 3A       		.uleb128 0x3a
 1642 00b7 0B       		.uleb128 0xb
 1643 00b8 3B       		.uleb128 0x3b
 1644 00b9 05       		.uleb128 0x5
 1645 00ba 01       		.uleb128 0x1
 1646 00bb 13       		.uleb128 0x13
 1647 00bc 00       		.byte	0
 1648 00bd 00       		.byte	0
 1649 00be 11       		.uleb128 0x11
 1650 00bf 0D       		.uleb128 0xd
 1651 00c0 00       		.byte	0
 1652 00c1 03       		.uleb128 0x3
 1653 00c2 08       		.uleb128 0x8
 1654 00c3 3A       		.uleb128 0x3a
 1655 00c4 0B       		.uleb128 0xb
 1656 00c5 3B       		.uleb128 0x3b
 1657 00c6 05       		.uleb128 0x5
 1658 00c7 49       		.uleb128 0x49
 1659 00c8 13       		.uleb128 0x13
 1660 00c9 00       		.byte	0
 1661 00ca 00       		.byte	0
 1662 00cb 12       		.uleb128 0x12
 1663 00cc 0D       		.uleb128 0xd
 1664 00cd 00       		.byte	0
 1665 00ce 03       		.uleb128 0x3
 1666 00cf 0E       		.uleb128 0xe
GAS Infineon TriCore Little Endian C:\\Users\\user1\\AppData\\Local\\Temp\\rta_RTAOS_638388406317960277_1736001\\ccuuoJZh.s 			page 37


 1667 00d0 3A       		.uleb128 0x3a
 1668 00d1 0B       		.uleb128 0xb
 1669 00d2 3B       		.uleb128 0x3b
 1670 00d3 05       		.uleb128 0x5
 1671 00d4 49       		.uleb128 0x49
 1672 00d5 13       		.uleb128 0x13
 1673 00d6 00       		.byte	0
 1674 00d7 00       		.byte	0
 1675 00d8 13       		.uleb128 0x13
 1676 00d9 13       		.uleb128 0x13
 1677 00da 01       		.byte	0x1
 1678 00db 0B       		.uleb128 0xb
 1679 00dc 0B       		.uleb128 0xb
 1680 00dd 3A       		.uleb128 0x3a
 1681 00de 0B       		.uleb128 0xb
 1682 00df 3B       		.uleb128 0x3b
 1683 00e0 05       		.uleb128 0x5
 1684 00e1 01       		.uleb128 0x1
 1685 00e2 13       		.uleb128 0x13
 1686 00e3 00       		.byte	0
 1687 00e4 00       		.byte	0
 1688 00e5 14       		.uleb128 0x14
 1689 00e6 2E       		.uleb128 0x2e
 1690 00e7 01       		.byte	0x1
 1691 00e8 3F       		.uleb128 0x3f
 1692 00e9 0C       		.uleb128 0xc
 1693 00ea 03       		.uleb128 0x3
 1694 00eb 08       		.uleb128 0x8
 1695 00ec 3A       		.uleb128 0x3a
 1696 00ed 0B       		.uleb128 0xb
 1697 00ee 3B       		.uleb128 0x3b
 1698 00ef 05       		.uleb128 0x5
 1699 00f0 27       		.uleb128 0x27
 1700 00f1 0C       		.uleb128 0xc
 1701 00f2 49       		.uleb128 0x49
 1702 00f3 13       		.uleb128 0x13
 1703 00f4 11       		.uleb128 0x11
 1704 00f5 01       		.uleb128 0x1
 1705 00f6 12       		.uleb128 0x12
 1706 00f7 01       		.uleb128 0x1
 1707 00f8 40       		.uleb128 0x40
 1708 00f9 0A       		.uleb128 0xa
 1709 00fa 9742     		.uleb128 0x2117
 1710 00fc 0C       		.uleb128 0xc
 1711 00fd 01       		.uleb128 0x1
 1712 00fe 13       		.uleb128 0x13
 1713 00ff 00       		.byte	0
 1714 0100 00       		.byte	0
 1715 0101 15       		.uleb128 0x15
 1716 0102 34       		.uleb128 0x34
 1717 0103 00       		.byte	0
 1718 0104 03       		.uleb128 0x3
 1719 0105 08       		.uleb128 0x8
 1720 0106 3A       		.uleb128 0x3a
 1721 0107 0B       		.uleb128 0xb
 1722 0108 3B       		.uleb128 0x3b
 1723 0109 05       		.uleb128 0x5
GAS Infineon TriCore Little Endian C:\\Users\\user1\\AppData\\Local\\Temp\\rta_RTAOS_638388406317960277_1736001\\ccuuoJZh.s 			page 38


 1724 010a 49       		.uleb128 0x49
 1725 010b 13       		.uleb128 0x13
 1726 010c 02       		.uleb128 0x2
 1727 010d 0A       		.uleb128 0xa
 1728 010e 00       		.byte	0
 1729 010f 00       		.byte	0
 1730 0110 16       		.uleb128 0x16
 1731 0111 34       		.uleb128 0x34
 1732 0112 00       		.byte	0
 1733 0113 03       		.uleb128 0x3
 1734 0114 08       		.uleb128 0x8
 1735 0115 3A       		.uleb128 0x3a
 1736 0116 0B       		.uleb128 0xb
 1737 0117 3B       		.uleb128 0x3b
 1738 0118 05       		.uleb128 0x5
 1739 0119 49       		.uleb128 0x49
 1740 011a 13       		.uleb128 0x13
 1741 011b 02       		.uleb128 0x2
 1742 011c 06       		.uleb128 0x6
 1743 011d 00       		.byte	0
 1744 011e 00       		.byte	0
 1745 011f 17       		.uleb128 0x17
 1746 0120 34       		.uleb128 0x34
 1747 0121 00       		.byte	0
 1748 0122 03       		.uleb128 0x3
 1749 0123 08       		.uleb128 0x8
 1750 0124 3A       		.uleb128 0x3a
 1751 0125 0B       		.uleb128 0xb
 1752 0126 3B       		.uleb128 0x3b
 1753 0127 05       		.uleb128 0x5
 1754 0128 49       		.uleb128 0x49
 1755 0129 13       		.uleb128 0x13
 1756 012a 00       		.byte	0
 1757 012b 00       		.byte	0
 1758 012c 18       		.uleb128 0x18
 1759 012d 0B       		.uleb128 0xb
 1760 012e 01       		.byte	0x1
 1761 012f 11       		.uleb128 0x11
 1762 0130 01       		.uleb128 0x1
 1763 0131 12       		.uleb128 0x12
 1764 0132 01       		.uleb128 0x1
 1765 0133 01       		.uleb128 0x1
 1766 0134 13       		.uleb128 0x13
 1767 0135 00       		.byte	0
 1768 0136 00       		.byte	0
 1769 0137 19       		.uleb128 0x19
 1770 0138 34       		.uleb128 0x34
 1771 0139 00       		.byte	0
 1772 013a 03       		.uleb128 0x3
 1773 013b 08       		.uleb128 0x8
 1774 013c 3A       		.uleb128 0x3a
 1775 013d 0B       		.uleb128 0xb
 1776 013e 3B       		.uleb128 0x3b
 1777 013f 05       		.uleb128 0x5
 1778 0140 49       		.uleb128 0x49
 1779 0141 13       		.uleb128 0x13
 1780 0142 1C       		.uleb128 0x1c
GAS Infineon TriCore Little Endian C:\\Users\\user1\\AppData\\Local\\Temp\\rta_RTAOS_638388406317960277_1736001\\ccuuoJZh.s 			page 39


 1781 0143 05       		.uleb128 0x5
 1782 0144 00       		.byte	0
 1783 0145 00       		.byte	0
 1784 0146 1A       		.uleb128 0x1a
 1785 0147 0B       		.uleb128 0xb
 1786 0148 01       		.byte	0x1
 1787 0149 11       		.uleb128 0x11
 1788 014a 01       		.uleb128 0x1
 1789 014b 12       		.uleb128 0x12
 1790 014c 01       		.uleb128 0x1
 1791 014d 00       		.byte	0
 1792 014e 00       		.byte	0
 1793 014f 1B       		.uleb128 0x1b
 1794 0150 21       		.uleb128 0x21
 1795 0151 00       		.byte	0
 1796 0152 00       		.byte	0
 1797 0153 00       		.byte	0
 1798 0154 1C       		.uleb128 0x1c
 1799 0155 34       		.uleb128 0x34
 1800 0156 00       		.byte	0
 1801 0157 03       		.uleb128 0x3
 1802 0158 08       		.uleb128 0x8
 1803 0159 3A       		.uleb128 0x3a
 1804 015a 0B       		.uleb128 0xb
 1805 015b 3B       		.uleb128 0x3b
 1806 015c 05       		.uleb128 0x5
 1807 015d 49       		.uleb128 0x49
 1808 015e 13       		.uleb128 0x13
 1809 015f 3F       		.uleb128 0x3f
 1810 0160 0C       		.uleb128 0xc
 1811 0161 3C       		.uleb128 0x3c
 1812 0162 0C       		.uleb128 0xc
 1813 0163 00       		.byte	0
 1814 0164 00       		.byte	0
 1815 0165 00       		.byte	0
 1816              	.section .debug_loc,"",@progbits
 1817              	.Ldebug_loc0:
 1818              	.LLST0:
 1819 0000 00000000 		.uaword	.LVL3
 1820 0004 00000000 		.uaword	.LVL6
 1821 0008 0100     		.uahalf	0x1
 1822 000a 5F       		.byte	0x5f
 1823 000b 00000000 		.uaword	0
 1824 000f 00000000 		.uaword	0
 1825              	.LLST1:
 1826 0013 00000000 		.uaword	.LVL2
 1827 0017 00000000 		.uaword	.LVL3
 1828 001b 0100     		.uahalf	0x1
 1829 001d 5F       		.byte	0x5f
 1830 001e 00000000 		.uaword	0
 1831 0022 00000000 		.uaword	0
 1832              	.LLST2:
 1833 0026 00000000 		.uaword	.LVL0
 1834 002a 00000000 		.uaword	.LVL2
 1835 002e 0100     		.uahalf	0x1
 1836 0030 5F       		.byte	0x5f
 1837 0031 00000000 		.uaword	0
GAS Infineon TriCore Little Endian C:\\Users\\user1\\AppData\\Local\\Temp\\rta_RTAOS_638388406317960277_1736001\\ccuuoJZh.s 			page 40


 1838 0035 00000000 		.uaword	0
 1839              	.LLST5:
 1840 0039 00000000 		.uaword	.LVL5
 1841 003d 00000000 		.uaword	.LVL6
 1842 0041 0100     		.uahalf	0x1
 1843 0043 5F       		.byte	0x5f
 1844 0044 00000000 		.uaword	0
 1845 0048 00000000 		.uaword	0
 1846              	.section .debug_aranges,"",@progbits
 1847 0000 1C000000 		.uaword	0x1c
 1848 0004 0200     		.uahalf	0x2
 1849 0006 00000000 		.uaword	.Ldebug_info0
 1850 000a 04       		.byte	0x4
 1851 000b 00       		.byte	0
 1852 000c 0000     		.uahalf	0
 1853 000e 0000     		.uahalf	0
 1854 0010 00000000 		.uaword	.LFB0
 1855 0014 4E000000 		.uaword	.LFE0-.LFB0
 1856 0018 00000000 		.uaword	0
 1857 001c 00000000 		.uaword	0
 1858              	.section .debug_ranges,"",@progbits
 1859              	.Ldebug_ranges0:
 1860 0000 00000000 		.uaword	.LFB0
 1861 0004 00000000 		.uaword	.LFE0
 1862 0008 00000000 		.uaword	0
 1863 000c 00000000 		.uaword	0
 1864              	.section .debug_line,"",@progbits
 1865              	.Ldebug_line0:
 1866 0000 39010000 	.section .debug_str,"",@progbits
 1866      02001301 
 1866      00000201 
 1866      FB0E0D00 
 1866      01010101 
 1867              	.LASF4:
 1868 0000 6170706C 		.string	"application"
 1868      69636174 
 1868      696F6E00 
 1869              	.LASF2:
 1870 000c 64796E61 		.string	"dynamic"
 1870      6D696300 
 1871              	.LASF5:
 1872 0014 61637469 		.string	"activation_count"
 1872      76617469 
 1872      6F6E5F63 
 1872      6F756E74 
 1872      00
 1873              	.LASF6:
 1874 0025 74706D61 		.string	"tpmask"
 1874      736B00
 1875              	.LASF1:
 1876 002c 656E7472 		.string	"entry_function"
 1876      795F6675 
 1876      6E637469 
 1876      6F6E00
 1877              	.LASF3:
 1878 003b 61636365 		.string	"access"
 1878      737300
GAS Infineon TriCore Little Endian C:\\Users\\user1\\AppData\\Local\\Temp\\rta_RTAOS_638388406317960277_1736001\\ccuuoJZh.s 			page 41


 1879              	.LASF0:
 1880 0042 7265736F 		.string	"resource_count"
 1880      75726365 
 1880      5F636F75 
 1880      6E7400
 1881              		.extern	Os_const_coreconfiguration,STT_OBJECT,-1
 1882              		.ident	"GCC: (HighTec Release HDP-v4.9.4.1-11fcedf) 4.9.4 build on 2020-09-01"
