GAS Infineon TriCore Little Endian C:\\Users\\user1\\AppData\\Local\\Temp\\rta_RTAOS_638388406317960277_1736001\\cczKPVEk.s 			page 1


   1              		.file	"GetTaskActivationTime.c"
   2              	.section .text,"ax",@progbits
   3              	.Ltext0:
   4              	.section .text.Os_GetTaskActivationTime,"ax",@progbits
   5              		.align 1
   6              		.global	Os_GetTaskActivationTime
   7              		.type	Os_GetTaskActivationTime, @function
   8              	Os_GetTaskActivationTime:
   9              	.LFB0:
  10              		.file 1 "C:\\Users\\user1\\AppData\\Local\\Temp\\rta_RTAOS_638388406317960277_1736001\\GetTaskActi
  11              		.loc 1 1367 0
  12              	.LVL0:
  13 0000 2008     		sub.a	%SP, 8
  14              	.LCFI0:
  15              		.loc 1 1367 0
  16 0002 404F     		mov.aa	%a15, %a4
  17 0004 405C     		mov.aa	%a12, %a5
  18              	.LBB2:
  19              		.loc 1 1370 0
  20              	#APP
  21              		# 1370 "C:\Users\user1\AppData\Local\Temp\rta_RTAOS_638388406317960277_1736001\GetTaskActivationTi
  22 0006 4DC0E1FF 		mfcr %d15,0xfe1c
  23              		# 0 "" 2
  24              	.LVL1:
  25              	#NO_APP
  26              	.LBE2:
  27              		.loc 1 1371 0
  28 000a 91000020 		movh.a	%a2, hi:Os_const_coreconfiguration
  29 000e 8023     		mov.d	%d3, %a2
  30 0010 1B030020 		addi	%d2, %d3, lo:Os_const_coreconfiguration
  31 0014 138F2132 		madd	%d3, %d2, %d15, 24
  32 0018 6032     		mov.a	%a2, %d3
  33 001a D42E     		ld.a	%a14, [%a2]0
****  Notice:Optimizing ld.a-a@w -> ld.a-a@
  34              	.LVL2:
  35              		.loc 1 1372 0
  36 001c 992D0400 		ld.a	%a13, [%a2] 4
  37              	.LVL3:
  38              	.LBB3:
  39              		.loc 1 1373 0
  40              	#APP
  41              		# 1373 "C:\Users\user1\AppData\Local\Temp\rta_RTAOS_638388406317960277_1736001\GetTaskActivationTi
  42 0020 4D40E0FF 		mfcr %d15,0xfe04
  43              		# 0 "" 2
  44              	.LVL4:
  45              	#NO_APP
  46              	.LBE3:
  47              		.loc 1 1374 0
  48 0024 AEB3     		jnz.t	%d15, 11, .L2
  49              		.loc 1 1374 0 is_stmt 0 discriminator 1
  50              	#APP
  51              		# 1374 "C:\Users\user1\AppData\Local\Temp\rta_RTAOS_638388406317960277_1736001\GetTaskActivationTi
  52 0026 AD008000 		syscall 0
  53              		# 0 "" 2
  54              	#NO_APP
  55              	.L2:
  56              	.LBB4:
GAS Infineon TriCore Little Endian C:\\Users\\user1\\AppData\\Local\\Temp\\rta_RTAOS_638388406317960277_1736001\\cczKPVEk.s 			page 2


  57              		.loc 1 1375 0 is_stmt 1
  58              	#APP
  59              		# 1375 "C:\Users\user1\AppData\Local\Temp\rta_RTAOS_638388406317960277_1736001\GetTaskActivationTi
  60 002a 4DC0E28F 		mfcr %d8,0xFE2C
  61              		# 0 "" 2
  62              	.LVL5:
  63              	#NO_APP
  64              	.LBE4:
  65              	#APP
  66              		# 1375 "C:\Users\user1\AppData\Local\Temp\rta_RTAOS_638388406317960277_1736001\GetTaskActivationTi
  67 002e 0D004003 		disable
  68              		# 0 "" 2
  69              	.LVL6:
  70              	#NO_APP
  71              	.LBB5:
  72 0032 BBF00FF8 		mov.u	%d15, 33023
  73              	.LVL7:
  74              	#APP
  75              		# 1375 "C:\Users\user1\AppData\Local\Temp\rta_RTAOS_638388406317960277_1736001\GetTaskActivationTi
  76 0036 CDCFE20F 		mtcr 0xFE2C,%d15
  77              		# 0 "" 2
  78              	#NO_APP
  79              	.LBE5:
  80              	#APP
  81              		# 1375 "C:\Users\user1\AppData\Local\Temp\rta_RTAOS_638388406317960277_1736001\GetTaskActivationTi
  82 003a 0D00C004 		isync
  83              		# 0 "" 2
  84              		.loc 1 1376 0
  85              	#NO_APP
  86 003e 3B50FAFF 		mov	%d15, -91
  87 0042 E9DF1800 		st.b	[%a13] 24, %d15
  88              		.loc 1 1377 0
  89 0046 40F4     		mov.aa	%a4, %a15
  90              	.LVL8:
  91 0048 6D000000 		call	Os_IsTaskValid
****  Notice:Expanding call-R -> call-O
  92              	.LVL9:
  93 004c 762D     		jz	%d2, .L5
  94              		.loc 1 1378 0
  95 004e 39E43000 		ld.bu	%d4, [%a14] 48
  96 0052 A004     		mov.a	%a4, 0
  97 0054 A005     		mov.a	%a5, 0
  98 0056 40C6     		mov.aa	%a6, %a12
  99 0058 8245     		mov	%d5, 4
 100 005a 6D000000 		call	Os_Cbk_CheckMemoryAccess
****  Notice:Expanding call-R -> call-O
 101              	.LVL10:
 102 005e 6F121880 		jnz.t	%d2, 1, .L9
 103 0062 DA0A     		mov	%d15, 10
 104 0064 3C02     		j	.L3
 105              	.L5:
 106              		.loc 1 1377 0
 107 0066 823F     		mov	%d15, 3
 108              	.L3:
 109              	.LVL11:
 110              		.loc 1 1384 0
 111 0068 8202     		mov	%d2, 0
GAS Infineon TriCore Little Endian C:\\Users\\user1\\AppData\\Local\\Temp\\rta_RTAOS_638388406317960277_1736001\\cczKPVEk.s 			page 3


 112 006a 80F6     		mov.d	%d6, %a15
 113 006c 80C7     		mov.d	%d7, %a12
 114 006e 74A2     		st.w	[%SP]0, %d2
****  Notice:Optimizing st.w-@wd -> st.w-@d
 115 0070 02F4     		mov	%d4, %d15
 116 0072 3B200550 		mov	%d5, 82
 117 0076 6D000000 		call	Os_ErrorLog
****  Notice:Expanding call-R -> call-O
 118              	.LVL12:
 119              	.L4:
 120              	.LBB6:
 121              		.loc 1 1386 0
 122              	#APP
 123              		# 1386 "C:\Users\user1\AppData\Local\Temp\rta_RTAOS_638388406317960277_1736001\GetTaskActivationTi
 124 007a CDC8E20F 		mtcr 0xFE2C,%d8
 125              		# 0 "" 2
 126              	#NO_APP
 127              	.LBE6:
 128              	#APP
 129              		# 1386 "C:\Users\user1\AppData\Local\Temp\rta_RTAOS_638388406317960277_1736001\GetTaskActivationTi
 130 007e 0D00C004 		isync
 131              		# 0 "" 2
 132              		.loc 1 1387 0
 133              	#NO_APP
 134 0082 3B40FA2F 		mov	%d2, -92
 135 0086 E9D21800 		st.b	[%a13] 24, %d2
 136              		.loc 1 1390 0
 137 008a 02F2     		mov	%d2, %d15
 138 008c 0090     		ret
 139              	.LVL13:
 140              	.L9:
 141              		.loc 1 1379 0
 142 008e C802     		ld.a	%a2, [%a15]0
 143 0090 4C20     		ld.w	%d15, [%a2]0
 144 0092 6CC0     		st.w	[%a12]0, %d15
 145              		.loc 1 1380 0
 146 0094 39221410 		ld.bu	%d2, [%a2] 84
 147              		.loc 1 1368 0
 148 0098 820F     		mov	%d15, 0
 149              		.loc 1 1380 0
 150 009a DF02F0FF 		jnz	%d2, .L4
****  Notice:Expanding jnz-dm -> jne-d4o
 151 009e 825F     		mov	%d15, 5
 152 00a0 3CE4     		j	.L3
 153              	.LFE0:
 154              		.size	Os_GetTaskActivationTime, .-Os_GetTaskActivationTime
 155              	.section .debug_frame,"",@progbits
 156              	.Lframe0:
 157 0000 0C000000 		.uaword	.LECIE0-.LSCIE0
 158              	.LSCIE0:
 159 0004 FFFFFFFF 		.uaword	0xffffffff
 160 0008 01       		.byte	0x1
 161 0009 00       		.string	""
 162 000a 01       		.uleb128 0x1
 163 000b 01       		.sleb128 1
 164 000c 1B       		.byte	0x1b
 165 000d 0C       		.byte	0xc
GAS Infineon TriCore Little Endian C:\\Users\\user1\\AppData\\Local\\Temp\\rta_RTAOS_638388406317960277_1736001\\cczKPVEk.s 			page 4


 166 000e 1A       		.uleb128 0x1a
 167 000f 00       		.uleb128 0
 168              		.align 2
 169              	.LECIE0:
 170              	.LSFDE0:
 171 0010 10000000 		.uaword	.LEFDE0-.LASFDE0
 172              	.LASFDE0:
 173 0014 00000000 		.uaword	.Lframe0
 174 0018 00000000 		.uaword	.LFB0
 175 001c A2000000 		.uaword	.LFE0-.LFB0
 176 0020 42       		.byte	0x4
 177              		.uaword	.LCFI0-.LFB0
 178 0021 0E       		.byte	0xe
 179 0022 08       		.uleb128 0x8
 180 0023 00       		.align 2
 181              	.LEFDE0:
 182              	.section .text,"ax",@progbits
 183              	.Letext0:
 184              		.file 2 "D:\\home\\user123\\user\\Mohan6_VectorSIP\\21Dec23\\15Dec23_CAN_merge_21stDec\\25_Softwar
 185              		.file 3 "D:\\home\\user123\\user\\Mohan6_VectorSIP\\21Dec23\\15Dec23_CAN_merge_21stDec\\25_Softwar
 186              	.section .debug_info,"",@progbits
 187              	.Ldebug_info0:
 188 0000 32130000 		.uaword	0x1332
 189 0004 0200     		.uahalf	0x2
 190 0006 00000000 		.uaword	.Ldebug_abbrev0
 191 000a 04       		.byte	0x4
 192 000b 01       		.uleb128 0x1
 193 000c 474E5520 		.ascii	"GNU C 4."
 193      4320342E 
 194 0014 392E3420 		.string	"9.4 build on 2020-09-01 -mlicense-dir=c:\\hightec\\toolchains\\tricore\\v4.9.4.1\\bin\\..
 194      6275696C 
 194      64206F6E 
 194      20323032 
 194      302D3039 
 195 0115 01       		.byte	0x1
 196 0116 433A5C55 		.string	"C:\\Users\\user1\\AppData\\Local\\Temp\\rta_RTAOS_638388406317960277_1736001\\GetTaskActi
 196      73657273 
 196      5C757365 
 196      72315C41 
 196      70704461 
 197 0175 00000000 		.uaword	.Ldebug_ranges0+0
 198 0179 00000000 		.uaword	0
 199 017d 00000000 		.uaword	0
 200 0181 00000000 		.uaword	.Ldebug_line0
 201 0185 02       		.uleb128 0x2
 202 0186 75696E74 		.string	"uint8"
 202      3800
 203 018c 02       		.byte	0x2
 204 018d 34       		.byte	0x34
 205 018e 92010000 		.uaword	0x192
 206 0192 03       		.uleb128 0x3
 207 0193 01       		.byte	0x1
 208 0194 08       		.byte	0x8
 209 0195 756E7369 		.string	"unsigned char"
 209      676E6564 
 209      20636861 
 209      7200
GAS Infineon TriCore Little Endian C:\\Users\\user1\\AppData\\Local\\Temp\\rta_RTAOS_638388406317960277_1736001\\cczKPVEk.s 			page 5


 210 01a3 02       		.uleb128 0x2
 211 01a4 75696E74 		.string	"uint16"
 211      313600
 212 01ab 02       		.byte	0x2
 213 01ac 35       		.byte	0x35
 214 01ad B1010000 		.uaword	0x1b1
 215 01b1 03       		.uleb128 0x3
 216 01b2 02       		.byte	0x2
 217 01b3 07       		.byte	0x7
 218 01b4 73686F72 		.string	"short unsigned int"
 218      7420756E 
 218      7369676E 
 218      65642069 
 218      6E7400
 219 01c7 02       		.uleb128 0x2
 220 01c8 75696E74 		.string	"uint32"
 220      333200
 221 01cf 02       		.byte	0x2
 222 01d0 36       		.byte	0x36
 223 01d1 D5010000 		.uaword	0x1d5
 224 01d5 03       		.uleb128 0x3
 225 01d6 04       		.byte	0x4
 226 01d7 07       		.byte	0x7
 227 01d8 756E7369 		.string	"unsigned int"
 227      676E6564 
 227      20696E74 
 227      00
 228 01e5 03       		.uleb128 0x3
 229 01e6 01       		.byte	0x1
 230 01e7 06       		.byte	0x6
 231 01e8 7369676E 		.string	"signed char"
 231      65642063 
 231      68617200 
 232 01f4 03       		.uleb128 0x3
 233 01f5 02       		.byte	0x2
 234 01f6 05       		.byte	0x5
 235 01f7 73686F72 		.string	"short int"
 235      7420696E 
 235      7400
 236 0201 03       		.uleb128 0x3
 237 0202 04       		.byte	0x4
 238 0203 05       		.byte	0x5
 239 0204 696E7400 		.string	"int"
 240 0208 03       		.uleb128 0x3
 241 0209 04       		.byte	0x4
 242 020a 04       		.byte	0x4
 243 020b 666C6F61 		.string	"float"
 243      7400
 244 0211 03       		.uleb128 0x3
 245 0212 08       		.byte	0x8
 246 0213 04       		.byte	0x4
 247 0214 646F7562 		.string	"double"
 247      6C6500
 248 021b 03       		.uleb128 0x3
 249 021c 08       		.byte	0x8
 250 021d 05       		.byte	0x5
 251 021e 6C6F6E67 		.string	"long long int"
GAS Infineon TriCore Little Endian C:\\Users\\user1\\AppData\\Local\\Temp\\rta_RTAOS_638388406317960277_1736001\\cczKPVEk.s 			page 6


 251      206C6F6E 
 251      6720696E 
 251      7400
 252 022c 03       		.uleb128 0x3
 253 022d 08       		.byte	0x8
 254 022e 07       		.byte	0x7
 255 022f 6C6F6E67 		.string	"long long unsigned int"
 255      206C6F6E 
 255      6720756E 
 255      7369676E 
 255      65642069 
 256 0246 02       		.uleb128 0x2
 257 0247 626F6F6C 		.string	"boolean"
 257      65616E00 
 258 024f 02       		.byte	0x2
 259 0250 49       		.byte	0x49
 260 0251 92010000 		.uaword	0x192
 261 0255 02       		.uleb128 0x2
 262 0256 53746174 		.string	"StatusType"
 262      75735479 
 262      706500
 263 0261 03       		.byte	0x3
 264 0262 28       		.byte	0x28
 265 0263 92010000 		.uaword	0x192
 266 0267 04       		.uleb128 0x4
 267 0268 08       		.byte	0x8
 268 0269 01       		.byte	0x1
 269 026a 7C       		.byte	0x7c
 270 026b A6020000 		.uaword	0x2a6
 271 026f 05       		.uleb128 0x5
 272 0270 436C6173 		.string	"Class"
 272      7300
 273 0276 01       		.byte	0x1
 274 0277 7D       		.byte	0x7d
 275 0278 85010000 		.uaword	0x185
 276 027c 02       		.byte	0x2
 277 027d 23       		.byte	0x23
 278 027e 00       		.uleb128 0
 279 027f 05       		.uleb128 0x5
 280 0280 54494E00 		.string	"TIN"
 281 0284 01       		.byte	0x1
 282 0285 7E       		.byte	0x7e
 283 0286 85010000 		.uaword	0x185
 284 028a 02       		.byte	0x2
 285 028b 23       		.byte	0x23
 286 028c 01       		.uleb128 0x1
 287 028d 05       		.uleb128 0x5
 288 028e 52657475 		.string	"ReturnAddress"
 288      726E4164 
 288      64726573 
 288      7300
 289 029c 01       		.byte	0x1
 290 029d 7F       		.byte	0x7f
 291 029e C7010000 		.uaword	0x1c7
 292 02a2 02       		.byte	0x2
 293 02a3 23       		.byte	0x23
 294 02a4 04       		.uleb128 0x4
GAS Infineon TriCore Little Endian C:\\Users\\user1\\AppData\\Local\\Temp\\rta_RTAOS_638388406317960277_1736001\\cczKPVEk.s 			page 7


 295 02a5 00       		.byte	0
 296 02a6 02       		.uleb128 0x2
 297 02a7 4F735472 		.string	"OsTrapInfoType"
 297      6170496E 
 297      666F5479 
 297      706500
 298 02b6 01       		.byte	0x1
 299 02b7 80       		.byte	0x80
 300 02b8 67020000 		.uaword	0x267
 301 02bc 02       		.uleb128 0x2
 302 02bd 75696E74 		.string	"uint32_aligned"
 302      33325F61 
 302      6C69676E 
 302      656400
 303 02cc 01       		.byte	0x1
 304 02cd 86       		.byte	0x86
 305 02ce C7010000 		.uaword	0x1c7
 306 02d2 04       		.uleb128 0x4
 307 02d3 44       		.byte	0x44
 308 02d4 01       		.byte	0x1
 309 02d5 AB       		.byte	0xab
 310 02d6 EB020000 		.uaword	0x2eb
 311 02da 05       		.uleb128 0x5
 312 02db 73746F72 		.string	"store"
 312      6500
 313 02e1 01       		.byte	0x1
 314 02e2 AC       		.byte	0xac
 315 02e3 EB020000 		.uaword	0x2eb
 316 02e7 02       		.byte	0x2
 317 02e8 23       		.byte	0x23
 318 02e9 00       		.uleb128 0
 319 02ea 00       		.byte	0
 320 02eb 06       		.uleb128 0x6
 321 02ec C7010000 		.uaword	0x1c7
 322 02f0 FB020000 		.uaword	0x2fb
 323 02f4 07       		.uleb128 0x7
 324 02f5 FB020000 		.uaword	0x2fb
 325 02f9 10       		.byte	0x10
 326 02fa 00       		.byte	0
 327 02fb 03       		.uleb128 0x3
 328 02fc 04       		.byte	0x4
 329 02fd 07       		.byte	0x7
 330 02fe 73697A65 		.string	"sizetype"
 330      74797065 
 330      00
 331 0307 02       		.uleb128 0x2
 332 0308 4F735F4A 		.string	"Os_JumpBufType"
 332      756D7042 
 332      75665479 
 332      706500
 333 0317 01       		.byte	0x1
 334 0318 AD       		.byte	0xad
 335 0319 1D030000 		.uaword	0x31d
 336 031d 06       		.uleb128 0x6
 337 031e D2020000 		.uaword	0x2d2
 338 0322 2D030000 		.uaword	0x32d
 339 0326 07       		.uleb128 0x7
GAS Infineon TriCore Little Endian C:\\Users\\user1\\AppData\\Local\\Temp\\rta_RTAOS_638388406317960277_1736001\\cczKPVEk.s 			page 8


 340 0327 FB020000 		.uaword	0x2fb
 341 032b 00       		.byte	0
 342 032c 00       		.byte	0
 343 032d 02       		.uleb128 0x2
 344 032e 4F735F52 		.string	"Os_ResourceCountType"
 344      65736F75 
 344      72636543 
 344      6F756E74 
 344      54797065 
 345 0343 01       		.byte	0x1
 346 0344 BE       		.byte	0xbe
 347 0345 92010000 		.uaword	0x192
 348 0349 02       		.uleb128 0x2
 349 034a 4F735F53 		.string	"Os_StackTraceType"
 349      7461636B 
 349      54726163 
 349      65547970 
 349      6500
 350 035c 01       		.byte	0x1
 351 035d BF       		.byte	0xbf
 352 035e D5010000 		.uaword	0x1d5
 353 0362 04       		.uleb128 0x4
 354 0363 08       		.byte	0x8
 355 0364 01       		.byte	0x1
 356 0365 C0       		.byte	0xc0
 357 0366 86030000 		.uaword	0x386
 358 036a 05       		.uleb128 0x5
 359 036b 737000   		.string	"sp"
 360 036e 01       		.byte	0x1
 361 036f C0       		.byte	0xc0
 362 0370 49030000 		.uaword	0x349
 363 0374 02       		.byte	0x2
 364 0375 23       		.byte	0x23
 365 0376 00       		.uleb128 0
 366 0377 05       		.uleb128 0x5
 367 0378 63747800 		.string	"ctx"
 368 037c 01       		.byte	0x1
 369 037d C0       		.byte	0xc0
 370 037e 49030000 		.uaword	0x349
 371 0382 02       		.byte	0x2
 372 0383 23       		.byte	0x23
 373 0384 04       		.uleb128 0x4
 374 0385 00       		.byte	0
 375 0386 02       		.uleb128 0x2
 376 0387 4F735F53 		.string	"Os_StackValueType"
 376      7461636B 
 376      56616C75 
 376      65547970 
 376      6500
 377 0399 01       		.byte	0x1
 378 039a C0       		.byte	0xc0
 379 039b 62030000 		.uaword	0x362
 380 039f 02       		.uleb128 0x2
 381 03a0 4F735F53 		.string	"Os_StackSizeType"
 381      7461636B 
 381      53697A65 
 381      54797065 
GAS Infineon TriCore Little Endian C:\\Users\\user1\\AppData\\Local\\Temp\\rta_RTAOS_638388406317960277_1736001\\cczKPVEk.s 			page 9


 381      00
 382 03b1 01       		.byte	0x1
 383 03b2 C1       		.byte	0xc1
 384 03b3 86030000 		.uaword	0x386
 385 03b7 02       		.uleb128 0x2
 386 03b8 4F735F56 		.string	"Os_VoidVoidFunctionType"
 386      6F696456 
 386      6F696446 
 386      756E6374 
 386      696F6E54 
 387 03d0 01       		.byte	0x1
 388 03d1 C7       		.byte	0xc7
 389 03d2 D6030000 		.uaword	0x3d6
 390 03d6 08       		.uleb128 0x8
 391 03d7 04       		.byte	0x4
 392 03d8 DC030000 		.uaword	0x3dc
 393 03dc 09       		.uleb128 0x9
 394 03dd 01       		.byte	0x1
 395 03de 02       		.uleb128 0x2
 396 03df 4170706C 		.string	"ApplicationType"
 396      69636174 
 396      696F6E54 
 396      79706500 
 397 03ef 01       		.byte	0x1
 398 03f0 D5       		.byte	0xd5
 399 03f1 92010000 		.uaword	0x192
 400 03f5 02       		.uleb128 0x2
 401 03f6 4F735F74 		.string	"Os_tmaskType"
 401      6D61736B 
 401      54797065 
 401      00
 402 0403 01       		.byte	0x1
 403 0404 D9       		.byte	0xd9
 404 0405 C7010000 		.uaword	0x1c7
 405 0409 02       		.uleb128 0x2
 406 040a 4F735F43 		.string	"Os_CoreStateType"
 406      6F726553 
 406      74617465 
 406      54797065 
 406      00
 407 041b 01       		.byte	0x1
 408 041c E7       		.byte	0xe7
 409 041d C7010000 		.uaword	0x1c7
 410 0421 08       		.uleb128 0x8
 411 0422 04       		.byte	0x4
 412 0423 27040000 		.uaword	0x427
 413 0427 0A       		.uleb128 0xa
 414 0428 85010000 		.uaword	0x185
 415 042c 02       		.uleb128 0x2
 416 042d 4F735F53 		.string	"Os_StopwatchTickType"
 416      746F7077 
 416      61746368 
 416      5469636B 
 416      54797065 
 417 0442 01       		.byte	0x1
 418 0443 FD       		.byte	0xfd
 419 0444 D5010000 		.uaword	0x1d5
GAS Infineon TriCore Little Endian C:\\Users\\user1\\AppData\\Local\\Temp\\rta_RTAOS_638388406317960277_1736001\\cczKPVEk.s 			page 10


 420 0448 02       		.uleb128 0x2
 421 0449 4F735F53 		.string	"Os_StopwatchTickRefType"
 421      746F7077 
 421      61746368 
 421      5469636B 
 421      52656654 
 422 0461 01       		.byte	0x1
 423 0462 FE       		.byte	0xfe
 424 0463 67040000 		.uaword	0x467
 425 0467 08       		.uleb128 0x8
 426 0468 04       		.byte	0x4
 427 0469 2C040000 		.uaword	0x42c
 428 046d 0B       		.uleb128 0xb
 429 046e 4F735F54 		.string	"Os_TerminatorType"
 429      65726D69 
 429      6E61746F 
 429      72547970 
 429      6500
 430 0480 01       		.byte	0x1
 431 0481 0201     		.uahalf	0x102
 432 0483 87040000 		.uaword	0x487
 433 0487 08       		.uleb128 0x8
 434 0488 04       		.byte	0x4
 435 0489 07030000 		.uaword	0x307
 436 048d 0B       		.uleb128 0xb
 437 048e 4F735F4C 		.string	"Os_Lockable"
 437      6F636B61 
 437      626C6500 
 438 049a 01       		.byte	0x1
 439 049b 0701     		.uahalf	0x107
 440 049d BC020000 		.uaword	0x2bc
 441 04a1 0B       		.uleb128 0xb
 442 04a2 436F7265 		.string	"CoreIdType"
 442      49645479 
 442      706500
 443 04ad 01       		.byte	0x1
 444 04ae 0901     		.uahalf	0x109
 445 04b0 A3010000 		.uaword	0x1a3
 446 04b4 0C       		.uleb128 0xc
 447 04b5 8D040000 		.uaword	0x48d
 448 04b9 0D       		.uleb128 0xd
 449 04ba 4F735F43 		.string	"Os_ControlledCoreType_s"
 449      6F6E7472 
 449      6F6C6C65 
 449      64436F72 
 449      65547970 
 450 04d2 58       		.byte	0x58
 451 04d3 01       		.byte	0x1
 452 04d4 1004     		.uahalf	0x410
 453 04d6 B7060000 		.uaword	0x6b7
 454 04da 0E       		.uleb128 0xe
 455 04db 54726170 		.string	"TrapInfo"
 455      496E666F 
 455      00
 456 04e4 01       		.byte	0x1
 457 04e5 1104     		.uahalf	0x411
 458 04e7 A6020000 		.uaword	0x2a6
GAS Infineon TriCore Little Endian C:\\Users\\user1\\AppData\\Local\\Temp\\rta_RTAOS_638388406317960277_1736001\\cczKPVEk.s 			page 11


 459 04eb 02       		.byte	0x2
 460 04ec 23       		.byte	0x23
 461 04ed 00       		.uleb128 0
 462 04ee 0E       		.uleb128 0xe
 463 04ef 4572726F 		.string	"ErrorInformation"
 463      72496E66 
 463      6F726D61 
 463      74696F6E 
 463      00
 464 0500 01       		.byte	0x1
 465 0501 1204     		.uahalf	0x412
 466 0503 930D0000 		.uaword	0xd93
 467 0507 02       		.byte	0x2
 468 0508 23       		.byte	0x23
 469 0509 08       		.uleb128 0x8
 470 050a 0E       		.uleb128 0xe
 471 050b 6C6F636B 		.string	"lock_taskaccess"
 471      5F746173 
 471      6B616363 
 471      65737300 
 472 051b 01       		.byte	0x1
 473 051c 1304     		.uahalf	0x413
 474 051e B4040000 		.uaword	0x4b4
 475 0522 02       		.byte	0x2
 476 0523 23       		.byte	0x23
 477 0524 18       		.uleb128 0x18
 478 0525 0E       		.uleb128 0xe
 479 0526 52656164 		.string	"ReadyTasks"
 479      79546173 
 479      6B7300
 480 0531 01       		.byte	0x1
 481 0532 1404     		.uahalf	0x414
 482 0534 C90D0000 		.uaword	0xdc9
 483 0538 02       		.byte	0x2
 484 0539 23       		.byte	0x23
 485 053a 1C       		.uleb128 0x1c
 486 053b 0E       		.uleb128 0xe
 487 053c 52756E6E 		.string	"RunningISR"
 487      696E6749 
 487      535200
 488 0547 01       		.byte	0x1
 489 0548 1504     		.uahalf	0x415
 490 054a CE0D0000 		.uaword	0xdce
 491 054e 02       		.byte	0x2
 492 054f 23       		.byte	0x23
 493 0550 20       		.uleb128 0x20
 494 0551 0E       		.uleb128 0xe
 495 0552 52756E6E 		.string	"RunningTask"
 495      696E6754 
 495      61736B00 
 496 055e 01       		.byte	0x1
 497 055f 1604     		.uahalf	0x416
 498 0561 D30D0000 		.uaword	0xdd3
 499 0565 02       		.byte	0x2
 500 0566 23       		.byte	0x23
 501 0567 24       		.uleb128 0x24
 502 0568 0E       		.uleb128 0xe
GAS Infineon TriCore Little Endian C:\\Users\\user1\\AppData\\Local\\Temp\\rta_RTAOS_638388406317960277_1736001\\cczKPVEk.s 			page 12


 503 0569 52756E6E 		.string	"RunningTPMask"
 503      696E6754 
 503      504D6173 
 503      6B00
 504 0577 01       		.byte	0x1
 505 0578 1704     		.uahalf	0x417
 506 057a D80D0000 		.uaword	0xdd8
 507 057e 02       		.byte	0x2
 508 057f 23       		.byte	0x23
 509 0580 28       		.uleb128 0x28
 510 0581 0E       		.uleb128 0xe
 511 0582 5465726D 		.string	"TerminatingTasks"
 511      696E6174 
 511      696E6754 
 511      61736B73 
 511      00
 512 0593 01       		.byte	0x1
 513 0594 1804     		.uahalf	0x418
 514 0596 C90D0000 		.uaword	0xdc9
 515 059a 02       		.byte	0x2
 516 059b 23       		.byte	0x23
 517 059c 2C       		.uleb128 0x2c
 518 059d 0E       		.uleb128 0xe
 519 059e 4170706C 		.string	"Application"
 519      69636174 
 519      696F6E00 
 520 05aa 01       		.byte	0x1
 521 05ab 1904     		.uahalf	0x419
 522 05ad DE030000 		.uaword	0x3de
 523 05b1 02       		.byte	0x2
 524 05b2 23       		.byte	0x23
 525 05b3 30       		.uleb128 0x30
 526 05b4 0E       		.uleb128 0xe
 527 05b5 43757272 		.string	"CurrentTerminator"
 527      656E7454 
 527      65726D69 
 527      6E61746F 
 527      7200
 528 05c7 01       		.byte	0x1
 529 05c8 1A04     		.uahalf	0x41a
 530 05ca DD0D0000 		.uaword	0xddd
 531 05ce 02       		.byte	0x2
 532 05cf 23       		.byte	0x23
 533 05d0 34       		.uleb128 0x34
 534 05d1 0E       		.uleb128 0xe
 535 05d2 43757272 		.string	"CurrentMeteredObject"
 535      656E744D 
 535      65746572 
 535      65644F62 
 535      6A656374 
 536 05e7 01       		.byte	0x1
 537 05e8 1B04     		.uahalf	0x41b
 538 05ea 6C070000 		.uaword	0x76c
 539 05ee 02       		.byte	0x2
 540 05ef 23       		.byte	0x23
 541 05f0 38       		.uleb128 0x38
 542 05f1 0E       		.uleb128 0xe
GAS Infineon TriCore Little Endian C:\\Users\\user1\\AppData\\Local\\Temp\\rta_RTAOS_638388406317960277_1736001\\cczKPVEk.s 			page 13


 543 05f2 49646C65 		.string	"IdleMeter"
 543      4D657465 
 543      7200
 544 05fc 01       		.byte	0x1
 545 05fd 1C04     		.uahalf	0x41c
 546 05ff 53070000 		.uaword	0x753
 547 0603 02       		.byte	0x2
 548 0604 23       		.byte	0x23
 549 0605 3C       		.uleb128 0x3c
 550 0606 0E       		.uleb128 0xe
 551 0607 41707041 		.string	"AppAccess"
 551      63636573 
 551      7300
 552 0611 01       		.byte	0x1
 553 0612 1D04     		.uahalf	0x41d
 554 0614 85010000 		.uaword	0x185
 555 0618 02       		.byte	0x2
 556 0619 23       		.byte	0x23
 557 061a 48       		.uleb128 0x48
 558 061b 0E       		.uleb128 0xe
 559 061c 4170704F 		.string	"AppOverride"
 559      76657272 
 559      69646500 
 560 0628 01       		.byte	0x1
 561 0629 1E04     		.uahalf	0x41e
 562 062b E20D0000 		.uaword	0xde2
 563 062f 02       		.byte	0x2
 564 0630 23       		.byte	0x23
 565 0631 49       		.uleb128 0x49
 566 0632 0E       		.uleb128 0xe
 567 0633 47657453 		.string	"GetStackValueAdjust"
 567      7461636B 
 567      56616C75 
 567      6541646A 
 567      75737400 
 568 0647 01       		.byte	0x1
 569 0648 1F04     		.uahalf	0x41f
 570 064a 9F030000 		.uaword	0x39f
 571 064e 02       		.byte	0x2
 572 064f 23       		.byte	0x23
 573 0650 4C       		.uleb128 0x4c
 574 0651 0E       		.uleb128 0xe
 575 0652 496E4572 		.string	"InErrorHook"
 575      726F7248 
 575      6F6F6B00 
 576 065e 01       		.byte	0x1
 577 065f 2004     		.uahalf	0x420
 578 0661 46020000 		.uaword	0x246
 579 0665 02       		.byte	0x2
 580 0666 23       		.byte	0x23
 581 0667 54       		.uleb128 0x54
 582 0668 0E       		.uleb128 0xe
 583 0669 496E5072 		.string	"InProtectionHook"
 583      6F746563 
 583      74696F6E 
 583      486F6F6B 
 583      00
GAS Infineon TriCore Little Endian C:\\Users\\user1\\AppData\\Local\\Temp\\rta_RTAOS_638388406317960277_1736001\\cczKPVEk.s 			page 14


 584 067a 01       		.byte	0x1
 585 067b 2104     		.uahalf	0x421
 586 067d 46020000 		.uaword	0x246
 587 0681 02       		.byte	0x2
 588 0682 23       		.byte	0x23
 589 0683 55       		.uleb128 0x55
 590 0684 0E       		.uleb128 0xe
 591 0685 436F7265 		.string	"CoreIsActive"
 591      49734163 
 591      74697665 
 591      00
 592 0692 01       		.byte	0x1
 593 0693 2204     		.uahalf	0x422
 594 0695 46020000 		.uaword	0x246
 595 0699 02       		.byte	0x2
 596 069a 23       		.byte	0x23
 597 069b 56       		.uleb128 0x56
 598 069c 0E       		.uleb128 0xe
 599 069d 496E5368 		.string	"InShutdownHook"
 599      7574646F 
 599      776E486F 
 599      6F6B00
 600 06ac 01       		.byte	0x1
 601 06ad 2304     		.uahalf	0x423
 602 06af 46020000 		.uaword	0x246
 603 06b3 02       		.byte	0x2
 604 06b4 23       		.byte	0x23
 605 06b5 57       		.uleb128 0x57
 606 06b6 00       		.byte	0
 607 06b7 0B       		.uleb128 0xb
 608 06b8 41636365 		.string	"AccessType"
 608      73735479 
 608      706500
 609 06c3 01       		.byte	0x1
 610 06c4 5101     		.uahalf	0x151
 611 06c6 D5010000 		.uaword	0x1d5
 612 06ca 0B       		.uleb128 0xb
 613 06cb 4D656D6F 		.string	"MemoryStartAddressType"
 613      72795374 
 613      61727441 
 613      64647265 
 613      73735479 
 614 06e2 01       		.byte	0x1
 615 06e3 5B01     		.uahalf	0x15b
 616 06e5 21040000 		.uaword	0x421
 617 06e9 0B       		.uleb128 0xb
 618 06ea 4D656D6F 		.string	"MemorySizeType"
 618      72795369 
 618      7A655479 
 618      706500
 619 06f9 01       		.byte	0x1
 620 06fa 5C01     		.uahalf	0x15c
 621 06fc D5010000 		.uaword	0x1d5
 622 0700 0D       		.uleb128 0xd
 623 0701 4F735F4D 		.string	"Os_MeterInfoType_s"
 623      65746572 
 623      496E666F 
GAS Infineon TriCore Little Endian C:\\Users\\user1\\AppData\\Local\\Temp\\rta_RTAOS_638388406317960277_1736001\\cczKPVEk.s 			page 15


 623      54797065 
 623      5F7300
 624 0714 0C       		.byte	0xc
 625 0715 01       		.byte	0x1
 626 0716 7201     		.uahalf	0x172
 627 0718 53070000 		.uaword	0x753
 628 071c 0E       		.uleb128 0xe
 629 071d 656C6170 		.string	"elapsed"
 629      73656400 
 630 0725 01       		.byte	0x1
 631 0726 7301     		.uahalf	0x173
 632 0728 2C040000 		.uaword	0x42c
 633 072c 02       		.byte	0x2
 634 072d 23       		.byte	0x23
 635 072e 00       		.uleb128 0
 636 072f 0E       		.uleb128 0xe
 637 0730 70726576 		.string	"previous"
 637      696F7573 
 637      00
 638 0739 01       		.byte	0x1
 639 073a 7401     		.uahalf	0x174
 640 073c 2C040000 		.uaword	0x42c
 641 0740 02       		.byte	0x2
 642 0741 23       		.byte	0x23
 643 0742 04       		.uleb128 0x4
 644 0743 0E       		.uleb128 0xe
 645 0744 6D617800 		.string	"max"
 646 0748 01       		.byte	0x1
 647 0749 7501     		.uahalf	0x175
 648 074b 2C040000 		.uaword	0x42c
 649 074f 02       		.byte	0x2
 650 0750 23       		.byte	0x23
 651 0751 08       		.uleb128 0x8
 652 0752 00       		.byte	0
 653 0753 0B       		.uleb128 0xb
 654 0754 4F735F4D 		.string	"Os_MeterInfoType"
 654      65746572 
 654      496E666F 
 654      54797065 
 654      00
 655 0765 01       		.byte	0x1
 656 0766 7601     		.uahalf	0x176
 657 0768 00070000 		.uaword	0x700
 658 076c 0B       		.uleb128 0xb
 659 076d 4F735F4D 		.string	"Os_MeterInfoRefType"
 659      65746572 
 659      496E666F 
 659      52656654 
 659      79706500 
 660 0781 01       		.byte	0x1
 661 0782 7701     		.uahalf	0x177
 662 0784 88070000 		.uaword	0x788
 663 0788 08       		.uleb128 0x8
 664 0789 04       		.byte	0x4
 665 078a 53070000 		.uaword	0x753
 666 078e 0B       		.uleb128 0xb
 667 078f 4F735F69 		.string	"Os_imaskType"
GAS Infineon TriCore Little Endian C:\\Users\\user1\\AppData\\Local\\Temp\\rta_RTAOS_638388406317960277_1736001\\cczKPVEk.s 			page 16


 667      6D61736B 
 667      54797065 
 667      00
 668 079c 01       		.byte	0x1
 669 079d 7F01     		.uahalf	0x17f
 670 079f C7010000 		.uaword	0x1c7
 671 07a3 0D       		.uleb128 0xd
 672 07a4 4F735F49 		.string	"Os_ISRDynType_s"
 672      53524479 
 672      6E547970 
 672      655F7300 
 673 07b4 10       		.byte	0x10
 674 07b5 01       		.byte	0x1
 675 07b6 8101     		.uahalf	0x181
 676 07b8 F4070000 		.uaword	0x7f4
 677 07bc 0F       		.uleb128 0xf
 678 07bd 00000000 		.uaword	.LASF0
 679 07c1 01       		.byte	0x1
 680 07c2 8201     		.uahalf	0x182
 681 07c4 2D030000 		.uaword	0x32d
 682 07c8 02       		.byte	0x2
 683 07c9 23       		.byte	0x23
 684 07ca 00       		.uleb128 0
 685 07cb 0E       		.uleb128 0xe
 686 07cc 7465726D 		.string	"terminating"
 686      696E6174 
 686      696E6700 
 687 07d8 01       		.byte	0x1
 688 07d9 8301     		.uahalf	0x183
 689 07db 46020000 		.uaword	0x246
 690 07df 02       		.byte	0x2
 691 07e0 23       		.byte	0x23
 692 07e1 01       		.uleb128 0x1
 693 07e2 0E       		.uleb128 0xe
 694 07e3 6D657465 		.string	"meter"
 694      7200
 695 07e9 01       		.byte	0x1
 696 07ea 8401     		.uahalf	0x184
 697 07ec 53070000 		.uaword	0x753
 698 07f0 02       		.byte	0x2
 699 07f1 23       		.byte	0x23
 700 07f2 04       		.uleb128 0x4
 701 07f3 00       		.byte	0
 702 07f4 0B       		.uleb128 0xb
 703 07f5 4F735F49 		.string	"Os_ISRDynType"
 703      53524479 
 703      6E547970 
 703      6500
 704 0803 01       		.byte	0x1
 705 0804 8501     		.uahalf	0x185
 706 0806 A3070000 		.uaword	0x7a3
 707 080a 0B       		.uleb128 0xb
 708 080b 4F735F49 		.string	"Os_IsrTerminatedFunctionType"
 708      73725465 
 708      726D696E 
 708      61746564 
 708      46756E63 
GAS Infineon TriCore Little Endian C:\\Users\\user1\\AppData\\Local\\Temp\\rta_RTAOS_638388406317960277_1736001\\cczKPVEk.s 			page 17


 709 0828 01       		.byte	0x1
 710 0829 8601     		.uahalf	0x186
 711 082b D6030000 		.uaword	0x3d6
 712 082f 0D       		.uleb128 0xd
 713 0830 4F735F49 		.string	"Os_ISRType_s"
 713      53525479 
 713      70655F73 
 713      00
 714 083d 18       		.byte	0x18
 715 083e 01       		.byte	0x1
 716 083f 8701     		.uahalf	0x187
 717 0841 C3080000 		.uaword	0x8c3
 718 0845 0F       		.uleb128 0xf
 719 0846 00000000 		.uaword	.LASF1
 720 084a 01       		.byte	0x1
 721 084b 8801     		.uahalf	0x188
 722 084d B7030000 		.uaword	0x3b7
 723 0851 02       		.byte	0x2
 724 0852 23       		.byte	0x23
 725 0853 00       		.uleb128 0
 726 0854 0E       		.uleb128 0xe
 727 0855 7465726D 		.string	"terminated_function"
 727      696E6174 
 727      65645F66 
 727      756E6374 
 727      696F6E00 
 728 0869 01       		.byte	0x1
 729 086a 8901     		.uahalf	0x189
 730 086c 0A080000 		.uaword	0x80a
 731 0870 02       		.byte	0x2
 732 0871 23       		.byte	0x23
 733 0872 04       		.uleb128 0x4
 734 0873 0F       		.uleb128 0xf
 735 0874 00000000 		.uaword	.LASF2
 736 0878 01       		.byte	0x1
 737 0879 8A01     		.uahalf	0x18a
 738 087b C3080000 		.uaword	0x8c3
 739 087f 02       		.byte	0x2
 740 0880 23       		.byte	0x23
 741 0881 08       		.uleb128 0x8
 742 0882 0E       		.uleb128 0xe
 743 0883 696D6173 		.string	"imask"
 743      6B00
 744 0889 01       		.byte	0x1
 745 088a 8B01     		.uahalf	0x18b
 746 088c 8E070000 		.uaword	0x78e
 747 0890 02       		.byte	0x2
 748 0891 23       		.byte	0x23
 749 0892 0C       		.uleb128 0xc
 750 0893 0E       		.uleb128 0xe
 751 0894 696E6465 		.string	"index"
 751      7800
 752 089a 01       		.byte	0x1
 753 089b 8C01     		.uahalf	0x18c
 754 089d C7010000 		.uaword	0x1c7
 755 08a1 02       		.byte	0x2
 756 08a2 23       		.byte	0x23
GAS Infineon TriCore Little Endian C:\\Users\\user1\\AppData\\Local\\Temp\\rta_RTAOS_638388406317960277_1736001\\cczKPVEk.s 			page 18


 757 08a3 10       		.uleb128 0x10
 758 08a4 0F       		.uleb128 0xf
 759 08a5 00000000 		.uaword	.LASF3
 760 08a9 01       		.byte	0x1
 761 08aa 8D01     		.uahalf	0x18d
 762 08ac 85010000 		.uaword	0x185
 763 08b0 02       		.byte	0x2
 764 08b1 23       		.byte	0x23
 765 08b2 14       		.uleb128 0x14
 766 08b3 0F       		.uleb128 0xf
 767 08b4 00000000 		.uaword	.LASF4
 768 08b8 01       		.byte	0x1
 769 08b9 8E01     		.uahalf	0x18e
 770 08bb DE030000 		.uaword	0x3de
 771 08bf 02       		.byte	0x2
 772 08c0 23       		.byte	0x23
 773 08c1 15       		.uleb128 0x15
 774 08c2 00       		.byte	0
 775 08c3 0A       		.uleb128 0xa
 776 08c4 C8080000 		.uaword	0x8c8
 777 08c8 08       		.uleb128 0x8
 778 08c9 04       		.byte	0x4
 779 08ca F4070000 		.uaword	0x7f4
 780 08ce 0B       		.uleb128 0xb
 781 08cf 4F735F49 		.string	"Os_ISRType"
 781      53525479 
 781      706500
 782 08da 01       		.byte	0x1
 783 08db 8F01     		.uahalf	0x18f
 784 08dd 2F080000 		.uaword	0x82f
 785 08e1 0B       		.uleb128 0xb
 786 08e2 49535254 		.string	"ISRType"
 786      79706500 
 787 08ea 01       		.byte	0x1
 788 08eb 9001     		.uahalf	0x190
 789 08ed F1080000 		.uaword	0x8f1
 790 08f1 08       		.uleb128 0x8
 791 08f2 04       		.byte	0x4
 792 08f3 F7080000 		.uaword	0x8f7
 793 08f7 0A       		.uleb128 0xa
 794 08f8 CE080000 		.uaword	0x8ce
 795 08fc 0B       		.uleb128 0xb
 796 08fd 4F735F62 		.string	"Os_bitmask"
 796      69746D61 
 796      736B00
 797 0908 01       		.byte	0x1
 798 0909 A201     		.uahalf	0x1a2
 799 090b D5010000 		.uaword	0x1d5
 800 090f 0B       		.uleb128 0xb
 801 0910 4F735F70 		.string	"Os_pset0Type"
 801      73657430 
 801      54797065 
 801      00
 802 091d 01       		.byte	0x1
 803 091e A301     		.uahalf	0x1a3
 804 0920 FC080000 		.uaword	0x8fc
 805 0924 0B       		.uleb128 0xb
GAS Infineon TriCore Little Endian C:\\Users\\user1\\AppData\\Local\\Temp\\rta_RTAOS_638388406317960277_1736001\\cczKPVEk.s 			page 19


 806 0925 4F735F70 		.string	"Os_pset1Type"
 806      73657431 
 806      54797065 
 806      00
 807 0932 01       		.byte	0x1
 808 0933 A401     		.uahalf	0x1a4
 809 0935 FC080000 		.uaword	0x8fc
 810 0939 0B       		.uleb128 0xb
 811 093a 4F735F70 		.string	"Os_pset2Type"
 811      73657432 
 811      54797065 
 811      00
 812 0947 01       		.byte	0x1
 813 0948 A501     		.uahalf	0x1a5
 814 094a FC080000 		.uaword	0x8fc
 815 094e 10       		.uleb128 0x10
 816 094f 04       		.byte	0x4
 817 0950 01       		.byte	0x1
 818 0951 A601     		.uahalf	0x1a6
 819 0953 79090000 		.uaword	0x979
 820 0957 11       		.uleb128 0x11
 821 0958 703000   		.string	"p0"
 822 095b 01       		.byte	0x1
 823 095c A701     		.uahalf	0x1a7
 824 095e 0F090000 		.uaword	0x90f
 825 0962 11       		.uleb128 0x11
 826 0963 703100   		.string	"p1"
 827 0966 01       		.byte	0x1
 828 0967 A801     		.uahalf	0x1a8
 829 0969 24090000 		.uaword	0x924
 830 096d 11       		.uleb128 0x11
 831 096e 703200   		.string	"p2"
 832 0971 01       		.byte	0x1
 833 0972 A901     		.uahalf	0x1a9
 834 0974 39090000 		.uaword	0x939
 835 0978 00       		.byte	0
 836 0979 0B       		.uleb128 0xb
 837 097a 4F735F70 		.string	"Os_psetType"
 837      73657454 
 837      79706500 
 838 0986 01       		.byte	0x1
 839 0987 AA01     		.uahalf	0x1aa
 840 0989 4E090000 		.uaword	0x94e
 841 098d 10       		.uleb128 0x10
 842 098e 04       		.byte	0x4
 843 098f 01       		.byte	0x1
 844 0990 AC01     		.uahalf	0x1ac
 845 0992 B8090000 		.uaword	0x9b8
 846 0996 11       		.uleb128 0x11
 847 0997 743000   		.string	"t0"
 848 099a 01       		.byte	0x1
 849 099b AD01     		.uahalf	0x1ad
 850 099d FC080000 		.uaword	0x8fc
 851 09a1 11       		.uleb128 0x11
 852 09a2 743100   		.string	"t1"
 853 09a5 01       		.byte	0x1
 854 09a6 AE01     		.uahalf	0x1ae
GAS Infineon TriCore Little Endian C:\\Users\\user1\\AppData\\Local\\Temp\\rta_RTAOS_638388406317960277_1736001\\cczKPVEk.s 			page 20


 855 09a8 FC080000 		.uaword	0x8fc
 856 09ac 11       		.uleb128 0x11
 857 09ad 743200   		.string	"t2"
 858 09b0 01       		.byte	0x1
 859 09b1 AF01     		.uahalf	0x1af
 860 09b3 FC080000 		.uaword	0x8fc
 861 09b7 00       		.byte	0
 862 09b8 0B       		.uleb128 0xb
 863 09b9 4F735F74 		.string	"Os_tpmaskType"
 863      706D6173 
 863      6B547970 
 863      6500
 864 09c7 01       		.byte	0x1
 865 09c8 B001     		.uahalf	0x1b0
 866 09ca 8D090000 		.uaword	0x98d
 867 09ce 0B       		.uleb128 0xb
 868 09cf 4F735F41 		.string	"Os_ActivationCountType"
 868      63746976 
 868      6174696F 
 868      6E436F75 
 868      6E745479 
 869 09e6 01       		.byte	0x1
 870 09e7 B101     		.uahalf	0x1b1
 871 09e9 92010000 		.uaword	0x192
 872 09ed 0D       		.uleb128 0xd
 873 09ee 4F735F54 		.string	"Os_TaskDynType_s"
 873      61736B44 
 873      796E5479 
 873      70655F73 
 873      00
 874 09ff 5C       		.byte	0x5c
 875 0a00 01       		.byte	0x1
 876 0a01 B301     		.uahalf	0x1b3
 877 0a03 A80A0000 		.uaword	0xaa8
 878 0a07 0E       		.uleb128 0xe
 879 0a08 6C617374 		.string	"last_activation"
 879      5F616374 
 879      69766174 
 879      696F6E00 
 880 0a18 01       		.byte	0x1
 881 0a19 B401     		.uahalf	0x1b4
 882 0a1b 2C040000 		.uaword	0x42c
 883 0a1f 02       		.byte	0x2
 884 0a20 23       		.byte	0x23
 885 0a21 00       		.uleb128 0
 886 0a22 0E       		.uleb128 0xe
 887 0a23 7465726D 		.string	"terminate_jump_buf"
 887      696E6174 
 887      655F6A75 
 887      6D705F62 
 887      756600
 888 0a36 01       		.byte	0x1
 889 0a37 B501     		.uahalf	0x1b5
 890 0a39 07030000 		.uaword	0x307
 891 0a3d 02       		.byte	0x2
 892 0a3e 23       		.byte	0x23
 893 0a3f 04       		.uleb128 0x4
GAS Infineon TriCore Little Endian C:\\Users\\user1\\AppData\\Local\\Temp\\rta_RTAOS_638388406317960277_1736001\\cczKPVEk.s 			page 21


 894 0a40 0E       		.uleb128 0xe
 895 0a41 6D657465 		.string	"meter"
 895      7200
 896 0a47 01       		.byte	0x1
 897 0a48 B601     		.uahalf	0x1b6
 898 0a4a 53070000 		.uaword	0x753
 899 0a4e 02       		.byte	0x2
 900 0a4f 23       		.byte	0x23
 901 0a50 48       		.uleb128 0x48
 902 0a51 0E       		.uleb128 0xe
 903 0a52 7365656E 		.string	"seen_activation"
 903      5F616374 
 903      69766174 
 903      696F6E00 
 904 0a62 01       		.byte	0x1
 905 0a63 B701     		.uahalf	0x1b7
 906 0a65 46020000 		.uaword	0x246
 907 0a69 02       		.byte	0x2
 908 0a6a 23       		.byte	0x23
 909 0a6b 54       		.uleb128 0x54
 910 0a6c 0F       		.uleb128 0xf
 911 0a6d 00000000 		.uaword	.LASF5
 912 0a71 01       		.byte	0x1
 913 0a72 B801     		.uahalf	0x1b8
 914 0a74 CE090000 		.uaword	0x9ce
 915 0a78 02       		.byte	0x2
 916 0a79 23       		.byte	0x23
 917 0a7a 55       		.uleb128 0x55
 918 0a7b 0F       		.uleb128 0xf
 919 0a7c 00000000 		.uaword	.LASF0
 920 0a80 01       		.byte	0x1
 921 0a81 B901     		.uahalf	0x1b9
 922 0a83 2D030000 		.uaword	0x32d
 923 0a87 02       		.byte	0x2
 924 0a88 23       		.byte	0x23
 925 0a89 56       		.uleb128 0x56
 926 0a8a 0E       		.uleb128 0xe
 927 0a8b 7465726D 		.string	"termination_state"
 927      696E6174 
 927      696F6E5F 
 927      73746174 
 927      6500
 928 0a9d 01       		.byte	0x1
 929 0a9e BA01     		.uahalf	0x1ba
 930 0aa0 C7010000 		.uaword	0x1c7
 931 0aa4 02       		.byte	0x2
 932 0aa5 23       		.byte	0x23
 933 0aa6 58       		.uleb128 0x58
 934 0aa7 00       		.byte	0
 935 0aa8 0B       		.uleb128 0xb
 936 0aa9 4F735F54 		.string	"Os_TaskDynType"
 936      61736B44 
 936      796E5479 
 936      706500
 937 0ab8 01       		.byte	0x1
 938 0ab9 BB01     		.uahalf	0x1bb
 939 0abb ED090000 		.uaword	0x9ed
GAS Infineon TriCore Little Endian C:\\Users\\user1\\AppData\\Local\\Temp\\rta_RTAOS_638388406317960277_1736001\\cczKPVEk.s 			page 22


 940 0abf 0D       		.uleb128 0xd
 941 0ac0 4F735F54 		.string	"Os_TaskType_s"
 941      61736B54 
 941      7970655F 
 941      7300
 942 0ace 20       		.byte	0x20
 943 0acf 01       		.byte	0x1
 944 0ad0 BD01     		.uahalf	0x1bd
 945 0ad2 7C0B0000 		.uaword	0xb7c
 946 0ad6 0F       		.uleb128 0xf
 947 0ad7 00000000 		.uaword	.LASF2
 948 0adb 01       		.byte	0x1
 949 0adc BE01     		.uahalf	0x1be
 950 0ade 7C0B0000 		.uaword	0xb7c
 951 0ae2 02       		.byte	0x2
 952 0ae3 23       		.byte	0x23
 953 0ae4 00       		.uleb128 0
 954 0ae5 0F       		.uleb128 0xf
 955 0ae6 00000000 		.uaword	.LASF1
 956 0aea 01       		.byte	0x1
 957 0aeb BF01     		.uahalf	0x1bf
 958 0aed B7030000 		.uaword	0x3b7
 959 0af1 02       		.byte	0x2
 960 0af2 23       		.byte	0x23
 961 0af3 04       		.uleb128 0x4
 962 0af4 0E       		.uleb128 0xe
 963 0af5 70736574 		.string	"pset"
 963      00
 964 0afa 01       		.byte	0x1
 965 0afb C001     		.uahalf	0x1c0
 966 0afd 79090000 		.uaword	0x979
 967 0b01 02       		.byte	0x2
 968 0b02 23       		.byte	0x23
 969 0b03 08       		.uleb128 0x8
 970 0b04 0E       		.uleb128 0xe
 971 0b05 62617365 		.string	"base_tpmask"
 971      5F74706D 
 971      61736B00 
 972 0b11 01       		.byte	0x1
 973 0b12 C101     		.uahalf	0x1c1
 974 0b14 B8090000 		.uaword	0x9b8
 975 0b18 02       		.byte	0x2
 976 0b19 23       		.byte	0x23
 977 0b1a 0C       		.uleb128 0xc
 978 0b1b 0F       		.uleb128 0xf
 979 0b1c 00000000 		.uaword	.LASF6
 980 0b20 01       		.byte	0x1
 981 0b21 C201     		.uahalf	0x1c2
 982 0b23 B8090000 		.uaword	0x9b8
 983 0b27 02       		.byte	0x2
 984 0b28 23       		.byte	0x23
 985 0b29 10       		.uleb128 0x10
 986 0b2a 0E       		.uleb128 0xe
 987 0b2b 636F7265 		.string	"core_id"
 987      5F696400 
 988 0b33 01       		.byte	0x1
 989 0b34 C301     		.uahalf	0x1c3
GAS Infineon TriCore Little Endian C:\\Users\\user1\\AppData\\Local\\Temp\\rta_RTAOS_638388406317960277_1736001\\cczKPVEk.s 			page 23


 990 0b36 A1040000 		.uaword	0x4a1
 991 0b3a 02       		.byte	0x2
 992 0b3b 23       		.byte	0x23
 993 0b3c 14       		.uleb128 0x14
 994 0b3d 0E       		.uleb128 0xe
 995 0b3e 696E6465 		.string	"index"
 995      7800
 996 0b44 01       		.byte	0x1
 997 0b45 C401     		.uahalf	0x1c4
 998 0b47 C7010000 		.uaword	0x1c7
 999 0b4b 02       		.byte	0x2
 1000 0b4c 23       		.byte	0x23
 1001 0b4d 18       		.uleb128 0x18
 1002 0b4e 0F       		.uleb128 0xf
 1003 0b4f 00000000 		.uaword	.LASF5
 1004 0b53 01       		.byte	0x1
 1005 0b54 C501     		.uahalf	0x1c5
 1006 0b56 CE090000 		.uaword	0x9ce
 1007 0b5a 02       		.byte	0x2
 1008 0b5b 23       		.byte	0x23
 1009 0b5c 1C       		.uleb128 0x1c
 1010 0b5d 0F       		.uleb128 0xf
 1011 0b5e 00000000 		.uaword	.LASF3
 1012 0b62 01       		.byte	0x1
 1013 0b63 C601     		.uahalf	0x1c6
 1014 0b65 85010000 		.uaword	0x185
 1015 0b69 02       		.byte	0x2
 1016 0b6a 23       		.byte	0x23
 1017 0b6b 1D       		.uleb128 0x1d
 1018 0b6c 0F       		.uleb128 0xf
 1019 0b6d 00000000 		.uaword	.LASF4
 1020 0b71 01       		.byte	0x1
 1021 0b72 C701     		.uahalf	0x1c7
 1022 0b74 DE030000 		.uaword	0x3de
 1023 0b78 02       		.byte	0x2
 1024 0b79 23       		.byte	0x23
 1025 0b7a 1E       		.uleb128 0x1e
 1026 0b7b 00       		.byte	0
 1027 0b7c 0A       		.uleb128 0xa
 1028 0b7d 810B0000 		.uaword	0xb81
 1029 0b81 08       		.uleb128 0x8
 1030 0b82 04       		.byte	0x4
 1031 0b83 A80A0000 		.uaword	0xaa8
 1032 0b87 0B       		.uleb128 0xb
 1033 0b88 4F735F54 		.string	"Os_TaskType"
 1033      61736B54 
 1033      79706500 
 1034 0b94 01       		.byte	0x1
 1035 0b95 C801     		.uahalf	0x1c8
 1036 0b97 BF0A0000 		.uaword	0xabf
 1037 0b9b 0B       		.uleb128 0xb
 1038 0b9c 5461736B 		.string	"TaskType"
 1038      54797065 
 1038      00
 1039 0ba5 01       		.byte	0x1
 1040 0ba6 C901     		.uahalf	0x1c9
 1041 0ba8 AC0B0000 		.uaword	0xbac
GAS Infineon TriCore Little Endian C:\\Users\\user1\\AppData\\Local\\Temp\\rta_RTAOS_638388406317960277_1736001\\cczKPVEk.s 			page 24


 1042 0bac 08       		.uleb128 0x8
 1043 0bad 04       		.byte	0x4
 1044 0bae B20B0000 		.uaword	0xbb2
 1045 0bb2 0A       		.uleb128 0xa
 1046 0bb3 870B0000 		.uaword	0xb87
 1047 0bb7 10       		.uleb128 0x10
 1048 0bb8 04       		.byte	0x4
 1049 0bb9 01       		.byte	0x1
 1050 0bba E101     		.uahalf	0x1e1
 1051 0bbc DB0B0000 		.uaword	0xbdb
 1052 0bc0 12       		.uleb128 0x12
 1053 0bc1 00000000 		.uaword	.LASF6
 1054 0bc5 01       		.byte	0x1
 1055 0bc6 E201     		.uahalf	0x1e2
 1056 0bc8 B8090000 		.uaword	0x9b8
 1057 0bcc 11       		.uleb128 0x11
 1058 0bcd 696D6173 		.string	"imask"
 1058      6B00
 1059 0bd3 01       		.byte	0x1
 1060 0bd4 E301     		.uahalf	0x1e3
 1061 0bd6 8E070000 		.uaword	0x78e
 1062 0bda 00       		.byte	0
 1063 0bdb 0D       		.uleb128 0xd
 1064 0bdc 4F735F52 		.string	"Os_ResourceDynType_s"
 1064      65736F75 
 1064      72636544 
 1064      796E5479 
 1064      70655F73 
 1065 0bf1 0C       		.byte	0xc
 1066 0bf2 01       		.byte	0x1
 1067 0bf3 DE01     		.uahalf	0x1de
 1068 0bf5 3E0C0000 		.uaword	0xc3e
 1069 0bf9 0E       		.uleb128 0xe
 1070 0bfa 61636365 		.string	"access_count"
 1070      73735F63 
 1070      6F756E74 
 1070      00
 1071 0c07 01       		.byte	0x1
 1072 0c08 DF01     		.uahalf	0x1df
 1073 0c0a 2D030000 		.uaword	0x32d
 1074 0c0e 02       		.byte	0x2
 1075 0c0f 23       		.byte	0x23
 1076 0c10 00       		.uleb128 0
 1077 0c11 0E       		.uleb128 0xe
 1078 0c12 6C6F636B 		.string	"locker"
 1078      657200
 1079 0c19 01       		.byte	0x1
 1080 0c1a E001     		.uahalf	0x1e0
 1081 0c1c 9B0B0000 		.uaword	0xb9b
 1082 0c20 02       		.byte	0x2
 1083 0c21 23       		.byte	0x23
 1084 0c22 04       		.uleb128 0x4
 1085 0c23 0E       		.uleb128 0xe
 1086 0c24 73617665 		.string	"saved_priority"
 1086      645F7072 
 1086      696F7269 
 1086      747900
GAS Infineon TriCore Little Endian C:\\Users\\user1\\AppData\\Local\\Temp\\rta_RTAOS_638388406317960277_1736001\\cczKPVEk.s 			page 25


 1087 0c33 01       		.byte	0x1
 1088 0c34 E401     		.uahalf	0x1e4
 1089 0c36 B70B0000 		.uaword	0xbb7
 1090 0c3a 02       		.byte	0x2
 1091 0c3b 23       		.byte	0x23
 1092 0c3c 08       		.uleb128 0x8
 1093 0c3d 00       		.byte	0
 1094 0c3e 0B       		.uleb128 0xb
 1095 0c3f 4F735F52 		.string	"Os_ResourceDynType"
 1095      65736F75 
 1095      72636544 
 1095      796E5479 
 1095      706500
 1096 0c52 01       		.byte	0x1
 1097 0c53 E501     		.uahalf	0x1e5
 1098 0c55 DB0B0000 		.uaword	0xbdb
 1099 0c59 0D       		.uleb128 0xd
 1100 0c5a 4F735F52 		.string	"Os_ResourceType_s"
 1100      65736F75 
 1100      72636554 
 1100      7970655F 
 1100      7300
 1101 0c6c 10       		.byte	0x10
 1102 0c6d 01       		.byte	0x1
 1103 0c6e E601     		.uahalf	0x1e6
 1104 0c70 B30C0000 		.uaword	0xcb3
 1105 0c74 0F       		.uleb128 0xf
 1106 0c75 00000000 		.uaword	.LASF2
 1107 0c79 01       		.byte	0x1
 1108 0c7a E701     		.uahalf	0x1e7
 1109 0c7c B30C0000 		.uaword	0xcb3
 1110 0c80 02       		.byte	0x2
 1111 0c81 23       		.byte	0x23
 1112 0c82 00       		.uleb128 0
 1113 0c83 0F       		.uleb128 0xf
 1114 0c84 00000000 		.uaword	.LASF6
 1115 0c88 01       		.byte	0x1
 1116 0c89 E801     		.uahalf	0x1e8
 1117 0c8b B8090000 		.uaword	0x9b8
 1118 0c8f 02       		.byte	0x2
 1119 0c90 23       		.byte	0x23
 1120 0c91 04       		.uleb128 0x4
 1121 0c92 0E       		.uleb128 0xe
 1122 0c93 696D6173 		.string	"imask"
 1122      6B00
 1123 0c99 01       		.byte	0x1
 1124 0c9a E901     		.uahalf	0x1e9
 1125 0c9c 8E070000 		.uaword	0x78e
 1126 0ca0 02       		.byte	0x2
 1127 0ca1 23       		.byte	0x23
 1128 0ca2 08       		.uleb128 0x8
 1129 0ca3 0F       		.uleb128 0xf
 1130 0ca4 00000000 		.uaword	.LASF3
 1131 0ca8 01       		.byte	0x1
 1132 0ca9 EA01     		.uahalf	0x1ea
 1133 0cab 85010000 		.uaword	0x185
 1134 0caf 02       		.byte	0x2
GAS Infineon TriCore Little Endian C:\\Users\\user1\\AppData\\Local\\Temp\\rta_RTAOS_638388406317960277_1736001\\cczKPVEk.s 			page 26


 1135 0cb0 23       		.byte	0x23
 1136 0cb1 0C       		.uleb128 0xc
 1137 0cb2 00       		.byte	0
 1138 0cb3 0A       		.uleb128 0xa
 1139 0cb4 B80C0000 		.uaword	0xcb8
 1140 0cb8 08       		.uleb128 0x8
 1141 0cb9 04       		.byte	0x4
 1142 0cba 3E0C0000 		.uaword	0xc3e
 1143 0cbe 0B       		.uleb128 0xb
 1144 0cbf 4F735F52 		.string	"Os_ResourceType"
 1144      65736F75 
 1144      72636554 
 1144      79706500 
 1145 0ccf 01       		.byte	0x1
 1146 0cd0 EB01     		.uahalf	0x1eb
 1147 0cd2 590C0000 		.uaword	0xc59
 1148 0cd6 0B       		.uleb128 0xb
 1149 0cd7 5265736F 		.string	"ResourceType"
 1149      75726365 
 1149      54797065 
 1149      00
 1150 0ce4 01       		.byte	0x1
 1151 0ce5 EC01     		.uahalf	0x1ec
 1152 0ce7 EB0C0000 		.uaword	0xceb
 1153 0ceb 08       		.uleb128 0x8
 1154 0cec 04       		.byte	0x4
 1155 0ced F10C0000 		.uaword	0xcf1
 1156 0cf1 0A       		.uleb128 0xa
 1157 0cf2 BE0C0000 		.uaword	0xcbe
 1158 0cf6 0B       		.uleb128 0xb
 1159 0cf7 4F535365 		.string	"OSServiceIdType"
 1159      72766963 
 1159      65496454 
 1159      79706500 
 1160 0d07 01       		.byte	0x1
 1161 0d08 5102     		.uahalf	0x251
 1162 0d0a 92010000 		.uaword	0x192
 1163 0d0e 0B       		.uleb128 0xb
 1164 0d0f 4F735F42 		.string	"Os_BiggestType"
 1164      69676765 
 1164      73745479 
 1164      706500
 1165 0d1e 01       		.byte	0x1
 1166 0d1f 2503     		.uahalf	0x325
 1167 0d21 D5010000 		.uaword	0x1d5
 1168 0d25 13       		.uleb128 0x13
 1169 0d26 10       		.byte	0x10
 1170 0d27 01       		.byte	0x1
 1171 0d28 2703     		.uahalf	0x327
 1172 0d2a 930D0000 		.uaword	0xd93
 1173 0d2e 0E       		.uleb128 0xe
 1174 0d2f 73657276 		.string	"service_id"
 1174      6963655F 
 1174      696400
 1175 0d3a 01       		.byte	0x1
 1176 0d3b 2803     		.uahalf	0x328
 1177 0d3d F60C0000 		.uaword	0xcf6
GAS Infineon TriCore Little Endian C:\\Users\\user1\\AppData\\Local\\Temp\\rta_RTAOS_638388406317960277_1736001\\cczKPVEk.s 			page 27


 1178 0d41 02       		.byte	0x2
 1179 0d42 23       		.byte	0x23
 1180 0d43 00       		.uleb128 0
 1181 0d44 0E       		.uleb128 0xe
 1182 0d45 73657276 		.string	"service_param1"
 1182      6963655F 
 1182      70617261 
 1182      6D3100
 1183 0d54 01       		.byte	0x1
 1184 0d55 2903     		.uahalf	0x329
 1185 0d57 0E0D0000 		.uaword	0xd0e
 1186 0d5b 02       		.byte	0x2
 1187 0d5c 23       		.byte	0x23
 1188 0d5d 04       		.uleb128 0x4
 1189 0d5e 0E       		.uleb128 0xe
 1190 0d5f 73657276 		.string	"service_param2"
 1190      6963655F 
 1190      70617261 
 1190      6D3200
 1191 0d6e 01       		.byte	0x1
 1192 0d6f 2A03     		.uahalf	0x32a
 1193 0d71 0E0D0000 		.uaword	0xd0e
 1194 0d75 02       		.byte	0x2
 1195 0d76 23       		.byte	0x23
 1196 0d77 08       		.uleb128 0x8
 1197 0d78 0E       		.uleb128 0xe
 1198 0d79 73657276 		.string	"service_param3"
 1198      6963655F 
 1198      70617261 
 1198      6D3300
 1199 0d88 01       		.byte	0x1
 1200 0d89 2B03     		.uahalf	0x32b
 1201 0d8b 0E0D0000 		.uaword	0xd0e
 1202 0d8f 02       		.byte	0x2
 1203 0d90 23       		.byte	0x23
 1204 0d91 0C       		.uleb128 0xc
 1205 0d92 00       		.byte	0
 1206 0d93 0B       		.uleb128 0xb
 1207 0d94 4F735F45 		.string	"Os_ErrorInformationType"
 1207      72726F72 
 1207      496E666F 
 1207      726D6174 
 1207      696F6E54 
 1208 0dac 01       		.byte	0x1
 1209 0dad 2C03     		.uahalf	0x32c
 1210 0daf 250D0000 		.uaword	0xd25
 1211 0db3 0B       		.uleb128 0xb
 1212 0db4 4F735F4F 		.string	"Os_OrtiIdType"
 1212      72746949 
 1212      64547970 
 1212      6500
 1213 0dc2 01       		.byte	0x1
 1214 0dc3 3003     		.uahalf	0x330
 1215 0dc5 92010000 		.uaword	0x192
 1216 0dc9 0C       		.uleb128 0xc
 1217 0dca 79090000 		.uaword	0x979
 1218 0dce 0C       		.uleb128 0xc
GAS Infineon TriCore Little Endian C:\\Users\\user1\\AppData\\Local\\Temp\\rta_RTAOS_638388406317960277_1736001\\cczKPVEk.s 			page 28


 1219 0dcf E1080000 		.uaword	0x8e1
 1220 0dd3 0C       		.uleb128 0xc
 1221 0dd4 9B0B0000 		.uaword	0xb9b
 1222 0dd8 0C       		.uleb128 0xc
 1223 0dd9 B8090000 		.uaword	0x9b8
 1224 0ddd 0C       		.uleb128 0xc
 1225 0dde 6D040000 		.uaword	0x46d
 1226 0de2 0C       		.uleb128 0xc
 1227 0de3 DE030000 		.uaword	0x3de
 1228 0de7 0B       		.uleb128 0xb
 1229 0de8 4F735F43 		.string	"Os_ControlledCoreType"
 1229      6F6E7472 
 1229      6F6C6C65 
 1229      64436F72 
 1229      65547970 
 1230 0dfe 01       		.byte	0x1
 1231 0dff 2404     		.uahalf	0x424
 1232 0e01 B9040000 		.uaword	0x4b9
 1233 0e05 0D       		.uleb128 0xd
 1234 0e06 4F735F41 		.string	"Os_AnyCoreType_s"
 1234      6E79436F 
 1234      72655479 
 1234      70655F73 
 1234      00
 1235 0e17 64       		.byte	0x64
 1236 0e18 01       		.byte	0x1
 1237 0e19 3204     		.uahalf	0x432
 1238 0e1b 3E0F0000 		.uaword	0xf3e
 1239 0e1f 0E       		.uleb128 0xe
 1240 0e20 44697361 		.string	"DisableAllImask"
 1240      626C6541 
 1240      6C6C496D 
 1240      61736B00 
 1241 0e30 01       		.byte	0x1
 1242 0e31 3304     		.uahalf	0x433
 1243 0e33 3E0F0000 		.uaword	0xf3e
 1244 0e37 02       		.byte	0x2
 1245 0e38 23       		.byte	0x23
 1246 0e39 00       		.uleb128 0
 1247 0e3a 0E       		.uleb128 0xe
 1248 0e3b 53757370 		.string	"SuspendAllImask"
 1248      656E6441 
 1248      6C6C496D 
 1248      61736B00 
 1249 0e4b 01       		.byte	0x1
 1250 0e4c 3404     		.uahalf	0x434
 1251 0e4e 3E0F0000 		.uaword	0xf3e
 1252 0e52 02       		.byte	0x2
 1253 0e53 23       		.byte	0x23
 1254 0e54 04       		.uleb128 0x4
 1255 0e55 0E       		.uleb128 0xe
 1256 0e56 53757370 		.string	"SuspendOSImask"
 1256      656E644F 
 1256      53496D61 
 1256      736B00
 1257 0e65 01       		.byte	0x1
 1258 0e66 3504     		.uahalf	0x435
GAS Infineon TriCore Little Endian C:\\Users\\user1\\AppData\\Local\\Temp\\rta_RTAOS_638388406317960277_1736001\\cczKPVEk.s 			page 29


 1259 0e68 3E0F0000 		.uaword	0xf3e
 1260 0e6c 02       		.byte	0x2
 1261 0e6d 23       		.byte	0x23
 1262 0e6e 08       		.uleb128 0x8
 1263 0e6f 0E       		.uleb128 0xe
 1264 0e70 44697361 		.string	"DisableAllCount"
 1264      626C6541 
 1264      6C6C436F 
 1264      756E7400 
 1265 0e80 01       		.byte	0x1
 1266 0e81 3604     		.uahalf	0x436
 1267 0e83 430F0000 		.uaword	0xf43
 1268 0e87 02       		.byte	0x2
 1269 0e88 23       		.byte	0x23
 1270 0e89 0C       		.uleb128 0xc
 1271 0e8a 0E       		.uleb128 0xe
 1272 0e8b 53757370 		.string	"SuspendAllCount"
 1272      656E6441 
 1272      6C6C436F 
 1272      756E7400 
 1273 0e9b 01       		.byte	0x1
 1274 0e9c 3704     		.uahalf	0x437
 1275 0e9e 430F0000 		.uaword	0xf43
 1276 0ea2 02       		.byte	0x2
 1277 0ea3 23       		.byte	0x23
 1278 0ea4 10       		.uleb128 0x10
 1279 0ea5 0E       		.uleb128 0xe
 1280 0ea6 53757370 		.string	"SuspendOSCount"
 1280      656E644F 
 1280      53436F75 
 1280      6E7400
 1281 0eb5 01       		.byte	0x1
 1282 0eb6 3804     		.uahalf	0x438
 1283 0eb8 430F0000 		.uaword	0xf43
 1284 0ebc 02       		.byte	0x2
 1285 0ebd 23       		.byte	0x23
 1286 0ebe 14       		.uleb128 0x14
 1287 0ebf 0E       		.uleb128 0xe
 1288 0ec0 4F727469 		.string	"OrtiApiID"
 1288      41706949 
 1288      4400
 1289 0eca 01       		.byte	0x1
 1290 0ecb 3904     		.uahalf	0x439
 1291 0ecd 480F0000 		.uaword	0xf48
 1292 0ed1 02       		.byte	0x2
 1293 0ed2 23       		.byte	0x23
 1294 0ed3 18       		.uleb128 0x18
 1295 0ed4 0E       		.uleb128 0xe
 1296 0ed5 4F727469 		.string	"OrtiLastError"
 1296      4C617374 
 1296      4572726F 
 1296      7200
 1297 0ee3 01       		.byte	0x1
 1298 0ee4 3A04     		.uahalf	0x43a
 1299 0ee6 55020000 		.uaword	0x255
 1300 0eea 02       		.byte	0x2
 1301 0eeb 23       		.byte	0x23
GAS Infineon TriCore Little Endian C:\\Users\\user1\\AppData\\Local\\Temp\\rta_RTAOS_638388406317960277_1736001\\cczKPVEk.s 			page 30


 1302 0eec 19       		.uleb128 0x19
 1303 0eed 0E       		.uleb128 0xe
 1304 0eee 52657374 		.string	"RestartJumpBuf"
 1304      6172744A 
 1304      756D7042 
 1304      756600
 1305 0efd 01       		.byte	0x1
 1306 0efe 3B04     		.uahalf	0x43b
 1307 0f00 07030000 		.uaword	0x307
 1308 0f04 02       		.byte	0x2
 1309 0f05 23       		.byte	0x23
 1310 0f06 1C       		.uleb128 0x1c
 1311 0f07 0E       		.uleb128 0xe
 1312 0f08 52657374 		.string	"Restartable"
 1312      61727461 
 1312      626C6500 
 1313 0f14 01       		.byte	0x1
 1314 0f15 3C04     		.uahalf	0x43c
 1315 0f17 46020000 		.uaword	0x246
 1316 0f1b 02       		.byte	0x2
 1317 0f1c 23       		.byte	0x23
 1318 0f1d 60       		.uleb128 0x60
 1319 0f1e 0E       		.uleb128 0xe
 1320 0f1f 4C617374 		.string	"LastProtectionFault"
 1320      50726F74 
 1320      65637469 
 1320      6F6E4661 
 1320      756C7400 
 1321 0f33 01       		.byte	0x1
 1322 0f34 3D04     		.uahalf	0x43d
 1323 0f36 55020000 		.uaword	0x255
 1324 0f3a 02       		.byte	0x2
 1325 0f3b 23       		.byte	0x23
 1326 0f3c 61       		.uleb128 0x61
 1327 0f3d 00       		.byte	0
 1328 0f3e 0C       		.uleb128 0xc
 1329 0f3f 8E070000 		.uaword	0x78e
 1330 0f43 0C       		.uleb128 0xc
 1331 0f44 C7010000 		.uaword	0x1c7
 1332 0f48 0C       		.uleb128 0xc
 1333 0f49 B30D0000 		.uaword	0xdb3
 1334 0f4d 0B       		.uleb128 0xb
 1335 0f4e 4F735F41 		.string	"Os_AnyCoreType"
 1335      6E79436F 
 1335      72655479 
 1335      706500
 1336 0f5d 01       		.byte	0x1
 1337 0f5e 3E04     		.uahalf	0x43e
 1338 0f60 050E0000 		.uaword	0xe05
 1339 0f64 0D       		.uleb128 0xd
 1340 0f65 4F735F43 		.string	"Os_CoreConfiguration_s"
 1340      6F726543 
 1340      6F6E6669 
 1340      67757261 
 1340      74696F6E 
 1341 0f7c 18       		.byte	0x18
 1342 0f7d 01       		.byte	0x1
GAS Infineon TriCore Little Endian C:\\Users\\user1\\AppData\\Local\\Temp\\rta_RTAOS_638388406317960277_1736001\\cczKPVEk.s 			page 31


 1343 0f7e 4904     		.uahalf	0x449
 1344 0f80 FE0F0000 		.uaword	0xffe
 1345 0f84 0E       		.uleb128 0xe
 1346 0f85 636F6E74 		.string	"controlled"
 1346      726F6C6C 
 1346      656400
 1347 0f90 01       		.byte	0x1
 1348 0f91 4A04     		.uahalf	0x44a
 1349 0f93 FE0F0000 		.uaword	0xffe
 1350 0f97 02       		.byte	0x2
 1351 0f98 23       		.byte	0x23
 1352 0f99 00       		.uleb128 0
 1353 0f9a 0E       		.uleb128 0xe
 1354 0f9b 616E7900 		.string	"any"
 1355 0f9f 01       		.byte	0x1
 1356 0fa0 4B04     		.uahalf	0x44b
 1357 0fa2 09100000 		.uaword	0x1009
 1358 0fa6 02       		.byte	0x2
 1359 0fa7 23       		.byte	0x23
 1360 0fa8 04       		.uleb128 0x4
 1361 0fa9 0E       		.uleb128 0xe
 1362 0faa 73746174 		.string	"state"
 1362      6500
 1363 0fb0 01       		.byte	0x1
 1364 0fb1 4C04     		.uahalf	0x44c
 1365 0fb3 14100000 		.uaword	0x1014
 1366 0fb7 02       		.byte	0x2
 1367 0fb8 23       		.byte	0x23
 1368 0fb9 08       		.uleb128 0x8
 1369 0fba 0E       		.uleb128 0xe
 1370 0fbb 64697370 		.string	"dispatch"
 1370      61746368 
 1370      00
 1371 0fc4 01       		.byte	0x1
 1372 0fc5 4D04     		.uahalf	0x44d
 1373 0fc7 B7030000 		.uaword	0x3b7
 1374 0fcb 02       		.byte	0x2
 1375 0fcc 23       		.byte	0x23
 1376 0fcd 0C       		.uleb128 0xc
 1377 0fce 0E       		.uleb128 0xe
 1378 0fcf 4F735F52 		.string	"Os_Res_Scheduler"
 1378      65735F53 
 1378      63686564 
 1378      756C6572 
 1378      00
 1379 0fe0 01       		.byte	0x1
 1380 0fe1 4E04     		.uahalf	0x44e
 1381 0fe3 D60C0000 		.uaword	0xcd6
 1382 0fe7 02       		.byte	0x2
 1383 0fe8 23       		.byte	0x23
 1384 0fe9 10       		.uleb128 0x10
 1385 0fea 0E       		.uleb128 0xe
 1386 0feb 636F7265 		.string	"core_id"
 1386      5F696400 
 1387 0ff3 01       		.byte	0x1
 1388 0ff4 4F04     		.uahalf	0x44f
 1389 0ff6 A1040000 		.uaword	0x4a1
GAS Infineon TriCore Little Endian C:\\Users\\user1\\AppData\\Local\\Temp\\rta_RTAOS_638388406317960277_1736001\\cczKPVEk.s 			page 32


 1390 0ffa 02       		.byte	0x2
 1391 0ffb 23       		.byte	0x23
 1392 0ffc 14       		.uleb128 0x14
 1393 0ffd 00       		.byte	0
 1394 0ffe 0A       		.uleb128 0xa
 1395 0fff 03100000 		.uaword	0x1003
 1396 1003 08       		.uleb128 0x8
 1397 1004 04       		.byte	0x4
 1398 1005 E70D0000 		.uaword	0xde7
 1399 1009 0A       		.uleb128 0xa
 1400 100a 0E100000 		.uaword	0x100e
 1401 100e 08       		.uleb128 0x8
 1402 100f 04       		.byte	0x4
 1403 1010 4D0F0000 		.uaword	0xf4d
 1404 1014 0A       		.uleb128 0xa
 1405 1015 19100000 		.uaword	0x1019
 1406 1019 08       		.uleb128 0x8
 1407 101a 04       		.byte	0x4
 1408 101b 1F100000 		.uaword	0x101f
 1409 101f 0C       		.uleb128 0xc
 1410 1020 09040000 		.uaword	0x409
 1411 1024 0B       		.uleb128 0xb
 1412 1025 4F735F43 		.string	"Os_CoreConfiguration"
 1412      6F726543 
 1412      6F6E6669 
 1412      67757261 
 1412      74696F6E 
 1413 103a 01       		.byte	0x1
 1414 103b 5004     		.uahalf	0x450
 1415 103d 640F0000 		.uaword	0xf64
 1416 1041 14       		.uleb128 0x14
 1417 1042 01       		.byte	0x1
 1418 1043 4F735F47 		.string	"Os_GetTaskActivationTime"
 1418      65745461 
 1418      736B4163 
 1418      74697661 
 1418      74696F6E 
 1419 105c 01       		.byte	0x1
 1420 105d 5705     		.uahalf	0x557
 1421 105f 01       		.byte	0x1
 1422 1060 55020000 		.uaword	0x255
 1423 1064 00000000 		.uaword	.LFB0
 1424 1068 00000000 		.uaword	.LFE0
 1425 106c 00000000 		.uaword	.LLST0
 1426 1070 01       		.byte	0x1
 1427 1071 62120000 		.uaword	0x1262
 1428 1075 15       		.uleb128 0x15
 1429 1076 5461736B 		.string	"TaskID"
 1429      494400
 1430 107d 01       		.byte	0x1
 1431 107e 5705     		.uahalf	0x557
 1432 1080 9B0B0000 		.uaword	0xb9b
 1433 1084 00000000 		.uaword	.LLST1
 1434 1088 15       		.uleb128 0x15
 1435 1089 56616C75 		.string	"Value"
 1435      6500
 1436 108f 01       		.byte	0x1
GAS Infineon TriCore Little Endian C:\\Users\\user1\\AppData\\Local\\Temp\\rta_RTAOS_638388406317960277_1736001\\cczKPVEk.s 			page 33


 1437 1090 5705     		.uahalf	0x557
 1438 1092 48040000 		.uaword	0x448
 1439 1096 00000000 		.uaword	.LLST2
 1440 109a 16       		.uleb128 0x16
 1441 109b 6170695F 		.string	"api_retval"
 1441      72657476 
 1441      616C00
 1442 10a6 01       		.byte	0x1
 1443 10a7 5805     		.uahalf	0x558
 1444 10a9 55020000 		.uaword	0x255
 1445 10ad 00000000 		.uaword	.LLST3
 1446 10b1 17       		.uleb128 0x17
 1447 10b2 70726576 		.string	"previous_imask"
 1447      696F7573 
 1447      5F696D61 
 1447      736B00
 1448 10c1 01       		.byte	0x1
 1449 10c2 5905     		.uahalf	0x559
 1450 10c4 8E070000 		.uaword	0x78e
 1451 10c8 01       		.byte	0x1
 1452 10c9 58       		.byte	0x58
 1453 10ca 18       		.uleb128 0x18
 1454 10cb 6F735F63 		.string	"os_current_core_const"
 1454      75727265 
 1454      6E745F63 
 1454      6F72655F 
 1454      636F6E73 
 1455 10e1 01       		.byte	0x1
 1456 10e2 5A05     		.uahalf	0x55a
 1457 10e4 62120000 		.uaword	0x1262
 1458 10e8 17       		.uleb128 0x17
 1459 10e9 6F735F63 		.string	"os_current_controlled_core"
 1459      75727265 
 1459      6E745F63 
 1459      6F6E7472 
 1459      6F6C6C65 
 1460 1104 01       		.byte	0x1
 1461 1105 5B05     		.uahalf	0x55b
 1462 1107 03100000 		.uaword	0x1003
 1463 110b 01       		.byte	0x1
 1464 110c 6E       		.byte	0x6e
 1465 110d 17       		.uleb128 0x17
 1466 110e 6F735F63 		.string	"os_current_core"
 1466      75727265 
 1466      6E745F63 
 1466      6F726500 
 1467 111e 01       		.byte	0x1
 1468 111f 5C05     		.uahalf	0x55c
 1469 1121 0E100000 		.uaword	0x100e
 1470 1125 01       		.byte	0x1
 1471 1126 6D       		.byte	0x6d
 1472 1127 16       		.uleb128 0x16
 1473 1128 70726576 		.string	"previous_tmask"
 1473      696F7573 
 1473      5F746D61 
 1473      736B00
 1474 1137 01       		.byte	0x1
GAS Infineon TriCore Little Endian C:\\Users\\user1\\AppData\\Local\\Temp\\rta_RTAOS_638388406317960277_1736001\\cczKPVEk.s 			page 34


 1475 1138 5D05     		.uahalf	0x55d
 1476 113a F5030000 		.uaword	0x3f5
 1477 113e 00000000 		.uaword	.LLST4
 1478 1142 19       		.uleb128 0x19
 1479 1143 6170695F 		.string	"api_error_exit"
 1479      6572726F 
 1479      725F6578 
 1479      697400
 1480 1152 01       		.byte	0x1
 1481 1153 6705     		.uahalf	0x567
 1482 1155 00000000 		.uaword	.L3
 1483 1159 19       		.uleb128 0x19
 1484 115a 6170695F 		.string	"api_exit"
 1484      65786974 
 1484      00
 1485 1163 01       		.byte	0x1
 1486 1164 6905     		.uahalf	0x569
 1487 1166 00000000 		.uaword	.L4
 1488 116a 1A       		.uleb128 0x1a
 1489 116b 00000000 		.uaword	.LBB2
 1490 116f 00000000 		.uaword	.LBE2
 1491 1173 88110000 		.uaword	0x1188
 1492 1177 16       		.uleb128 0x16
 1493 1178 72657300 		.string	"res"
 1494 117c 01       		.byte	0x1
 1495 117d 5A05     		.uahalf	0x55a
 1496 117f D5010000 		.uaword	0x1d5
 1497 1183 00000000 		.uaword	.LLST5
 1498 1187 00       		.byte	0
 1499 1188 1A       		.uleb128 0x1a
 1500 1189 00000000 		.uaword	.LBB3
 1501 118d 00000000 		.uaword	.LBE3
 1502 1191 A6110000 		.uaword	0x11a6
 1503 1195 16       		.uleb128 0x16
 1504 1196 72657300 		.string	"res"
 1505 119a 01       		.byte	0x1
 1506 119b 5D05     		.uahalf	0x55d
 1507 119d D5010000 		.uaword	0x1d5
 1508 11a1 00000000 		.uaword	.LLST4
 1509 11a5 00       		.byte	0
 1510 11a6 1A       		.uleb128 0x1a
 1511 11a7 00000000 		.uaword	.LBB4
 1512 11ab 00000000 		.uaword	.LBE4
 1513 11af C2110000 		.uaword	0x11c2
 1514 11b3 17       		.uleb128 0x17
 1515 11b4 72657300 		.string	"res"
 1516 11b8 01       		.byte	0x1
 1517 11b9 5F05     		.uahalf	0x55f
 1518 11bb D5010000 		.uaword	0x1d5
 1519 11bf 01       		.byte	0x1
 1520 11c0 58       		.byte	0x58
 1521 11c1 00       		.byte	0
 1522 11c2 1A       		.uleb128 0x1a
 1523 11c3 00000000 		.uaword	.LBB5
 1524 11c7 00000000 		.uaword	.LBE5
 1525 11cb E1110000 		.uaword	0x11e1
 1526 11cf 1B       		.uleb128 0x1b
GAS Infineon TriCore Little Endian C:\\Users\\user1\\AppData\\Local\\Temp\\rta_RTAOS_638388406317960277_1736001\\cczKPVEk.s 			page 35


 1527 11d0 6E657776 		.string	"newval"
 1527      616C00
 1528 11d7 01       		.byte	0x1
 1529 11d8 5F05     		.uahalf	0x55f
 1530 11da D5010000 		.uaword	0x1d5
 1531 11de FF80     		.uahalf	0x80ff
 1532 11e0 00       		.byte	0
 1533 11e1 1A       		.uleb128 0x1a
 1534 11e2 00000000 		.uaword	.LBB6
 1535 11e6 00000000 		.uaword	.LBE6
 1536 11ea 02120000 		.uaword	0x1202
 1537 11ee 16       		.uleb128 0x16
 1538 11ef 6E657776 		.string	"newval"
 1538      616C00
 1539 11f6 01       		.byte	0x1
 1540 11f7 6A05     		.uahalf	0x56a
 1541 11f9 D5010000 		.uaword	0x1d5
 1542 11fd 00000000 		.uaword	.LLST7
 1543 1201 00       		.byte	0
 1544 1202 1C       		.uleb128 0x1c
 1545 1203 00000000 		.uaword	.LVL9
 1546 1207 A2120000 		.uaword	0x12a2
 1547 120b 16120000 		.uaword	0x1216
 1548 120f 1D       		.uleb128 0x1d
 1549 1210 01       		.byte	0x1
 1550 1211 64       		.byte	0x64
 1551 1212 02       		.byte	0x2
 1552 1213 8F       		.byte	0x8f
 1553 1214 00       		.sleb128 0
 1554 1215 00       		.byte	0
 1555 1216 1C       		.uleb128 0x1c
 1556 1217 00000000 		.uaword	.LVL10
 1557 121b C6120000 		.uaword	0x12c6
 1558 121f 39120000 		.uaword	0x1239
 1559 1223 1D       		.uleb128 0x1d
 1560 1224 01       		.byte	0x1
 1561 1225 55       		.byte	0x55
 1562 1226 01       		.byte	0x1
 1563 1227 34       		.byte	0x34
 1564 1228 1D       		.uleb128 0x1d
 1565 1229 01       		.byte	0x1
 1566 122a 66       		.byte	0x66
 1567 122b 02       		.byte	0x2
 1568 122c 8C       		.byte	0x8c
 1569 122d 00       		.sleb128 0
 1570 122e 1D       		.uleb128 0x1d
 1571 122f 01       		.byte	0x1
 1572 1230 65       		.byte	0x65
 1573 1231 01       		.byte	0x1
 1574 1232 30       		.byte	0x30
 1575 1233 1D       		.uleb128 0x1d
 1576 1234 01       		.byte	0x1
 1577 1235 64       		.byte	0x64
 1578 1236 01       		.byte	0x1
 1579 1237 30       		.byte	0x30
 1580 1238 00       		.byte	0
 1581 1239 1E       		.uleb128 0x1e
GAS Infineon TriCore Little Endian C:\\Users\\user1\\AppData\\Local\\Temp\\rta_RTAOS_638388406317960277_1736001\\cczKPVEk.s 			page 36


 1582 123a 00000000 		.uaword	.LVL12
 1583 123e 08130000 		.uaword	0x1308
 1584 1242 1D       		.uleb128 0x1d
 1585 1243 01       		.byte	0x1
 1586 1244 57       		.byte	0x57
 1587 1245 02       		.byte	0x2
 1588 1246 8C       		.byte	0x8c
 1589 1247 00       		.sleb128 0
 1590 1248 1D       		.uleb128 0x1d
 1591 1249 01       		.byte	0x1
 1592 124a 56       		.byte	0x56
 1593 124b 02       		.byte	0x2
 1594 124c 8F       		.byte	0x8f
 1595 124d 00       		.sleb128 0
 1596 124e 1D       		.uleb128 0x1d
 1597 124f 01       		.byte	0x1
 1598 1250 55       		.byte	0x55
 1599 1251 02       		.byte	0x2
 1600 1252 08       		.byte	0x8
 1601 1253 52       		.byte	0x52
 1602 1254 1D       		.uleb128 0x1d
 1603 1255 01       		.byte	0x1
 1604 1256 54       		.byte	0x54
 1605 1257 02       		.byte	0x2
 1606 1258 7F       		.byte	0x7f
 1607 1259 00       		.sleb128 0
 1608 125a 1D       		.uleb128 0x1d
 1609 125b 02       		.byte	0x2
 1610 125c 8A       		.byte	0x8a
 1611 125d 00       		.sleb128 0
 1612 125e 01       		.byte	0x1
 1613 125f 30       		.byte	0x30
 1614 1260 00       		.byte	0
 1615 1261 00       		.byte	0
 1616 1262 08       		.uleb128 0x8
 1617 1263 04       		.byte	0x4
 1618 1264 68120000 		.uaword	0x1268
 1619 1268 0A       		.uleb128 0xa
 1620 1269 24100000 		.uaword	0x1024
 1621 126d 06       		.uleb128 0x6
 1622 126e 24100000 		.uaword	0x1024
 1623 1272 78120000 		.uaword	0x1278
 1624 1276 1F       		.uleb128 0x1f
 1625 1277 00       		.byte	0
 1626 1278 20       		.uleb128 0x20
 1627 1279 4F735F63 		.string	"Os_const_coreconfiguration"
 1627      6F6E7374 
 1627      5F636F72 
 1627      65636F6E 
 1627      66696775 
 1628 1294 01       		.byte	0x1
 1629 1295 6A04     		.uahalf	0x46a
 1630 1297 9D120000 		.uaword	0x129d
 1631 129b 01       		.byte	0x1
 1632 129c 01       		.byte	0x1
 1633 129d 0A       		.uleb128 0xa
 1634 129e 6D120000 		.uaword	0x126d
GAS Infineon TriCore Little Endian C:\\Users\\user1\\AppData\\Local\\Temp\\rta_RTAOS_638388406317960277_1736001\\cczKPVEk.s 			page 37


 1635 12a2 21       		.uleb128 0x21
 1636 12a3 01       		.byte	0x1
 1637 12a4 4F735F49 		.string	"Os_IsTaskValid"
 1637      73546173 
 1637      6B56616C 
 1637      696400
 1638 12b3 01       		.byte	0x1
 1639 12b4 4105     		.uahalf	0x541
 1640 12b6 01       		.byte	0x1
 1641 12b7 46020000 		.uaword	0x246
 1642 12bb 01       		.byte	0x1
 1643 12bc C6120000 		.uaword	0x12c6
 1644 12c0 22       		.uleb128 0x22
 1645 12c1 9B0B0000 		.uaword	0xb9b
 1646 12c5 00       		.byte	0
 1647 12c6 21       		.uleb128 0x21
 1648 12c7 01       		.byte	0x1
 1649 12c8 4F735F43 		.string	"Os_Cbk_CheckMemoryAccess"
 1649      626B5F43 
 1649      6865636B 
 1649      4D656D6F 
 1649      72794163 
 1650 12e1 01       		.byte	0x1
 1651 12e2 8D04     		.uahalf	0x48d
 1652 12e4 01       		.byte	0x1
 1653 12e5 B7060000 		.uaword	0x6b7
 1654 12e9 01       		.byte	0x1
 1655 12ea 08130000 		.uaword	0x1308
 1656 12ee 22       		.uleb128 0x22
 1657 12ef DE030000 		.uaword	0x3de
 1658 12f3 22       		.uleb128 0x22
 1659 12f4 9B0B0000 		.uaword	0xb9b
 1660 12f8 22       		.uleb128 0x22
 1661 12f9 E1080000 		.uaword	0x8e1
 1662 12fd 22       		.uleb128 0x22
 1663 12fe CA060000 		.uaword	0x6ca
 1664 1302 22       		.uleb128 0x22
 1665 1303 E9060000 		.uaword	0x6e9
 1666 1307 00       		.byte	0
 1667 1308 23       		.uleb128 0x23
 1668 1309 01       		.byte	0x1
 1669 130a 4F735F45 		.string	"Os_ErrorLog"
 1669      72726F72 
 1669      4C6F6700 
 1670 1316 01       		.byte	0x1
 1671 1317 4805     		.uahalf	0x548
 1672 1319 01       		.byte	0x1
 1673 131a 01       		.byte	0x1
 1674 131b 22       		.uleb128 0x22
 1675 131c 55020000 		.uaword	0x255
 1676 1320 22       		.uleb128 0x22
 1677 1321 F60C0000 		.uaword	0xcf6
 1678 1325 22       		.uleb128 0x22
 1679 1326 0E0D0000 		.uaword	0xd0e
 1680 132a 22       		.uleb128 0x22
 1681 132b 0E0D0000 		.uaword	0xd0e
 1682 132f 22       		.uleb128 0x22
GAS Infineon TriCore Little Endian C:\\Users\\user1\\AppData\\Local\\Temp\\rta_RTAOS_638388406317960277_1736001\\cczKPVEk.s 			page 38


 1683 1330 0E0D0000 		.uaword	0xd0e
 1684 1334 00       		.byte	0
 1685 1335 00       		.byte	0
 1686              	.section .debug_abbrev,"",@progbits
 1687              	.Ldebug_abbrev0:
 1688 0000 01       		.uleb128 0x1
 1689 0001 11       		.uleb128 0x11
 1690 0002 01       		.byte	0x1
 1691 0003 25       		.uleb128 0x25
 1692 0004 08       		.uleb128 0x8
 1693 0005 13       		.uleb128 0x13
 1694 0006 0B       		.uleb128 0xb
 1695 0007 03       		.uleb128 0x3
 1696 0008 08       		.uleb128 0x8
 1697 0009 55       		.uleb128 0x55
 1698 000a 06       		.uleb128 0x6
 1699 000b 11       		.uleb128 0x11
 1700 000c 01       		.uleb128 0x1
 1701 000d 52       		.uleb128 0x52
 1702 000e 01       		.uleb128 0x1
 1703 000f 10       		.uleb128 0x10
 1704 0010 06       		.uleb128 0x6
 1705 0011 00       		.byte	0
 1706 0012 00       		.byte	0
 1707 0013 02       		.uleb128 0x2
 1708 0014 16       		.uleb128 0x16
 1709 0015 00       		.byte	0
 1710 0016 03       		.uleb128 0x3
 1711 0017 08       		.uleb128 0x8
 1712 0018 3A       		.uleb128 0x3a
 1713 0019 0B       		.uleb128 0xb
 1714 001a 3B       		.uleb128 0x3b
 1715 001b 0B       		.uleb128 0xb
 1716 001c 49       		.uleb128 0x49
 1717 001d 13       		.uleb128 0x13
 1718 001e 00       		.byte	0
 1719 001f 00       		.byte	0
 1720 0020 03       		.uleb128 0x3
 1721 0021 24       		.uleb128 0x24
 1722 0022 00       		.byte	0
 1723 0023 0B       		.uleb128 0xb
 1724 0024 0B       		.uleb128 0xb
 1725 0025 3E       		.uleb128 0x3e
 1726 0026 0B       		.uleb128 0xb
 1727 0027 03       		.uleb128 0x3
 1728 0028 08       		.uleb128 0x8
 1729 0029 00       		.byte	0
 1730 002a 00       		.byte	0
 1731 002b 04       		.uleb128 0x4
 1732 002c 13       		.uleb128 0x13
 1733 002d 01       		.byte	0x1
 1734 002e 0B       		.uleb128 0xb
 1735 002f 0B       		.uleb128 0xb
 1736 0030 3A       		.uleb128 0x3a
 1737 0031 0B       		.uleb128 0xb
 1738 0032 3B       		.uleb128 0x3b
 1739 0033 0B       		.uleb128 0xb
GAS Infineon TriCore Little Endian C:\\Users\\user1\\AppData\\Local\\Temp\\rta_RTAOS_638388406317960277_1736001\\cczKPVEk.s 			page 39


 1740 0034 01       		.uleb128 0x1
 1741 0035 13       		.uleb128 0x13
 1742 0036 00       		.byte	0
 1743 0037 00       		.byte	0
 1744 0038 05       		.uleb128 0x5
 1745 0039 0D       		.uleb128 0xd
 1746 003a 00       		.byte	0
 1747 003b 03       		.uleb128 0x3
 1748 003c 08       		.uleb128 0x8
 1749 003d 3A       		.uleb128 0x3a
 1750 003e 0B       		.uleb128 0xb
 1751 003f 3B       		.uleb128 0x3b
 1752 0040 0B       		.uleb128 0xb
 1753 0041 49       		.uleb128 0x49
 1754 0042 13       		.uleb128 0x13
 1755 0043 38       		.uleb128 0x38
 1756 0044 0A       		.uleb128 0xa
 1757 0045 00       		.byte	0
 1758 0046 00       		.byte	0
 1759 0047 06       		.uleb128 0x6
 1760 0048 01       		.uleb128 0x1
 1761 0049 01       		.byte	0x1
 1762 004a 49       		.uleb128 0x49
 1763 004b 13       		.uleb128 0x13
 1764 004c 01       		.uleb128 0x1
 1765 004d 13       		.uleb128 0x13
 1766 004e 00       		.byte	0
 1767 004f 00       		.byte	0
 1768 0050 07       		.uleb128 0x7
 1769 0051 21       		.uleb128 0x21
 1770 0052 00       		.byte	0
 1771 0053 49       		.uleb128 0x49
 1772 0054 13       		.uleb128 0x13
 1773 0055 2F       		.uleb128 0x2f
 1774 0056 0B       		.uleb128 0xb
 1775 0057 00       		.byte	0
 1776 0058 00       		.byte	0
 1777 0059 08       		.uleb128 0x8
 1778 005a 0F       		.uleb128 0xf
 1779 005b 00       		.byte	0
 1780 005c 0B       		.uleb128 0xb
 1781 005d 0B       		.uleb128 0xb
 1782 005e 49       		.uleb128 0x49
 1783 005f 13       		.uleb128 0x13
 1784 0060 00       		.byte	0
 1785 0061 00       		.byte	0
 1786 0062 09       		.uleb128 0x9
 1787 0063 15       		.uleb128 0x15
 1788 0064 00       		.byte	0
 1789 0065 27       		.uleb128 0x27
 1790 0066 0C       		.uleb128 0xc
 1791 0067 00       		.byte	0
 1792 0068 00       		.byte	0
 1793 0069 0A       		.uleb128 0xa
 1794 006a 26       		.uleb128 0x26
 1795 006b 00       		.byte	0
 1796 006c 49       		.uleb128 0x49
GAS Infineon TriCore Little Endian C:\\Users\\user1\\AppData\\Local\\Temp\\rta_RTAOS_638388406317960277_1736001\\cczKPVEk.s 			page 40


 1797 006d 13       		.uleb128 0x13
 1798 006e 00       		.byte	0
 1799 006f 00       		.byte	0
 1800 0070 0B       		.uleb128 0xb
 1801 0071 16       		.uleb128 0x16
 1802 0072 00       		.byte	0
 1803 0073 03       		.uleb128 0x3
 1804 0074 08       		.uleb128 0x8
 1805 0075 3A       		.uleb128 0x3a
 1806 0076 0B       		.uleb128 0xb
 1807 0077 3B       		.uleb128 0x3b
 1808 0078 05       		.uleb128 0x5
 1809 0079 49       		.uleb128 0x49
 1810 007a 13       		.uleb128 0x13
 1811 007b 00       		.byte	0
 1812 007c 00       		.byte	0
 1813 007d 0C       		.uleb128 0xc
 1814 007e 35       		.uleb128 0x35
 1815 007f 00       		.byte	0
 1816 0080 49       		.uleb128 0x49
 1817 0081 13       		.uleb128 0x13
 1818 0082 00       		.byte	0
 1819 0083 00       		.byte	0
 1820 0084 0D       		.uleb128 0xd
 1821 0085 13       		.uleb128 0x13
 1822 0086 01       		.byte	0x1
 1823 0087 03       		.uleb128 0x3
 1824 0088 08       		.uleb128 0x8
 1825 0089 0B       		.uleb128 0xb
 1826 008a 0B       		.uleb128 0xb
 1827 008b 3A       		.uleb128 0x3a
 1828 008c 0B       		.uleb128 0xb
 1829 008d 3B       		.uleb128 0x3b
 1830 008e 05       		.uleb128 0x5
 1831 008f 01       		.uleb128 0x1
 1832 0090 13       		.uleb128 0x13
 1833 0091 00       		.byte	0
 1834 0092 00       		.byte	0
 1835 0093 0E       		.uleb128 0xe
 1836 0094 0D       		.uleb128 0xd
 1837 0095 00       		.byte	0
 1838 0096 03       		.uleb128 0x3
 1839 0097 08       		.uleb128 0x8
 1840 0098 3A       		.uleb128 0x3a
 1841 0099 0B       		.uleb128 0xb
 1842 009a 3B       		.uleb128 0x3b
 1843 009b 05       		.uleb128 0x5
 1844 009c 49       		.uleb128 0x49
 1845 009d 13       		.uleb128 0x13
 1846 009e 38       		.uleb128 0x38
 1847 009f 0A       		.uleb128 0xa
 1848 00a0 00       		.byte	0
 1849 00a1 00       		.byte	0
 1850 00a2 0F       		.uleb128 0xf
 1851 00a3 0D       		.uleb128 0xd
 1852 00a4 00       		.byte	0
 1853 00a5 03       		.uleb128 0x3
GAS Infineon TriCore Little Endian C:\\Users\\user1\\AppData\\Local\\Temp\\rta_RTAOS_638388406317960277_1736001\\cczKPVEk.s 			page 41


 1854 00a6 0E       		.uleb128 0xe
 1855 00a7 3A       		.uleb128 0x3a
 1856 00a8 0B       		.uleb128 0xb
 1857 00a9 3B       		.uleb128 0x3b
 1858 00aa 05       		.uleb128 0x5
 1859 00ab 49       		.uleb128 0x49
 1860 00ac 13       		.uleb128 0x13
 1861 00ad 38       		.uleb128 0x38
 1862 00ae 0A       		.uleb128 0xa
 1863 00af 00       		.byte	0
 1864 00b0 00       		.byte	0
 1865 00b1 10       		.uleb128 0x10
 1866 00b2 17       		.uleb128 0x17
 1867 00b3 01       		.byte	0x1
 1868 00b4 0B       		.uleb128 0xb
 1869 00b5 0B       		.uleb128 0xb
 1870 00b6 3A       		.uleb128 0x3a
 1871 00b7 0B       		.uleb128 0xb
 1872 00b8 3B       		.uleb128 0x3b
 1873 00b9 05       		.uleb128 0x5
 1874 00ba 01       		.uleb128 0x1
 1875 00bb 13       		.uleb128 0x13
 1876 00bc 00       		.byte	0
 1877 00bd 00       		.byte	0
 1878 00be 11       		.uleb128 0x11
 1879 00bf 0D       		.uleb128 0xd
 1880 00c0 00       		.byte	0
 1881 00c1 03       		.uleb128 0x3
 1882 00c2 08       		.uleb128 0x8
 1883 00c3 3A       		.uleb128 0x3a
 1884 00c4 0B       		.uleb128 0xb
 1885 00c5 3B       		.uleb128 0x3b
 1886 00c6 05       		.uleb128 0x5
 1887 00c7 49       		.uleb128 0x49
 1888 00c8 13       		.uleb128 0x13
 1889 00c9 00       		.byte	0
 1890 00ca 00       		.byte	0
 1891 00cb 12       		.uleb128 0x12
 1892 00cc 0D       		.uleb128 0xd
 1893 00cd 00       		.byte	0
 1894 00ce 03       		.uleb128 0x3
 1895 00cf 0E       		.uleb128 0xe
 1896 00d0 3A       		.uleb128 0x3a
 1897 00d1 0B       		.uleb128 0xb
 1898 00d2 3B       		.uleb128 0x3b
 1899 00d3 05       		.uleb128 0x5
 1900 00d4 49       		.uleb128 0x49
 1901 00d5 13       		.uleb128 0x13
 1902 00d6 00       		.byte	0
 1903 00d7 00       		.byte	0
 1904 00d8 13       		.uleb128 0x13
 1905 00d9 13       		.uleb128 0x13
 1906 00da 01       		.byte	0x1
 1907 00db 0B       		.uleb128 0xb
 1908 00dc 0B       		.uleb128 0xb
 1909 00dd 3A       		.uleb128 0x3a
 1910 00de 0B       		.uleb128 0xb
GAS Infineon TriCore Little Endian C:\\Users\\user1\\AppData\\Local\\Temp\\rta_RTAOS_638388406317960277_1736001\\cczKPVEk.s 			page 42


 1911 00df 3B       		.uleb128 0x3b
 1912 00e0 05       		.uleb128 0x5
 1913 00e1 01       		.uleb128 0x1
 1914 00e2 13       		.uleb128 0x13
 1915 00e3 00       		.byte	0
 1916 00e4 00       		.byte	0
 1917 00e5 14       		.uleb128 0x14
 1918 00e6 2E       		.uleb128 0x2e
 1919 00e7 01       		.byte	0x1
 1920 00e8 3F       		.uleb128 0x3f
 1921 00e9 0C       		.uleb128 0xc
 1922 00ea 03       		.uleb128 0x3
 1923 00eb 08       		.uleb128 0x8
 1924 00ec 3A       		.uleb128 0x3a
 1925 00ed 0B       		.uleb128 0xb
 1926 00ee 3B       		.uleb128 0x3b
 1927 00ef 05       		.uleb128 0x5
 1928 00f0 27       		.uleb128 0x27
 1929 00f1 0C       		.uleb128 0xc
 1930 00f2 49       		.uleb128 0x49
 1931 00f3 13       		.uleb128 0x13
 1932 00f4 11       		.uleb128 0x11
 1933 00f5 01       		.uleb128 0x1
 1934 00f6 12       		.uleb128 0x12
 1935 00f7 01       		.uleb128 0x1
 1936 00f8 40       		.uleb128 0x40
 1937 00f9 06       		.uleb128 0x6
 1938 00fa 9742     		.uleb128 0x2117
 1939 00fc 0C       		.uleb128 0xc
 1940 00fd 01       		.uleb128 0x1
 1941 00fe 13       		.uleb128 0x13
 1942 00ff 00       		.byte	0
 1943 0100 00       		.byte	0
 1944 0101 15       		.uleb128 0x15
 1945 0102 05       		.uleb128 0x5
 1946 0103 00       		.byte	0
 1947 0104 03       		.uleb128 0x3
 1948 0105 08       		.uleb128 0x8
 1949 0106 3A       		.uleb128 0x3a
 1950 0107 0B       		.uleb128 0xb
 1951 0108 3B       		.uleb128 0x3b
 1952 0109 05       		.uleb128 0x5
 1953 010a 49       		.uleb128 0x49
 1954 010b 13       		.uleb128 0x13
 1955 010c 02       		.uleb128 0x2
 1956 010d 06       		.uleb128 0x6
 1957 010e 00       		.byte	0
 1958 010f 00       		.byte	0
 1959 0110 16       		.uleb128 0x16
 1960 0111 34       		.uleb128 0x34
 1961 0112 00       		.byte	0
 1962 0113 03       		.uleb128 0x3
 1963 0114 08       		.uleb128 0x8
 1964 0115 3A       		.uleb128 0x3a
 1965 0116 0B       		.uleb128 0xb
 1966 0117 3B       		.uleb128 0x3b
 1967 0118 05       		.uleb128 0x5
GAS Infineon TriCore Little Endian C:\\Users\\user1\\AppData\\Local\\Temp\\rta_RTAOS_638388406317960277_1736001\\cczKPVEk.s 			page 43


 1968 0119 49       		.uleb128 0x49
 1969 011a 13       		.uleb128 0x13
 1970 011b 02       		.uleb128 0x2
 1971 011c 06       		.uleb128 0x6
 1972 011d 00       		.byte	0
 1973 011e 00       		.byte	0
 1974 011f 17       		.uleb128 0x17
 1975 0120 34       		.uleb128 0x34
 1976 0121 00       		.byte	0
 1977 0122 03       		.uleb128 0x3
 1978 0123 08       		.uleb128 0x8
 1979 0124 3A       		.uleb128 0x3a
 1980 0125 0B       		.uleb128 0xb
 1981 0126 3B       		.uleb128 0x3b
 1982 0127 05       		.uleb128 0x5
 1983 0128 49       		.uleb128 0x49
 1984 0129 13       		.uleb128 0x13
 1985 012a 02       		.uleb128 0x2
 1986 012b 0A       		.uleb128 0xa
 1987 012c 00       		.byte	0
 1988 012d 00       		.byte	0
 1989 012e 18       		.uleb128 0x18
 1990 012f 34       		.uleb128 0x34
 1991 0130 00       		.byte	0
 1992 0131 03       		.uleb128 0x3
 1993 0132 08       		.uleb128 0x8
 1994 0133 3A       		.uleb128 0x3a
 1995 0134 0B       		.uleb128 0xb
 1996 0135 3B       		.uleb128 0x3b
 1997 0136 05       		.uleb128 0x5
 1998 0137 49       		.uleb128 0x49
 1999 0138 13       		.uleb128 0x13
 2000 0139 00       		.byte	0
 2001 013a 00       		.byte	0
 2002 013b 19       		.uleb128 0x19
 2003 013c 0A       		.uleb128 0xa
 2004 013d 00       		.byte	0
 2005 013e 03       		.uleb128 0x3
 2006 013f 08       		.uleb128 0x8
 2007 0140 3A       		.uleb128 0x3a
 2008 0141 0B       		.uleb128 0xb
 2009 0142 3B       		.uleb128 0x3b
 2010 0143 05       		.uleb128 0x5
 2011 0144 11       		.uleb128 0x11
 2012 0145 01       		.uleb128 0x1
 2013 0146 00       		.byte	0
 2014 0147 00       		.byte	0
 2015 0148 1A       		.uleb128 0x1a
 2016 0149 0B       		.uleb128 0xb
 2017 014a 01       		.byte	0x1
 2018 014b 11       		.uleb128 0x11
 2019 014c 01       		.uleb128 0x1
 2020 014d 12       		.uleb128 0x12
 2021 014e 01       		.uleb128 0x1
 2022 014f 01       		.uleb128 0x1
 2023 0150 13       		.uleb128 0x13
 2024 0151 00       		.byte	0
GAS Infineon TriCore Little Endian C:\\Users\\user1\\AppData\\Local\\Temp\\rta_RTAOS_638388406317960277_1736001\\cczKPVEk.s 			page 44


 2025 0152 00       		.byte	0
 2026 0153 1B       		.uleb128 0x1b
 2027 0154 34       		.uleb128 0x34
 2028 0155 00       		.byte	0
 2029 0156 03       		.uleb128 0x3
 2030 0157 08       		.uleb128 0x8
 2031 0158 3A       		.uleb128 0x3a
 2032 0159 0B       		.uleb128 0xb
 2033 015a 3B       		.uleb128 0x3b
 2034 015b 05       		.uleb128 0x5
 2035 015c 49       		.uleb128 0x49
 2036 015d 13       		.uleb128 0x13
 2037 015e 1C       		.uleb128 0x1c
 2038 015f 05       		.uleb128 0x5
 2039 0160 00       		.byte	0
 2040 0161 00       		.byte	0
 2041 0162 1C       		.uleb128 0x1c
 2042 0163 898201   		.uleb128 0x4109
 2043 0166 01       		.byte	0x1
 2044 0167 11       		.uleb128 0x11
 2045 0168 01       		.uleb128 0x1
 2046 0169 31       		.uleb128 0x31
 2047 016a 13       		.uleb128 0x13
 2048 016b 01       		.uleb128 0x1
 2049 016c 13       		.uleb128 0x13
 2050 016d 00       		.byte	0
 2051 016e 00       		.byte	0
 2052 016f 1D       		.uleb128 0x1d
 2053 0170 8A8201   		.uleb128 0x410a
 2054 0173 00       		.byte	0
 2055 0174 02       		.uleb128 0x2
 2056 0175 0A       		.uleb128 0xa
 2057 0176 9142     		.uleb128 0x2111
 2058 0178 0A       		.uleb128 0xa
 2059 0179 00       		.byte	0
 2060 017a 00       		.byte	0
 2061 017b 1E       		.uleb128 0x1e
 2062 017c 898201   		.uleb128 0x4109
 2063 017f 01       		.byte	0x1
 2064 0180 11       		.uleb128 0x11
 2065 0181 01       		.uleb128 0x1
 2066 0182 31       		.uleb128 0x31
 2067 0183 13       		.uleb128 0x13
 2068 0184 00       		.byte	0
 2069 0185 00       		.byte	0
 2070 0186 1F       		.uleb128 0x1f
 2071 0187 21       		.uleb128 0x21
 2072 0188 00       		.byte	0
 2073 0189 00       		.byte	0
 2074 018a 00       		.byte	0
 2075 018b 20       		.uleb128 0x20
 2076 018c 34       		.uleb128 0x34
 2077 018d 00       		.byte	0
 2078 018e 03       		.uleb128 0x3
 2079 018f 08       		.uleb128 0x8
 2080 0190 3A       		.uleb128 0x3a
 2081 0191 0B       		.uleb128 0xb
GAS Infineon TriCore Little Endian C:\\Users\\user1\\AppData\\Local\\Temp\\rta_RTAOS_638388406317960277_1736001\\cczKPVEk.s 			page 45


 2082 0192 3B       		.uleb128 0x3b
 2083 0193 05       		.uleb128 0x5
 2084 0194 49       		.uleb128 0x49
 2085 0195 13       		.uleb128 0x13
 2086 0196 3F       		.uleb128 0x3f
 2087 0197 0C       		.uleb128 0xc
 2088 0198 3C       		.uleb128 0x3c
 2089 0199 0C       		.uleb128 0xc
 2090 019a 00       		.byte	0
 2091 019b 00       		.byte	0
 2092 019c 21       		.uleb128 0x21
 2093 019d 2E       		.uleb128 0x2e
 2094 019e 01       		.byte	0x1
 2095 019f 3F       		.uleb128 0x3f
 2096 01a0 0C       		.uleb128 0xc
 2097 01a1 03       		.uleb128 0x3
 2098 01a2 08       		.uleb128 0x8
 2099 01a3 3A       		.uleb128 0x3a
 2100 01a4 0B       		.uleb128 0xb
 2101 01a5 3B       		.uleb128 0x3b
 2102 01a6 05       		.uleb128 0x5
 2103 01a7 27       		.uleb128 0x27
 2104 01a8 0C       		.uleb128 0xc
 2105 01a9 49       		.uleb128 0x49
 2106 01aa 13       		.uleb128 0x13
 2107 01ab 3C       		.uleb128 0x3c
 2108 01ac 0C       		.uleb128 0xc
 2109 01ad 01       		.uleb128 0x1
 2110 01ae 13       		.uleb128 0x13
 2111 01af 00       		.byte	0
 2112 01b0 00       		.byte	0
 2113 01b1 22       		.uleb128 0x22
 2114 01b2 05       		.uleb128 0x5
 2115 01b3 00       		.byte	0
 2116 01b4 49       		.uleb128 0x49
 2117 01b5 13       		.uleb128 0x13
 2118 01b6 00       		.byte	0
 2119 01b7 00       		.byte	0
 2120 01b8 23       		.uleb128 0x23
 2121 01b9 2E       		.uleb128 0x2e
 2122 01ba 01       		.byte	0x1
 2123 01bb 3F       		.uleb128 0x3f
 2124 01bc 0C       		.uleb128 0xc
 2125 01bd 03       		.uleb128 0x3
 2126 01be 08       		.uleb128 0x8
 2127 01bf 3A       		.uleb128 0x3a
 2128 01c0 0B       		.uleb128 0xb
 2129 01c1 3B       		.uleb128 0x3b
 2130 01c2 05       		.uleb128 0x5
 2131 01c3 27       		.uleb128 0x27
 2132 01c4 0C       		.uleb128 0xc
 2133 01c5 3C       		.uleb128 0x3c
 2134 01c6 0C       		.uleb128 0xc
 2135 01c7 00       		.byte	0
 2136 01c8 00       		.byte	0
 2137 01c9 00       		.byte	0
 2138              	.section .debug_loc,"",@progbits
GAS Infineon TriCore Little Endian C:\\Users\\user1\\AppData\\Local\\Temp\\rta_RTAOS_638388406317960277_1736001\\cczKPVEk.s 			page 46


 2139              	.Ldebug_loc0:
 2140              	.LLST0:
 2141 0000 00000000 		.uaword	.LFB0
 2142 0004 00000000 		.uaword	.LCFI0
 2143 0008 0200     		.uahalf	0x2
 2144 000a 8A       		.byte	0x8a
 2145 000b 00       		.sleb128 0
 2146 000c 00000000 		.uaword	.LCFI0
 2147 0010 00000000 		.uaword	.LFE0
 2148 0014 0200     		.uahalf	0x2
 2149 0016 8A       		.byte	0x8a
 2150 0017 08       		.sleb128 8
 2151 0018 00000000 		.uaword	0
 2152 001c 00000000 		.uaword	0
 2153              	.LLST1:
 2154 0020 00000000 		.uaword	.LVL0
 2155 0024 00000000 		.uaword	.LVL8
 2156 0028 0100     		.uahalf	0x1
 2157 002a 64       		.byte	0x64
 2158 002b 00000000 		.uaword	.LVL8
 2159 002f 00000000 		.uaword	.LFE0
 2160 0033 0100     		.uahalf	0x1
 2161 0035 6F       		.byte	0x6f
 2162 0036 00000000 		.uaword	0
 2163 003a 00000000 		.uaword	0
 2164              	.LLST2:
 2165 003e 00000000 		.uaword	.LVL0
 2166 0042 00000000 		.uaword	.LVL9-1
 2167 0046 0100     		.uahalf	0x1
 2168 0048 65       		.byte	0x65
 2169 0049 00000000 		.uaword	.LVL9-1
 2170 004d 00000000 		.uaword	.LFE0
 2171 0051 0100     		.uahalf	0x1
 2172 0053 6C       		.byte	0x6c
 2173 0054 00000000 		.uaword	0
 2174 0058 00000000 		.uaword	0
 2175              	.LLST3:
 2176 005c 00000000 		.uaword	.LVL0
 2177 0060 00000000 		.uaword	.LVL11
 2178 0064 0200     		.uahalf	0x2
 2179 0066 30       		.byte	0x30
 2180 0067 9F       		.byte	0x9f
 2181 0068 00000000 		.uaword	.LVL11
 2182 006c 00000000 		.uaword	.LVL13
 2183 0070 0100     		.uahalf	0x1
 2184 0072 5F       		.byte	0x5f
 2185 0073 00000000 		.uaword	.LVL13
 2186 0077 00000000 		.uaword	.LFE0
 2187 007b 0200     		.uahalf	0x2
 2188 007d 30       		.byte	0x30
 2189 007e 9F       		.byte	0x9f
 2190 007f 00000000 		.uaword	0
 2191 0083 00000000 		.uaword	0
 2192              	.LLST4:
 2193 0087 00000000 		.uaword	.LVL4
 2194 008b 00000000 		.uaword	.LVL7
 2195 008f 0100     		.uahalf	0x1
GAS Infineon TriCore Little Endian C:\\Users\\user1\\AppData\\Local\\Temp\\rta_RTAOS_638388406317960277_1736001\\cczKPVEk.s 			page 47


 2196 0091 5F       		.byte	0x5f
 2197 0092 00000000 		.uaword	0
 2198 0096 00000000 		.uaword	0
 2199              	.LLST5:
 2200 009a 00000000 		.uaword	.LVL1
 2201 009e 00000000 		.uaword	.LVL4
 2202 00a2 0100     		.uahalf	0x1
 2203 00a4 5F       		.byte	0x5f
 2204 00a5 00000000 		.uaword	0
 2205 00a9 00000000 		.uaword	0
 2206              	.LLST7:
 2207 00ad 00000000 		.uaword	.LVL12
 2208 00b1 00000000 		.uaword	.LVL13
 2209 00b5 0100     		.uahalf	0x1
 2210 00b7 58       		.byte	0x58
 2211 00b8 00000000 		.uaword	0
 2212 00bc 00000000 		.uaword	0
 2213              	.section .debug_aranges,"",@progbits
 2214 0000 1C000000 		.uaword	0x1c
 2215 0004 0200     		.uahalf	0x2
 2216 0006 00000000 		.uaword	.Ldebug_info0
 2217 000a 04       		.byte	0x4
 2218 000b 00       		.byte	0
 2219 000c 0000     		.uahalf	0
 2220 000e 0000     		.uahalf	0
 2221 0010 00000000 		.uaword	.LFB0
 2222 0014 A2000000 		.uaword	.LFE0-.LFB0
 2223 0018 00000000 		.uaword	0
 2224 001c 00000000 		.uaword	0
 2225              	.section .debug_ranges,"",@progbits
 2226              	.Ldebug_ranges0:
 2227 0000 00000000 		.uaword	.LFB0
 2228 0004 00000000 		.uaword	.LFE0
 2229 0008 00000000 		.uaword	0
 2230 000c 00000000 		.uaword	0
 2231              	.section .debug_line,"",@progbits
 2232              	.Ldebug_line0:
 2233 0000 51010000 	.section .debug_str,"",@progbits
 2233      02001B01 
 2233      00000201 
 2233      FB0E0D00 
 2233      01010101 
 2234              	.LASF4:
 2235 0000 6170706C 		.string	"application"
 2235      69636174 
 2235      696F6E00 
 2236              	.LASF2:
 2237 000c 64796E61 		.string	"dynamic"
 2237      6D696300 
 2238              	.LASF5:
 2239 0014 61637469 		.string	"activation_count"
 2239      76617469 
 2239      6F6E5F63 
 2239      6F756E74 
 2239      00
 2240              	.LASF6:
 2241 0025 74706D61 		.string	"tpmask"
GAS Infineon TriCore Little Endian C:\\Users\\user1\\AppData\\Local\\Temp\\rta_RTAOS_638388406317960277_1736001\\cczKPVEk.s 			page 48


 2241      736B00
 2242              	.LASF1:
 2243 002c 656E7472 		.string	"entry_function"
 2243      795F6675 
 2243      6E637469 
 2243      6F6E00
 2244              	.LASF3:
 2245 003b 61636365 		.string	"access"
 2245      737300
 2246              	.LASF0:
 2247 0042 7265736F 		.string	"resource_count"
 2247      75726365 
 2247      5F636F75 
 2247      6E7400
 2248              		.extern	Os_ErrorLog,STT_FUNC,0
 2249              		.extern	Os_Cbk_CheckMemoryAccess,STT_FUNC,0
 2250              		.extern	Os_IsTaskValid,STT_FUNC,0
 2251              		.extern	Os_const_coreconfiguration,STT_OBJECT,-1
 2252              		.ident	"GCC: (HighTec Release HDP-v4.9.4.1-11fcedf) 4.9.4 build on 2020-09-01"
