GAS Infineon TriCore Little Endian C:\\Users\\user1\\AppData\\Local\\Temp\\rta_RTAOS_638388406317960277_1736001\\cclxJv7A.s 			page 1


   1              		.file	"GetTaskMaxExecutionTime.c"
   2              	.section .text,"ax",@progbits
   3              	.Ltext0:
   4              	.section .text.Os_GetTaskMaxExecutionTime,"ax",@progbits
   5              		.align 1
   6              		.global	Os_GetTaskMaxExecutionTime
   7              		.type	Os_GetTaskMaxExecutionTime, @function
   8              	Os_GetTaskMaxExecutionTime:
   9              	.LFB0:
  10              		.file 1 "C:\\Users\\user1\\AppData\\Local\\Temp\\rta_RTAOS_638388406317960277_1736001\\GetTaskMaxE
  11              		.loc 1 1368 0
  12              	.LVL0:
  13              		.loc 1 1368 0
  14 0000 404F     		mov.aa	%a15, %a4
  15              	.LBB2:
  16              		.loc 1 1371 0
  17              	#APP
  18              		# 1371 "C:\Users\user1\AppData\Local\Temp\rta_RTAOS_638388406317960277_1736001\GetTaskMaxExecution
  19 0002 4DC0E1FF 		mfcr %d15,0xfe1c
  20              		# 0 "" 2
  21              	.LVL1:
  22              	#NO_APP
  23              	.LBE2:
  24              		.loc 1 1372 0
  25 0006 91000020 		movh.a	%a2, hi:Os_const_coreconfiguration
  26 000a 8023     		mov.d	%d3, %a2
  27 000c 1B030020 		addi	%d2, %d3, lo:Os_const_coreconfiguration
  28 0010 138F2132 		madd	%d3, %d2, %d15, 24
  29 0014 6032     		mov.a	%a2, %d3
  30 0016 992C0400 		ld.a	%a12, [%a2] 4
  31              	.LVL2:
  32              	.LBB3:
  33              		.loc 1 1373 0
  34              	#APP
  35              		# 1373 "C:\Users\user1\AppData\Local\Temp\rta_RTAOS_638388406317960277_1736001\GetTaskMaxExecution
  36 001a 4D40E0FF 		mfcr %d15,0xfe04
  37              		# 0 "" 2
  38              	.LVL3:
  39              	#NO_APP
  40              	.LBE3:
  41              		.loc 1 1374 0
  42 001e AEB3     		jnz.t	%d15, 11, .L2
  43              		.loc 1 1374 0 is_stmt 0 discriminator 1
  44              	#APP
  45              		# 1374 "C:\Users\user1\AppData\Local\Temp\rta_RTAOS_638388406317960277_1736001\GetTaskMaxExecution
  46 0020 AD008000 		syscall 0
  47              		# 0 "" 2
  48              	#NO_APP
  49              	.L2:
  50              	.LBB4:
  51              		.loc 1 1375 0 is_stmt 1
  52              	#APP
  53              		# 1375 "C:\Users\user1\AppData\Local\Temp\rta_RTAOS_638388406317960277_1736001\GetTaskMaxExecution
  54 0024 4DC0E2FF 		mfcr %d15,0xFE2C
  55              		# 0 "" 2
  56              	.LVL4:
  57              	#NO_APP
GAS Infineon TriCore Little Endian C:\\Users\\user1\\AppData\\Local\\Temp\\rta_RTAOS_638388406317960277_1736001\\cclxJv7A.s 			page 2


  58              	.LBE4:
  59              	#APP
  60              		# 1375 "C:\Users\user1\AppData\Local\Temp\rta_RTAOS_638388406317960277_1736001\GetTaskMaxExecution
  61 0028 0D004003 		disable
  62              		# 0 "" 2
  63              	.LVL5:
  64              	#NO_APP
  65              	.LBB5:
  66 002c BBF00F28 		mov.u	%d2, 33023
  67              	#APP
  68              		# 1375 "C:\Users\user1\AppData\Local\Temp\rta_RTAOS_638388406317960277_1736001\GetTaskMaxExecution
  69 0030 CDC2E20F 		mtcr 0xFE2C,%d2
  70              		# 0 "" 2
  71              	#NO_APP
  72              	.LBE5:
  73              	#APP
  74              		# 1375 "C:\Users\user1\AppData\Local\Temp\rta_RTAOS_638388406317960277_1736001\GetTaskMaxExecution
  75 0034 0D00C004 		isync
  76              		# 0 "" 2
  77              		.loc 1 1376 0
  78              	#NO_APP
  79 0038 3B700420 		mov	%d2, 71
  80 003c E9C21800 		st.b	[%a12] 24, %d2
  81              		.loc 1 1378 0
  82 0040 40F4     		mov.aa	%a4, %a15
  83              	.LVL6:
  84 0042 6D000000 		call	Os_IsTaskValid
****  Notice:Expanding call-R -> call-O
  85              	.LVL7:
  86 0046 8203     		mov	%d3, 0
  87 0048 7624     		jz	%d2, .L3
  88              		.loc 1 1378 0 is_stmt 0 discriminator 1
  89 004a C80F     		ld.a	%a15, [%a15]0
  90              	.LVL8:
  91 004c 19F31010 		ld.w	%d3, [%a15] 80
  92              	.L3:
  93              	.LVL9:
  94              	.LBB6:
  95              		.loc 1 1379 0 is_stmt 1 discriminator 4
  96              	#APP
  97              		# 1379 "C:\Users\user1\AppData\Local\Temp\rta_RTAOS_638388406317960277_1736001\GetTaskMaxExecution
  98 0050 CDCFE20F 		mtcr 0xFE2C,%d15
  99              		# 0 "" 2
 100              	#NO_APP
 101              	.LBE6:
 102              	#APP
 103              		# 1379 "C:\Users\user1\AppData\Local\Temp\rta_RTAOS_638388406317960277_1736001\GetTaskMaxExecution
 104 0054 0D00C004 		isync
 105              		# 0 "" 2
 106              		.loc 1 1380 0 discriminator 4
 107              	#NO_APP
 108 0058 DA46     		mov	%d15, 70
 109              	.LVL10:
 110 005a E9CF1800 		st.b	[%a12] 24, %d15
 111              		.loc 1 1383 0 discriminator 4
 112 005e 0232     		mov	%d2, %d3
 113 0060 0090     		ret
GAS Infineon TriCore Little Endian C:\\Users\\user1\\AppData\\Local\\Temp\\rta_RTAOS_638388406317960277_1736001\\cclxJv7A.s 			page 3


 114              	.LFE0:
 115              		.size	Os_GetTaskMaxExecutionTime, .-Os_GetTaskMaxExecutionTime
 116              	.section .debug_frame,"",@progbits
 117              	.Lframe0:
 118 0000 0C000000 		.uaword	.LECIE0-.LSCIE0
 119              	.LSCIE0:
 120 0004 FFFFFFFF 		.uaword	0xffffffff
 121 0008 01       		.byte	0x1
 122 0009 00       		.string	""
 123 000a 01       		.uleb128 0x1
 124 000b 01       		.sleb128 1
 125 000c 1B       		.byte	0x1b
 126 000d 0C       		.byte	0xc
 127 000e 1A       		.uleb128 0x1a
 128 000f 00       		.uleb128 0
 129              		.align 2
 130              	.LECIE0:
 131              	.LSFDE0:
 132 0010 0C000000 		.uaword	.LEFDE0-.LASFDE0
 133              	.LASFDE0:
 134 0014 00000000 		.uaword	.Lframe0
 135 0018 00000000 		.uaword	.LFB0
 136 001c 62000000 		.uaword	.LFE0-.LFB0
 137              		.align 2
 138              	.LEFDE0:
 139              	.section .text,"ax",@progbits
 140              	.Letext0:
 141              		.file 2 "D:\\home\\user123\\user\\Mohan6_VectorSIP\\21Dec23\\15Dec23_CAN_merge_21stDec\\25_Softwar
 142              		.file 3 "D:\\home\\user123\\user\\Mohan6_VectorSIP\\21Dec23\\15Dec23_CAN_merge_21stDec\\25_Softwar
 143              	.section .debug_info,"",@progbits
 144              	.Ldebug_info0:
 145 0000 96110000 		.uaword	0x1196
 146 0004 0200     		.uahalf	0x2
 147 0006 00000000 		.uaword	.Ldebug_abbrev0
 148 000a 04       		.byte	0x4
 149 000b 01       		.uleb128 0x1
 150 000c 474E5520 		.ascii	"GNU C 4."
 150      4320342E 
 151 0014 392E3420 		.string	"9.4 build on 2020-09-01 -mlicense-dir=c:\\hightec\\toolchains\\tricore\\v4.9.4.1\\bin\\..
 151      6275696C 
 151      64206F6E 
 151      20323032 
 151      302D3039 
 152 0115 01       		.byte	0x1
 153 0116 433A5C55 		.string	"C:\\Users\\user1\\AppData\\Local\\Temp\\rta_RTAOS_638388406317960277_1736001\\GetTaskMaxE
 153      73657273 
 153      5C757365 
 153      72315C41 
 153      70704461 
 154 0177 00000000 		.uaword	.Ldebug_ranges0+0
 155 017b 00000000 		.uaword	0
 156 017f 00000000 		.uaword	0
 157 0183 00000000 		.uaword	.Ldebug_line0
 158 0187 02       		.uleb128 0x2
 159 0188 75696E74 		.string	"uint8"
 159      3800
 160 018e 02       		.byte	0x2
GAS Infineon TriCore Little Endian C:\\Users\\user1\\AppData\\Local\\Temp\\rta_RTAOS_638388406317960277_1736001\\cclxJv7A.s 			page 4


 161 018f 34       		.byte	0x34
 162 0190 94010000 		.uaword	0x194
 163 0194 03       		.uleb128 0x3
 164 0195 01       		.byte	0x1
 165 0196 08       		.byte	0x8
 166 0197 756E7369 		.string	"unsigned char"
 166      676E6564 
 166      20636861 
 166      7200
 167 01a5 02       		.uleb128 0x2
 168 01a6 75696E74 		.string	"uint16"
 168      313600
 169 01ad 02       		.byte	0x2
 170 01ae 35       		.byte	0x35
 171 01af B3010000 		.uaword	0x1b3
 172 01b3 03       		.uleb128 0x3
 173 01b4 02       		.byte	0x2
 174 01b5 07       		.byte	0x7
 175 01b6 73686F72 		.string	"short unsigned int"
 175      7420756E 
 175      7369676E 
 175      65642069 
 175      6E7400
 176 01c9 02       		.uleb128 0x2
 177 01ca 75696E74 		.string	"uint32"
 177      333200
 178 01d1 02       		.byte	0x2
 179 01d2 36       		.byte	0x36
 180 01d3 D7010000 		.uaword	0x1d7
 181 01d7 03       		.uleb128 0x3
 182 01d8 04       		.byte	0x4
 183 01d9 07       		.byte	0x7
 184 01da 756E7369 		.string	"unsigned int"
 184      676E6564 
 184      20696E74 
 184      00
 185 01e7 03       		.uleb128 0x3
 186 01e8 01       		.byte	0x1
 187 01e9 06       		.byte	0x6
 188 01ea 7369676E 		.string	"signed char"
 188      65642063 
 188      68617200 
 189 01f6 03       		.uleb128 0x3
 190 01f7 02       		.byte	0x2
 191 01f8 05       		.byte	0x5
 192 01f9 73686F72 		.string	"short int"
 192      7420696E 
 192      7400
 193 0203 03       		.uleb128 0x3
 194 0204 04       		.byte	0x4
 195 0205 05       		.byte	0x5
 196 0206 696E7400 		.string	"int"
 197 020a 03       		.uleb128 0x3
 198 020b 04       		.byte	0x4
 199 020c 04       		.byte	0x4
 200 020d 666C6F61 		.string	"float"
 200      7400
GAS Infineon TriCore Little Endian C:\\Users\\user1\\AppData\\Local\\Temp\\rta_RTAOS_638388406317960277_1736001\\cclxJv7A.s 			page 5


 201 0213 03       		.uleb128 0x3
 202 0214 08       		.byte	0x8
 203 0215 04       		.byte	0x4
 204 0216 646F7562 		.string	"double"
 204      6C6500
 205 021d 03       		.uleb128 0x3
 206 021e 08       		.byte	0x8
 207 021f 05       		.byte	0x5
 208 0220 6C6F6E67 		.string	"long long int"
 208      206C6F6E 
 208      6720696E 
 208      7400
 209 022e 03       		.uleb128 0x3
 210 022f 08       		.byte	0x8
 211 0230 07       		.byte	0x7
 212 0231 6C6F6E67 		.string	"long long unsigned int"
 212      206C6F6E 
 212      6720756E 
 212      7369676E 
 212      65642069 
 213 0248 02       		.uleb128 0x2
 214 0249 626F6F6C 		.string	"boolean"
 214      65616E00 
 215 0251 02       		.byte	0x2
 216 0252 49       		.byte	0x49
 217 0253 94010000 		.uaword	0x194
 218 0257 02       		.uleb128 0x2
 219 0258 53746174 		.string	"StatusType"
 219      75735479 
 219      706500
 220 0263 03       		.byte	0x3
 221 0264 28       		.byte	0x28
 222 0265 94010000 		.uaword	0x194
 223 0269 04       		.uleb128 0x4
 224 026a 08       		.byte	0x8
 225 026b 01       		.byte	0x1
 226 026c 7D       		.byte	0x7d
 227 026d A8020000 		.uaword	0x2a8
 228 0271 05       		.uleb128 0x5
 229 0272 436C6173 		.string	"Class"
 229      7300
 230 0278 01       		.byte	0x1
 231 0279 7E       		.byte	0x7e
 232 027a 87010000 		.uaword	0x187
 233 027e 02       		.byte	0x2
 234 027f 23       		.byte	0x23
 235 0280 00       		.uleb128 0
 236 0281 05       		.uleb128 0x5
 237 0282 54494E00 		.string	"TIN"
 238 0286 01       		.byte	0x1
 239 0287 7F       		.byte	0x7f
 240 0288 87010000 		.uaword	0x187
 241 028c 02       		.byte	0x2
 242 028d 23       		.byte	0x23
 243 028e 01       		.uleb128 0x1
 244 028f 05       		.uleb128 0x5
 245 0290 52657475 		.string	"ReturnAddress"
GAS Infineon TriCore Little Endian C:\\Users\\user1\\AppData\\Local\\Temp\\rta_RTAOS_638388406317960277_1736001\\cclxJv7A.s 			page 6


 245      726E4164 
 245      64726573 
 245      7300
 246 029e 01       		.byte	0x1
 247 029f 80       		.byte	0x80
 248 02a0 C9010000 		.uaword	0x1c9
 249 02a4 02       		.byte	0x2
 250 02a5 23       		.byte	0x23
 251 02a6 04       		.uleb128 0x4
 252 02a7 00       		.byte	0
 253 02a8 02       		.uleb128 0x2
 254 02a9 4F735472 		.string	"OsTrapInfoType"
 254      6170496E 
 254      666F5479 
 254      706500
 255 02b8 01       		.byte	0x1
 256 02b9 81       		.byte	0x81
 257 02ba 69020000 		.uaword	0x269
 258 02be 02       		.uleb128 0x2
 259 02bf 75696E74 		.string	"uint32_aligned"
 259      33325F61 
 259      6C69676E 
 259      656400
 260 02ce 01       		.byte	0x1
 261 02cf 87       		.byte	0x87
 262 02d0 C9010000 		.uaword	0x1c9
 263 02d4 04       		.uleb128 0x4
 264 02d5 44       		.byte	0x44
 265 02d6 01       		.byte	0x1
 266 02d7 AC       		.byte	0xac
 267 02d8 ED020000 		.uaword	0x2ed
 268 02dc 05       		.uleb128 0x5
 269 02dd 73746F72 		.string	"store"
 269      6500
 270 02e3 01       		.byte	0x1
 271 02e4 AD       		.byte	0xad
 272 02e5 ED020000 		.uaword	0x2ed
 273 02e9 02       		.byte	0x2
 274 02ea 23       		.byte	0x23
 275 02eb 00       		.uleb128 0
 276 02ec 00       		.byte	0
 277 02ed 06       		.uleb128 0x6
 278 02ee C9010000 		.uaword	0x1c9
 279 02f2 FD020000 		.uaword	0x2fd
 280 02f6 07       		.uleb128 0x7
 281 02f7 FD020000 		.uaword	0x2fd
 282 02fb 10       		.byte	0x10
 283 02fc 00       		.byte	0
 284 02fd 03       		.uleb128 0x3
 285 02fe 04       		.byte	0x4
 286 02ff 07       		.byte	0x7
 287 0300 73697A65 		.string	"sizetype"
 287      74797065 
 287      00
 288 0309 02       		.uleb128 0x2
 289 030a 4F735F4A 		.string	"Os_JumpBufType"
 289      756D7042 
GAS Infineon TriCore Little Endian C:\\Users\\user1\\AppData\\Local\\Temp\\rta_RTAOS_638388406317960277_1736001\\cclxJv7A.s 			page 7


 289      75665479 
 289      706500
 290 0319 01       		.byte	0x1
 291 031a AE       		.byte	0xae
 292 031b 1F030000 		.uaword	0x31f
 293 031f 06       		.uleb128 0x6
 294 0320 D4020000 		.uaword	0x2d4
 295 0324 2F030000 		.uaword	0x32f
 296 0328 07       		.uleb128 0x7
 297 0329 FD020000 		.uaword	0x2fd
 298 032d 00       		.byte	0
 299 032e 00       		.byte	0
 300 032f 02       		.uleb128 0x2
 301 0330 4F735F52 		.string	"Os_ResourceCountType"
 301      65736F75 
 301      72636543 
 301      6F756E74 
 301      54797065 
 302 0345 01       		.byte	0x1
 303 0346 BF       		.byte	0xbf
 304 0347 94010000 		.uaword	0x194
 305 034b 02       		.uleb128 0x2
 306 034c 4F735F53 		.string	"Os_StackTraceType"
 306      7461636B 
 306      54726163 
 306      65547970 
 306      6500
 307 035e 01       		.byte	0x1
 308 035f C0       		.byte	0xc0
 309 0360 D7010000 		.uaword	0x1d7
 310 0364 04       		.uleb128 0x4
 311 0365 08       		.byte	0x8
 312 0366 01       		.byte	0x1
 313 0367 C1       		.byte	0xc1
 314 0368 88030000 		.uaword	0x388
 315 036c 05       		.uleb128 0x5
 316 036d 737000   		.string	"sp"
 317 0370 01       		.byte	0x1
 318 0371 C1       		.byte	0xc1
 319 0372 4B030000 		.uaword	0x34b
 320 0376 02       		.byte	0x2
 321 0377 23       		.byte	0x23
 322 0378 00       		.uleb128 0
 323 0379 05       		.uleb128 0x5
 324 037a 63747800 		.string	"ctx"
 325 037e 01       		.byte	0x1
 326 037f C1       		.byte	0xc1
 327 0380 4B030000 		.uaword	0x34b
 328 0384 02       		.byte	0x2
 329 0385 23       		.byte	0x23
 330 0386 04       		.uleb128 0x4
 331 0387 00       		.byte	0
 332 0388 02       		.uleb128 0x2
 333 0389 4F735F53 		.string	"Os_StackValueType"
 333      7461636B 
 333      56616C75 
 333      65547970 
GAS Infineon TriCore Little Endian C:\\Users\\user1\\AppData\\Local\\Temp\\rta_RTAOS_638388406317960277_1736001\\cclxJv7A.s 			page 8


 333      6500
 334 039b 01       		.byte	0x1
 335 039c C1       		.byte	0xc1
 336 039d 64030000 		.uaword	0x364
 337 03a1 02       		.uleb128 0x2
 338 03a2 4F735F53 		.string	"Os_StackSizeType"
 338      7461636B 
 338      53697A65 
 338      54797065 
 338      00
 339 03b3 01       		.byte	0x1
 340 03b4 C2       		.byte	0xc2
 341 03b5 88030000 		.uaword	0x388
 342 03b9 02       		.uleb128 0x2
 343 03ba 4F735F56 		.string	"Os_VoidVoidFunctionType"
 343      6F696456 
 343      6F696446 
 343      756E6374 
 343      696F6E54 
 344 03d2 01       		.byte	0x1
 345 03d3 C8       		.byte	0xc8
 346 03d4 D8030000 		.uaword	0x3d8
 347 03d8 08       		.uleb128 0x8
 348 03d9 04       		.byte	0x4
 349 03da DE030000 		.uaword	0x3de
 350 03de 09       		.uleb128 0x9
 351 03df 01       		.byte	0x1
 352 03e0 02       		.uleb128 0x2
 353 03e1 4170706C 		.string	"ApplicationType"
 353      69636174 
 353      696F6E54 
 353      79706500 
 354 03f1 01       		.byte	0x1
 355 03f2 D6       		.byte	0xd6
 356 03f3 94010000 		.uaword	0x194
 357 03f7 02       		.uleb128 0x2
 358 03f8 4F735F74 		.string	"Os_tmaskType"
 358      6D61736B 
 358      54797065 
 358      00
 359 0405 01       		.byte	0x1
 360 0406 DA       		.byte	0xda
 361 0407 C9010000 		.uaword	0x1c9
 362 040b 02       		.uleb128 0x2
 363 040c 4F735F43 		.string	"Os_CoreStateType"
 363      6F726553 
 363      74617465 
 363      54797065 
 363      00
 364 041d 01       		.byte	0x1
 365 041e E8       		.byte	0xe8
 366 041f C9010000 		.uaword	0x1c9
 367 0423 02       		.uleb128 0x2
 368 0424 4F735F53 		.string	"Os_StopwatchTickType"
 368      746F7077 
 368      61746368 
 368      5469636B 
GAS Infineon TriCore Little Endian C:\\Users\\user1\\AppData\\Local\\Temp\\rta_RTAOS_638388406317960277_1736001\\cclxJv7A.s 			page 9


 368      54797065 
 369 0439 01       		.byte	0x1
 370 043a FE       		.byte	0xfe
 371 043b D7010000 		.uaword	0x1d7
 372 043f 0A       		.uleb128 0xa
 373 0440 4F735F54 		.string	"Os_TerminatorType"
 373      65726D69 
 373      6E61746F 
 373      72547970 
 373      6500
 374 0452 01       		.byte	0x1
 375 0453 0301     		.uahalf	0x103
 376 0455 59040000 		.uaword	0x459
 377 0459 08       		.uleb128 0x8
 378 045a 04       		.byte	0x4
 379 045b 09030000 		.uaword	0x309
 380 045f 0A       		.uleb128 0xa
 381 0460 4F735F4C 		.string	"Os_Lockable"
 381      6F636B61 
 381      626C6500 
 382 046c 01       		.byte	0x1
 383 046d 0801     		.uahalf	0x108
 384 046f BE020000 		.uaword	0x2be
 385 0473 0A       		.uleb128 0xa
 386 0474 436F7265 		.string	"CoreIdType"
 386      49645479 
 386      706500
 387 047f 01       		.byte	0x1
 388 0480 0A01     		.uahalf	0x10a
 389 0482 A5010000 		.uaword	0x1a5
 390 0486 0B       		.uleb128 0xb
 391 0487 5F040000 		.uaword	0x45f
 392 048b 0C       		.uleb128 0xc
 393 048c 4F735F43 		.string	"Os_ControlledCoreType_s"
 393      6F6E7472 
 393      6F6C6C65 
 393      64436F72 
 393      65547970 
 394 04a4 58       		.byte	0x58
 395 04a5 01       		.byte	0x1
 396 04a6 1104     		.uahalf	0x411
 397 04a8 89060000 		.uaword	0x689
 398 04ac 0D       		.uleb128 0xd
 399 04ad 54726170 		.string	"TrapInfo"
 399      496E666F 
 399      00
 400 04b6 01       		.byte	0x1
 401 04b7 1204     		.uahalf	0x412
 402 04b9 A8020000 		.uaword	0x2a8
 403 04bd 02       		.byte	0x2
 404 04be 23       		.byte	0x23
 405 04bf 00       		.uleb128 0
 406 04c0 0D       		.uleb128 0xd
 407 04c1 4572726F 		.string	"ErrorInformation"
 407      72496E66 
 407      6F726D61 
 407      74696F6E 
GAS Infineon TriCore Little Endian C:\\Users\\user1\\AppData\\Local\\Temp\\rta_RTAOS_638388406317960277_1736001\\cclxJv7A.s 			page 10


 407      00
 408 04d2 01       		.byte	0x1
 409 04d3 1304     		.uahalf	0x413
 410 04d5 1C0D0000 		.uaword	0xd1c
 411 04d9 02       		.byte	0x2
 412 04da 23       		.byte	0x23
 413 04db 08       		.uleb128 0x8
 414 04dc 0D       		.uleb128 0xd
 415 04dd 6C6F636B 		.string	"lock_taskaccess"
 415      5F746173 
 415      6B616363 
 415      65737300 
 416 04ed 01       		.byte	0x1
 417 04ee 1404     		.uahalf	0x414
 418 04f0 86040000 		.uaword	0x486
 419 04f4 02       		.byte	0x2
 420 04f5 23       		.byte	0x23
 421 04f6 18       		.uleb128 0x18
 422 04f7 0D       		.uleb128 0xd
 423 04f8 52656164 		.string	"ReadyTasks"
 423      79546173 
 423      6B7300
 424 0503 01       		.byte	0x1
 425 0504 1504     		.uahalf	0x415
 426 0506 520D0000 		.uaword	0xd52
 427 050a 02       		.byte	0x2
 428 050b 23       		.byte	0x23
 429 050c 1C       		.uleb128 0x1c
 430 050d 0D       		.uleb128 0xd
 431 050e 52756E6E 		.string	"RunningISR"
 431      696E6749 
 431      535200
 432 0519 01       		.byte	0x1
 433 051a 1604     		.uahalf	0x416
 434 051c 570D0000 		.uaword	0xd57
 435 0520 02       		.byte	0x2
 436 0521 23       		.byte	0x23
 437 0522 20       		.uleb128 0x20
 438 0523 0D       		.uleb128 0xd
 439 0524 52756E6E 		.string	"RunningTask"
 439      696E6754 
 439      61736B00 
 440 0530 01       		.byte	0x1
 441 0531 1704     		.uahalf	0x417
 442 0533 5C0D0000 		.uaword	0xd5c
 443 0537 02       		.byte	0x2
 444 0538 23       		.byte	0x23
 445 0539 24       		.uleb128 0x24
 446 053a 0D       		.uleb128 0xd
 447 053b 52756E6E 		.string	"RunningTPMask"
 447      696E6754 
 447      504D6173 
 447      6B00
 448 0549 01       		.byte	0x1
 449 054a 1804     		.uahalf	0x418
 450 054c 610D0000 		.uaword	0xd61
 451 0550 02       		.byte	0x2
GAS Infineon TriCore Little Endian C:\\Users\\user1\\AppData\\Local\\Temp\\rta_RTAOS_638388406317960277_1736001\\cclxJv7A.s 			page 11


 452 0551 23       		.byte	0x23
 453 0552 28       		.uleb128 0x28
 454 0553 0D       		.uleb128 0xd
 455 0554 5465726D 		.string	"TerminatingTasks"
 455      696E6174 
 455      696E6754 
 455      61736B73 
 455      00
 456 0565 01       		.byte	0x1
 457 0566 1904     		.uahalf	0x419
 458 0568 520D0000 		.uaword	0xd52
 459 056c 02       		.byte	0x2
 460 056d 23       		.byte	0x23
 461 056e 2C       		.uleb128 0x2c
 462 056f 0D       		.uleb128 0xd
 463 0570 4170706C 		.string	"Application"
 463      69636174 
 463      696F6E00 
 464 057c 01       		.byte	0x1
 465 057d 1A04     		.uahalf	0x41a
 466 057f E0030000 		.uaword	0x3e0
 467 0583 02       		.byte	0x2
 468 0584 23       		.byte	0x23
 469 0585 30       		.uleb128 0x30
 470 0586 0D       		.uleb128 0xd
 471 0587 43757272 		.string	"CurrentTerminator"
 471      656E7454 
 471      65726D69 
 471      6E61746F 
 471      7200
 472 0599 01       		.byte	0x1
 473 059a 1B04     		.uahalf	0x41b
 474 059c 660D0000 		.uaword	0xd66
 475 05a0 02       		.byte	0x2
 476 05a1 23       		.byte	0x23
 477 05a2 34       		.uleb128 0x34
 478 05a3 0D       		.uleb128 0xd
 479 05a4 43757272 		.string	"CurrentMeteredObject"
 479      656E744D 
 479      65746572 
 479      65644F62 
 479      6A656374 
 480 05b9 01       		.byte	0x1
 481 05ba 1C04     		.uahalf	0x41c
 482 05bc F5060000 		.uaword	0x6f5
 483 05c0 02       		.byte	0x2
 484 05c1 23       		.byte	0x23
 485 05c2 38       		.uleb128 0x38
 486 05c3 0D       		.uleb128 0xd
 487 05c4 49646C65 		.string	"IdleMeter"
 487      4D657465 
 487      7200
 488 05ce 01       		.byte	0x1
 489 05cf 1D04     		.uahalf	0x41d
 490 05d1 DC060000 		.uaword	0x6dc
 491 05d5 02       		.byte	0x2
 492 05d6 23       		.byte	0x23
GAS Infineon TriCore Little Endian C:\\Users\\user1\\AppData\\Local\\Temp\\rta_RTAOS_638388406317960277_1736001\\cclxJv7A.s 			page 12


 493 05d7 3C       		.uleb128 0x3c
 494 05d8 0D       		.uleb128 0xd
 495 05d9 41707041 		.string	"AppAccess"
 495      63636573 
 495      7300
 496 05e3 01       		.byte	0x1
 497 05e4 1E04     		.uahalf	0x41e
 498 05e6 87010000 		.uaword	0x187
 499 05ea 02       		.byte	0x2
 500 05eb 23       		.byte	0x23
 501 05ec 48       		.uleb128 0x48
 502 05ed 0D       		.uleb128 0xd
 503 05ee 4170704F 		.string	"AppOverride"
 503      76657272 
 503      69646500 
 504 05fa 01       		.byte	0x1
 505 05fb 1F04     		.uahalf	0x41f
 506 05fd 6B0D0000 		.uaword	0xd6b
 507 0601 02       		.byte	0x2
 508 0602 23       		.byte	0x23
 509 0603 49       		.uleb128 0x49
 510 0604 0D       		.uleb128 0xd
 511 0605 47657453 		.string	"GetStackValueAdjust"
 511      7461636B 
 511      56616C75 
 511      6541646A 
 511      75737400 
 512 0619 01       		.byte	0x1
 513 061a 2004     		.uahalf	0x420
 514 061c A1030000 		.uaword	0x3a1
 515 0620 02       		.byte	0x2
 516 0621 23       		.byte	0x23
 517 0622 4C       		.uleb128 0x4c
 518 0623 0D       		.uleb128 0xd
 519 0624 496E4572 		.string	"InErrorHook"
 519      726F7248 
 519      6F6F6B00 
 520 0630 01       		.byte	0x1
 521 0631 2104     		.uahalf	0x421
 522 0633 48020000 		.uaword	0x248
 523 0637 02       		.byte	0x2
 524 0638 23       		.byte	0x23
 525 0639 54       		.uleb128 0x54
 526 063a 0D       		.uleb128 0xd
 527 063b 496E5072 		.string	"InProtectionHook"
 527      6F746563 
 527      74696F6E 
 527      486F6F6B 
 527      00
 528 064c 01       		.byte	0x1
 529 064d 2204     		.uahalf	0x422
 530 064f 48020000 		.uaword	0x248
 531 0653 02       		.byte	0x2
 532 0654 23       		.byte	0x23
 533 0655 55       		.uleb128 0x55
 534 0656 0D       		.uleb128 0xd
 535 0657 436F7265 		.string	"CoreIsActive"
GAS Infineon TriCore Little Endian C:\\Users\\user1\\AppData\\Local\\Temp\\rta_RTAOS_638388406317960277_1736001\\cclxJv7A.s 			page 13


 535      49734163 
 535      74697665 
 535      00
 536 0664 01       		.byte	0x1
 537 0665 2304     		.uahalf	0x423
 538 0667 48020000 		.uaword	0x248
 539 066b 02       		.byte	0x2
 540 066c 23       		.byte	0x23
 541 066d 56       		.uleb128 0x56
 542 066e 0D       		.uleb128 0xd
 543 066f 496E5368 		.string	"InShutdownHook"
 543      7574646F 
 543      776E486F 
 543      6F6B00
 544 067e 01       		.byte	0x1
 545 067f 2404     		.uahalf	0x424
 546 0681 48020000 		.uaword	0x248
 547 0685 02       		.byte	0x2
 548 0686 23       		.byte	0x23
 549 0687 57       		.uleb128 0x57
 550 0688 00       		.byte	0
 551 0689 0C       		.uleb128 0xc
 552 068a 4F735F4D 		.string	"Os_MeterInfoType_s"
 552      65746572 
 552      496E666F 
 552      54797065 
 552      5F7300
 553 069d 0C       		.byte	0xc
 554 069e 01       		.byte	0x1
 555 069f 7301     		.uahalf	0x173
 556 06a1 DC060000 		.uaword	0x6dc
 557 06a5 0D       		.uleb128 0xd
 558 06a6 656C6170 		.string	"elapsed"
 558      73656400 
 559 06ae 01       		.byte	0x1
 560 06af 7401     		.uahalf	0x174
 561 06b1 23040000 		.uaword	0x423
 562 06b5 02       		.byte	0x2
 563 06b6 23       		.byte	0x23
 564 06b7 00       		.uleb128 0
 565 06b8 0D       		.uleb128 0xd
 566 06b9 70726576 		.string	"previous"
 566      696F7573 
 566      00
 567 06c2 01       		.byte	0x1
 568 06c3 7501     		.uahalf	0x175
 569 06c5 23040000 		.uaword	0x423
 570 06c9 02       		.byte	0x2
 571 06ca 23       		.byte	0x23
 572 06cb 04       		.uleb128 0x4
 573 06cc 0D       		.uleb128 0xd
 574 06cd 6D617800 		.string	"max"
 575 06d1 01       		.byte	0x1
 576 06d2 7601     		.uahalf	0x176
 577 06d4 23040000 		.uaword	0x423
 578 06d8 02       		.byte	0x2
 579 06d9 23       		.byte	0x23
GAS Infineon TriCore Little Endian C:\\Users\\user1\\AppData\\Local\\Temp\\rta_RTAOS_638388406317960277_1736001\\cclxJv7A.s 			page 14


 580 06da 08       		.uleb128 0x8
 581 06db 00       		.byte	0
 582 06dc 0A       		.uleb128 0xa
 583 06dd 4F735F4D 		.string	"Os_MeterInfoType"
 583      65746572 
 583      496E666F 
 583      54797065 
 583      00
 584 06ee 01       		.byte	0x1
 585 06ef 7701     		.uahalf	0x177
 586 06f1 89060000 		.uaword	0x689
 587 06f5 0A       		.uleb128 0xa
 588 06f6 4F735F4D 		.string	"Os_MeterInfoRefType"
 588      65746572 
 588      496E666F 
 588      52656654 
 588      79706500 
 589 070a 01       		.byte	0x1
 590 070b 7801     		.uahalf	0x178
 591 070d 11070000 		.uaword	0x711
 592 0711 08       		.uleb128 0x8
 593 0712 04       		.byte	0x4
 594 0713 DC060000 		.uaword	0x6dc
 595 0717 0A       		.uleb128 0xa
 596 0718 4F735F69 		.string	"Os_imaskType"
 596      6D61736B 
 596      54797065 
 596      00
 597 0725 01       		.byte	0x1
 598 0726 8001     		.uahalf	0x180
 599 0728 C9010000 		.uaword	0x1c9
 600 072c 0C       		.uleb128 0xc
 601 072d 4F735F49 		.string	"Os_ISRDynType_s"
 601      53524479 
 601      6E547970 
 601      655F7300 
 602 073d 10       		.byte	0x10
 603 073e 01       		.byte	0x1
 604 073f 8201     		.uahalf	0x182
 605 0741 7D070000 		.uaword	0x77d
 606 0745 0E       		.uleb128 0xe
 607 0746 00000000 		.uaword	.LASF0
 608 074a 01       		.byte	0x1
 609 074b 8301     		.uahalf	0x183
 610 074d 2F030000 		.uaword	0x32f
 611 0751 02       		.byte	0x2
 612 0752 23       		.byte	0x23
 613 0753 00       		.uleb128 0
 614 0754 0D       		.uleb128 0xd
 615 0755 7465726D 		.string	"terminating"
 615      696E6174 
 615      696E6700 
 616 0761 01       		.byte	0x1
 617 0762 8401     		.uahalf	0x184
 618 0764 48020000 		.uaword	0x248
 619 0768 02       		.byte	0x2
 620 0769 23       		.byte	0x23
GAS Infineon TriCore Little Endian C:\\Users\\user1\\AppData\\Local\\Temp\\rta_RTAOS_638388406317960277_1736001\\cclxJv7A.s 			page 15


 621 076a 01       		.uleb128 0x1
 622 076b 0D       		.uleb128 0xd
 623 076c 6D657465 		.string	"meter"
 623      7200
 624 0772 01       		.byte	0x1
 625 0773 8501     		.uahalf	0x185
 626 0775 DC060000 		.uaword	0x6dc
 627 0779 02       		.byte	0x2
 628 077a 23       		.byte	0x23
 629 077b 04       		.uleb128 0x4
 630 077c 00       		.byte	0
 631 077d 0A       		.uleb128 0xa
 632 077e 4F735F49 		.string	"Os_ISRDynType"
 632      53524479 
 632      6E547970 
 632      6500
 633 078c 01       		.byte	0x1
 634 078d 8601     		.uahalf	0x186
 635 078f 2C070000 		.uaword	0x72c
 636 0793 0A       		.uleb128 0xa
 637 0794 4F735F49 		.string	"Os_IsrTerminatedFunctionType"
 637      73725465 
 637      726D696E 
 637      61746564 
 637      46756E63 
 638 07b1 01       		.byte	0x1
 639 07b2 8701     		.uahalf	0x187
 640 07b4 D8030000 		.uaword	0x3d8
 641 07b8 0C       		.uleb128 0xc
 642 07b9 4F735F49 		.string	"Os_ISRType_s"
 642      53525479 
 642      70655F73 
 642      00
 643 07c6 18       		.byte	0x18
 644 07c7 01       		.byte	0x1
 645 07c8 8801     		.uahalf	0x188
 646 07ca 4C080000 		.uaword	0x84c
 647 07ce 0E       		.uleb128 0xe
 648 07cf 00000000 		.uaword	.LASF1
 649 07d3 01       		.byte	0x1
 650 07d4 8901     		.uahalf	0x189
 651 07d6 B9030000 		.uaword	0x3b9
 652 07da 02       		.byte	0x2
 653 07db 23       		.byte	0x23
 654 07dc 00       		.uleb128 0
 655 07dd 0D       		.uleb128 0xd
 656 07de 7465726D 		.string	"terminated_function"
 656      696E6174 
 656      65645F66 
 656      756E6374 
 656      696F6E00 
 657 07f2 01       		.byte	0x1
 658 07f3 8A01     		.uahalf	0x18a
 659 07f5 93070000 		.uaword	0x793
 660 07f9 02       		.byte	0x2
 661 07fa 23       		.byte	0x23
 662 07fb 04       		.uleb128 0x4
GAS Infineon TriCore Little Endian C:\\Users\\user1\\AppData\\Local\\Temp\\rta_RTAOS_638388406317960277_1736001\\cclxJv7A.s 			page 16


 663 07fc 0E       		.uleb128 0xe
 664 07fd 00000000 		.uaword	.LASF2
 665 0801 01       		.byte	0x1
 666 0802 8B01     		.uahalf	0x18b
 667 0804 4C080000 		.uaword	0x84c
 668 0808 02       		.byte	0x2
 669 0809 23       		.byte	0x23
 670 080a 08       		.uleb128 0x8
 671 080b 0D       		.uleb128 0xd
 672 080c 696D6173 		.string	"imask"
 672      6B00
 673 0812 01       		.byte	0x1
 674 0813 8C01     		.uahalf	0x18c
 675 0815 17070000 		.uaword	0x717
 676 0819 02       		.byte	0x2
 677 081a 23       		.byte	0x23
 678 081b 0C       		.uleb128 0xc
 679 081c 0D       		.uleb128 0xd
 680 081d 696E6465 		.string	"index"
 680      7800
 681 0823 01       		.byte	0x1
 682 0824 8D01     		.uahalf	0x18d
 683 0826 C9010000 		.uaword	0x1c9
 684 082a 02       		.byte	0x2
 685 082b 23       		.byte	0x23
 686 082c 10       		.uleb128 0x10
 687 082d 0E       		.uleb128 0xe
 688 082e 00000000 		.uaword	.LASF3
 689 0832 01       		.byte	0x1
 690 0833 8E01     		.uahalf	0x18e
 691 0835 87010000 		.uaword	0x187
 692 0839 02       		.byte	0x2
 693 083a 23       		.byte	0x23
 694 083b 14       		.uleb128 0x14
 695 083c 0E       		.uleb128 0xe
 696 083d 00000000 		.uaword	.LASF4
 697 0841 01       		.byte	0x1
 698 0842 8F01     		.uahalf	0x18f
 699 0844 E0030000 		.uaword	0x3e0
 700 0848 02       		.byte	0x2
 701 0849 23       		.byte	0x23
 702 084a 15       		.uleb128 0x15
 703 084b 00       		.byte	0
 704 084c 0F       		.uleb128 0xf
 705 084d 51080000 		.uaword	0x851
 706 0851 08       		.uleb128 0x8
 707 0852 04       		.byte	0x4
 708 0853 7D070000 		.uaword	0x77d
 709 0857 0A       		.uleb128 0xa
 710 0858 4F735F49 		.string	"Os_ISRType"
 710      53525479 
 710      706500
 711 0863 01       		.byte	0x1
 712 0864 9001     		.uahalf	0x190
 713 0866 B8070000 		.uaword	0x7b8
 714 086a 0A       		.uleb128 0xa
 715 086b 49535254 		.string	"ISRType"
GAS Infineon TriCore Little Endian C:\\Users\\user1\\AppData\\Local\\Temp\\rta_RTAOS_638388406317960277_1736001\\cclxJv7A.s 			page 17


 715      79706500 
 716 0873 01       		.byte	0x1
 717 0874 9101     		.uahalf	0x191
 718 0876 7A080000 		.uaword	0x87a
 719 087a 08       		.uleb128 0x8
 720 087b 04       		.byte	0x4
 721 087c 80080000 		.uaword	0x880
 722 0880 0F       		.uleb128 0xf
 723 0881 57080000 		.uaword	0x857
 724 0885 0A       		.uleb128 0xa
 725 0886 4F735F62 		.string	"Os_bitmask"
 725      69746D61 
 725      736B00
 726 0891 01       		.byte	0x1
 727 0892 A301     		.uahalf	0x1a3
 728 0894 D7010000 		.uaword	0x1d7
 729 0898 0A       		.uleb128 0xa
 730 0899 4F735F70 		.string	"Os_pset0Type"
 730      73657430 
 730      54797065 
 730      00
 731 08a6 01       		.byte	0x1
 732 08a7 A401     		.uahalf	0x1a4
 733 08a9 85080000 		.uaword	0x885
 734 08ad 0A       		.uleb128 0xa
 735 08ae 4F735F70 		.string	"Os_pset1Type"
 735      73657431 
 735      54797065 
 735      00
 736 08bb 01       		.byte	0x1
 737 08bc A501     		.uahalf	0x1a5
 738 08be 85080000 		.uaword	0x885
 739 08c2 0A       		.uleb128 0xa
 740 08c3 4F735F70 		.string	"Os_pset2Type"
 740      73657432 
 740      54797065 
 740      00
 741 08d0 01       		.byte	0x1
 742 08d1 A601     		.uahalf	0x1a6
 743 08d3 85080000 		.uaword	0x885
 744 08d7 10       		.uleb128 0x10
 745 08d8 04       		.byte	0x4
 746 08d9 01       		.byte	0x1
 747 08da A701     		.uahalf	0x1a7
 748 08dc 02090000 		.uaword	0x902
 749 08e0 11       		.uleb128 0x11
 750 08e1 703000   		.string	"p0"
 751 08e4 01       		.byte	0x1
 752 08e5 A801     		.uahalf	0x1a8
 753 08e7 98080000 		.uaword	0x898
 754 08eb 11       		.uleb128 0x11
 755 08ec 703100   		.string	"p1"
 756 08ef 01       		.byte	0x1
 757 08f0 A901     		.uahalf	0x1a9
 758 08f2 AD080000 		.uaword	0x8ad
 759 08f6 11       		.uleb128 0x11
 760 08f7 703200   		.string	"p2"
GAS Infineon TriCore Little Endian C:\\Users\\user1\\AppData\\Local\\Temp\\rta_RTAOS_638388406317960277_1736001\\cclxJv7A.s 			page 18


 761 08fa 01       		.byte	0x1
 762 08fb AA01     		.uahalf	0x1aa
 763 08fd C2080000 		.uaword	0x8c2
 764 0901 00       		.byte	0
 765 0902 0A       		.uleb128 0xa
 766 0903 4F735F70 		.string	"Os_psetType"
 766      73657454 
 766      79706500 
 767 090f 01       		.byte	0x1
 768 0910 AB01     		.uahalf	0x1ab
 769 0912 D7080000 		.uaword	0x8d7
 770 0916 10       		.uleb128 0x10
 771 0917 04       		.byte	0x4
 772 0918 01       		.byte	0x1
 773 0919 AD01     		.uahalf	0x1ad
 774 091b 41090000 		.uaword	0x941
 775 091f 11       		.uleb128 0x11
 776 0920 743000   		.string	"t0"
 777 0923 01       		.byte	0x1
 778 0924 AE01     		.uahalf	0x1ae
 779 0926 85080000 		.uaword	0x885
 780 092a 11       		.uleb128 0x11
 781 092b 743100   		.string	"t1"
 782 092e 01       		.byte	0x1
 783 092f AF01     		.uahalf	0x1af
 784 0931 85080000 		.uaword	0x885
 785 0935 11       		.uleb128 0x11
 786 0936 743200   		.string	"t2"
 787 0939 01       		.byte	0x1
 788 093a B001     		.uahalf	0x1b0
 789 093c 85080000 		.uaword	0x885
 790 0940 00       		.byte	0
 791 0941 0A       		.uleb128 0xa
 792 0942 4F735F74 		.string	"Os_tpmaskType"
 792      706D6173 
 792      6B547970 
 792      6500
 793 0950 01       		.byte	0x1
 794 0951 B101     		.uahalf	0x1b1
 795 0953 16090000 		.uaword	0x916
 796 0957 0A       		.uleb128 0xa
 797 0958 4F735F41 		.string	"Os_ActivationCountType"
 797      63746976 
 797      6174696F 
 797      6E436F75 
 797      6E745479 
 798 096f 01       		.byte	0x1
 799 0970 B201     		.uahalf	0x1b2
 800 0972 94010000 		.uaword	0x194
 801 0976 0C       		.uleb128 0xc
 802 0977 4F735F54 		.string	"Os_TaskDynType_s"
 802      61736B44 
 802      796E5479 
 802      70655F73 
 802      00
 803 0988 5C       		.byte	0x5c
 804 0989 01       		.byte	0x1
GAS Infineon TriCore Little Endian C:\\Users\\user1\\AppData\\Local\\Temp\\rta_RTAOS_638388406317960277_1736001\\cclxJv7A.s 			page 19


 805 098a B401     		.uahalf	0x1b4
 806 098c 310A0000 		.uaword	0xa31
 807 0990 0D       		.uleb128 0xd
 808 0991 6C617374 		.string	"last_activation"
 808      5F616374 
 808      69766174 
 808      696F6E00 
 809 09a1 01       		.byte	0x1
 810 09a2 B501     		.uahalf	0x1b5
 811 09a4 23040000 		.uaword	0x423
 812 09a8 02       		.byte	0x2
 813 09a9 23       		.byte	0x23
 814 09aa 00       		.uleb128 0
 815 09ab 0D       		.uleb128 0xd
 816 09ac 7465726D 		.string	"terminate_jump_buf"
 816      696E6174 
 816      655F6A75 
 816      6D705F62 
 816      756600
 817 09bf 01       		.byte	0x1
 818 09c0 B601     		.uahalf	0x1b6
 819 09c2 09030000 		.uaword	0x309
 820 09c6 02       		.byte	0x2
 821 09c7 23       		.byte	0x23
 822 09c8 04       		.uleb128 0x4
 823 09c9 0D       		.uleb128 0xd
 824 09ca 6D657465 		.string	"meter"
 824      7200
 825 09d0 01       		.byte	0x1
 826 09d1 B701     		.uahalf	0x1b7
 827 09d3 DC060000 		.uaword	0x6dc
 828 09d7 02       		.byte	0x2
 829 09d8 23       		.byte	0x23
 830 09d9 48       		.uleb128 0x48
 831 09da 0D       		.uleb128 0xd
 832 09db 7365656E 		.string	"seen_activation"
 832      5F616374 
 832      69766174 
 832      696F6E00 
 833 09eb 01       		.byte	0x1
 834 09ec B801     		.uahalf	0x1b8
 835 09ee 48020000 		.uaword	0x248
 836 09f2 02       		.byte	0x2
 837 09f3 23       		.byte	0x23
 838 09f4 54       		.uleb128 0x54
 839 09f5 0E       		.uleb128 0xe
 840 09f6 00000000 		.uaword	.LASF5
 841 09fa 01       		.byte	0x1
 842 09fb B901     		.uahalf	0x1b9
 843 09fd 57090000 		.uaword	0x957
 844 0a01 02       		.byte	0x2
 845 0a02 23       		.byte	0x23
 846 0a03 55       		.uleb128 0x55
 847 0a04 0E       		.uleb128 0xe
 848 0a05 00000000 		.uaword	.LASF0
 849 0a09 01       		.byte	0x1
 850 0a0a BA01     		.uahalf	0x1ba
GAS Infineon TriCore Little Endian C:\\Users\\user1\\AppData\\Local\\Temp\\rta_RTAOS_638388406317960277_1736001\\cclxJv7A.s 			page 20


 851 0a0c 2F030000 		.uaword	0x32f
 852 0a10 02       		.byte	0x2
 853 0a11 23       		.byte	0x23
 854 0a12 56       		.uleb128 0x56
 855 0a13 0D       		.uleb128 0xd
 856 0a14 7465726D 		.string	"termination_state"
 856      696E6174 
 856      696F6E5F 
 856      73746174 
 856      6500
 857 0a26 01       		.byte	0x1
 858 0a27 BB01     		.uahalf	0x1bb
 859 0a29 C9010000 		.uaword	0x1c9
 860 0a2d 02       		.byte	0x2
 861 0a2e 23       		.byte	0x23
 862 0a2f 58       		.uleb128 0x58
 863 0a30 00       		.byte	0
 864 0a31 0A       		.uleb128 0xa
 865 0a32 4F735F54 		.string	"Os_TaskDynType"
 865      61736B44 
 865      796E5479 
 865      706500
 866 0a41 01       		.byte	0x1
 867 0a42 BC01     		.uahalf	0x1bc
 868 0a44 76090000 		.uaword	0x976
 869 0a48 0C       		.uleb128 0xc
 870 0a49 4F735F54 		.string	"Os_TaskType_s"
 870      61736B54 
 870      7970655F 
 870      7300
 871 0a57 20       		.byte	0x20
 872 0a58 01       		.byte	0x1
 873 0a59 BE01     		.uahalf	0x1be
 874 0a5b 050B0000 		.uaword	0xb05
 875 0a5f 0E       		.uleb128 0xe
 876 0a60 00000000 		.uaword	.LASF2
 877 0a64 01       		.byte	0x1
 878 0a65 BF01     		.uahalf	0x1bf
 879 0a67 050B0000 		.uaword	0xb05
 880 0a6b 02       		.byte	0x2
 881 0a6c 23       		.byte	0x23
 882 0a6d 00       		.uleb128 0
 883 0a6e 0E       		.uleb128 0xe
 884 0a6f 00000000 		.uaword	.LASF1
 885 0a73 01       		.byte	0x1
 886 0a74 C001     		.uahalf	0x1c0
 887 0a76 B9030000 		.uaword	0x3b9
 888 0a7a 02       		.byte	0x2
 889 0a7b 23       		.byte	0x23
 890 0a7c 04       		.uleb128 0x4
 891 0a7d 0D       		.uleb128 0xd
 892 0a7e 70736574 		.string	"pset"
 892      00
 893 0a83 01       		.byte	0x1
 894 0a84 C101     		.uahalf	0x1c1
 895 0a86 02090000 		.uaword	0x902
 896 0a8a 02       		.byte	0x2
GAS Infineon TriCore Little Endian C:\\Users\\user1\\AppData\\Local\\Temp\\rta_RTAOS_638388406317960277_1736001\\cclxJv7A.s 			page 21


 897 0a8b 23       		.byte	0x23
 898 0a8c 08       		.uleb128 0x8
 899 0a8d 0D       		.uleb128 0xd
 900 0a8e 62617365 		.string	"base_tpmask"
 900      5F74706D 
 900      61736B00 
 901 0a9a 01       		.byte	0x1
 902 0a9b C201     		.uahalf	0x1c2
 903 0a9d 41090000 		.uaword	0x941
 904 0aa1 02       		.byte	0x2
 905 0aa2 23       		.byte	0x23
 906 0aa3 0C       		.uleb128 0xc
 907 0aa4 0E       		.uleb128 0xe
 908 0aa5 00000000 		.uaword	.LASF6
 909 0aa9 01       		.byte	0x1
 910 0aaa C301     		.uahalf	0x1c3
 911 0aac 41090000 		.uaword	0x941
 912 0ab0 02       		.byte	0x2
 913 0ab1 23       		.byte	0x23
 914 0ab2 10       		.uleb128 0x10
 915 0ab3 0D       		.uleb128 0xd
 916 0ab4 636F7265 		.string	"core_id"
 916      5F696400 
 917 0abc 01       		.byte	0x1
 918 0abd C401     		.uahalf	0x1c4
 919 0abf 73040000 		.uaword	0x473
 920 0ac3 02       		.byte	0x2
 921 0ac4 23       		.byte	0x23
 922 0ac5 14       		.uleb128 0x14
 923 0ac6 0D       		.uleb128 0xd
 924 0ac7 696E6465 		.string	"index"
 924      7800
 925 0acd 01       		.byte	0x1
 926 0ace C501     		.uahalf	0x1c5
 927 0ad0 C9010000 		.uaword	0x1c9
 928 0ad4 02       		.byte	0x2
 929 0ad5 23       		.byte	0x23
 930 0ad6 18       		.uleb128 0x18
 931 0ad7 0E       		.uleb128 0xe
 932 0ad8 00000000 		.uaword	.LASF5
 933 0adc 01       		.byte	0x1
 934 0add C601     		.uahalf	0x1c6
 935 0adf 57090000 		.uaword	0x957
 936 0ae3 02       		.byte	0x2
 937 0ae4 23       		.byte	0x23
 938 0ae5 1C       		.uleb128 0x1c
 939 0ae6 0E       		.uleb128 0xe
 940 0ae7 00000000 		.uaword	.LASF3
 941 0aeb 01       		.byte	0x1
 942 0aec C701     		.uahalf	0x1c7
 943 0aee 87010000 		.uaword	0x187
 944 0af2 02       		.byte	0x2
 945 0af3 23       		.byte	0x23
 946 0af4 1D       		.uleb128 0x1d
 947 0af5 0E       		.uleb128 0xe
 948 0af6 00000000 		.uaword	.LASF4
 949 0afa 01       		.byte	0x1
GAS Infineon TriCore Little Endian C:\\Users\\user1\\AppData\\Local\\Temp\\rta_RTAOS_638388406317960277_1736001\\cclxJv7A.s 			page 22


 950 0afb C801     		.uahalf	0x1c8
 951 0afd E0030000 		.uaword	0x3e0
 952 0b01 02       		.byte	0x2
 953 0b02 23       		.byte	0x23
 954 0b03 1E       		.uleb128 0x1e
 955 0b04 00       		.byte	0
 956 0b05 0F       		.uleb128 0xf
 957 0b06 0A0B0000 		.uaword	0xb0a
 958 0b0a 08       		.uleb128 0x8
 959 0b0b 04       		.byte	0x4
 960 0b0c 310A0000 		.uaword	0xa31
 961 0b10 0A       		.uleb128 0xa
 962 0b11 4F735F54 		.string	"Os_TaskType"
 962      61736B54 
 962      79706500 
 963 0b1d 01       		.byte	0x1
 964 0b1e C901     		.uahalf	0x1c9
 965 0b20 480A0000 		.uaword	0xa48
 966 0b24 0A       		.uleb128 0xa
 967 0b25 5461736B 		.string	"TaskType"
 967      54797065 
 967      00
 968 0b2e 01       		.byte	0x1
 969 0b2f CA01     		.uahalf	0x1ca
 970 0b31 350B0000 		.uaword	0xb35
 971 0b35 08       		.uleb128 0x8
 972 0b36 04       		.byte	0x4
 973 0b37 3B0B0000 		.uaword	0xb3b
 974 0b3b 0F       		.uleb128 0xf
 975 0b3c 100B0000 		.uaword	0xb10
 976 0b40 10       		.uleb128 0x10
 977 0b41 04       		.byte	0x4
 978 0b42 01       		.byte	0x1
 979 0b43 E201     		.uahalf	0x1e2
 980 0b45 640B0000 		.uaword	0xb64
 981 0b49 12       		.uleb128 0x12
 982 0b4a 00000000 		.uaword	.LASF6
 983 0b4e 01       		.byte	0x1
 984 0b4f E301     		.uahalf	0x1e3
 985 0b51 41090000 		.uaword	0x941
 986 0b55 11       		.uleb128 0x11
 987 0b56 696D6173 		.string	"imask"
 987      6B00
 988 0b5c 01       		.byte	0x1
 989 0b5d E401     		.uahalf	0x1e4
 990 0b5f 17070000 		.uaword	0x717
 991 0b63 00       		.byte	0
 992 0b64 0C       		.uleb128 0xc
 993 0b65 4F735F52 		.string	"Os_ResourceDynType_s"
 993      65736F75 
 993      72636544 
 993      796E5479 
 993      70655F73 
 994 0b7a 0C       		.byte	0xc
 995 0b7b 01       		.byte	0x1
 996 0b7c DF01     		.uahalf	0x1df
 997 0b7e C70B0000 		.uaword	0xbc7
GAS Infineon TriCore Little Endian C:\\Users\\user1\\AppData\\Local\\Temp\\rta_RTAOS_638388406317960277_1736001\\cclxJv7A.s 			page 23


 998 0b82 0D       		.uleb128 0xd
 999 0b83 61636365 		.string	"access_count"
 999      73735F63 
 999      6F756E74 
 999      00
 1000 0b90 01       		.byte	0x1
 1001 0b91 E001     		.uahalf	0x1e0
 1002 0b93 2F030000 		.uaword	0x32f
 1003 0b97 02       		.byte	0x2
 1004 0b98 23       		.byte	0x23
 1005 0b99 00       		.uleb128 0
 1006 0b9a 0D       		.uleb128 0xd
 1007 0b9b 6C6F636B 		.string	"locker"
 1007      657200
 1008 0ba2 01       		.byte	0x1
 1009 0ba3 E101     		.uahalf	0x1e1
 1010 0ba5 240B0000 		.uaword	0xb24
 1011 0ba9 02       		.byte	0x2
 1012 0baa 23       		.byte	0x23
 1013 0bab 04       		.uleb128 0x4
 1014 0bac 0D       		.uleb128 0xd
 1015 0bad 73617665 		.string	"saved_priority"
 1015      645F7072 
 1015      696F7269 
 1015      747900
 1016 0bbc 01       		.byte	0x1
 1017 0bbd E501     		.uahalf	0x1e5
 1018 0bbf 400B0000 		.uaword	0xb40
 1019 0bc3 02       		.byte	0x2
 1020 0bc4 23       		.byte	0x23
 1021 0bc5 08       		.uleb128 0x8
 1022 0bc6 00       		.byte	0
 1023 0bc7 0A       		.uleb128 0xa
 1024 0bc8 4F735F52 		.string	"Os_ResourceDynType"
 1024      65736F75 
 1024      72636544 
 1024      796E5479 
 1024      706500
 1025 0bdb 01       		.byte	0x1
 1026 0bdc E601     		.uahalf	0x1e6
 1027 0bde 640B0000 		.uaword	0xb64
 1028 0be2 0C       		.uleb128 0xc
 1029 0be3 4F735F52 		.string	"Os_ResourceType_s"
 1029      65736F75 
 1029      72636554 
 1029      7970655F 
 1029      7300
 1030 0bf5 10       		.byte	0x10
 1031 0bf6 01       		.byte	0x1
 1032 0bf7 E701     		.uahalf	0x1e7
 1033 0bf9 3C0C0000 		.uaword	0xc3c
 1034 0bfd 0E       		.uleb128 0xe
 1035 0bfe 00000000 		.uaword	.LASF2
 1036 0c02 01       		.byte	0x1
 1037 0c03 E801     		.uahalf	0x1e8
 1038 0c05 3C0C0000 		.uaword	0xc3c
 1039 0c09 02       		.byte	0x2
GAS Infineon TriCore Little Endian C:\\Users\\user1\\AppData\\Local\\Temp\\rta_RTAOS_638388406317960277_1736001\\cclxJv7A.s 			page 24


 1040 0c0a 23       		.byte	0x23
 1041 0c0b 00       		.uleb128 0
 1042 0c0c 0E       		.uleb128 0xe
 1043 0c0d 00000000 		.uaword	.LASF6
 1044 0c11 01       		.byte	0x1
 1045 0c12 E901     		.uahalf	0x1e9
 1046 0c14 41090000 		.uaword	0x941
 1047 0c18 02       		.byte	0x2
 1048 0c19 23       		.byte	0x23
 1049 0c1a 04       		.uleb128 0x4
 1050 0c1b 0D       		.uleb128 0xd
 1051 0c1c 696D6173 		.string	"imask"
 1051      6B00
 1052 0c22 01       		.byte	0x1
 1053 0c23 EA01     		.uahalf	0x1ea
 1054 0c25 17070000 		.uaword	0x717
 1055 0c29 02       		.byte	0x2
 1056 0c2a 23       		.byte	0x23
 1057 0c2b 08       		.uleb128 0x8
 1058 0c2c 0E       		.uleb128 0xe
 1059 0c2d 00000000 		.uaword	.LASF3
 1060 0c31 01       		.byte	0x1
 1061 0c32 EB01     		.uahalf	0x1eb
 1062 0c34 87010000 		.uaword	0x187
 1063 0c38 02       		.byte	0x2
 1064 0c39 23       		.byte	0x23
 1065 0c3a 0C       		.uleb128 0xc
 1066 0c3b 00       		.byte	0
 1067 0c3c 0F       		.uleb128 0xf
 1068 0c3d 410C0000 		.uaword	0xc41
 1069 0c41 08       		.uleb128 0x8
 1070 0c42 04       		.byte	0x4
 1071 0c43 C70B0000 		.uaword	0xbc7
 1072 0c47 0A       		.uleb128 0xa
 1073 0c48 4F735F52 		.string	"Os_ResourceType"
 1073      65736F75 
 1073      72636554 
 1073      79706500 
 1074 0c58 01       		.byte	0x1
 1075 0c59 EC01     		.uahalf	0x1ec
 1076 0c5b E20B0000 		.uaword	0xbe2
 1077 0c5f 0A       		.uleb128 0xa
 1078 0c60 5265736F 		.string	"ResourceType"
 1078      75726365 
 1078      54797065 
 1078      00
 1079 0c6d 01       		.byte	0x1
 1080 0c6e ED01     		.uahalf	0x1ed
 1081 0c70 740C0000 		.uaword	0xc74
 1082 0c74 08       		.uleb128 0x8
 1083 0c75 04       		.byte	0x4
 1084 0c76 7A0C0000 		.uaword	0xc7a
 1085 0c7a 0F       		.uleb128 0xf
 1086 0c7b 470C0000 		.uaword	0xc47
 1087 0c7f 0A       		.uleb128 0xa
 1088 0c80 4F535365 		.string	"OSServiceIdType"
 1088      72766963 
GAS Infineon TriCore Little Endian C:\\Users\\user1\\AppData\\Local\\Temp\\rta_RTAOS_638388406317960277_1736001\\cclxJv7A.s 			page 25


 1088      65496454 
 1088      79706500 
 1089 0c90 01       		.byte	0x1
 1090 0c91 5202     		.uahalf	0x252
 1091 0c93 94010000 		.uaword	0x194
 1092 0c97 0A       		.uleb128 0xa
 1093 0c98 4F735F42 		.string	"Os_BiggestType"
 1093      69676765 
 1093      73745479 
 1093      706500
 1094 0ca7 01       		.byte	0x1
 1095 0ca8 2603     		.uahalf	0x326
 1096 0caa D7010000 		.uaword	0x1d7
 1097 0cae 13       		.uleb128 0x13
 1098 0caf 10       		.byte	0x10
 1099 0cb0 01       		.byte	0x1
 1100 0cb1 2803     		.uahalf	0x328
 1101 0cb3 1C0D0000 		.uaword	0xd1c
 1102 0cb7 0D       		.uleb128 0xd
 1103 0cb8 73657276 		.string	"service_id"
 1103      6963655F 
 1103      696400
 1104 0cc3 01       		.byte	0x1
 1105 0cc4 2903     		.uahalf	0x329
 1106 0cc6 7F0C0000 		.uaword	0xc7f
 1107 0cca 02       		.byte	0x2
 1108 0ccb 23       		.byte	0x23
 1109 0ccc 00       		.uleb128 0
 1110 0ccd 0D       		.uleb128 0xd
 1111 0cce 73657276 		.string	"service_param1"
 1111      6963655F 
 1111      70617261 
 1111      6D3100
 1112 0cdd 01       		.byte	0x1
 1113 0cde 2A03     		.uahalf	0x32a
 1114 0ce0 970C0000 		.uaword	0xc97
 1115 0ce4 02       		.byte	0x2
 1116 0ce5 23       		.byte	0x23
 1117 0ce6 04       		.uleb128 0x4
 1118 0ce7 0D       		.uleb128 0xd
 1119 0ce8 73657276 		.string	"service_param2"
 1119      6963655F 
 1119      70617261 
 1119      6D3200
 1120 0cf7 01       		.byte	0x1
 1121 0cf8 2B03     		.uahalf	0x32b
 1122 0cfa 970C0000 		.uaword	0xc97
 1123 0cfe 02       		.byte	0x2
 1124 0cff 23       		.byte	0x23
 1125 0d00 08       		.uleb128 0x8
 1126 0d01 0D       		.uleb128 0xd
 1127 0d02 73657276 		.string	"service_param3"
 1127      6963655F 
 1127      70617261 
 1127      6D3300
 1128 0d11 01       		.byte	0x1
 1129 0d12 2C03     		.uahalf	0x32c
GAS Infineon TriCore Little Endian C:\\Users\\user1\\AppData\\Local\\Temp\\rta_RTAOS_638388406317960277_1736001\\cclxJv7A.s 			page 26


 1130 0d14 970C0000 		.uaword	0xc97
 1131 0d18 02       		.byte	0x2
 1132 0d19 23       		.byte	0x23
 1133 0d1a 0C       		.uleb128 0xc
 1134 0d1b 00       		.byte	0
 1135 0d1c 0A       		.uleb128 0xa
 1136 0d1d 4F735F45 		.string	"Os_ErrorInformationType"
 1136      72726F72 
 1136      496E666F 
 1136      726D6174 
 1136      696F6E54 
 1137 0d35 01       		.byte	0x1
 1138 0d36 2D03     		.uahalf	0x32d
 1139 0d38 AE0C0000 		.uaword	0xcae
 1140 0d3c 0A       		.uleb128 0xa
 1141 0d3d 4F735F4F 		.string	"Os_OrtiIdType"
 1141      72746949 
 1141      64547970 
 1141      6500
 1142 0d4b 01       		.byte	0x1
 1143 0d4c 3103     		.uahalf	0x331
 1144 0d4e 94010000 		.uaword	0x194
 1145 0d52 0B       		.uleb128 0xb
 1146 0d53 02090000 		.uaword	0x902
 1147 0d57 0B       		.uleb128 0xb
 1148 0d58 6A080000 		.uaword	0x86a
 1149 0d5c 0B       		.uleb128 0xb
 1150 0d5d 240B0000 		.uaword	0xb24
 1151 0d61 0B       		.uleb128 0xb
 1152 0d62 41090000 		.uaword	0x941
 1153 0d66 0B       		.uleb128 0xb
 1154 0d67 3F040000 		.uaword	0x43f
 1155 0d6b 0B       		.uleb128 0xb
 1156 0d6c E0030000 		.uaword	0x3e0
 1157 0d70 0A       		.uleb128 0xa
 1158 0d71 4F735F43 		.string	"Os_ControlledCoreType"
 1158      6F6E7472 
 1158      6F6C6C65 
 1158      64436F72 
 1158      65547970 
 1159 0d87 01       		.byte	0x1
 1160 0d88 2504     		.uahalf	0x425
 1161 0d8a 8B040000 		.uaword	0x48b
 1162 0d8e 0C       		.uleb128 0xc
 1163 0d8f 4F735F41 		.string	"Os_AnyCoreType_s"
 1163      6E79436F 
 1163      72655479 
 1163      70655F73 
 1163      00
 1164 0da0 64       		.byte	0x64
 1165 0da1 01       		.byte	0x1
 1166 0da2 3304     		.uahalf	0x433
 1167 0da4 C70E0000 		.uaword	0xec7
 1168 0da8 0D       		.uleb128 0xd
 1169 0da9 44697361 		.string	"DisableAllImask"
 1169      626C6541 
 1169      6C6C496D 
GAS Infineon TriCore Little Endian C:\\Users\\user1\\AppData\\Local\\Temp\\rta_RTAOS_638388406317960277_1736001\\cclxJv7A.s 			page 27


 1169      61736B00 
 1170 0db9 01       		.byte	0x1
 1171 0dba 3404     		.uahalf	0x434
 1172 0dbc C70E0000 		.uaword	0xec7
 1173 0dc0 02       		.byte	0x2
 1174 0dc1 23       		.byte	0x23
 1175 0dc2 00       		.uleb128 0
 1176 0dc3 0D       		.uleb128 0xd
 1177 0dc4 53757370 		.string	"SuspendAllImask"
 1177      656E6441 
 1177      6C6C496D 
 1177      61736B00 
 1178 0dd4 01       		.byte	0x1
 1179 0dd5 3504     		.uahalf	0x435
 1180 0dd7 C70E0000 		.uaword	0xec7
 1181 0ddb 02       		.byte	0x2
 1182 0ddc 23       		.byte	0x23
 1183 0ddd 04       		.uleb128 0x4
 1184 0dde 0D       		.uleb128 0xd
 1185 0ddf 53757370 		.string	"SuspendOSImask"
 1185      656E644F 
 1185      53496D61 
 1185      736B00
 1186 0dee 01       		.byte	0x1
 1187 0def 3604     		.uahalf	0x436
 1188 0df1 C70E0000 		.uaword	0xec7
 1189 0df5 02       		.byte	0x2
 1190 0df6 23       		.byte	0x23
 1191 0df7 08       		.uleb128 0x8
 1192 0df8 0D       		.uleb128 0xd
 1193 0df9 44697361 		.string	"DisableAllCount"
 1193      626C6541 
 1193      6C6C436F 
 1193      756E7400 
 1194 0e09 01       		.byte	0x1
 1195 0e0a 3704     		.uahalf	0x437
 1196 0e0c CC0E0000 		.uaword	0xecc
 1197 0e10 02       		.byte	0x2
 1198 0e11 23       		.byte	0x23
 1199 0e12 0C       		.uleb128 0xc
 1200 0e13 0D       		.uleb128 0xd
 1201 0e14 53757370 		.string	"SuspendAllCount"
 1201      656E6441 
 1201      6C6C436F 
 1201      756E7400 
 1202 0e24 01       		.byte	0x1
 1203 0e25 3804     		.uahalf	0x438
 1204 0e27 CC0E0000 		.uaword	0xecc
 1205 0e2b 02       		.byte	0x2
 1206 0e2c 23       		.byte	0x23
 1207 0e2d 10       		.uleb128 0x10
 1208 0e2e 0D       		.uleb128 0xd
 1209 0e2f 53757370 		.string	"SuspendOSCount"
 1209      656E644F 
 1209      53436F75 
 1209      6E7400
 1210 0e3e 01       		.byte	0x1
GAS Infineon TriCore Little Endian C:\\Users\\user1\\AppData\\Local\\Temp\\rta_RTAOS_638388406317960277_1736001\\cclxJv7A.s 			page 28


 1211 0e3f 3904     		.uahalf	0x439
 1212 0e41 CC0E0000 		.uaword	0xecc
 1213 0e45 02       		.byte	0x2
 1214 0e46 23       		.byte	0x23
 1215 0e47 14       		.uleb128 0x14
 1216 0e48 0D       		.uleb128 0xd
 1217 0e49 4F727469 		.string	"OrtiApiID"
 1217      41706949 
 1217      4400
 1218 0e53 01       		.byte	0x1
 1219 0e54 3A04     		.uahalf	0x43a
 1220 0e56 D10E0000 		.uaword	0xed1
 1221 0e5a 02       		.byte	0x2
 1222 0e5b 23       		.byte	0x23
 1223 0e5c 18       		.uleb128 0x18
 1224 0e5d 0D       		.uleb128 0xd
 1225 0e5e 4F727469 		.string	"OrtiLastError"
 1225      4C617374 
 1225      4572726F 
 1225      7200
 1226 0e6c 01       		.byte	0x1
 1227 0e6d 3B04     		.uahalf	0x43b
 1228 0e6f 57020000 		.uaword	0x257
 1229 0e73 02       		.byte	0x2
 1230 0e74 23       		.byte	0x23
 1231 0e75 19       		.uleb128 0x19
 1232 0e76 0D       		.uleb128 0xd
 1233 0e77 52657374 		.string	"RestartJumpBuf"
 1233      6172744A 
 1233      756D7042 
 1233      756600
 1234 0e86 01       		.byte	0x1
 1235 0e87 3C04     		.uahalf	0x43c
 1236 0e89 09030000 		.uaword	0x309
 1237 0e8d 02       		.byte	0x2
 1238 0e8e 23       		.byte	0x23
 1239 0e8f 1C       		.uleb128 0x1c
 1240 0e90 0D       		.uleb128 0xd
 1241 0e91 52657374 		.string	"Restartable"
 1241      61727461 
 1241      626C6500 
 1242 0e9d 01       		.byte	0x1
 1243 0e9e 3D04     		.uahalf	0x43d
 1244 0ea0 48020000 		.uaword	0x248
 1245 0ea4 02       		.byte	0x2
 1246 0ea5 23       		.byte	0x23
 1247 0ea6 60       		.uleb128 0x60
 1248 0ea7 0D       		.uleb128 0xd
 1249 0ea8 4C617374 		.string	"LastProtectionFault"
 1249      50726F74 
 1249      65637469 
 1249      6F6E4661 
 1249      756C7400 
 1250 0ebc 01       		.byte	0x1
 1251 0ebd 3E04     		.uahalf	0x43e
 1252 0ebf 57020000 		.uaword	0x257
 1253 0ec3 02       		.byte	0x2
GAS Infineon TriCore Little Endian C:\\Users\\user1\\AppData\\Local\\Temp\\rta_RTAOS_638388406317960277_1736001\\cclxJv7A.s 			page 29


 1254 0ec4 23       		.byte	0x23
 1255 0ec5 61       		.uleb128 0x61
 1256 0ec6 00       		.byte	0
 1257 0ec7 0B       		.uleb128 0xb
 1258 0ec8 17070000 		.uaword	0x717
 1259 0ecc 0B       		.uleb128 0xb
 1260 0ecd C9010000 		.uaword	0x1c9
 1261 0ed1 0B       		.uleb128 0xb
 1262 0ed2 3C0D0000 		.uaword	0xd3c
 1263 0ed6 0A       		.uleb128 0xa
 1264 0ed7 4F735F41 		.string	"Os_AnyCoreType"
 1264      6E79436F 
 1264      72655479 
 1264      706500
 1265 0ee6 01       		.byte	0x1
 1266 0ee7 3F04     		.uahalf	0x43f
 1267 0ee9 8E0D0000 		.uaword	0xd8e
 1268 0eed 0C       		.uleb128 0xc
 1269 0eee 4F735F43 		.string	"Os_CoreConfiguration_s"
 1269      6F726543 
 1269      6F6E6669 
 1269      67757261 
 1269      74696F6E 
 1270 0f05 18       		.byte	0x18
 1271 0f06 01       		.byte	0x1
 1272 0f07 4A04     		.uahalf	0x44a
 1273 0f09 870F0000 		.uaword	0xf87
 1274 0f0d 0D       		.uleb128 0xd
 1275 0f0e 636F6E74 		.string	"controlled"
 1275      726F6C6C 
 1275      656400
 1276 0f19 01       		.byte	0x1
 1277 0f1a 4B04     		.uahalf	0x44b
 1278 0f1c 870F0000 		.uaword	0xf87
 1279 0f20 02       		.byte	0x2
 1280 0f21 23       		.byte	0x23
 1281 0f22 00       		.uleb128 0
 1282 0f23 0D       		.uleb128 0xd
 1283 0f24 616E7900 		.string	"any"
 1284 0f28 01       		.byte	0x1
 1285 0f29 4C04     		.uahalf	0x44c
 1286 0f2b 920F0000 		.uaword	0xf92
 1287 0f2f 02       		.byte	0x2
 1288 0f30 23       		.byte	0x23
 1289 0f31 04       		.uleb128 0x4
 1290 0f32 0D       		.uleb128 0xd
 1291 0f33 73746174 		.string	"state"
 1291      6500
 1292 0f39 01       		.byte	0x1
 1293 0f3a 4D04     		.uahalf	0x44d
 1294 0f3c 9D0F0000 		.uaword	0xf9d
 1295 0f40 02       		.byte	0x2
 1296 0f41 23       		.byte	0x23
 1297 0f42 08       		.uleb128 0x8
 1298 0f43 0D       		.uleb128 0xd
 1299 0f44 64697370 		.string	"dispatch"
 1299      61746368 
GAS Infineon TriCore Little Endian C:\\Users\\user1\\AppData\\Local\\Temp\\rta_RTAOS_638388406317960277_1736001\\cclxJv7A.s 			page 30


 1299      00
 1300 0f4d 01       		.byte	0x1
 1301 0f4e 4E04     		.uahalf	0x44e
 1302 0f50 B9030000 		.uaword	0x3b9
 1303 0f54 02       		.byte	0x2
 1304 0f55 23       		.byte	0x23
 1305 0f56 0C       		.uleb128 0xc
 1306 0f57 0D       		.uleb128 0xd
 1307 0f58 4F735F52 		.string	"Os_Res_Scheduler"
 1307      65735F53 
 1307      63686564 
 1307      756C6572 
 1307      00
 1308 0f69 01       		.byte	0x1
 1309 0f6a 4F04     		.uahalf	0x44f
 1310 0f6c 5F0C0000 		.uaword	0xc5f
 1311 0f70 02       		.byte	0x2
 1312 0f71 23       		.byte	0x23
 1313 0f72 10       		.uleb128 0x10
 1314 0f73 0D       		.uleb128 0xd
 1315 0f74 636F7265 		.string	"core_id"
 1315      5F696400 
 1316 0f7c 01       		.byte	0x1
 1317 0f7d 5004     		.uahalf	0x450
 1318 0f7f 73040000 		.uaword	0x473
 1319 0f83 02       		.byte	0x2
 1320 0f84 23       		.byte	0x23
 1321 0f85 14       		.uleb128 0x14
 1322 0f86 00       		.byte	0
 1323 0f87 0F       		.uleb128 0xf
 1324 0f88 8C0F0000 		.uaword	0xf8c
 1325 0f8c 08       		.uleb128 0x8
 1326 0f8d 04       		.byte	0x4
 1327 0f8e 700D0000 		.uaword	0xd70
 1328 0f92 0F       		.uleb128 0xf
 1329 0f93 970F0000 		.uaword	0xf97
 1330 0f97 08       		.uleb128 0x8
 1331 0f98 04       		.byte	0x4
 1332 0f99 D60E0000 		.uaword	0xed6
 1333 0f9d 0F       		.uleb128 0xf
 1334 0f9e A20F0000 		.uaword	0xfa2
 1335 0fa2 08       		.uleb128 0x8
 1336 0fa3 04       		.byte	0x4
 1337 0fa4 A80F0000 		.uaword	0xfa8
 1338 0fa8 0B       		.uleb128 0xb
 1339 0fa9 0B040000 		.uaword	0x40b
 1340 0fad 0A       		.uleb128 0xa
 1341 0fae 4F735F43 		.string	"Os_CoreConfiguration"
 1341      6F726543 
 1341      6F6E6669 
 1341      67757261 
 1341      74696F6E 
 1342 0fc3 01       		.byte	0x1
 1343 0fc4 5104     		.uahalf	0x451
 1344 0fc6 ED0E0000 		.uaword	0xeed
 1345 0fca 14       		.uleb128 0x14
 1346 0fcb 01       		.byte	0x1
GAS Infineon TriCore Little Endian C:\\Users\\user1\\AppData\\Local\\Temp\\rta_RTAOS_638388406317960277_1736001\\cclxJv7A.s 			page 31


 1347 0fcc 4F735F47 		.string	"Os_GetTaskMaxExecutionTime"
 1347      65745461 
 1347      736B4D61 
 1347      78457865 
 1347      63757469 
 1348 0fe7 01       		.byte	0x1
 1349 0fe8 5805     		.uahalf	0x558
 1350 0fea 01       		.byte	0x1
 1351 0feb 23040000 		.uaword	0x423
 1352 0fef 00000000 		.uaword	.LFB0
 1353 0ff3 00000000 		.uaword	.LFE0
 1354 0ff7 02       		.byte	0x2
 1355 0ff8 8A       		.byte	0x8a
 1356 0ff9 00       		.sleb128 0
 1357 0ffa 01       		.byte	0x1
 1358 0ffb 39110000 		.uaword	0x1139
 1359 0fff 15       		.uleb128 0x15
 1360 1000 5461736B 		.string	"TaskID"
 1360      494400
 1361 1007 01       		.byte	0x1
 1362 1008 5805     		.uahalf	0x558
 1363 100a 240B0000 		.uaword	0xb24
 1364 100e 00000000 		.uaword	.LLST0
 1365 1012 16       		.uleb128 0x16
 1366 1013 72657400 		.string	"ret"
 1367 1017 01       		.byte	0x1
 1368 1018 5905     		.uahalf	0x559
 1369 101a 23040000 		.uaword	0x423
 1370 101e 01       		.byte	0x1
 1371 101f 53       		.byte	0x53
 1372 1020 17       		.uleb128 0x17
 1373 1021 70726576 		.string	"previous_imask"
 1373      696F7573 
 1373      5F696D61 
 1373      736B00
 1374 1030 01       		.byte	0x1
 1375 1031 5A05     		.uahalf	0x55a
 1376 1033 17070000 		.uaword	0x717
 1377 1037 00000000 		.uaword	.LLST1
 1378 103b 18       		.uleb128 0x18
 1379 103c 6F735F63 		.string	"os_current_core_const"
 1379      75727265 
 1379      6E745F63 
 1379      6F72655F 
 1379      636F6E73 
 1380 1052 01       		.byte	0x1
 1381 1053 5B05     		.uahalf	0x55b
 1382 1055 39110000 		.uaword	0x1139
 1383 1059 16       		.uleb128 0x16
 1384 105a 6F735F63 		.string	"os_current_core"
 1384      75727265 
 1384      6E745F63 
 1384      6F726500 
 1385 106a 01       		.byte	0x1
 1386 106b 5C05     		.uahalf	0x55c
 1387 106d 970F0000 		.uaword	0xf97
 1388 1071 01       		.byte	0x1
GAS Infineon TriCore Little Endian C:\\Users\\user1\\AppData\\Local\\Temp\\rta_RTAOS_638388406317960277_1736001\\cclxJv7A.s 			page 32


 1389 1072 6C       		.byte	0x6c
 1390 1073 17       		.uleb128 0x17
 1391 1074 70726576 		.string	"previous_tmask"
 1391      696F7573 
 1391      5F746D61 
 1391      736B00
 1392 1083 01       		.byte	0x1
 1393 1084 5D05     		.uahalf	0x55d
 1394 1086 F7030000 		.uaword	0x3f7
 1395 108a 00000000 		.uaword	.LLST2
 1396 108e 19       		.uleb128 0x19
 1397 108f 00000000 		.uaword	.LBB2
 1398 1093 00000000 		.uaword	.LBE2
 1399 1097 AC100000 		.uaword	0x10ac
 1400 109b 17       		.uleb128 0x17
 1401 109c 72657300 		.string	"res"
 1402 10a0 01       		.byte	0x1
 1403 10a1 5B05     		.uahalf	0x55b
 1404 10a3 D7010000 		.uaword	0x1d7
 1405 10a7 00000000 		.uaword	.LLST3
 1406 10ab 00       		.byte	0
 1407 10ac 19       		.uleb128 0x19
 1408 10ad 00000000 		.uaword	.LBB3
 1409 10b1 00000000 		.uaword	.LBE3
 1410 10b5 CA100000 		.uaword	0x10ca
 1411 10b9 17       		.uleb128 0x17
 1412 10ba 72657300 		.string	"res"
 1413 10be 01       		.byte	0x1
 1414 10bf 5D05     		.uahalf	0x55d
 1415 10c1 D7010000 		.uaword	0x1d7
 1416 10c5 00000000 		.uaword	.LLST2
 1417 10c9 00       		.byte	0
 1418 10ca 19       		.uleb128 0x19
 1419 10cb 00000000 		.uaword	.LBB4
 1420 10cf 00000000 		.uaword	.LBE4
 1421 10d3 E8100000 		.uaword	0x10e8
 1422 10d7 17       		.uleb128 0x17
 1423 10d8 72657300 		.string	"res"
 1424 10dc 01       		.byte	0x1
 1425 10dd 5F05     		.uahalf	0x55f
 1426 10df D7010000 		.uaword	0x1d7
 1427 10e3 00000000 		.uaword	.LLST1
 1428 10e7 00       		.byte	0
 1429 10e8 19       		.uleb128 0x19
 1430 10e9 00000000 		.uaword	.LBB5
 1431 10ed 00000000 		.uaword	.LBE5
 1432 10f1 07110000 		.uaword	0x1107
 1433 10f5 1A       		.uleb128 0x1a
 1434 10f6 6E657776 		.string	"newval"
 1434      616C00
 1435 10fd 01       		.byte	0x1
 1436 10fe 5F05     		.uahalf	0x55f
 1437 1100 D7010000 		.uaword	0x1d7
 1438 1104 FF80     		.uahalf	0x80ff
 1439 1106 00       		.byte	0
 1440 1107 19       		.uleb128 0x19
 1441 1108 00000000 		.uaword	.LBB6
GAS Infineon TriCore Little Endian C:\\Users\\user1\\AppData\\Local\\Temp\\rta_RTAOS_638388406317960277_1736001\\cclxJv7A.s 			page 33


 1442 110c 00000000 		.uaword	.LBE6
 1443 1110 28110000 		.uaword	0x1128
 1444 1114 17       		.uleb128 0x17
 1445 1115 6E657776 		.string	"newval"
 1445      616C00
 1446 111c 01       		.byte	0x1
 1447 111d 6305     		.uahalf	0x563
 1448 111f D7010000 		.uaword	0x1d7
 1449 1123 00000000 		.uaword	.LLST6
 1450 1127 00       		.byte	0
 1451 1128 1B       		.uleb128 0x1b
 1452 1129 00000000 		.uaword	.LVL7
 1453 112d 79110000 		.uaword	0x1179
 1454 1131 1C       		.uleb128 0x1c
 1455 1132 01       		.byte	0x1
 1456 1133 64       		.byte	0x64
 1457 1134 02       		.byte	0x2
 1458 1135 8F       		.byte	0x8f
 1459 1136 00       		.sleb128 0
 1460 1137 00       		.byte	0
 1461 1138 00       		.byte	0
 1462 1139 08       		.uleb128 0x8
 1463 113a 04       		.byte	0x4
 1464 113b 3F110000 		.uaword	0x113f
 1465 113f 0F       		.uleb128 0xf
 1466 1140 AD0F0000 		.uaword	0xfad
 1467 1144 06       		.uleb128 0x6
 1468 1145 AD0F0000 		.uaword	0xfad
 1469 1149 4F110000 		.uaword	0x114f
 1470 114d 1D       		.uleb128 0x1d
 1471 114e 00       		.byte	0
 1472 114f 1E       		.uleb128 0x1e
 1473 1150 4F735F63 		.string	"Os_const_coreconfiguration"
 1473      6F6E7374 
 1473      5F636F72 
 1473      65636F6E 
 1473      66696775 
 1474 116b 01       		.byte	0x1
 1475 116c 6B04     		.uahalf	0x46b
 1476 116e 74110000 		.uaword	0x1174
 1477 1172 01       		.byte	0x1
 1478 1173 01       		.byte	0x1
 1479 1174 0F       		.uleb128 0xf
 1480 1175 44110000 		.uaword	0x1144
 1481 1179 1F       		.uleb128 0x1f
 1482 117a 01       		.byte	0x1
 1483 117b 4F735F49 		.string	"Os_IsTaskValid"
 1483      73546173 
 1483      6B56616C 
 1483      696400
 1484 118a 01       		.byte	0x1
 1485 118b 4205     		.uahalf	0x542
 1486 118d 01       		.byte	0x1
 1487 118e 48020000 		.uaword	0x248
 1488 1192 01       		.byte	0x1
 1489 1193 20       		.uleb128 0x20
 1490 1194 240B0000 		.uaword	0xb24
GAS Infineon TriCore Little Endian C:\\Users\\user1\\AppData\\Local\\Temp\\rta_RTAOS_638388406317960277_1736001\\cclxJv7A.s 			page 34


 1491 1198 00       		.byte	0
 1492 1199 00       		.byte	0
 1493              	.section .debug_abbrev,"",@progbits
 1494              	.Ldebug_abbrev0:
 1495 0000 01       		.uleb128 0x1
 1496 0001 11       		.uleb128 0x11
 1497 0002 01       		.byte	0x1
 1498 0003 25       		.uleb128 0x25
 1499 0004 08       		.uleb128 0x8
 1500 0005 13       		.uleb128 0x13
 1501 0006 0B       		.uleb128 0xb
 1502 0007 03       		.uleb128 0x3
 1503 0008 08       		.uleb128 0x8
 1504 0009 55       		.uleb128 0x55
 1505 000a 06       		.uleb128 0x6
 1506 000b 11       		.uleb128 0x11
 1507 000c 01       		.uleb128 0x1
 1508 000d 52       		.uleb128 0x52
 1509 000e 01       		.uleb128 0x1
 1510 000f 10       		.uleb128 0x10
 1511 0010 06       		.uleb128 0x6
 1512 0011 00       		.byte	0
 1513 0012 00       		.byte	0
 1514 0013 02       		.uleb128 0x2
 1515 0014 16       		.uleb128 0x16
 1516 0015 00       		.byte	0
 1517 0016 03       		.uleb128 0x3
 1518 0017 08       		.uleb128 0x8
 1519 0018 3A       		.uleb128 0x3a
 1520 0019 0B       		.uleb128 0xb
 1521 001a 3B       		.uleb128 0x3b
 1522 001b 0B       		.uleb128 0xb
 1523 001c 49       		.uleb128 0x49
 1524 001d 13       		.uleb128 0x13
 1525 001e 00       		.byte	0
 1526 001f 00       		.byte	0
 1527 0020 03       		.uleb128 0x3
 1528 0021 24       		.uleb128 0x24
 1529 0022 00       		.byte	0
 1530 0023 0B       		.uleb128 0xb
 1531 0024 0B       		.uleb128 0xb
 1532 0025 3E       		.uleb128 0x3e
 1533 0026 0B       		.uleb128 0xb
 1534 0027 03       		.uleb128 0x3
 1535 0028 08       		.uleb128 0x8
 1536 0029 00       		.byte	0
 1537 002a 00       		.byte	0
 1538 002b 04       		.uleb128 0x4
 1539 002c 13       		.uleb128 0x13
 1540 002d 01       		.byte	0x1
 1541 002e 0B       		.uleb128 0xb
 1542 002f 0B       		.uleb128 0xb
 1543 0030 3A       		.uleb128 0x3a
 1544 0031 0B       		.uleb128 0xb
 1545 0032 3B       		.uleb128 0x3b
 1546 0033 0B       		.uleb128 0xb
 1547 0034 01       		.uleb128 0x1
GAS Infineon TriCore Little Endian C:\\Users\\user1\\AppData\\Local\\Temp\\rta_RTAOS_638388406317960277_1736001\\cclxJv7A.s 			page 35


 1548 0035 13       		.uleb128 0x13
 1549 0036 00       		.byte	0
 1550 0037 00       		.byte	0
 1551 0038 05       		.uleb128 0x5
 1552 0039 0D       		.uleb128 0xd
 1553 003a 00       		.byte	0
 1554 003b 03       		.uleb128 0x3
 1555 003c 08       		.uleb128 0x8
 1556 003d 3A       		.uleb128 0x3a
 1557 003e 0B       		.uleb128 0xb
 1558 003f 3B       		.uleb128 0x3b
 1559 0040 0B       		.uleb128 0xb
 1560 0041 49       		.uleb128 0x49
 1561 0042 13       		.uleb128 0x13
 1562 0043 38       		.uleb128 0x38
 1563 0044 0A       		.uleb128 0xa
 1564 0045 00       		.byte	0
 1565 0046 00       		.byte	0
 1566 0047 06       		.uleb128 0x6
 1567 0048 01       		.uleb128 0x1
 1568 0049 01       		.byte	0x1
 1569 004a 49       		.uleb128 0x49
 1570 004b 13       		.uleb128 0x13
 1571 004c 01       		.uleb128 0x1
 1572 004d 13       		.uleb128 0x13
 1573 004e 00       		.byte	0
 1574 004f 00       		.byte	0
 1575 0050 07       		.uleb128 0x7
 1576 0051 21       		.uleb128 0x21
 1577 0052 00       		.byte	0
 1578 0053 49       		.uleb128 0x49
 1579 0054 13       		.uleb128 0x13
 1580 0055 2F       		.uleb128 0x2f
 1581 0056 0B       		.uleb128 0xb
 1582 0057 00       		.byte	0
 1583 0058 00       		.byte	0
 1584 0059 08       		.uleb128 0x8
 1585 005a 0F       		.uleb128 0xf
 1586 005b 00       		.byte	0
 1587 005c 0B       		.uleb128 0xb
 1588 005d 0B       		.uleb128 0xb
 1589 005e 49       		.uleb128 0x49
 1590 005f 13       		.uleb128 0x13
 1591 0060 00       		.byte	0
 1592 0061 00       		.byte	0
 1593 0062 09       		.uleb128 0x9
 1594 0063 15       		.uleb128 0x15
 1595 0064 00       		.byte	0
 1596 0065 27       		.uleb128 0x27
 1597 0066 0C       		.uleb128 0xc
 1598 0067 00       		.byte	0
 1599 0068 00       		.byte	0
 1600 0069 0A       		.uleb128 0xa
 1601 006a 16       		.uleb128 0x16
 1602 006b 00       		.byte	0
 1603 006c 03       		.uleb128 0x3
 1604 006d 08       		.uleb128 0x8
GAS Infineon TriCore Little Endian C:\\Users\\user1\\AppData\\Local\\Temp\\rta_RTAOS_638388406317960277_1736001\\cclxJv7A.s 			page 36


 1605 006e 3A       		.uleb128 0x3a
 1606 006f 0B       		.uleb128 0xb
 1607 0070 3B       		.uleb128 0x3b
 1608 0071 05       		.uleb128 0x5
 1609 0072 49       		.uleb128 0x49
 1610 0073 13       		.uleb128 0x13
 1611 0074 00       		.byte	0
 1612 0075 00       		.byte	0
 1613 0076 0B       		.uleb128 0xb
 1614 0077 35       		.uleb128 0x35
 1615 0078 00       		.byte	0
 1616 0079 49       		.uleb128 0x49
 1617 007a 13       		.uleb128 0x13
 1618 007b 00       		.byte	0
 1619 007c 00       		.byte	0
 1620 007d 0C       		.uleb128 0xc
 1621 007e 13       		.uleb128 0x13
 1622 007f 01       		.byte	0x1
 1623 0080 03       		.uleb128 0x3
 1624 0081 08       		.uleb128 0x8
 1625 0082 0B       		.uleb128 0xb
 1626 0083 0B       		.uleb128 0xb
 1627 0084 3A       		.uleb128 0x3a
 1628 0085 0B       		.uleb128 0xb
 1629 0086 3B       		.uleb128 0x3b
 1630 0087 05       		.uleb128 0x5
 1631 0088 01       		.uleb128 0x1
 1632 0089 13       		.uleb128 0x13
 1633 008a 00       		.byte	0
 1634 008b 00       		.byte	0
 1635 008c 0D       		.uleb128 0xd
 1636 008d 0D       		.uleb128 0xd
 1637 008e 00       		.byte	0
 1638 008f 03       		.uleb128 0x3
 1639 0090 08       		.uleb128 0x8
 1640 0091 3A       		.uleb128 0x3a
 1641 0092 0B       		.uleb128 0xb
 1642 0093 3B       		.uleb128 0x3b
 1643 0094 05       		.uleb128 0x5
 1644 0095 49       		.uleb128 0x49
 1645 0096 13       		.uleb128 0x13
 1646 0097 38       		.uleb128 0x38
 1647 0098 0A       		.uleb128 0xa
 1648 0099 00       		.byte	0
 1649 009a 00       		.byte	0
 1650 009b 0E       		.uleb128 0xe
 1651 009c 0D       		.uleb128 0xd
 1652 009d 00       		.byte	0
 1653 009e 03       		.uleb128 0x3
 1654 009f 0E       		.uleb128 0xe
 1655 00a0 3A       		.uleb128 0x3a
 1656 00a1 0B       		.uleb128 0xb
 1657 00a2 3B       		.uleb128 0x3b
 1658 00a3 05       		.uleb128 0x5
 1659 00a4 49       		.uleb128 0x49
 1660 00a5 13       		.uleb128 0x13
 1661 00a6 38       		.uleb128 0x38
GAS Infineon TriCore Little Endian C:\\Users\\user1\\AppData\\Local\\Temp\\rta_RTAOS_638388406317960277_1736001\\cclxJv7A.s 			page 37


 1662 00a7 0A       		.uleb128 0xa
 1663 00a8 00       		.byte	0
 1664 00a9 00       		.byte	0
 1665 00aa 0F       		.uleb128 0xf
 1666 00ab 26       		.uleb128 0x26
 1667 00ac 00       		.byte	0
 1668 00ad 49       		.uleb128 0x49
 1669 00ae 13       		.uleb128 0x13
 1670 00af 00       		.byte	0
 1671 00b0 00       		.byte	0
 1672 00b1 10       		.uleb128 0x10
 1673 00b2 17       		.uleb128 0x17
 1674 00b3 01       		.byte	0x1
 1675 00b4 0B       		.uleb128 0xb
 1676 00b5 0B       		.uleb128 0xb
 1677 00b6 3A       		.uleb128 0x3a
 1678 00b7 0B       		.uleb128 0xb
 1679 00b8 3B       		.uleb128 0x3b
 1680 00b9 05       		.uleb128 0x5
 1681 00ba 01       		.uleb128 0x1
 1682 00bb 13       		.uleb128 0x13
 1683 00bc 00       		.byte	0
 1684 00bd 00       		.byte	0
 1685 00be 11       		.uleb128 0x11
 1686 00bf 0D       		.uleb128 0xd
 1687 00c0 00       		.byte	0
 1688 00c1 03       		.uleb128 0x3
 1689 00c2 08       		.uleb128 0x8
 1690 00c3 3A       		.uleb128 0x3a
 1691 00c4 0B       		.uleb128 0xb
 1692 00c5 3B       		.uleb128 0x3b
 1693 00c6 05       		.uleb128 0x5
 1694 00c7 49       		.uleb128 0x49
 1695 00c8 13       		.uleb128 0x13
 1696 00c9 00       		.byte	0
 1697 00ca 00       		.byte	0
 1698 00cb 12       		.uleb128 0x12
 1699 00cc 0D       		.uleb128 0xd
 1700 00cd 00       		.byte	0
 1701 00ce 03       		.uleb128 0x3
 1702 00cf 0E       		.uleb128 0xe
 1703 00d0 3A       		.uleb128 0x3a
 1704 00d1 0B       		.uleb128 0xb
 1705 00d2 3B       		.uleb128 0x3b
 1706 00d3 05       		.uleb128 0x5
 1707 00d4 49       		.uleb128 0x49
 1708 00d5 13       		.uleb128 0x13
 1709 00d6 00       		.byte	0
 1710 00d7 00       		.byte	0
 1711 00d8 13       		.uleb128 0x13
 1712 00d9 13       		.uleb128 0x13
 1713 00da 01       		.byte	0x1
 1714 00db 0B       		.uleb128 0xb
 1715 00dc 0B       		.uleb128 0xb
 1716 00dd 3A       		.uleb128 0x3a
 1717 00de 0B       		.uleb128 0xb
 1718 00df 3B       		.uleb128 0x3b
GAS Infineon TriCore Little Endian C:\\Users\\user1\\AppData\\Local\\Temp\\rta_RTAOS_638388406317960277_1736001\\cclxJv7A.s 			page 38


 1719 00e0 05       		.uleb128 0x5
 1720 00e1 01       		.uleb128 0x1
 1721 00e2 13       		.uleb128 0x13
 1722 00e3 00       		.byte	0
 1723 00e4 00       		.byte	0
 1724 00e5 14       		.uleb128 0x14
 1725 00e6 2E       		.uleb128 0x2e
 1726 00e7 01       		.byte	0x1
 1727 00e8 3F       		.uleb128 0x3f
 1728 00e9 0C       		.uleb128 0xc
 1729 00ea 03       		.uleb128 0x3
 1730 00eb 08       		.uleb128 0x8
 1731 00ec 3A       		.uleb128 0x3a
 1732 00ed 0B       		.uleb128 0xb
 1733 00ee 3B       		.uleb128 0x3b
 1734 00ef 05       		.uleb128 0x5
 1735 00f0 27       		.uleb128 0x27
 1736 00f1 0C       		.uleb128 0xc
 1737 00f2 49       		.uleb128 0x49
 1738 00f3 13       		.uleb128 0x13
 1739 00f4 11       		.uleb128 0x11
 1740 00f5 01       		.uleb128 0x1
 1741 00f6 12       		.uleb128 0x12
 1742 00f7 01       		.uleb128 0x1
 1743 00f8 40       		.uleb128 0x40
 1744 00f9 0A       		.uleb128 0xa
 1745 00fa 9742     		.uleb128 0x2117
 1746 00fc 0C       		.uleb128 0xc
 1747 00fd 01       		.uleb128 0x1
 1748 00fe 13       		.uleb128 0x13
 1749 00ff 00       		.byte	0
 1750 0100 00       		.byte	0
 1751 0101 15       		.uleb128 0x15
 1752 0102 05       		.uleb128 0x5
 1753 0103 00       		.byte	0
 1754 0104 03       		.uleb128 0x3
 1755 0105 08       		.uleb128 0x8
 1756 0106 3A       		.uleb128 0x3a
 1757 0107 0B       		.uleb128 0xb
 1758 0108 3B       		.uleb128 0x3b
 1759 0109 05       		.uleb128 0x5
 1760 010a 49       		.uleb128 0x49
 1761 010b 13       		.uleb128 0x13
 1762 010c 02       		.uleb128 0x2
 1763 010d 06       		.uleb128 0x6
 1764 010e 00       		.byte	0
 1765 010f 00       		.byte	0
 1766 0110 16       		.uleb128 0x16
 1767 0111 34       		.uleb128 0x34
 1768 0112 00       		.byte	0
 1769 0113 03       		.uleb128 0x3
 1770 0114 08       		.uleb128 0x8
 1771 0115 3A       		.uleb128 0x3a
 1772 0116 0B       		.uleb128 0xb
 1773 0117 3B       		.uleb128 0x3b
 1774 0118 05       		.uleb128 0x5
 1775 0119 49       		.uleb128 0x49
GAS Infineon TriCore Little Endian C:\\Users\\user1\\AppData\\Local\\Temp\\rta_RTAOS_638388406317960277_1736001\\cclxJv7A.s 			page 39


 1776 011a 13       		.uleb128 0x13
 1777 011b 02       		.uleb128 0x2
 1778 011c 0A       		.uleb128 0xa
 1779 011d 00       		.byte	0
 1780 011e 00       		.byte	0
 1781 011f 17       		.uleb128 0x17
 1782 0120 34       		.uleb128 0x34
 1783 0121 00       		.byte	0
 1784 0122 03       		.uleb128 0x3
 1785 0123 08       		.uleb128 0x8
 1786 0124 3A       		.uleb128 0x3a
 1787 0125 0B       		.uleb128 0xb
 1788 0126 3B       		.uleb128 0x3b
 1789 0127 05       		.uleb128 0x5
 1790 0128 49       		.uleb128 0x49
 1791 0129 13       		.uleb128 0x13
 1792 012a 02       		.uleb128 0x2
 1793 012b 06       		.uleb128 0x6
 1794 012c 00       		.byte	0
 1795 012d 00       		.byte	0
 1796 012e 18       		.uleb128 0x18
 1797 012f 34       		.uleb128 0x34
 1798 0130 00       		.byte	0
 1799 0131 03       		.uleb128 0x3
 1800 0132 08       		.uleb128 0x8
 1801 0133 3A       		.uleb128 0x3a
 1802 0134 0B       		.uleb128 0xb
 1803 0135 3B       		.uleb128 0x3b
 1804 0136 05       		.uleb128 0x5
 1805 0137 49       		.uleb128 0x49
 1806 0138 13       		.uleb128 0x13
 1807 0139 00       		.byte	0
 1808 013a 00       		.byte	0
 1809 013b 19       		.uleb128 0x19
 1810 013c 0B       		.uleb128 0xb
 1811 013d 01       		.byte	0x1
 1812 013e 11       		.uleb128 0x11
 1813 013f 01       		.uleb128 0x1
 1814 0140 12       		.uleb128 0x12
 1815 0141 01       		.uleb128 0x1
 1816 0142 01       		.uleb128 0x1
 1817 0143 13       		.uleb128 0x13
 1818 0144 00       		.byte	0
 1819 0145 00       		.byte	0
 1820 0146 1A       		.uleb128 0x1a
 1821 0147 34       		.uleb128 0x34
 1822 0148 00       		.byte	0
 1823 0149 03       		.uleb128 0x3
 1824 014a 08       		.uleb128 0x8
 1825 014b 3A       		.uleb128 0x3a
 1826 014c 0B       		.uleb128 0xb
 1827 014d 3B       		.uleb128 0x3b
 1828 014e 05       		.uleb128 0x5
 1829 014f 49       		.uleb128 0x49
 1830 0150 13       		.uleb128 0x13
 1831 0151 1C       		.uleb128 0x1c
 1832 0152 05       		.uleb128 0x5
GAS Infineon TriCore Little Endian C:\\Users\\user1\\AppData\\Local\\Temp\\rta_RTAOS_638388406317960277_1736001\\cclxJv7A.s 			page 40


 1833 0153 00       		.byte	0
 1834 0154 00       		.byte	0
 1835 0155 1B       		.uleb128 0x1b
 1836 0156 898201   		.uleb128 0x4109
 1837 0159 01       		.byte	0x1
 1838 015a 11       		.uleb128 0x11
 1839 015b 01       		.uleb128 0x1
 1840 015c 31       		.uleb128 0x31
 1841 015d 13       		.uleb128 0x13
 1842 015e 00       		.byte	0
 1843 015f 00       		.byte	0
 1844 0160 1C       		.uleb128 0x1c
 1845 0161 8A8201   		.uleb128 0x410a
 1846 0164 00       		.byte	0
 1847 0165 02       		.uleb128 0x2
 1848 0166 0A       		.uleb128 0xa
 1849 0167 9142     		.uleb128 0x2111
 1850 0169 0A       		.uleb128 0xa
 1851 016a 00       		.byte	0
 1852 016b 00       		.byte	0
 1853 016c 1D       		.uleb128 0x1d
 1854 016d 21       		.uleb128 0x21
 1855 016e 00       		.byte	0
 1856 016f 00       		.byte	0
 1857 0170 00       		.byte	0
 1858 0171 1E       		.uleb128 0x1e
 1859 0172 34       		.uleb128 0x34
 1860 0173 00       		.byte	0
 1861 0174 03       		.uleb128 0x3
 1862 0175 08       		.uleb128 0x8
 1863 0176 3A       		.uleb128 0x3a
 1864 0177 0B       		.uleb128 0xb
 1865 0178 3B       		.uleb128 0x3b
 1866 0179 05       		.uleb128 0x5
 1867 017a 49       		.uleb128 0x49
 1868 017b 13       		.uleb128 0x13
 1869 017c 3F       		.uleb128 0x3f
 1870 017d 0C       		.uleb128 0xc
 1871 017e 3C       		.uleb128 0x3c
 1872 017f 0C       		.uleb128 0xc
 1873 0180 00       		.byte	0
 1874 0181 00       		.byte	0
 1875 0182 1F       		.uleb128 0x1f
 1876 0183 2E       		.uleb128 0x2e
 1877 0184 01       		.byte	0x1
 1878 0185 3F       		.uleb128 0x3f
 1879 0186 0C       		.uleb128 0xc
 1880 0187 03       		.uleb128 0x3
 1881 0188 08       		.uleb128 0x8
 1882 0189 3A       		.uleb128 0x3a
 1883 018a 0B       		.uleb128 0xb
 1884 018b 3B       		.uleb128 0x3b
 1885 018c 05       		.uleb128 0x5
 1886 018d 27       		.uleb128 0x27
 1887 018e 0C       		.uleb128 0xc
 1888 018f 49       		.uleb128 0x49
 1889 0190 13       		.uleb128 0x13
GAS Infineon TriCore Little Endian C:\\Users\\user1\\AppData\\Local\\Temp\\rta_RTAOS_638388406317960277_1736001\\cclxJv7A.s 			page 41


 1890 0191 3C       		.uleb128 0x3c
 1891 0192 0C       		.uleb128 0xc
 1892 0193 00       		.byte	0
 1893 0194 00       		.byte	0
 1894 0195 20       		.uleb128 0x20
 1895 0196 05       		.uleb128 0x5
 1896 0197 00       		.byte	0
 1897 0198 49       		.uleb128 0x49
 1898 0199 13       		.uleb128 0x13
 1899 019a 00       		.byte	0
 1900 019b 00       		.byte	0
 1901 019c 00       		.byte	0
 1902              	.section .debug_loc,"",@progbits
 1903              	.Ldebug_loc0:
 1904              	.LLST0:
 1905 0000 00000000 		.uaword	.LVL0
 1906 0004 00000000 		.uaword	.LVL6
 1907 0008 0100     		.uahalf	0x1
 1908 000a 64       		.byte	0x64
 1909 000b 00000000 		.uaword	.LVL6
 1910 000f 00000000 		.uaword	.LVL8
 1911 0013 0100     		.uahalf	0x1
 1912 0015 6F       		.byte	0x6f
 1913 0016 00000000 		.uaword	.LVL8
 1914 001a 00000000 		.uaword	.LFE0
 1915 001e 0400     		.uahalf	0x4
 1916 0020 F3       		.byte	0xf3
 1917 0021 01       		.uleb128 0x1
 1918 0022 64       		.byte	0x64
 1919 0023 9F       		.byte	0x9f
 1920 0024 00000000 		.uaword	0
 1921 0028 00000000 		.uaword	0
 1922              	.LLST1:
 1923 002c 00000000 		.uaword	.LVL4
 1924 0030 00000000 		.uaword	.LVL10
 1925 0034 0100     		.uahalf	0x1
 1926 0036 5F       		.byte	0x5f
 1927 0037 00000000 		.uaword	0
 1928 003b 00000000 		.uaword	0
 1929              	.LLST2:
 1930 003f 00000000 		.uaword	.LVL3
 1931 0043 00000000 		.uaword	.LVL4
 1932 0047 0100     		.uahalf	0x1
 1933 0049 5F       		.byte	0x5f
 1934 004a 00000000 		.uaword	0
 1935 004e 00000000 		.uaword	0
 1936              	.LLST3:
 1937 0052 00000000 		.uaword	.LVL1
 1938 0056 00000000 		.uaword	.LVL3
 1939 005a 0100     		.uahalf	0x1
 1940 005c 5F       		.byte	0x5f
 1941 005d 00000000 		.uaword	0
 1942 0061 00000000 		.uaword	0
 1943              	.LLST6:
 1944 0065 00000000 		.uaword	.LVL9
 1945 0069 00000000 		.uaword	.LVL10
 1946 006d 0100     		.uahalf	0x1
GAS Infineon TriCore Little Endian C:\\Users\\user1\\AppData\\Local\\Temp\\rta_RTAOS_638388406317960277_1736001\\cclxJv7A.s 			page 42


 1947 006f 5F       		.byte	0x5f
 1948 0070 00000000 		.uaword	0
 1949 0074 00000000 		.uaword	0
 1950              	.section .debug_aranges,"",@progbits
 1951 0000 1C000000 		.uaword	0x1c
 1952 0004 0200     		.uahalf	0x2
 1953 0006 00000000 		.uaword	.Ldebug_info0
 1954 000a 04       		.byte	0x4
 1955 000b 00       		.byte	0
 1956 000c 0000     		.uahalf	0
 1957 000e 0000     		.uahalf	0
 1958 0010 00000000 		.uaword	.LFB0
 1959 0014 62000000 		.uaword	.LFE0-.LFB0
 1960 0018 00000000 		.uaword	0
 1961 001c 00000000 		.uaword	0
 1962              	.section .debug_ranges,"",@progbits
 1963              	.Ldebug_ranges0:
 1964 0000 00000000 		.uaword	.LFB0
 1965 0004 00000000 		.uaword	.LFE0
 1966 0008 00000000 		.uaword	0
 1967 000c 00000000 		.uaword	0
 1968              	.section .debug_line,"",@progbits
 1969              	.Ldebug_line0:
 1970 0000 58010000 	.section .debug_str,"",@progbits
 1970      02001D01 
 1970      00000201 
 1970      FB0E0D00 
 1970      01010101 
 1971              	.LASF4:
 1972 0000 6170706C 		.string	"application"
 1972      69636174 
 1972      696F6E00 
 1973              	.LASF2:
 1974 000c 64796E61 		.string	"dynamic"
 1974      6D696300 
 1975              	.LASF5:
 1976 0014 61637469 		.string	"activation_count"
 1976      76617469 
 1976      6F6E5F63 
 1976      6F756E74 
 1976      00
 1977              	.LASF6:
 1978 0025 74706D61 		.string	"tpmask"
 1978      736B00
 1979              	.LASF1:
 1980 002c 656E7472 		.string	"entry_function"
 1980      795F6675 
 1980      6E637469 
 1980      6F6E00
 1981              	.LASF3:
 1982 003b 61636365 		.string	"access"
 1982      737300
 1983              	.LASF0:
 1984 0042 7265736F 		.string	"resource_count"
 1984      75726365 
 1984      5F636F75 
 1984      6E7400
GAS Infineon TriCore Little Endian C:\\Users\\user1\\AppData\\Local\\Temp\\rta_RTAOS_638388406317960277_1736001\\cclxJv7A.s 			page 43


 1985              		.extern	Os_IsTaskValid,STT_FUNC,0
 1986              		.extern	Os_const_coreconfiguration,STT_OBJECT,-1
 1987              		.ident	"GCC: (HighTec Release HDP-v4.9.4.1-11fcedf) 4.9.4 build on 2020-09-01"
