GAS Infineon TriCore Little Endian C:\\Users\\user1\\AppData\\Local\\Temp\\rta_RTAOS_638388406317960277_1736001\\ccDSHqrZ.s 			page 1


   1              		.file	"GetVersionInfo.c"
   2              	.section .text,"ax",@progbits
   3              	.Ltext0:
   4              	.section .text.Os_GetVersionInfo,"ax",@progbits
   5              		.align 1
   6              		.global	Os_GetVersionInfo
   7              		.type	Os_GetVersionInfo, @function
   8              	Os_GetVersionInfo:
   9              	.LFB0:
  10              		.file 1 "C:\\Users\\user1\\AppData\\Local\\Temp\\rta_RTAOS_638388406317960277_1736001\\GetVersionI
  11              		.loc 1 1367 0
  12              	.LVL0:
  13              	.LBB2:
  14              		.loc 1 1368 0
  15              	#APP
  16              		# 1368 "C:\Users\user1\AppData\Local\Temp\rta_RTAOS_638388406317960277_1736001\GetVersionInfo.c" 1
  17 0000 4DC0E1FF 		mfcr %d15,0xfe1c
  18              		# 0 "" 2
  19              	.LVL1:
  20              	#NO_APP
  21              	.LBE2:
  22              		.loc 1 1369 0
  23 0004 910000F0 		movh.a	%a15, hi:Os_const_coreconfiguration
  24 0008 80F3     		mov.d	%d3, %a15
  25 000a 1B030020 		addi	%d2, %d3, lo:Os_const_coreconfiguration
  26 000e 138F2132 		madd	%d3, %d2, %d15, 24
  27 0012 603F     		mov.a	%a15, %d3
  28 0014 C81F     		ld.a	%a15, [%a15] 4
  29              	.LVL2:
  30              	.LBB3:
  31              		.loc 1 1370 0
  32              	#APP
  33              		# 1370 "C:\Users\user1\AppData\Local\Temp\rta_RTAOS_638388406317960277_1736001\GetVersionInfo.c" 1
  34 0016 4D40E0FF 		mfcr %d15,0xfe04
  35              		# 0 "" 2
  36              	.LVL3:
  37              	#NO_APP
  38              	.LBE3:
  39              		.loc 1 1371 0
  40 001a AEB3     		jnz.t	%d15, 11, .L2
  41              		.loc 1 1371 0 is_stmt 0 discriminator 1
  42              	#APP
  43              		# 1371 "C:\Users\user1\AppData\Local\Temp\rta_RTAOS_638388406317960277_1736001\GetVersionInfo.c" 1
  44 001c AD008000 		syscall 0
  45              		# 0 "" 2
  46              	#NO_APP
  47              	.L2:
  48              		.loc 1 1372 0 is_stmt 1
  49 0020 DA39     		mov	%d15, 57
  50              	.LVL4:
  51 0022 E9FF1800 		st.b	[%a15] 24, %d15
  52              		.loc 1 1373 0
  53 0026 DA0B     		mov	%d15, 11
  54 0028 AC40     		st.h	[%a4]0, %d15
  55              		.loc 1 1374 0
  56 002a 821F     		mov	%d15, 1
  57 002c AC41     		st.h	[%a4] 2, %d15
GAS Infineon TriCore Little Endian C:\\Users\\user1\\AppData\\Local\\Temp\\rta_RTAOS_638388406317960277_1736001\\ccDSHqrZ.s 			page 2


  58              		.loc 1 1375 0
  59 002e 826F     		mov	%d15, 6
  60 0030 2C44     		st.b	[%a4] 4, %d15
  61              		.loc 1 1376 0
  62 0032 822F     		mov	%d15, 2
  63 0034 2C45     		st.b	[%a4] 5, %d15
  64              		.loc 1 1377 0
  65 0036 3B80FCFF 		mov	%d15, -56
  66 003a 2C46     		st.b	[%a4] 6, %d15
  67              		.loc 1 1378 0
  68 003c DA38     		mov	%d15, 56
  69 003e E9FF1800 		st.b	[%a15] 24, %d15
  70 0042 0090     		ret
  71              	.LFE0:
  72              		.size	Os_GetVersionInfo, .-Os_GetVersionInfo
  73              	.section .debug_frame,"",@progbits
  74              	.Lframe0:
  75 0000 0C000000 		.uaword	.LECIE0-.LSCIE0
  76              	.LSCIE0:
  77 0004 FFFFFFFF 		.uaword	0xffffffff
  78 0008 01       		.byte	0x1
  79 0009 00       		.string	""
  80 000a 01       		.uleb128 0x1
  81 000b 01       		.sleb128 1
  82 000c 1B       		.byte	0x1b
  83 000d 0C       		.byte	0xc
  84 000e 1A       		.uleb128 0x1a
  85 000f 00       		.uleb128 0
  86              		.align 2
  87              	.LECIE0:
  88              	.LSFDE0:
  89 0010 0C000000 		.uaword	.LEFDE0-.LASFDE0
  90              	.LASFDE0:
  91 0014 00000000 		.uaword	.Lframe0
  92 0018 00000000 		.uaword	.LFB0
  93 001c 44000000 		.uaword	.LFE0-.LFB0
  94              		.align 2
  95              	.LEFDE0:
  96              	.section .text,"ax",@progbits
  97              	.Letext0:
  98              		.file 2 "D:\\home\\user123\\user\\Mohan6_VectorSIP\\21Dec23\\15Dec23_CAN_merge_21stDec\\25_Softwar
  99              		.file 3 "D:\\home\\user123\\user\\Mohan6_VectorSIP\\21Dec23\\15Dec23_CAN_merge_21stDec\\25_Softwar
 100              	.section .debug_info,"",@progbits
 101              	.Ldebug_info0:
 102 0000 69110000 		.uaword	0x1169
 103 0004 0200     		.uahalf	0x2
 104 0006 00000000 		.uaword	.Ldebug_abbrev0
 105 000a 04       		.byte	0x4
 106 000b 01       		.uleb128 0x1
 107 000c 474E5520 		.ascii	"GNU C 4."
 107      4320342E 
 108 0014 392E3420 		.string	"9.4 build on 2020-09-01 -mlicense-dir=c:\\hightec\\toolchains\\tricore\\v4.9.4.1\\bin\\..
 108      6275696C 
 108      64206F6E 
 108      20323032 
 108      302D3039 
 109 0115 01       		.byte	0x1
GAS Infineon TriCore Little Endian C:\\Users\\user1\\AppData\\Local\\Temp\\rta_RTAOS_638388406317960277_1736001\\ccDSHqrZ.s 			page 3


 110 0116 433A5C55 		.string	"C:\\Users\\user1\\AppData\\Local\\Temp\\rta_RTAOS_638388406317960277_1736001\\GetVersionI
 110      73657273 
 110      5C757365 
 110      72315C41 
 110      70704461 
 111 016e 00000000 		.uaword	.Ldebug_ranges0+0
 112 0172 00000000 		.uaword	0
 113 0176 00000000 		.uaword	0
 114 017a 00000000 		.uaword	.Ldebug_line0
 115 017e 02       		.uleb128 0x2
 116 017f 75696E74 		.string	"uint8"
 116      3800
 117 0185 02       		.byte	0x2
 118 0186 34       		.byte	0x34
 119 0187 8B010000 		.uaword	0x18b
 120 018b 03       		.uleb128 0x3
 121 018c 01       		.byte	0x1
 122 018d 08       		.byte	0x8
 123 018e 756E7369 		.string	"unsigned char"
 123      676E6564 
 123      20636861 
 123      7200
 124 019c 02       		.uleb128 0x2
 125 019d 75696E74 		.string	"uint16"
 125      313600
 126 01a4 02       		.byte	0x2
 127 01a5 35       		.byte	0x35
 128 01a6 AA010000 		.uaword	0x1aa
 129 01aa 03       		.uleb128 0x3
 130 01ab 02       		.byte	0x2
 131 01ac 07       		.byte	0x7
 132 01ad 73686F72 		.string	"short unsigned int"
 132      7420756E 
 132      7369676E 
 132      65642069 
 132      6E7400
 133 01c0 02       		.uleb128 0x2
 134 01c1 75696E74 		.string	"uint32"
 134      333200
 135 01c8 02       		.byte	0x2
 136 01c9 36       		.byte	0x36
 137 01ca CE010000 		.uaword	0x1ce
 138 01ce 03       		.uleb128 0x3
 139 01cf 04       		.byte	0x4
 140 01d0 07       		.byte	0x7
 141 01d1 756E7369 		.string	"unsigned int"
 141      676E6564 
 141      20696E74 
 141      00
 142 01de 03       		.uleb128 0x3
 143 01df 01       		.byte	0x1
 144 01e0 06       		.byte	0x6
 145 01e1 7369676E 		.string	"signed char"
 145      65642063 
 145      68617200 
 146 01ed 03       		.uleb128 0x3
 147 01ee 02       		.byte	0x2
GAS Infineon TriCore Little Endian C:\\Users\\user1\\AppData\\Local\\Temp\\rta_RTAOS_638388406317960277_1736001\\ccDSHqrZ.s 			page 4


 148 01ef 05       		.byte	0x5
 149 01f0 73686F72 		.string	"short int"
 149      7420696E 
 149      7400
 150 01fa 03       		.uleb128 0x3
 151 01fb 04       		.byte	0x4
 152 01fc 05       		.byte	0x5
 153 01fd 696E7400 		.string	"int"
 154 0201 03       		.uleb128 0x3
 155 0202 04       		.byte	0x4
 156 0203 04       		.byte	0x4
 157 0204 666C6F61 		.string	"float"
 157      7400
 158 020a 03       		.uleb128 0x3
 159 020b 08       		.byte	0x8
 160 020c 04       		.byte	0x4
 161 020d 646F7562 		.string	"double"
 161      6C6500
 162 0214 03       		.uleb128 0x3
 163 0215 08       		.byte	0x8
 164 0216 05       		.byte	0x5
 165 0217 6C6F6E67 		.string	"long long int"
 165      206C6F6E 
 165      6720696E 
 165      7400
 166 0225 03       		.uleb128 0x3
 167 0226 08       		.byte	0x8
 168 0227 07       		.byte	0x7
 169 0228 6C6F6E67 		.string	"long long unsigned int"
 169      206C6F6E 
 169      6720756E 
 169      7369676E 
 169      65642069 
 170 023f 02       		.uleb128 0x2
 171 0240 626F6F6C 		.string	"boolean"
 171      65616E00 
 172 0248 02       		.byte	0x2
 173 0249 49       		.byte	0x49
 174 024a 8B010000 		.uaword	0x18b
 175 024e 04       		.uleb128 0x4
 176 024f 08       		.byte	0x8
 177 0250 03       		.byte	0x3
 178 0251 1D       		.byte	0x1d
 179 0252 CE020000 		.uaword	0x2ce
 180 0256 05       		.uleb128 0x5
 181 0257 76656E64 		.string	"vendorID"
 181      6F724944 
 181      00
 182 0260 03       		.byte	0x3
 183 0261 1E       		.byte	0x1e
 184 0262 9C010000 		.uaword	0x19c
 185 0266 02       		.byte	0x2
 186 0267 23       		.byte	0x23
 187 0268 00       		.uleb128 0
 188 0269 05       		.uleb128 0x5
 189 026a 6D6F6475 		.string	"moduleID"
 189      6C654944 
GAS Infineon TriCore Little Endian C:\\Users\\user1\\AppData\\Local\\Temp\\rta_RTAOS_638388406317960277_1736001\\ccDSHqrZ.s 			page 5


 189      00
 190 0273 03       		.byte	0x3
 191 0274 1F       		.byte	0x1f
 192 0275 9C010000 		.uaword	0x19c
 193 0279 02       		.byte	0x2
 194 027a 23       		.byte	0x23
 195 027b 02       		.uleb128 0x2
 196 027c 05       		.uleb128 0x5
 197 027d 73775F6D 		.string	"sw_major_version"
 197      616A6F72 
 197      5F766572 
 197      73696F6E 
 197      00
 198 028e 03       		.byte	0x3
 199 028f 20       		.byte	0x20
 200 0290 7E010000 		.uaword	0x17e
 201 0294 02       		.byte	0x2
 202 0295 23       		.byte	0x23
 203 0296 04       		.uleb128 0x4
 204 0297 05       		.uleb128 0x5
 205 0298 73775F6D 		.string	"sw_minor_version"
 205      696E6F72 
 205      5F766572 
 205      73696F6E 
 205      00
 206 02a9 03       		.byte	0x3
 207 02aa 21       		.byte	0x21
 208 02ab 7E010000 		.uaword	0x17e
 209 02af 02       		.byte	0x2
 210 02b0 23       		.byte	0x23
 211 02b1 05       		.uleb128 0x5
 212 02b2 05       		.uleb128 0x5
 213 02b3 73775F70 		.string	"sw_patch_version"
 213      61746368 
 213      5F766572 
 213      73696F6E 
 213      00
 214 02c4 03       		.byte	0x3
 215 02c5 22       		.byte	0x22
 216 02c6 7E010000 		.uaword	0x17e
 217 02ca 02       		.byte	0x2
 218 02cb 23       		.byte	0x23
 219 02cc 06       		.uleb128 0x6
 220 02cd 00       		.byte	0
 221 02ce 02       		.uleb128 0x2
 222 02cf 5374645F 		.string	"Std_VersionInfoType"
 222      56657273 
 222      696F6E49 
 222      6E666F54 
 222      79706500 
 223 02e3 03       		.byte	0x3
 224 02e4 23       		.byte	0x23
 225 02e5 4E020000 		.uaword	0x24e
 226 02e9 02       		.uleb128 0x2
 227 02ea 53746174 		.string	"StatusType"
 227      75735479 
 227      706500
GAS Infineon TriCore Little Endian C:\\Users\\user1\\AppData\\Local\\Temp\\rta_RTAOS_638388406317960277_1736001\\ccDSHqrZ.s 			page 6


 228 02f5 03       		.byte	0x3
 229 02f6 28       		.byte	0x28
 230 02f7 8B010000 		.uaword	0x18b
 231 02fb 04       		.uleb128 0x4
 232 02fc 08       		.byte	0x8
 233 02fd 01       		.byte	0x1
 234 02fe 7C       		.byte	0x7c
 235 02ff 3A030000 		.uaword	0x33a
 236 0303 05       		.uleb128 0x5
 237 0304 436C6173 		.string	"Class"
 237      7300
 238 030a 01       		.byte	0x1
 239 030b 7D       		.byte	0x7d
 240 030c 7E010000 		.uaword	0x17e
 241 0310 02       		.byte	0x2
 242 0311 23       		.byte	0x23
 243 0312 00       		.uleb128 0
 244 0313 05       		.uleb128 0x5
 245 0314 54494E00 		.string	"TIN"
 246 0318 01       		.byte	0x1
 247 0319 7E       		.byte	0x7e
 248 031a 7E010000 		.uaword	0x17e
 249 031e 02       		.byte	0x2
 250 031f 23       		.byte	0x23
 251 0320 01       		.uleb128 0x1
 252 0321 05       		.uleb128 0x5
 253 0322 52657475 		.string	"ReturnAddress"
 253      726E4164 
 253      64726573 
 253      7300
 254 0330 01       		.byte	0x1
 255 0331 7F       		.byte	0x7f
 256 0332 C0010000 		.uaword	0x1c0
 257 0336 02       		.byte	0x2
 258 0337 23       		.byte	0x23
 259 0338 04       		.uleb128 0x4
 260 0339 00       		.byte	0
 261 033a 02       		.uleb128 0x2
 262 033b 4F735472 		.string	"OsTrapInfoType"
 262      6170496E 
 262      666F5479 
 262      706500
 263 034a 01       		.byte	0x1
 264 034b 80       		.byte	0x80
 265 034c FB020000 		.uaword	0x2fb
 266 0350 02       		.uleb128 0x2
 267 0351 75696E74 		.string	"uint32_aligned"
 267      33325F61 
 267      6C69676E 
 267      656400
 268 0360 01       		.byte	0x1
 269 0361 86       		.byte	0x86
 270 0362 C0010000 		.uaword	0x1c0
 271 0366 04       		.uleb128 0x4
 272 0367 44       		.byte	0x44
 273 0368 01       		.byte	0x1
 274 0369 AB       		.byte	0xab
GAS Infineon TriCore Little Endian C:\\Users\\user1\\AppData\\Local\\Temp\\rta_RTAOS_638388406317960277_1736001\\ccDSHqrZ.s 			page 7


 275 036a 7F030000 		.uaword	0x37f
 276 036e 05       		.uleb128 0x5
 277 036f 73746F72 		.string	"store"
 277      6500
 278 0375 01       		.byte	0x1
 279 0376 AC       		.byte	0xac
 280 0377 7F030000 		.uaword	0x37f
 281 037b 02       		.byte	0x2
 282 037c 23       		.byte	0x23
 283 037d 00       		.uleb128 0
 284 037e 00       		.byte	0
 285 037f 06       		.uleb128 0x6
 286 0380 C0010000 		.uaword	0x1c0
 287 0384 8F030000 		.uaword	0x38f
 288 0388 07       		.uleb128 0x7
 289 0389 8F030000 		.uaword	0x38f
 290 038d 10       		.byte	0x10
 291 038e 00       		.byte	0
 292 038f 03       		.uleb128 0x3
 293 0390 04       		.byte	0x4
 294 0391 07       		.byte	0x7
 295 0392 73697A65 		.string	"sizetype"
 295      74797065 
 295      00
 296 039b 02       		.uleb128 0x2
 297 039c 4F735F4A 		.string	"Os_JumpBufType"
 297      756D7042 
 297      75665479 
 297      706500
 298 03ab 01       		.byte	0x1
 299 03ac AD       		.byte	0xad
 300 03ad B1030000 		.uaword	0x3b1
 301 03b1 06       		.uleb128 0x6
 302 03b2 66030000 		.uaword	0x366
 303 03b6 C1030000 		.uaword	0x3c1
 304 03ba 07       		.uleb128 0x7
 305 03bb 8F030000 		.uaword	0x38f
 306 03bf 00       		.byte	0
 307 03c0 00       		.byte	0
 308 03c1 02       		.uleb128 0x2
 309 03c2 4F735F52 		.string	"Os_ResourceCountType"
 309      65736F75 
 309      72636543 
 309      6F756E74 
 309      54797065 
 310 03d7 01       		.byte	0x1
 311 03d8 BE       		.byte	0xbe
 312 03d9 8B010000 		.uaword	0x18b
 313 03dd 02       		.uleb128 0x2
 314 03de 4F735F53 		.string	"Os_StackTraceType"
 314      7461636B 
 314      54726163 
 314      65547970 
 314      6500
 315 03f0 01       		.byte	0x1
 316 03f1 BF       		.byte	0xbf
 317 03f2 CE010000 		.uaword	0x1ce
GAS Infineon TriCore Little Endian C:\\Users\\user1\\AppData\\Local\\Temp\\rta_RTAOS_638388406317960277_1736001\\ccDSHqrZ.s 			page 8


 318 03f6 04       		.uleb128 0x4
 319 03f7 08       		.byte	0x8
 320 03f8 01       		.byte	0x1
 321 03f9 C0       		.byte	0xc0
 322 03fa 1A040000 		.uaword	0x41a
 323 03fe 05       		.uleb128 0x5
 324 03ff 737000   		.string	"sp"
 325 0402 01       		.byte	0x1
 326 0403 C0       		.byte	0xc0
 327 0404 DD030000 		.uaword	0x3dd
 328 0408 02       		.byte	0x2
 329 0409 23       		.byte	0x23
 330 040a 00       		.uleb128 0
 331 040b 05       		.uleb128 0x5
 332 040c 63747800 		.string	"ctx"
 333 0410 01       		.byte	0x1
 334 0411 C0       		.byte	0xc0
 335 0412 DD030000 		.uaword	0x3dd
 336 0416 02       		.byte	0x2
 337 0417 23       		.byte	0x23
 338 0418 04       		.uleb128 0x4
 339 0419 00       		.byte	0
 340 041a 02       		.uleb128 0x2
 341 041b 4F735F53 		.string	"Os_StackValueType"
 341      7461636B 
 341      56616C75 
 341      65547970 
 341      6500
 342 042d 01       		.byte	0x1
 343 042e C0       		.byte	0xc0
 344 042f F6030000 		.uaword	0x3f6
 345 0433 02       		.uleb128 0x2
 346 0434 4F735F53 		.string	"Os_StackSizeType"
 346      7461636B 
 346      53697A65 
 346      54797065 
 346      00
 347 0445 01       		.byte	0x1
 348 0446 C1       		.byte	0xc1
 349 0447 1A040000 		.uaword	0x41a
 350 044b 02       		.uleb128 0x2
 351 044c 4F735F56 		.string	"Os_VoidVoidFunctionType"
 351      6F696456 
 351      6F696446 
 351      756E6374 
 351      696F6E54 
 352 0464 01       		.byte	0x1
 353 0465 C7       		.byte	0xc7
 354 0466 6A040000 		.uaword	0x46a
 355 046a 08       		.uleb128 0x8
 356 046b 04       		.byte	0x4
 357 046c 70040000 		.uaword	0x470
 358 0470 09       		.uleb128 0x9
 359 0471 01       		.byte	0x1
 360 0472 08       		.uleb128 0x8
 361 0473 04       		.byte	0x4
 362 0474 CE020000 		.uaword	0x2ce
GAS Infineon TriCore Little Endian C:\\Users\\user1\\AppData\\Local\\Temp\\rta_RTAOS_638388406317960277_1736001\\ccDSHqrZ.s 			page 9


 363 0478 02       		.uleb128 0x2
 364 0479 4170706C 		.string	"ApplicationType"
 364      69636174 
 364      696F6E54 
 364      79706500 
 365 0489 01       		.byte	0x1
 366 048a D5       		.byte	0xd5
 367 048b 8B010000 		.uaword	0x18b
 368 048f 02       		.uleb128 0x2
 369 0490 4F735F74 		.string	"Os_tmaskType"
 369      6D61736B 
 369      54797065 
 369      00
 370 049d 01       		.byte	0x1
 371 049e D9       		.byte	0xd9
 372 049f C0010000 		.uaword	0x1c0
 373 04a3 02       		.uleb128 0x2
 374 04a4 4F735F43 		.string	"Os_CoreStateType"
 374      6F726553 
 374      74617465 
 374      54797065 
 374      00
 375 04b5 01       		.byte	0x1
 376 04b6 E7       		.byte	0xe7
 377 04b7 C0010000 		.uaword	0x1c0
 378 04bb 02       		.uleb128 0x2
 379 04bc 4F735F53 		.string	"Os_StopwatchTickType"
 379      746F7077 
 379      61746368 
 379      5469636B 
 379      54797065 
 380 04d1 01       		.byte	0x1
 381 04d2 FD       		.byte	0xfd
 382 04d3 CE010000 		.uaword	0x1ce
 383 04d7 0A       		.uleb128 0xa
 384 04d8 4F735F54 		.string	"Os_TerminatorType"
 384      65726D69 
 384      6E61746F 
 384      72547970 
 384      6500
 385 04ea 01       		.byte	0x1
 386 04eb 0201     		.uahalf	0x102
 387 04ed F1040000 		.uaword	0x4f1
 388 04f1 08       		.uleb128 0x8
 389 04f2 04       		.byte	0x4
 390 04f3 9B030000 		.uaword	0x39b
 391 04f7 0A       		.uleb128 0xa
 392 04f8 4F735F4C 		.string	"Os_Lockable"
 392      6F636B61 
 392      626C6500 
 393 0504 01       		.byte	0x1
 394 0505 0701     		.uahalf	0x107
 395 0507 50030000 		.uaword	0x350
 396 050b 0A       		.uleb128 0xa
 397 050c 436F7265 		.string	"CoreIdType"
 397      49645479 
 397      706500
GAS Infineon TriCore Little Endian C:\\Users\\user1\\AppData\\Local\\Temp\\rta_RTAOS_638388406317960277_1736001\\ccDSHqrZ.s 			page 10


 398 0517 01       		.byte	0x1
 399 0518 0901     		.uahalf	0x109
 400 051a 9C010000 		.uaword	0x19c
 401 051e 0B       		.uleb128 0xb
 402 051f F7040000 		.uaword	0x4f7
 403 0523 0C       		.uleb128 0xc
 404 0524 4F735F43 		.string	"Os_ControlledCoreType_s"
 404      6F6E7472 
 404      6F6C6C65 
 404      64436F72 
 404      65547970 
 405 053c 58       		.byte	0x58
 406 053d 01       		.byte	0x1
 407 053e 1004     		.uahalf	0x410
 408 0540 21070000 		.uaword	0x721
 409 0544 0D       		.uleb128 0xd
 410 0545 54726170 		.string	"TrapInfo"
 410      496E666F 
 410      00
 411 054e 01       		.byte	0x1
 412 054f 1104     		.uahalf	0x411
 413 0551 3A030000 		.uaword	0x33a
 414 0555 02       		.byte	0x2
 415 0556 23       		.byte	0x23
 416 0557 00       		.uleb128 0
 417 0558 0D       		.uleb128 0xd
 418 0559 4572726F 		.string	"ErrorInformation"
 418      72496E66 
 418      6F726D61 
 418      74696F6E 
 418      00
 419 056a 01       		.byte	0x1
 420 056b 1204     		.uahalf	0x412
 421 056d B40D0000 		.uaword	0xdb4
 422 0571 02       		.byte	0x2
 423 0572 23       		.byte	0x23
 424 0573 08       		.uleb128 0x8
 425 0574 0D       		.uleb128 0xd
 426 0575 6C6F636B 		.string	"lock_taskaccess"
 426      5F746173 
 426      6B616363 
 426      65737300 
 427 0585 01       		.byte	0x1
 428 0586 1304     		.uahalf	0x413
 429 0588 1E050000 		.uaword	0x51e
 430 058c 02       		.byte	0x2
 431 058d 23       		.byte	0x23
 432 058e 18       		.uleb128 0x18
 433 058f 0D       		.uleb128 0xd
 434 0590 52656164 		.string	"ReadyTasks"
 434      79546173 
 434      6B7300
 435 059b 01       		.byte	0x1
 436 059c 1404     		.uahalf	0x414
 437 059e EA0D0000 		.uaword	0xdea
 438 05a2 02       		.byte	0x2
 439 05a3 23       		.byte	0x23
GAS Infineon TriCore Little Endian C:\\Users\\user1\\AppData\\Local\\Temp\\rta_RTAOS_638388406317960277_1736001\\ccDSHqrZ.s 			page 11


 440 05a4 1C       		.uleb128 0x1c
 441 05a5 0D       		.uleb128 0xd
 442 05a6 52756E6E 		.string	"RunningISR"
 442      696E6749 
 442      535200
 443 05b1 01       		.byte	0x1
 444 05b2 1504     		.uahalf	0x415
 445 05b4 EF0D0000 		.uaword	0xdef
 446 05b8 02       		.byte	0x2
 447 05b9 23       		.byte	0x23
 448 05ba 20       		.uleb128 0x20
 449 05bb 0D       		.uleb128 0xd
 450 05bc 52756E6E 		.string	"RunningTask"
 450      696E6754 
 450      61736B00 
 451 05c8 01       		.byte	0x1
 452 05c9 1604     		.uahalf	0x416
 453 05cb F40D0000 		.uaword	0xdf4
 454 05cf 02       		.byte	0x2
 455 05d0 23       		.byte	0x23
 456 05d1 24       		.uleb128 0x24
 457 05d2 0D       		.uleb128 0xd
 458 05d3 52756E6E 		.string	"RunningTPMask"
 458      696E6754 
 458      504D6173 
 458      6B00
 459 05e1 01       		.byte	0x1
 460 05e2 1704     		.uahalf	0x417
 461 05e4 F90D0000 		.uaword	0xdf9
 462 05e8 02       		.byte	0x2
 463 05e9 23       		.byte	0x23
 464 05ea 28       		.uleb128 0x28
 465 05eb 0D       		.uleb128 0xd
 466 05ec 5465726D 		.string	"TerminatingTasks"
 466      696E6174 
 466      696E6754 
 466      61736B73 
 466      00
 467 05fd 01       		.byte	0x1
 468 05fe 1804     		.uahalf	0x418
 469 0600 EA0D0000 		.uaword	0xdea
 470 0604 02       		.byte	0x2
 471 0605 23       		.byte	0x23
 472 0606 2C       		.uleb128 0x2c
 473 0607 0D       		.uleb128 0xd
 474 0608 4170706C 		.string	"Application"
 474      69636174 
 474      696F6E00 
 475 0614 01       		.byte	0x1
 476 0615 1904     		.uahalf	0x419
 477 0617 78040000 		.uaword	0x478
 478 061b 02       		.byte	0x2
 479 061c 23       		.byte	0x23
 480 061d 30       		.uleb128 0x30
 481 061e 0D       		.uleb128 0xd
 482 061f 43757272 		.string	"CurrentTerminator"
 482      656E7454 
GAS Infineon TriCore Little Endian C:\\Users\\user1\\AppData\\Local\\Temp\\rta_RTAOS_638388406317960277_1736001\\ccDSHqrZ.s 			page 12


 482      65726D69 
 482      6E61746F 
 482      7200
 483 0631 01       		.byte	0x1
 484 0632 1A04     		.uahalf	0x41a
 485 0634 FE0D0000 		.uaword	0xdfe
 486 0638 02       		.byte	0x2
 487 0639 23       		.byte	0x23
 488 063a 34       		.uleb128 0x34
 489 063b 0D       		.uleb128 0xd
 490 063c 43757272 		.string	"CurrentMeteredObject"
 490      656E744D 
 490      65746572 
 490      65644F62 
 490      6A656374 
 491 0651 01       		.byte	0x1
 492 0652 1B04     		.uahalf	0x41b
 493 0654 8D070000 		.uaword	0x78d
 494 0658 02       		.byte	0x2
 495 0659 23       		.byte	0x23
 496 065a 38       		.uleb128 0x38
 497 065b 0D       		.uleb128 0xd
 498 065c 49646C65 		.string	"IdleMeter"
 498      4D657465 
 498      7200
 499 0666 01       		.byte	0x1
 500 0667 1C04     		.uahalf	0x41c
 501 0669 74070000 		.uaword	0x774
 502 066d 02       		.byte	0x2
 503 066e 23       		.byte	0x23
 504 066f 3C       		.uleb128 0x3c
 505 0670 0D       		.uleb128 0xd
 506 0671 41707041 		.string	"AppAccess"
 506      63636573 
 506      7300
 507 067b 01       		.byte	0x1
 508 067c 1D04     		.uahalf	0x41d
 509 067e 7E010000 		.uaword	0x17e
 510 0682 02       		.byte	0x2
 511 0683 23       		.byte	0x23
 512 0684 48       		.uleb128 0x48
 513 0685 0D       		.uleb128 0xd
 514 0686 4170704F 		.string	"AppOverride"
 514      76657272 
 514      69646500 
 515 0692 01       		.byte	0x1
 516 0693 1E04     		.uahalf	0x41e
 517 0695 030E0000 		.uaword	0xe03
 518 0699 02       		.byte	0x2
 519 069a 23       		.byte	0x23
 520 069b 49       		.uleb128 0x49
 521 069c 0D       		.uleb128 0xd
 522 069d 47657453 		.string	"GetStackValueAdjust"
 522      7461636B 
 522      56616C75 
 522      6541646A 
 522      75737400 
GAS Infineon TriCore Little Endian C:\\Users\\user1\\AppData\\Local\\Temp\\rta_RTAOS_638388406317960277_1736001\\ccDSHqrZ.s 			page 13


 523 06b1 01       		.byte	0x1
 524 06b2 1F04     		.uahalf	0x41f
 525 06b4 33040000 		.uaword	0x433
 526 06b8 02       		.byte	0x2
 527 06b9 23       		.byte	0x23
 528 06ba 4C       		.uleb128 0x4c
 529 06bb 0D       		.uleb128 0xd
 530 06bc 496E4572 		.string	"InErrorHook"
 530      726F7248 
 530      6F6F6B00 
 531 06c8 01       		.byte	0x1
 532 06c9 2004     		.uahalf	0x420
 533 06cb 3F020000 		.uaword	0x23f
 534 06cf 02       		.byte	0x2
 535 06d0 23       		.byte	0x23
 536 06d1 54       		.uleb128 0x54
 537 06d2 0D       		.uleb128 0xd
 538 06d3 496E5072 		.string	"InProtectionHook"
 538      6F746563 
 538      74696F6E 
 538      486F6F6B 
 538      00
 539 06e4 01       		.byte	0x1
 540 06e5 2104     		.uahalf	0x421
 541 06e7 3F020000 		.uaword	0x23f
 542 06eb 02       		.byte	0x2
 543 06ec 23       		.byte	0x23
 544 06ed 55       		.uleb128 0x55
 545 06ee 0D       		.uleb128 0xd
 546 06ef 436F7265 		.string	"CoreIsActive"
 546      49734163 
 546      74697665 
 546      00
 547 06fc 01       		.byte	0x1
 548 06fd 2204     		.uahalf	0x422
 549 06ff 3F020000 		.uaword	0x23f
 550 0703 02       		.byte	0x2
 551 0704 23       		.byte	0x23
 552 0705 56       		.uleb128 0x56
 553 0706 0D       		.uleb128 0xd
 554 0707 496E5368 		.string	"InShutdownHook"
 554      7574646F 
 554      776E486F 
 554      6F6B00
 555 0716 01       		.byte	0x1
 556 0717 2304     		.uahalf	0x423
 557 0719 3F020000 		.uaword	0x23f
 558 071d 02       		.byte	0x2
 559 071e 23       		.byte	0x23
 560 071f 57       		.uleb128 0x57
 561 0720 00       		.byte	0
 562 0721 0C       		.uleb128 0xc
 563 0722 4F735F4D 		.string	"Os_MeterInfoType_s"
 563      65746572 
 563      496E666F 
 563      54797065 
 563      5F7300
GAS Infineon TriCore Little Endian C:\\Users\\user1\\AppData\\Local\\Temp\\rta_RTAOS_638388406317960277_1736001\\ccDSHqrZ.s 			page 14


 564 0735 0C       		.byte	0xc
 565 0736 01       		.byte	0x1
 566 0737 7201     		.uahalf	0x172
 567 0739 74070000 		.uaword	0x774
 568 073d 0D       		.uleb128 0xd
 569 073e 656C6170 		.string	"elapsed"
 569      73656400 
 570 0746 01       		.byte	0x1
 571 0747 7301     		.uahalf	0x173
 572 0749 BB040000 		.uaword	0x4bb
 573 074d 02       		.byte	0x2
 574 074e 23       		.byte	0x23
 575 074f 00       		.uleb128 0
 576 0750 0D       		.uleb128 0xd
 577 0751 70726576 		.string	"previous"
 577      696F7573 
 577      00
 578 075a 01       		.byte	0x1
 579 075b 7401     		.uahalf	0x174
 580 075d BB040000 		.uaword	0x4bb
 581 0761 02       		.byte	0x2
 582 0762 23       		.byte	0x23
 583 0763 04       		.uleb128 0x4
 584 0764 0D       		.uleb128 0xd
 585 0765 6D617800 		.string	"max"
 586 0769 01       		.byte	0x1
 587 076a 7501     		.uahalf	0x175
 588 076c BB040000 		.uaword	0x4bb
 589 0770 02       		.byte	0x2
 590 0771 23       		.byte	0x23
 591 0772 08       		.uleb128 0x8
 592 0773 00       		.byte	0
 593 0774 0A       		.uleb128 0xa
 594 0775 4F735F4D 		.string	"Os_MeterInfoType"
 594      65746572 
 594      496E666F 
 594      54797065 
 594      00
 595 0786 01       		.byte	0x1
 596 0787 7601     		.uahalf	0x176
 597 0789 21070000 		.uaword	0x721
 598 078d 0A       		.uleb128 0xa
 599 078e 4F735F4D 		.string	"Os_MeterInfoRefType"
 599      65746572 
 599      496E666F 
 599      52656654 
 599      79706500 
 600 07a2 01       		.byte	0x1
 601 07a3 7701     		.uahalf	0x177
 602 07a5 A9070000 		.uaword	0x7a9
 603 07a9 08       		.uleb128 0x8
 604 07aa 04       		.byte	0x4
 605 07ab 74070000 		.uaword	0x774
 606 07af 0A       		.uleb128 0xa
 607 07b0 4F735F69 		.string	"Os_imaskType"
 607      6D61736B 
 607      54797065 
GAS Infineon TriCore Little Endian C:\\Users\\user1\\AppData\\Local\\Temp\\rta_RTAOS_638388406317960277_1736001\\ccDSHqrZ.s 			page 15


 607      00
 608 07bd 01       		.byte	0x1
 609 07be 7F01     		.uahalf	0x17f
 610 07c0 C0010000 		.uaword	0x1c0
 611 07c4 0C       		.uleb128 0xc
 612 07c5 4F735F49 		.string	"Os_ISRDynType_s"
 612      53524479 
 612      6E547970 
 612      655F7300 
 613 07d5 10       		.byte	0x10
 614 07d6 01       		.byte	0x1
 615 07d7 8101     		.uahalf	0x181
 616 07d9 15080000 		.uaword	0x815
 617 07dd 0E       		.uleb128 0xe
 618 07de 00000000 		.uaword	.LASF0
 619 07e2 01       		.byte	0x1
 620 07e3 8201     		.uahalf	0x182
 621 07e5 C1030000 		.uaword	0x3c1
 622 07e9 02       		.byte	0x2
 623 07ea 23       		.byte	0x23
 624 07eb 00       		.uleb128 0
 625 07ec 0D       		.uleb128 0xd
 626 07ed 7465726D 		.string	"terminating"
 626      696E6174 
 626      696E6700 
 627 07f9 01       		.byte	0x1
 628 07fa 8301     		.uahalf	0x183
 629 07fc 3F020000 		.uaword	0x23f
 630 0800 02       		.byte	0x2
 631 0801 23       		.byte	0x23
 632 0802 01       		.uleb128 0x1
 633 0803 0D       		.uleb128 0xd
 634 0804 6D657465 		.string	"meter"
 634      7200
 635 080a 01       		.byte	0x1
 636 080b 8401     		.uahalf	0x184
 637 080d 74070000 		.uaword	0x774
 638 0811 02       		.byte	0x2
 639 0812 23       		.byte	0x23
 640 0813 04       		.uleb128 0x4
 641 0814 00       		.byte	0
 642 0815 0A       		.uleb128 0xa
 643 0816 4F735F49 		.string	"Os_ISRDynType"
 643      53524479 
 643      6E547970 
 643      6500
 644 0824 01       		.byte	0x1
 645 0825 8501     		.uahalf	0x185
 646 0827 C4070000 		.uaword	0x7c4
 647 082b 0A       		.uleb128 0xa
 648 082c 4F735F49 		.string	"Os_IsrTerminatedFunctionType"
 648      73725465 
 648      726D696E 
 648      61746564 
 648      46756E63 
 649 0849 01       		.byte	0x1
 650 084a 8601     		.uahalf	0x186
GAS Infineon TriCore Little Endian C:\\Users\\user1\\AppData\\Local\\Temp\\rta_RTAOS_638388406317960277_1736001\\ccDSHqrZ.s 			page 16


 651 084c 6A040000 		.uaword	0x46a
 652 0850 0C       		.uleb128 0xc
 653 0851 4F735F49 		.string	"Os_ISRType_s"
 653      53525479 
 653      70655F73 
 653      00
 654 085e 18       		.byte	0x18
 655 085f 01       		.byte	0x1
 656 0860 8701     		.uahalf	0x187
 657 0862 E4080000 		.uaword	0x8e4
 658 0866 0E       		.uleb128 0xe
 659 0867 00000000 		.uaword	.LASF1
 660 086b 01       		.byte	0x1
 661 086c 8801     		.uahalf	0x188
 662 086e 4B040000 		.uaword	0x44b
 663 0872 02       		.byte	0x2
 664 0873 23       		.byte	0x23
 665 0874 00       		.uleb128 0
 666 0875 0D       		.uleb128 0xd
 667 0876 7465726D 		.string	"terminated_function"
 667      696E6174 
 667      65645F66 
 667      756E6374 
 667      696F6E00 
 668 088a 01       		.byte	0x1
 669 088b 8901     		.uahalf	0x189
 670 088d 2B080000 		.uaword	0x82b
 671 0891 02       		.byte	0x2
 672 0892 23       		.byte	0x23
 673 0893 04       		.uleb128 0x4
 674 0894 0E       		.uleb128 0xe
 675 0895 00000000 		.uaword	.LASF2
 676 0899 01       		.byte	0x1
 677 089a 8A01     		.uahalf	0x18a
 678 089c E4080000 		.uaword	0x8e4
 679 08a0 02       		.byte	0x2
 680 08a1 23       		.byte	0x23
 681 08a2 08       		.uleb128 0x8
 682 08a3 0D       		.uleb128 0xd
 683 08a4 696D6173 		.string	"imask"
 683      6B00
 684 08aa 01       		.byte	0x1
 685 08ab 8B01     		.uahalf	0x18b
 686 08ad AF070000 		.uaword	0x7af
 687 08b1 02       		.byte	0x2
 688 08b2 23       		.byte	0x23
 689 08b3 0C       		.uleb128 0xc
 690 08b4 0D       		.uleb128 0xd
 691 08b5 696E6465 		.string	"index"
 691      7800
 692 08bb 01       		.byte	0x1
 693 08bc 8C01     		.uahalf	0x18c
 694 08be C0010000 		.uaword	0x1c0
 695 08c2 02       		.byte	0x2
 696 08c3 23       		.byte	0x23
 697 08c4 10       		.uleb128 0x10
 698 08c5 0E       		.uleb128 0xe
GAS Infineon TriCore Little Endian C:\\Users\\user1\\AppData\\Local\\Temp\\rta_RTAOS_638388406317960277_1736001\\ccDSHqrZ.s 			page 17


 699 08c6 00000000 		.uaword	.LASF3
 700 08ca 01       		.byte	0x1
 701 08cb 8D01     		.uahalf	0x18d
 702 08cd 7E010000 		.uaword	0x17e
 703 08d1 02       		.byte	0x2
 704 08d2 23       		.byte	0x23
 705 08d3 14       		.uleb128 0x14
 706 08d4 0E       		.uleb128 0xe
 707 08d5 00000000 		.uaword	.LASF4
 708 08d9 01       		.byte	0x1
 709 08da 8E01     		.uahalf	0x18e
 710 08dc 78040000 		.uaword	0x478
 711 08e0 02       		.byte	0x2
 712 08e1 23       		.byte	0x23
 713 08e2 15       		.uleb128 0x15
 714 08e3 00       		.byte	0
 715 08e4 0F       		.uleb128 0xf
 716 08e5 E9080000 		.uaword	0x8e9
 717 08e9 08       		.uleb128 0x8
 718 08ea 04       		.byte	0x4
 719 08eb 15080000 		.uaword	0x815
 720 08ef 0A       		.uleb128 0xa
 721 08f0 4F735F49 		.string	"Os_ISRType"
 721      53525479 
 721      706500
 722 08fb 01       		.byte	0x1
 723 08fc 8F01     		.uahalf	0x18f
 724 08fe 50080000 		.uaword	0x850
 725 0902 0A       		.uleb128 0xa
 726 0903 49535254 		.string	"ISRType"
 726      79706500 
 727 090b 01       		.byte	0x1
 728 090c 9001     		.uahalf	0x190
 729 090e 12090000 		.uaword	0x912
 730 0912 08       		.uleb128 0x8
 731 0913 04       		.byte	0x4
 732 0914 18090000 		.uaword	0x918
 733 0918 0F       		.uleb128 0xf
 734 0919 EF080000 		.uaword	0x8ef
 735 091d 0A       		.uleb128 0xa
 736 091e 4F735F62 		.string	"Os_bitmask"
 736      69746D61 
 736      736B00
 737 0929 01       		.byte	0x1
 738 092a A201     		.uahalf	0x1a2
 739 092c CE010000 		.uaword	0x1ce
 740 0930 0A       		.uleb128 0xa
 741 0931 4F735F70 		.string	"Os_pset0Type"
 741      73657430 
 741      54797065 
 741      00
 742 093e 01       		.byte	0x1
 743 093f A301     		.uahalf	0x1a3
 744 0941 1D090000 		.uaword	0x91d
 745 0945 0A       		.uleb128 0xa
 746 0946 4F735F70 		.string	"Os_pset1Type"
 746      73657431 
GAS Infineon TriCore Little Endian C:\\Users\\user1\\AppData\\Local\\Temp\\rta_RTAOS_638388406317960277_1736001\\ccDSHqrZ.s 			page 18


 746      54797065 
 746      00
 747 0953 01       		.byte	0x1
 748 0954 A401     		.uahalf	0x1a4
 749 0956 1D090000 		.uaword	0x91d
 750 095a 0A       		.uleb128 0xa
 751 095b 4F735F70 		.string	"Os_pset2Type"
 751      73657432 
 751      54797065 
 751      00
 752 0968 01       		.byte	0x1
 753 0969 A501     		.uahalf	0x1a5
 754 096b 1D090000 		.uaword	0x91d
 755 096f 10       		.uleb128 0x10
 756 0970 04       		.byte	0x4
 757 0971 01       		.byte	0x1
 758 0972 A601     		.uahalf	0x1a6
 759 0974 9A090000 		.uaword	0x99a
 760 0978 11       		.uleb128 0x11
 761 0979 703000   		.string	"p0"
 762 097c 01       		.byte	0x1
 763 097d A701     		.uahalf	0x1a7
 764 097f 30090000 		.uaword	0x930
 765 0983 11       		.uleb128 0x11
 766 0984 703100   		.string	"p1"
 767 0987 01       		.byte	0x1
 768 0988 A801     		.uahalf	0x1a8
 769 098a 45090000 		.uaword	0x945
 770 098e 11       		.uleb128 0x11
 771 098f 703200   		.string	"p2"
 772 0992 01       		.byte	0x1
 773 0993 A901     		.uahalf	0x1a9
 774 0995 5A090000 		.uaword	0x95a
 775 0999 00       		.byte	0
 776 099a 0A       		.uleb128 0xa
 777 099b 4F735F70 		.string	"Os_psetType"
 777      73657454 
 777      79706500 
 778 09a7 01       		.byte	0x1
 779 09a8 AA01     		.uahalf	0x1aa
 780 09aa 6F090000 		.uaword	0x96f
 781 09ae 10       		.uleb128 0x10
 782 09af 04       		.byte	0x4
 783 09b0 01       		.byte	0x1
 784 09b1 AC01     		.uahalf	0x1ac
 785 09b3 D9090000 		.uaword	0x9d9
 786 09b7 11       		.uleb128 0x11
 787 09b8 743000   		.string	"t0"
 788 09bb 01       		.byte	0x1
 789 09bc AD01     		.uahalf	0x1ad
 790 09be 1D090000 		.uaword	0x91d
 791 09c2 11       		.uleb128 0x11
 792 09c3 743100   		.string	"t1"
 793 09c6 01       		.byte	0x1
 794 09c7 AE01     		.uahalf	0x1ae
 795 09c9 1D090000 		.uaword	0x91d
 796 09cd 11       		.uleb128 0x11
GAS Infineon TriCore Little Endian C:\\Users\\user1\\AppData\\Local\\Temp\\rta_RTAOS_638388406317960277_1736001\\ccDSHqrZ.s 			page 19


 797 09ce 743200   		.string	"t2"
 798 09d1 01       		.byte	0x1
 799 09d2 AF01     		.uahalf	0x1af
 800 09d4 1D090000 		.uaword	0x91d
 801 09d8 00       		.byte	0
 802 09d9 0A       		.uleb128 0xa
 803 09da 4F735F74 		.string	"Os_tpmaskType"
 803      706D6173 
 803      6B547970 
 803      6500
 804 09e8 01       		.byte	0x1
 805 09e9 B001     		.uahalf	0x1b0
 806 09eb AE090000 		.uaword	0x9ae
 807 09ef 0A       		.uleb128 0xa
 808 09f0 4F735F41 		.string	"Os_ActivationCountType"
 808      63746976 
 808      6174696F 
 808      6E436F75 
 808      6E745479 
 809 0a07 01       		.byte	0x1
 810 0a08 B101     		.uahalf	0x1b1
 811 0a0a 8B010000 		.uaword	0x18b
 812 0a0e 0C       		.uleb128 0xc
 813 0a0f 4F735F54 		.string	"Os_TaskDynType_s"
 813      61736B44 
 813      796E5479 
 813      70655F73 
 813      00
 814 0a20 5C       		.byte	0x5c
 815 0a21 01       		.byte	0x1
 816 0a22 B301     		.uahalf	0x1b3
 817 0a24 C90A0000 		.uaword	0xac9
 818 0a28 0D       		.uleb128 0xd
 819 0a29 6C617374 		.string	"last_activation"
 819      5F616374 
 819      69766174 
 819      696F6E00 
 820 0a39 01       		.byte	0x1
 821 0a3a B401     		.uahalf	0x1b4
 822 0a3c BB040000 		.uaword	0x4bb
 823 0a40 02       		.byte	0x2
 824 0a41 23       		.byte	0x23
 825 0a42 00       		.uleb128 0
 826 0a43 0D       		.uleb128 0xd
 827 0a44 7465726D 		.string	"terminate_jump_buf"
 827      696E6174 
 827      655F6A75 
 827      6D705F62 
 827      756600
 828 0a57 01       		.byte	0x1
 829 0a58 B501     		.uahalf	0x1b5
 830 0a5a 9B030000 		.uaword	0x39b
 831 0a5e 02       		.byte	0x2
 832 0a5f 23       		.byte	0x23
 833 0a60 04       		.uleb128 0x4
 834 0a61 0D       		.uleb128 0xd
 835 0a62 6D657465 		.string	"meter"
GAS Infineon TriCore Little Endian C:\\Users\\user1\\AppData\\Local\\Temp\\rta_RTAOS_638388406317960277_1736001\\ccDSHqrZ.s 			page 20


 835      7200
 836 0a68 01       		.byte	0x1
 837 0a69 B601     		.uahalf	0x1b6
 838 0a6b 74070000 		.uaword	0x774
 839 0a6f 02       		.byte	0x2
 840 0a70 23       		.byte	0x23
 841 0a71 48       		.uleb128 0x48
 842 0a72 0D       		.uleb128 0xd
 843 0a73 7365656E 		.string	"seen_activation"
 843      5F616374 
 843      69766174 
 843      696F6E00 
 844 0a83 01       		.byte	0x1
 845 0a84 B701     		.uahalf	0x1b7
 846 0a86 3F020000 		.uaword	0x23f
 847 0a8a 02       		.byte	0x2
 848 0a8b 23       		.byte	0x23
 849 0a8c 54       		.uleb128 0x54
 850 0a8d 0E       		.uleb128 0xe
 851 0a8e 00000000 		.uaword	.LASF5
 852 0a92 01       		.byte	0x1
 853 0a93 B801     		.uahalf	0x1b8
 854 0a95 EF090000 		.uaword	0x9ef
 855 0a99 02       		.byte	0x2
 856 0a9a 23       		.byte	0x23
 857 0a9b 55       		.uleb128 0x55
 858 0a9c 0E       		.uleb128 0xe
 859 0a9d 00000000 		.uaword	.LASF0
 860 0aa1 01       		.byte	0x1
 861 0aa2 B901     		.uahalf	0x1b9
 862 0aa4 C1030000 		.uaword	0x3c1
 863 0aa8 02       		.byte	0x2
 864 0aa9 23       		.byte	0x23
 865 0aaa 56       		.uleb128 0x56
 866 0aab 0D       		.uleb128 0xd
 867 0aac 7465726D 		.string	"termination_state"
 867      696E6174 
 867      696F6E5F 
 867      73746174 
 867      6500
 868 0abe 01       		.byte	0x1
 869 0abf BA01     		.uahalf	0x1ba
 870 0ac1 C0010000 		.uaword	0x1c0
 871 0ac5 02       		.byte	0x2
 872 0ac6 23       		.byte	0x23
 873 0ac7 58       		.uleb128 0x58
 874 0ac8 00       		.byte	0
 875 0ac9 0A       		.uleb128 0xa
 876 0aca 4F735F54 		.string	"Os_TaskDynType"
 876      61736B44 
 876      796E5479 
 876      706500
 877 0ad9 01       		.byte	0x1
 878 0ada BB01     		.uahalf	0x1bb
 879 0adc 0E0A0000 		.uaword	0xa0e
 880 0ae0 0C       		.uleb128 0xc
 881 0ae1 4F735F54 		.string	"Os_TaskType_s"
GAS Infineon TriCore Little Endian C:\\Users\\user1\\AppData\\Local\\Temp\\rta_RTAOS_638388406317960277_1736001\\ccDSHqrZ.s 			page 21


 881      61736B54 
 881      7970655F 
 881      7300
 882 0aef 20       		.byte	0x20
 883 0af0 01       		.byte	0x1
 884 0af1 BD01     		.uahalf	0x1bd
 885 0af3 9D0B0000 		.uaword	0xb9d
 886 0af7 0E       		.uleb128 0xe
 887 0af8 00000000 		.uaword	.LASF2
 888 0afc 01       		.byte	0x1
 889 0afd BE01     		.uahalf	0x1be
 890 0aff 9D0B0000 		.uaword	0xb9d
 891 0b03 02       		.byte	0x2
 892 0b04 23       		.byte	0x23
 893 0b05 00       		.uleb128 0
 894 0b06 0E       		.uleb128 0xe
 895 0b07 00000000 		.uaword	.LASF1
 896 0b0b 01       		.byte	0x1
 897 0b0c BF01     		.uahalf	0x1bf
 898 0b0e 4B040000 		.uaword	0x44b
 899 0b12 02       		.byte	0x2
 900 0b13 23       		.byte	0x23
 901 0b14 04       		.uleb128 0x4
 902 0b15 0D       		.uleb128 0xd
 903 0b16 70736574 		.string	"pset"
 903      00
 904 0b1b 01       		.byte	0x1
 905 0b1c C001     		.uahalf	0x1c0
 906 0b1e 9A090000 		.uaword	0x99a
 907 0b22 02       		.byte	0x2
 908 0b23 23       		.byte	0x23
 909 0b24 08       		.uleb128 0x8
 910 0b25 0D       		.uleb128 0xd
 911 0b26 62617365 		.string	"base_tpmask"
 911      5F74706D 
 911      61736B00 
 912 0b32 01       		.byte	0x1
 913 0b33 C101     		.uahalf	0x1c1
 914 0b35 D9090000 		.uaword	0x9d9
 915 0b39 02       		.byte	0x2
 916 0b3a 23       		.byte	0x23
 917 0b3b 0C       		.uleb128 0xc
 918 0b3c 0E       		.uleb128 0xe
 919 0b3d 00000000 		.uaword	.LASF6
 920 0b41 01       		.byte	0x1
 921 0b42 C201     		.uahalf	0x1c2
 922 0b44 D9090000 		.uaword	0x9d9
 923 0b48 02       		.byte	0x2
 924 0b49 23       		.byte	0x23
 925 0b4a 10       		.uleb128 0x10
 926 0b4b 0D       		.uleb128 0xd
 927 0b4c 636F7265 		.string	"core_id"
 927      5F696400 
 928 0b54 01       		.byte	0x1
 929 0b55 C301     		.uahalf	0x1c3
 930 0b57 0B050000 		.uaword	0x50b
 931 0b5b 02       		.byte	0x2
GAS Infineon TriCore Little Endian C:\\Users\\user1\\AppData\\Local\\Temp\\rta_RTAOS_638388406317960277_1736001\\ccDSHqrZ.s 			page 22


 932 0b5c 23       		.byte	0x23
 933 0b5d 14       		.uleb128 0x14
 934 0b5e 0D       		.uleb128 0xd
 935 0b5f 696E6465 		.string	"index"
 935      7800
 936 0b65 01       		.byte	0x1
 937 0b66 C401     		.uahalf	0x1c4
 938 0b68 C0010000 		.uaword	0x1c0
 939 0b6c 02       		.byte	0x2
 940 0b6d 23       		.byte	0x23
 941 0b6e 18       		.uleb128 0x18
 942 0b6f 0E       		.uleb128 0xe
 943 0b70 00000000 		.uaword	.LASF5
 944 0b74 01       		.byte	0x1
 945 0b75 C501     		.uahalf	0x1c5
 946 0b77 EF090000 		.uaword	0x9ef
 947 0b7b 02       		.byte	0x2
 948 0b7c 23       		.byte	0x23
 949 0b7d 1C       		.uleb128 0x1c
 950 0b7e 0E       		.uleb128 0xe
 951 0b7f 00000000 		.uaword	.LASF3
 952 0b83 01       		.byte	0x1
 953 0b84 C601     		.uahalf	0x1c6
 954 0b86 7E010000 		.uaword	0x17e
 955 0b8a 02       		.byte	0x2
 956 0b8b 23       		.byte	0x23
 957 0b8c 1D       		.uleb128 0x1d
 958 0b8d 0E       		.uleb128 0xe
 959 0b8e 00000000 		.uaword	.LASF4
 960 0b92 01       		.byte	0x1
 961 0b93 C701     		.uahalf	0x1c7
 962 0b95 78040000 		.uaword	0x478
 963 0b99 02       		.byte	0x2
 964 0b9a 23       		.byte	0x23
 965 0b9b 1E       		.uleb128 0x1e
 966 0b9c 00       		.byte	0
 967 0b9d 0F       		.uleb128 0xf
 968 0b9e A20B0000 		.uaword	0xba2
 969 0ba2 08       		.uleb128 0x8
 970 0ba3 04       		.byte	0x4
 971 0ba4 C90A0000 		.uaword	0xac9
 972 0ba8 0A       		.uleb128 0xa
 973 0ba9 4F735F54 		.string	"Os_TaskType"
 973      61736B54 
 973      79706500 
 974 0bb5 01       		.byte	0x1
 975 0bb6 C801     		.uahalf	0x1c8
 976 0bb8 E00A0000 		.uaword	0xae0
 977 0bbc 0A       		.uleb128 0xa
 978 0bbd 5461736B 		.string	"TaskType"
 978      54797065 
 978      00
 979 0bc6 01       		.byte	0x1
 980 0bc7 C901     		.uahalf	0x1c9
 981 0bc9 CD0B0000 		.uaword	0xbcd
 982 0bcd 08       		.uleb128 0x8
 983 0bce 04       		.byte	0x4
GAS Infineon TriCore Little Endian C:\\Users\\user1\\AppData\\Local\\Temp\\rta_RTAOS_638388406317960277_1736001\\ccDSHqrZ.s 			page 23


 984 0bcf D30B0000 		.uaword	0xbd3
 985 0bd3 0F       		.uleb128 0xf
 986 0bd4 A80B0000 		.uaword	0xba8
 987 0bd8 10       		.uleb128 0x10
 988 0bd9 04       		.byte	0x4
 989 0bda 01       		.byte	0x1
 990 0bdb E101     		.uahalf	0x1e1
 991 0bdd FC0B0000 		.uaword	0xbfc
 992 0be1 12       		.uleb128 0x12
 993 0be2 00000000 		.uaword	.LASF6
 994 0be6 01       		.byte	0x1
 995 0be7 E201     		.uahalf	0x1e2
 996 0be9 D9090000 		.uaword	0x9d9
 997 0bed 11       		.uleb128 0x11
 998 0bee 696D6173 		.string	"imask"
 998      6B00
 999 0bf4 01       		.byte	0x1
 1000 0bf5 E301     		.uahalf	0x1e3
 1001 0bf7 AF070000 		.uaword	0x7af
 1002 0bfb 00       		.byte	0
 1003 0bfc 0C       		.uleb128 0xc
 1004 0bfd 4F735F52 		.string	"Os_ResourceDynType_s"
 1004      65736F75 
 1004      72636544 
 1004      796E5479 
 1004      70655F73 
 1005 0c12 0C       		.byte	0xc
 1006 0c13 01       		.byte	0x1
 1007 0c14 DE01     		.uahalf	0x1de
 1008 0c16 5F0C0000 		.uaword	0xc5f
 1009 0c1a 0D       		.uleb128 0xd
 1010 0c1b 61636365 		.string	"access_count"
 1010      73735F63 
 1010      6F756E74 
 1010      00
 1011 0c28 01       		.byte	0x1
 1012 0c29 DF01     		.uahalf	0x1df
 1013 0c2b C1030000 		.uaword	0x3c1
 1014 0c2f 02       		.byte	0x2
 1015 0c30 23       		.byte	0x23
 1016 0c31 00       		.uleb128 0
 1017 0c32 0D       		.uleb128 0xd
 1018 0c33 6C6F636B 		.string	"locker"
 1018      657200
 1019 0c3a 01       		.byte	0x1
 1020 0c3b E001     		.uahalf	0x1e0
 1021 0c3d BC0B0000 		.uaword	0xbbc
 1022 0c41 02       		.byte	0x2
 1023 0c42 23       		.byte	0x23
 1024 0c43 04       		.uleb128 0x4
 1025 0c44 0D       		.uleb128 0xd
 1026 0c45 73617665 		.string	"saved_priority"
 1026      645F7072 
 1026      696F7269 
 1026      747900
 1027 0c54 01       		.byte	0x1
 1028 0c55 E401     		.uahalf	0x1e4
GAS Infineon TriCore Little Endian C:\\Users\\user1\\AppData\\Local\\Temp\\rta_RTAOS_638388406317960277_1736001\\ccDSHqrZ.s 			page 24


 1029 0c57 D80B0000 		.uaword	0xbd8
 1030 0c5b 02       		.byte	0x2
 1031 0c5c 23       		.byte	0x23
 1032 0c5d 08       		.uleb128 0x8
 1033 0c5e 00       		.byte	0
 1034 0c5f 0A       		.uleb128 0xa
 1035 0c60 4F735F52 		.string	"Os_ResourceDynType"
 1035      65736F75 
 1035      72636544 
 1035      796E5479 
 1035      706500
 1036 0c73 01       		.byte	0x1
 1037 0c74 E501     		.uahalf	0x1e5
 1038 0c76 FC0B0000 		.uaword	0xbfc
 1039 0c7a 0C       		.uleb128 0xc
 1040 0c7b 4F735F52 		.string	"Os_ResourceType_s"
 1040      65736F75 
 1040      72636554 
 1040      7970655F 
 1040      7300
 1041 0c8d 10       		.byte	0x10
 1042 0c8e 01       		.byte	0x1
 1043 0c8f E601     		.uahalf	0x1e6
 1044 0c91 D40C0000 		.uaword	0xcd4
 1045 0c95 0E       		.uleb128 0xe
 1046 0c96 00000000 		.uaword	.LASF2
 1047 0c9a 01       		.byte	0x1
 1048 0c9b E701     		.uahalf	0x1e7
 1049 0c9d D40C0000 		.uaword	0xcd4
 1050 0ca1 02       		.byte	0x2
 1051 0ca2 23       		.byte	0x23
 1052 0ca3 00       		.uleb128 0
 1053 0ca4 0E       		.uleb128 0xe
 1054 0ca5 00000000 		.uaword	.LASF6
 1055 0ca9 01       		.byte	0x1
 1056 0caa E801     		.uahalf	0x1e8
 1057 0cac D9090000 		.uaword	0x9d9
 1058 0cb0 02       		.byte	0x2
 1059 0cb1 23       		.byte	0x23
 1060 0cb2 04       		.uleb128 0x4
 1061 0cb3 0D       		.uleb128 0xd
 1062 0cb4 696D6173 		.string	"imask"
 1062      6B00
 1063 0cba 01       		.byte	0x1
 1064 0cbb E901     		.uahalf	0x1e9
 1065 0cbd AF070000 		.uaword	0x7af
 1066 0cc1 02       		.byte	0x2
 1067 0cc2 23       		.byte	0x23
 1068 0cc3 08       		.uleb128 0x8
 1069 0cc4 0E       		.uleb128 0xe
 1070 0cc5 00000000 		.uaword	.LASF3
 1071 0cc9 01       		.byte	0x1
 1072 0cca EA01     		.uahalf	0x1ea
 1073 0ccc 7E010000 		.uaword	0x17e
 1074 0cd0 02       		.byte	0x2
 1075 0cd1 23       		.byte	0x23
 1076 0cd2 0C       		.uleb128 0xc
GAS Infineon TriCore Little Endian C:\\Users\\user1\\AppData\\Local\\Temp\\rta_RTAOS_638388406317960277_1736001\\ccDSHqrZ.s 			page 25


 1077 0cd3 00       		.byte	0
 1078 0cd4 0F       		.uleb128 0xf
 1079 0cd5 D90C0000 		.uaword	0xcd9
 1080 0cd9 08       		.uleb128 0x8
 1081 0cda 04       		.byte	0x4
 1082 0cdb 5F0C0000 		.uaword	0xc5f
 1083 0cdf 0A       		.uleb128 0xa
 1084 0ce0 4F735F52 		.string	"Os_ResourceType"
 1084      65736F75 
 1084      72636554 
 1084      79706500 
 1085 0cf0 01       		.byte	0x1
 1086 0cf1 EB01     		.uahalf	0x1eb
 1087 0cf3 7A0C0000 		.uaword	0xc7a
 1088 0cf7 0A       		.uleb128 0xa
 1089 0cf8 5265736F 		.string	"ResourceType"
 1089      75726365 
 1089      54797065 
 1089      00
 1090 0d05 01       		.byte	0x1
 1091 0d06 EC01     		.uahalf	0x1ec
 1092 0d08 0C0D0000 		.uaword	0xd0c
 1093 0d0c 08       		.uleb128 0x8
 1094 0d0d 04       		.byte	0x4
 1095 0d0e 120D0000 		.uaword	0xd12
 1096 0d12 0F       		.uleb128 0xf
 1097 0d13 DF0C0000 		.uaword	0xcdf
 1098 0d17 0A       		.uleb128 0xa
 1099 0d18 4F535365 		.string	"OSServiceIdType"
 1099      72766963 
 1099      65496454 
 1099      79706500 
 1100 0d28 01       		.byte	0x1
 1101 0d29 5102     		.uahalf	0x251
 1102 0d2b 8B010000 		.uaword	0x18b
 1103 0d2f 0A       		.uleb128 0xa
 1104 0d30 4F735F42 		.string	"Os_BiggestType"
 1104      69676765 
 1104      73745479 
 1104      706500
 1105 0d3f 01       		.byte	0x1
 1106 0d40 2503     		.uahalf	0x325
 1107 0d42 CE010000 		.uaword	0x1ce
 1108 0d46 13       		.uleb128 0x13
 1109 0d47 10       		.byte	0x10
 1110 0d48 01       		.byte	0x1
 1111 0d49 2703     		.uahalf	0x327
 1112 0d4b B40D0000 		.uaword	0xdb4
 1113 0d4f 0D       		.uleb128 0xd
 1114 0d50 73657276 		.string	"service_id"
 1114      6963655F 
 1114      696400
 1115 0d5b 01       		.byte	0x1
 1116 0d5c 2803     		.uahalf	0x328
 1117 0d5e 170D0000 		.uaword	0xd17
 1118 0d62 02       		.byte	0x2
 1119 0d63 23       		.byte	0x23
GAS Infineon TriCore Little Endian C:\\Users\\user1\\AppData\\Local\\Temp\\rta_RTAOS_638388406317960277_1736001\\ccDSHqrZ.s 			page 26


 1120 0d64 00       		.uleb128 0
 1121 0d65 0D       		.uleb128 0xd
 1122 0d66 73657276 		.string	"service_param1"
 1122      6963655F 
 1122      70617261 
 1122      6D3100
 1123 0d75 01       		.byte	0x1
 1124 0d76 2903     		.uahalf	0x329
 1125 0d78 2F0D0000 		.uaword	0xd2f
 1126 0d7c 02       		.byte	0x2
 1127 0d7d 23       		.byte	0x23
 1128 0d7e 04       		.uleb128 0x4
 1129 0d7f 0D       		.uleb128 0xd
 1130 0d80 73657276 		.string	"service_param2"
 1130      6963655F 
 1130      70617261 
 1130      6D3200
 1131 0d8f 01       		.byte	0x1
 1132 0d90 2A03     		.uahalf	0x32a
 1133 0d92 2F0D0000 		.uaword	0xd2f
 1134 0d96 02       		.byte	0x2
 1135 0d97 23       		.byte	0x23
 1136 0d98 08       		.uleb128 0x8
 1137 0d99 0D       		.uleb128 0xd
 1138 0d9a 73657276 		.string	"service_param3"
 1138      6963655F 
 1138      70617261 
 1138      6D3300
 1139 0da9 01       		.byte	0x1
 1140 0daa 2B03     		.uahalf	0x32b
 1141 0dac 2F0D0000 		.uaword	0xd2f
 1142 0db0 02       		.byte	0x2
 1143 0db1 23       		.byte	0x23
 1144 0db2 0C       		.uleb128 0xc
 1145 0db3 00       		.byte	0
 1146 0db4 0A       		.uleb128 0xa
 1147 0db5 4F735F45 		.string	"Os_ErrorInformationType"
 1147      72726F72 
 1147      496E666F 
 1147      726D6174 
 1147      696F6E54 
 1148 0dcd 01       		.byte	0x1
 1149 0dce 2C03     		.uahalf	0x32c
 1150 0dd0 460D0000 		.uaword	0xd46
 1151 0dd4 0A       		.uleb128 0xa
 1152 0dd5 4F735F4F 		.string	"Os_OrtiIdType"
 1152      72746949 
 1152      64547970 
 1152      6500
 1153 0de3 01       		.byte	0x1
 1154 0de4 3003     		.uahalf	0x330
 1155 0de6 8B010000 		.uaword	0x18b
 1156 0dea 0B       		.uleb128 0xb
 1157 0deb 9A090000 		.uaword	0x99a
 1158 0def 0B       		.uleb128 0xb
 1159 0df0 02090000 		.uaword	0x902
 1160 0df4 0B       		.uleb128 0xb
GAS Infineon TriCore Little Endian C:\\Users\\user1\\AppData\\Local\\Temp\\rta_RTAOS_638388406317960277_1736001\\ccDSHqrZ.s 			page 27


 1161 0df5 BC0B0000 		.uaword	0xbbc
 1162 0df9 0B       		.uleb128 0xb
 1163 0dfa D9090000 		.uaword	0x9d9
 1164 0dfe 0B       		.uleb128 0xb
 1165 0dff D7040000 		.uaword	0x4d7
 1166 0e03 0B       		.uleb128 0xb
 1167 0e04 78040000 		.uaword	0x478
 1168 0e08 0A       		.uleb128 0xa
 1169 0e09 4F735F43 		.string	"Os_ControlledCoreType"
 1169      6F6E7472 
 1169      6F6C6C65 
 1169      64436F72 
 1169      65547970 
 1170 0e1f 01       		.byte	0x1
 1171 0e20 2404     		.uahalf	0x424
 1172 0e22 23050000 		.uaword	0x523
 1173 0e26 0C       		.uleb128 0xc
 1174 0e27 4F735F41 		.string	"Os_AnyCoreType_s"
 1174      6E79436F 
 1174      72655479 
 1174      70655F73 
 1174      00
 1175 0e38 64       		.byte	0x64
 1176 0e39 01       		.byte	0x1
 1177 0e3a 3204     		.uahalf	0x432
 1178 0e3c 5F0F0000 		.uaword	0xf5f
 1179 0e40 0D       		.uleb128 0xd
 1180 0e41 44697361 		.string	"DisableAllImask"
 1180      626C6541 
 1180      6C6C496D 
 1180      61736B00 
 1181 0e51 01       		.byte	0x1
 1182 0e52 3304     		.uahalf	0x433
 1183 0e54 5F0F0000 		.uaword	0xf5f
 1184 0e58 02       		.byte	0x2
 1185 0e59 23       		.byte	0x23
 1186 0e5a 00       		.uleb128 0
 1187 0e5b 0D       		.uleb128 0xd
 1188 0e5c 53757370 		.string	"SuspendAllImask"
 1188      656E6441 
 1188      6C6C496D 
 1188      61736B00 
 1189 0e6c 01       		.byte	0x1
 1190 0e6d 3404     		.uahalf	0x434
 1191 0e6f 5F0F0000 		.uaword	0xf5f
 1192 0e73 02       		.byte	0x2
 1193 0e74 23       		.byte	0x23
 1194 0e75 04       		.uleb128 0x4
 1195 0e76 0D       		.uleb128 0xd
 1196 0e77 53757370 		.string	"SuspendOSImask"
 1196      656E644F 
 1196      53496D61 
 1196      736B00
 1197 0e86 01       		.byte	0x1
 1198 0e87 3504     		.uahalf	0x435
 1199 0e89 5F0F0000 		.uaword	0xf5f
 1200 0e8d 02       		.byte	0x2
GAS Infineon TriCore Little Endian C:\\Users\\user1\\AppData\\Local\\Temp\\rta_RTAOS_638388406317960277_1736001\\ccDSHqrZ.s 			page 28


 1201 0e8e 23       		.byte	0x23
 1202 0e8f 08       		.uleb128 0x8
 1203 0e90 0D       		.uleb128 0xd
 1204 0e91 44697361 		.string	"DisableAllCount"
 1204      626C6541 
 1204      6C6C436F 
 1204      756E7400 
 1205 0ea1 01       		.byte	0x1
 1206 0ea2 3604     		.uahalf	0x436
 1207 0ea4 640F0000 		.uaword	0xf64
 1208 0ea8 02       		.byte	0x2
 1209 0ea9 23       		.byte	0x23
 1210 0eaa 0C       		.uleb128 0xc
 1211 0eab 0D       		.uleb128 0xd
 1212 0eac 53757370 		.string	"SuspendAllCount"
 1212      656E6441 
 1212      6C6C436F 
 1212      756E7400 
 1213 0ebc 01       		.byte	0x1
 1214 0ebd 3704     		.uahalf	0x437
 1215 0ebf 640F0000 		.uaword	0xf64
 1216 0ec3 02       		.byte	0x2
 1217 0ec4 23       		.byte	0x23
 1218 0ec5 10       		.uleb128 0x10
 1219 0ec6 0D       		.uleb128 0xd
 1220 0ec7 53757370 		.string	"SuspendOSCount"
 1220      656E644F 
 1220      53436F75 
 1220      6E7400
 1221 0ed6 01       		.byte	0x1
 1222 0ed7 3804     		.uahalf	0x438
 1223 0ed9 640F0000 		.uaword	0xf64
 1224 0edd 02       		.byte	0x2
 1225 0ede 23       		.byte	0x23
 1226 0edf 14       		.uleb128 0x14
 1227 0ee0 0D       		.uleb128 0xd
 1228 0ee1 4F727469 		.string	"OrtiApiID"
 1228      41706949 
 1228      4400
 1229 0eeb 01       		.byte	0x1
 1230 0eec 3904     		.uahalf	0x439
 1231 0eee 690F0000 		.uaword	0xf69
 1232 0ef2 02       		.byte	0x2
 1233 0ef3 23       		.byte	0x23
 1234 0ef4 18       		.uleb128 0x18
 1235 0ef5 0D       		.uleb128 0xd
 1236 0ef6 4F727469 		.string	"OrtiLastError"
 1236      4C617374 
 1236      4572726F 
 1236      7200
 1237 0f04 01       		.byte	0x1
 1238 0f05 3A04     		.uahalf	0x43a
 1239 0f07 E9020000 		.uaword	0x2e9
 1240 0f0b 02       		.byte	0x2
 1241 0f0c 23       		.byte	0x23
 1242 0f0d 19       		.uleb128 0x19
 1243 0f0e 0D       		.uleb128 0xd
GAS Infineon TriCore Little Endian C:\\Users\\user1\\AppData\\Local\\Temp\\rta_RTAOS_638388406317960277_1736001\\ccDSHqrZ.s 			page 29


 1244 0f0f 52657374 		.string	"RestartJumpBuf"
 1244      6172744A 
 1244      756D7042 
 1244      756600
 1245 0f1e 01       		.byte	0x1
 1246 0f1f 3B04     		.uahalf	0x43b
 1247 0f21 9B030000 		.uaword	0x39b
 1248 0f25 02       		.byte	0x2
 1249 0f26 23       		.byte	0x23
 1250 0f27 1C       		.uleb128 0x1c
 1251 0f28 0D       		.uleb128 0xd
 1252 0f29 52657374 		.string	"Restartable"
 1252      61727461 
 1252      626C6500 
 1253 0f35 01       		.byte	0x1
 1254 0f36 3C04     		.uahalf	0x43c
 1255 0f38 3F020000 		.uaword	0x23f
 1256 0f3c 02       		.byte	0x2
 1257 0f3d 23       		.byte	0x23
 1258 0f3e 60       		.uleb128 0x60
 1259 0f3f 0D       		.uleb128 0xd
 1260 0f40 4C617374 		.string	"LastProtectionFault"
 1260      50726F74 
 1260      65637469 
 1260      6F6E4661 
 1260      756C7400 
 1261 0f54 01       		.byte	0x1
 1262 0f55 3D04     		.uahalf	0x43d
 1263 0f57 E9020000 		.uaword	0x2e9
 1264 0f5b 02       		.byte	0x2
 1265 0f5c 23       		.byte	0x23
 1266 0f5d 61       		.uleb128 0x61
 1267 0f5e 00       		.byte	0
 1268 0f5f 0B       		.uleb128 0xb
 1269 0f60 AF070000 		.uaword	0x7af
 1270 0f64 0B       		.uleb128 0xb
 1271 0f65 C0010000 		.uaword	0x1c0
 1272 0f69 0B       		.uleb128 0xb
 1273 0f6a D40D0000 		.uaword	0xdd4
 1274 0f6e 0A       		.uleb128 0xa
 1275 0f6f 4F735F41 		.string	"Os_AnyCoreType"
 1275      6E79436F 
 1275      72655479 
 1275      706500
 1276 0f7e 01       		.byte	0x1
 1277 0f7f 3E04     		.uahalf	0x43e
 1278 0f81 260E0000 		.uaword	0xe26
 1279 0f85 0C       		.uleb128 0xc
 1280 0f86 4F735F43 		.string	"Os_CoreConfiguration_s"
 1280      6F726543 
 1280      6F6E6669 
 1280      67757261 
 1280      74696F6E 
 1281 0f9d 18       		.byte	0x18
 1282 0f9e 01       		.byte	0x1
 1283 0f9f 4904     		.uahalf	0x449
 1284 0fa1 1F100000 		.uaword	0x101f
GAS Infineon TriCore Little Endian C:\\Users\\user1\\AppData\\Local\\Temp\\rta_RTAOS_638388406317960277_1736001\\ccDSHqrZ.s 			page 30


 1285 0fa5 0D       		.uleb128 0xd
 1286 0fa6 636F6E74 		.string	"controlled"
 1286      726F6C6C 
 1286      656400
 1287 0fb1 01       		.byte	0x1
 1288 0fb2 4A04     		.uahalf	0x44a
 1289 0fb4 1F100000 		.uaword	0x101f
 1290 0fb8 02       		.byte	0x2
 1291 0fb9 23       		.byte	0x23
 1292 0fba 00       		.uleb128 0
 1293 0fbb 0D       		.uleb128 0xd
 1294 0fbc 616E7900 		.string	"any"
 1295 0fc0 01       		.byte	0x1
 1296 0fc1 4B04     		.uahalf	0x44b
 1297 0fc3 2A100000 		.uaword	0x102a
 1298 0fc7 02       		.byte	0x2
 1299 0fc8 23       		.byte	0x23
 1300 0fc9 04       		.uleb128 0x4
 1301 0fca 0D       		.uleb128 0xd
 1302 0fcb 73746174 		.string	"state"
 1302      6500
 1303 0fd1 01       		.byte	0x1
 1304 0fd2 4C04     		.uahalf	0x44c
 1305 0fd4 35100000 		.uaword	0x1035
 1306 0fd8 02       		.byte	0x2
 1307 0fd9 23       		.byte	0x23
 1308 0fda 08       		.uleb128 0x8
 1309 0fdb 0D       		.uleb128 0xd
 1310 0fdc 64697370 		.string	"dispatch"
 1310      61746368 
 1310      00
 1311 0fe5 01       		.byte	0x1
 1312 0fe6 4D04     		.uahalf	0x44d
 1313 0fe8 4B040000 		.uaword	0x44b
 1314 0fec 02       		.byte	0x2
 1315 0fed 23       		.byte	0x23
 1316 0fee 0C       		.uleb128 0xc
 1317 0fef 0D       		.uleb128 0xd
 1318 0ff0 4F735F52 		.string	"Os_Res_Scheduler"
 1318      65735F53 
 1318      63686564 
 1318      756C6572 
 1318      00
 1319 1001 01       		.byte	0x1
 1320 1002 4E04     		.uahalf	0x44e
 1321 1004 F70C0000 		.uaword	0xcf7
 1322 1008 02       		.byte	0x2
 1323 1009 23       		.byte	0x23
 1324 100a 10       		.uleb128 0x10
 1325 100b 0D       		.uleb128 0xd
 1326 100c 636F7265 		.string	"core_id"
 1326      5F696400 
 1327 1014 01       		.byte	0x1
 1328 1015 4F04     		.uahalf	0x44f
 1329 1017 0B050000 		.uaword	0x50b
 1330 101b 02       		.byte	0x2
 1331 101c 23       		.byte	0x23
GAS Infineon TriCore Little Endian C:\\Users\\user1\\AppData\\Local\\Temp\\rta_RTAOS_638388406317960277_1736001\\ccDSHqrZ.s 			page 31


 1332 101d 14       		.uleb128 0x14
 1333 101e 00       		.byte	0
 1334 101f 0F       		.uleb128 0xf
 1335 1020 24100000 		.uaword	0x1024
 1336 1024 08       		.uleb128 0x8
 1337 1025 04       		.byte	0x4
 1338 1026 080E0000 		.uaword	0xe08
 1339 102a 0F       		.uleb128 0xf
 1340 102b 2F100000 		.uaword	0x102f
 1341 102f 08       		.uleb128 0x8
 1342 1030 04       		.byte	0x4
 1343 1031 6E0F0000 		.uaword	0xf6e
 1344 1035 0F       		.uleb128 0xf
 1345 1036 3A100000 		.uaword	0x103a
 1346 103a 08       		.uleb128 0x8
 1347 103b 04       		.byte	0x4
 1348 103c 40100000 		.uaword	0x1040
 1349 1040 0B       		.uleb128 0xb
 1350 1041 A3040000 		.uaword	0x4a3
 1351 1045 0A       		.uleb128 0xa
 1352 1046 4F735F43 		.string	"Os_CoreConfiguration"
 1352      6F726543 
 1352      6F6E6669 
 1352      67757261 
 1352      74696F6E 
 1353 105b 01       		.byte	0x1
 1354 105c 5004     		.uahalf	0x450
 1355 105e 850F0000 		.uaword	0xf85
 1356 1062 14       		.uleb128 0x14
 1357 1063 01       		.byte	0x1
 1358 1064 4F735F47 		.string	"Os_GetVersionInfo"
 1358      65745665 
 1358      7273696F 
 1358      6E496E66 
 1358      6F00
 1359 1076 01       		.byte	0x1
 1360 1077 5705     		.uahalf	0x557
 1361 1079 01       		.byte	0x1
 1362 107a 00000000 		.uaword	.LFB0
 1363 107e 00000000 		.uaword	.LFE0
 1364 1082 02       		.byte	0x2
 1365 1083 8A       		.byte	0x8a
 1366 1084 00       		.sleb128 0
 1367 1085 01       		.byte	0x1
 1368 1086 2C110000 		.uaword	0x112c
 1369 108a 15       		.uleb128 0x15
 1370 108b 76657273 		.string	"versioninfo"
 1370      696F6E69 
 1370      6E666F00 
 1371 1097 01       		.byte	0x1
 1372 1098 5705     		.uahalf	0x557
 1373 109a 72040000 		.uaword	0x472
 1374 109e 01       		.byte	0x1
 1375 109f 64       		.byte	0x64
 1376 10a0 16       		.uleb128 0x16
 1377 10a1 6F735F63 		.string	"os_current_core_const"
 1377      75727265 
GAS Infineon TriCore Little Endian C:\\Users\\user1\\AppData\\Local\\Temp\\rta_RTAOS_638388406317960277_1736001\\ccDSHqrZ.s 			page 32


 1377      6E745F63 
 1377      6F72655F 
 1377      636F6E73 
 1378 10b7 01       		.byte	0x1
 1379 10b8 5805     		.uahalf	0x558
 1380 10ba 2C110000 		.uaword	0x112c
 1381 10be 17       		.uleb128 0x17
 1382 10bf 6F735F63 		.string	"os_current_core"
 1382      75727265 
 1382      6E745F63 
 1382      6F726500 
 1383 10cf 01       		.byte	0x1
 1384 10d0 5905     		.uahalf	0x559
 1385 10d2 2F100000 		.uaword	0x102f
 1386 10d6 01       		.byte	0x1
 1387 10d7 6F       		.byte	0x6f
 1388 10d8 18       		.uleb128 0x18
 1389 10d9 70726576 		.string	"previous_tmask"
 1389      696F7573 
 1389      5F746D61 
 1389      736B00
 1390 10e8 01       		.byte	0x1
 1391 10e9 5A05     		.uahalf	0x55a
 1392 10eb 8F040000 		.uaword	0x48f
 1393 10ef 00000000 		.uaword	.LLST0
 1394 10f3 19       		.uleb128 0x19
 1395 10f4 00000000 		.uaword	.LBB2
 1396 10f8 00000000 		.uaword	.LBE2
 1397 10fc 11110000 		.uaword	0x1111
 1398 1100 18       		.uleb128 0x18
 1399 1101 72657300 		.string	"res"
 1400 1105 01       		.byte	0x1
 1401 1106 5805     		.uahalf	0x558
 1402 1108 CE010000 		.uaword	0x1ce
 1403 110c 00000000 		.uaword	.LLST1
 1404 1110 00       		.byte	0
 1405 1111 1A       		.uleb128 0x1a
 1406 1112 00000000 		.uaword	.LBB3
 1407 1116 00000000 		.uaword	.LBE3
 1408 111a 18       		.uleb128 0x18
 1409 111b 72657300 		.string	"res"
 1410 111f 01       		.byte	0x1
 1411 1120 5A05     		.uahalf	0x55a
 1412 1122 CE010000 		.uaword	0x1ce
 1413 1126 00000000 		.uaword	.LLST0
 1414 112a 00       		.byte	0
 1415 112b 00       		.byte	0
 1416 112c 08       		.uleb128 0x8
 1417 112d 04       		.byte	0x4
 1418 112e 32110000 		.uaword	0x1132
 1419 1132 0F       		.uleb128 0xf
 1420 1133 45100000 		.uaword	0x1045
 1421 1137 06       		.uleb128 0x6
 1422 1138 45100000 		.uaword	0x1045
 1423 113c 42110000 		.uaword	0x1142
 1424 1140 1B       		.uleb128 0x1b
 1425 1141 00       		.byte	0
GAS Infineon TriCore Little Endian C:\\Users\\user1\\AppData\\Local\\Temp\\rta_RTAOS_638388406317960277_1736001\\ccDSHqrZ.s 			page 33


 1426 1142 1C       		.uleb128 0x1c
 1427 1143 4F735F63 		.string	"Os_const_coreconfiguration"
 1427      6F6E7374 
 1427      5F636F72 
 1427      65636F6E 
 1427      66696775 
 1428 115e 01       		.byte	0x1
 1429 115f 6A04     		.uahalf	0x46a
 1430 1161 67110000 		.uaword	0x1167
 1431 1165 01       		.byte	0x1
 1432 1166 01       		.byte	0x1
 1433 1167 0F       		.uleb128 0xf
 1434 1168 37110000 		.uaword	0x1137
 1435 116c 00       		.byte	0
 1436              	.section .debug_abbrev,"",@progbits
 1437              	.Ldebug_abbrev0:
 1438 0000 01       		.uleb128 0x1
 1439 0001 11       		.uleb128 0x11
 1440 0002 01       		.byte	0x1
 1441 0003 25       		.uleb128 0x25
 1442 0004 08       		.uleb128 0x8
 1443 0005 13       		.uleb128 0x13
 1444 0006 0B       		.uleb128 0xb
 1445 0007 03       		.uleb128 0x3
 1446 0008 08       		.uleb128 0x8
 1447 0009 55       		.uleb128 0x55
 1448 000a 06       		.uleb128 0x6
 1449 000b 11       		.uleb128 0x11
 1450 000c 01       		.uleb128 0x1
 1451 000d 52       		.uleb128 0x52
 1452 000e 01       		.uleb128 0x1
 1453 000f 10       		.uleb128 0x10
 1454 0010 06       		.uleb128 0x6
 1455 0011 00       		.byte	0
 1456 0012 00       		.byte	0
 1457 0013 02       		.uleb128 0x2
 1458 0014 16       		.uleb128 0x16
 1459 0015 00       		.byte	0
 1460 0016 03       		.uleb128 0x3
 1461 0017 08       		.uleb128 0x8
 1462 0018 3A       		.uleb128 0x3a
 1463 0019 0B       		.uleb128 0xb
 1464 001a 3B       		.uleb128 0x3b
 1465 001b 0B       		.uleb128 0xb
 1466 001c 49       		.uleb128 0x49
 1467 001d 13       		.uleb128 0x13
 1468 001e 00       		.byte	0
 1469 001f 00       		.byte	0
 1470 0020 03       		.uleb128 0x3
 1471 0021 24       		.uleb128 0x24
 1472 0022 00       		.byte	0
 1473 0023 0B       		.uleb128 0xb
 1474 0024 0B       		.uleb128 0xb
 1475 0025 3E       		.uleb128 0x3e
 1476 0026 0B       		.uleb128 0xb
 1477 0027 03       		.uleb128 0x3
 1478 0028 08       		.uleb128 0x8
GAS Infineon TriCore Little Endian C:\\Users\\user1\\AppData\\Local\\Temp\\rta_RTAOS_638388406317960277_1736001\\ccDSHqrZ.s 			page 34


 1479 0029 00       		.byte	0
 1480 002a 00       		.byte	0
 1481 002b 04       		.uleb128 0x4
 1482 002c 13       		.uleb128 0x13
 1483 002d 01       		.byte	0x1
 1484 002e 0B       		.uleb128 0xb
 1485 002f 0B       		.uleb128 0xb
 1486 0030 3A       		.uleb128 0x3a
 1487 0031 0B       		.uleb128 0xb
 1488 0032 3B       		.uleb128 0x3b
 1489 0033 0B       		.uleb128 0xb
 1490 0034 01       		.uleb128 0x1
 1491 0035 13       		.uleb128 0x13
 1492 0036 00       		.byte	0
 1493 0037 00       		.byte	0
 1494 0038 05       		.uleb128 0x5
 1495 0039 0D       		.uleb128 0xd
 1496 003a 00       		.byte	0
 1497 003b 03       		.uleb128 0x3
 1498 003c 08       		.uleb128 0x8
 1499 003d 3A       		.uleb128 0x3a
 1500 003e 0B       		.uleb128 0xb
 1501 003f 3B       		.uleb128 0x3b
 1502 0040 0B       		.uleb128 0xb
 1503 0041 49       		.uleb128 0x49
 1504 0042 13       		.uleb128 0x13
 1505 0043 38       		.uleb128 0x38
 1506 0044 0A       		.uleb128 0xa
 1507 0045 00       		.byte	0
 1508 0046 00       		.byte	0
 1509 0047 06       		.uleb128 0x6
 1510 0048 01       		.uleb128 0x1
 1511 0049 01       		.byte	0x1
 1512 004a 49       		.uleb128 0x49
 1513 004b 13       		.uleb128 0x13
 1514 004c 01       		.uleb128 0x1
 1515 004d 13       		.uleb128 0x13
 1516 004e 00       		.byte	0
 1517 004f 00       		.byte	0
 1518 0050 07       		.uleb128 0x7
 1519 0051 21       		.uleb128 0x21
 1520 0052 00       		.byte	0
 1521 0053 49       		.uleb128 0x49
 1522 0054 13       		.uleb128 0x13
 1523 0055 2F       		.uleb128 0x2f
 1524 0056 0B       		.uleb128 0xb
 1525 0057 00       		.byte	0
 1526 0058 00       		.byte	0
 1527 0059 08       		.uleb128 0x8
 1528 005a 0F       		.uleb128 0xf
 1529 005b 00       		.byte	0
 1530 005c 0B       		.uleb128 0xb
 1531 005d 0B       		.uleb128 0xb
 1532 005e 49       		.uleb128 0x49
 1533 005f 13       		.uleb128 0x13
 1534 0060 00       		.byte	0
 1535 0061 00       		.byte	0
GAS Infineon TriCore Little Endian C:\\Users\\user1\\AppData\\Local\\Temp\\rta_RTAOS_638388406317960277_1736001\\ccDSHqrZ.s 			page 35


 1536 0062 09       		.uleb128 0x9
 1537 0063 15       		.uleb128 0x15
 1538 0064 00       		.byte	0
 1539 0065 27       		.uleb128 0x27
 1540 0066 0C       		.uleb128 0xc
 1541 0067 00       		.byte	0
 1542 0068 00       		.byte	0
 1543 0069 0A       		.uleb128 0xa
 1544 006a 16       		.uleb128 0x16
 1545 006b 00       		.byte	0
 1546 006c 03       		.uleb128 0x3
 1547 006d 08       		.uleb128 0x8
 1548 006e 3A       		.uleb128 0x3a
 1549 006f 0B       		.uleb128 0xb
 1550 0070 3B       		.uleb128 0x3b
 1551 0071 05       		.uleb128 0x5
 1552 0072 49       		.uleb128 0x49
 1553 0073 13       		.uleb128 0x13
 1554 0074 00       		.byte	0
 1555 0075 00       		.byte	0
 1556 0076 0B       		.uleb128 0xb
 1557 0077 35       		.uleb128 0x35
 1558 0078 00       		.byte	0
 1559 0079 49       		.uleb128 0x49
 1560 007a 13       		.uleb128 0x13
 1561 007b 00       		.byte	0
 1562 007c 00       		.byte	0
 1563 007d 0C       		.uleb128 0xc
 1564 007e 13       		.uleb128 0x13
 1565 007f 01       		.byte	0x1
 1566 0080 03       		.uleb128 0x3
 1567 0081 08       		.uleb128 0x8
 1568 0082 0B       		.uleb128 0xb
 1569 0083 0B       		.uleb128 0xb
 1570 0084 3A       		.uleb128 0x3a
 1571 0085 0B       		.uleb128 0xb
 1572 0086 3B       		.uleb128 0x3b
 1573 0087 05       		.uleb128 0x5
 1574 0088 01       		.uleb128 0x1
 1575 0089 13       		.uleb128 0x13
 1576 008a 00       		.byte	0
 1577 008b 00       		.byte	0
 1578 008c 0D       		.uleb128 0xd
 1579 008d 0D       		.uleb128 0xd
 1580 008e 00       		.byte	0
 1581 008f 03       		.uleb128 0x3
 1582 0090 08       		.uleb128 0x8
 1583 0091 3A       		.uleb128 0x3a
 1584 0092 0B       		.uleb128 0xb
 1585 0093 3B       		.uleb128 0x3b
 1586 0094 05       		.uleb128 0x5
 1587 0095 49       		.uleb128 0x49
 1588 0096 13       		.uleb128 0x13
 1589 0097 38       		.uleb128 0x38
 1590 0098 0A       		.uleb128 0xa
 1591 0099 00       		.byte	0
 1592 009a 00       		.byte	0
GAS Infineon TriCore Little Endian C:\\Users\\user1\\AppData\\Local\\Temp\\rta_RTAOS_638388406317960277_1736001\\ccDSHqrZ.s 			page 36


 1593 009b 0E       		.uleb128 0xe
 1594 009c 0D       		.uleb128 0xd
 1595 009d 00       		.byte	0
 1596 009e 03       		.uleb128 0x3
 1597 009f 0E       		.uleb128 0xe
 1598 00a0 3A       		.uleb128 0x3a
 1599 00a1 0B       		.uleb128 0xb
 1600 00a2 3B       		.uleb128 0x3b
 1601 00a3 05       		.uleb128 0x5
 1602 00a4 49       		.uleb128 0x49
 1603 00a5 13       		.uleb128 0x13
 1604 00a6 38       		.uleb128 0x38
 1605 00a7 0A       		.uleb128 0xa
 1606 00a8 00       		.byte	0
 1607 00a9 00       		.byte	0
 1608 00aa 0F       		.uleb128 0xf
 1609 00ab 26       		.uleb128 0x26
 1610 00ac 00       		.byte	0
 1611 00ad 49       		.uleb128 0x49
 1612 00ae 13       		.uleb128 0x13
 1613 00af 00       		.byte	0
 1614 00b0 00       		.byte	0
 1615 00b1 10       		.uleb128 0x10
 1616 00b2 17       		.uleb128 0x17
 1617 00b3 01       		.byte	0x1
 1618 00b4 0B       		.uleb128 0xb
 1619 00b5 0B       		.uleb128 0xb
 1620 00b6 3A       		.uleb128 0x3a
 1621 00b7 0B       		.uleb128 0xb
 1622 00b8 3B       		.uleb128 0x3b
 1623 00b9 05       		.uleb128 0x5
 1624 00ba 01       		.uleb128 0x1
 1625 00bb 13       		.uleb128 0x13
 1626 00bc 00       		.byte	0
 1627 00bd 00       		.byte	0
 1628 00be 11       		.uleb128 0x11
 1629 00bf 0D       		.uleb128 0xd
 1630 00c0 00       		.byte	0
 1631 00c1 03       		.uleb128 0x3
 1632 00c2 08       		.uleb128 0x8
 1633 00c3 3A       		.uleb128 0x3a
 1634 00c4 0B       		.uleb128 0xb
 1635 00c5 3B       		.uleb128 0x3b
 1636 00c6 05       		.uleb128 0x5
 1637 00c7 49       		.uleb128 0x49
 1638 00c8 13       		.uleb128 0x13
 1639 00c9 00       		.byte	0
 1640 00ca 00       		.byte	0
 1641 00cb 12       		.uleb128 0x12
 1642 00cc 0D       		.uleb128 0xd
 1643 00cd 00       		.byte	0
 1644 00ce 03       		.uleb128 0x3
 1645 00cf 0E       		.uleb128 0xe
 1646 00d0 3A       		.uleb128 0x3a
 1647 00d1 0B       		.uleb128 0xb
 1648 00d2 3B       		.uleb128 0x3b
 1649 00d3 05       		.uleb128 0x5
GAS Infineon TriCore Little Endian C:\\Users\\user1\\AppData\\Local\\Temp\\rta_RTAOS_638388406317960277_1736001\\ccDSHqrZ.s 			page 37


 1650 00d4 49       		.uleb128 0x49
 1651 00d5 13       		.uleb128 0x13
 1652 00d6 00       		.byte	0
 1653 00d7 00       		.byte	0
 1654 00d8 13       		.uleb128 0x13
 1655 00d9 13       		.uleb128 0x13
 1656 00da 01       		.byte	0x1
 1657 00db 0B       		.uleb128 0xb
 1658 00dc 0B       		.uleb128 0xb
 1659 00dd 3A       		.uleb128 0x3a
 1660 00de 0B       		.uleb128 0xb
 1661 00df 3B       		.uleb128 0x3b
 1662 00e0 05       		.uleb128 0x5
 1663 00e1 01       		.uleb128 0x1
 1664 00e2 13       		.uleb128 0x13
 1665 00e3 00       		.byte	0
 1666 00e4 00       		.byte	0
 1667 00e5 14       		.uleb128 0x14
 1668 00e6 2E       		.uleb128 0x2e
 1669 00e7 01       		.byte	0x1
 1670 00e8 3F       		.uleb128 0x3f
 1671 00e9 0C       		.uleb128 0xc
 1672 00ea 03       		.uleb128 0x3
 1673 00eb 08       		.uleb128 0x8
 1674 00ec 3A       		.uleb128 0x3a
 1675 00ed 0B       		.uleb128 0xb
 1676 00ee 3B       		.uleb128 0x3b
 1677 00ef 05       		.uleb128 0x5
 1678 00f0 27       		.uleb128 0x27
 1679 00f1 0C       		.uleb128 0xc
 1680 00f2 11       		.uleb128 0x11
 1681 00f3 01       		.uleb128 0x1
 1682 00f4 12       		.uleb128 0x12
 1683 00f5 01       		.uleb128 0x1
 1684 00f6 40       		.uleb128 0x40
 1685 00f7 0A       		.uleb128 0xa
 1686 00f8 9742     		.uleb128 0x2117
 1687 00fa 0C       		.uleb128 0xc
 1688 00fb 01       		.uleb128 0x1
 1689 00fc 13       		.uleb128 0x13
 1690 00fd 00       		.byte	0
 1691 00fe 00       		.byte	0
 1692 00ff 15       		.uleb128 0x15
 1693 0100 05       		.uleb128 0x5
 1694 0101 00       		.byte	0
 1695 0102 03       		.uleb128 0x3
 1696 0103 08       		.uleb128 0x8
 1697 0104 3A       		.uleb128 0x3a
 1698 0105 0B       		.uleb128 0xb
 1699 0106 3B       		.uleb128 0x3b
 1700 0107 05       		.uleb128 0x5
 1701 0108 49       		.uleb128 0x49
 1702 0109 13       		.uleb128 0x13
 1703 010a 02       		.uleb128 0x2
 1704 010b 0A       		.uleb128 0xa
 1705 010c 00       		.byte	0
 1706 010d 00       		.byte	0
GAS Infineon TriCore Little Endian C:\\Users\\user1\\AppData\\Local\\Temp\\rta_RTAOS_638388406317960277_1736001\\ccDSHqrZ.s 			page 38


 1707 010e 16       		.uleb128 0x16
 1708 010f 34       		.uleb128 0x34
 1709 0110 00       		.byte	0
 1710 0111 03       		.uleb128 0x3
 1711 0112 08       		.uleb128 0x8
 1712 0113 3A       		.uleb128 0x3a
 1713 0114 0B       		.uleb128 0xb
 1714 0115 3B       		.uleb128 0x3b
 1715 0116 05       		.uleb128 0x5
 1716 0117 49       		.uleb128 0x49
 1717 0118 13       		.uleb128 0x13
 1718 0119 00       		.byte	0
 1719 011a 00       		.byte	0
 1720 011b 17       		.uleb128 0x17
 1721 011c 34       		.uleb128 0x34
 1722 011d 00       		.byte	0
 1723 011e 03       		.uleb128 0x3
 1724 011f 08       		.uleb128 0x8
 1725 0120 3A       		.uleb128 0x3a
 1726 0121 0B       		.uleb128 0xb
 1727 0122 3B       		.uleb128 0x3b
 1728 0123 05       		.uleb128 0x5
 1729 0124 49       		.uleb128 0x49
 1730 0125 13       		.uleb128 0x13
 1731 0126 02       		.uleb128 0x2
 1732 0127 0A       		.uleb128 0xa
 1733 0128 00       		.byte	0
 1734 0129 00       		.byte	0
 1735 012a 18       		.uleb128 0x18
 1736 012b 34       		.uleb128 0x34
 1737 012c 00       		.byte	0
 1738 012d 03       		.uleb128 0x3
 1739 012e 08       		.uleb128 0x8
 1740 012f 3A       		.uleb128 0x3a
 1741 0130 0B       		.uleb128 0xb
 1742 0131 3B       		.uleb128 0x3b
 1743 0132 05       		.uleb128 0x5
 1744 0133 49       		.uleb128 0x49
 1745 0134 13       		.uleb128 0x13
 1746 0135 02       		.uleb128 0x2
 1747 0136 06       		.uleb128 0x6
 1748 0137 00       		.byte	0
 1749 0138 00       		.byte	0
 1750 0139 19       		.uleb128 0x19
 1751 013a 0B       		.uleb128 0xb
 1752 013b 01       		.byte	0x1
 1753 013c 11       		.uleb128 0x11
 1754 013d 01       		.uleb128 0x1
 1755 013e 12       		.uleb128 0x12
 1756 013f 01       		.uleb128 0x1
 1757 0140 01       		.uleb128 0x1
 1758 0141 13       		.uleb128 0x13
 1759 0142 00       		.byte	0
 1760 0143 00       		.byte	0
 1761 0144 1A       		.uleb128 0x1a
 1762 0145 0B       		.uleb128 0xb
 1763 0146 01       		.byte	0x1
GAS Infineon TriCore Little Endian C:\\Users\\user1\\AppData\\Local\\Temp\\rta_RTAOS_638388406317960277_1736001\\ccDSHqrZ.s 			page 39


 1764 0147 11       		.uleb128 0x11
 1765 0148 01       		.uleb128 0x1
 1766 0149 12       		.uleb128 0x12
 1767 014a 01       		.uleb128 0x1
 1768 014b 00       		.byte	0
 1769 014c 00       		.byte	0
 1770 014d 1B       		.uleb128 0x1b
 1771 014e 21       		.uleb128 0x21
 1772 014f 00       		.byte	0
 1773 0150 00       		.byte	0
 1774 0151 00       		.byte	0
 1775 0152 1C       		.uleb128 0x1c
 1776 0153 34       		.uleb128 0x34
 1777 0154 00       		.byte	0
 1778 0155 03       		.uleb128 0x3
 1779 0156 08       		.uleb128 0x8
 1780 0157 3A       		.uleb128 0x3a
 1781 0158 0B       		.uleb128 0xb
 1782 0159 3B       		.uleb128 0x3b
 1783 015a 05       		.uleb128 0x5
 1784 015b 49       		.uleb128 0x49
 1785 015c 13       		.uleb128 0x13
 1786 015d 3F       		.uleb128 0x3f
 1787 015e 0C       		.uleb128 0xc
 1788 015f 3C       		.uleb128 0x3c
 1789 0160 0C       		.uleb128 0xc
 1790 0161 00       		.byte	0
 1791 0162 00       		.byte	0
 1792 0163 00       		.byte	0
 1793              	.section .debug_loc,"",@progbits
 1794              	.Ldebug_loc0:
 1795              	.LLST0:
 1796 0000 00000000 		.uaword	.LVL3
 1797 0004 00000000 		.uaword	.LVL4
 1798 0008 0100     		.uahalf	0x1
 1799 000a 5F       		.byte	0x5f
 1800 000b 00000000 		.uaword	0
 1801 000f 00000000 		.uaword	0
 1802              	.LLST1:
 1803 0013 00000000 		.uaword	.LVL1
 1804 0017 00000000 		.uaword	.LVL3
 1805 001b 0100     		.uahalf	0x1
 1806 001d 5F       		.byte	0x5f
 1807 001e 00000000 		.uaword	0
 1808 0022 00000000 		.uaword	0
 1809              	.section .debug_aranges,"",@progbits
 1810 0000 1C000000 		.uaword	0x1c
 1811 0004 0200     		.uahalf	0x2
 1812 0006 00000000 		.uaword	.Ldebug_info0
 1813 000a 04       		.byte	0x4
 1814 000b 00       		.byte	0
 1815 000c 0000     		.uahalf	0
 1816 000e 0000     		.uahalf	0
 1817 0010 00000000 		.uaword	.LFB0
 1818 0014 44000000 		.uaword	.LFE0-.LFB0
 1819 0018 00000000 		.uaword	0
 1820 001c 00000000 		.uaword	0
GAS Infineon TriCore Little Endian C:\\Users\\user1\\AppData\\Local\\Temp\\rta_RTAOS_638388406317960277_1736001\\ccDSHqrZ.s 			page 40


 1821              	.section .debug_ranges,"",@progbits
 1822              	.Ldebug_ranges0:
 1823 0000 00000000 		.uaword	.LFB0
 1824 0004 00000000 		.uaword	.LFE0
 1825 0008 00000000 		.uaword	0
 1826 000c 00000000 		.uaword	0
 1827              	.section .debug_line,"",@progbits
 1828              	.Ldebug_line0:
 1829 0000 3C010000 	.section .debug_str,"",@progbits
 1829      02001401 
 1829      00000201 
 1829      FB0E0D00 
 1829      01010101 
 1830              	.LASF4:
 1831 0000 6170706C 		.string	"application"
 1831      69636174 
 1831      696F6E00 
 1832              	.LASF2:
 1833 000c 64796E61 		.string	"dynamic"
 1833      6D696300 
 1834              	.LASF5:
 1835 0014 61637469 		.string	"activation_count"
 1835      76617469 
 1835      6F6E5F63 
 1835      6F756E74 
 1835      00
 1836              	.LASF6:
 1837 0025 74706D61 		.string	"tpmask"
 1837      736B00
 1838              	.LASF1:
 1839 002c 656E7472 		.string	"entry_function"
 1839      795F6675 
 1839      6E637469 
 1839      6F6E00
 1840              	.LASF3:
 1841 003b 61636365 		.string	"access"
 1841      737300
 1842              	.LASF0:
 1843 0042 7265736F 		.string	"resource_count"
 1843      75726365 
 1843      5F636F75 
 1843      6E7400
 1844              		.extern	Os_const_coreconfiguration,STT_OBJECT,-1
 1845              		.ident	"GCC: (HighTec Release HDP-v4.9.4.1-11fcedf) 4.9.4 build on 2020-09-01"
