GAS Infineon TriCore Little Endian C:\\Users\\user1\\AppData\\Local\\Temp\\rta_RTAOS_638388406317960277_1736001\\ccvuG6v6.s 			page 1


   1              		.file	"Idle.c"
   2              	.section .text,"ax",@progbits
   3              	.Ltext0:
   4              	.section .text.Os_Cbk_Idle,"ax",@progbits
   5              		.align 1
   6              		.global	Os_Cbk_Idle
   7              		.type	Os_Cbk_Idle, @function
   8              	Os_Cbk_Idle:
   9              	.LFB0:
  10              		.file 1 "C:\\Users\\user1\\AppData\\Local\\Temp\\rta_RTAOS_638388406317960277_1736001\\Idle.c"
  11              		.loc 1 1366 0
  12              		.loc 1 1368 0
  13 0000 8202     		mov	%d2, 0
  14 0002 0090     		ret
  15              	.LFE0:
  16              		.size	Os_Cbk_Idle, .-Os_Cbk_Idle
  17              	.section .debug_frame,"",@progbits
  18              	.Lframe0:
  19 0000 0C000000 		.uaword	.LECIE0-.LSCIE0
  20              	.LSCIE0:
  21 0004 FFFFFFFF 		.uaword	0xffffffff
  22 0008 01       		.byte	0x1
  23 0009 00       		.string	""
  24 000a 01       		.uleb128 0x1
  25 000b 01       		.sleb128 1
  26 000c 1B       		.byte	0x1b
  27 000d 0C       		.byte	0xc
  28 000e 1A       		.uleb128 0x1a
  29 000f 00       		.uleb128 0
  30              		.align 2
  31              	.LECIE0:
  32              	.LSFDE0:
  33 0010 0C000000 		.uaword	.LEFDE0-.LASFDE0
  34              	.LASFDE0:
  35 0014 00000000 		.uaword	.Lframe0
  36 0018 00000000 		.uaword	.LFB0
  37 001c 04000000 		.uaword	.LFE0-.LFB0
  38              		.align 2
  39              	.LEFDE0:
  40              	.section .text,"ax",@progbits
  41              	.Letext0:
  42              		.file 2 "D:\\home\\user123\\user\\Mohan6_VectorSIP\\21Dec23\\15Dec23_CAN_merge_21stDec\\25_Softwar
  43              	.section .debug_info,"",@progbits
  44              	.Ldebug_info0:
  45 0000 46020000 		.uaword	0x246
  46 0004 0200     		.uahalf	0x2
  47 0006 00000000 		.uaword	.Ldebug_abbrev0
  48 000a 04       		.byte	0x4
  49 000b 01       		.uleb128 0x1
  50 000c 474E5520 		.ascii	"GNU C 4."
  50      4320342E 
  51 0014 392E3420 		.string	"9.4 build on 2020-09-01 -mlicense-dir=c:\\hightec\\toolchains\\tricore\\v4.9.4.1\\bin\\..
  51      6275696C 
  51      64206F6E 
  51      20323032 
  51      302D3039 
  52 0115 01       		.byte	0x1
GAS Infineon TriCore Little Endian C:\\Users\\user1\\AppData\\Local\\Temp\\rta_RTAOS_638388406317960277_1736001\\ccvuG6v6.s 			page 2


  53 0116 433A5C55 		.string	"C:\\Users\\user1\\AppData\\Local\\Temp\\rta_RTAOS_638388406317960277_1736001\\Idle.c"
  53      73657273 
  53      5C757365 
  53      72315C41 
  53      70704461 
  54 0164 00000000 		.uaword	.Ldebug_ranges0+0
  55 0168 00000000 		.uaword	0
  56 016c 00000000 		.uaword	0
  57 0170 00000000 		.uaword	.Ldebug_line0
  58 0174 02       		.uleb128 0x2
  59 0175 01       		.byte	0x1
  60 0176 08       		.byte	0x8
  61 0177 756E7369 		.string	"unsigned char"
  61      676E6564 
  61      20636861 
  61      7200
  62 0185 02       		.uleb128 0x2
  63 0186 02       		.byte	0x2
  64 0187 07       		.byte	0x7
  65 0188 73686F72 		.string	"short unsigned int"
  65      7420756E 
  65      7369676E 
  65      65642069 
  65      6E7400
  66 019b 02       		.uleb128 0x2
  67 019c 04       		.byte	0x4
  68 019d 07       		.byte	0x7
  69 019e 756E7369 		.string	"unsigned int"
  69      676E6564 
  69      20696E74 
  69      00
  70 01ab 02       		.uleb128 0x2
  71 01ac 01       		.byte	0x1
  72 01ad 06       		.byte	0x6
  73 01ae 7369676E 		.string	"signed char"
  73      65642063 
  73      68617200 
  74 01ba 02       		.uleb128 0x2
  75 01bb 02       		.byte	0x2
  76 01bc 05       		.byte	0x5
  77 01bd 73686F72 		.string	"short int"
  77      7420696E 
  77      7400
  78 01c7 02       		.uleb128 0x2
  79 01c8 04       		.byte	0x4
  80 01c9 05       		.byte	0x5
  81 01ca 696E7400 		.string	"int"
  82 01ce 02       		.uleb128 0x2
  83 01cf 04       		.byte	0x4
  84 01d0 04       		.byte	0x4
  85 01d1 666C6F61 		.string	"float"
  85      7400
  86 01d7 02       		.uleb128 0x2
  87 01d8 08       		.byte	0x8
  88 01d9 04       		.byte	0x4
  89 01da 646F7562 		.string	"double"
  89      6C6500
GAS Infineon TriCore Little Endian C:\\Users\\user1\\AppData\\Local\\Temp\\rta_RTAOS_638388406317960277_1736001\\ccvuG6v6.s 			page 3


  90 01e1 02       		.uleb128 0x2
  91 01e2 08       		.byte	0x8
  92 01e3 05       		.byte	0x5
  93 01e4 6C6F6E67 		.string	"long long int"
  93      206C6F6E 
  93      6720696E 
  93      7400
  94 01f2 02       		.uleb128 0x2
  95 01f3 08       		.byte	0x8
  96 01f4 07       		.byte	0x7
  97 01f5 6C6F6E67 		.string	"long long unsigned int"
  97      206C6F6E 
  97      6720756E 
  97      7369676E 
  97      65642069 
  98 020c 03       		.uleb128 0x3
  99 020d 626F6F6C 		.string	"boolean"
  99      65616E00 
 100 0215 02       		.byte	0x2
 101 0216 49       		.byte	0x49
 102 0217 74010000 		.uaword	0x174
 103 021b 02       		.uleb128 0x2
 104 021c 04       		.byte	0x4
 105 021d 07       		.byte	0x7
 106 021e 73697A65 		.string	"sizetype"
 106      74797065 
 106      00
 107 0227 04       		.uleb128 0x4
 108 0228 01       		.byte	0x1
 109 0229 4F735F43 		.string	"Os_Cbk_Idle"
 109      626B5F49 
 109      646C6500 
 110 0235 01       		.byte	0x1
 111 0236 5605     		.uahalf	0x556
 112 0238 01       		.byte	0x1
 113 0239 0C020000 		.uaword	0x20c
 114 023d 00000000 		.uaword	.LFB0
 115 0241 00000000 		.uaword	.LFE0
 116 0245 02       		.byte	0x2
 117 0246 8A       		.byte	0x8a
 118 0247 00       		.sleb128 0
 119 0248 01       		.byte	0x1
 120 0249 00       		.byte	0
 121              	.section .debug_abbrev,"",@progbits
 122              	.Ldebug_abbrev0:
 123 0000 01       		.uleb128 0x1
 124 0001 11       		.uleb128 0x11
 125 0002 01       		.byte	0x1
 126 0003 25       		.uleb128 0x25
 127 0004 08       		.uleb128 0x8
 128 0005 13       		.uleb128 0x13
 129 0006 0B       		.uleb128 0xb
 130 0007 03       		.uleb128 0x3
 131 0008 08       		.uleb128 0x8
 132 0009 55       		.uleb128 0x55
 133 000a 06       		.uleb128 0x6
 134 000b 11       		.uleb128 0x11
GAS Infineon TriCore Little Endian C:\\Users\\user1\\AppData\\Local\\Temp\\rta_RTAOS_638388406317960277_1736001\\ccvuG6v6.s 			page 4


 135 000c 01       		.uleb128 0x1
 136 000d 52       		.uleb128 0x52
 137 000e 01       		.uleb128 0x1
 138 000f 10       		.uleb128 0x10
 139 0010 06       		.uleb128 0x6
 140 0011 00       		.byte	0
 141 0012 00       		.byte	0
 142 0013 02       		.uleb128 0x2
 143 0014 24       		.uleb128 0x24
 144 0015 00       		.byte	0
 145 0016 0B       		.uleb128 0xb
 146 0017 0B       		.uleb128 0xb
 147 0018 3E       		.uleb128 0x3e
 148 0019 0B       		.uleb128 0xb
 149 001a 03       		.uleb128 0x3
 150 001b 08       		.uleb128 0x8
 151 001c 00       		.byte	0
 152 001d 00       		.byte	0
 153 001e 03       		.uleb128 0x3
 154 001f 16       		.uleb128 0x16
 155 0020 00       		.byte	0
 156 0021 03       		.uleb128 0x3
 157 0022 08       		.uleb128 0x8
 158 0023 3A       		.uleb128 0x3a
 159 0024 0B       		.uleb128 0xb
 160 0025 3B       		.uleb128 0x3b
 161 0026 0B       		.uleb128 0xb
 162 0027 49       		.uleb128 0x49
 163 0028 13       		.uleb128 0x13
 164 0029 00       		.byte	0
 165 002a 00       		.byte	0
 166 002b 04       		.uleb128 0x4
 167 002c 2E       		.uleb128 0x2e
 168 002d 00       		.byte	0
 169 002e 3F       		.uleb128 0x3f
 170 002f 0C       		.uleb128 0xc
 171 0030 03       		.uleb128 0x3
 172 0031 08       		.uleb128 0x8
 173 0032 3A       		.uleb128 0x3a
 174 0033 0B       		.uleb128 0xb
 175 0034 3B       		.uleb128 0x3b
 176 0035 05       		.uleb128 0x5
 177 0036 27       		.uleb128 0x27
 178 0037 0C       		.uleb128 0xc
 179 0038 49       		.uleb128 0x49
 180 0039 13       		.uleb128 0x13
 181 003a 11       		.uleb128 0x11
 182 003b 01       		.uleb128 0x1
 183 003c 12       		.uleb128 0x12
 184 003d 01       		.uleb128 0x1
 185 003e 40       		.uleb128 0x40
 186 003f 0A       		.uleb128 0xa
 187 0040 9742     		.uleb128 0x2117
 188 0042 0C       		.uleb128 0xc
 189 0043 00       		.byte	0
 190 0044 00       		.byte	0
 191 0045 00       		.byte	0
GAS Infineon TriCore Little Endian C:\\Users\\user1\\AppData\\Local\\Temp\\rta_RTAOS_638388406317960277_1736001\\ccvuG6v6.s 			page 5


 192              	.section .debug_aranges,"",@progbits
 193 0000 1C000000 		.uaword	0x1c
 194 0004 0200     		.uahalf	0x2
 195 0006 00000000 		.uaword	.Ldebug_info0
 196 000a 04       		.byte	0x4
 197 000b 00       		.byte	0
 198 000c 0000     		.uahalf	0
 199 000e 0000     		.uahalf	0
 200 0010 00000000 		.uaword	.LFB0
 201 0014 04000000 		.uaword	.LFE0-.LFB0
 202 0018 00000000 		.uaword	0
 203 001c 00000000 		.uaword	0
 204              	.section .debug_ranges,"",@progbits
 205              	.Ldebug_ranges0:
 206 0000 00000000 		.uaword	.LFB0
 207 0004 00000000 		.uaword	.LFE0
 208 0008 00000000 		.uaword	0
 209 000c 00000000 		.uaword	0
 210              	.section .debug_line,"",@progbits
 211              	.Ldebug_line0:
 212 0000 12010000 	.section .debug_str,"",@progbits
 212      0200FB00 
 212      00000201 
 212      FB0E0D00 
 212      01010101 
 213              		.ident	"GCC: (HighTec Release HDP-v4.9.4.1-11fcedf) 4.9.4 build on 2020-09-01"
