GAS Infineon TriCore Little Endian C:\\Users\\user1\\AppData\\Local\\Temp\\rta_RTAOS_638388406317960277_1736001\\ccDUNwRj.s 			page 1


   1              		.file	"InShutdown.c"
   2              	.section .text,"ax",@progbits
   3              	.Ltext0:
   4              	.section .text.Os_Cbk_InShutdown,"ax",@progbits
   5              		.align 1
   6              		.global	Os_Cbk_InShutdown
   7              		.type	Os_Cbk_InShutdown, @function
   8              	Os_Cbk_InShutdown:
   9              	.LFB0:
  10              		.file 1 "C:\\Users\\user1\\AppData\\Local\\Temp\\rta_RTAOS_638388406317960277_1736001\\InShutdown.
  11              		.loc 1 1366 0
  12 0000 0090     		ret
  13              	.LFE0:
  14              		.size	Os_Cbk_InShutdown, .-Os_Cbk_InShutdown
  15              	.section .debug_frame,"",@progbits
  16              	.Lframe0:
  17 0000 0C000000 		.uaword	.LECIE0-.LSCIE0
  18              	.LSCIE0:
  19 0004 FFFFFFFF 		.uaword	0xffffffff
  20 0008 01       		.byte	0x1
  21 0009 00       		.string	""
  22 000a 01       		.uleb128 0x1
  23 000b 01       		.sleb128 1
  24 000c 1B       		.byte	0x1b
  25 000d 0C       		.byte	0xc
  26 000e 1A       		.uleb128 0x1a
  27 000f 00       		.uleb128 0
  28              		.align 2
  29              	.LECIE0:
  30              	.LSFDE0:
  31 0010 0C000000 		.uaword	.LEFDE0-.LASFDE0
  32              	.LASFDE0:
  33 0014 00000000 		.uaword	.Lframe0
  34 0018 00000000 		.uaword	.LFB0
  35 001c 02000000 		.uaword	.LFE0-.LFB0
  36              		.align 2
  37              	.LEFDE0:
  38              	.section .text,"ax",@progbits
  39              	.Letext0:
  40              	.section .debug_info,"",@progbits
  41              	.Ldebug_info0:
  42 0000 3F020000 		.uaword	0x23f
  43 0004 0200     		.uahalf	0x2
  44 0006 00000000 		.uaword	.Ldebug_abbrev0
  45 000a 04       		.byte	0x4
  46 000b 01       		.uleb128 0x1
  47 000c 474E5520 		.ascii	"GNU C 4."
  47      4320342E 
  48 0014 392E3420 		.string	"9.4 build on 2020-09-01 -mlicense-dir=c:\\hightec\\toolchains\\tricore\\v4.9.4.1\\bin\\..
  48      6275696C 
  48      64206F6E 
  48      20323032 
  48      302D3039 
  49 0115 01       		.byte	0x1
  50 0116 433A5C55 		.string	"C:\\Users\\user1\\AppData\\Local\\Temp\\rta_RTAOS_638388406317960277_1736001\\InShutdown.
  50      73657273 
  50      5C757365 
GAS Infineon TriCore Little Endian C:\\Users\\user1\\AppData\\Local\\Temp\\rta_RTAOS_638388406317960277_1736001\\ccDUNwRj.s 			page 2


  50      72315C41 
  50      70704461 
  51 016a 00000000 		.uaword	.Ldebug_ranges0+0
  52 016e 00000000 		.uaword	0
  53 0172 00000000 		.uaword	0
  54 0176 00000000 		.uaword	.Ldebug_line0
  55 017a 02       		.uleb128 0x2
  56 017b 01       		.byte	0x1
  57 017c 08       		.byte	0x8
  58 017d 756E7369 		.string	"unsigned char"
  58      676E6564 
  58      20636861 
  58      7200
  59 018b 02       		.uleb128 0x2
  60 018c 02       		.byte	0x2
  61 018d 07       		.byte	0x7
  62 018e 73686F72 		.string	"short unsigned int"
  62      7420756E 
  62      7369676E 
  62      65642069 
  62      6E7400
  63 01a1 02       		.uleb128 0x2
  64 01a2 04       		.byte	0x4
  65 01a3 07       		.byte	0x7
  66 01a4 756E7369 		.string	"unsigned int"
  66      676E6564 
  66      20696E74 
  66      00
  67 01b1 02       		.uleb128 0x2
  68 01b2 01       		.byte	0x1
  69 01b3 06       		.byte	0x6
  70 01b4 7369676E 		.string	"signed char"
  70      65642063 
  70      68617200 
  71 01c0 02       		.uleb128 0x2
  72 01c1 02       		.byte	0x2
  73 01c2 05       		.byte	0x5
  74 01c3 73686F72 		.string	"short int"
  74      7420696E 
  74      7400
  75 01cd 02       		.uleb128 0x2
  76 01ce 04       		.byte	0x4
  77 01cf 05       		.byte	0x5
  78 01d0 696E7400 		.string	"int"
  79 01d4 02       		.uleb128 0x2
  80 01d5 04       		.byte	0x4
  81 01d6 04       		.byte	0x4
  82 01d7 666C6F61 		.string	"float"
  82      7400
  83 01dd 02       		.uleb128 0x2
  84 01de 08       		.byte	0x8
  85 01df 04       		.byte	0x4
  86 01e0 646F7562 		.string	"double"
  86      6C6500
  87 01e7 02       		.uleb128 0x2
  88 01e8 08       		.byte	0x8
  89 01e9 05       		.byte	0x5
GAS Infineon TriCore Little Endian C:\\Users\\user1\\AppData\\Local\\Temp\\rta_RTAOS_638388406317960277_1736001\\ccDUNwRj.s 			page 3


  90 01ea 6C6F6E67 		.string	"long long int"
  90      206C6F6E 
  90      6720696E 
  90      7400
  91 01f8 02       		.uleb128 0x2
  92 01f9 08       		.byte	0x8
  93 01fa 07       		.byte	0x7
  94 01fb 6C6F6E67 		.string	"long long unsigned int"
  94      206C6F6E 
  94      6720756E 
  94      7369676E 
  94      65642069 
  95 0212 02       		.uleb128 0x2
  96 0213 04       		.byte	0x4
  97 0214 07       		.byte	0x7
  98 0215 73697A65 		.string	"sizetype"
  98      74797065 
  98      00
  99 021e 03       		.uleb128 0x3
 100 021f 01       		.byte	0x1
 101 0220 4F735F43 		.string	"Os_Cbk_InShutdown"
 101      626B5F49 
 101      6E536875 
 101      74646F77 
 101      6E00
 102 0232 01       		.byte	0x1
 103 0233 5605     		.uahalf	0x556
 104 0235 01       		.byte	0x1
 105 0236 00000000 		.uaword	.LFB0
 106 023a 00000000 		.uaword	.LFE0
 107 023e 02       		.byte	0x2
 108 023f 8A       		.byte	0x8a
 109 0240 00       		.sleb128 0
 110 0241 01       		.byte	0x1
 111 0242 00       		.byte	0
 112              	.section .debug_abbrev,"",@progbits
 113              	.Ldebug_abbrev0:
 114 0000 01       		.uleb128 0x1
 115 0001 11       		.uleb128 0x11
 116 0002 01       		.byte	0x1
 117 0003 25       		.uleb128 0x25
 118 0004 08       		.uleb128 0x8
 119 0005 13       		.uleb128 0x13
 120 0006 0B       		.uleb128 0xb
 121 0007 03       		.uleb128 0x3
 122 0008 08       		.uleb128 0x8
 123 0009 55       		.uleb128 0x55
 124 000a 06       		.uleb128 0x6
 125 000b 11       		.uleb128 0x11
 126 000c 01       		.uleb128 0x1
 127 000d 52       		.uleb128 0x52
 128 000e 01       		.uleb128 0x1
 129 000f 10       		.uleb128 0x10
 130 0010 06       		.uleb128 0x6
 131 0011 00       		.byte	0
 132 0012 00       		.byte	0
 133 0013 02       		.uleb128 0x2
GAS Infineon TriCore Little Endian C:\\Users\\user1\\AppData\\Local\\Temp\\rta_RTAOS_638388406317960277_1736001\\ccDUNwRj.s 			page 4


 134 0014 24       		.uleb128 0x24
 135 0015 00       		.byte	0
 136 0016 0B       		.uleb128 0xb
 137 0017 0B       		.uleb128 0xb
 138 0018 3E       		.uleb128 0x3e
 139 0019 0B       		.uleb128 0xb
 140 001a 03       		.uleb128 0x3
 141 001b 08       		.uleb128 0x8
 142 001c 00       		.byte	0
 143 001d 00       		.byte	0
 144 001e 03       		.uleb128 0x3
 145 001f 2E       		.uleb128 0x2e
 146 0020 00       		.byte	0
 147 0021 3F       		.uleb128 0x3f
 148 0022 0C       		.uleb128 0xc
 149 0023 03       		.uleb128 0x3
 150 0024 08       		.uleb128 0x8
 151 0025 3A       		.uleb128 0x3a
 152 0026 0B       		.uleb128 0xb
 153 0027 3B       		.uleb128 0x3b
 154 0028 05       		.uleb128 0x5
 155 0029 27       		.uleb128 0x27
 156 002a 0C       		.uleb128 0xc
 157 002b 11       		.uleb128 0x11
 158 002c 01       		.uleb128 0x1
 159 002d 12       		.uleb128 0x12
 160 002e 01       		.uleb128 0x1
 161 002f 40       		.uleb128 0x40
 162 0030 0A       		.uleb128 0xa
 163 0031 9742     		.uleb128 0x2117
 164 0033 0C       		.uleb128 0xc
 165 0034 00       		.byte	0
 166 0035 00       		.byte	0
 167 0036 00       		.byte	0
 168              	.section .debug_aranges,"",@progbits
 169 0000 1C000000 		.uaword	0x1c
 170 0004 0200     		.uahalf	0x2
 171 0006 00000000 		.uaword	.Ldebug_info0
 172 000a 04       		.byte	0x4
 173 000b 00       		.byte	0
 174 000c 0000     		.uahalf	0
 175 000e 0000     		.uahalf	0
 176 0010 00000000 		.uaword	.LFB0
 177 0014 02000000 		.uaword	.LFE0-.LFB0
 178 0018 00000000 		.uaword	0
 179 001c 00000000 		.uaword	0
 180              	.section .debug_ranges,"",@progbits
 181              	.Ldebug_ranges0:
 182 0000 00000000 		.uaword	.LFB0
 183 0004 00000000 		.uaword	.LFE0
 184 0008 00000000 		.uaword	0
 185 000c 00000000 		.uaword	0
 186              	.section .debug_line,"",@progbits
 187              	.Ldebug_line0:
 188 0000 80000000 	.section .debug_str,"",@progbits
 188      02006A00 
 188      00000201 
GAS Infineon TriCore Little Endian C:\\Users\\user1\\AppData\\Local\\Temp\\rta_RTAOS_638388406317960277_1736001\\ccDUNwRj.s 			page 5


 188      FB0E0D00 
 188      01010101 
 189              		.ident	"GCC: (HighTec Release HDP-v4.9.4.1-11fcedf) 4.9.4 build on 2020-09-01"
