GAS Infineon TriCore Little Endian C:\\Users\\user1\\AppData\\Local\\Temp\\rta_RTAOS_638388406317960277_1736001\\cctqeVMn.s 			page 1


   1              		.file	"Os_GetCurrentIMask.c"
   2              	.section .text,"ax",@progbits
   3              	.Ltext0:
   4              	.section .text.Os_GetCurrentIMask,"ax",@progbits
   5              		.align 1
   6              		.global	Os_GetCurrentIMask
   7              		.type	Os_GetCurrentIMask, @function
   8              	Os_GetCurrentIMask:
   9              	.LFB0:
  10              		.file 1 "C:\\Users\\user1\\AppData\\Local\\Temp\\rta_RTAOS_638388406317960277_1736001\\Os_GetCurre
  11              		.loc 1 1366 0
  12              	.LBB2:
  13              		.loc 1 1368 0
  14              	#APP
  15              		# 1368 "C:\Users\user1\AppData\Local\Temp\rta_RTAOS_638388406317960277_1736001\Os_GetCurrentIMask.
  16 0000 4DC0E1FF 		mfcr %d15,0xfe1c
  17              		# 0 "" 2
  18              	.LVL0:
  19              	#NO_APP
  20              	.LBE2:
  21              		.loc 1 1369 0
  22 0004 910000F0 		movh.a	%a15, hi:Os_const_coreconfiguration
  23 0008 80F3     		mov.d	%d3, %a15
  24 000a 1B030020 		addi	%d2, %d3, lo:Os_const_coreconfiguration
  25 000e 138F2132 		madd	%d3, %d2, %d15, 24
  26 0012 603F     		mov.a	%a15, %d3
  27 0014 C81F     		ld.a	%a15, [%a15] 4
  28              	.LVL1:
  29              	.LBB3:
  30              		.loc 1 1370 0
  31              	#APP
  32              		# 1370 "C:\Users\user1\AppData\Local\Temp\rta_RTAOS_638388406317960277_1736001\Os_GetCurrentIMask.
  33 0016 4D40E0FF 		mfcr %d15,0xfe04
  34              		# 0 "" 2
  35              	.LVL2:
  36              	#NO_APP
  37              	.LBE3:
  38              		.loc 1 1371 0
  39 001a AEB3     		jnz.t	%d15, 11, .L2
  40              		.loc 1 1371 0 is_stmt 0 discriminator 1
  41              	#APP
  42              		# 1371 "C:\Users\user1\AppData\Local\Temp\rta_RTAOS_638388406317960277_1736001\Os_GetCurrentIMask.
  43 001c AD008000 		syscall 0
  44              		# 0 "" 2
  45              	#NO_APP
  46              	.L2:
  47              		.loc 1 1372 0 is_stmt 1
  48 0020 DA3F     		mov	%d15, 63
  49              	.LVL3:
  50 0022 E9FF1800 		st.b	[%a15] 24, %d15
  51              	.LBB4:
  52              		.loc 1 1374 0
  53              	#APP
  54              		# 1374 "C:\Users\user1\AppData\Local\Temp\rta_RTAOS_638388406317960277_1736001\Os_GetCurrentIMask.
  55 0026 4DC0E2FF 		mfcr %d15,0xFE2C
  56              		# 0 "" 2
  57              	.LVL4:
GAS Infineon TriCore Little Endian C:\\Users\\user1\\AppData\\Local\\Temp\\rta_RTAOS_638388406317960277_1736001\\cctqeVMn.s 			page 2


  58              	#NO_APP
  59              	.LBE4:
  60              		.loc 1 1375 0
  61 002a 3BE00320 		mov	%d2, 62
  62 002e E9F21800 		st.b	[%a15] 24, %d2
  63              		.loc 1 1378 0
  64 0032 BBF00F28 		mov.u	%d2, 33023
  65 0036 26F2     		and	%d2, %d15
  66              	.LVL5:
  67 0038 0090     		ret
  68              	.LFE0:
  69              		.size	Os_GetCurrentIMask, .-Os_GetCurrentIMask
  70              	.section .debug_frame,"",@progbits
  71              	.Lframe0:
  72 0000 0C000000 		.uaword	.LECIE0-.LSCIE0
  73              	.LSCIE0:
  74 0004 FFFFFFFF 		.uaword	0xffffffff
  75 0008 01       		.byte	0x1
  76 0009 00       		.string	""
  77 000a 01       		.uleb128 0x1
  78 000b 01       		.sleb128 1
  79 000c 1B       		.byte	0x1b
  80 000d 0C       		.byte	0xc
  81 000e 1A       		.uleb128 0x1a
  82 000f 00       		.uleb128 0
  83              		.align 2
  84              	.LECIE0:
  85              	.LSFDE0:
  86 0010 0C000000 		.uaword	.LEFDE0-.LASFDE0
  87              	.LASFDE0:
  88 0014 00000000 		.uaword	.Lframe0
  89 0018 00000000 		.uaword	.LFB0
  90 001c 3A000000 		.uaword	.LFE0-.LFB0
  91              		.align 2
  92              	.LEFDE0:
  93              	.section .text,"ax",@progbits
  94              	.Letext0:
  95              		.file 2 "D:\\home\\user123\\user\\Mohan6_VectorSIP\\21Dec23\\15Dec23_CAN_merge_21stDec\\25_Softwar
  96              		.file 3 "D:\\home\\user123\\user\\Mohan6_VectorSIP\\21Dec23\\15Dec23_CAN_merge_21stDec\\25_Softwar
  97              	.section .debug_info,"",@progbits
  98              	.Ldebug_info0:
  99 0000 E1100000 		.uaword	0x10e1
 100 0004 0200     		.uahalf	0x2
 101 0006 00000000 		.uaword	.Ldebug_abbrev0
 102 000a 04       		.byte	0x4
 103 000b 01       		.uleb128 0x1
 104 000c 474E5520 		.ascii	"GNU C 4."
 104      4320342E 
 105 0014 392E3420 		.string	"9.4 build on 2020-09-01 -mlicense-dir=c:\\hightec\\toolchains\\tricore\\v4.9.4.1\\bin\\..
 105      6275696C 
 105      64206F6E 
 105      20323032 
 105      302D3039 
 106 0115 01       		.byte	0x1
 107 0116 433A5C55 		.string	"C:\\Users\\user1\\AppData\\Local\\Temp\\rta_RTAOS_638388406317960277_1736001\\Os_GetCurre
 107      73657273 
 107      5C757365 
GAS Infineon TriCore Little Endian C:\\Users\\user1\\AppData\\Local\\Temp\\rta_RTAOS_638388406317960277_1736001\\cctqeVMn.s 			page 3


 107      72315C41 
 107      70704461 
 108 0172 00000000 		.uaword	.Ldebug_ranges0+0
 109 0176 00000000 		.uaword	0
 110 017a 00000000 		.uaword	0
 111 017e 00000000 		.uaword	.Ldebug_line0
 112 0182 02       		.uleb128 0x2
 113 0183 75696E74 		.string	"uint8"
 113      3800
 114 0189 02       		.byte	0x2
 115 018a 34       		.byte	0x34
 116 018b 8F010000 		.uaword	0x18f
 117 018f 03       		.uleb128 0x3
 118 0190 01       		.byte	0x1
 119 0191 08       		.byte	0x8
 120 0192 756E7369 		.string	"unsigned char"
 120      676E6564 
 120      20636861 
 120      7200
 121 01a0 02       		.uleb128 0x2
 122 01a1 75696E74 		.string	"uint16"
 122      313600
 123 01a8 02       		.byte	0x2
 124 01a9 35       		.byte	0x35
 125 01aa AE010000 		.uaword	0x1ae
 126 01ae 03       		.uleb128 0x3
 127 01af 02       		.byte	0x2
 128 01b0 07       		.byte	0x7
 129 01b1 73686F72 		.string	"short unsigned int"
 129      7420756E 
 129      7369676E 
 129      65642069 
 129      6E7400
 130 01c4 02       		.uleb128 0x2
 131 01c5 75696E74 		.string	"uint32"
 131      333200
 132 01cc 02       		.byte	0x2
 133 01cd 36       		.byte	0x36
 134 01ce D2010000 		.uaword	0x1d2
 135 01d2 03       		.uleb128 0x3
 136 01d3 04       		.byte	0x4
 137 01d4 07       		.byte	0x7
 138 01d5 756E7369 		.string	"unsigned int"
 138      676E6564 
 138      20696E74 
 138      00
 139 01e2 03       		.uleb128 0x3
 140 01e3 01       		.byte	0x1
 141 01e4 06       		.byte	0x6
 142 01e5 7369676E 		.string	"signed char"
 142      65642063 
 142      68617200 
 143 01f1 03       		.uleb128 0x3
 144 01f2 02       		.byte	0x2
 145 01f3 05       		.byte	0x5
 146 01f4 73686F72 		.string	"short int"
 146      7420696E 
GAS Infineon TriCore Little Endian C:\\Users\\user1\\AppData\\Local\\Temp\\rta_RTAOS_638388406317960277_1736001\\cctqeVMn.s 			page 4


 146      7400
 147 01fe 03       		.uleb128 0x3
 148 01ff 04       		.byte	0x4
 149 0200 05       		.byte	0x5
 150 0201 696E7400 		.string	"int"
 151 0205 03       		.uleb128 0x3
 152 0206 04       		.byte	0x4
 153 0207 04       		.byte	0x4
 154 0208 666C6F61 		.string	"float"
 154      7400
 155 020e 03       		.uleb128 0x3
 156 020f 08       		.byte	0x8
 157 0210 04       		.byte	0x4
 158 0211 646F7562 		.string	"double"
 158      6C6500
 159 0218 03       		.uleb128 0x3
 160 0219 08       		.byte	0x8
 161 021a 05       		.byte	0x5
 162 021b 6C6F6E67 		.string	"long long int"
 162      206C6F6E 
 162      6720696E 
 162      7400
 163 0229 03       		.uleb128 0x3
 164 022a 08       		.byte	0x8
 165 022b 07       		.byte	0x7
 166 022c 6C6F6E67 		.string	"long long unsigned int"
 166      206C6F6E 
 166      6720756E 
 166      7369676E 
 166      65642069 
 167 0243 02       		.uleb128 0x2
 168 0244 626F6F6C 		.string	"boolean"
 168      65616E00 
 169 024c 02       		.byte	0x2
 170 024d 49       		.byte	0x49
 171 024e 8F010000 		.uaword	0x18f
 172 0252 02       		.uleb128 0x2
 173 0253 53746174 		.string	"StatusType"
 173      75735479 
 173      706500
 174 025e 03       		.byte	0x3
 175 025f 28       		.byte	0x28
 176 0260 8F010000 		.uaword	0x18f
 177 0264 04       		.uleb128 0x4
 178 0265 08       		.byte	0x8
 179 0266 01       		.byte	0x1
 180 0267 7C       		.byte	0x7c
 181 0268 A3020000 		.uaword	0x2a3
 182 026c 05       		.uleb128 0x5
 183 026d 436C6173 		.string	"Class"
 183      7300
 184 0273 01       		.byte	0x1
 185 0274 7D       		.byte	0x7d
 186 0275 82010000 		.uaword	0x182
 187 0279 02       		.byte	0x2
 188 027a 23       		.byte	0x23
 189 027b 00       		.uleb128 0
GAS Infineon TriCore Little Endian C:\\Users\\user1\\AppData\\Local\\Temp\\rta_RTAOS_638388406317960277_1736001\\cctqeVMn.s 			page 5


 190 027c 05       		.uleb128 0x5
 191 027d 54494E00 		.string	"TIN"
 192 0281 01       		.byte	0x1
 193 0282 7E       		.byte	0x7e
 194 0283 82010000 		.uaword	0x182
 195 0287 02       		.byte	0x2
 196 0288 23       		.byte	0x23
 197 0289 01       		.uleb128 0x1
 198 028a 05       		.uleb128 0x5
 199 028b 52657475 		.string	"ReturnAddress"
 199      726E4164 
 199      64726573 
 199      7300
 200 0299 01       		.byte	0x1
 201 029a 7F       		.byte	0x7f
 202 029b C4010000 		.uaword	0x1c4
 203 029f 02       		.byte	0x2
 204 02a0 23       		.byte	0x23
 205 02a1 04       		.uleb128 0x4
 206 02a2 00       		.byte	0
 207 02a3 02       		.uleb128 0x2
 208 02a4 4F735472 		.string	"OsTrapInfoType"
 208      6170496E 
 208      666F5479 
 208      706500
 209 02b3 01       		.byte	0x1
 210 02b4 80       		.byte	0x80
 211 02b5 64020000 		.uaword	0x264
 212 02b9 02       		.uleb128 0x2
 213 02ba 75696E74 		.string	"uint32_aligned"
 213      33325F61 
 213      6C69676E 
 213      656400
 214 02c9 01       		.byte	0x1
 215 02ca 86       		.byte	0x86
 216 02cb C4010000 		.uaword	0x1c4
 217 02cf 04       		.uleb128 0x4
 218 02d0 44       		.byte	0x44
 219 02d1 01       		.byte	0x1
 220 02d2 AB       		.byte	0xab
 221 02d3 E8020000 		.uaword	0x2e8
 222 02d7 05       		.uleb128 0x5
 223 02d8 73746F72 		.string	"store"
 223      6500
 224 02de 01       		.byte	0x1
 225 02df AC       		.byte	0xac
 226 02e0 E8020000 		.uaword	0x2e8
 227 02e4 02       		.byte	0x2
 228 02e5 23       		.byte	0x23
 229 02e6 00       		.uleb128 0
 230 02e7 00       		.byte	0
 231 02e8 06       		.uleb128 0x6
 232 02e9 C4010000 		.uaword	0x1c4
 233 02ed F8020000 		.uaword	0x2f8
 234 02f1 07       		.uleb128 0x7
 235 02f2 F8020000 		.uaword	0x2f8
 236 02f6 10       		.byte	0x10
GAS Infineon TriCore Little Endian C:\\Users\\user1\\AppData\\Local\\Temp\\rta_RTAOS_638388406317960277_1736001\\cctqeVMn.s 			page 6


 237 02f7 00       		.byte	0
 238 02f8 03       		.uleb128 0x3
 239 02f9 04       		.byte	0x4
 240 02fa 07       		.byte	0x7
 241 02fb 73697A65 		.string	"sizetype"
 241      74797065 
 241      00
 242 0304 02       		.uleb128 0x2
 243 0305 4F735F4A 		.string	"Os_JumpBufType"
 243      756D7042 
 243      75665479 
 243      706500
 244 0314 01       		.byte	0x1
 245 0315 AD       		.byte	0xad
 246 0316 1A030000 		.uaword	0x31a
 247 031a 06       		.uleb128 0x6
 248 031b CF020000 		.uaword	0x2cf
 249 031f 2A030000 		.uaword	0x32a
 250 0323 07       		.uleb128 0x7
 251 0324 F8020000 		.uaword	0x2f8
 252 0328 00       		.byte	0
 253 0329 00       		.byte	0
 254 032a 02       		.uleb128 0x2
 255 032b 4F735F52 		.string	"Os_ResourceCountType"
 255      65736F75 
 255      72636543 
 255      6F756E74 
 255      54797065 
 256 0340 01       		.byte	0x1
 257 0341 BE       		.byte	0xbe
 258 0342 8F010000 		.uaword	0x18f
 259 0346 02       		.uleb128 0x2
 260 0347 4F735F53 		.string	"Os_StackTraceType"
 260      7461636B 
 260      54726163 
 260      65547970 
 260      6500
 261 0359 01       		.byte	0x1
 262 035a BF       		.byte	0xbf
 263 035b D2010000 		.uaword	0x1d2
 264 035f 04       		.uleb128 0x4
 265 0360 08       		.byte	0x8
 266 0361 01       		.byte	0x1
 267 0362 C0       		.byte	0xc0
 268 0363 83030000 		.uaword	0x383
 269 0367 05       		.uleb128 0x5
 270 0368 737000   		.string	"sp"
 271 036b 01       		.byte	0x1
 272 036c C0       		.byte	0xc0
 273 036d 46030000 		.uaword	0x346
 274 0371 02       		.byte	0x2
 275 0372 23       		.byte	0x23
 276 0373 00       		.uleb128 0
 277 0374 05       		.uleb128 0x5
 278 0375 63747800 		.string	"ctx"
 279 0379 01       		.byte	0x1
 280 037a C0       		.byte	0xc0
GAS Infineon TriCore Little Endian C:\\Users\\user1\\AppData\\Local\\Temp\\rta_RTAOS_638388406317960277_1736001\\cctqeVMn.s 			page 7


 281 037b 46030000 		.uaword	0x346
 282 037f 02       		.byte	0x2
 283 0380 23       		.byte	0x23
 284 0381 04       		.uleb128 0x4
 285 0382 00       		.byte	0
 286 0383 02       		.uleb128 0x2
 287 0384 4F735F53 		.string	"Os_StackValueType"
 287      7461636B 
 287      56616C75 
 287      65547970 
 287      6500
 288 0396 01       		.byte	0x1
 289 0397 C0       		.byte	0xc0
 290 0398 5F030000 		.uaword	0x35f
 291 039c 02       		.uleb128 0x2
 292 039d 4F735F53 		.string	"Os_StackSizeType"
 292      7461636B 
 292      53697A65 
 292      54797065 
 292      00
 293 03ae 01       		.byte	0x1
 294 03af C1       		.byte	0xc1
 295 03b0 83030000 		.uaword	0x383
 296 03b4 02       		.uleb128 0x2
 297 03b5 4F735F56 		.string	"Os_VoidVoidFunctionType"
 297      6F696456 
 297      6F696446 
 297      756E6374 
 297      696F6E54 
 298 03cd 01       		.byte	0x1
 299 03ce C7       		.byte	0xc7
 300 03cf D3030000 		.uaword	0x3d3
 301 03d3 08       		.uleb128 0x8
 302 03d4 04       		.byte	0x4
 303 03d5 D9030000 		.uaword	0x3d9
 304 03d9 09       		.uleb128 0x9
 305 03da 01       		.byte	0x1
 306 03db 02       		.uleb128 0x2
 307 03dc 4170706C 		.string	"ApplicationType"
 307      69636174 
 307      696F6E54 
 307      79706500 
 308 03ec 01       		.byte	0x1
 309 03ed D5       		.byte	0xd5
 310 03ee 8F010000 		.uaword	0x18f
 311 03f2 02       		.uleb128 0x2
 312 03f3 4F735F74 		.string	"Os_tmaskType"
 312      6D61736B 
 312      54797065 
 312      00
 313 0400 01       		.byte	0x1
 314 0401 D9       		.byte	0xd9
 315 0402 C4010000 		.uaword	0x1c4
 316 0406 02       		.uleb128 0x2
 317 0407 4F735F43 		.string	"Os_CoreStateType"
 317      6F726553 
 317      74617465 
GAS Infineon TriCore Little Endian C:\\Users\\user1\\AppData\\Local\\Temp\\rta_RTAOS_638388406317960277_1736001\\cctqeVMn.s 			page 8


 317      54797065 
 317      00
 318 0418 01       		.byte	0x1
 319 0419 E7       		.byte	0xe7
 320 041a C4010000 		.uaword	0x1c4
 321 041e 02       		.uleb128 0x2
 322 041f 4F735F53 		.string	"Os_StopwatchTickType"
 322      746F7077 
 322      61746368 
 322      5469636B 
 322      54797065 
 323 0434 01       		.byte	0x1
 324 0435 FD       		.byte	0xfd
 325 0436 D2010000 		.uaword	0x1d2
 326 043a 0A       		.uleb128 0xa
 327 043b 4F735F54 		.string	"Os_TerminatorType"
 327      65726D69 
 327      6E61746F 
 327      72547970 
 327      6500
 328 044d 01       		.byte	0x1
 329 044e 0201     		.uahalf	0x102
 330 0450 54040000 		.uaword	0x454
 331 0454 08       		.uleb128 0x8
 332 0455 04       		.byte	0x4
 333 0456 04030000 		.uaword	0x304
 334 045a 0A       		.uleb128 0xa
 335 045b 4F735F4C 		.string	"Os_Lockable"
 335      6F636B61 
 335      626C6500 
 336 0467 01       		.byte	0x1
 337 0468 0701     		.uahalf	0x107
 338 046a B9020000 		.uaword	0x2b9
 339 046e 0A       		.uleb128 0xa
 340 046f 436F7265 		.string	"CoreIdType"
 340      49645479 
 340      706500
 341 047a 01       		.byte	0x1
 342 047b 0901     		.uahalf	0x109
 343 047d A0010000 		.uaword	0x1a0
 344 0481 0B       		.uleb128 0xb
 345 0482 5A040000 		.uaword	0x45a
 346 0486 0C       		.uleb128 0xc
 347 0487 4F735F43 		.string	"Os_ControlledCoreType_s"
 347      6F6E7472 
 347      6F6C6C65 
 347      64436F72 
 347      65547970 
 348 049f 58       		.byte	0x58
 349 04a0 01       		.byte	0x1
 350 04a1 1004     		.uahalf	0x410
 351 04a3 84060000 		.uaword	0x684
 352 04a7 0D       		.uleb128 0xd
 353 04a8 54726170 		.string	"TrapInfo"
 353      496E666F 
 353      00
 354 04b1 01       		.byte	0x1
GAS Infineon TriCore Little Endian C:\\Users\\user1\\AppData\\Local\\Temp\\rta_RTAOS_638388406317960277_1736001\\cctqeVMn.s 			page 9


 355 04b2 1104     		.uahalf	0x411
 356 04b4 A3020000 		.uaword	0x2a3
 357 04b8 02       		.byte	0x2
 358 04b9 23       		.byte	0x23
 359 04ba 00       		.uleb128 0
 360 04bb 0D       		.uleb128 0xd
 361 04bc 4572726F 		.string	"ErrorInformation"
 361      72496E66 
 361      6F726D61 
 361      74696F6E 
 361      00
 362 04cd 01       		.byte	0x1
 363 04ce 1204     		.uahalf	0x412
 364 04d0 110D0000 		.uaword	0xd11
 365 04d4 02       		.byte	0x2
 366 04d5 23       		.byte	0x23
 367 04d6 08       		.uleb128 0x8
 368 04d7 0D       		.uleb128 0xd
 369 04d8 6C6F636B 		.string	"lock_taskaccess"
 369      5F746173 
 369      6B616363 
 369      65737300 
 370 04e8 01       		.byte	0x1
 371 04e9 1304     		.uahalf	0x413
 372 04eb 81040000 		.uaword	0x481
 373 04ef 02       		.byte	0x2
 374 04f0 23       		.byte	0x23
 375 04f1 18       		.uleb128 0x18
 376 04f2 0D       		.uleb128 0xd
 377 04f3 52656164 		.string	"ReadyTasks"
 377      79546173 
 377      6B7300
 378 04fe 01       		.byte	0x1
 379 04ff 1404     		.uahalf	0x414
 380 0501 470D0000 		.uaword	0xd47
 381 0505 02       		.byte	0x2
 382 0506 23       		.byte	0x23
 383 0507 1C       		.uleb128 0x1c
 384 0508 0D       		.uleb128 0xd
 385 0509 52756E6E 		.string	"RunningISR"
 385      696E6749 
 385      535200
 386 0514 01       		.byte	0x1
 387 0515 1504     		.uahalf	0x415
 388 0517 4C0D0000 		.uaword	0xd4c
 389 051b 02       		.byte	0x2
 390 051c 23       		.byte	0x23
 391 051d 20       		.uleb128 0x20
 392 051e 0D       		.uleb128 0xd
 393 051f 52756E6E 		.string	"RunningTask"
 393      696E6754 
 393      61736B00 
 394 052b 01       		.byte	0x1
 395 052c 1604     		.uahalf	0x416
 396 052e 510D0000 		.uaword	0xd51
 397 0532 02       		.byte	0x2
 398 0533 23       		.byte	0x23
GAS Infineon TriCore Little Endian C:\\Users\\user1\\AppData\\Local\\Temp\\rta_RTAOS_638388406317960277_1736001\\cctqeVMn.s 			page 10


 399 0534 24       		.uleb128 0x24
 400 0535 0D       		.uleb128 0xd
 401 0536 52756E6E 		.string	"RunningTPMask"
 401      696E6754 
 401      504D6173 
 401      6B00
 402 0544 01       		.byte	0x1
 403 0545 1704     		.uahalf	0x417
 404 0547 560D0000 		.uaword	0xd56
 405 054b 02       		.byte	0x2
 406 054c 23       		.byte	0x23
 407 054d 28       		.uleb128 0x28
 408 054e 0D       		.uleb128 0xd
 409 054f 5465726D 		.string	"TerminatingTasks"
 409      696E6174 
 409      696E6754 
 409      61736B73 
 409      00
 410 0560 01       		.byte	0x1
 411 0561 1804     		.uahalf	0x418
 412 0563 470D0000 		.uaword	0xd47
 413 0567 02       		.byte	0x2
 414 0568 23       		.byte	0x23
 415 0569 2C       		.uleb128 0x2c
 416 056a 0D       		.uleb128 0xd
 417 056b 4170706C 		.string	"Application"
 417      69636174 
 417      696F6E00 
 418 0577 01       		.byte	0x1
 419 0578 1904     		.uahalf	0x419
 420 057a DB030000 		.uaword	0x3db
 421 057e 02       		.byte	0x2
 422 057f 23       		.byte	0x23
 423 0580 30       		.uleb128 0x30
 424 0581 0D       		.uleb128 0xd
 425 0582 43757272 		.string	"CurrentTerminator"
 425      656E7454 
 425      65726D69 
 425      6E61746F 
 425      7200
 426 0594 01       		.byte	0x1
 427 0595 1A04     		.uahalf	0x41a
 428 0597 5B0D0000 		.uaword	0xd5b
 429 059b 02       		.byte	0x2
 430 059c 23       		.byte	0x23
 431 059d 34       		.uleb128 0x34
 432 059e 0D       		.uleb128 0xd
 433 059f 43757272 		.string	"CurrentMeteredObject"
 433      656E744D 
 433      65746572 
 433      65644F62 
 433      6A656374 
 434 05b4 01       		.byte	0x1
 435 05b5 1B04     		.uahalf	0x41b
 436 05b7 F0060000 		.uaword	0x6f0
 437 05bb 02       		.byte	0x2
 438 05bc 23       		.byte	0x23
GAS Infineon TriCore Little Endian C:\\Users\\user1\\AppData\\Local\\Temp\\rta_RTAOS_638388406317960277_1736001\\cctqeVMn.s 			page 11


 439 05bd 38       		.uleb128 0x38
 440 05be 0D       		.uleb128 0xd
 441 05bf 49646C65 		.string	"IdleMeter"
 441      4D657465 
 441      7200
 442 05c9 01       		.byte	0x1
 443 05ca 1C04     		.uahalf	0x41c
 444 05cc D7060000 		.uaword	0x6d7
 445 05d0 02       		.byte	0x2
 446 05d1 23       		.byte	0x23
 447 05d2 3C       		.uleb128 0x3c
 448 05d3 0D       		.uleb128 0xd
 449 05d4 41707041 		.string	"AppAccess"
 449      63636573 
 449      7300
 450 05de 01       		.byte	0x1
 451 05df 1D04     		.uahalf	0x41d
 452 05e1 82010000 		.uaword	0x182
 453 05e5 02       		.byte	0x2
 454 05e6 23       		.byte	0x23
 455 05e7 48       		.uleb128 0x48
 456 05e8 0D       		.uleb128 0xd
 457 05e9 4170704F 		.string	"AppOverride"
 457      76657272 
 457      69646500 
 458 05f5 01       		.byte	0x1
 459 05f6 1E04     		.uahalf	0x41e
 460 05f8 600D0000 		.uaword	0xd60
 461 05fc 02       		.byte	0x2
 462 05fd 23       		.byte	0x23
 463 05fe 49       		.uleb128 0x49
 464 05ff 0D       		.uleb128 0xd
 465 0600 47657453 		.string	"GetStackValueAdjust"
 465      7461636B 
 465      56616C75 
 465      6541646A 
 465      75737400 
 466 0614 01       		.byte	0x1
 467 0615 1F04     		.uahalf	0x41f
 468 0617 9C030000 		.uaword	0x39c
 469 061b 02       		.byte	0x2
 470 061c 23       		.byte	0x23
 471 061d 4C       		.uleb128 0x4c
 472 061e 0D       		.uleb128 0xd
 473 061f 496E4572 		.string	"InErrorHook"
 473      726F7248 
 473      6F6F6B00 
 474 062b 01       		.byte	0x1
 475 062c 2004     		.uahalf	0x420
 476 062e 43020000 		.uaword	0x243
 477 0632 02       		.byte	0x2
 478 0633 23       		.byte	0x23
 479 0634 54       		.uleb128 0x54
 480 0635 0D       		.uleb128 0xd
 481 0636 496E5072 		.string	"InProtectionHook"
 481      6F746563 
 481      74696F6E 
GAS Infineon TriCore Little Endian C:\\Users\\user1\\AppData\\Local\\Temp\\rta_RTAOS_638388406317960277_1736001\\cctqeVMn.s 			page 12


 481      486F6F6B 
 481      00
 482 0647 01       		.byte	0x1
 483 0648 2104     		.uahalf	0x421
 484 064a 43020000 		.uaword	0x243
 485 064e 02       		.byte	0x2
 486 064f 23       		.byte	0x23
 487 0650 55       		.uleb128 0x55
 488 0651 0D       		.uleb128 0xd
 489 0652 436F7265 		.string	"CoreIsActive"
 489      49734163 
 489      74697665 
 489      00
 490 065f 01       		.byte	0x1
 491 0660 2204     		.uahalf	0x422
 492 0662 43020000 		.uaword	0x243
 493 0666 02       		.byte	0x2
 494 0667 23       		.byte	0x23
 495 0668 56       		.uleb128 0x56
 496 0669 0D       		.uleb128 0xd
 497 066a 496E5368 		.string	"InShutdownHook"
 497      7574646F 
 497      776E486F 
 497      6F6B00
 498 0679 01       		.byte	0x1
 499 067a 2304     		.uahalf	0x423
 500 067c 43020000 		.uaword	0x243
 501 0680 02       		.byte	0x2
 502 0681 23       		.byte	0x23
 503 0682 57       		.uleb128 0x57
 504 0683 00       		.byte	0
 505 0684 0C       		.uleb128 0xc
 506 0685 4F735F4D 		.string	"Os_MeterInfoType_s"
 506      65746572 
 506      496E666F 
 506      54797065 
 506      5F7300
 507 0698 0C       		.byte	0xc
 508 0699 01       		.byte	0x1
 509 069a 7201     		.uahalf	0x172
 510 069c D7060000 		.uaword	0x6d7
 511 06a0 0D       		.uleb128 0xd
 512 06a1 656C6170 		.string	"elapsed"
 512      73656400 
 513 06a9 01       		.byte	0x1
 514 06aa 7301     		.uahalf	0x173
 515 06ac 1E040000 		.uaword	0x41e
 516 06b0 02       		.byte	0x2
 517 06b1 23       		.byte	0x23
 518 06b2 00       		.uleb128 0
 519 06b3 0D       		.uleb128 0xd
 520 06b4 70726576 		.string	"previous"
 520      696F7573 
 520      00
 521 06bd 01       		.byte	0x1
 522 06be 7401     		.uahalf	0x174
 523 06c0 1E040000 		.uaword	0x41e
GAS Infineon TriCore Little Endian C:\\Users\\user1\\AppData\\Local\\Temp\\rta_RTAOS_638388406317960277_1736001\\cctqeVMn.s 			page 13


 524 06c4 02       		.byte	0x2
 525 06c5 23       		.byte	0x23
 526 06c6 04       		.uleb128 0x4
 527 06c7 0D       		.uleb128 0xd
 528 06c8 6D617800 		.string	"max"
 529 06cc 01       		.byte	0x1
 530 06cd 7501     		.uahalf	0x175
 531 06cf 1E040000 		.uaword	0x41e
 532 06d3 02       		.byte	0x2
 533 06d4 23       		.byte	0x23
 534 06d5 08       		.uleb128 0x8
 535 06d6 00       		.byte	0
 536 06d7 0A       		.uleb128 0xa
 537 06d8 4F735F4D 		.string	"Os_MeterInfoType"
 537      65746572 
 537      496E666F 
 537      54797065 
 537      00
 538 06e9 01       		.byte	0x1
 539 06ea 7601     		.uahalf	0x176
 540 06ec 84060000 		.uaword	0x684
 541 06f0 0A       		.uleb128 0xa
 542 06f1 4F735F4D 		.string	"Os_MeterInfoRefType"
 542      65746572 
 542      496E666F 
 542      52656654 
 542      79706500 
 543 0705 01       		.byte	0x1
 544 0706 7701     		.uahalf	0x177
 545 0708 0C070000 		.uaword	0x70c
 546 070c 08       		.uleb128 0x8
 547 070d 04       		.byte	0x4
 548 070e D7060000 		.uaword	0x6d7
 549 0712 0A       		.uleb128 0xa
 550 0713 4F735F69 		.string	"Os_imaskType"
 550      6D61736B 
 550      54797065 
 550      00
 551 0720 01       		.byte	0x1
 552 0721 7F01     		.uahalf	0x17f
 553 0723 C4010000 		.uaword	0x1c4
 554 0727 0C       		.uleb128 0xc
 555 0728 4F735F49 		.string	"Os_ISRDynType_s"
 555      53524479 
 555      6E547970 
 555      655F7300 
 556 0738 10       		.byte	0x10
 557 0739 01       		.byte	0x1
 558 073a 8101     		.uahalf	0x181
 559 073c 78070000 		.uaword	0x778
 560 0740 0E       		.uleb128 0xe
 561 0741 00000000 		.uaword	.LASF0
 562 0745 01       		.byte	0x1
 563 0746 8201     		.uahalf	0x182
 564 0748 2A030000 		.uaword	0x32a
 565 074c 02       		.byte	0x2
 566 074d 23       		.byte	0x23
GAS Infineon TriCore Little Endian C:\\Users\\user1\\AppData\\Local\\Temp\\rta_RTAOS_638388406317960277_1736001\\cctqeVMn.s 			page 14


 567 074e 00       		.uleb128 0
 568 074f 0D       		.uleb128 0xd
 569 0750 7465726D 		.string	"terminating"
 569      696E6174 
 569      696E6700 
 570 075c 01       		.byte	0x1
 571 075d 8301     		.uahalf	0x183
 572 075f 43020000 		.uaword	0x243
 573 0763 02       		.byte	0x2
 574 0764 23       		.byte	0x23
 575 0765 01       		.uleb128 0x1
 576 0766 0D       		.uleb128 0xd
 577 0767 6D657465 		.string	"meter"
 577      7200
 578 076d 01       		.byte	0x1
 579 076e 8401     		.uahalf	0x184
 580 0770 D7060000 		.uaword	0x6d7
 581 0774 02       		.byte	0x2
 582 0775 23       		.byte	0x23
 583 0776 04       		.uleb128 0x4
 584 0777 00       		.byte	0
 585 0778 0A       		.uleb128 0xa
 586 0779 4F735F49 		.string	"Os_ISRDynType"
 586      53524479 
 586      6E547970 
 586      6500
 587 0787 01       		.byte	0x1
 588 0788 8501     		.uahalf	0x185
 589 078a 27070000 		.uaword	0x727
 590 078e 0A       		.uleb128 0xa
 591 078f 4F735F49 		.string	"Os_IsrTerminatedFunctionType"
 591      73725465 
 591      726D696E 
 591      61746564 
 591      46756E63 
 592 07ac 01       		.byte	0x1
 593 07ad 8601     		.uahalf	0x186
 594 07af D3030000 		.uaword	0x3d3
 595 07b3 0C       		.uleb128 0xc
 596 07b4 4F735F49 		.string	"Os_ISRType_s"
 596      53525479 
 596      70655F73 
 596      00
 597 07c1 18       		.byte	0x18
 598 07c2 01       		.byte	0x1
 599 07c3 8701     		.uahalf	0x187
 600 07c5 45080000 		.uaword	0x845
 601 07c9 0E       		.uleb128 0xe
 602 07ca 00000000 		.uaword	.LASF1
 603 07ce 01       		.byte	0x1
 604 07cf 8801     		.uahalf	0x188
 605 07d1 B4030000 		.uaword	0x3b4
 606 07d5 02       		.byte	0x2
 607 07d6 23       		.byte	0x23
 608 07d7 00       		.uleb128 0
 609 07d8 0D       		.uleb128 0xd
 610 07d9 7465726D 		.string	"terminated_function"
GAS Infineon TriCore Little Endian C:\\Users\\user1\\AppData\\Local\\Temp\\rta_RTAOS_638388406317960277_1736001\\cctqeVMn.s 			page 15


 610      696E6174 
 610      65645F66 
 610      756E6374 
 610      696F6E00 
 611 07ed 01       		.byte	0x1
 612 07ee 8901     		.uahalf	0x189
 613 07f0 8E070000 		.uaword	0x78e
 614 07f4 02       		.byte	0x2
 615 07f5 23       		.byte	0x23
 616 07f6 04       		.uleb128 0x4
 617 07f7 0E       		.uleb128 0xe
 618 07f8 00000000 		.uaword	.LASF2
 619 07fc 01       		.byte	0x1
 620 07fd 8A01     		.uahalf	0x18a
 621 07ff 45080000 		.uaword	0x845
 622 0803 02       		.byte	0x2
 623 0804 23       		.byte	0x23
 624 0805 08       		.uleb128 0x8
 625 0806 0E       		.uleb128 0xe
 626 0807 00000000 		.uaword	.LASF3
 627 080b 01       		.byte	0x1
 628 080c 8B01     		.uahalf	0x18b
 629 080e 12070000 		.uaword	0x712
 630 0812 02       		.byte	0x2
 631 0813 23       		.byte	0x23
 632 0814 0C       		.uleb128 0xc
 633 0815 0D       		.uleb128 0xd
 634 0816 696E6465 		.string	"index"
 634      7800
 635 081c 01       		.byte	0x1
 636 081d 8C01     		.uahalf	0x18c
 637 081f C4010000 		.uaword	0x1c4
 638 0823 02       		.byte	0x2
 639 0824 23       		.byte	0x23
 640 0825 10       		.uleb128 0x10
 641 0826 0E       		.uleb128 0xe
 642 0827 00000000 		.uaword	.LASF4
 643 082b 01       		.byte	0x1
 644 082c 8D01     		.uahalf	0x18d
 645 082e 82010000 		.uaword	0x182
 646 0832 02       		.byte	0x2
 647 0833 23       		.byte	0x23
 648 0834 14       		.uleb128 0x14
 649 0835 0E       		.uleb128 0xe
 650 0836 00000000 		.uaword	.LASF5
 651 083a 01       		.byte	0x1
 652 083b 8E01     		.uahalf	0x18e
 653 083d DB030000 		.uaword	0x3db
 654 0841 02       		.byte	0x2
 655 0842 23       		.byte	0x23
 656 0843 15       		.uleb128 0x15
 657 0844 00       		.byte	0
 658 0845 0F       		.uleb128 0xf
 659 0846 4A080000 		.uaword	0x84a
 660 084a 08       		.uleb128 0x8
 661 084b 04       		.byte	0x4
 662 084c 78070000 		.uaword	0x778
GAS Infineon TriCore Little Endian C:\\Users\\user1\\AppData\\Local\\Temp\\rta_RTAOS_638388406317960277_1736001\\cctqeVMn.s 			page 16


 663 0850 0A       		.uleb128 0xa
 664 0851 4F735F49 		.string	"Os_ISRType"
 664      53525479 
 664      706500
 665 085c 01       		.byte	0x1
 666 085d 8F01     		.uahalf	0x18f
 667 085f B3070000 		.uaword	0x7b3
 668 0863 0A       		.uleb128 0xa
 669 0864 49535254 		.string	"ISRType"
 669      79706500 
 670 086c 01       		.byte	0x1
 671 086d 9001     		.uahalf	0x190
 672 086f 73080000 		.uaword	0x873
 673 0873 08       		.uleb128 0x8
 674 0874 04       		.byte	0x4
 675 0875 79080000 		.uaword	0x879
 676 0879 0F       		.uleb128 0xf
 677 087a 50080000 		.uaword	0x850
 678 087e 0A       		.uleb128 0xa
 679 087f 4F735F62 		.string	"Os_bitmask"
 679      69746D61 
 679      736B00
 680 088a 01       		.byte	0x1
 681 088b A201     		.uahalf	0x1a2
 682 088d D2010000 		.uaword	0x1d2
 683 0891 0A       		.uleb128 0xa
 684 0892 4F735F70 		.string	"Os_pset0Type"
 684      73657430 
 684      54797065 
 684      00
 685 089f 01       		.byte	0x1
 686 08a0 A301     		.uahalf	0x1a3
 687 08a2 7E080000 		.uaword	0x87e
 688 08a6 0A       		.uleb128 0xa
 689 08a7 4F735F70 		.string	"Os_pset1Type"
 689      73657431 
 689      54797065 
 689      00
 690 08b4 01       		.byte	0x1
 691 08b5 A401     		.uahalf	0x1a4
 692 08b7 7E080000 		.uaword	0x87e
 693 08bb 0A       		.uleb128 0xa
 694 08bc 4F735F70 		.string	"Os_pset2Type"
 694      73657432 
 694      54797065 
 694      00
 695 08c9 01       		.byte	0x1
 696 08ca A501     		.uahalf	0x1a5
 697 08cc 7E080000 		.uaword	0x87e
 698 08d0 10       		.uleb128 0x10
 699 08d1 04       		.byte	0x4
 700 08d2 01       		.byte	0x1
 701 08d3 A601     		.uahalf	0x1a6
 702 08d5 FB080000 		.uaword	0x8fb
 703 08d9 11       		.uleb128 0x11
 704 08da 703000   		.string	"p0"
 705 08dd 01       		.byte	0x1
GAS Infineon TriCore Little Endian C:\\Users\\user1\\AppData\\Local\\Temp\\rta_RTAOS_638388406317960277_1736001\\cctqeVMn.s 			page 17


 706 08de A701     		.uahalf	0x1a7
 707 08e0 91080000 		.uaword	0x891
 708 08e4 11       		.uleb128 0x11
 709 08e5 703100   		.string	"p1"
 710 08e8 01       		.byte	0x1
 711 08e9 A801     		.uahalf	0x1a8
 712 08eb A6080000 		.uaword	0x8a6
 713 08ef 11       		.uleb128 0x11
 714 08f0 703200   		.string	"p2"
 715 08f3 01       		.byte	0x1
 716 08f4 A901     		.uahalf	0x1a9
 717 08f6 BB080000 		.uaword	0x8bb
 718 08fa 00       		.byte	0
 719 08fb 0A       		.uleb128 0xa
 720 08fc 4F735F70 		.string	"Os_psetType"
 720      73657454 
 720      79706500 
 721 0908 01       		.byte	0x1
 722 0909 AA01     		.uahalf	0x1aa
 723 090b D0080000 		.uaword	0x8d0
 724 090f 10       		.uleb128 0x10
 725 0910 04       		.byte	0x4
 726 0911 01       		.byte	0x1
 727 0912 AC01     		.uahalf	0x1ac
 728 0914 3A090000 		.uaword	0x93a
 729 0918 11       		.uleb128 0x11
 730 0919 743000   		.string	"t0"
 731 091c 01       		.byte	0x1
 732 091d AD01     		.uahalf	0x1ad
 733 091f 7E080000 		.uaword	0x87e
 734 0923 11       		.uleb128 0x11
 735 0924 743100   		.string	"t1"
 736 0927 01       		.byte	0x1
 737 0928 AE01     		.uahalf	0x1ae
 738 092a 7E080000 		.uaword	0x87e
 739 092e 11       		.uleb128 0x11
 740 092f 743200   		.string	"t2"
 741 0932 01       		.byte	0x1
 742 0933 AF01     		.uahalf	0x1af
 743 0935 7E080000 		.uaword	0x87e
 744 0939 00       		.byte	0
 745 093a 0A       		.uleb128 0xa
 746 093b 4F735F74 		.string	"Os_tpmaskType"
 746      706D6173 
 746      6B547970 
 746      6500
 747 0949 01       		.byte	0x1
 748 094a B001     		.uahalf	0x1b0
 749 094c 0F090000 		.uaword	0x90f
 750 0950 0A       		.uleb128 0xa
 751 0951 4F735F41 		.string	"Os_ActivationCountType"
 751      63746976 
 751      6174696F 
 751      6E436F75 
 751      6E745479 
 752 0968 01       		.byte	0x1
 753 0969 B101     		.uahalf	0x1b1
GAS Infineon TriCore Little Endian C:\\Users\\user1\\AppData\\Local\\Temp\\rta_RTAOS_638388406317960277_1736001\\cctqeVMn.s 			page 18


 754 096b 8F010000 		.uaword	0x18f
 755 096f 0C       		.uleb128 0xc
 756 0970 4F735F54 		.string	"Os_TaskDynType_s"
 756      61736B44 
 756      796E5479 
 756      70655F73 
 756      00
 757 0981 5C       		.byte	0x5c
 758 0982 01       		.byte	0x1
 759 0983 B301     		.uahalf	0x1b3
 760 0985 2A0A0000 		.uaword	0xa2a
 761 0989 0D       		.uleb128 0xd
 762 098a 6C617374 		.string	"last_activation"
 762      5F616374 
 762      69766174 
 762      696F6E00 
 763 099a 01       		.byte	0x1
 764 099b B401     		.uahalf	0x1b4
 765 099d 1E040000 		.uaword	0x41e
 766 09a1 02       		.byte	0x2
 767 09a2 23       		.byte	0x23
 768 09a3 00       		.uleb128 0
 769 09a4 0D       		.uleb128 0xd
 770 09a5 7465726D 		.string	"terminate_jump_buf"
 770      696E6174 
 770      655F6A75 
 770      6D705F62 
 770      756600
 771 09b8 01       		.byte	0x1
 772 09b9 B501     		.uahalf	0x1b5
 773 09bb 04030000 		.uaword	0x304
 774 09bf 02       		.byte	0x2
 775 09c0 23       		.byte	0x23
 776 09c1 04       		.uleb128 0x4
 777 09c2 0D       		.uleb128 0xd
 778 09c3 6D657465 		.string	"meter"
 778      7200
 779 09c9 01       		.byte	0x1
 780 09ca B601     		.uahalf	0x1b6
 781 09cc D7060000 		.uaword	0x6d7
 782 09d0 02       		.byte	0x2
 783 09d1 23       		.byte	0x23
 784 09d2 48       		.uleb128 0x48
 785 09d3 0D       		.uleb128 0xd
 786 09d4 7365656E 		.string	"seen_activation"
 786      5F616374 
 786      69766174 
 786      696F6E00 
 787 09e4 01       		.byte	0x1
 788 09e5 B701     		.uahalf	0x1b7
 789 09e7 43020000 		.uaword	0x243
 790 09eb 02       		.byte	0x2
 791 09ec 23       		.byte	0x23
 792 09ed 54       		.uleb128 0x54
 793 09ee 0E       		.uleb128 0xe
 794 09ef 00000000 		.uaword	.LASF6
 795 09f3 01       		.byte	0x1
GAS Infineon TriCore Little Endian C:\\Users\\user1\\AppData\\Local\\Temp\\rta_RTAOS_638388406317960277_1736001\\cctqeVMn.s 			page 19


 796 09f4 B801     		.uahalf	0x1b8
 797 09f6 50090000 		.uaword	0x950
 798 09fa 02       		.byte	0x2
 799 09fb 23       		.byte	0x23
 800 09fc 55       		.uleb128 0x55
 801 09fd 0E       		.uleb128 0xe
 802 09fe 00000000 		.uaword	.LASF0
 803 0a02 01       		.byte	0x1
 804 0a03 B901     		.uahalf	0x1b9
 805 0a05 2A030000 		.uaword	0x32a
 806 0a09 02       		.byte	0x2
 807 0a0a 23       		.byte	0x23
 808 0a0b 56       		.uleb128 0x56
 809 0a0c 0D       		.uleb128 0xd
 810 0a0d 7465726D 		.string	"termination_state"
 810      696E6174 
 810      696F6E5F 
 810      73746174 
 810      6500
 811 0a1f 01       		.byte	0x1
 812 0a20 BA01     		.uahalf	0x1ba
 813 0a22 C4010000 		.uaword	0x1c4
 814 0a26 02       		.byte	0x2
 815 0a27 23       		.byte	0x23
 816 0a28 58       		.uleb128 0x58
 817 0a29 00       		.byte	0
 818 0a2a 0A       		.uleb128 0xa
 819 0a2b 4F735F54 		.string	"Os_TaskDynType"
 819      61736B44 
 819      796E5479 
 819      706500
 820 0a3a 01       		.byte	0x1
 821 0a3b BB01     		.uahalf	0x1bb
 822 0a3d 6F090000 		.uaword	0x96f
 823 0a41 0C       		.uleb128 0xc
 824 0a42 4F735F54 		.string	"Os_TaskType_s"
 824      61736B54 
 824      7970655F 
 824      7300
 825 0a50 20       		.byte	0x20
 826 0a51 01       		.byte	0x1
 827 0a52 BD01     		.uahalf	0x1bd
 828 0a54 FE0A0000 		.uaword	0xafe
 829 0a58 0E       		.uleb128 0xe
 830 0a59 00000000 		.uaword	.LASF2
 831 0a5d 01       		.byte	0x1
 832 0a5e BE01     		.uahalf	0x1be
 833 0a60 FE0A0000 		.uaword	0xafe
 834 0a64 02       		.byte	0x2
 835 0a65 23       		.byte	0x23
 836 0a66 00       		.uleb128 0
 837 0a67 0E       		.uleb128 0xe
 838 0a68 00000000 		.uaword	.LASF1
 839 0a6c 01       		.byte	0x1
 840 0a6d BF01     		.uahalf	0x1bf
 841 0a6f B4030000 		.uaword	0x3b4
 842 0a73 02       		.byte	0x2
GAS Infineon TriCore Little Endian C:\\Users\\user1\\AppData\\Local\\Temp\\rta_RTAOS_638388406317960277_1736001\\cctqeVMn.s 			page 20


 843 0a74 23       		.byte	0x23
 844 0a75 04       		.uleb128 0x4
 845 0a76 0D       		.uleb128 0xd
 846 0a77 70736574 		.string	"pset"
 846      00
 847 0a7c 01       		.byte	0x1
 848 0a7d C001     		.uahalf	0x1c0
 849 0a7f FB080000 		.uaword	0x8fb
 850 0a83 02       		.byte	0x2
 851 0a84 23       		.byte	0x23
 852 0a85 08       		.uleb128 0x8
 853 0a86 0D       		.uleb128 0xd
 854 0a87 62617365 		.string	"base_tpmask"
 854      5F74706D 
 854      61736B00 
 855 0a93 01       		.byte	0x1
 856 0a94 C101     		.uahalf	0x1c1
 857 0a96 3A090000 		.uaword	0x93a
 858 0a9a 02       		.byte	0x2
 859 0a9b 23       		.byte	0x23
 860 0a9c 0C       		.uleb128 0xc
 861 0a9d 0E       		.uleb128 0xe
 862 0a9e 00000000 		.uaword	.LASF7
 863 0aa2 01       		.byte	0x1
 864 0aa3 C201     		.uahalf	0x1c2
 865 0aa5 3A090000 		.uaword	0x93a
 866 0aa9 02       		.byte	0x2
 867 0aaa 23       		.byte	0x23
 868 0aab 10       		.uleb128 0x10
 869 0aac 0D       		.uleb128 0xd
 870 0aad 636F7265 		.string	"core_id"
 870      5F696400 
 871 0ab5 01       		.byte	0x1
 872 0ab6 C301     		.uahalf	0x1c3
 873 0ab8 6E040000 		.uaword	0x46e
 874 0abc 02       		.byte	0x2
 875 0abd 23       		.byte	0x23
 876 0abe 14       		.uleb128 0x14
 877 0abf 0D       		.uleb128 0xd
 878 0ac0 696E6465 		.string	"index"
 878      7800
 879 0ac6 01       		.byte	0x1
 880 0ac7 C401     		.uahalf	0x1c4
 881 0ac9 C4010000 		.uaword	0x1c4
 882 0acd 02       		.byte	0x2
 883 0ace 23       		.byte	0x23
 884 0acf 18       		.uleb128 0x18
 885 0ad0 0E       		.uleb128 0xe
 886 0ad1 00000000 		.uaword	.LASF6
 887 0ad5 01       		.byte	0x1
 888 0ad6 C501     		.uahalf	0x1c5
 889 0ad8 50090000 		.uaword	0x950
 890 0adc 02       		.byte	0x2
 891 0add 23       		.byte	0x23
 892 0ade 1C       		.uleb128 0x1c
 893 0adf 0E       		.uleb128 0xe
 894 0ae0 00000000 		.uaword	.LASF4
GAS Infineon TriCore Little Endian C:\\Users\\user1\\AppData\\Local\\Temp\\rta_RTAOS_638388406317960277_1736001\\cctqeVMn.s 			page 21


 895 0ae4 01       		.byte	0x1
 896 0ae5 C601     		.uahalf	0x1c6
 897 0ae7 82010000 		.uaword	0x182
 898 0aeb 02       		.byte	0x2
 899 0aec 23       		.byte	0x23
 900 0aed 1D       		.uleb128 0x1d
 901 0aee 0E       		.uleb128 0xe
 902 0aef 00000000 		.uaword	.LASF5
 903 0af3 01       		.byte	0x1
 904 0af4 C701     		.uahalf	0x1c7
 905 0af6 DB030000 		.uaword	0x3db
 906 0afa 02       		.byte	0x2
 907 0afb 23       		.byte	0x23
 908 0afc 1E       		.uleb128 0x1e
 909 0afd 00       		.byte	0
 910 0afe 0F       		.uleb128 0xf
 911 0aff 030B0000 		.uaword	0xb03
 912 0b03 08       		.uleb128 0x8
 913 0b04 04       		.byte	0x4
 914 0b05 2A0A0000 		.uaword	0xa2a
 915 0b09 0A       		.uleb128 0xa
 916 0b0a 4F735F54 		.string	"Os_TaskType"
 916      61736B54 
 916      79706500 
 917 0b16 01       		.byte	0x1
 918 0b17 C801     		.uahalf	0x1c8
 919 0b19 410A0000 		.uaword	0xa41
 920 0b1d 0A       		.uleb128 0xa
 921 0b1e 5461736B 		.string	"TaskType"
 921      54797065 
 921      00
 922 0b27 01       		.byte	0x1
 923 0b28 C901     		.uahalf	0x1c9
 924 0b2a 2E0B0000 		.uaword	0xb2e
 925 0b2e 08       		.uleb128 0x8
 926 0b2f 04       		.byte	0x4
 927 0b30 340B0000 		.uaword	0xb34
 928 0b34 0F       		.uleb128 0xf
 929 0b35 090B0000 		.uaword	0xb09
 930 0b39 10       		.uleb128 0x10
 931 0b3a 04       		.byte	0x4
 932 0b3b 01       		.byte	0x1
 933 0b3c E101     		.uahalf	0x1e1
 934 0b3e 5B0B0000 		.uaword	0xb5b
 935 0b42 12       		.uleb128 0x12
 936 0b43 00000000 		.uaword	.LASF7
 937 0b47 01       		.byte	0x1
 938 0b48 E201     		.uahalf	0x1e2
 939 0b4a 3A090000 		.uaword	0x93a
 940 0b4e 12       		.uleb128 0x12
 941 0b4f 00000000 		.uaword	.LASF3
 942 0b53 01       		.byte	0x1
 943 0b54 E301     		.uahalf	0x1e3
 944 0b56 12070000 		.uaword	0x712
 945 0b5a 00       		.byte	0
 946 0b5b 0C       		.uleb128 0xc
 947 0b5c 4F735F52 		.string	"Os_ResourceDynType_s"
GAS Infineon TriCore Little Endian C:\\Users\\user1\\AppData\\Local\\Temp\\rta_RTAOS_638388406317960277_1736001\\cctqeVMn.s 			page 22


 947      65736F75 
 947      72636544 
 947      796E5479 
 947      70655F73 
 948 0b71 0C       		.byte	0xc
 949 0b72 01       		.byte	0x1
 950 0b73 DE01     		.uahalf	0x1de
 951 0b75 BE0B0000 		.uaword	0xbbe
 952 0b79 0D       		.uleb128 0xd
 953 0b7a 61636365 		.string	"access_count"
 953      73735F63 
 953      6F756E74 
 953      00
 954 0b87 01       		.byte	0x1
 955 0b88 DF01     		.uahalf	0x1df
 956 0b8a 2A030000 		.uaword	0x32a
 957 0b8e 02       		.byte	0x2
 958 0b8f 23       		.byte	0x23
 959 0b90 00       		.uleb128 0
 960 0b91 0D       		.uleb128 0xd
 961 0b92 6C6F636B 		.string	"locker"
 961      657200
 962 0b99 01       		.byte	0x1
 963 0b9a E001     		.uahalf	0x1e0
 964 0b9c 1D0B0000 		.uaword	0xb1d
 965 0ba0 02       		.byte	0x2
 966 0ba1 23       		.byte	0x23
 967 0ba2 04       		.uleb128 0x4
 968 0ba3 0D       		.uleb128 0xd
 969 0ba4 73617665 		.string	"saved_priority"
 969      645F7072 
 969      696F7269 
 969      747900
 970 0bb3 01       		.byte	0x1
 971 0bb4 E401     		.uahalf	0x1e4
 972 0bb6 390B0000 		.uaword	0xb39
 973 0bba 02       		.byte	0x2
 974 0bbb 23       		.byte	0x23
 975 0bbc 08       		.uleb128 0x8
 976 0bbd 00       		.byte	0
 977 0bbe 0A       		.uleb128 0xa
 978 0bbf 4F735F52 		.string	"Os_ResourceDynType"
 978      65736F75 
 978      72636544 
 978      796E5479 
 978      706500
 979 0bd2 01       		.byte	0x1
 980 0bd3 E501     		.uahalf	0x1e5
 981 0bd5 5B0B0000 		.uaword	0xb5b
 982 0bd9 0C       		.uleb128 0xc
 983 0bda 4F735F52 		.string	"Os_ResourceType_s"
 983      65736F75 
 983      72636554 
 983      7970655F 
 983      7300
 984 0bec 10       		.byte	0x10
 985 0bed 01       		.byte	0x1
GAS Infineon TriCore Little Endian C:\\Users\\user1\\AppData\\Local\\Temp\\rta_RTAOS_638388406317960277_1736001\\cctqeVMn.s 			page 23


 986 0bee E601     		.uahalf	0x1e6
 987 0bf0 310C0000 		.uaword	0xc31
 988 0bf4 0E       		.uleb128 0xe
 989 0bf5 00000000 		.uaword	.LASF2
 990 0bf9 01       		.byte	0x1
 991 0bfa E701     		.uahalf	0x1e7
 992 0bfc 310C0000 		.uaword	0xc31
 993 0c00 02       		.byte	0x2
 994 0c01 23       		.byte	0x23
 995 0c02 00       		.uleb128 0
 996 0c03 0E       		.uleb128 0xe
 997 0c04 00000000 		.uaword	.LASF7
 998 0c08 01       		.byte	0x1
 999 0c09 E801     		.uahalf	0x1e8
 1000 0c0b 3A090000 		.uaword	0x93a
 1001 0c0f 02       		.byte	0x2
 1002 0c10 23       		.byte	0x23
 1003 0c11 04       		.uleb128 0x4
 1004 0c12 0E       		.uleb128 0xe
 1005 0c13 00000000 		.uaword	.LASF3
 1006 0c17 01       		.byte	0x1
 1007 0c18 E901     		.uahalf	0x1e9
 1008 0c1a 12070000 		.uaword	0x712
 1009 0c1e 02       		.byte	0x2
 1010 0c1f 23       		.byte	0x23
 1011 0c20 08       		.uleb128 0x8
 1012 0c21 0E       		.uleb128 0xe
 1013 0c22 00000000 		.uaword	.LASF4
 1014 0c26 01       		.byte	0x1
 1015 0c27 EA01     		.uahalf	0x1ea
 1016 0c29 82010000 		.uaword	0x182
 1017 0c2d 02       		.byte	0x2
 1018 0c2e 23       		.byte	0x23
 1019 0c2f 0C       		.uleb128 0xc
 1020 0c30 00       		.byte	0
 1021 0c31 0F       		.uleb128 0xf
 1022 0c32 360C0000 		.uaword	0xc36
 1023 0c36 08       		.uleb128 0x8
 1024 0c37 04       		.byte	0x4
 1025 0c38 BE0B0000 		.uaword	0xbbe
 1026 0c3c 0A       		.uleb128 0xa
 1027 0c3d 4F735F52 		.string	"Os_ResourceType"
 1027      65736F75 
 1027      72636554 
 1027      79706500 
 1028 0c4d 01       		.byte	0x1
 1029 0c4e EB01     		.uahalf	0x1eb
 1030 0c50 D90B0000 		.uaword	0xbd9
 1031 0c54 0A       		.uleb128 0xa
 1032 0c55 5265736F 		.string	"ResourceType"
 1032      75726365 
 1032      54797065 
 1032      00
 1033 0c62 01       		.byte	0x1
 1034 0c63 EC01     		.uahalf	0x1ec
 1035 0c65 690C0000 		.uaword	0xc69
 1036 0c69 08       		.uleb128 0x8
GAS Infineon TriCore Little Endian C:\\Users\\user1\\AppData\\Local\\Temp\\rta_RTAOS_638388406317960277_1736001\\cctqeVMn.s 			page 24


 1037 0c6a 04       		.byte	0x4
 1038 0c6b 6F0C0000 		.uaword	0xc6f
 1039 0c6f 0F       		.uleb128 0xf
 1040 0c70 3C0C0000 		.uaword	0xc3c
 1041 0c74 0A       		.uleb128 0xa
 1042 0c75 4F535365 		.string	"OSServiceIdType"
 1042      72766963 
 1042      65496454 
 1042      79706500 
 1043 0c85 01       		.byte	0x1
 1044 0c86 5102     		.uahalf	0x251
 1045 0c88 8F010000 		.uaword	0x18f
 1046 0c8c 0A       		.uleb128 0xa
 1047 0c8d 4F735F42 		.string	"Os_BiggestType"
 1047      69676765 
 1047      73745479 
 1047      706500
 1048 0c9c 01       		.byte	0x1
 1049 0c9d 2503     		.uahalf	0x325
 1050 0c9f D2010000 		.uaword	0x1d2
 1051 0ca3 13       		.uleb128 0x13
 1052 0ca4 10       		.byte	0x10
 1053 0ca5 01       		.byte	0x1
 1054 0ca6 2703     		.uahalf	0x327
 1055 0ca8 110D0000 		.uaword	0xd11
 1056 0cac 0D       		.uleb128 0xd
 1057 0cad 73657276 		.string	"service_id"
 1057      6963655F 
 1057      696400
 1058 0cb8 01       		.byte	0x1
 1059 0cb9 2803     		.uahalf	0x328
 1060 0cbb 740C0000 		.uaword	0xc74
 1061 0cbf 02       		.byte	0x2
 1062 0cc0 23       		.byte	0x23
 1063 0cc1 00       		.uleb128 0
 1064 0cc2 0D       		.uleb128 0xd
 1065 0cc3 73657276 		.string	"service_param1"
 1065      6963655F 
 1065      70617261 
 1065      6D3100
 1066 0cd2 01       		.byte	0x1
 1067 0cd3 2903     		.uahalf	0x329
 1068 0cd5 8C0C0000 		.uaword	0xc8c
 1069 0cd9 02       		.byte	0x2
 1070 0cda 23       		.byte	0x23
 1071 0cdb 04       		.uleb128 0x4
 1072 0cdc 0D       		.uleb128 0xd
 1073 0cdd 73657276 		.string	"service_param2"
 1073      6963655F 
 1073      70617261 
 1073      6D3200
 1074 0cec 01       		.byte	0x1
 1075 0ced 2A03     		.uahalf	0x32a
 1076 0cef 8C0C0000 		.uaword	0xc8c
 1077 0cf3 02       		.byte	0x2
 1078 0cf4 23       		.byte	0x23
 1079 0cf5 08       		.uleb128 0x8
GAS Infineon TriCore Little Endian C:\\Users\\user1\\AppData\\Local\\Temp\\rta_RTAOS_638388406317960277_1736001\\cctqeVMn.s 			page 25


 1080 0cf6 0D       		.uleb128 0xd
 1081 0cf7 73657276 		.string	"service_param3"
 1081      6963655F 
 1081      70617261 
 1081      6D3300
 1082 0d06 01       		.byte	0x1
 1083 0d07 2B03     		.uahalf	0x32b
 1084 0d09 8C0C0000 		.uaword	0xc8c
 1085 0d0d 02       		.byte	0x2
 1086 0d0e 23       		.byte	0x23
 1087 0d0f 0C       		.uleb128 0xc
 1088 0d10 00       		.byte	0
 1089 0d11 0A       		.uleb128 0xa
 1090 0d12 4F735F45 		.string	"Os_ErrorInformationType"
 1090      72726F72 
 1090      496E666F 
 1090      726D6174 
 1090      696F6E54 
 1091 0d2a 01       		.byte	0x1
 1092 0d2b 2C03     		.uahalf	0x32c
 1093 0d2d A30C0000 		.uaword	0xca3
 1094 0d31 0A       		.uleb128 0xa
 1095 0d32 4F735F4F 		.string	"Os_OrtiIdType"
 1095      72746949 
 1095      64547970 
 1095      6500
 1096 0d40 01       		.byte	0x1
 1097 0d41 3003     		.uahalf	0x330
 1098 0d43 8F010000 		.uaword	0x18f
 1099 0d47 0B       		.uleb128 0xb
 1100 0d48 FB080000 		.uaword	0x8fb
 1101 0d4c 0B       		.uleb128 0xb
 1102 0d4d 63080000 		.uaword	0x863
 1103 0d51 0B       		.uleb128 0xb
 1104 0d52 1D0B0000 		.uaword	0xb1d
 1105 0d56 0B       		.uleb128 0xb
 1106 0d57 3A090000 		.uaword	0x93a
 1107 0d5b 0B       		.uleb128 0xb
 1108 0d5c 3A040000 		.uaword	0x43a
 1109 0d60 0B       		.uleb128 0xb
 1110 0d61 DB030000 		.uaword	0x3db
 1111 0d65 0A       		.uleb128 0xa
 1112 0d66 4F735F43 		.string	"Os_ControlledCoreType"
 1112      6F6E7472 
 1112      6F6C6C65 
 1112      64436F72 
 1112      65547970 
 1113 0d7c 01       		.byte	0x1
 1114 0d7d 2404     		.uahalf	0x424
 1115 0d7f 86040000 		.uaword	0x486
 1116 0d83 0C       		.uleb128 0xc
 1117 0d84 4F735F41 		.string	"Os_AnyCoreType_s"
 1117      6E79436F 
 1117      72655479 
 1117      70655F73 
 1117      00
 1118 0d95 64       		.byte	0x64
GAS Infineon TriCore Little Endian C:\\Users\\user1\\AppData\\Local\\Temp\\rta_RTAOS_638388406317960277_1736001\\cctqeVMn.s 			page 26


 1119 0d96 01       		.byte	0x1
 1120 0d97 3204     		.uahalf	0x432
 1121 0d99 BC0E0000 		.uaword	0xebc
 1122 0d9d 0D       		.uleb128 0xd
 1123 0d9e 44697361 		.string	"DisableAllImask"
 1123      626C6541 
 1123      6C6C496D 
 1123      61736B00 
 1124 0dae 01       		.byte	0x1
 1125 0daf 3304     		.uahalf	0x433
 1126 0db1 BC0E0000 		.uaword	0xebc
 1127 0db5 02       		.byte	0x2
 1128 0db6 23       		.byte	0x23
 1129 0db7 00       		.uleb128 0
 1130 0db8 0D       		.uleb128 0xd
 1131 0db9 53757370 		.string	"SuspendAllImask"
 1131      656E6441 
 1131      6C6C496D 
 1131      61736B00 
 1132 0dc9 01       		.byte	0x1
 1133 0dca 3404     		.uahalf	0x434
 1134 0dcc BC0E0000 		.uaword	0xebc
 1135 0dd0 02       		.byte	0x2
 1136 0dd1 23       		.byte	0x23
 1137 0dd2 04       		.uleb128 0x4
 1138 0dd3 0D       		.uleb128 0xd
 1139 0dd4 53757370 		.string	"SuspendOSImask"
 1139      656E644F 
 1139      53496D61 
 1139      736B00
 1140 0de3 01       		.byte	0x1
 1141 0de4 3504     		.uahalf	0x435
 1142 0de6 BC0E0000 		.uaword	0xebc
 1143 0dea 02       		.byte	0x2
 1144 0deb 23       		.byte	0x23
 1145 0dec 08       		.uleb128 0x8
 1146 0ded 0D       		.uleb128 0xd
 1147 0dee 44697361 		.string	"DisableAllCount"
 1147      626C6541 
 1147      6C6C436F 
 1147      756E7400 
 1148 0dfe 01       		.byte	0x1
 1149 0dff 3604     		.uahalf	0x436
 1150 0e01 C10E0000 		.uaword	0xec1
 1151 0e05 02       		.byte	0x2
 1152 0e06 23       		.byte	0x23
 1153 0e07 0C       		.uleb128 0xc
 1154 0e08 0D       		.uleb128 0xd
 1155 0e09 53757370 		.string	"SuspendAllCount"
 1155      656E6441 
 1155      6C6C436F 
 1155      756E7400 
 1156 0e19 01       		.byte	0x1
 1157 0e1a 3704     		.uahalf	0x437
 1158 0e1c C10E0000 		.uaword	0xec1
 1159 0e20 02       		.byte	0x2
 1160 0e21 23       		.byte	0x23
GAS Infineon TriCore Little Endian C:\\Users\\user1\\AppData\\Local\\Temp\\rta_RTAOS_638388406317960277_1736001\\cctqeVMn.s 			page 27


 1161 0e22 10       		.uleb128 0x10
 1162 0e23 0D       		.uleb128 0xd
 1163 0e24 53757370 		.string	"SuspendOSCount"
 1163      656E644F 
 1163      53436F75 
 1163      6E7400
 1164 0e33 01       		.byte	0x1
 1165 0e34 3804     		.uahalf	0x438
 1166 0e36 C10E0000 		.uaword	0xec1
 1167 0e3a 02       		.byte	0x2
 1168 0e3b 23       		.byte	0x23
 1169 0e3c 14       		.uleb128 0x14
 1170 0e3d 0D       		.uleb128 0xd
 1171 0e3e 4F727469 		.string	"OrtiApiID"
 1171      41706949 
 1171      4400
 1172 0e48 01       		.byte	0x1
 1173 0e49 3904     		.uahalf	0x439
 1174 0e4b C60E0000 		.uaword	0xec6
 1175 0e4f 02       		.byte	0x2
 1176 0e50 23       		.byte	0x23
 1177 0e51 18       		.uleb128 0x18
 1178 0e52 0D       		.uleb128 0xd
 1179 0e53 4F727469 		.string	"OrtiLastError"
 1179      4C617374 
 1179      4572726F 
 1179      7200
 1180 0e61 01       		.byte	0x1
 1181 0e62 3A04     		.uahalf	0x43a
 1182 0e64 52020000 		.uaword	0x252
 1183 0e68 02       		.byte	0x2
 1184 0e69 23       		.byte	0x23
 1185 0e6a 19       		.uleb128 0x19
 1186 0e6b 0D       		.uleb128 0xd
 1187 0e6c 52657374 		.string	"RestartJumpBuf"
 1187      6172744A 
 1187      756D7042 
 1187      756600
 1188 0e7b 01       		.byte	0x1
 1189 0e7c 3B04     		.uahalf	0x43b
 1190 0e7e 04030000 		.uaword	0x304
 1191 0e82 02       		.byte	0x2
 1192 0e83 23       		.byte	0x23
 1193 0e84 1C       		.uleb128 0x1c
 1194 0e85 0D       		.uleb128 0xd
 1195 0e86 52657374 		.string	"Restartable"
 1195      61727461 
 1195      626C6500 
 1196 0e92 01       		.byte	0x1
 1197 0e93 3C04     		.uahalf	0x43c
 1198 0e95 43020000 		.uaword	0x243
 1199 0e99 02       		.byte	0x2
 1200 0e9a 23       		.byte	0x23
 1201 0e9b 60       		.uleb128 0x60
 1202 0e9c 0D       		.uleb128 0xd
 1203 0e9d 4C617374 		.string	"LastProtectionFault"
 1203      50726F74 
GAS Infineon TriCore Little Endian C:\\Users\\user1\\AppData\\Local\\Temp\\rta_RTAOS_638388406317960277_1736001\\cctqeVMn.s 			page 28


 1203      65637469 
 1203      6F6E4661 
 1203      756C7400 
 1204 0eb1 01       		.byte	0x1
 1205 0eb2 3D04     		.uahalf	0x43d
 1206 0eb4 52020000 		.uaword	0x252
 1207 0eb8 02       		.byte	0x2
 1208 0eb9 23       		.byte	0x23
 1209 0eba 61       		.uleb128 0x61
 1210 0ebb 00       		.byte	0
 1211 0ebc 0B       		.uleb128 0xb
 1212 0ebd 12070000 		.uaword	0x712
 1213 0ec1 0B       		.uleb128 0xb
 1214 0ec2 C4010000 		.uaword	0x1c4
 1215 0ec6 0B       		.uleb128 0xb
 1216 0ec7 310D0000 		.uaword	0xd31
 1217 0ecb 0A       		.uleb128 0xa
 1218 0ecc 4F735F41 		.string	"Os_AnyCoreType"
 1218      6E79436F 
 1218      72655479 
 1218      706500
 1219 0edb 01       		.byte	0x1
 1220 0edc 3E04     		.uahalf	0x43e
 1221 0ede 830D0000 		.uaword	0xd83
 1222 0ee2 0C       		.uleb128 0xc
 1223 0ee3 4F735F43 		.string	"Os_CoreConfiguration_s"
 1223      6F726543 
 1223      6F6E6669 
 1223      67757261 
 1223      74696F6E 
 1224 0efa 18       		.byte	0x18
 1225 0efb 01       		.byte	0x1
 1226 0efc 4904     		.uahalf	0x449
 1227 0efe 7C0F0000 		.uaword	0xf7c
 1228 0f02 0D       		.uleb128 0xd
 1229 0f03 636F6E74 		.string	"controlled"
 1229      726F6C6C 
 1229      656400
 1230 0f0e 01       		.byte	0x1
 1231 0f0f 4A04     		.uahalf	0x44a
 1232 0f11 7C0F0000 		.uaword	0xf7c
 1233 0f15 02       		.byte	0x2
 1234 0f16 23       		.byte	0x23
 1235 0f17 00       		.uleb128 0
 1236 0f18 0D       		.uleb128 0xd
 1237 0f19 616E7900 		.string	"any"
 1238 0f1d 01       		.byte	0x1
 1239 0f1e 4B04     		.uahalf	0x44b
 1240 0f20 870F0000 		.uaword	0xf87
 1241 0f24 02       		.byte	0x2
 1242 0f25 23       		.byte	0x23
 1243 0f26 04       		.uleb128 0x4
 1244 0f27 0D       		.uleb128 0xd
 1245 0f28 73746174 		.string	"state"
 1245      6500
 1246 0f2e 01       		.byte	0x1
 1247 0f2f 4C04     		.uahalf	0x44c
GAS Infineon TriCore Little Endian C:\\Users\\user1\\AppData\\Local\\Temp\\rta_RTAOS_638388406317960277_1736001\\cctqeVMn.s 			page 29


 1248 0f31 920F0000 		.uaword	0xf92
 1249 0f35 02       		.byte	0x2
 1250 0f36 23       		.byte	0x23
 1251 0f37 08       		.uleb128 0x8
 1252 0f38 0D       		.uleb128 0xd
 1253 0f39 64697370 		.string	"dispatch"
 1253      61746368 
 1253      00
 1254 0f42 01       		.byte	0x1
 1255 0f43 4D04     		.uahalf	0x44d
 1256 0f45 B4030000 		.uaword	0x3b4
 1257 0f49 02       		.byte	0x2
 1258 0f4a 23       		.byte	0x23
 1259 0f4b 0C       		.uleb128 0xc
 1260 0f4c 0D       		.uleb128 0xd
 1261 0f4d 4F735F52 		.string	"Os_Res_Scheduler"
 1261      65735F53 
 1261      63686564 
 1261      756C6572 
 1261      00
 1262 0f5e 01       		.byte	0x1
 1263 0f5f 4E04     		.uahalf	0x44e
 1264 0f61 540C0000 		.uaword	0xc54
 1265 0f65 02       		.byte	0x2
 1266 0f66 23       		.byte	0x23
 1267 0f67 10       		.uleb128 0x10
 1268 0f68 0D       		.uleb128 0xd
 1269 0f69 636F7265 		.string	"core_id"
 1269      5F696400 
 1270 0f71 01       		.byte	0x1
 1271 0f72 4F04     		.uahalf	0x44f
 1272 0f74 6E040000 		.uaword	0x46e
 1273 0f78 02       		.byte	0x2
 1274 0f79 23       		.byte	0x23
 1275 0f7a 14       		.uleb128 0x14
 1276 0f7b 00       		.byte	0
 1277 0f7c 0F       		.uleb128 0xf
 1278 0f7d 810F0000 		.uaword	0xf81
 1279 0f81 08       		.uleb128 0x8
 1280 0f82 04       		.byte	0x4
 1281 0f83 650D0000 		.uaword	0xd65
 1282 0f87 0F       		.uleb128 0xf
 1283 0f88 8C0F0000 		.uaword	0xf8c
 1284 0f8c 08       		.uleb128 0x8
 1285 0f8d 04       		.byte	0x4
 1286 0f8e CB0E0000 		.uaword	0xecb
 1287 0f92 0F       		.uleb128 0xf
 1288 0f93 970F0000 		.uaword	0xf97
 1289 0f97 08       		.uleb128 0x8
 1290 0f98 04       		.byte	0x4
 1291 0f99 9D0F0000 		.uaword	0xf9d
 1292 0f9d 0B       		.uleb128 0xb
 1293 0f9e 06040000 		.uaword	0x406
 1294 0fa2 0A       		.uleb128 0xa
 1295 0fa3 4F735F43 		.string	"Os_CoreConfiguration"
 1295      6F726543 
 1295      6F6E6669 
GAS Infineon TriCore Little Endian C:\\Users\\user1\\AppData\\Local\\Temp\\rta_RTAOS_638388406317960277_1736001\\cctqeVMn.s 			page 30


 1295      67757261 
 1295      74696F6E 
 1296 0fb8 01       		.byte	0x1
 1297 0fb9 5004     		.uahalf	0x450
 1298 0fbb E20E0000 		.uaword	0xee2
 1299 0fbf 14       		.uleb128 0x14
 1300 0fc0 01       		.byte	0x1
 1301 0fc1 4F735F47 		.string	"Os_GetCurrentIMask"
 1301      65744375 
 1301      7272656E 
 1301      74494D61 
 1301      736B00
 1302 0fd4 01       		.byte	0x1
 1303 0fd5 5605     		.uahalf	0x556
 1304 0fd7 01       		.byte	0x1
 1305 0fd8 12070000 		.uaword	0x712
 1306 0fdc 00000000 		.uaword	.LFB0
 1307 0fe0 00000000 		.uaword	.LFE0
 1308 0fe4 02       		.byte	0x2
 1309 0fe5 8A       		.byte	0x8a
 1310 0fe6 00       		.sleb128 0
 1311 0fe7 01       		.byte	0x1
 1312 0fe8 A4100000 		.uaword	0x10a4
 1313 0fec 15       		.uleb128 0x15
 1314 0fed 00000000 		.uaword	.LASF3
 1315 0ff1 01       		.byte	0x1
 1316 0ff2 5705     		.uahalf	0x557
 1317 0ff4 12070000 		.uaword	0x712
 1318 0ff8 00000000 		.uaword	.LLST0
 1319 0ffc 16       		.uleb128 0x16
 1320 0ffd 6F735F63 		.string	"os_current_core_const"
 1320      75727265 
 1320      6E745F63 
 1320      6F72655F 
 1320      636F6E73 
 1321 1013 01       		.byte	0x1
 1322 1014 5805     		.uahalf	0x558
 1323 1016 A4100000 		.uaword	0x10a4
 1324 101a 17       		.uleb128 0x17
 1325 101b 6F735F63 		.string	"os_current_core"
 1325      75727265 
 1325      6E745F63 
 1325      6F726500 
 1326 102b 01       		.byte	0x1
 1327 102c 5905     		.uahalf	0x559
 1328 102e 8C0F0000 		.uaword	0xf8c
 1329 1032 01       		.byte	0x1
 1330 1033 6F       		.byte	0x6f
 1331 1034 18       		.uleb128 0x18
 1332 1035 70726576 		.string	"previous_tmask"
 1332      696F7573 
 1332      5F746D61 
 1332      736B00
 1333 1044 01       		.byte	0x1
 1334 1045 5A05     		.uahalf	0x55a
 1335 1047 F2030000 		.uaword	0x3f2
 1336 104b 00000000 		.uaword	.LLST1
GAS Infineon TriCore Little Endian C:\\Users\\user1\\AppData\\Local\\Temp\\rta_RTAOS_638388406317960277_1736001\\cctqeVMn.s 			page 31


 1337 104f 19       		.uleb128 0x19
 1338 1050 00000000 		.uaword	.LBB2
 1339 1054 00000000 		.uaword	.LBE2
 1340 1058 6D100000 		.uaword	0x106d
 1341 105c 18       		.uleb128 0x18
 1342 105d 72657300 		.string	"res"
 1343 1061 01       		.byte	0x1
 1344 1062 5805     		.uahalf	0x558
 1345 1064 D2010000 		.uaword	0x1d2
 1346 1068 00000000 		.uaword	.LLST2
 1347 106c 00       		.byte	0
 1348 106d 19       		.uleb128 0x19
 1349 106e 00000000 		.uaword	.LBB3
 1350 1072 00000000 		.uaword	.LBE3
 1351 1076 8B100000 		.uaword	0x108b
 1352 107a 18       		.uleb128 0x18
 1353 107b 72657300 		.string	"res"
 1354 107f 01       		.byte	0x1
 1355 1080 5A05     		.uahalf	0x55a
 1356 1082 D2010000 		.uaword	0x1d2
 1357 1086 00000000 		.uaword	.LLST1
 1358 108a 00       		.byte	0
 1359 108b 1A       		.uleb128 0x1a
 1360 108c 00000000 		.uaword	.LBB4
 1361 1090 00000000 		.uaword	.LBE4
 1362 1094 17       		.uleb128 0x17
 1363 1095 72657300 		.string	"res"
 1364 1099 01       		.byte	0x1
 1365 109a 5E05     		.uahalf	0x55e
 1366 109c D2010000 		.uaword	0x1d2
 1367 10a0 01       		.byte	0x1
 1368 10a1 5F       		.byte	0x5f
 1369 10a2 00       		.byte	0
 1370 10a3 00       		.byte	0
 1371 10a4 08       		.uleb128 0x8
 1372 10a5 04       		.byte	0x4
 1373 10a6 AA100000 		.uaword	0x10aa
 1374 10aa 0F       		.uleb128 0xf
 1375 10ab A20F0000 		.uaword	0xfa2
 1376 10af 06       		.uleb128 0x6
 1377 10b0 A20F0000 		.uaword	0xfa2
 1378 10b4 BA100000 		.uaword	0x10ba
 1379 10b8 1B       		.uleb128 0x1b
 1380 10b9 00       		.byte	0
 1381 10ba 1C       		.uleb128 0x1c
 1382 10bb 4F735F63 		.string	"Os_const_coreconfiguration"
 1382      6F6E7374 
 1382      5F636F72 
 1382      65636F6E 
 1382      66696775 
 1383 10d6 01       		.byte	0x1
 1384 10d7 6A04     		.uahalf	0x46a
 1385 10d9 DF100000 		.uaword	0x10df
 1386 10dd 01       		.byte	0x1
 1387 10de 01       		.byte	0x1
 1388 10df 0F       		.uleb128 0xf
 1389 10e0 AF100000 		.uaword	0x10af
GAS Infineon TriCore Little Endian C:\\Users\\user1\\AppData\\Local\\Temp\\rta_RTAOS_638388406317960277_1736001\\cctqeVMn.s 			page 32


 1390 10e4 00       		.byte	0
 1391              	.section .debug_abbrev,"",@progbits
 1392              	.Ldebug_abbrev0:
 1393 0000 01       		.uleb128 0x1
 1394 0001 11       		.uleb128 0x11
 1395 0002 01       		.byte	0x1
 1396 0003 25       		.uleb128 0x25
 1397 0004 08       		.uleb128 0x8
 1398 0005 13       		.uleb128 0x13
 1399 0006 0B       		.uleb128 0xb
 1400 0007 03       		.uleb128 0x3
 1401 0008 08       		.uleb128 0x8
 1402 0009 55       		.uleb128 0x55
 1403 000a 06       		.uleb128 0x6
 1404 000b 11       		.uleb128 0x11
 1405 000c 01       		.uleb128 0x1
 1406 000d 52       		.uleb128 0x52
 1407 000e 01       		.uleb128 0x1
 1408 000f 10       		.uleb128 0x10
 1409 0010 06       		.uleb128 0x6
 1410 0011 00       		.byte	0
 1411 0012 00       		.byte	0
 1412 0013 02       		.uleb128 0x2
 1413 0014 16       		.uleb128 0x16
 1414 0015 00       		.byte	0
 1415 0016 03       		.uleb128 0x3
 1416 0017 08       		.uleb128 0x8
 1417 0018 3A       		.uleb128 0x3a
 1418 0019 0B       		.uleb128 0xb
 1419 001a 3B       		.uleb128 0x3b
 1420 001b 0B       		.uleb128 0xb
 1421 001c 49       		.uleb128 0x49
 1422 001d 13       		.uleb128 0x13
 1423 001e 00       		.byte	0
 1424 001f 00       		.byte	0
 1425 0020 03       		.uleb128 0x3
 1426 0021 24       		.uleb128 0x24
 1427 0022 00       		.byte	0
 1428 0023 0B       		.uleb128 0xb
 1429 0024 0B       		.uleb128 0xb
 1430 0025 3E       		.uleb128 0x3e
 1431 0026 0B       		.uleb128 0xb
 1432 0027 03       		.uleb128 0x3
 1433 0028 08       		.uleb128 0x8
 1434 0029 00       		.byte	0
 1435 002a 00       		.byte	0
 1436 002b 04       		.uleb128 0x4
 1437 002c 13       		.uleb128 0x13
 1438 002d 01       		.byte	0x1
 1439 002e 0B       		.uleb128 0xb
 1440 002f 0B       		.uleb128 0xb
 1441 0030 3A       		.uleb128 0x3a
 1442 0031 0B       		.uleb128 0xb
 1443 0032 3B       		.uleb128 0x3b
 1444 0033 0B       		.uleb128 0xb
 1445 0034 01       		.uleb128 0x1
 1446 0035 13       		.uleb128 0x13
GAS Infineon TriCore Little Endian C:\\Users\\user1\\AppData\\Local\\Temp\\rta_RTAOS_638388406317960277_1736001\\cctqeVMn.s 			page 33


 1447 0036 00       		.byte	0
 1448 0037 00       		.byte	0
 1449 0038 05       		.uleb128 0x5
 1450 0039 0D       		.uleb128 0xd
 1451 003a 00       		.byte	0
 1452 003b 03       		.uleb128 0x3
 1453 003c 08       		.uleb128 0x8
 1454 003d 3A       		.uleb128 0x3a
 1455 003e 0B       		.uleb128 0xb
 1456 003f 3B       		.uleb128 0x3b
 1457 0040 0B       		.uleb128 0xb
 1458 0041 49       		.uleb128 0x49
 1459 0042 13       		.uleb128 0x13
 1460 0043 38       		.uleb128 0x38
 1461 0044 0A       		.uleb128 0xa
 1462 0045 00       		.byte	0
 1463 0046 00       		.byte	0
 1464 0047 06       		.uleb128 0x6
 1465 0048 01       		.uleb128 0x1
 1466 0049 01       		.byte	0x1
 1467 004a 49       		.uleb128 0x49
 1468 004b 13       		.uleb128 0x13
 1469 004c 01       		.uleb128 0x1
 1470 004d 13       		.uleb128 0x13
 1471 004e 00       		.byte	0
 1472 004f 00       		.byte	0
 1473 0050 07       		.uleb128 0x7
 1474 0051 21       		.uleb128 0x21
 1475 0052 00       		.byte	0
 1476 0053 49       		.uleb128 0x49
 1477 0054 13       		.uleb128 0x13
 1478 0055 2F       		.uleb128 0x2f
 1479 0056 0B       		.uleb128 0xb
 1480 0057 00       		.byte	0
 1481 0058 00       		.byte	0
 1482 0059 08       		.uleb128 0x8
 1483 005a 0F       		.uleb128 0xf
 1484 005b 00       		.byte	0
 1485 005c 0B       		.uleb128 0xb
 1486 005d 0B       		.uleb128 0xb
 1487 005e 49       		.uleb128 0x49
 1488 005f 13       		.uleb128 0x13
 1489 0060 00       		.byte	0
 1490 0061 00       		.byte	0
 1491 0062 09       		.uleb128 0x9
 1492 0063 15       		.uleb128 0x15
 1493 0064 00       		.byte	0
 1494 0065 27       		.uleb128 0x27
 1495 0066 0C       		.uleb128 0xc
 1496 0067 00       		.byte	0
 1497 0068 00       		.byte	0
 1498 0069 0A       		.uleb128 0xa
 1499 006a 16       		.uleb128 0x16
 1500 006b 00       		.byte	0
 1501 006c 03       		.uleb128 0x3
 1502 006d 08       		.uleb128 0x8
 1503 006e 3A       		.uleb128 0x3a
GAS Infineon TriCore Little Endian C:\\Users\\user1\\AppData\\Local\\Temp\\rta_RTAOS_638388406317960277_1736001\\cctqeVMn.s 			page 34


 1504 006f 0B       		.uleb128 0xb
 1505 0070 3B       		.uleb128 0x3b
 1506 0071 05       		.uleb128 0x5
 1507 0072 49       		.uleb128 0x49
 1508 0073 13       		.uleb128 0x13
 1509 0074 00       		.byte	0
 1510 0075 00       		.byte	0
 1511 0076 0B       		.uleb128 0xb
 1512 0077 35       		.uleb128 0x35
 1513 0078 00       		.byte	0
 1514 0079 49       		.uleb128 0x49
 1515 007a 13       		.uleb128 0x13
 1516 007b 00       		.byte	0
 1517 007c 00       		.byte	0
 1518 007d 0C       		.uleb128 0xc
 1519 007e 13       		.uleb128 0x13
 1520 007f 01       		.byte	0x1
 1521 0080 03       		.uleb128 0x3
 1522 0081 08       		.uleb128 0x8
 1523 0082 0B       		.uleb128 0xb
 1524 0083 0B       		.uleb128 0xb
 1525 0084 3A       		.uleb128 0x3a
 1526 0085 0B       		.uleb128 0xb
 1527 0086 3B       		.uleb128 0x3b
 1528 0087 05       		.uleb128 0x5
 1529 0088 01       		.uleb128 0x1
 1530 0089 13       		.uleb128 0x13
 1531 008a 00       		.byte	0
 1532 008b 00       		.byte	0
 1533 008c 0D       		.uleb128 0xd
 1534 008d 0D       		.uleb128 0xd
 1535 008e 00       		.byte	0
 1536 008f 03       		.uleb128 0x3
 1537 0090 08       		.uleb128 0x8
 1538 0091 3A       		.uleb128 0x3a
 1539 0092 0B       		.uleb128 0xb
 1540 0093 3B       		.uleb128 0x3b
 1541 0094 05       		.uleb128 0x5
 1542 0095 49       		.uleb128 0x49
 1543 0096 13       		.uleb128 0x13
 1544 0097 38       		.uleb128 0x38
 1545 0098 0A       		.uleb128 0xa
 1546 0099 00       		.byte	0
 1547 009a 00       		.byte	0
 1548 009b 0E       		.uleb128 0xe
 1549 009c 0D       		.uleb128 0xd
 1550 009d 00       		.byte	0
 1551 009e 03       		.uleb128 0x3
 1552 009f 0E       		.uleb128 0xe
 1553 00a0 3A       		.uleb128 0x3a
 1554 00a1 0B       		.uleb128 0xb
 1555 00a2 3B       		.uleb128 0x3b
 1556 00a3 05       		.uleb128 0x5
 1557 00a4 49       		.uleb128 0x49
 1558 00a5 13       		.uleb128 0x13
 1559 00a6 38       		.uleb128 0x38
 1560 00a7 0A       		.uleb128 0xa
GAS Infineon TriCore Little Endian C:\\Users\\user1\\AppData\\Local\\Temp\\rta_RTAOS_638388406317960277_1736001\\cctqeVMn.s 			page 35


 1561 00a8 00       		.byte	0
 1562 00a9 00       		.byte	0
 1563 00aa 0F       		.uleb128 0xf
 1564 00ab 26       		.uleb128 0x26
 1565 00ac 00       		.byte	0
 1566 00ad 49       		.uleb128 0x49
 1567 00ae 13       		.uleb128 0x13
 1568 00af 00       		.byte	0
 1569 00b0 00       		.byte	0
 1570 00b1 10       		.uleb128 0x10
 1571 00b2 17       		.uleb128 0x17
 1572 00b3 01       		.byte	0x1
 1573 00b4 0B       		.uleb128 0xb
 1574 00b5 0B       		.uleb128 0xb
 1575 00b6 3A       		.uleb128 0x3a
 1576 00b7 0B       		.uleb128 0xb
 1577 00b8 3B       		.uleb128 0x3b
 1578 00b9 05       		.uleb128 0x5
 1579 00ba 01       		.uleb128 0x1
 1580 00bb 13       		.uleb128 0x13
 1581 00bc 00       		.byte	0
 1582 00bd 00       		.byte	0
 1583 00be 11       		.uleb128 0x11
 1584 00bf 0D       		.uleb128 0xd
 1585 00c0 00       		.byte	0
 1586 00c1 03       		.uleb128 0x3
 1587 00c2 08       		.uleb128 0x8
 1588 00c3 3A       		.uleb128 0x3a
 1589 00c4 0B       		.uleb128 0xb
 1590 00c5 3B       		.uleb128 0x3b
 1591 00c6 05       		.uleb128 0x5
 1592 00c7 49       		.uleb128 0x49
 1593 00c8 13       		.uleb128 0x13
 1594 00c9 00       		.byte	0
 1595 00ca 00       		.byte	0
 1596 00cb 12       		.uleb128 0x12
 1597 00cc 0D       		.uleb128 0xd
 1598 00cd 00       		.byte	0
 1599 00ce 03       		.uleb128 0x3
 1600 00cf 0E       		.uleb128 0xe
 1601 00d0 3A       		.uleb128 0x3a
 1602 00d1 0B       		.uleb128 0xb
 1603 00d2 3B       		.uleb128 0x3b
 1604 00d3 05       		.uleb128 0x5
 1605 00d4 49       		.uleb128 0x49
 1606 00d5 13       		.uleb128 0x13
 1607 00d6 00       		.byte	0
 1608 00d7 00       		.byte	0
 1609 00d8 13       		.uleb128 0x13
 1610 00d9 13       		.uleb128 0x13
 1611 00da 01       		.byte	0x1
 1612 00db 0B       		.uleb128 0xb
 1613 00dc 0B       		.uleb128 0xb
 1614 00dd 3A       		.uleb128 0x3a
 1615 00de 0B       		.uleb128 0xb
 1616 00df 3B       		.uleb128 0x3b
 1617 00e0 05       		.uleb128 0x5
GAS Infineon TriCore Little Endian C:\\Users\\user1\\AppData\\Local\\Temp\\rta_RTAOS_638388406317960277_1736001\\cctqeVMn.s 			page 36


 1618 00e1 01       		.uleb128 0x1
 1619 00e2 13       		.uleb128 0x13
 1620 00e3 00       		.byte	0
 1621 00e4 00       		.byte	0
 1622 00e5 14       		.uleb128 0x14
 1623 00e6 2E       		.uleb128 0x2e
 1624 00e7 01       		.byte	0x1
 1625 00e8 3F       		.uleb128 0x3f
 1626 00e9 0C       		.uleb128 0xc
 1627 00ea 03       		.uleb128 0x3
 1628 00eb 08       		.uleb128 0x8
 1629 00ec 3A       		.uleb128 0x3a
 1630 00ed 0B       		.uleb128 0xb
 1631 00ee 3B       		.uleb128 0x3b
 1632 00ef 05       		.uleb128 0x5
 1633 00f0 27       		.uleb128 0x27
 1634 00f1 0C       		.uleb128 0xc
 1635 00f2 49       		.uleb128 0x49
 1636 00f3 13       		.uleb128 0x13
 1637 00f4 11       		.uleb128 0x11
 1638 00f5 01       		.uleb128 0x1
 1639 00f6 12       		.uleb128 0x12
 1640 00f7 01       		.uleb128 0x1
 1641 00f8 40       		.uleb128 0x40
 1642 00f9 0A       		.uleb128 0xa
 1643 00fa 9742     		.uleb128 0x2117
 1644 00fc 0C       		.uleb128 0xc
 1645 00fd 01       		.uleb128 0x1
 1646 00fe 13       		.uleb128 0x13
 1647 00ff 00       		.byte	0
 1648 0100 00       		.byte	0
 1649 0101 15       		.uleb128 0x15
 1650 0102 34       		.uleb128 0x34
 1651 0103 00       		.byte	0
 1652 0104 03       		.uleb128 0x3
 1653 0105 0E       		.uleb128 0xe
 1654 0106 3A       		.uleb128 0x3a
 1655 0107 0B       		.uleb128 0xb
 1656 0108 3B       		.uleb128 0x3b
 1657 0109 05       		.uleb128 0x5
 1658 010a 49       		.uleb128 0x49
 1659 010b 13       		.uleb128 0x13
 1660 010c 02       		.uleb128 0x2
 1661 010d 06       		.uleb128 0x6
 1662 010e 00       		.byte	0
 1663 010f 00       		.byte	0
 1664 0110 16       		.uleb128 0x16
 1665 0111 34       		.uleb128 0x34
 1666 0112 00       		.byte	0
 1667 0113 03       		.uleb128 0x3
 1668 0114 08       		.uleb128 0x8
 1669 0115 3A       		.uleb128 0x3a
 1670 0116 0B       		.uleb128 0xb
 1671 0117 3B       		.uleb128 0x3b
 1672 0118 05       		.uleb128 0x5
 1673 0119 49       		.uleb128 0x49
 1674 011a 13       		.uleb128 0x13
GAS Infineon TriCore Little Endian C:\\Users\\user1\\AppData\\Local\\Temp\\rta_RTAOS_638388406317960277_1736001\\cctqeVMn.s 			page 37


 1675 011b 00       		.byte	0
 1676 011c 00       		.byte	0
 1677 011d 17       		.uleb128 0x17
 1678 011e 34       		.uleb128 0x34
 1679 011f 00       		.byte	0
 1680 0120 03       		.uleb128 0x3
 1681 0121 08       		.uleb128 0x8
 1682 0122 3A       		.uleb128 0x3a
 1683 0123 0B       		.uleb128 0xb
 1684 0124 3B       		.uleb128 0x3b
 1685 0125 05       		.uleb128 0x5
 1686 0126 49       		.uleb128 0x49
 1687 0127 13       		.uleb128 0x13
 1688 0128 02       		.uleb128 0x2
 1689 0129 0A       		.uleb128 0xa
 1690 012a 00       		.byte	0
 1691 012b 00       		.byte	0
 1692 012c 18       		.uleb128 0x18
 1693 012d 34       		.uleb128 0x34
 1694 012e 00       		.byte	0
 1695 012f 03       		.uleb128 0x3
 1696 0130 08       		.uleb128 0x8
 1697 0131 3A       		.uleb128 0x3a
 1698 0132 0B       		.uleb128 0xb
 1699 0133 3B       		.uleb128 0x3b
 1700 0134 05       		.uleb128 0x5
 1701 0135 49       		.uleb128 0x49
 1702 0136 13       		.uleb128 0x13
 1703 0137 02       		.uleb128 0x2
 1704 0138 06       		.uleb128 0x6
 1705 0139 00       		.byte	0
 1706 013a 00       		.byte	0
 1707 013b 19       		.uleb128 0x19
 1708 013c 0B       		.uleb128 0xb
 1709 013d 01       		.byte	0x1
 1710 013e 11       		.uleb128 0x11
 1711 013f 01       		.uleb128 0x1
 1712 0140 12       		.uleb128 0x12
 1713 0141 01       		.uleb128 0x1
 1714 0142 01       		.uleb128 0x1
 1715 0143 13       		.uleb128 0x13
 1716 0144 00       		.byte	0
 1717 0145 00       		.byte	0
 1718 0146 1A       		.uleb128 0x1a
 1719 0147 0B       		.uleb128 0xb
 1720 0148 01       		.byte	0x1
 1721 0149 11       		.uleb128 0x11
 1722 014a 01       		.uleb128 0x1
 1723 014b 12       		.uleb128 0x12
 1724 014c 01       		.uleb128 0x1
 1725 014d 00       		.byte	0
 1726 014e 00       		.byte	0
 1727 014f 1B       		.uleb128 0x1b
 1728 0150 21       		.uleb128 0x21
 1729 0151 00       		.byte	0
 1730 0152 00       		.byte	0
 1731 0153 00       		.byte	0
GAS Infineon TriCore Little Endian C:\\Users\\user1\\AppData\\Local\\Temp\\rta_RTAOS_638388406317960277_1736001\\cctqeVMn.s 			page 38


 1732 0154 1C       		.uleb128 0x1c
 1733 0155 34       		.uleb128 0x34
 1734 0156 00       		.byte	0
 1735 0157 03       		.uleb128 0x3
 1736 0158 08       		.uleb128 0x8
 1737 0159 3A       		.uleb128 0x3a
 1738 015a 0B       		.uleb128 0xb
 1739 015b 3B       		.uleb128 0x3b
 1740 015c 05       		.uleb128 0x5
 1741 015d 49       		.uleb128 0x49
 1742 015e 13       		.uleb128 0x13
 1743 015f 3F       		.uleb128 0x3f
 1744 0160 0C       		.uleb128 0xc
 1745 0161 3C       		.uleb128 0x3c
 1746 0162 0C       		.uleb128 0xc
 1747 0163 00       		.byte	0
 1748 0164 00       		.byte	0
 1749 0165 00       		.byte	0
 1750              	.section .debug_loc,"",@progbits
 1751              	.Ldebug_loc0:
 1752              	.LLST0:
 1753 0000 00000000 		.uaword	.LVL4
 1754 0004 00000000 		.uaword	.LVL5
 1755 0008 0700     		.uahalf	0x7
 1756 000a 7F       		.byte	0x7f
 1757 000b 00       		.sleb128 0
 1758 000c 0A       		.byte	0xa
 1759 000d FF80     		.uahalf	0x80ff
 1760 000f 1A       		.byte	0x1a
 1761 0010 9F       		.byte	0x9f
 1762 0011 00000000 		.uaword	.LVL5
 1763 0015 00000000 		.uaword	.LFE0
 1764 0019 0100     		.uahalf	0x1
 1765 001b 52       		.byte	0x52
 1766 001c 00000000 		.uaword	0
 1767 0020 00000000 		.uaword	0
 1768              	.LLST1:
 1769 0024 00000000 		.uaword	.LVL2
 1770 0028 00000000 		.uaword	.LVL3
 1771 002c 0100     		.uahalf	0x1
 1772 002e 5F       		.byte	0x5f
 1773 002f 00000000 		.uaword	0
 1774 0033 00000000 		.uaword	0
 1775              	.LLST2:
 1776 0037 00000000 		.uaword	.LVL0
 1777 003b 00000000 		.uaword	.LVL2
 1778 003f 0100     		.uahalf	0x1
 1779 0041 5F       		.byte	0x5f
 1780 0042 00000000 		.uaword	0
 1781 0046 00000000 		.uaword	0
 1782              	.section .debug_aranges,"",@progbits
 1783 0000 1C000000 		.uaword	0x1c
 1784 0004 0200     		.uahalf	0x2
 1785 0006 00000000 		.uaword	.Ldebug_info0
 1786 000a 04       		.byte	0x4
 1787 000b 00       		.byte	0
 1788 000c 0000     		.uahalf	0
GAS Infineon TriCore Little Endian C:\\Users\\user1\\AppData\\Local\\Temp\\rta_RTAOS_638388406317960277_1736001\\cctqeVMn.s 			page 39


 1789 000e 0000     		.uahalf	0
 1790 0010 00000000 		.uaword	.LFB0
 1791 0014 3A000000 		.uaword	.LFE0-.LFB0
 1792 0018 00000000 		.uaword	0
 1793 001c 00000000 		.uaword	0
 1794              	.section .debug_ranges,"",@progbits
 1795              	.Ldebug_ranges0:
 1796 0000 00000000 		.uaword	.LFB0
 1797 0004 00000000 		.uaword	.LFE0
 1798 0008 00000000 		.uaword	0
 1799 000c 00000000 		.uaword	0
 1800              	.section .debug_line,"",@progbits
 1801              	.Ldebug_line0:
 1802 0000 3D010000 	.section .debug_str,"",@progbits
 1802      02001801 
 1802      00000201 
 1802      FB0E0D00 
 1802      01010101 
 1803              	.LASF5:
 1804 0000 6170706C 		.string	"application"
 1804      69636174 
 1804      696F6E00 
 1805              	.LASF2:
 1806 000c 64796E61 		.string	"dynamic"
 1806      6D696300 
 1807              	.LASF6:
 1808 0014 61637469 		.string	"activation_count"
 1808      76617469 
 1808      6F6E5F63 
 1808      6F756E74 
 1808      00
 1809              	.LASF7:
 1810 0025 74706D61 		.string	"tpmask"
 1810      736B00
 1811              	.LASF1:
 1812 002c 656E7472 		.string	"entry_function"
 1812      795F6675 
 1812      6E637469 
 1812      6F6E00
 1813              	.LASF3:
 1814 003b 696D6173 		.string	"imask"
 1814      6B00
 1815              	.LASF4:
 1816 0041 61636365 		.string	"access"
 1816      737300
 1817              	.LASF0:
 1818 0048 7265736F 		.string	"resource_count"
 1818      75726365 
 1818      5F636F75 
 1818      6E7400
 1819              		.extern	Os_const_coreconfiguration,STT_OBJECT,-1
 1820              		.ident	"GCC: (HighTec Release HDP-v4.9.4.1-11fcedf) 4.9.4 build on 2020-09-01"
