GAS Infineon TriCore Little Endian C:\\Users\\user1\\AppData\\Local\\Temp\\rta_RTAOS_638388406317960277_1736001\\cctyU0ku.s 			page 1


   1              		.file	"Os_GetCurrentTPL.c"
   2              	.section .text,"ax",@progbits
   3              	.Ltext0:
   4              	.section .text.Os_GetCurrentTPL,"ax",@progbits
   5              		.align 1
   6              		.global	Os_GetCurrentTPL
   7              		.type	Os_GetCurrentTPL, @function
   8              	Os_GetCurrentTPL:
   9              	.LFB0:
  10              		.file 1 "C:\\Users\\user1\\AppData\\Local\\Temp\\rta_RTAOS_638388406317960277_1736001\\Os_GetCurre
  11              		.loc 1 1366 0
  12              	.LBB2:
  13              		.loc 1 1368 0
  14              	#APP
  15              		# 1368 "C:\Users\user1\AppData\Local\Temp\rta_RTAOS_638388406317960277_1736001\Os_GetCurrentTPL.c"
  16 0000 4DC0E1FF 		mfcr %d15,0xfe1c
  17              		# 0 "" 2
  18              	.LVL0:
  19              	#NO_APP
  20              	.LBE2:
  21              		.loc 1 1369 0
  22 0004 538F2120 		mul	%d2, %d15, 24
  23 0008 91000020 		movh.a	%a2, hi:Os_const_coreconfiguration
  24 000c D9220000 		lea	%a2, [%a2] lo:Os_const_coreconfiguration
  25 0010 012200F6 		addsc.a	%a15, %a2, %d2, 0
  26 0014 C81F     		ld.a	%a15, [%a15] 4
  27              	.LVL1:
  28              	.LBB3:
  29              		.loc 1 1370 0
  30              	#APP
  31              		# 1370 "C:\Users\user1\AppData\Local\Temp\rta_RTAOS_638388406317960277_1736001\Os_GetCurrentTPL.c"
  32 0016 4D40E0FF 		mfcr %d15,0xfe04
  33              		# 0 "" 2
  34              	.LVL2:
  35              	#NO_APP
  36              	.LBE3:
  37              		.loc 1 1371 0
  38 001a AEB3     		jnz.t	%d15, 11, .L2
  39              		.loc 1 1371 0 is_stmt 0 discriminator 1
  40              	#APP
  41              		# 1371 "C:\Users\user1\AppData\Local\Temp\rta_RTAOS_638388406317960277_1736001\Os_GetCurrentTPL.c"
  42 001c AD008000 		syscall 0
  43              		# 0 "" 2
  44              	#NO_APP
  45              	.L2:
  46              		.loc 1 1374 0 is_stmt 1
  47 0020 01220026 		addsc.a	%a2, %a2, %d2, 0
  48              		.loc 1 1372 0
  49 0024 3B100430 		mov	%d3, 65
  50              		.loc 1 1374 0
  51 0028 B92F1400 		ld.hu	%d15, [%a2] 20
  52              	.LVL3:
  53              		.loc 1 1372 0
  54 002c E9F31800 		st.b	[%a15] 24, %d3
  55              		.loc 1 1374 0
  56 0030 DF1F2F00 		jeq	%d15, 1, .L4
****  Notice:Expanding jeq-i4x -> jeq-d4o
GAS Infineon TriCore Little Endian C:\\Users\\user1\\AppData\\Local\\Temp\\rta_RTAOS_638388406317960277_1736001\\cctyU0ku.s 			page 2


  57 0034 6E1B     		jz	%d15, .L5
  58 0036 1E27     		jeq	%d15, 2, .L6
  59              		.loc 1 1388 0
  60 0038 BBF0FF2F 		mov.u	%d2, 65535
  61              	.L3:
  62              	.LVL4:
  63              		.loc 1 1391 0
  64 003c DA40     		mov	%d15, 64
  65 003e E9FF1800 		st.b	[%a15] 24, %d15
  66              		.loc 1 1394 0
  67 0042 0090     		ret
  68              	.LVL5:
  69              	.L6:
  70              		.loc 1 1384 0
  71 0044 91000020 		movh.a	%a2, hi:Os_ControlledCoreInfo
  72 0048 D9220000 		lea	%a2, [%a2] lo:Os_ControlledCoreInfo
  73 004c 192F0C30 		ld.w	%d15, [%a2] 204
  74              		.loc 1 1376 0
  75 0050 BBF0FF2F 		mov.u	%d2, 65535
  76              		.loc 1 1384 0
  77 0054 6EF4     		jz	%d15, .L3
  78              		.loc 1 1384 0 is_stmt 0 discriminator 1
  79 0056 19221830 		ld.w	%d2, [%a2] 216
  80              		.loc 1 1391 0 is_stmt 1 discriminator 1
  81 005a DA40     		mov	%d15, 64
  82              		.loc 1 1384 0 discriminator 1
  83 005c 0F02B021 		clz	%d2, %d2
  84 0060 8BF20121 		rsub	%d2, %d2, 31
  85              	.LVL6:
  86              		.loc 1 1391 0 discriminator 1
  87 0064 E9FF1800 		st.b	[%a15] 24, %d15
  88              		.loc 1 1394 0 discriminator 1
  89 0068 0090     		ret
  90              	.LVL7:
  91              	.L5:
  92              		.loc 1 1376 0
  93 006a 91000020 		movh.a	%a2, hi:Os_ControlledCoreInfo
  94 006e D9220000 		lea	%a2, [%a2] lo:Os_ControlledCoreInfo
  95 0072 4C27     		ld.w	%d15, [%a2] 28
  96 0074 BBF0FF2F 		mov.u	%d2, 65535
  97 0078 6EE2     		jz	%d15, .L3
  98              		.loc 1 1376 0 is_stmt 0 discriminator 1
  99 007a 19222800 		ld.w	%d2, [%a2] 40
 100              		.loc 1 1391 0 is_stmt 1 discriminator 1
 101 007e DA40     		mov	%d15, 64
 102              		.loc 1 1376 0 discriminator 1
 103 0080 0F02B021 		clz	%d2, %d2
 104 0084 8BF20121 		rsub	%d2, %d2, 31
 105              	.LVL8:
 106              		.loc 1 1391 0 discriminator 1
 107 0088 E9FF1800 		st.b	[%a15] 24, %d15
 108              		.loc 1 1394 0 discriminator 1
 109 008c 0090     		ret
 110              	.LVL9:
 111              	.L4:
 112              		.loc 1 1380 0
 113 008e 91000020 		movh.a	%a2, hi:Os_ControlledCoreInfo
GAS Infineon TriCore Little Endian C:\\Users\\user1\\AppData\\Local\\Temp\\rta_RTAOS_638388406317960277_1736001\\cctyU0ku.s 			page 3


 114 0092 D9220000 		lea	%a2, [%a2] lo:Os_ControlledCoreInfo
 115 0096 192F3410 		ld.w	%d15, [%a2] 116
 116              		.loc 1 1376 0
 117 009a BBF0FF2F 		mov.u	%d2, 65535
 118              		.loc 1 1380 0
 119 009e 6ECF     		jz	%d15, .L3
 120              		.loc 1 1380 0 is_stmt 0 discriminator 1
 121 00a0 19220020 		ld.w	%d2, [%a2] 128
 122              		.loc 1 1391 0 is_stmt 1 discriminator 1
 123 00a4 DA40     		mov	%d15, 64
 124              		.loc 1 1380 0 discriminator 1
 125 00a6 0F02B021 		clz	%d2, %d2
 126 00aa 8BF20121 		rsub	%d2, %d2, 31
 127              	.LVL10:
 128              		.loc 1 1391 0 discriminator 1
 129 00ae E9FF1800 		st.b	[%a15] 24, %d15
 130              		.loc 1 1394 0 discriminator 1
 131 00b2 0090     		ret
 132              	.LFE0:
 133              		.size	Os_GetCurrentTPL, .-Os_GetCurrentTPL
 134              	.section .debug_frame,"",@progbits
 135              	.Lframe0:
 136 0000 0C000000 		.uaword	.LECIE0-.LSCIE0
 137              	.LSCIE0:
 138 0004 FFFFFFFF 		.uaword	0xffffffff
 139 0008 01       		.byte	0x1
 140 0009 00       		.string	""
 141 000a 01       		.uleb128 0x1
 142 000b 01       		.sleb128 1
 143 000c 1B       		.byte	0x1b
 144 000d 0C       		.byte	0xc
 145 000e 1A       		.uleb128 0x1a
 146 000f 00       		.uleb128 0
 147              		.align 2
 148              	.LECIE0:
 149              	.LSFDE0:
 150 0010 0C000000 		.uaword	.LEFDE0-.LASFDE0
 151              	.LASFDE0:
 152 0014 00000000 		.uaword	.Lframe0
 153 0018 00000000 		.uaword	.LFB0
 154 001c B4000000 		.uaword	.LFE0-.LFB0
 155              		.align 2
 156              	.LEFDE0:
 157              	.section .text,"ax",@progbits
 158              	.Letext0:
 159              		.file 2 "D:\\home\\user123\\user\\Mohan6_VectorSIP\\21Dec23\\15Dec23_CAN_merge_21stDec\\25_Softwar
 160              		.file 3 "D:\\home\\user123\\user\\Mohan6_VectorSIP\\21Dec23\\15Dec23_CAN_merge_21stDec\\25_Softwar
 161              	.section .debug_info,"",@progbits
 162              	.Ldebug_info0:
 163 0000 F2100000 		.uaword	0x10f2
 164 0004 0200     		.uahalf	0x2
 165 0006 00000000 		.uaword	.Ldebug_abbrev0
 166 000a 04       		.byte	0x4
 167 000b 01       		.uleb128 0x1
 168 000c 474E5520 		.ascii	"GNU C 4."
 168      4320342E 
 169 0014 392E3420 		.string	"9.4 build on 2020-09-01 -mlicense-dir=c:\\hightec\\toolchains\\tricore\\v4.9.4.1\\bin\\..
GAS Infineon TriCore Little Endian C:\\Users\\user1\\AppData\\Local\\Temp\\rta_RTAOS_638388406317960277_1736001\\cctyU0ku.s 			page 4


 169      6275696C 
 169      64206F6E 
 169      20323032 
 169      302D3039 
 170 0115 01       		.byte	0x1
 171 0116 433A5C55 		.string	"C:\\Users\\user1\\AppData\\Local\\Temp\\rta_RTAOS_638388406317960277_1736001\\Os_GetCurre
 171      73657273 
 171      5C757365 
 171      72315C41 
 171      70704461 
 172 0170 00000000 		.uaword	.Ldebug_ranges0+0
 173 0174 00000000 		.uaword	0
 174 0178 00000000 		.uaword	0
 175 017c 00000000 		.uaword	.Ldebug_line0
 176 0180 02       		.uleb128 0x2
 177 0181 75696E74 		.string	"uint8"
 177      3800
 178 0187 02       		.byte	0x2
 179 0188 34       		.byte	0x34
 180 0189 8D010000 		.uaword	0x18d
 181 018d 03       		.uleb128 0x3
 182 018e 01       		.byte	0x1
 183 018f 08       		.byte	0x8
 184 0190 756E7369 		.string	"unsigned char"
 184      676E6564 
 184      20636861 
 184      7200
 185 019e 02       		.uleb128 0x2
 186 019f 75696E74 		.string	"uint16"
 186      313600
 187 01a6 02       		.byte	0x2
 188 01a7 35       		.byte	0x35
 189 01a8 AC010000 		.uaword	0x1ac
 190 01ac 03       		.uleb128 0x3
 191 01ad 02       		.byte	0x2
 192 01ae 07       		.byte	0x7
 193 01af 73686F72 		.string	"short unsigned int"
 193      7420756E 
 193      7369676E 
 193      65642069 
 193      6E7400
 194 01c2 02       		.uleb128 0x2
 195 01c3 75696E74 		.string	"uint32"
 195      333200
 196 01ca 02       		.byte	0x2
 197 01cb 36       		.byte	0x36
 198 01cc D0010000 		.uaword	0x1d0
 199 01d0 03       		.uleb128 0x3
 200 01d1 04       		.byte	0x4
 201 01d2 07       		.byte	0x7
 202 01d3 756E7369 		.string	"unsigned int"
 202      676E6564 
 202      20696E74 
 202      00
 203 01e0 03       		.uleb128 0x3
 204 01e1 01       		.byte	0x1
 205 01e2 06       		.byte	0x6
GAS Infineon TriCore Little Endian C:\\Users\\user1\\AppData\\Local\\Temp\\rta_RTAOS_638388406317960277_1736001\\cctyU0ku.s 			page 5


 206 01e3 7369676E 		.string	"signed char"
 206      65642063 
 206      68617200 
 207 01ef 03       		.uleb128 0x3
 208 01f0 02       		.byte	0x2
 209 01f1 05       		.byte	0x5
 210 01f2 73686F72 		.string	"short int"
 210      7420696E 
 210      7400
 211 01fc 03       		.uleb128 0x3
 212 01fd 04       		.byte	0x4
 213 01fe 05       		.byte	0x5
 214 01ff 696E7400 		.string	"int"
 215 0203 03       		.uleb128 0x3
 216 0204 04       		.byte	0x4
 217 0205 04       		.byte	0x4
 218 0206 666C6F61 		.string	"float"
 218      7400
 219 020c 03       		.uleb128 0x3
 220 020d 08       		.byte	0x8
 221 020e 04       		.byte	0x4
 222 020f 646F7562 		.string	"double"
 222      6C6500
 223 0216 03       		.uleb128 0x3
 224 0217 08       		.byte	0x8
 225 0218 05       		.byte	0x5
 226 0219 6C6F6E67 		.string	"long long int"
 226      206C6F6E 
 226      6720696E 
 226      7400
 227 0227 03       		.uleb128 0x3
 228 0228 08       		.byte	0x8
 229 0229 07       		.byte	0x7
 230 022a 6C6F6E67 		.string	"long long unsigned int"
 230      206C6F6E 
 230      6720756E 
 230      7369676E 
 230      65642069 
 231 0241 02       		.uleb128 0x2
 232 0242 626F6F6C 		.string	"boolean"
 232      65616E00 
 233 024a 02       		.byte	0x2
 234 024b 49       		.byte	0x49
 235 024c 8D010000 		.uaword	0x18d
 236 0250 02       		.uleb128 0x2
 237 0251 53746174 		.string	"StatusType"
 237      75735479 
 237      706500
 238 025c 03       		.byte	0x3
 239 025d 28       		.byte	0x28
 240 025e 8D010000 		.uaword	0x18d
 241 0262 04       		.uleb128 0x4
 242 0263 08       		.byte	0x8
 243 0264 01       		.byte	0x1
 244 0265 7C       		.byte	0x7c
 245 0266 A1020000 		.uaword	0x2a1
 246 026a 05       		.uleb128 0x5
GAS Infineon TriCore Little Endian C:\\Users\\user1\\AppData\\Local\\Temp\\rta_RTAOS_638388406317960277_1736001\\cctyU0ku.s 			page 6


 247 026b 436C6173 		.string	"Class"
 247      7300
 248 0271 01       		.byte	0x1
 249 0272 7D       		.byte	0x7d
 250 0273 80010000 		.uaword	0x180
 251 0277 02       		.byte	0x2
 252 0278 23       		.byte	0x23
 253 0279 00       		.uleb128 0
 254 027a 05       		.uleb128 0x5
 255 027b 54494E00 		.string	"TIN"
 256 027f 01       		.byte	0x1
 257 0280 7E       		.byte	0x7e
 258 0281 80010000 		.uaword	0x180
 259 0285 02       		.byte	0x2
 260 0286 23       		.byte	0x23
 261 0287 01       		.uleb128 0x1
 262 0288 05       		.uleb128 0x5
 263 0289 52657475 		.string	"ReturnAddress"
 263      726E4164 
 263      64726573 
 263      7300
 264 0297 01       		.byte	0x1
 265 0298 7F       		.byte	0x7f
 266 0299 C2010000 		.uaword	0x1c2
 267 029d 02       		.byte	0x2
 268 029e 23       		.byte	0x23
 269 029f 04       		.uleb128 0x4
 270 02a0 00       		.byte	0
 271 02a1 02       		.uleb128 0x2
 272 02a2 4F735472 		.string	"OsTrapInfoType"
 272      6170496E 
 272      666F5479 
 272      706500
 273 02b1 01       		.byte	0x1
 274 02b2 80       		.byte	0x80
 275 02b3 62020000 		.uaword	0x262
 276 02b7 02       		.uleb128 0x2
 277 02b8 75696E74 		.string	"uint32_aligned"
 277      33325F61 
 277      6C69676E 
 277      656400
 278 02c7 01       		.byte	0x1
 279 02c8 86       		.byte	0x86
 280 02c9 C2010000 		.uaword	0x1c2
 281 02cd 04       		.uleb128 0x4
 282 02ce 44       		.byte	0x44
 283 02cf 01       		.byte	0x1
 284 02d0 AB       		.byte	0xab
 285 02d1 E6020000 		.uaword	0x2e6
 286 02d5 05       		.uleb128 0x5
 287 02d6 73746F72 		.string	"store"
 287      6500
 288 02dc 01       		.byte	0x1
 289 02dd AC       		.byte	0xac
 290 02de E6020000 		.uaword	0x2e6
 291 02e2 02       		.byte	0x2
 292 02e3 23       		.byte	0x23
GAS Infineon TriCore Little Endian C:\\Users\\user1\\AppData\\Local\\Temp\\rta_RTAOS_638388406317960277_1736001\\cctyU0ku.s 			page 7


 293 02e4 00       		.uleb128 0
 294 02e5 00       		.byte	0
 295 02e6 06       		.uleb128 0x6
 296 02e7 C2010000 		.uaword	0x1c2
 297 02eb F6020000 		.uaword	0x2f6
 298 02ef 07       		.uleb128 0x7
 299 02f0 F6020000 		.uaword	0x2f6
 300 02f4 10       		.byte	0x10
 301 02f5 00       		.byte	0
 302 02f6 03       		.uleb128 0x3
 303 02f7 04       		.byte	0x4
 304 02f8 07       		.byte	0x7
 305 02f9 73697A65 		.string	"sizetype"
 305      74797065 
 305      00
 306 0302 02       		.uleb128 0x2
 307 0303 4F735F4A 		.string	"Os_JumpBufType"
 307      756D7042 
 307      75665479 
 307      706500
 308 0312 01       		.byte	0x1
 309 0313 AD       		.byte	0xad
 310 0314 18030000 		.uaword	0x318
 311 0318 06       		.uleb128 0x6
 312 0319 CD020000 		.uaword	0x2cd
 313 031d 28030000 		.uaword	0x328
 314 0321 07       		.uleb128 0x7
 315 0322 F6020000 		.uaword	0x2f6
 316 0326 00       		.byte	0
 317 0327 00       		.byte	0
 318 0328 02       		.uleb128 0x2
 319 0329 4F735F52 		.string	"Os_ResourceCountType"
 319      65736F75 
 319      72636543 
 319      6F756E74 
 319      54797065 
 320 033e 01       		.byte	0x1
 321 033f BE       		.byte	0xbe
 322 0340 8D010000 		.uaword	0x18d
 323 0344 02       		.uleb128 0x2
 324 0345 4F735F53 		.string	"Os_StackTraceType"
 324      7461636B 
 324      54726163 
 324      65547970 
 324      6500
 325 0357 01       		.byte	0x1
 326 0358 BF       		.byte	0xbf
 327 0359 D0010000 		.uaword	0x1d0
 328 035d 04       		.uleb128 0x4
 329 035e 08       		.byte	0x8
 330 035f 01       		.byte	0x1
 331 0360 C0       		.byte	0xc0
 332 0361 81030000 		.uaword	0x381
 333 0365 05       		.uleb128 0x5
 334 0366 737000   		.string	"sp"
 335 0369 01       		.byte	0x1
 336 036a C0       		.byte	0xc0
GAS Infineon TriCore Little Endian C:\\Users\\user1\\AppData\\Local\\Temp\\rta_RTAOS_638388406317960277_1736001\\cctyU0ku.s 			page 8


 337 036b 44030000 		.uaword	0x344
 338 036f 02       		.byte	0x2
 339 0370 23       		.byte	0x23
 340 0371 00       		.uleb128 0
 341 0372 05       		.uleb128 0x5
 342 0373 63747800 		.string	"ctx"
 343 0377 01       		.byte	0x1
 344 0378 C0       		.byte	0xc0
 345 0379 44030000 		.uaword	0x344
 346 037d 02       		.byte	0x2
 347 037e 23       		.byte	0x23
 348 037f 04       		.uleb128 0x4
 349 0380 00       		.byte	0
 350 0381 02       		.uleb128 0x2
 351 0382 4F735F53 		.string	"Os_StackValueType"
 351      7461636B 
 351      56616C75 
 351      65547970 
 351      6500
 352 0394 01       		.byte	0x1
 353 0395 C0       		.byte	0xc0
 354 0396 5D030000 		.uaword	0x35d
 355 039a 02       		.uleb128 0x2
 356 039b 4F735F53 		.string	"Os_StackSizeType"
 356      7461636B 
 356      53697A65 
 356      54797065 
 356      00
 357 03ac 01       		.byte	0x1
 358 03ad C1       		.byte	0xc1
 359 03ae 81030000 		.uaword	0x381
 360 03b2 02       		.uleb128 0x2
 361 03b3 4F735F56 		.string	"Os_VoidVoidFunctionType"
 361      6F696456 
 361      6F696446 
 361      756E6374 
 361      696F6E54 
 362 03cb 01       		.byte	0x1
 363 03cc C7       		.byte	0xc7
 364 03cd D1030000 		.uaword	0x3d1
 365 03d1 08       		.uleb128 0x8
 366 03d2 04       		.byte	0x4
 367 03d3 D7030000 		.uaword	0x3d7
 368 03d7 09       		.uleb128 0x9
 369 03d8 01       		.byte	0x1
 370 03d9 02       		.uleb128 0x2
 371 03da 4170706C 		.string	"ApplicationType"
 371      69636174 
 371      696F6E54 
 371      79706500 
 372 03ea 01       		.byte	0x1
 373 03eb D5       		.byte	0xd5
 374 03ec 8D010000 		.uaword	0x18d
 375 03f0 02       		.uleb128 0x2
 376 03f1 4F735F74 		.string	"Os_tmaskType"
 376      6D61736B 
 376      54797065 
GAS Infineon TriCore Little Endian C:\\Users\\user1\\AppData\\Local\\Temp\\rta_RTAOS_638388406317960277_1736001\\cctyU0ku.s 			page 9


 376      00
 377 03fe 01       		.byte	0x1
 378 03ff D9       		.byte	0xd9
 379 0400 C2010000 		.uaword	0x1c2
 380 0404 02       		.uleb128 0x2
 381 0405 4F735F43 		.string	"Os_CoreStateType"
 381      6F726553 
 381      74617465 
 381      54797065 
 381      00
 382 0416 01       		.byte	0x1
 383 0417 E7       		.byte	0xe7
 384 0418 C2010000 		.uaword	0x1c2
 385 041c 02       		.uleb128 0x2
 386 041d 4F735F53 		.string	"Os_StopwatchTickType"
 386      746F7077 
 386      61746368 
 386      5469636B 
 386      54797065 
 387 0432 01       		.byte	0x1
 388 0433 FD       		.byte	0xfd
 389 0434 D0010000 		.uaword	0x1d0
 390 0438 0A       		.uleb128 0xa
 391 0439 4F735F54 		.string	"Os_TerminatorType"
 391      65726D69 
 391      6E61746F 
 391      72547970 
 391      6500
 392 044b 01       		.byte	0x1
 393 044c 0201     		.uahalf	0x102
 394 044e 52040000 		.uaword	0x452
 395 0452 08       		.uleb128 0x8
 396 0453 04       		.byte	0x4
 397 0454 02030000 		.uaword	0x302
 398 0458 0A       		.uleb128 0xa
 399 0459 4F735F4C 		.string	"Os_Lockable"
 399      6F636B61 
 399      626C6500 
 400 0465 01       		.byte	0x1
 401 0466 0701     		.uahalf	0x107
 402 0468 B7020000 		.uaword	0x2b7
 403 046c 0A       		.uleb128 0xa
 404 046d 436F7265 		.string	"CoreIdType"
 404      49645479 
 404      706500
 405 0478 01       		.byte	0x1
 406 0479 0901     		.uahalf	0x109
 407 047b 9E010000 		.uaword	0x19e
 408 047f 0B       		.uleb128 0xb
 409 0480 58040000 		.uaword	0x458
 410 0484 0C       		.uleb128 0xc
 411 0485 4F735F43 		.string	"Os_ControlledCoreType_s"
 411      6F6E7472 
 411      6F6C6C65 
 411      64436F72 
 411      65547970 
 412 049d 58       		.byte	0x58
GAS Infineon TriCore Little Endian C:\\Users\\user1\\AppData\\Local\\Temp\\rta_RTAOS_638388406317960277_1736001\\cctyU0ku.s 			page 10


 413 049e 01       		.byte	0x1
 414 049f 1004     		.uahalf	0x410
 415 04a1 82060000 		.uaword	0x682
 416 04a5 0D       		.uleb128 0xd
 417 04a6 54726170 		.string	"TrapInfo"
 417      496E666F 
 417      00
 418 04af 01       		.byte	0x1
 419 04b0 1104     		.uahalf	0x411
 420 04b2 A1020000 		.uaword	0x2a1
 421 04b6 02       		.byte	0x2
 422 04b7 23       		.byte	0x23
 423 04b8 00       		.uleb128 0
 424 04b9 0D       		.uleb128 0xd
 425 04ba 4572726F 		.string	"ErrorInformation"
 425      72496E66 
 425      6F726D61 
 425      74696F6E 
 425      00
 426 04cb 01       		.byte	0x1
 427 04cc 1204     		.uahalf	0x412
 428 04ce 150D0000 		.uaword	0xd15
 429 04d2 02       		.byte	0x2
 430 04d3 23       		.byte	0x23
 431 04d4 08       		.uleb128 0x8
 432 04d5 0D       		.uleb128 0xd
 433 04d6 6C6F636B 		.string	"lock_taskaccess"
 433      5F746173 
 433      6B616363 
 433      65737300 
 434 04e6 01       		.byte	0x1
 435 04e7 1304     		.uahalf	0x413
 436 04e9 7F040000 		.uaword	0x47f
 437 04ed 02       		.byte	0x2
 438 04ee 23       		.byte	0x23
 439 04ef 18       		.uleb128 0x18
 440 04f0 0D       		.uleb128 0xd
 441 04f1 52656164 		.string	"ReadyTasks"
 441      79546173 
 441      6B7300
 442 04fc 01       		.byte	0x1
 443 04fd 1404     		.uahalf	0x414
 444 04ff 4B0D0000 		.uaword	0xd4b
 445 0503 02       		.byte	0x2
 446 0504 23       		.byte	0x23
 447 0505 1C       		.uleb128 0x1c
 448 0506 0D       		.uleb128 0xd
 449 0507 52756E6E 		.string	"RunningISR"
 449      696E6749 
 449      535200
 450 0512 01       		.byte	0x1
 451 0513 1504     		.uahalf	0x415
 452 0515 500D0000 		.uaword	0xd50
 453 0519 02       		.byte	0x2
 454 051a 23       		.byte	0x23
 455 051b 20       		.uleb128 0x20
 456 051c 0D       		.uleb128 0xd
GAS Infineon TriCore Little Endian C:\\Users\\user1\\AppData\\Local\\Temp\\rta_RTAOS_638388406317960277_1736001\\cctyU0ku.s 			page 11


 457 051d 52756E6E 		.string	"RunningTask"
 457      696E6754 
 457      61736B00 
 458 0529 01       		.byte	0x1
 459 052a 1604     		.uahalf	0x416
 460 052c 550D0000 		.uaword	0xd55
 461 0530 02       		.byte	0x2
 462 0531 23       		.byte	0x23
 463 0532 24       		.uleb128 0x24
 464 0533 0D       		.uleb128 0xd
 465 0534 52756E6E 		.string	"RunningTPMask"
 465      696E6754 
 465      504D6173 
 465      6B00
 466 0542 01       		.byte	0x1
 467 0543 1704     		.uahalf	0x417
 468 0545 5A0D0000 		.uaword	0xd5a
 469 0549 02       		.byte	0x2
 470 054a 23       		.byte	0x23
 471 054b 28       		.uleb128 0x28
 472 054c 0D       		.uleb128 0xd
 473 054d 5465726D 		.string	"TerminatingTasks"
 473      696E6174 
 473      696E6754 
 473      61736B73 
 473      00
 474 055e 01       		.byte	0x1
 475 055f 1804     		.uahalf	0x418
 476 0561 4B0D0000 		.uaword	0xd4b
 477 0565 02       		.byte	0x2
 478 0566 23       		.byte	0x23
 479 0567 2C       		.uleb128 0x2c
 480 0568 0D       		.uleb128 0xd
 481 0569 4170706C 		.string	"Application"
 481      69636174 
 481      696F6E00 
 482 0575 01       		.byte	0x1
 483 0576 1904     		.uahalf	0x419
 484 0578 D9030000 		.uaword	0x3d9
 485 057c 02       		.byte	0x2
 486 057d 23       		.byte	0x23
 487 057e 30       		.uleb128 0x30
 488 057f 0D       		.uleb128 0xd
 489 0580 43757272 		.string	"CurrentTerminator"
 489      656E7454 
 489      65726D69 
 489      6E61746F 
 489      7200
 490 0592 01       		.byte	0x1
 491 0593 1A04     		.uahalf	0x41a
 492 0595 5F0D0000 		.uaword	0xd5f
 493 0599 02       		.byte	0x2
 494 059a 23       		.byte	0x23
 495 059b 34       		.uleb128 0x34
 496 059c 0D       		.uleb128 0xd
 497 059d 43757272 		.string	"CurrentMeteredObject"
 497      656E744D 
GAS Infineon TriCore Little Endian C:\\Users\\user1\\AppData\\Local\\Temp\\rta_RTAOS_638388406317960277_1736001\\cctyU0ku.s 			page 12


 497      65746572 
 497      65644F62 
 497      6A656374 
 498 05b2 01       		.byte	0x1
 499 05b3 1B04     		.uahalf	0x41b
 500 05b5 EE060000 		.uaword	0x6ee
 501 05b9 02       		.byte	0x2
 502 05ba 23       		.byte	0x23
 503 05bb 38       		.uleb128 0x38
 504 05bc 0D       		.uleb128 0xd
 505 05bd 49646C65 		.string	"IdleMeter"
 505      4D657465 
 505      7200
 506 05c7 01       		.byte	0x1
 507 05c8 1C04     		.uahalf	0x41c
 508 05ca D5060000 		.uaword	0x6d5
 509 05ce 02       		.byte	0x2
 510 05cf 23       		.byte	0x23
 511 05d0 3C       		.uleb128 0x3c
 512 05d1 0D       		.uleb128 0xd
 513 05d2 41707041 		.string	"AppAccess"
 513      63636573 
 513      7300
 514 05dc 01       		.byte	0x1
 515 05dd 1D04     		.uahalf	0x41d
 516 05df 80010000 		.uaword	0x180
 517 05e3 02       		.byte	0x2
 518 05e4 23       		.byte	0x23
 519 05e5 48       		.uleb128 0x48
 520 05e6 0D       		.uleb128 0xd
 521 05e7 4170704F 		.string	"AppOverride"
 521      76657272 
 521      69646500 
 522 05f3 01       		.byte	0x1
 523 05f4 1E04     		.uahalf	0x41e
 524 05f6 640D0000 		.uaword	0xd64
 525 05fa 02       		.byte	0x2
 526 05fb 23       		.byte	0x23
 527 05fc 49       		.uleb128 0x49
 528 05fd 0D       		.uleb128 0xd
 529 05fe 47657453 		.string	"GetStackValueAdjust"
 529      7461636B 
 529      56616C75 
 529      6541646A 
 529      75737400 
 530 0612 01       		.byte	0x1
 531 0613 1F04     		.uahalf	0x41f
 532 0615 9A030000 		.uaword	0x39a
 533 0619 02       		.byte	0x2
 534 061a 23       		.byte	0x23
 535 061b 4C       		.uleb128 0x4c
 536 061c 0D       		.uleb128 0xd
 537 061d 496E4572 		.string	"InErrorHook"
 537      726F7248 
 537      6F6F6B00 
 538 0629 01       		.byte	0x1
 539 062a 2004     		.uahalf	0x420
GAS Infineon TriCore Little Endian C:\\Users\\user1\\AppData\\Local\\Temp\\rta_RTAOS_638388406317960277_1736001\\cctyU0ku.s 			page 13


 540 062c 41020000 		.uaword	0x241
 541 0630 02       		.byte	0x2
 542 0631 23       		.byte	0x23
 543 0632 54       		.uleb128 0x54
 544 0633 0D       		.uleb128 0xd
 545 0634 496E5072 		.string	"InProtectionHook"
 545      6F746563 
 545      74696F6E 
 545      486F6F6B 
 545      00
 546 0645 01       		.byte	0x1
 547 0646 2104     		.uahalf	0x421
 548 0648 41020000 		.uaword	0x241
 549 064c 02       		.byte	0x2
 550 064d 23       		.byte	0x23
 551 064e 55       		.uleb128 0x55
 552 064f 0D       		.uleb128 0xd
 553 0650 436F7265 		.string	"CoreIsActive"
 553      49734163 
 553      74697665 
 553      00
 554 065d 01       		.byte	0x1
 555 065e 2204     		.uahalf	0x422
 556 0660 41020000 		.uaword	0x241
 557 0664 02       		.byte	0x2
 558 0665 23       		.byte	0x23
 559 0666 56       		.uleb128 0x56
 560 0667 0D       		.uleb128 0xd
 561 0668 496E5368 		.string	"InShutdownHook"
 561      7574646F 
 561      776E486F 
 561      6F6B00
 562 0677 01       		.byte	0x1
 563 0678 2304     		.uahalf	0x423
 564 067a 41020000 		.uaword	0x241
 565 067e 02       		.byte	0x2
 566 067f 23       		.byte	0x23
 567 0680 57       		.uleb128 0x57
 568 0681 00       		.byte	0
 569 0682 0C       		.uleb128 0xc
 570 0683 4F735F4D 		.string	"Os_MeterInfoType_s"
 570      65746572 
 570      496E666F 
 570      54797065 
 570      5F7300
 571 0696 0C       		.byte	0xc
 572 0697 01       		.byte	0x1
 573 0698 7201     		.uahalf	0x172
 574 069a D5060000 		.uaword	0x6d5
 575 069e 0D       		.uleb128 0xd
 576 069f 656C6170 		.string	"elapsed"
 576      73656400 
 577 06a7 01       		.byte	0x1
 578 06a8 7301     		.uahalf	0x173
 579 06aa 1C040000 		.uaword	0x41c
 580 06ae 02       		.byte	0x2
 581 06af 23       		.byte	0x23
GAS Infineon TriCore Little Endian C:\\Users\\user1\\AppData\\Local\\Temp\\rta_RTAOS_638388406317960277_1736001\\cctyU0ku.s 			page 14


 582 06b0 00       		.uleb128 0
 583 06b1 0D       		.uleb128 0xd
 584 06b2 70726576 		.string	"previous"
 584      696F7573 
 584      00
 585 06bb 01       		.byte	0x1
 586 06bc 7401     		.uahalf	0x174
 587 06be 1C040000 		.uaword	0x41c
 588 06c2 02       		.byte	0x2
 589 06c3 23       		.byte	0x23
 590 06c4 04       		.uleb128 0x4
 591 06c5 0D       		.uleb128 0xd
 592 06c6 6D617800 		.string	"max"
 593 06ca 01       		.byte	0x1
 594 06cb 7501     		.uahalf	0x175
 595 06cd 1C040000 		.uaword	0x41c
 596 06d1 02       		.byte	0x2
 597 06d2 23       		.byte	0x23
 598 06d3 08       		.uleb128 0x8
 599 06d4 00       		.byte	0
 600 06d5 0A       		.uleb128 0xa
 601 06d6 4F735F4D 		.string	"Os_MeterInfoType"
 601      65746572 
 601      496E666F 
 601      54797065 
 601      00
 602 06e7 01       		.byte	0x1
 603 06e8 7601     		.uahalf	0x176
 604 06ea 82060000 		.uaword	0x682
 605 06ee 0A       		.uleb128 0xa
 606 06ef 4F735F4D 		.string	"Os_MeterInfoRefType"
 606      65746572 
 606      496E666F 
 606      52656654 
 606      79706500 
 607 0703 01       		.byte	0x1
 608 0704 7701     		.uahalf	0x177
 609 0706 0A070000 		.uaword	0x70a
 610 070a 08       		.uleb128 0x8
 611 070b 04       		.byte	0x4
 612 070c D5060000 		.uaword	0x6d5
 613 0710 0A       		.uleb128 0xa
 614 0711 4F735F69 		.string	"Os_imaskType"
 614      6D61736B 
 614      54797065 
 614      00
 615 071e 01       		.byte	0x1
 616 071f 7F01     		.uahalf	0x17f
 617 0721 C2010000 		.uaword	0x1c2
 618 0725 0C       		.uleb128 0xc
 619 0726 4F735F49 		.string	"Os_ISRDynType_s"
 619      53524479 
 619      6E547970 
 619      655F7300 
 620 0736 10       		.byte	0x10
 621 0737 01       		.byte	0x1
 622 0738 8101     		.uahalf	0x181
GAS Infineon TriCore Little Endian C:\\Users\\user1\\AppData\\Local\\Temp\\rta_RTAOS_638388406317960277_1736001\\cctyU0ku.s 			page 15


 623 073a 76070000 		.uaword	0x776
 624 073e 0E       		.uleb128 0xe
 625 073f 00000000 		.uaword	.LASF0
 626 0743 01       		.byte	0x1
 627 0744 8201     		.uahalf	0x182
 628 0746 28030000 		.uaword	0x328
 629 074a 02       		.byte	0x2
 630 074b 23       		.byte	0x23
 631 074c 00       		.uleb128 0
 632 074d 0D       		.uleb128 0xd
 633 074e 7465726D 		.string	"terminating"
 633      696E6174 
 633      696E6700 
 634 075a 01       		.byte	0x1
 635 075b 8301     		.uahalf	0x183
 636 075d 41020000 		.uaword	0x241
 637 0761 02       		.byte	0x2
 638 0762 23       		.byte	0x23
 639 0763 01       		.uleb128 0x1
 640 0764 0D       		.uleb128 0xd
 641 0765 6D657465 		.string	"meter"
 641      7200
 642 076b 01       		.byte	0x1
 643 076c 8401     		.uahalf	0x184
 644 076e D5060000 		.uaword	0x6d5
 645 0772 02       		.byte	0x2
 646 0773 23       		.byte	0x23
 647 0774 04       		.uleb128 0x4
 648 0775 00       		.byte	0
 649 0776 0A       		.uleb128 0xa
 650 0777 4F735F49 		.string	"Os_ISRDynType"
 650      53524479 
 650      6E547970 
 650      6500
 651 0785 01       		.byte	0x1
 652 0786 8501     		.uahalf	0x185
 653 0788 25070000 		.uaword	0x725
 654 078c 0A       		.uleb128 0xa
 655 078d 4F735F49 		.string	"Os_IsrTerminatedFunctionType"
 655      73725465 
 655      726D696E 
 655      61746564 
 655      46756E63 
 656 07aa 01       		.byte	0x1
 657 07ab 8601     		.uahalf	0x186
 658 07ad D1030000 		.uaword	0x3d1
 659 07b1 0C       		.uleb128 0xc
 660 07b2 4F735F49 		.string	"Os_ISRType_s"
 660      53525479 
 660      70655F73 
 660      00
 661 07bf 18       		.byte	0x18
 662 07c0 01       		.byte	0x1
 663 07c1 8701     		.uahalf	0x187
 664 07c3 45080000 		.uaword	0x845
 665 07c7 0E       		.uleb128 0xe
 666 07c8 00000000 		.uaword	.LASF1
GAS Infineon TriCore Little Endian C:\\Users\\user1\\AppData\\Local\\Temp\\rta_RTAOS_638388406317960277_1736001\\cctyU0ku.s 			page 16


 667 07cc 01       		.byte	0x1
 668 07cd 8801     		.uahalf	0x188
 669 07cf B2030000 		.uaword	0x3b2
 670 07d3 02       		.byte	0x2
 671 07d4 23       		.byte	0x23
 672 07d5 00       		.uleb128 0
 673 07d6 0D       		.uleb128 0xd
 674 07d7 7465726D 		.string	"terminated_function"
 674      696E6174 
 674      65645F66 
 674      756E6374 
 674      696F6E00 
 675 07eb 01       		.byte	0x1
 676 07ec 8901     		.uahalf	0x189
 677 07ee 8C070000 		.uaword	0x78c
 678 07f2 02       		.byte	0x2
 679 07f3 23       		.byte	0x23
 680 07f4 04       		.uleb128 0x4
 681 07f5 0E       		.uleb128 0xe
 682 07f6 00000000 		.uaword	.LASF2
 683 07fa 01       		.byte	0x1
 684 07fb 8A01     		.uahalf	0x18a
 685 07fd 45080000 		.uaword	0x845
 686 0801 02       		.byte	0x2
 687 0802 23       		.byte	0x23
 688 0803 08       		.uleb128 0x8
 689 0804 0D       		.uleb128 0xd
 690 0805 696D6173 		.string	"imask"
 690      6B00
 691 080b 01       		.byte	0x1
 692 080c 8B01     		.uahalf	0x18b
 693 080e 10070000 		.uaword	0x710
 694 0812 02       		.byte	0x2
 695 0813 23       		.byte	0x23
 696 0814 0C       		.uleb128 0xc
 697 0815 0D       		.uleb128 0xd
 698 0816 696E6465 		.string	"index"
 698      7800
 699 081c 01       		.byte	0x1
 700 081d 8C01     		.uahalf	0x18c
 701 081f C2010000 		.uaword	0x1c2
 702 0823 02       		.byte	0x2
 703 0824 23       		.byte	0x23
 704 0825 10       		.uleb128 0x10
 705 0826 0E       		.uleb128 0xe
 706 0827 00000000 		.uaword	.LASF3
 707 082b 01       		.byte	0x1
 708 082c 8D01     		.uahalf	0x18d
 709 082e 80010000 		.uaword	0x180
 710 0832 02       		.byte	0x2
 711 0833 23       		.byte	0x23
 712 0834 14       		.uleb128 0x14
 713 0835 0E       		.uleb128 0xe
 714 0836 00000000 		.uaword	.LASF4
 715 083a 01       		.byte	0x1
 716 083b 8E01     		.uahalf	0x18e
 717 083d D9030000 		.uaword	0x3d9
GAS Infineon TriCore Little Endian C:\\Users\\user1\\AppData\\Local\\Temp\\rta_RTAOS_638388406317960277_1736001\\cctyU0ku.s 			page 17


 718 0841 02       		.byte	0x2
 719 0842 23       		.byte	0x23
 720 0843 15       		.uleb128 0x15
 721 0844 00       		.byte	0
 722 0845 0F       		.uleb128 0xf
 723 0846 4A080000 		.uaword	0x84a
 724 084a 08       		.uleb128 0x8
 725 084b 04       		.byte	0x4
 726 084c 76070000 		.uaword	0x776
 727 0850 0A       		.uleb128 0xa
 728 0851 4F735F49 		.string	"Os_ISRType"
 728      53525479 
 728      706500
 729 085c 01       		.byte	0x1
 730 085d 8F01     		.uahalf	0x18f
 731 085f B1070000 		.uaword	0x7b1
 732 0863 0A       		.uleb128 0xa
 733 0864 49535254 		.string	"ISRType"
 733      79706500 
 734 086c 01       		.byte	0x1
 735 086d 9001     		.uahalf	0x190
 736 086f 73080000 		.uaword	0x873
 737 0873 08       		.uleb128 0x8
 738 0874 04       		.byte	0x4
 739 0875 79080000 		.uaword	0x879
 740 0879 0F       		.uleb128 0xf
 741 087a 50080000 		.uaword	0x850
 742 087e 0A       		.uleb128 0xa
 743 087f 4F735F62 		.string	"Os_bitmask"
 743      69746D61 
 743      736B00
 744 088a 01       		.byte	0x1
 745 088b A201     		.uahalf	0x1a2
 746 088d D0010000 		.uaword	0x1d0
 747 0891 0A       		.uleb128 0xa
 748 0892 4F735F70 		.string	"Os_pset0Type"
 748      73657430 
 748      54797065 
 748      00
 749 089f 01       		.byte	0x1
 750 08a0 A301     		.uahalf	0x1a3
 751 08a2 7E080000 		.uaword	0x87e
 752 08a6 0A       		.uleb128 0xa
 753 08a7 4F735F70 		.string	"Os_pset1Type"
 753      73657431 
 753      54797065 
 753      00
 754 08b4 01       		.byte	0x1
 755 08b5 A401     		.uahalf	0x1a4
 756 08b7 7E080000 		.uaword	0x87e
 757 08bb 0A       		.uleb128 0xa
 758 08bc 4F735F70 		.string	"Os_pset2Type"
 758      73657432 
 758      54797065 
 758      00
 759 08c9 01       		.byte	0x1
 760 08ca A501     		.uahalf	0x1a5
GAS Infineon TriCore Little Endian C:\\Users\\user1\\AppData\\Local\\Temp\\rta_RTAOS_638388406317960277_1736001\\cctyU0ku.s 			page 18


 761 08cc 7E080000 		.uaword	0x87e
 762 08d0 10       		.uleb128 0x10
 763 08d1 04       		.byte	0x4
 764 08d2 01       		.byte	0x1
 765 08d3 A601     		.uahalf	0x1a6
 766 08d5 FB080000 		.uaword	0x8fb
 767 08d9 11       		.uleb128 0x11
 768 08da 703000   		.string	"p0"
 769 08dd 01       		.byte	0x1
 770 08de A701     		.uahalf	0x1a7
 771 08e0 91080000 		.uaword	0x891
 772 08e4 11       		.uleb128 0x11
 773 08e5 703100   		.string	"p1"
 774 08e8 01       		.byte	0x1
 775 08e9 A801     		.uahalf	0x1a8
 776 08eb A6080000 		.uaword	0x8a6
 777 08ef 11       		.uleb128 0x11
 778 08f0 703200   		.string	"p2"
 779 08f3 01       		.byte	0x1
 780 08f4 A901     		.uahalf	0x1a9
 781 08f6 BB080000 		.uaword	0x8bb
 782 08fa 00       		.byte	0
 783 08fb 0A       		.uleb128 0xa
 784 08fc 4F735F70 		.string	"Os_psetType"
 784      73657454 
 784      79706500 
 785 0908 01       		.byte	0x1
 786 0909 AA01     		.uahalf	0x1aa
 787 090b D0080000 		.uaword	0x8d0
 788 090f 10       		.uleb128 0x10
 789 0910 04       		.byte	0x4
 790 0911 01       		.byte	0x1
 791 0912 AC01     		.uahalf	0x1ac
 792 0914 3A090000 		.uaword	0x93a
 793 0918 11       		.uleb128 0x11
 794 0919 743000   		.string	"t0"
 795 091c 01       		.byte	0x1
 796 091d AD01     		.uahalf	0x1ad
 797 091f 7E080000 		.uaword	0x87e
 798 0923 11       		.uleb128 0x11
 799 0924 743100   		.string	"t1"
 800 0927 01       		.byte	0x1
 801 0928 AE01     		.uahalf	0x1ae
 802 092a 7E080000 		.uaword	0x87e
 803 092e 11       		.uleb128 0x11
 804 092f 743200   		.string	"t2"
 805 0932 01       		.byte	0x1
 806 0933 AF01     		.uahalf	0x1af
 807 0935 7E080000 		.uaword	0x87e
 808 0939 00       		.byte	0
 809 093a 0A       		.uleb128 0xa
 810 093b 4F735F74 		.string	"Os_tpmaskType"
 810      706D6173 
 810      6B547970 
 810      6500
 811 0949 01       		.byte	0x1
 812 094a B001     		.uahalf	0x1b0
GAS Infineon TriCore Little Endian C:\\Users\\user1\\AppData\\Local\\Temp\\rta_RTAOS_638388406317960277_1736001\\cctyU0ku.s 			page 19


 813 094c 0F090000 		.uaword	0x90f
 814 0950 0A       		.uleb128 0xa
 815 0951 4F735F41 		.string	"Os_ActivationCountType"
 815      63746976 
 815      6174696F 
 815      6E436F75 
 815      6E745479 
 816 0968 01       		.byte	0x1
 817 0969 B101     		.uahalf	0x1b1
 818 096b 8D010000 		.uaword	0x18d
 819 096f 0C       		.uleb128 0xc
 820 0970 4F735F54 		.string	"Os_TaskDynType_s"
 820      61736B44 
 820      796E5479 
 820      70655F73 
 820      00
 821 0981 5C       		.byte	0x5c
 822 0982 01       		.byte	0x1
 823 0983 B301     		.uahalf	0x1b3
 824 0985 2A0A0000 		.uaword	0xa2a
 825 0989 0D       		.uleb128 0xd
 826 098a 6C617374 		.string	"last_activation"
 826      5F616374 
 826      69766174 
 826      696F6E00 
 827 099a 01       		.byte	0x1
 828 099b B401     		.uahalf	0x1b4
 829 099d 1C040000 		.uaword	0x41c
 830 09a1 02       		.byte	0x2
 831 09a2 23       		.byte	0x23
 832 09a3 00       		.uleb128 0
 833 09a4 0D       		.uleb128 0xd
 834 09a5 7465726D 		.string	"terminate_jump_buf"
 834      696E6174 
 834      655F6A75 
 834      6D705F62 
 834      756600
 835 09b8 01       		.byte	0x1
 836 09b9 B501     		.uahalf	0x1b5
 837 09bb 02030000 		.uaword	0x302
 838 09bf 02       		.byte	0x2
 839 09c0 23       		.byte	0x23
 840 09c1 04       		.uleb128 0x4
 841 09c2 0D       		.uleb128 0xd
 842 09c3 6D657465 		.string	"meter"
 842      7200
 843 09c9 01       		.byte	0x1
 844 09ca B601     		.uahalf	0x1b6
 845 09cc D5060000 		.uaword	0x6d5
 846 09d0 02       		.byte	0x2
 847 09d1 23       		.byte	0x23
 848 09d2 48       		.uleb128 0x48
 849 09d3 0D       		.uleb128 0xd
 850 09d4 7365656E 		.string	"seen_activation"
 850      5F616374 
 850      69766174 
 850      696F6E00 
GAS Infineon TriCore Little Endian C:\\Users\\user1\\AppData\\Local\\Temp\\rta_RTAOS_638388406317960277_1736001\\cctyU0ku.s 			page 20


 851 09e4 01       		.byte	0x1
 852 09e5 B701     		.uahalf	0x1b7
 853 09e7 41020000 		.uaword	0x241
 854 09eb 02       		.byte	0x2
 855 09ec 23       		.byte	0x23
 856 09ed 54       		.uleb128 0x54
 857 09ee 0E       		.uleb128 0xe
 858 09ef 00000000 		.uaword	.LASF5
 859 09f3 01       		.byte	0x1
 860 09f4 B801     		.uahalf	0x1b8
 861 09f6 50090000 		.uaword	0x950
 862 09fa 02       		.byte	0x2
 863 09fb 23       		.byte	0x23
 864 09fc 55       		.uleb128 0x55
 865 09fd 0E       		.uleb128 0xe
 866 09fe 00000000 		.uaword	.LASF0
 867 0a02 01       		.byte	0x1
 868 0a03 B901     		.uahalf	0x1b9
 869 0a05 28030000 		.uaword	0x328
 870 0a09 02       		.byte	0x2
 871 0a0a 23       		.byte	0x23
 872 0a0b 56       		.uleb128 0x56
 873 0a0c 0D       		.uleb128 0xd
 874 0a0d 7465726D 		.string	"termination_state"
 874      696E6174 
 874      696F6E5F 
 874      73746174 
 874      6500
 875 0a1f 01       		.byte	0x1
 876 0a20 BA01     		.uahalf	0x1ba
 877 0a22 C2010000 		.uaword	0x1c2
 878 0a26 02       		.byte	0x2
 879 0a27 23       		.byte	0x23
 880 0a28 58       		.uleb128 0x58
 881 0a29 00       		.byte	0
 882 0a2a 0A       		.uleb128 0xa
 883 0a2b 4F735F54 		.string	"Os_TaskDynType"
 883      61736B44 
 883      796E5479 
 883      706500
 884 0a3a 01       		.byte	0x1
 885 0a3b BB01     		.uahalf	0x1bb
 886 0a3d 6F090000 		.uaword	0x96f
 887 0a41 0C       		.uleb128 0xc
 888 0a42 4F735F54 		.string	"Os_TaskType_s"
 888      61736B54 
 888      7970655F 
 888      7300
 889 0a50 20       		.byte	0x20
 890 0a51 01       		.byte	0x1
 891 0a52 BD01     		.uahalf	0x1bd
 892 0a54 FE0A0000 		.uaword	0xafe
 893 0a58 0E       		.uleb128 0xe
 894 0a59 00000000 		.uaword	.LASF2
 895 0a5d 01       		.byte	0x1
 896 0a5e BE01     		.uahalf	0x1be
 897 0a60 FE0A0000 		.uaword	0xafe
GAS Infineon TriCore Little Endian C:\\Users\\user1\\AppData\\Local\\Temp\\rta_RTAOS_638388406317960277_1736001\\cctyU0ku.s 			page 21


 898 0a64 02       		.byte	0x2
 899 0a65 23       		.byte	0x23
 900 0a66 00       		.uleb128 0
 901 0a67 0E       		.uleb128 0xe
 902 0a68 00000000 		.uaword	.LASF1
 903 0a6c 01       		.byte	0x1
 904 0a6d BF01     		.uahalf	0x1bf
 905 0a6f B2030000 		.uaword	0x3b2
 906 0a73 02       		.byte	0x2
 907 0a74 23       		.byte	0x23
 908 0a75 04       		.uleb128 0x4
 909 0a76 0D       		.uleb128 0xd
 910 0a77 70736574 		.string	"pset"
 910      00
 911 0a7c 01       		.byte	0x1
 912 0a7d C001     		.uahalf	0x1c0
 913 0a7f FB080000 		.uaword	0x8fb
 914 0a83 02       		.byte	0x2
 915 0a84 23       		.byte	0x23
 916 0a85 08       		.uleb128 0x8
 917 0a86 0D       		.uleb128 0xd
 918 0a87 62617365 		.string	"base_tpmask"
 918      5F74706D 
 918      61736B00 
 919 0a93 01       		.byte	0x1
 920 0a94 C101     		.uahalf	0x1c1
 921 0a96 3A090000 		.uaword	0x93a
 922 0a9a 02       		.byte	0x2
 923 0a9b 23       		.byte	0x23
 924 0a9c 0C       		.uleb128 0xc
 925 0a9d 0E       		.uleb128 0xe
 926 0a9e 00000000 		.uaword	.LASF6
 927 0aa2 01       		.byte	0x1
 928 0aa3 C201     		.uahalf	0x1c2
 929 0aa5 3A090000 		.uaword	0x93a
 930 0aa9 02       		.byte	0x2
 931 0aaa 23       		.byte	0x23
 932 0aab 10       		.uleb128 0x10
 933 0aac 0D       		.uleb128 0xd
 934 0aad 636F7265 		.string	"core_id"
 934      5F696400 
 935 0ab5 01       		.byte	0x1
 936 0ab6 C301     		.uahalf	0x1c3
 937 0ab8 6C040000 		.uaword	0x46c
 938 0abc 02       		.byte	0x2
 939 0abd 23       		.byte	0x23
 940 0abe 14       		.uleb128 0x14
 941 0abf 0D       		.uleb128 0xd
 942 0ac0 696E6465 		.string	"index"
 942      7800
 943 0ac6 01       		.byte	0x1
 944 0ac7 C401     		.uahalf	0x1c4
 945 0ac9 C2010000 		.uaword	0x1c2
 946 0acd 02       		.byte	0x2
 947 0ace 23       		.byte	0x23
 948 0acf 18       		.uleb128 0x18
 949 0ad0 0E       		.uleb128 0xe
GAS Infineon TriCore Little Endian C:\\Users\\user1\\AppData\\Local\\Temp\\rta_RTAOS_638388406317960277_1736001\\cctyU0ku.s 			page 22


 950 0ad1 00000000 		.uaword	.LASF5
 951 0ad5 01       		.byte	0x1
 952 0ad6 C501     		.uahalf	0x1c5
 953 0ad8 50090000 		.uaword	0x950
 954 0adc 02       		.byte	0x2
 955 0add 23       		.byte	0x23
 956 0ade 1C       		.uleb128 0x1c
 957 0adf 0E       		.uleb128 0xe
 958 0ae0 00000000 		.uaword	.LASF3
 959 0ae4 01       		.byte	0x1
 960 0ae5 C601     		.uahalf	0x1c6
 961 0ae7 80010000 		.uaword	0x180
 962 0aeb 02       		.byte	0x2
 963 0aec 23       		.byte	0x23
 964 0aed 1D       		.uleb128 0x1d
 965 0aee 0E       		.uleb128 0xe
 966 0aef 00000000 		.uaword	.LASF4
 967 0af3 01       		.byte	0x1
 968 0af4 C701     		.uahalf	0x1c7
 969 0af6 D9030000 		.uaword	0x3d9
 970 0afa 02       		.byte	0x2
 971 0afb 23       		.byte	0x23
 972 0afc 1E       		.uleb128 0x1e
 973 0afd 00       		.byte	0
 974 0afe 0F       		.uleb128 0xf
 975 0aff 030B0000 		.uaword	0xb03
 976 0b03 08       		.uleb128 0x8
 977 0b04 04       		.byte	0x4
 978 0b05 2A0A0000 		.uaword	0xa2a
 979 0b09 0A       		.uleb128 0xa
 980 0b0a 4F735F54 		.string	"Os_TaskType"
 980      61736B54 
 980      79706500 
 981 0b16 01       		.byte	0x1
 982 0b17 C801     		.uahalf	0x1c8
 983 0b19 410A0000 		.uaword	0xa41
 984 0b1d 0A       		.uleb128 0xa
 985 0b1e 5461736B 		.string	"TaskType"
 985      54797065 
 985      00
 986 0b27 01       		.byte	0x1
 987 0b28 C901     		.uahalf	0x1c9
 988 0b2a 2E0B0000 		.uaword	0xb2e
 989 0b2e 08       		.uleb128 0x8
 990 0b2f 04       		.byte	0x4
 991 0b30 340B0000 		.uaword	0xb34
 992 0b34 0F       		.uleb128 0xf
 993 0b35 090B0000 		.uaword	0xb09
 994 0b39 10       		.uleb128 0x10
 995 0b3a 04       		.byte	0x4
 996 0b3b 01       		.byte	0x1
 997 0b3c E101     		.uahalf	0x1e1
 998 0b3e 5D0B0000 		.uaword	0xb5d
 999 0b42 12       		.uleb128 0x12
 1000 0b43 00000000 		.uaword	.LASF6
 1001 0b47 01       		.byte	0x1
 1002 0b48 E201     		.uahalf	0x1e2
GAS Infineon TriCore Little Endian C:\\Users\\user1\\AppData\\Local\\Temp\\rta_RTAOS_638388406317960277_1736001\\cctyU0ku.s 			page 23


 1003 0b4a 3A090000 		.uaword	0x93a
 1004 0b4e 11       		.uleb128 0x11
 1005 0b4f 696D6173 		.string	"imask"
 1005      6B00
 1006 0b55 01       		.byte	0x1
 1007 0b56 E301     		.uahalf	0x1e3
 1008 0b58 10070000 		.uaword	0x710
 1009 0b5c 00       		.byte	0
 1010 0b5d 0C       		.uleb128 0xc
 1011 0b5e 4F735F52 		.string	"Os_ResourceDynType_s"
 1011      65736F75 
 1011      72636544 
 1011      796E5479 
 1011      70655F73 
 1012 0b73 0C       		.byte	0xc
 1013 0b74 01       		.byte	0x1
 1014 0b75 DE01     		.uahalf	0x1de
 1015 0b77 C00B0000 		.uaword	0xbc0
 1016 0b7b 0D       		.uleb128 0xd
 1017 0b7c 61636365 		.string	"access_count"
 1017      73735F63 
 1017      6F756E74 
 1017      00
 1018 0b89 01       		.byte	0x1
 1019 0b8a DF01     		.uahalf	0x1df
 1020 0b8c 28030000 		.uaword	0x328
 1021 0b90 02       		.byte	0x2
 1022 0b91 23       		.byte	0x23
 1023 0b92 00       		.uleb128 0
 1024 0b93 0D       		.uleb128 0xd
 1025 0b94 6C6F636B 		.string	"locker"
 1025      657200
 1026 0b9b 01       		.byte	0x1
 1027 0b9c E001     		.uahalf	0x1e0
 1028 0b9e 1D0B0000 		.uaword	0xb1d
 1029 0ba2 02       		.byte	0x2
 1030 0ba3 23       		.byte	0x23
 1031 0ba4 04       		.uleb128 0x4
 1032 0ba5 0D       		.uleb128 0xd
 1033 0ba6 73617665 		.string	"saved_priority"
 1033      645F7072 
 1033      696F7269 
 1033      747900
 1034 0bb5 01       		.byte	0x1
 1035 0bb6 E401     		.uahalf	0x1e4
 1036 0bb8 390B0000 		.uaword	0xb39
 1037 0bbc 02       		.byte	0x2
 1038 0bbd 23       		.byte	0x23
 1039 0bbe 08       		.uleb128 0x8
 1040 0bbf 00       		.byte	0
 1041 0bc0 0A       		.uleb128 0xa
 1042 0bc1 4F735F52 		.string	"Os_ResourceDynType"
 1042      65736F75 
 1042      72636544 
 1042      796E5479 
 1042      706500
 1043 0bd4 01       		.byte	0x1
GAS Infineon TriCore Little Endian C:\\Users\\user1\\AppData\\Local\\Temp\\rta_RTAOS_638388406317960277_1736001\\cctyU0ku.s 			page 24


 1044 0bd5 E501     		.uahalf	0x1e5
 1045 0bd7 5D0B0000 		.uaword	0xb5d
 1046 0bdb 0C       		.uleb128 0xc
 1047 0bdc 4F735F52 		.string	"Os_ResourceType_s"
 1047      65736F75 
 1047      72636554 
 1047      7970655F 
 1047      7300
 1048 0bee 10       		.byte	0x10
 1049 0bef 01       		.byte	0x1
 1050 0bf0 E601     		.uahalf	0x1e6
 1051 0bf2 350C0000 		.uaword	0xc35
 1052 0bf6 0E       		.uleb128 0xe
 1053 0bf7 00000000 		.uaword	.LASF2
 1054 0bfb 01       		.byte	0x1
 1055 0bfc E701     		.uahalf	0x1e7
 1056 0bfe 350C0000 		.uaword	0xc35
 1057 0c02 02       		.byte	0x2
 1058 0c03 23       		.byte	0x23
 1059 0c04 00       		.uleb128 0
 1060 0c05 0E       		.uleb128 0xe
 1061 0c06 00000000 		.uaword	.LASF6
 1062 0c0a 01       		.byte	0x1
 1063 0c0b E801     		.uahalf	0x1e8
 1064 0c0d 3A090000 		.uaword	0x93a
 1065 0c11 02       		.byte	0x2
 1066 0c12 23       		.byte	0x23
 1067 0c13 04       		.uleb128 0x4
 1068 0c14 0D       		.uleb128 0xd
 1069 0c15 696D6173 		.string	"imask"
 1069      6B00
 1070 0c1b 01       		.byte	0x1
 1071 0c1c E901     		.uahalf	0x1e9
 1072 0c1e 10070000 		.uaword	0x710
 1073 0c22 02       		.byte	0x2
 1074 0c23 23       		.byte	0x23
 1075 0c24 08       		.uleb128 0x8
 1076 0c25 0E       		.uleb128 0xe
 1077 0c26 00000000 		.uaword	.LASF3
 1078 0c2a 01       		.byte	0x1
 1079 0c2b EA01     		.uahalf	0x1ea
 1080 0c2d 80010000 		.uaword	0x180
 1081 0c31 02       		.byte	0x2
 1082 0c32 23       		.byte	0x23
 1083 0c33 0C       		.uleb128 0xc
 1084 0c34 00       		.byte	0
 1085 0c35 0F       		.uleb128 0xf
 1086 0c36 3A0C0000 		.uaword	0xc3a
 1087 0c3a 08       		.uleb128 0x8
 1088 0c3b 04       		.byte	0x4
 1089 0c3c C00B0000 		.uaword	0xbc0
 1090 0c40 0A       		.uleb128 0xa
 1091 0c41 4F735F52 		.string	"Os_ResourceType"
 1091      65736F75 
 1091      72636554 
 1091      79706500 
 1092 0c51 01       		.byte	0x1
GAS Infineon TriCore Little Endian C:\\Users\\user1\\AppData\\Local\\Temp\\rta_RTAOS_638388406317960277_1736001\\cctyU0ku.s 			page 25


 1093 0c52 EB01     		.uahalf	0x1eb
 1094 0c54 DB0B0000 		.uaword	0xbdb
 1095 0c58 0A       		.uleb128 0xa
 1096 0c59 5265736F 		.string	"ResourceType"
 1096      75726365 
 1096      54797065 
 1096      00
 1097 0c66 01       		.byte	0x1
 1098 0c67 EC01     		.uahalf	0x1ec
 1099 0c69 6D0C0000 		.uaword	0xc6d
 1100 0c6d 08       		.uleb128 0x8
 1101 0c6e 04       		.byte	0x4
 1102 0c6f 730C0000 		.uaword	0xc73
 1103 0c73 0F       		.uleb128 0xf
 1104 0c74 400C0000 		.uaword	0xc40
 1105 0c78 0A       		.uleb128 0xa
 1106 0c79 4F535365 		.string	"OSServiceIdType"
 1106      72766963 
 1106      65496454 
 1106      79706500 
 1107 0c89 01       		.byte	0x1
 1108 0c8a 5102     		.uahalf	0x251
 1109 0c8c 8D010000 		.uaword	0x18d
 1110 0c90 0A       		.uleb128 0xa
 1111 0c91 4F735F42 		.string	"Os_BiggestType"
 1111      69676765 
 1111      73745479 
 1111      706500
 1112 0ca0 01       		.byte	0x1
 1113 0ca1 2503     		.uahalf	0x325
 1114 0ca3 D0010000 		.uaword	0x1d0
 1115 0ca7 13       		.uleb128 0x13
 1116 0ca8 10       		.byte	0x10
 1117 0ca9 01       		.byte	0x1
 1118 0caa 2703     		.uahalf	0x327
 1119 0cac 150D0000 		.uaword	0xd15
 1120 0cb0 0D       		.uleb128 0xd
 1121 0cb1 73657276 		.string	"service_id"
 1121      6963655F 
 1121      696400
 1122 0cbc 01       		.byte	0x1
 1123 0cbd 2803     		.uahalf	0x328
 1124 0cbf 780C0000 		.uaword	0xc78
 1125 0cc3 02       		.byte	0x2
 1126 0cc4 23       		.byte	0x23
 1127 0cc5 00       		.uleb128 0
 1128 0cc6 0D       		.uleb128 0xd
 1129 0cc7 73657276 		.string	"service_param1"
 1129      6963655F 
 1129      70617261 
 1129      6D3100
 1130 0cd6 01       		.byte	0x1
 1131 0cd7 2903     		.uahalf	0x329
 1132 0cd9 900C0000 		.uaword	0xc90
 1133 0cdd 02       		.byte	0x2
 1134 0cde 23       		.byte	0x23
 1135 0cdf 04       		.uleb128 0x4
GAS Infineon TriCore Little Endian C:\\Users\\user1\\AppData\\Local\\Temp\\rta_RTAOS_638388406317960277_1736001\\cctyU0ku.s 			page 26


 1136 0ce0 0D       		.uleb128 0xd
 1137 0ce1 73657276 		.string	"service_param2"
 1137      6963655F 
 1137      70617261 
 1137      6D3200
 1138 0cf0 01       		.byte	0x1
 1139 0cf1 2A03     		.uahalf	0x32a
 1140 0cf3 900C0000 		.uaword	0xc90
 1141 0cf7 02       		.byte	0x2
 1142 0cf8 23       		.byte	0x23
 1143 0cf9 08       		.uleb128 0x8
 1144 0cfa 0D       		.uleb128 0xd
 1145 0cfb 73657276 		.string	"service_param3"
 1145      6963655F 
 1145      70617261 
 1145      6D3300
 1146 0d0a 01       		.byte	0x1
 1147 0d0b 2B03     		.uahalf	0x32b
 1148 0d0d 900C0000 		.uaword	0xc90
 1149 0d11 02       		.byte	0x2
 1150 0d12 23       		.byte	0x23
 1151 0d13 0C       		.uleb128 0xc
 1152 0d14 00       		.byte	0
 1153 0d15 0A       		.uleb128 0xa
 1154 0d16 4F735F45 		.string	"Os_ErrorInformationType"
 1154      72726F72 
 1154      496E666F 
 1154      726D6174 
 1154      696F6E54 
 1155 0d2e 01       		.byte	0x1
 1156 0d2f 2C03     		.uahalf	0x32c
 1157 0d31 A70C0000 		.uaword	0xca7
 1158 0d35 0A       		.uleb128 0xa
 1159 0d36 4F735F4F 		.string	"Os_OrtiIdType"
 1159      72746949 
 1159      64547970 
 1159      6500
 1160 0d44 01       		.byte	0x1
 1161 0d45 3003     		.uahalf	0x330
 1162 0d47 8D010000 		.uaword	0x18d
 1163 0d4b 0B       		.uleb128 0xb
 1164 0d4c FB080000 		.uaword	0x8fb
 1165 0d50 0B       		.uleb128 0xb
 1166 0d51 63080000 		.uaword	0x863
 1167 0d55 0B       		.uleb128 0xb
 1168 0d56 1D0B0000 		.uaword	0xb1d
 1169 0d5a 0B       		.uleb128 0xb
 1170 0d5b 3A090000 		.uaword	0x93a
 1171 0d5f 0B       		.uleb128 0xb
 1172 0d60 38040000 		.uaword	0x438
 1173 0d64 0B       		.uleb128 0xb
 1174 0d65 D9030000 		.uaword	0x3d9
 1175 0d69 0A       		.uleb128 0xa
 1176 0d6a 4F735F43 		.string	"Os_ControlledCoreType"
 1176      6F6E7472 
 1176      6F6C6C65 
 1176      64436F72 
GAS Infineon TriCore Little Endian C:\\Users\\user1\\AppData\\Local\\Temp\\rta_RTAOS_638388406317960277_1736001\\cctyU0ku.s 			page 27


 1176      65547970 
 1177 0d80 01       		.byte	0x1
 1178 0d81 2404     		.uahalf	0x424
 1179 0d83 84040000 		.uaword	0x484
 1180 0d87 0C       		.uleb128 0xc
 1181 0d88 4F735F41 		.string	"Os_AnyCoreType_s"
 1181      6E79436F 
 1181      72655479 
 1181      70655F73 
 1181      00
 1182 0d99 64       		.byte	0x64
 1183 0d9a 01       		.byte	0x1
 1184 0d9b 3204     		.uahalf	0x432
 1185 0d9d C00E0000 		.uaword	0xec0
 1186 0da1 0D       		.uleb128 0xd
 1187 0da2 44697361 		.string	"DisableAllImask"
 1187      626C6541 
 1187      6C6C496D 
 1187      61736B00 
 1188 0db2 01       		.byte	0x1
 1189 0db3 3304     		.uahalf	0x433
 1190 0db5 C00E0000 		.uaword	0xec0
 1191 0db9 02       		.byte	0x2
 1192 0dba 23       		.byte	0x23
 1193 0dbb 00       		.uleb128 0
 1194 0dbc 0D       		.uleb128 0xd
 1195 0dbd 53757370 		.string	"SuspendAllImask"
 1195      656E6441 
 1195      6C6C496D 
 1195      61736B00 
 1196 0dcd 01       		.byte	0x1
 1197 0dce 3404     		.uahalf	0x434
 1198 0dd0 C00E0000 		.uaword	0xec0
 1199 0dd4 02       		.byte	0x2
 1200 0dd5 23       		.byte	0x23
 1201 0dd6 04       		.uleb128 0x4
 1202 0dd7 0D       		.uleb128 0xd
 1203 0dd8 53757370 		.string	"SuspendOSImask"
 1203      656E644F 
 1203      53496D61 
 1203      736B00
 1204 0de7 01       		.byte	0x1
 1205 0de8 3504     		.uahalf	0x435
 1206 0dea C00E0000 		.uaword	0xec0
 1207 0dee 02       		.byte	0x2
 1208 0def 23       		.byte	0x23
 1209 0df0 08       		.uleb128 0x8
 1210 0df1 0D       		.uleb128 0xd
 1211 0df2 44697361 		.string	"DisableAllCount"
 1211      626C6541 
 1211      6C6C436F 
 1211      756E7400 
 1212 0e02 01       		.byte	0x1
 1213 0e03 3604     		.uahalf	0x436
 1214 0e05 C50E0000 		.uaword	0xec5
 1215 0e09 02       		.byte	0x2
 1216 0e0a 23       		.byte	0x23
GAS Infineon TriCore Little Endian C:\\Users\\user1\\AppData\\Local\\Temp\\rta_RTAOS_638388406317960277_1736001\\cctyU0ku.s 			page 28


 1217 0e0b 0C       		.uleb128 0xc
 1218 0e0c 0D       		.uleb128 0xd
 1219 0e0d 53757370 		.string	"SuspendAllCount"
 1219      656E6441 
 1219      6C6C436F 
 1219      756E7400 
 1220 0e1d 01       		.byte	0x1
 1221 0e1e 3704     		.uahalf	0x437
 1222 0e20 C50E0000 		.uaword	0xec5
 1223 0e24 02       		.byte	0x2
 1224 0e25 23       		.byte	0x23
 1225 0e26 10       		.uleb128 0x10
 1226 0e27 0D       		.uleb128 0xd
 1227 0e28 53757370 		.string	"SuspendOSCount"
 1227      656E644F 
 1227      53436F75 
 1227      6E7400
 1228 0e37 01       		.byte	0x1
 1229 0e38 3804     		.uahalf	0x438
 1230 0e3a C50E0000 		.uaword	0xec5
 1231 0e3e 02       		.byte	0x2
 1232 0e3f 23       		.byte	0x23
 1233 0e40 14       		.uleb128 0x14
 1234 0e41 0D       		.uleb128 0xd
 1235 0e42 4F727469 		.string	"OrtiApiID"
 1235      41706949 
 1235      4400
 1236 0e4c 01       		.byte	0x1
 1237 0e4d 3904     		.uahalf	0x439
 1238 0e4f CA0E0000 		.uaword	0xeca
 1239 0e53 02       		.byte	0x2
 1240 0e54 23       		.byte	0x23
 1241 0e55 18       		.uleb128 0x18
 1242 0e56 0D       		.uleb128 0xd
 1243 0e57 4F727469 		.string	"OrtiLastError"
 1243      4C617374 
 1243      4572726F 
 1243      7200
 1244 0e65 01       		.byte	0x1
 1245 0e66 3A04     		.uahalf	0x43a
 1246 0e68 50020000 		.uaword	0x250
 1247 0e6c 02       		.byte	0x2
 1248 0e6d 23       		.byte	0x23
 1249 0e6e 19       		.uleb128 0x19
 1250 0e6f 0D       		.uleb128 0xd
 1251 0e70 52657374 		.string	"RestartJumpBuf"
 1251      6172744A 
 1251      756D7042 
 1251      756600
 1252 0e7f 01       		.byte	0x1
 1253 0e80 3B04     		.uahalf	0x43b
 1254 0e82 02030000 		.uaword	0x302
 1255 0e86 02       		.byte	0x2
 1256 0e87 23       		.byte	0x23
 1257 0e88 1C       		.uleb128 0x1c
 1258 0e89 0D       		.uleb128 0xd
 1259 0e8a 52657374 		.string	"Restartable"
GAS Infineon TriCore Little Endian C:\\Users\\user1\\AppData\\Local\\Temp\\rta_RTAOS_638388406317960277_1736001\\cctyU0ku.s 			page 29


 1259      61727461 
 1259      626C6500 
 1260 0e96 01       		.byte	0x1
 1261 0e97 3C04     		.uahalf	0x43c
 1262 0e99 41020000 		.uaword	0x241
 1263 0e9d 02       		.byte	0x2
 1264 0e9e 23       		.byte	0x23
 1265 0e9f 60       		.uleb128 0x60
 1266 0ea0 0D       		.uleb128 0xd
 1267 0ea1 4C617374 		.string	"LastProtectionFault"
 1267      50726F74 
 1267      65637469 
 1267      6F6E4661 
 1267      756C7400 
 1268 0eb5 01       		.byte	0x1
 1269 0eb6 3D04     		.uahalf	0x43d
 1270 0eb8 50020000 		.uaword	0x250
 1271 0ebc 02       		.byte	0x2
 1272 0ebd 23       		.byte	0x23
 1273 0ebe 61       		.uleb128 0x61
 1274 0ebf 00       		.byte	0
 1275 0ec0 0B       		.uleb128 0xb
 1276 0ec1 10070000 		.uaword	0x710
 1277 0ec5 0B       		.uleb128 0xb
 1278 0ec6 C2010000 		.uaword	0x1c2
 1279 0eca 0B       		.uleb128 0xb
 1280 0ecb 350D0000 		.uaword	0xd35
 1281 0ecf 0A       		.uleb128 0xa
 1282 0ed0 4F735F41 		.string	"Os_AnyCoreType"
 1282      6E79436F 
 1282      72655479 
 1282      706500
 1283 0edf 01       		.byte	0x1
 1284 0ee0 3E04     		.uahalf	0x43e
 1285 0ee2 870D0000 		.uaword	0xd87
 1286 0ee6 0C       		.uleb128 0xc
 1287 0ee7 4F735F43 		.string	"Os_CoreConfiguration_s"
 1287      6F726543 
 1287      6F6E6669 
 1287      67757261 
 1287      74696F6E 
 1288 0efe 18       		.byte	0x18
 1289 0eff 01       		.byte	0x1
 1290 0f00 4904     		.uahalf	0x449
 1291 0f02 800F0000 		.uaword	0xf80
 1292 0f06 0D       		.uleb128 0xd
 1293 0f07 636F6E74 		.string	"controlled"
 1293      726F6C6C 
 1293      656400
 1294 0f12 01       		.byte	0x1
 1295 0f13 4A04     		.uahalf	0x44a
 1296 0f15 800F0000 		.uaword	0xf80
 1297 0f19 02       		.byte	0x2
 1298 0f1a 23       		.byte	0x23
 1299 0f1b 00       		.uleb128 0
 1300 0f1c 0D       		.uleb128 0xd
 1301 0f1d 616E7900 		.string	"any"
GAS Infineon TriCore Little Endian C:\\Users\\user1\\AppData\\Local\\Temp\\rta_RTAOS_638388406317960277_1736001\\cctyU0ku.s 			page 30


 1302 0f21 01       		.byte	0x1
 1303 0f22 4B04     		.uahalf	0x44b
 1304 0f24 8B0F0000 		.uaword	0xf8b
 1305 0f28 02       		.byte	0x2
 1306 0f29 23       		.byte	0x23
 1307 0f2a 04       		.uleb128 0x4
 1308 0f2b 0D       		.uleb128 0xd
 1309 0f2c 73746174 		.string	"state"
 1309      6500
 1310 0f32 01       		.byte	0x1
 1311 0f33 4C04     		.uahalf	0x44c
 1312 0f35 960F0000 		.uaword	0xf96
 1313 0f39 02       		.byte	0x2
 1314 0f3a 23       		.byte	0x23
 1315 0f3b 08       		.uleb128 0x8
 1316 0f3c 0D       		.uleb128 0xd
 1317 0f3d 64697370 		.string	"dispatch"
 1317      61746368 
 1317      00
 1318 0f46 01       		.byte	0x1
 1319 0f47 4D04     		.uahalf	0x44d
 1320 0f49 B2030000 		.uaword	0x3b2
 1321 0f4d 02       		.byte	0x2
 1322 0f4e 23       		.byte	0x23
 1323 0f4f 0C       		.uleb128 0xc
 1324 0f50 0D       		.uleb128 0xd
 1325 0f51 4F735F52 		.string	"Os_Res_Scheduler"
 1325      65735F53 
 1325      63686564 
 1325      756C6572 
 1325      00
 1326 0f62 01       		.byte	0x1
 1327 0f63 4E04     		.uahalf	0x44e
 1328 0f65 580C0000 		.uaword	0xc58
 1329 0f69 02       		.byte	0x2
 1330 0f6a 23       		.byte	0x23
 1331 0f6b 10       		.uleb128 0x10
 1332 0f6c 0D       		.uleb128 0xd
 1333 0f6d 636F7265 		.string	"core_id"
 1333      5F696400 
 1334 0f75 01       		.byte	0x1
 1335 0f76 4F04     		.uahalf	0x44f
 1336 0f78 6C040000 		.uaword	0x46c
 1337 0f7c 02       		.byte	0x2
 1338 0f7d 23       		.byte	0x23
 1339 0f7e 14       		.uleb128 0x14
 1340 0f7f 00       		.byte	0
 1341 0f80 0F       		.uleb128 0xf
 1342 0f81 850F0000 		.uaword	0xf85
 1343 0f85 08       		.uleb128 0x8
 1344 0f86 04       		.byte	0x4
 1345 0f87 690D0000 		.uaword	0xd69
 1346 0f8b 0F       		.uleb128 0xf
 1347 0f8c 900F0000 		.uaword	0xf90
 1348 0f90 08       		.uleb128 0x8
 1349 0f91 04       		.byte	0x4
 1350 0f92 CF0E0000 		.uaword	0xecf
GAS Infineon TriCore Little Endian C:\\Users\\user1\\AppData\\Local\\Temp\\rta_RTAOS_638388406317960277_1736001\\cctyU0ku.s 			page 31


 1351 0f96 0F       		.uleb128 0xf
 1352 0f97 9B0F0000 		.uaword	0xf9b
 1353 0f9b 08       		.uleb128 0x8
 1354 0f9c 04       		.byte	0x4
 1355 0f9d A10F0000 		.uaword	0xfa1
 1356 0fa1 0B       		.uleb128 0xb
 1357 0fa2 04040000 		.uaword	0x404
 1358 0fa6 0A       		.uleb128 0xa
 1359 0fa7 4F735F43 		.string	"Os_CoreConfiguration"
 1359      6F726543 
 1359      6F6E6669 
 1359      67757261 
 1359      74696F6E 
 1360 0fbc 01       		.byte	0x1
 1361 0fbd 5004     		.uahalf	0x450
 1362 0fbf E60E0000 		.uaword	0xee6
 1363 0fc3 14       		.uleb128 0x14
 1364 0fc4 01       		.byte	0x1
 1365 0fc5 4F735F47 		.string	"Os_GetCurrentTPL"
 1365      65744375 
 1365      7272656E 
 1365      7454504C 
 1365      00
 1366 0fd6 01       		.byte	0x1
 1367 0fd7 5605     		.uahalf	0x556
 1368 0fd9 01       		.byte	0x1
 1369 0fda C2010000 		.uaword	0x1c2
 1370 0fde 00000000 		.uaword	.LFB0
 1371 0fe2 00000000 		.uaword	.LFE0
 1372 0fe6 02       		.byte	0x2
 1373 0fe7 8A       		.byte	0x8a
 1374 0fe8 00       		.sleb128 0
 1375 0fe9 01       		.byte	0x1
 1376 0fea 8A100000 		.uaword	0x108a
 1377 0fee 15       		.uleb128 0x15
 1378 0fef 72657400 		.string	"ret"
 1379 0ff3 01       		.byte	0x1
 1380 0ff4 5705     		.uahalf	0x557
 1381 0ff6 C2010000 		.uaword	0x1c2
 1382 0ffa 00000000 		.uaword	.LLST0
 1383 0ffe 16       		.uleb128 0x16
 1384 0fff 6F735F63 		.string	"os_current_core_const"
 1384      75727265 
 1384      6E745F63 
 1384      6F72655F 
 1384      636F6E73 
 1385 1015 01       		.byte	0x1
 1386 1016 5805     		.uahalf	0x558
 1387 1018 8A100000 		.uaword	0x108a
 1388 101c 17       		.uleb128 0x17
 1389 101d 6F735F63 		.string	"os_current_core"
 1389      75727265 
 1389      6E745F63 
 1389      6F726500 
 1390 102d 01       		.byte	0x1
 1391 102e 5905     		.uahalf	0x559
 1392 1030 900F0000 		.uaword	0xf90
GAS Infineon TriCore Little Endian C:\\Users\\user1\\AppData\\Local\\Temp\\rta_RTAOS_638388406317960277_1736001\\cctyU0ku.s 			page 32


 1393 1034 01       		.byte	0x1
 1394 1035 6F       		.byte	0x6f
 1395 1036 15       		.uleb128 0x15
 1396 1037 70726576 		.string	"previous_tmask"
 1396      696F7573 
 1396      5F746D61 
 1396      736B00
 1397 1046 01       		.byte	0x1
 1398 1047 5A05     		.uahalf	0x55a
 1399 1049 F0030000 		.uaword	0x3f0
 1400 104d 00000000 		.uaword	.LLST1
 1401 1051 18       		.uleb128 0x18
 1402 1052 00000000 		.uaword	.LBB2
 1403 1056 00000000 		.uaword	.LBE2
 1404 105a 6F100000 		.uaword	0x106f
 1405 105e 15       		.uleb128 0x15
 1406 105f 72657300 		.string	"res"
 1407 1063 01       		.byte	0x1
 1408 1064 5805     		.uahalf	0x558
 1409 1066 D0010000 		.uaword	0x1d0
 1410 106a 00000000 		.uaword	.LLST2
 1411 106e 00       		.byte	0
 1412 106f 19       		.uleb128 0x19
 1413 1070 00000000 		.uaword	.LBB3
 1414 1074 00000000 		.uaword	.LBE3
 1415 1078 15       		.uleb128 0x15
 1416 1079 72657300 		.string	"res"
 1417 107d 01       		.byte	0x1
 1418 107e 5A05     		.uahalf	0x55a
 1419 1080 D0010000 		.uaword	0x1d0
 1420 1084 00000000 		.uaword	.LLST1
 1421 1088 00       		.byte	0
 1422 1089 00       		.byte	0
 1423 108a 08       		.uleb128 0x8
 1424 108b 04       		.byte	0x4
 1425 108c 90100000 		.uaword	0x1090
 1426 1090 0F       		.uleb128 0xf
 1427 1091 A60F0000 		.uaword	0xfa6
 1428 1095 06       		.uleb128 0x6
 1429 1096 690D0000 		.uaword	0xd69
 1430 109a A0100000 		.uaword	0x10a0
 1431 109e 1A       		.uleb128 0x1a
 1432 109f 00       		.byte	0
 1433 10a0 1B       		.uleb128 0x1b
 1434 10a1 4F735F43 		.string	"Os_ControlledCoreInfo"
 1434      6F6E7472 
 1434      6F6C6C65 
 1434      64436F72 
 1434      65496E66 
 1435 10b7 01       		.byte	0x1
 1436 10b8 6604     		.uahalf	0x466
 1437 10ba 95100000 		.uaword	0x1095
 1438 10be 01       		.byte	0x1
 1439 10bf 01       		.byte	0x1
 1440 10c0 06       		.uleb128 0x6
 1441 10c1 A60F0000 		.uaword	0xfa6
 1442 10c5 CB100000 		.uaword	0x10cb
GAS Infineon TriCore Little Endian C:\\Users\\user1\\AppData\\Local\\Temp\\rta_RTAOS_638388406317960277_1736001\\cctyU0ku.s 			page 33


 1443 10c9 1A       		.uleb128 0x1a
 1444 10ca 00       		.byte	0
 1445 10cb 1B       		.uleb128 0x1b
 1446 10cc 4F735F63 		.string	"Os_const_coreconfiguration"
 1446      6F6E7374 
 1446      5F636F72 
 1446      65636F6E 
 1446      66696775 
 1447 10e7 01       		.byte	0x1
 1448 10e8 6A04     		.uahalf	0x46a
 1449 10ea F0100000 		.uaword	0x10f0
 1450 10ee 01       		.byte	0x1
 1451 10ef 01       		.byte	0x1
 1452 10f0 0F       		.uleb128 0xf
 1453 10f1 C0100000 		.uaword	0x10c0
 1454 10f5 00       		.byte	0
 1455              	.section .debug_abbrev,"",@progbits
 1456              	.Ldebug_abbrev0:
 1457 0000 01       		.uleb128 0x1
 1458 0001 11       		.uleb128 0x11
 1459 0002 01       		.byte	0x1
 1460 0003 25       		.uleb128 0x25
 1461 0004 08       		.uleb128 0x8
 1462 0005 13       		.uleb128 0x13
 1463 0006 0B       		.uleb128 0xb
 1464 0007 03       		.uleb128 0x3
 1465 0008 08       		.uleb128 0x8
 1466 0009 55       		.uleb128 0x55
 1467 000a 06       		.uleb128 0x6
 1468 000b 11       		.uleb128 0x11
 1469 000c 01       		.uleb128 0x1
 1470 000d 52       		.uleb128 0x52
 1471 000e 01       		.uleb128 0x1
 1472 000f 10       		.uleb128 0x10
 1473 0010 06       		.uleb128 0x6
 1474 0011 00       		.byte	0
 1475 0012 00       		.byte	0
 1476 0013 02       		.uleb128 0x2
 1477 0014 16       		.uleb128 0x16
 1478 0015 00       		.byte	0
 1479 0016 03       		.uleb128 0x3
 1480 0017 08       		.uleb128 0x8
 1481 0018 3A       		.uleb128 0x3a
 1482 0019 0B       		.uleb128 0xb
 1483 001a 3B       		.uleb128 0x3b
 1484 001b 0B       		.uleb128 0xb
 1485 001c 49       		.uleb128 0x49
 1486 001d 13       		.uleb128 0x13
 1487 001e 00       		.byte	0
 1488 001f 00       		.byte	0
 1489 0020 03       		.uleb128 0x3
 1490 0021 24       		.uleb128 0x24
 1491 0022 00       		.byte	0
 1492 0023 0B       		.uleb128 0xb
 1493 0024 0B       		.uleb128 0xb
 1494 0025 3E       		.uleb128 0x3e
 1495 0026 0B       		.uleb128 0xb
GAS Infineon TriCore Little Endian C:\\Users\\user1\\AppData\\Local\\Temp\\rta_RTAOS_638388406317960277_1736001\\cctyU0ku.s 			page 34


 1496 0027 03       		.uleb128 0x3
 1497 0028 08       		.uleb128 0x8
 1498 0029 00       		.byte	0
 1499 002a 00       		.byte	0
 1500 002b 04       		.uleb128 0x4
 1501 002c 13       		.uleb128 0x13
 1502 002d 01       		.byte	0x1
 1503 002e 0B       		.uleb128 0xb
 1504 002f 0B       		.uleb128 0xb
 1505 0030 3A       		.uleb128 0x3a
 1506 0031 0B       		.uleb128 0xb
 1507 0032 3B       		.uleb128 0x3b
 1508 0033 0B       		.uleb128 0xb
 1509 0034 01       		.uleb128 0x1
 1510 0035 13       		.uleb128 0x13
 1511 0036 00       		.byte	0
 1512 0037 00       		.byte	0
 1513 0038 05       		.uleb128 0x5
 1514 0039 0D       		.uleb128 0xd
 1515 003a 00       		.byte	0
 1516 003b 03       		.uleb128 0x3
 1517 003c 08       		.uleb128 0x8
 1518 003d 3A       		.uleb128 0x3a
 1519 003e 0B       		.uleb128 0xb
 1520 003f 3B       		.uleb128 0x3b
 1521 0040 0B       		.uleb128 0xb
 1522 0041 49       		.uleb128 0x49
 1523 0042 13       		.uleb128 0x13
 1524 0043 38       		.uleb128 0x38
 1525 0044 0A       		.uleb128 0xa
 1526 0045 00       		.byte	0
 1527 0046 00       		.byte	0
 1528 0047 06       		.uleb128 0x6
 1529 0048 01       		.uleb128 0x1
 1530 0049 01       		.byte	0x1
 1531 004a 49       		.uleb128 0x49
 1532 004b 13       		.uleb128 0x13
 1533 004c 01       		.uleb128 0x1
 1534 004d 13       		.uleb128 0x13
 1535 004e 00       		.byte	0
 1536 004f 00       		.byte	0
 1537 0050 07       		.uleb128 0x7
 1538 0051 21       		.uleb128 0x21
 1539 0052 00       		.byte	0
 1540 0053 49       		.uleb128 0x49
 1541 0054 13       		.uleb128 0x13
 1542 0055 2F       		.uleb128 0x2f
 1543 0056 0B       		.uleb128 0xb
 1544 0057 00       		.byte	0
 1545 0058 00       		.byte	0
 1546 0059 08       		.uleb128 0x8
 1547 005a 0F       		.uleb128 0xf
 1548 005b 00       		.byte	0
 1549 005c 0B       		.uleb128 0xb
 1550 005d 0B       		.uleb128 0xb
 1551 005e 49       		.uleb128 0x49
 1552 005f 13       		.uleb128 0x13
GAS Infineon TriCore Little Endian C:\\Users\\user1\\AppData\\Local\\Temp\\rta_RTAOS_638388406317960277_1736001\\cctyU0ku.s 			page 35


 1553 0060 00       		.byte	0
 1554 0061 00       		.byte	0
 1555 0062 09       		.uleb128 0x9
 1556 0063 15       		.uleb128 0x15
 1557 0064 00       		.byte	0
 1558 0065 27       		.uleb128 0x27
 1559 0066 0C       		.uleb128 0xc
 1560 0067 00       		.byte	0
 1561 0068 00       		.byte	0
 1562 0069 0A       		.uleb128 0xa
 1563 006a 16       		.uleb128 0x16
 1564 006b 00       		.byte	0
 1565 006c 03       		.uleb128 0x3
 1566 006d 08       		.uleb128 0x8
 1567 006e 3A       		.uleb128 0x3a
 1568 006f 0B       		.uleb128 0xb
 1569 0070 3B       		.uleb128 0x3b
 1570 0071 05       		.uleb128 0x5
 1571 0072 49       		.uleb128 0x49
 1572 0073 13       		.uleb128 0x13
 1573 0074 00       		.byte	0
 1574 0075 00       		.byte	0
 1575 0076 0B       		.uleb128 0xb
 1576 0077 35       		.uleb128 0x35
 1577 0078 00       		.byte	0
 1578 0079 49       		.uleb128 0x49
 1579 007a 13       		.uleb128 0x13
 1580 007b 00       		.byte	0
 1581 007c 00       		.byte	0
 1582 007d 0C       		.uleb128 0xc
 1583 007e 13       		.uleb128 0x13
 1584 007f 01       		.byte	0x1
 1585 0080 03       		.uleb128 0x3
 1586 0081 08       		.uleb128 0x8
 1587 0082 0B       		.uleb128 0xb
 1588 0083 0B       		.uleb128 0xb
 1589 0084 3A       		.uleb128 0x3a
 1590 0085 0B       		.uleb128 0xb
 1591 0086 3B       		.uleb128 0x3b
 1592 0087 05       		.uleb128 0x5
 1593 0088 01       		.uleb128 0x1
 1594 0089 13       		.uleb128 0x13
 1595 008a 00       		.byte	0
 1596 008b 00       		.byte	0
 1597 008c 0D       		.uleb128 0xd
 1598 008d 0D       		.uleb128 0xd
 1599 008e 00       		.byte	0
 1600 008f 03       		.uleb128 0x3
 1601 0090 08       		.uleb128 0x8
 1602 0091 3A       		.uleb128 0x3a
 1603 0092 0B       		.uleb128 0xb
 1604 0093 3B       		.uleb128 0x3b
 1605 0094 05       		.uleb128 0x5
 1606 0095 49       		.uleb128 0x49
 1607 0096 13       		.uleb128 0x13
 1608 0097 38       		.uleb128 0x38
 1609 0098 0A       		.uleb128 0xa
GAS Infineon TriCore Little Endian C:\\Users\\user1\\AppData\\Local\\Temp\\rta_RTAOS_638388406317960277_1736001\\cctyU0ku.s 			page 36


 1610 0099 00       		.byte	0
 1611 009a 00       		.byte	0
 1612 009b 0E       		.uleb128 0xe
 1613 009c 0D       		.uleb128 0xd
 1614 009d 00       		.byte	0
 1615 009e 03       		.uleb128 0x3
 1616 009f 0E       		.uleb128 0xe
 1617 00a0 3A       		.uleb128 0x3a
 1618 00a1 0B       		.uleb128 0xb
 1619 00a2 3B       		.uleb128 0x3b
 1620 00a3 05       		.uleb128 0x5
 1621 00a4 49       		.uleb128 0x49
 1622 00a5 13       		.uleb128 0x13
 1623 00a6 38       		.uleb128 0x38
 1624 00a7 0A       		.uleb128 0xa
 1625 00a8 00       		.byte	0
 1626 00a9 00       		.byte	0
 1627 00aa 0F       		.uleb128 0xf
 1628 00ab 26       		.uleb128 0x26
 1629 00ac 00       		.byte	0
 1630 00ad 49       		.uleb128 0x49
 1631 00ae 13       		.uleb128 0x13
 1632 00af 00       		.byte	0
 1633 00b0 00       		.byte	0
 1634 00b1 10       		.uleb128 0x10
 1635 00b2 17       		.uleb128 0x17
 1636 00b3 01       		.byte	0x1
 1637 00b4 0B       		.uleb128 0xb
 1638 00b5 0B       		.uleb128 0xb
 1639 00b6 3A       		.uleb128 0x3a
 1640 00b7 0B       		.uleb128 0xb
 1641 00b8 3B       		.uleb128 0x3b
 1642 00b9 05       		.uleb128 0x5
 1643 00ba 01       		.uleb128 0x1
 1644 00bb 13       		.uleb128 0x13
 1645 00bc 00       		.byte	0
 1646 00bd 00       		.byte	0
 1647 00be 11       		.uleb128 0x11
 1648 00bf 0D       		.uleb128 0xd
 1649 00c0 00       		.byte	0
 1650 00c1 03       		.uleb128 0x3
 1651 00c2 08       		.uleb128 0x8
 1652 00c3 3A       		.uleb128 0x3a
 1653 00c4 0B       		.uleb128 0xb
 1654 00c5 3B       		.uleb128 0x3b
 1655 00c6 05       		.uleb128 0x5
 1656 00c7 49       		.uleb128 0x49
 1657 00c8 13       		.uleb128 0x13
 1658 00c9 00       		.byte	0
 1659 00ca 00       		.byte	0
 1660 00cb 12       		.uleb128 0x12
 1661 00cc 0D       		.uleb128 0xd
 1662 00cd 00       		.byte	0
 1663 00ce 03       		.uleb128 0x3
 1664 00cf 0E       		.uleb128 0xe
 1665 00d0 3A       		.uleb128 0x3a
 1666 00d1 0B       		.uleb128 0xb
GAS Infineon TriCore Little Endian C:\\Users\\user1\\AppData\\Local\\Temp\\rta_RTAOS_638388406317960277_1736001\\cctyU0ku.s 			page 37


 1667 00d2 3B       		.uleb128 0x3b
 1668 00d3 05       		.uleb128 0x5
 1669 00d4 49       		.uleb128 0x49
 1670 00d5 13       		.uleb128 0x13
 1671 00d6 00       		.byte	0
 1672 00d7 00       		.byte	0
 1673 00d8 13       		.uleb128 0x13
 1674 00d9 13       		.uleb128 0x13
 1675 00da 01       		.byte	0x1
 1676 00db 0B       		.uleb128 0xb
 1677 00dc 0B       		.uleb128 0xb
 1678 00dd 3A       		.uleb128 0x3a
 1679 00de 0B       		.uleb128 0xb
 1680 00df 3B       		.uleb128 0x3b
 1681 00e0 05       		.uleb128 0x5
 1682 00e1 01       		.uleb128 0x1
 1683 00e2 13       		.uleb128 0x13
 1684 00e3 00       		.byte	0
 1685 00e4 00       		.byte	0
 1686 00e5 14       		.uleb128 0x14
 1687 00e6 2E       		.uleb128 0x2e
 1688 00e7 01       		.byte	0x1
 1689 00e8 3F       		.uleb128 0x3f
 1690 00e9 0C       		.uleb128 0xc
 1691 00ea 03       		.uleb128 0x3
 1692 00eb 08       		.uleb128 0x8
 1693 00ec 3A       		.uleb128 0x3a
 1694 00ed 0B       		.uleb128 0xb
 1695 00ee 3B       		.uleb128 0x3b
 1696 00ef 05       		.uleb128 0x5
 1697 00f0 27       		.uleb128 0x27
 1698 00f1 0C       		.uleb128 0xc
 1699 00f2 49       		.uleb128 0x49
 1700 00f3 13       		.uleb128 0x13
 1701 00f4 11       		.uleb128 0x11
 1702 00f5 01       		.uleb128 0x1
 1703 00f6 12       		.uleb128 0x12
 1704 00f7 01       		.uleb128 0x1
 1705 00f8 40       		.uleb128 0x40
 1706 00f9 0A       		.uleb128 0xa
 1707 00fa 9742     		.uleb128 0x2117
 1708 00fc 0C       		.uleb128 0xc
 1709 00fd 01       		.uleb128 0x1
 1710 00fe 13       		.uleb128 0x13
 1711 00ff 00       		.byte	0
 1712 0100 00       		.byte	0
 1713 0101 15       		.uleb128 0x15
 1714 0102 34       		.uleb128 0x34
 1715 0103 00       		.byte	0
 1716 0104 03       		.uleb128 0x3
 1717 0105 08       		.uleb128 0x8
 1718 0106 3A       		.uleb128 0x3a
 1719 0107 0B       		.uleb128 0xb
 1720 0108 3B       		.uleb128 0x3b
 1721 0109 05       		.uleb128 0x5
 1722 010a 49       		.uleb128 0x49
 1723 010b 13       		.uleb128 0x13
GAS Infineon TriCore Little Endian C:\\Users\\user1\\AppData\\Local\\Temp\\rta_RTAOS_638388406317960277_1736001\\cctyU0ku.s 			page 38


 1724 010c 02       		.uleb128 0x2
 1725 010d 06       		.uleb128 0x6
 1726 010e 00       		.byte	0
 1727 010f 00       		.byte	0
 1728 0110 16       		.uleb128 0x16
 1729 0111 34       		.uleb128 0x34
 1730 0112 00       		.byte	0
 1731 0113 03       		.uleb128 0x3
 1732 0114 08       		.uleb128 0x8
 1733 0115 3A       		.uleb128 0x3a
 1734 0116 0B       		.uleb128 0xb
 1735 0117 3B       		.uleb128 0x3b
 1736 0118 05       		.uleb128 0x5
 1737 0119 49       		.uleb128 0x49
 1738 011a 13       		.uleb128 0x13
 1739 011b 00       		.byte	0
 1740 011c 00       		.byte	0
 1741 011d 17       		.uleb128 0x17
 1742 011e 34       		.uleb128 0x34
 1743 011f 00       		.byte	0
 1744 0120 03       		.uleb128 0x3
 1745 0121 08       		.uleb128 0x8
 1746 0122 3A       		.uleb128 0x3a
 1747 0123 0B       		.uleb128 0xb
 1748 0124 3B       		.uleb128 0x3b
 1749 0125 05       		.uleb128 0x5
 1750 0126 49       		.uleb128 0x49
 1751 0127 13       		.uleb128 0x13
 1752 0128 02       		.uleb128 0x2
 1753 0129 0A       		.uleb128 0xa
 1754 012a 00       		.byte	0
 1755 012b 00       		.byte	0
 1756 012c 18       		.uleb128 0x18
 1757 012d 0B       		.uleb128 0xb
 1758 012e 01       		.byte	0x1
 1759 012f 11       		.uleb128 0x11
 1760 0130 01       		.uleb128 0x1
 1761 0131 12       		.uleb128 0x12
 1762 0132 01       		.uleb128 0x1
 1763 0133 01       		.uleb128 0x1
 1764 0134 13       		.uleb128 0x13
 1765 0135 00       		.byte	0
 1766 0136 00       		.byte	0
 1767 0137 19       		.uleb128 0x19
 1768 0138 0B       		.uleb128 0xb
 1769 0139 01       		.byte	0x1
 1770 013a 11       		.uleb128 0x11
 1771 013b 01       		.uleb128 0x1
 1772 013c 12       		.uleb128 0x12
 1773 013d 01       		.uleb128 0x1
 1774 013e 00       		.byte	0
 1775 013f 00       		.byte	0
 1776 0140 1A       		.uleb128 0x1a
 1777 0141 21       		.uleb128 0x21
 1778 0142 00       		.byte	0
 1779 0143 00       		.byte	0
 1780 0144 00       		.byte	0
GAS Infineon TriCore Little Endian C:\\Users\\user1\\AppData\\Local\\Temp\\rta_RTAOS_638388406317960277_1736001\\cctyU0ku.s 			page 39


 1781 0145 1B       		.uleb128 0x1b
 1782 0146 34       		.uleb128 0x34
 1783 0147 00       		.byte	0
 1784 0148 03       		.uleb128 0x3
 1785 0149 08       		.uleb128 0x8
 1786 014a 3A       		.uleb128 0x3a
 1787 014b 0B       		.uleb128 0xb
 1788 014c 3B       		.uleb128 0x3b
 1789 014d 05       		.uleb128 0x5
 1790 014e 49       		.uleb128 0x49
 1791 014f 13       		.uleb128 0x13
 1792 0150 3F       		.uleb128 0x3f
 1793 0151 0C       		.uleb128 0xc
 1794 0152 3C       		.uleb128 0x3c
 1795 0153 0C       		.uleb128 0xc
 1796 0154 00       		.byte	0
 1797 0155 00       		.byte	0
 1798 0156 00       		.byte	0
 1799              	.section .debug_loc,"",@progbits
 1800              	.Ldebug_loc0:
 1801              	.LLST0:
 1802 0000 00000000 		.uaword	.LVL4
 1803 0004 00000000 		.uaword	.LVL5
 1804 0008 0100     		.uahalf	0x1
 1805 000a 52       		.byte	0x52
 1806 000b 00000000 		.uaword	.LVL6
 1807 000f 00000000 		.uaword	.LVL7
 1808 0013 0100     		.uahalf	0x1
 1809 0015 52       		.byte	0x52
 1810 0016 00000000 		.uaword	.LVL8
 1811 001a 00000000 		.uaword	.LVL9
 1812 001e 0100     		.uahalf	0x1
 1813 0020 52       		.byte	0x52
 1814 0021 00000000 		.uaword	.LVL10
 1815 0025 00000000 		.uaword	.LFE0
 1816 0029 0100     		.uahalf	0x1
 1817 002b 52       		.byte	0x52
 1818 002c 00000000 		.uaword	0
 1819 0030 00000000 		.uaword	0
 1820              	.LLST1:
 1821 0034 00000000 		.uaword	.LVL2
 1822 0038 00000000 		.uaword	.LVL3
 1823 003c 0100     		.uahalf	0x1
 1824 003e 5F       		.byte	0x5f
 1825 003f 00000000 		.uaword	0
 1826 0043 00000000 		.uaword	0
 1827              	.LLST2:
 1828 0047 00000000 		.uaword	.LVL0
 1829 004b 00000000 		.uaword	.LVL2
 1830 004f 0100     		.uahalf	0x1
 1831 0051 5F       		.byte	0x5f
 1832 0052 00000000 		.uaword	0
 1833 0056 00000000 		.uaword	0
 1834              	.section .debug_aranges,"",@progbits
 1835 0000 1C000000 		.uaword	0x1c
 1836 0004 0200     		.uahalf	0x2
 1837 0006 00000000 		.uaword	.Ldebug_info0
GAS Infineon TriCore Little Endian C:\\Users\\user1\\AppData\\Local\\Temp\\rta_RTAOS_638388406317960277_1736001\\cctyU0ku.s 			page 40


 1838 000a 04       		.byte	0x4
 1839 000b 00       		.byte	0
 1840 000c 0000     		.uahalf	0
 1841 000e 0000     		.uahalf	0
 1842 0010 00000000 		.uaword	.LFB0
 1843 0014 B4000000 		.uaword	.LFE0-.LFB0
 1844 0018 00000000 		.uaword	0
 1845 001c 00000000 		.uaword	0
 1846              	.section .debug_ranges,"",@progbits
 1847              	.Ldebug_ranges0:
 1848 0000 00000000 		.uaword	.LFB0
 1849 0004 00000000 		.uaword	.LFE0
 1850 0008 00000000 		.uaword	0
 1851 000c 00000000 		.uaword	0
 1852              	.section .debug_line,"",@progbits
 1853              	.Ldebug_line0:
 1854 0000 AF010000 	.section .debug_str,"",@progbits
 1854      02001601 
 1854      00000201 
 1854      FB0E0D00 
 1854      01010101 
 1855              	.LASF4:
 1856 0000 6170706C 		.string	"application"
 1856      69636174 
 1856      696F6E00 
 1857              	.LASF2:
 1858 000c 64796E61 		.string	"dynamic"
 1858      6D696300 
 1859              	.LASF5:
 1860 0014 61637469 		.string	"activation_count"
 1860      76617469 
 1860      6F6E5F63 
 1860      6F756E74 
 1860      00
 1861              	.LASF6:
 1862 0025 74706D61 		.string	"tpmask"
 1862      736B00
 1863              	.LASF1:
 1864 002c 656E7472 		.string	"entry_function"
 1864      795F6675 
 1864      6E637469 
 1864      6F6E00
 1865              	.LASF3:
 1866 003b 61636365 		.string	"access"
 1866      737300
 1867              	.LASF0:
 1868 0042 7265736F 		.string	"resource_count"
 1868      75726365 
 1868      5F636F75 
 1868      6E7400
 1869              		.extern	Os_ControlledCoreInfo,STT_OBJECT,-1
 1870              		.extern	Os_const_coreconfiguration,STT_OBJECT,-1
 1871              		.ident	"GCC: (HighTec Release HDP-v4.9.4.1-11fcedf) 4.9.4 build on 2020-09-01"
