GAS Infineon TriCore Little Endian C:\\Users\\user1\\AppData\\Local\\Temp\\rta_RTAOS_638388406317960277_1736001\\ccUHGVT6.s 			page 1


   1              		.file	"Os_locks.c"
   2              	.section .text,"ax",@progbits
   3              	.Ltext0:
   4              	.section .text.Os_TestAndSet,"ax",@progbits
   5              		.align 1
   6              		.global	Os_TestAndSet
   7              		.type	Os_TestAndSet, @function
   8              	Os_TestAndSet:
   9              	.LFB0:
  10              		.file 1 "C:\\Users\\user1\\AppData\\Local\\Temp\\rta_RTAOS_638388406317960277_1736001\\Os_locks.c"
  11              		.loc 1 2086 0
  12              	.LVL0:
  13              		.loc 1 2087 0
  14              	#APP
  15              		# 2087 "C:\Users\user1\AppData\Local\Temp\rta_RTAOS_638388406317960277_1736001\Os_locks.c" 1
  16 0000 8212     		mov    %d2, 1
  17              		# 0 "" 2
  18              		.loc 1 2088 0
  19              		# 2088 "C:\Users\user1\AppData\Local\Temp\rta_RTAOS_638388406317960277_1736001\Os_locks.c" 1
  20 0002 49420008 		swap.w [%a4]0, %d2
  21              		# 0 "" 2
  22              		.loc 1 2089 0
  23              		# 2089 "C:\Users\user1\AppData\Local\Temp\rta_RTAOS_638388406317960277_1736001\Os_locks.c" 1
  24 0006 F622     		jnz 	  %d2, .NoTSLock
  25              		# 0 "" 2
  26              		.loc 1 2090 0
  27              		# 2090 "C:\Users\user1\AppData\Local\Temp\rta_RTAOS_638388406317960277_1736001\Os_locks.c" 1
  28 0008 0090     		ret
  29              		# 0 "" 2
  30              		.loc 1 2091 0
  31              		# 2091 "C:\Users\user1\AppData\Local\Temp\rta_RTAOS_638388406317960277_1736001\Os_locks.c" 1
  32              		.NoTSLock:
  33              		# 0 "" 2
  34              		.loc 1 2092 0
  35              		# 2092 "C:\Users\user1\AppData\Local\Temp\rta_RTAOS_638388406317960277_1736001\Os_locks.c" 1
  36 000a 0000     		nop
  37              		# 0 "" 2
  38              		.loc 1 2093 0
  39              		# 2093 "C:\Users\user1\AppData\Local\Temp\rta_RTAOS_638388406317960277_1736001\Os_locks.c" 1
  40 000c 0000     		nop
  41              		# 0 "" 2
  42              		.loc 1 2094 0
  43              		# 2094 "C:\Users\user1\AppData\Local\Temp\rta_RTAOS_638388406317960277_1736001\Os_locks.c" 1
  44 000e 0000     		nop
  45              		# 0 "" 2
  46              		.loc 1 2095 0
  47              		# 2095 "C:\Users\user1\AppData\Local\Temp\rta_RTAOS_638388406317960277_1736001\Os_locks.c" 1
  48 0010 0000     		nop
  49              		# 0 "" 2
  50              		.loc 1 2096 0
  51              		# 2096 "C:\Users\user1\AppData\Local\Temp\rta_RTAOS_638388406317960277_1736001\Os_locks.c" 1
  52 0012 0000     		nop
  53              		# 0 "" 2
  54              		.loc 1 2097 0
  55              		# 2097 "C:\Users\user1\AppData\Local\Temp\rta_RTAOS_638388406317960277_1736001\Os_locks.c" 1
  56 0014 0000     		nop
  57              		# 0 "" 2
GAS Infineon TriCore Little Endian C:\\Users\\user1\\AppData\\Local\\Temp\\rta_RTAOS_638388406317960277_1736001\\ccUHGVT6.s 			page 2


  58              		.loc 1 2098 0
  59              		# 2098 "C:\Users\user1\AppData\Local\Temp\rta_RTAOS_638388406317960277_1736001\Os_locks.c" 1
  60 0016 0000     		nop
  61              		# 0 "" 2
  62              		.loc 1 2099 0
  63              		# 2099 "C:\Users\user1\AppData\Local\Temp\rta_RTAOS_638388406317960277_1736001\Os_locks.c" 1
  64 0018 0000     		nop
  65              		# 0 "" 2
  66              		.loc 1 2100 0
  67              		# 2100 "C:\Users\user1\AppData\Local\Temp\rta_RTAOS_638388406317960277_1736001\Os_locks.c" 1
  68 001a 0000     		nop
  69              		# 0 "" 2
  70              		.loc 1 2101 0
  71              		# 2101 "C:\Users\user1\AppData\Local\Temp\rta_RTAOS_638388406317960277_1736001\Os_locks.c" 1
  72 001c 0000     		nop
  73              		# 0 "" 2
  74              		.loc 1 2102 0
  75              		# 2102 "C:\Users\user1\AppData\Local\Temp\rta_RTAOS_638388406317960277_1736001\Os_locks.c" 1
  76 001e 0000     		nop
  77              		# 0 "" 2
  78              		.loc 1 2103 0
  79              		# 2103 "C:\Users\user1\AppData\Local\Temp\rta_RTAOS_638388406317960277_1736001\Os_locks.c" 1
  80 0020 0000     		nop
  81              		# 0 "" 2
  82              		.loc 1 2104 0
  83              		# 2104 "C:\Users\user1\AppData\Local\Temp\rta_RTAOS_638388406317960277_1736001\Os_locks.c" 1
  84 0022 0000     		nop
  85              		# 0 "" 2
  86              		.loc 1 2105 0
  87              		# 2105 "C:\Users\user1\AppData\Local\Temp\rta_RTAOS_638388406317960277_1736001\Os_locks.c" 1
  88 0024 0000     		nop
  89              		# 0 "" 2
  90              		.loc 1 2106 0
  91              		# 2106 "C:\Users\user1\AppData\Local\Temp\rta_RTAOS_638388406317960277_1736001\Os_locks.c" 1
  92 0026 0000     		nop
  93              		# 0 "" 2
  94              		.loc 1 2107 0
  95              		# 2107 "C:\Users\user1\AppData\Local\Temp\rta_RTAOS_638388406317960277_1736001\Os_locks.c" 1
  96 0028 0000     		nop
  97              		# 0 "" 2
  98              		.loc 1 2108 0
  99              		# 2108 "C:\Users\user1\AppData\Local\Temp\rta_RTAOS_638388406317960277_1736001\Os_locks.c" 1
 100 002a 0090     		ret
 101              		# 0 "" 2
 102              		.loc 1 2110 0
 103              	#NO_APP
 104 002c 8202     		mov	%d2, 0
 105 002e 0090     		ret
 106              	.LFE0:
 107              		.size	Os_TestAndSet, .-Os_TestAndSet
 108              	.section .debug_frame,"",@progbits
 109              	.Lframe0:
 110 0000 0C000000 		.uaword	.LECIE0-.LSCIE0
 111              	.LSCIE0:
 112 0004 FFFFFFFF 		.uaword	0xffffffff
 113 0008 01       		.byte	0x1
 114 0009 00       		.string	""
GAS Infineon TriCore Little Endian C:\\Users\\user1\\AppData\\Local\\Temp\\rta_RTAOS_638388406317960277_1736001\\ccUHGVT6.s 			page 3


 115 000a 01       		.uleb128 0x1
 116 000b 01       		.sleb128 1
 117 000c 1B       		.byte	0x1b
 118 000d 0C       		.byte	0xc
 119 000e 1A       		.uleb128 0x1a
 120 000f 00       		.uleb128 0
 121              		.align 2
 122              	.LECIE0:
 123              	.LSFDE0:
 124 0010 0C000000 		.uaword	.LEFDE0-.LASFDE0
 125              	.LASFDE0:
 126 0014 00000000 		.uaword	.Lframe0
 127 0018 00000000 		.uaword	.LFB0
 128 001c 30000000 		.uaword	.LFE0-.LFB0
 129              		.align 2
 130              	.LEFDE0:
 131              	.section .text,"ax",@progbits
 132              	.Letext0:
 133              		.file 2 "D:\\home\\user123\\user\\Mohan6_VectorSIP\\21Dec23\\15Dec23_CAN_merge_21stDec\\25_Softwar
 134              	.section .debug_info,"",@progbits
 135              	.Ldebug_info0:
 136 0000 93020000 		.uaword	0x293
 137 0004 0200     		.uahalf	0x2
 138 0006 00000000 		.uaword	.Ldebug_abbrev0
 139 000a 04       		.byte	0x4
 140 000b 01       		.uleb128 0x1
 141 000c 474E5520 		.ascii	"GNU C 4."
 141      4320342E 
 142 0014 392E3420 		.string	"9.4 build on 2020-09-01 -mlicense-dir=c:\\hightec\\toolchains\\tricore\\v4.9.4.1\\bin\\..
 142      6275696C 
 142      64206F6E 
 142      20323032 
 142      302D3039 
 143 0115 01       		.byte	0x1
 144 0116 433A5C55 		.string	"C:\\Users\\user1\\AppData\\Local\\Temp\\rta_RTAOS_638388406317960277_1736001\\Os_locks.c"
 144      73657273 
 144      5C757365 
 144      72315C41 
 144      70704461 
 145 0168 00000000 		.uaword	.Ldebug_ranges0+0
 146 016c 00000000 		.uaword	0
 147 0170 00000000 		.uaword	0
 148 0174 00000000 		.uaword	.Ldebug_line0
 149 0178 02       		.uleb128 0x2
 150 0179 01       		.byte	0x1
 151 017a 08       		.byte	0x8
 152 017b 756E7369 		.string	"unsigned char"
 152      676E6564 
 152      20636861 
 152      7200
 153 0189 02       		.uleb128 0x2
 154 018a 02       		.byte	0x2
 155 018b 07       		.byte	0x7
 156 018c 73686F72 		.string	"short unsigned int"
 156      7420756E 
 156      7369676E 
 156      65642069 
GAS Infineon TriCore Little Endian C:\\Users\\user1\\AppData\\Local\\Temp\\rta_RTAOS_638388406317960277_1736001\\ccUHGVT6.s 			page 4


 156      6E7400
 157 019f 03       		.uleb128 0x3
 158 01a0 75696E74 		.string	"uint32"
 158      333200
 159 01a7 02       		.byte	0x2
 160 01a8 36       		.byte	0x36
 161 01a9 AD010000 		.uaword	0x1ad
 162 01ad 02       		.uleb128 0x2
 163 01ae 04       		.byte	0x4
 164 01af 07       		.byte	0x7
 165 01b0 756E7369 		.string	"unsigned int"
 165      676E6564 
 165      20696E74 
 165      00
 166 01bd 02       		.uleb128 0x2
 167 01be 01       		.byte	0x1
 168 01bf 06       		.byte	0x6
 169 01c0 7369676E 		.string	"signed char"
 169      65642063 
 169      68617200 
 170 01cc 02       		.uleb128 0x2
 171 01cd 02       		.byte	0x2
 172 01ce 05       		.byte	0x5
 173 01cf 73686F72 		.string	"short int"
 173      7420696E 
 173      7400
 174 01d9 02       		.uleb128 0x2
 175 01da 04       		.byte	0x4
 176 01db 05       		.byte	0x5
 177 01dc 696E7400 		.string	"int"
 178 01e0 02       		.uleb128 0x2
 179 01e1 04       		.byte	0x4
 180 01e2 04       		.byte	0x4
 181 01e3 666C6F61 		.string	"float"
 181      7400
 182 01e9 02       		.uleb128 0x2
 183 01ea 08       		.byte	0x8
 184 01eb 04       		.byte	0x4
 185 01ec 646F7562 		.string	"double"
 185      6C6500
 186 01f3 02       		.uleb128 0x2
 187 01f4 08       		.byte	0x8
 188 01f5 05       		.byte	0x5
 189 01f6 6C6F6E67 		.string	"long long int"
 189      206C6F6E 
 189      6720696E 
 189      7400
 190 0204 02       		.uleb128 0x2
 191 0205 08       		.byte	0x8
 192 0206 07       		.byte	0x7
 193 0207 6C6F6E67 		.string	"long long unsigned int"
 193      206C6F6E 
 193      6720756E 
 193      7369676E 
 193      65642069 
 194 021e 03       		.uleb128 0x3
 195 021f 75696E74 		.string	"uint32_aligned"
GAS Infineon TriCore Little Endian C:\\Users\\user1\\AppData\\Local\\Temp\\rta_RTAOS_638388406317960277_1736001\\ccUHGVT6.s 			page 5


 195      33325F61 
 195      6C69676E 
 195      656400
 196 022e 01       		.byte	0x1
 197 022f 87       		.byte	0x87
 198 0230 9F010000 		.uaword	0x19f
 199 0234 02       		.uleb128 0x2
 200 0235 04       		.byte	0x4
 201 0236 07       		.byte	0x7
 202 0237 73697A65 		.string	"sizetype"
 202      74797065 
 202      00
 203 0240 04       		.uleb128 0x4
 204 0241 4F735F4C 		.string	"Os_Lockable"
 204      6F636B61 
 204      626C6500 
 205 024d 01       		.byte	0x1
 206 024e 0801     		.uahalf	0x108
 207 0250 1E020000 		.uaword	0x21e
 208 0254 05       		.uleb128 0x5
 209 0255 40020000 		.uaword	0x240
 210 0259 06       		.uleb128 0x6
 211 025a 01       		.byte	0x1
 212 025b 4F735F54 		.string	"Os_TestAndSet"
 212      65737441 
 212      6E645365 
 212      7400
 213 0269 01       		.byte	0x1
 214 026a 2608     		.uahalf	0x826
 215 026c 01       		.byte	0x1
 216 026d 40020000 		.uaword	0x240
 217 0271 00000000 		.uaword	.LFB0
 218 0275 00000000 		.uaword	.LFE0
 219 0279 02       		.byte	0x2
 220 027a 8A       		.byte	0x8a
 221 027b 00       		.sleb128 0
 222 027c 01       		.byte	0x1
 223 027d 90020000 		.uaword	0x290
 224 0281 07       		.uleb128 0x7
 225 0282 76617200 		.string	"var"
 226 0286 01       		.byte	0x1
 227 0287 2608     		.uahalf	0x826
 228 0289 90020000 		.uaword	0x290
 229 028d 01       		.byte	0x1
 230 028e 64       		.byte	0x64
 231 028f 00       		.byte	0
 232 0290 08       		.uleb128 0x8
 233 0291 04       		.byte	0x4
 234 0292 54020000 		.uaword	0x254
 235 0296 00       		.byte	0
 236              	.section .debug_abbrev,"",@progbits
 237              	.Ldebug_abbrev0:
 238 0000 01       		.uleb128 0x1
 239 0001 11       		.uleb128 0x11
 240 0002 01       		.byte	0x1
 241 0003 25       		.uleb128 0x25
 242 0004 08       		.uleb128 0x8
GAS Infineon TriCore Little Endian C:\\Users\\user1\\AppData\\Local\\Temp\\rta_RTAOS_638388406317960277_1736001\\ccUHGVT6.s 			page 6


 243 0005 13       		.uleb128 0x13
 244 0006 0B       		.uleb128 0xb
 245 0007 03       		.uleb128 0x3
 246 0008 08       		.uleb128 0x8
 247 0009 55       		.uleb128 0x55
 248 000a 06       		.uleb128 0x6
 249 000b 11       		.uleb128 0x11
 250 000c 01       		.uleb128 0x1
 251 000d 52       		.uleb128 0x52
 252 000e 01       		.uleb128 0x1
 253 000f 10       		.uleb128 0x10
 254 0010 06       		.uleb128 0x6
 255 0011 00       		.byte	0
 256 0012 00       		.byte	0
 257 0013 02       		.uleb128 0x2
 258 0014 24       		.uleb128 0x24
 259 0015 00       		.byte	0
 260 0016 0B       		.uleb128 0xb
 261 0017 0B       		.uleb128 0xb
 262 0018 3E       		.uleb128 0x3e
 263 0019 0B       		.uleb128 0xb
 264 001a 03       		.uleb128 0x3
 265 001b 08       		.uleb128 0x8
 266 001c 00       		.byte	0
 267 001d 00       		.byte	0
 268 001e 03       		.uleb128 0x3
 269 001f 16       		.uleb128 0x16
 270 0020 00       		.byte	0
 271 0021 03       		.uleb128 0x3
 272 0022 08       		.uleb128 0x8
 273 0023 3A       		.uleb128 0x3a
 274 0024 0B       		.uleb128 0xb
 275 0025 3B       		.uleb128 0x3b
 276 0026 0B       		.uleb128 0xb
 277 0027 49       		.uleb128 0x49
 278 0028 13       		.uleb128 0x13
 279 0029 00       		.byte	0
 280 002a 00       		.byte	0
 281 002b 04       		.uleb128 0x4
 282 002c 16       		.uleb128 0x16
 283 002d 00       		.byte	0
 284 002e 03       		.uleb128 0x3
 285 002f 08       		.uleb128 0x8
 286 0030 3A       		.uleb128 0x3a
 287 0031 0B       		.uleb128 0xb
 288 0032 3B       		.uleb128 0x3b
 289 0033 05       		.uleb128 0x5
 290 0034 49       		.uleb128 0x49
 291 0035 13       		.uleb128 0x13
 292 0036 00       		.byte	0
 293 0037 00       		.byte	0
 294 0038 05       		.uleb128 0x5
 295 0039 35       		.uleb128 0x35
 296 003a 00       		.byte	0
 297 003b 49       		.uleb128 0x49
 298 003c 13       		.uleb128 0x13
 299 003d 00       		.byte	0
GAS Infineon TriCore Little Endian C:\\Users\\user1\\AppData\\Local\\Temp\\rta_RTAOS_638388406317960277_1736001\\ccUHGVT6.s 			page 7


 300 003e 00       		.byte	0
 301 003f 06       		.uleb128 0x6
 302 0040 2E       		.uleb128 0x2e
 303 0041 01       		.byte	0x1
 304 0042 3F       		.uleb128 0x3f
 305 0043 0C       		.uleb128 0xc
 306 0044 03       		.uleb128 0x3
 307 0045 08       		.uleb128 0x8
 308 0046 3A       		.uleb128 0x3a
 309 0047 0B       		.uleb128 0xb
 310 0048 3B       		.uleb128 0x3b
 311 0049 05       		.uleb128 0x5
 312 004a 27       		.uleb128 0x27
 313 004b 0C       		.uleb128 0xc
 314 004c 49       		.uleb128 0x49
 315 004d 13       		.uleb128 0x13
 316 004e 11       		.uleb128 0x11
 317 004f 01       		.uleb128 0x1
 318 0050 12       		.uleb128 0x12
 319 0051 01       		.uleb128 0x1
 320 0052 40       		.uleb128 0x40
 321 0053 0A       		.uleb128 0xa
 322 0054 9742     		.uleb128 0x2117
 323 0056 0C       		.uleb128 0xc
 324 0057 01       		.uleb128 0x1
 325 0058 13       		.uleb128 0x13
 326 0059 00       		.byte	0
 327 005a 00       		.byte	0
 328 005b 07       		.uleb128 0x7
 329 005c 05       		.uleb128 0x5
 330 005d 00       		.byte	0
 331 005e 03       		.uleb128 0x3
 332 005f 08       		.uleb128 0x8
 333 0060 3A       		.uleb128 0x3a
 334 0061 0B       		.uleb128 0xb
 335 0062 3B       		.uleb128 0x3b
 336 0063 05       		.uleb128 0x5
 337 0064 49       		.uleb128 0x49
 338 0065 13       		.uleb128 0x13
 339 0066 02       		.uleb128 0x2
 340 0067 0A       		.uleb128 0xa
 341 0068 00       		.byte	0
 342 0069 00       		.byte	0
 343 006a 08       		.uleb128 0x8
 344 006b 0F       		.uleb128 0xf
 345 006c 00       		.byte	0
 346 006d 0B       		.uleb128 0xb
 347 006e 0B       		.uleb128 0xb
 348 006f 49       		.uleb128 0x49
 349 0070 13       		.uleb128 0x13
 350 0071 00       		.byte	0
 351 0072 00       		.byte	0
 352 0073 00       		.byte	0
 353              	.section .debug_aranges,"",@progbits
 354 0000 1C000000 		.uaword	0x1c
 355 0004 0200     		.uahalf	0x2
 356 0006 00000000 		.uaword	.Ldebug_info0
GAS Infineon TriCore Little Endian C:\\Users\\user1\\AppData\\Local\\Temp\\rta_RTAOS_638388406317960277_1736001\\ccUHGVT6.s 			page 8


 357 000a 04       		.byte	0x4
 358 000b 00       		.byte	0
 359 000c 0000     		.uahalf	0
 360 000e 0000     		.uahalf	0
 361 0010 00000000 		.uaword	.LFB0
 362 0014 30000000 		.uaword	.LFE0-.LFB0
 363 0018 00000000 		.uaword	0
 364 001c 00000000 		.uaword	0
 365              	.section .debug_ranges,"",@progbits
 366              	.Ldebug_ranges0:
 367 0000 00000000 		.uaword	.LFB0
 368 0004 00000000 		.uaword	.LFE0
 369 0008 00000000 		.uaword	0
 370 000c 00000000 		.uaword	0
 371              	.section .debug_line,"",@progbits
 372              	.Ldebug_line0:
 373 0000 2C010000 	.section .debug_str,"",@progbits
 373      0200FF00 
 373      00000201 
 373      FB0E0D00 
 373      01010101 
 374              		.ident	"GCC: (HighTec Release HDP-v4.9.4.1-11fcedf) 4.9.4 build on 2020-09-01"
