GAS Infineon TriCore Little Endian C:\\Users\\user1\\AppData\\Local\\Temp\\rta_RTAOS_638388406317960277_1736001\\ccKEbsff.s 			page 1


   1              		.file	"Os_longjmp_ext.c"
   2              	.section .text,"ax",@progbits
   3              	.Ltext0:
   4              	#APP
   5              		  .file  "Os_longjmp_ext.s"
   6              	  .section .text.Os,"ax",@progbits
   7              	
   8              	  .global Os_longjmp_ext
   9              	  .type Os_longjmp_ext,@function
  10              	  # Entered with A4 containing the address of the jump buffer. OS level
  11              	Os_longjmp_ext:
  12 0000 19420400 	  ld.w    %d2, [%a4]4                     # Read saved PCXI
  13              	Os_longjmp_ext1:
  14 0004 91000050 	  movh.a  %a5,hi:Os_longjmp_ext_loop      # Get loop address into a5
  15 0008 D9550000 	  lea     %a5,[%a5]lo:Os_longjmp_ext_loop
  16              	Os_longjmp_ext_loop:
  17 000c 4D00E0FF 	  mfcr    %d15, $PCXI                     # Read PCXI
  18 0010 5FF20600 	  jeq     %d2,%d15, Os_longjmp_vexit      # Does it match exit value?
  19 0014 EF4F0600 	  jz.t    %d15, 20, Os_longjmp_lcx        # Is this a lower context (1.6E/P case) ?
  20 0018 405B     	  mov.aa  %a11, %a5                       # 'ret' back to loop, popping a CSA
  21 001a 0090     	  ret
  22              	Os_longjmp_vexit:
  23 001c 1D000000 	  j Os_longjmp_exit                       # Goto Os_longjmp function to finish off
****  Notice:Expanding j-R -> j-O
  24              	Os_longjmp_lcx:
  25 0020 022F     	  mov %d15, %d2
  26 0022 404C     	  mov.aa  %a12, %a4
  27 0024 0D004002 	  rslcx
  28 0028 02F2     	  mov %d2, %d15
  29 002a 40C4     	  mov.aa  %a4, %a12
  30              	  # set trust if needed
  31 002c 4D40E0FF 	  mfcr    %d15, $psw
  32 0030 370FE1F5 	  extr.u  %d15, %d15, 11, 1
  33 0034 8FBF20F0 	  sha	%d15, %d15, 11
  34 0038 EE03     	  jne	%d15, 0, .L2
****  Notice:Optimizing jne-idm -> jnz-iR
  35 003a AD008000 	  syscall 0
  36              	.L2:
  37              	  # Cancel CDC
  38 003e 4D40E0FF 	  mfcr    %d15, $psw
  39 0042 967F     	  or      %d15, 0x7f
  40              	
  41 0044 CD4FE00F 	  mtcr    $psw, %d15
  42 0048 3CDE     	  j Os_longjmp_ext1
  43              	  .size	Os_longjmp_ext, .-Os_longjmp_ext
  44              	.Letext0:
  45              	.section .debug_info,"",@progbits
  46              	.Ldebug_info0:
  47 0000 13020000 		.uaword	0x213
  48 0004 0200     		.uahalf	0x2
  49 0006 00000000 		.uaword	.Ldebug_abbrev0
  50 000a 04       		.byte	0x4
  51 000b 01       		.uleb128 0x1
  52 000c 474E5520 		.ascii	"GNU C 4."
  52      4320342E 
  53 0014 392E3420 		.string	"9.4 build on 2020-09-01 -mlicense-dir=c:\\hightec\\toolchains\\tricore\\v4.9.4.1\\bin\\..
  53      6275696C 
GAS Infineon TriCore Little Endian C:\\Users\\user1\\AppData\\Local\\Temp\\rta_RTAOS_638388406317960277_1736001\\ccKEbsff.s 			page 2


  53      64206F6E 
  53      20323032 
  53      302D3039 
  54 0115 01       		.byte	0x1
  55 0116 433A5C55 		.string	"C:\\Users\\user1\\AppData\\Local\\Temp\\rta_RTAOS_638388406317960277_1736001\\Os_longjmp_
  55      73657273 
  55      5C757365 
  55      72315C41 
  55      70704461 
  56 016e 00000000 		.uaword	.Ldebug_line0
  57 0172 02       		.uleb128 0x2
  58 0173 01       		.byte	0x1
  59 0174 08       		.byte	0x8
  60 0175 756E7369 		.string	"unsigned char"
  60      676E6564 
  60      20636861 
  60      7200
  61 0183 02       		.uleb128 0x2
  62 0184 02       		.byte	0x2
  63 0185 07       		.byte	0x7
  64 0186 73686F72 		.string	"short unsigned int"
  64      7420756E 
  64      7369676E 
  64      65642069 
  64      6E7400
  65 0199 02       		.uleb128 0x2
  66 019a 04       		.byte	0x4
  67 019b 07       		.byte	0x7
  68 019c 756E7369 		.string	"unsigned int"
  68      676E6564 
  68      20696E74 
  68      00
  69 01a9 02       		.uleb128 0x2
  70 01aa 01       		.byte	0x1
  71 01ab 06       		.byte	0x6
  72 01ac 7369676E 		.string	"signed char"
  72      65642063 
  72      68617200 
  73 01b8 02       		.uleb128 0x2
  74 01b9 02       		.byte	0x2
  75 01ba 05       		.byte	0x5
  76 01bb 73686F72 		.string	"short int"
  76      7420696E 
  76      7400
  77 01c5 02       		.uleb128 0x2
  78 01c6 04       		.byte	0x4
  79 01c7 05       		.byte	0x5
  80 01c8 696E7400 		.string	"int"
  81 01cc 02       		.uleb128 0x2
  82 01cd 04       		.byte	0x4
  83 01ce 04       		.byte	0x4
  84 01cf 666C6F61 		.string	"float"
  84      7400
  85 01d5 02       		.uleb128 0x2
  86 01d6 08       		.byte	0x8
  87 01d7 04       		.byte	0x4
  88 01d8 646F7562 		.string	"double"
GAS Infineon TriCore Little Endian C:\\Users\\user1\\AppData\\Local\\Temp\\rta_RTAOS_638388406317960277_1736001\\ccKEbsff.s 			page 3


  88      6C6500
  89 01df 02       		.uleb128 0x2
  90 01e0 08       		.byte	0x8
  91 01e1 05       		.byte	0x5
  92 01e2 6C6F6E67 		.string	"long long int"
  92      206C6F6E 
  92      6720696E 
  92      7400
  93 01f0 02       		.uleb128 0x2
  94 01f1 08       		.byte	0x8
  95 01f2 07       		.byte	0x7
  96 01f3 6C6F6E67 		.string	"long long unsigned int"
  96      206C6F6E 
  96      6720756E 
  96      7369676E 
  96      65642069 
  97 020a 02       		.uleb128 0x2
  98 020b 04       		.byte	0x4
  99 020c 07       		.byte	0x7
 100 020d 73697A65 		.string	"sizetype"
 100      74797065 
 100      00
 101 0216 00       		.byte	0
 102              	.section .debug_abbrev,"",@progbits
 103              	.Ldebug_abbrev0:
 104 0000 01       		.uleb128 0x1
 105 0001 11       		.uleb128 0x11
 106 0002 01       		.byte	0x1
 107 0003 25       		.uleb128 0x25
 108 0004 08       		.uleb128 0x8
 109 0005 13       		.uleb128 0x13
 110 0006 0B       		.uleb128 0xb
 111 0007 03       		.uleb128 0x3
 112 0008 08       		.uleb128 0x8
 113 0009 10       		.uleb128 0x10
 114 000a 06       		.uleb128 0x6
 115 000b 00       		.byte	0
 116 000c 00       		.byte	0
 117 000d 02       		.uleb128 0x2
 118 000e 24       		.uleb128 0x24
 119 000f 00       		.byte	0
 120 0010 0B       		.uleb128 0xb
 121 0011 0B       		.uleb128 0xb
 122 0012 3E       		.uleb128 0x3e
 123 0013 0B       		.uleb128 0xb
 124 0014 03       		.uleb128 0x3
 125 0015 08       		.uleb128 0x8
 126 0016 00       		.byte	0
 127 0017 00       		.byte	0
 128 0018 00       		.byte	0
 129              	.section .debug_aranges,"",@progbits
 130 0000 14000000 		.uaword	0x14
 131 0004 0200     		.uahalf	0x2
 132 0006 00000000 		.uaword	.Ldebug_info0
 133 000a 04       		.byte	0x4
 134 000b 00       		.byte	0
 135 000c 0000     		.uahalf	0
GAS Infineon TriCore Little Endian C:\\Users\\user1\\AppData\\Local\\Temp\\rta_RTAOS_638388406317960277_1736001\\ccKEbsff.s 			page 4


 136 000e 0000     		.uahalf	0
 137 0010 00000000 		.uaword	0
 138 0014 00000000 		.uaword	0
 139              	.section .debug_line,"",@progbits
 140              	.Ldebug_line0:
 141 0000 19000000 	.section .debug_str,"",@progbits
 141      02001300 
 141      00000201 
 141      FB0E0D00 
 141      01010101 
 142              		.ident	"GCC: (HighTec Release HDP-v4.9.4.1-11fcedf) 4.9.4 build on 2020-09-01"
