GAS Infineon TriCore Little Endian C:\\Users\\user1\\AppData\\Local\\Temp\\rta_RTAOS_638388406317960277_1736001\\ccRekaMA.s 			page 1


   1              		.file	"Os_Peripherals.c"
   2              	.section .text,"ax",@progbits
   3              	.Ltext0:
   4              	.section .text.Os_CheckPeripheralAccess,"ax",@progbits
   5              		.align 1
   6              		.global	Os_CheckPeripheralAccess
   7              		.type	Os_CheckPeripheralAccess, @function
   8              	Os_CheckPeripheralAccess:
   9              	.LFB0:
  10              		.file 1 "C:\\Users\\user1\\AppData\\Local\\Temp\\rta_RTAOS_638388406317960277_1736001\\Os_Peripher
  11              		.loc 1 2092 0
  12              	.LVL0:
  13              		.loc 1 2093 0
  14 0000 823F     		mov	%d15, 3
  15 0002 2C50     		st.b	[%a5]0, %d15
  16 0004 0090     		ret
  17              	.LFE0:
  18              		.size	Os_CheckPeripheralAccess, .-Os_CheckPeripheralAccess
  19              	.section .debug_frame,"",@progbits
  20              	.Lframe0:
  21 0000 0C000000 		.uaword	.LECIE0-.LSCIE0
  22              	.LSCIE0:
  23 0004 FFFFFFFF 		.uaword	0xffffffff
  24 0008 01       		.byte	0x1
  25 0009 00       		.string	""
  26 000a 01       		.uleb128 0x1
  27 000b 01       		.sleb128 1
  28 000c 1B       		.byte	0x1b
  29 000d 0C       		.byte	0xc
  30 000e 1A       		.uleb128 0x1a
  31 000f 00       		.uleb128 0
  32              		.align 2
  33              	.LECIE0:
  34              	.LSFDE0:
  35 0010 0C000000 		.uaword	.LEFDE0-.LASFDE0
  36              	.LASFDE0:
  37 0014 00000000 		.uaword	.Lframe0
  38 0018 00000000 		.uaword	.LFB0
  39 001c 06000000 		.uaword	.LFE0-.LFB0
  40              		.align 2
  41              	.LEFDE0:
  42              	.section .text,"ax",@progbits
  43              	.Letext0:
  44              		.file 2 "D:\\home\\user123\\user\\Mohan6_VectorSIP\\21Dec23\\15Dec23_CAN_merge_21stDec\\25_Softwar
  45              		.file 3 "D:\\home\\user123\\user\\Mohan6_VectorSIP\\21Dec23\\15Dec23_CAN_merge_21stDec\\25_Softwar
  46              	.section .debug_info,"",@progbits
  47              	.Ldebug_info0:
  48 0000 240D0000 		.uaword	0xd24
  49 0004 0200     		.uahalf	0x2
  50 0006 00000000 		.uaword	.Ldebug_abbrev0
  51 000a 04       		.byte	0x4
  52 000b 01       		.uleb128 0x1
  53 000c 474E5520 		.ascii	"GNU C 4."
  53      4320342E 
  54 0014 392E3420 		.string	"9.4 build on 2020-09-01 -mlicense-dir=c:\\hightec\\toolchains\\tricore\\v4.9.4.1\\bin\\..
  54      6275696C 
  54      64206F6E 
GAS Infineon TriCore Little Endian C:\\Users\\user1\\AppData\\Local\\Temp\\rta_RTAOS_638388406317960277_1736001\\ccRekaMA.s 			page 2


  54      20323032 
  54      302D3039 
  55 0115 01       		.byte	0x1
  56 0116 433A5C55 		.string	"C:\\Users\\user1\\AppData\\Local\\Temp\\rta_RTAOS_638388406317960277_1736001\\Os_Peripher
  56      73657273 
  56      5C757365 
  56      72315C41 
  56      70704461 
  57 016e 00000000 		.uaword	.Ldebug_ranges0+0
  58 0172 00000000 		.uaword	0
  59 0176 00000000 		.uaword	0
  60 017a 00000000 		.uaword	.Ldebug_line0
  61 017e 02       		.uleb128 0x2
  62 017f 75696E74 		.string	"uint8"
  62      3800
  63 0185 02       		.byte	0x2
  64 0186 34       		.byte	0x34
  65 0187 8B010000 		.uaword	0x18b
  66 018b 03       		.uleb128 0x3
  67 018c 01       		.byte	0x1
  68 018d 08       		.byte	0x8
  69 018e 756E7369 		.string	"unsigned char"
  69      676E6564 
  69      20636861 
  69      7200
  70 019c 02       		.uleb128 0x2
  71 019d 75696E74 		.string	"uint16"
  71      313600
  72 01a4 02       		.byte	0x2
  73 01a5 35       		.byte	0x35
  74 01a6 AA010000 		.uaword	0x1aa
  75 01aa 03       		.uleb128 0x3
  76 01ab 02       		.byte	0x2
  77 01ac 07       		.byte	0x7
  78 01ad 73686F72 		.string	"short unsigned int"
  78      7420756E 
  78      7369676E 
  78      65642069 
  78      6E7400
  79 01c0 02       		.uleb128 0x2
  80 01c1 75696E74 		.string	"uint32"
  80      333200
  81 01c8 02       		.byte	0x2
  82 01c9 36       		.byte	0x36
  83 01ca CE010000 		.uaword	0x1ce
  84 01ce 03       		.uleb128 0x3
  85 01cf 04       		.byte	0x4
  86 01d0 07       		.byte	0x7
  87 01d1 756E7369 		.string	"unsigned int"
  87      676E6564 
  87      20696E74 
  87      00
  88 01de 03       		.uleb128 0x3
  89 01df 01       		.byte	0x1
  90 01e0 06       		.byte	0x6
  91 01e1 7369676E 		.string	"signed char"
  91      65642063 
GAS Infineon TriCore Little Endian C:\\Users\\user1\\AppData\\Local\\Temp\\rta_RTAOS_638388406317960277_1736001\\ccRekaMA.s 			page 3


  91      68617200 
  92 01ed 03       		.uleb128 0x3
  93 01ee 02       		.byte	0x2
  94 01ef 05       		.byte	0x5
  95 01f0 73686F72 		.string	"short int"
  95      7420696E 
  95      7400
  96 01fa 03       		.uleb128 0x3
  97 01fb 04       		.byte	0x4
  98 01fc 05       		.byte	0x5
  99 01fd 696E7400 		.string	"int"
 100 0201 03       		.uleb128 0x3
 101 0202 04       		.byte	0x4
 102 0203 04       		.byte	0x4
 103 0204 666C6F61 		.string	"float"
 103      7400
 104 020a 03       		.uleb128 0x3
 105 020b 08       		.byte	0x8
 106 020c 04       		.byte	0x4
 107 020d 646F7562 		.string	"double"
 107      6C6500
 108 0214 03       		.uleb128 0x3
 109 0215 08       		.byte	0x8
 110 0216 05       		.byte	0x5
 111 0217 6C6F6E67 		.string	"long long int"
 111      206C6F6E 
 111      6720696E 
 111      7400
 112 0225 03       		.uleb128 0x3
 113 0226 08       		.byte	0x8
 114 0227 07       		.byte	0x7
 115 0228 6C6F6E67 		.string	"long long unsigned int"
 115      206C6F6E 
 115      6720756E 
 115      7369676E 
 115      65642069 
 116 023f 02       		.uleb128 0x2
 117 0240 626F6F6C 		.string	"boolean"
 117      65616E00 
 118 0248 02       		.byte	0x2
 119 0249 49       		.byte	0x49
 120 024a 8B010000 		.uaword	0x18b
 121 024e 02       		.uleb128 0x2
 122 024f 53746174 		.string	"StatusType"
 122      75735479 
 122      706500
 123 025a 03       		.byte	0x3
 124 025b 28       		.byte	0x28
 125 025c 8B010000 		.uaword	0x18b
 126 0260 04       		.uleb128 0x4
 127 0261 08       		.byte	0x8
 128 0262 01       		.byte	0x1
 129 0263 7C       		.byte	0x7c
 130 0264 9F020000 		.uaword	0x29f
 131 0268 05       		.uleb128 0x5
 132 0269 436C6173 		.string	"Class"
 132      7300
GAS Infineon TriCore Little Endian C:\\Users\\user1\\AppData\\Local\\Temp\\rta_RTAOS_638388406317960277_1736001\\ccRekaMA.s 			page 4


 133 026f 01       		.byte	0x1
 134 0270 7D       		.byte	0x7d
 135 0271 7E010000 		.uaword	0x17e
 136 0275 02       		.byte	0x2
 137 0276 23       		.byte	0x23
 138 0277 00       		.uleb128 0
 139 0278 05       		.uleb128 0x5
 140 0279 54494E00 		.string	"TIN"
 141 027d 01       		.byte	0x1
 142 027e 7E       		.byte	0x7e
 143 027f 7E010000 		.uaword	0x17e
 144 0283 02       		.byte	0x2
 145 0284 23       		.byte	0x23
 146 0285 01       		.uleb128 0x1
 147 0286 05       		.uleb128 0x5
 148 0287 52657475 		.string	"ReturnAddress"
 148      726E4164 
 148      64726573 
 148      7300
 149 0295 01       		.byte	0x1
 150 0296 7F       		.byte	0x7f
 151 0297 C0010000 		.uaword	0x1c0
 152 029b 02       		.byte	0x2
 153 029c 23       		.byte	0x23
 154 029d 04       		.uleb128 0x4
 155 029e 00       		.byte	0
 156 029f 02       		.uleb128 0x2
 157 02a0 4F735472 		.string	"OsTrapInfoType"
 157      6170496E 
 157      666F5479 
 157      706500
 158 02af 01       		.byte	0x1
 159 02b0 80       		.byte	0x80
 160 02b1 60020000 		.uaword	0x260
 161 02b5 02       		.uleb128 0x2
 162 02b6 75696E74 		.string	"uint32_aligned"
 162      33325F61 
 162      6C69676E 
 162      656400
 163 02c5 01       		.byte	0x1
 164 02c6 86       		.byte	0x86
 165 02c7 C0010000 		.uaword	0x1c0
 166 02cb 04       		.uleb128 0x4
 167 02cc 44       		.byte	0x44
 168 02cd 01       		.byte	0x1
 169 02ce AB       		.byte	0xab
 170 02cf E4020000 		.uaword	0x2e4
 171 02d3 05       		.uleb128 0x5
 172 02d4 73746F72 		.string	"store"
 172      6500
 173 02da 01       		.byte	0x1
 174 02db AC       		.byte	0xac
 175 02dc E4020000 		.uaword	0x2e4
 176 02e0 02       		.byte	0x2
 177 02e1 23       		.byte	0x23
 178 02e2 00       		.uleb128 0
 179 02e3 00       		.byte	0
GAS Infineon TriCore Little Endian C:\\Users\\user1\\AppData\\Local\\Temp\\rta_RTAOS_638388406317960277_1736001\\ccRekaMA.s 			page 5


 180 02e4 06       		.uleb128 0x6
 181 02e5 C0010000 		.uaword	0x1c0
 182 02e9 F4020000 		.uaword	0x2f4
 183 02ed 07       		.uleb128 0x7
 184 02ee F4020000 		.uaword	0x2f4
 185 02f2 10       		.byte	0x10
 186 02f3 00       		.byte	0
 187 02f4 03       		.uleb128 0x3
 188 02f5 04       		.byte	0x4
 189 02f6 07       		.byte	0x7
 190 02f7 73697A65 		.string	"sizetype"
 190      74797065 
 190      00
 191 0300 02       		.uleb128 0x2
 192 0301 4F735F4A 		.string	"Os_JumpBufType"
 192      756D7042 
 192      75665479 
 192      706500
 193 0310 01       		.byte	0x1
 194 0311 AD       		.byte	0xad
 195 0312 16030000 		.uaword	0x316
 196 0316 06       		.uleb128 0x6
 197 0317 CB020000 		.uaword	0x2cb
 198 031b 26030000 		.uaword	0x326
 199 031f 07       		.uleb128 0x7
 200 0320 F4020000 		.uaword	0x2f4
 201 0324 00       		.byte	0
 202 0325 00       		.byte	0
 203 0326 02       		.uleb128 0x2
 204 0327 4F735F52 		.string	"Os_ResourceCountType"
 204      65736F75 
 204      72636543 
 204      6F756E74 
 204      54797065 
 205 033c 01       		.byte	0x1
 206 033d BE       		.byte	0xbe
 207 033e 8B010000 		.uaword	0x18b
 208 0342 02       		.uleb128 0x2
 209 0343 4F735F53 		.string	"Os_StackTraceType"
 209      7461636B 
 209      54726163 
 209      65547970 
 209      6500
 210 0355 01       		.byte	0x1
 211 0356 BF       		.byte	0xbf
 212 0357 CE010000 		.uaword	0x1ce
 213 035b 04       		.uleb128 0x4
 214 035c 08       		.byte	0x8
 215 035d 01       		.byte	0x1
 216 035e C0       		.byte	0xc0
 217 035f 7F030000 		.uaword	0x37f
 218 0363 05       		.uleb128 0x5
 219 0364 737000   		.string	"sp"
 220 0367 01       		.byte	0x1
 221 0368 C0       		.byte	0xc0
 222 0369 42030000 		.uaword	0x342
 223 036d 02       		.byte	0x2
GAS Infineon TriCore Little Endian C:\\Users\\user1\\AppData\\Local\\Temp\\rta_RTAOS_638388406317960277_1736001\\ccRekaMA.s 			page 6


 224 036e 23       		.byte	0x23
 225 036f 00       		.uleb128 0
 226 0370 05       		.uleb128 0x5
 227 0371 63747800 		.string	"ctx"
 228 0375 01       		.byte	0x1
 229 0376 C0       		.byte	0xc0
 230 0377 42030000 		.uaword	0x342
 231 037b 02       		.byte	0x2
 232 037c 23       		.byte	0x23
 233 037d 04       		.uleb128 0x4
 234 037e 00       		.byte	0
 235 037f 02       		.uleb128 0x2
 236 0380 4F735F53 		.string	"Os_StackValueType"
 236      7461636B 
 236      56616C75 
 236      65547970 
 236      6500
 237 0392 01       		.byte	0x1
 238 0393 C0       		.byte	0xc0
 239 0394 5B030000 		.uaword	0x35b
 240 0398 02       		.uleb128 0x2
 241 0399 4F735F53 		.string	"Os_StackSizeType"
 241      7461636B 
 241      53697A65 
 241      54797065 
 241      00
 242 03aa 01       		.byte	0x1
 243 03ab C1       		.byte	0xc1
 244 03ac 7F030000 		.uaword	0x37f
 245 03b0 02       		.uleb128 0x2
 246 03b1 4F735F56 		.string	"Os_VoidVoidFunctionType"
 246      6F696456 
 246      6F696446 
 246      756E6374 
 246      696F6E54 
 247 03c9 01       		.byte	0x1
 248 03ca C7       		.byte	0xc7
 249 03cb CF030000 		.uaword	0x3cf
 250 03cf 08       		.uleb128 0x8
 251 03d0 04       		.byte	0x4
 252 03d1 D5030000 		.uaword	0x3d5
 253 03d5 09       		.uleb128 0x9
 254 03d6 01       		.byte	0x1
 255 03d7 02       		.uleb128 0x2
 256 03d8 4170706C 		.string	"ApplicationType"
 256      69636174 
 256      696F6E54 
 256      79706500 
 257 03e8 01       		.byte	0x1
 258 03e9 D5       		.byte	0xd5
 259 03ea 8B010000 		.uaword	0x18b
 260 03ee 02       		.uleb128 0x2
 261 03ef 41726561 		.string	"AreaIdType"
 261      49645479 
 261      706500
 262 03fa 01       		.byte	0x1
 263 03fb E8       		.byte	0xe8
GAS Infineon TriCore Little Endian C:\\Users\\user1\\AppData\\Local\\Temp\\rta_RTAOS_638388406317960277_1736001\\ccRekaMA.s 			page 7


 264 03fc 9C010000 		.uaword	0x19c
 265 0400 02       		.uleb128 0x2
 266 0401 4F735F75 		.string	"Os_ucharConstRefType"
 266      63686172 
 266      436F6E73 
 266      74526566 
 266      54797065 
 267 0416 01       		.byte	0x1
 268 0417 E9       		.byte	0xe9
 269 0418 1C040000 		.uaword	0x41c
 270 041c 0A       		.uleb128 0xa
 271 041d 21040000 		.uaword	0x421
 272 0421 08       		.uleb128 0x8
 273 0422 04       		.byte	0x4
 274 0423 27040000 		.uaword	0x427
 275 0427 0A       		.uleb128 0xa
 276 0428 7E010000 		.uaword	0x17e
 277 042c 02       		.uleb128 0x2
 278 042d 4F735F50 		.string	"Os_PeripheralAddressType"
 278      65726970 
 278      68657261 
 278      6C416464 
 278      72657373 
 279 0446 01       		.byte	0x1
 280 0447 F0       		.byte	0xf0
 281 0448 25020000 		.uaword	0x225
 282 044c 02       		.uleb128 0x2
 283 044d 4F735F53 		.string	"Os_StopwatchTickType"
 283      746F7077 
 283      61746368 
 283      5469636B 
 283      54797065 
 284 0462 01       		.byte	0x1
 285 0463 FD       		.byte	0xfd
 286 0464 CE010000 		.uaword	0x1ce
 287 0468 0B       		.uleb128 0xb
 288 0469 4F735F54 		.string	"Os_TerminatorType"
 288      65726D69 
 288      6E61746F 
 288      72547970 
 288      6500
 289 047b 01       		.byte	0x1
 290 047c 0201     		.uahalf	0x102
 291 047e 82040000 		.uaword	0x482
 292 0482 08       		.uleb128 0x8
 293 0483 04       		.byte	0x4
 294 0484 00030000 		.uaword	0x300
 295 0488 0B       		.uleb128 0xb
 296 0489 4F735F4C 		.string	"Os_Lockable"
 296      6F636B61 
 296      626C6500 
 297 0495 01       		.byte	0x1
 298 0496 0701     		.uahalf	0x107
 299 0498 B5020000 		.uaword	0x2b5
 300 049c 0B       		.uleb128 0xb
 301 049d 436F7265 		.string	"CoreIdType"
 301      49645479 
GAS Infineon TriCore Little Endian C:\\Users\\user1\\AppData\\Local\\Temp\\rta_RTAOS_638388406317960277_1736001\\ccRekaMA.s 			page 8


 301      706500
 302 04a8 01       		.byte	0x1
 303 04a9 0901     		.uahalf	0x109
 304 04ab 9C010000 		.uaword	0x19c
 305 04af 0C       		.uleb128 0xc
 306 04b0 88040000 		.uaword	0x488
 307 04b4 0D       		.uleb128 0xd
 308 04b5 4F735F43 		.string	"Os_ControlledCoreType_s"
 308      6F6E7472 
 308      6F6C6C65 
 308      64436F72 
 308      65547970 
 309 04cd 58       		.byte	0x58
 310 04ce 01       		.byte	0x1
 311 04cf 1004     		.uahalf	0x410
 312 04d1 B2060000 		.uaword	0x6b2
 313 04d5 0E       		.uleb128 0xe
 314 04d6 54726170 		.string	"TrapInfo"
 314      496E666F 
 314      00
 315 04df 01       		.byte	0x1
 316 04e0 1104     		.uahalf	0x411
 317 04e2 9F020000 		.uaword	0x29f
 318 04e6 02       		.byte	0x2
 319 04e7 23       		.byte	0x23
 320 04e8 00       		.uleb128 0
 321 04e9 0E       		.uleb128 0xe
 322 04ea 4572726F 		.string	"ErrorInformation"
 322      72496E66 
 322      6F726D61 
 322      74696F6E 
 322      00
 323 04fb 01       		.byte	0x1
 324 04fc 1204     		.uahalf	0x412
 325 04fe 1D0C0000 		.uaword	0xc1d
 326 0502 02       		.byte	0x2
 327 0503 23       		.byte	0x23
 328 0504 08       		.uleb128 0x8
 329 0505 0E       		.uleb128 0xe
 330 0506 6C6F636B 		.string	"lock_taskaccess"
 330      5F746173 
 330      6B616363 
 330      65737300 
 331 0516 01       		.byte	0x1
 332 0517 1304     		.uahalf	0x413
 333 0519 AF040000 		.uaword	0x4af
 334 051d 02       		.byte	0x2
 335 051e 23       		.byte	0x23
 336 051f 18       		.uleb128 0x18
 337 0520 0E       		.uleb128 0xe
 338 0521 52656164 		.string	"ReadyTasks"
 338      79546173 
 338      6B7300
 339 052c 01       		.byte	0x1
 340 052d 1404     		.uahalf	0x414
 341 052f 3D0C0000 		.uaword	0xc3d
 342 0533 02       		.byte	0x2
GAS Infineon TriCore Little Endian C:\\Users\\user1\\AppData\\Local\\Temp\\rta_RTAOS_638388406317960277_1736001\\ccRekaMA.s 			page 9


 343 0534 23       		.byte	0x23
 344 0535 1C       		.uleb128 0x1c
 345 0536 0E       		.uleb128 0xe
 346 0537 52756E6E 		.string	"RunningISR"
 346      696E6749 
 346      535200
 347 0542 01       		.byte	0x1
 348 0543 1504     		.uahalf	0x415
 349 0545 420C0000 		.uaword	0xc42
 350 0549 02       		.byte	0x2
 351 054a 23       		.byte	0x23
 352 054b 20       		.uleb128 0x20
 353 054c 0E       		.uleb128 0xe
 354 054d 52756E6E 		.string	"RunningTask"
 354      696E6754 
 354      61736B00 
 355 0559 01       		.byte	0x1
 356 055a 1604     		.uahalf	0x416
 357 055c 470C0000 		.uaword	0xc47
 358 0560 02       		.byte	0x2
 359 0561 23       		.byte	0x23
 360 0562 24       		.uleb128 0x24
 361 0563 0E       		.uleb128 0xe
 362 0564 52756E6E 		.string	"RunningTPMask"
 362      696E6754 
 362      504D6173 
 362      6B00
 363 0572 01       		.byte	0x1
 364 0573 1704     		.uahalf	0x417
 365 0575 4C0C0000 		.uaword	0xc4c
 366 0579 02       		.byte	0x2
 367 057a 23       		.byte	0x23
 368 057b 28       		.uleb128 0x28
 369 057c 0E       		.uleb128 0xe
 370 057d 5465726D 		.string	"TerminatingTasks"
 370      696E6174 
 370      696E6754 
 370      61736B73 
 370      00
 371 058e 01       		.byte	0x1
 372 058f 1804     		.uahalf	0x418
 373 0591 3D0C0000 		.uaword	0xc3d
 374 0595 02       		.byte	0x2
 375 0596 23       		.byte	0x23
 376 0597 2C       		.uleb128 0x2c
 377 0598 0E       		.uleb128 0xe
 378 0599 4170706C 		.string	"Application"
 378      69636174 
 378      696F6E00 
 379 05a5 01       		.byte	0x1
 380 05a6 1904     		.uahalf	0x419
 381 05a8 D7030000 		.uaword	0x3d7
 382 05ac 02       		.byte	0x2
 383 05ad 23       		.byte	0x23
 384 05ae 30       		.uleb128 0x30
 385 05af 0E       		.uleb128 0xe
 386 05b0 43757272 		.string	"CurrentTerminator"
GAS Infineon TriCore Little Endian C:\\Users\\user1\\AppData\\Local\\Temp\\rta_RTAOS_638388406317960277_1736001\\ccRekaMA.s 			page 10


 386      656E7454 
 386      65726D69 
 386      6E61746F 
 386      7200
 387 05c2 01       		.byte	0x1
 388 05c3 1A04     		.uahalf	0x41a
 389 05c5 510C0000 		.uaword	0xc51
 390 05c9 02       		.byte	0x2
 391 05ca 23       		.byte	0x23
 392 05cb 34       		.uleb128 0x34
 393 05cc 0E       		.uleb128 0xe
 394 05cd 43757272 		.string	"CurrentMeteredObject"
 394      656E744D 
 394      65746572 
 394      65644F62 
 394      6A656374 
 395 05e2 01       		.byte	0x1
 396 05e3 1B04     		.uahalf	0x41b
 397 05e5 24070000 		.uaword	0x724
 398 05e9 02       		.byte	0x2
 399 05ea 23       		.byte	0x23
 400 05eb 38       		.uleb128 0x38
 401 05ec 0E       		.uleb128 0xe
 402 05ed 49646C65 		.string	"IdleMeter"
 402      4D657465 
 402      7200
 403 05f7 01       		.byte	0x1
 404 05f8 1C04     		.uahalf	0x41c
 405 05fa 0B070000 		.uaword	0x70b
 406 05fe 02       		.byte	0x2
 407 05ff 23       		.byte	0x23
 408 0600 3C       		.uleb128 0x3c
 409 0601 0E       		.uleb128 0xe
 410 0602 41707041 		.string	"AppAccess"
 410      63636573 
 410      7300
 411 060c 01       		.byte	0x1
 412 060d 1D04     		.uahalf	0x41d
 413 060f 7E010000 		.uaword	0x17e
 414 0613 02       		.byte	0x2
 415 0614 23       		.byte	0x23
 416 0615 48       		.uleb128 0x48
 417 0616 0E       		.uleb128 0xe
 418 0617 4170704F 		.string	"AppOverride"
 418      76657272 
 418      69646500 
 419 0623 01       		.byte	0x1
 420 0624 1E04     		.uahalf	0x41e
 421 0626 560C0000 		.uaword	0xc56
 422 062a 02       		.byte	0x2
 423 062b 23       		.byte	0x23
 424 062c 49       		.uleb128 0x49
 425 062d 0E       		.uleb128 0xe
 426 062e 47657453 		.string	"GetStackValueAdjust"
 426      7461636B 
 426      56616C75 
 426      6541646A 
GAS Infineon TriCore Little Endian C:\\Users\\user1\\AppData\\Local\\Temp\\rta_RTAOS_638388406317960277_1736001\\ccRekaMA.s 			page 11


 426      75737400 
 427 0642 01       		.byte	0x1
 428 0643 1F04     		.uahalf	0x41f
 429 0645 98030000 		.uaword	0x398
 430 0649 02       		.byte	0x2
 431 064a 23       		.byte	0x23
 432 064b 4C       		.uleb128 0x4c
 433 064c 0E       		.uleb128 0xe
 434 064d 496E4572 		.string	"InErrorHook"
 434      726F7248 
 434      6F6F6B00 
 435 0659 01       		.byte	0x1
 436 065a 2004     		.uahalf	0x420
 437 065c 3F020000 		.uaword	0x23f
 438 0660 02       		.byte	0x2
 439 0661 23       		.byte	0x23
 440 0662 54       		.uleb128 0x54
 441 0663 0E       		.uleb128 0xe
 442 0664 496E5072 		.string	"InProtectionHook"
 442      6F746563 
 442      74696F6E 
 442      486F6F6B 
 442      00
 443 0675 01       		.byte	0x1
 444 0676 2104     		.uahalf	0x421
 445 0678 3F020000 		.uaword	0x23f
 446 067c 02       		.byte	0x2
 447 067d 23       		.byte	0x23
 448 067e 55       		.uleb128 0x55
 449 067f 0E       		.uleb128 0xe
 450 0680 436F7265 		.string	"CoreIsActive"
 450      49734163 
 450      74697665 
 450      00
 451 068d 01       		.byte	0x1
 452 068e 2204     		.uahalf	0x422
 453 0690 3F020000 		.uaword	0x23f
 454 0694 02       		.byte	0x2
 455 0695 23       		.byte	0x23
 456 0696 56       		.uleb128 0x56
 457 0697 0E       		.uleb128 0xe
 458 0698 496E5368 		.string	"InShutdownHook"
 458      7574646F 
 458      776E486F 
 458      6F6B00
 459 06a7 01       		.byte	0x1
 460 06a8 2304     		.uahalf	0x423
 461 06aa 3F020000 		.uaword	0x23f
 462 06ae 02       		.byte	0x2
 463 06af 23       		.byte	0x23
 464 06b0 57       		.uleb128 0x57
 465 06b1 00       		.byte	0
 466 06b2 08       		.uleb128 0x8
 467 06b3 04       		.byte	0x4
 468 06b4 4E020000 		.uaword	0x24e
 469 06b8 0D       		.uleb128 0xd
 470 06b9 4F735F4D 		.string	"Os_MeterInfoType_s"
GAS Infineon TriCore Little Endian C:\\Users\\user1\\AppData\\Local\\Temp\\rta_RTAOS_638388406317960277_1736001\\ccRekaMA.s 			page 12


 470      65746572 
 470      496E666F 
 470      54797065 
 470      5F7300
 471 06cc 0C       		.byte	0xc
 472 06cd 01       		.byte	0x1
 473 06ce 7201     		.uahalf	0x172
 474 06d0 0B070000 		.uaword	0x70b
 475 06d4 0E       		.uleb128 0xe
 476 06d5 656C6170 		.string	"elapsed"
 476      73656400 
 477 06dd 01       		.byte	0x1
 478 06de 7301     		.uahalf	0x173
 479 06e0 4C040000 		.uaword	0x44c
 480 06e4 02       		.byte	0x2
 481 06e5 23       		.byte	0x23
 482 06e6 00       		.uleb128 0
 483 06e7 0E       		.uleb128 0xe
 484 06e8 70726576 		.string	"previous"
 484      696F7573 
 484      00
 485 06f1 01       		.byte	0x1
 486 06f2 7401     		.uahalf	0x174
 487 06f4 4C040000 		.uaword	0x44c
 488 06f8 02       		.byte	0x2
 489 06f9 23       		.byte	0x23
 490 06fa 04       		.uleb128 0x4
 491 06fb 0E       		.uleb128 0xe
 492 06fc 6D617800 		.string	"max"
 493 0700 01       		.byte	0x1
 494 0701 7501     		.uahalf	0x175
 495 0703 4C040000 		.uaword	0x44c
 496 0707 02       		.byte	0x2
 497 0708 23       		.byte	0x23
 498 0709 08       		.uleb128 0x8
 499 070a 00       		.byte	0
 500 070b 0B       		.uleb128 0xb
 501 070c 4F735F4D 		.string	"Os_MeterInfoType"
 501      65746572 
 501      496E666F 
 501      54797065 
 501      00
 502 071d 01       		.byte	0x1
 503 071e 7601     		.uahalf	0x176
 504 0720 B8060000 		.uaword	0x6b8
 505 0724 0B       		.uleb128 0xb
 506 0725 4F735F4D 		.string	"Os_MeterInfoRefType"
 506      65746572 
 506      496E666F 
 506      52656654 
 506      79706500 
 507 0739 01       		.byte	0x1
 508 073a 7701     		.uahalf	0x177
 509 073c 40070000 		.uaword	0x740
 510 0740 08       		.uleb128 0x8
 511 0741 04       		.byte	0x4
 512 0742 0B070000 		.uaword	0x70b
GAS Infineon TriCore Little Endian C:\\Users\\user1\\AppData\\Local\\Temp\\rta_RTAOS_638388406317960277_1736001\\ccRekaMA.s 			page 13


 513 0746 0B       		.uleb128 0xb
 514 0747 4F735F69 		.string	"Os_imaskType"
 514      6D61736B 
 514      54797065 
 514      00
 515 0754 01       		.byte	0x1
 516 0755 7F01     		.uahalf	0x17f
 517 0757 C0010000 		.uaword	0x1c0
 518 075b 0D       		.uleb128 0xd
 519 075c 4F735F49 		.string	"Os_ISRDynType_s"
 519      53524479 
 519      6E547970 
 519      655F7300 
 520 076c 10       		.byte	0x10
 521 076d 01       		.byte	0x1
 522 076e 8101     		.uahalf	0x181
 523 0770 AC070000 		.uaword	0x7ac
 524 0774 0F       		.uleb128 0xf
 525 0775 00000000 		.uaword	.LASF0
 526 0779 01       		.byte	0x1
 527 077a 8201     		.uahalf	0x182
 528 077c 26030000 		.uaword	0x326
 529 0780 02       		.byte	0x2
 530 0781 23       		.byte	0x23
 531 0782 00       		.uleb128 0
 532 0783 0E       		.uleb128 0xe
 533 0784 7465726D 		.string	"terminating"
 533      696E6174 
 533      696E6700 
 534 0790 01       		.byte	0x1
 535 0791 8301     		.uahalf	0x183
 536 0793 3F020000 		.uaword	0x23f
 537 0797 02       		.byte	0x2
 538 0798 23       		.byte	0x23
 539 0799 01       		.uleb128 0x1
 540 079a 0E       		.uleb128 0xe
 541 079b 6D657465 		.string	"meter"
 541      7200
 542 07a1 01       		.byte	0x1
 543 07a2 8401     		.uahalf	0x184
 544 07a4 0B070000 		.uaword	0x70b
 545 07a8 02       		.byte	0x2
 546 07a9 23       		.byte	0x23
 547 07aa 04       		.uleb128 0x4
 548 07ab 00       		.byte	0
 549 07ac 0B       		.uleb128 0xb
 550 07ad 4F735F49 		.string	"Os_ISRDynType"
 550      53524479 
 550      6E547970 
 550      6500
 551 07bb 01       		.byte	0x1
 552 07bc 8501     		.uahalf	0x185
 553 07be 5B070000 		.uaword	0x75b
 554 07c2 0B       		.uleb128 0xb
 555 07c3 4F735F49 		.string	"Os_IsrTerminatedFunctionType"
 555      73725465 
 555      726D696E 
GAS Infineon TriCore Little Endian C:\\Users\\user1\\AppData\\Local\\Temp\\rta_RTAOS_638388406317960277_1736001\\ccRekaMA.s 			page 14


 555      61746564 
 555      46756E63 
 556 07e0 01       		.byte	0x1
 557 07e1 8601     		.uahalf	0x186
 558 07e3 CF030000 		.uaword	0x3cf
 559 07e7 0D       		.uleb128 0xd
 560 07e8 4F735F49 		.string	"Os_ISRType_s"
 560      53525479 
 560      70655F73 
 560      00
 561 07f5 18       		.byte	0x18
 562 07f6 01       		.byte	0x1
 563 07f7 8701     		.uahalf	0x187
 564 07f9 82080000 		.uaword	0x882
 565 07fd 0F       		.uleb128 0xf
 566 07fe 00000000 		.uaword	.LASF1
 567 0802 01       		.byte	0x1
 568 0803 8801     		.uahalf	0x188
 569 0805 B0030000 		.uaword	0x3b0
 570 0809 02       		.byte	0x2
 571 080a 23       		.byte	0x23
 572 080b 00       		.uleb128 0
 573 080c 0E       		.uleb128 0xe
 574 080d 7465726D 		.string	"terminated_function"
 574      696E6174 
 574      65645F66 
 574      756E6374 
 574      696F6E00 
 575 0821 01       		.byte	0x1
 576 0822 8901     		.uahalf	0x189
 577 0824 C2070000 		.uaword	0x7c2
 578 0828 02       		.byte	0x2
 579 0829 23       		.byte	0x23
 580 082a 04       		.uleb128 0x4
 581 082b 0E       		.uleb128 0xe
 582 082c 64796E61 		.string	"dynamic"
 582      6D696300 
 583 0834 01       		.byte	0x1
 584 0835 8A01     		.uahalf	0x18a
 585 0837 82080000 		.uaword	0x882
 586 083b 02       		.byte	0x2
 587 083c 23       		.byte	0x23
 588 083d 08       		.uleb128 0x8
 589 083e 0E       		.uleb128 0xe
 590 083f 696D6173 		.string	"imask"
 590      6B00
 591 0845 01       		.byte	0x1
 592 0846 8B01     		.uahalf	0x18b
 593 0848 46070000 		.uaword	0x746
 594 084c 02       		.byte	0x2
 595 084d 23       		.byte	0x23
 596 084e 0C       		.uleb128 0xc
 597 084f 0E       		.uleb128 0xe
 598 0850 696E6465 		.string	"index"
 598      7800
 599 0856 01       		.byte	0x1
 600 0857 8C01     		.uahalf	0x18c
GAS Infineon TriCore Little Endian C:\\Users\\user1\\AppData\\Local\\Temp\\rta_RTAOS_638388406317960277_1736001\\ccRekaMA.s 			page 15


 601 0859 C0010000 		.uaword	0x1c0
 602 085d 02       		.byte	0x2
 603 085e 23       		.byte	0x23
 604 085f 10       		.uleb128 0x10
 605 0860 0E       		.uleb128 0xe
 606 0861 61636365 		.string	"access"
 606      737300
 607 0868 01       		.byte	0x1
 608 0869 8D01     		.uahalf	0x18d
 609 086b 7E010000 		.uaword	0x17e
 610 086f 02       		.byte	0x2
 611 0870 23       		.byte	0x23
 612 0871 14       		.uleb128 0x14
 613 0872 0F       		.uleb128 0xf
 614 0873 00000000 		.uaword	.LASF2
 615 0877 01       		.byte	0x1
 616 0878 8E01     		.uahalf	0x18e
 617 087a D7030000 		.uaword	0x3d7
 618 087e 02       		.byte	0x2
 619 087f 23       		.byte	0x23
 620 0880 15       		.uleb128 0x15
 621 0881 00       		.byte	0
 622 0882 0A       		.uleb128 0xa
 623 0883 87080000 		.uaword	0x887
 624 0887 08       		.uleb128 0x8
 625 0888 04       		.byte	0x4
 626 0889 AC070000 		.uaword	0x7ac
 627 088d 0B       		.uleb128 0xb
 628 088e 4F735F49 		.string	"Os_ISRType"
 628      53525479 
 628      706500
 629 0899 01       		.byte	0x1
 630 089a 8F01     		.uahalf	0x18f
 631 089c E7070000 		.uaword	0x7e7
 632 08a0 0B       		.uleb128 0xb
 633 08a1 49535254 		.string	"ISRType"
 633      79706500 
 634 08a9 01       		.byte	0x1
 635 08aa 9001     		.uahalf	0x190
 636 08ac B0080000 		.uaword	0x8b0
 637 08b0 08       		.uleb128 0x8
 638 08b1 04       		.byte	0x4
 639 08b2 B6080000 		.uaword	0x8b6
 640 08b6 0A       		.uleb128 0xa
 641 08b7 8D080000 		.uaword	0x88d
 642 08bb 0B       		.uleb128 0xb
 643 08bc 4F735F62 		.string	"Os_bitmask"
 643      69746D61 
 643      736B00
 644 08c7 01       		.byte	0x1
 645 08c8 A201     		.uahalf	0x1a2
 646 08ca CE010000 		.uaword	0x1ce
 647 08ce 0B       		.uleb128 0xb
 648 08cf 4F735F70 		.string	"Os_pset0Type"
 648      73657430 
 648      54797065 
 648      00
GAS Infineon TriCore Little Endian C:\\Users\\user1\\AppData\\Local\\Temp\\rta_RTAOS_638388406317960277_1736001\\ccRekaMA.s 			page 16


 649 08dc 01       		.byte	0x1
 650 08dd A301     		.uahalf	0x1a3
 651 08df BB080000 		.uaword	0x8bb
 652 08e3 0B       		.uleb128 0xb
 653 08e4 4F735F70 		.string	"Os_pset1Type"
 653      73657431 
 653      54797065 
 653      00
 654 08f1 01       		.byte	0x1
 655 08f2 A401     		.uahalf	0x1a4
 656 08f4 BB080000 		.uaword	0x8bb
 657 08f8 0B       		.uleb128 0xb
 658 08f9 4F735F70 		.string	"Os_pset2Type"
 658      73657432 
 658      54797065 
 658      00
 659 0906 01       		.byte	0x1
 660 0907 A501     		.uahalf	0x1a5
 661 0909 BB080000 		.uaword	0x8bb
 662 090d 10       		.uleb128 0x10
 663 090e 04       		.byte	0x4
 664 090f 01       		.byte	0x1
 665 0910 A601     		.uahalf	0x1a6
 666 0912 38090000 		.uaword	0x938
 667 0916 11       		.uleb128 0x11
 668 0917 703000   		.string	"p0"
 669 091a 01       		.byte	0x1
 670 091b A701     		.uahalf	0x1a7
 671 091d CE080000 		.uaword	0x8ce
 672 0921 11       		.uleb128 0x11
 673 0922 703100   		.string	"p1"
 674 0925 01       		.byte	0x1
 675 0926 A801     		.uahalf	0x1a8
 676 0928 E3080000 		.uaword	0x8e3
 677 092c 11       		.uleb128 0x11
 678 092d 703200   		.string	"p2"
 679 0930 01       		.byte	0x1
 680 0931 A901     		.uahalf	0x1a9
 681 0933 F8080000 		.uaword	0x8f8
 682 0937 00       		.byte	0
 683 0938 0B       		.uleb128 0xb
 684 0939 4F735F70 		.string	"Os_psetType"
 684      73657454 
 684      79706500 
 685 0945 01       		.byte	0x1
 686 0946 AA01     		.uahalf	0x1aa
 687 0948 0D090000 		.uaword	0x90d
 688 094c 10       		.uleb128 0x10
 689 094d 04       		.byte	0x4
 690 094e 01       		.byte	0x1
 691 094f AC01     		.uahalf	0x1ac
 692 0951 77090000 		.uaword	0x977
 693 0955 11       		.uleb128 0x11
 694 0956 743000   		.string	"t0"
 695 0959 01       		.byte	0x1
 696 095a AD01     		.uahalf	0x1ad
 697 095c BB080000 		.uaword	0x8bb
GAS Infineon TriCore Little Endian C:\\Users\\user1\\AppData\\Local\\Temp\\rta_RTAOS_638388406317960277_1736001\\ccRekaMA.s 			page 17


 698 0960 11       		.uleb128 0x11
 699 0961 743100   		.string	"t1"
 700 0964 01       		.byte	0x1
 701 0965 AE01     		.uahalf	0x1ae
 702 0967 BB080000 		.uaword	0x8bb
 703 096b 11       		.uleb128 0x11
 704 096c 743200   		.string	"t2"
 705 096f 01       		.byte	0x1
 706 0970 AF01     		.uahalf	0x1af
 707 0972 BB080000 		.uaword	0x8bb
 708 0976 00       		.byte	0
 709 0977 0B       		.uleb128 0xb
 710 0978 4F735F74 		.string	"Os_tpmaskType"
 710      706D6173 
 710      6B547970 
 710      6500
 711 0986 01       		.byte	0x1
 712 0987 B001     		.uahalf	0x1b0
 713 0989 4C090000 		.uaword	0x94c
 714 098d 0B       		.uleb128 0xb
 715 098e 4F735F41 		.string	"Os_ActivationCountType"
 715      63746976 
 715      6174696F 
 715      6E436F75 
 715      6E745479 
 716 09a5 01       		.byte	0x1
 717 09a6 B101     		.uahalf	0x1b1
 718 09a8 8B010000 		.uaword	0x18b
 719 09ac 0D       		.uleb128 0xd
 720 09ad 4F735F54 		.string	"Os_TaskDynType_s"
 720      61736B44 
 720      796E5479 
 720      70655F73 
 720      00
 721 09be 5C       		.byte	0x5c
 722 09bf 01       		.byte	0x1
 723 09c0 B301     		.uahalf	0x1b3
 724 09c2 670A0000 		.uaword	0xa67
 725 09c6 0E       		.uleb128 0xe
 726 09c7 6C617374 		.string	"last_activation"
 726      5F616374 
 726      69766174 
 726      696F6E00 
 727 09d7 01       		.byte	0x1
 728 09d8 B401     		.uahalf	0x1b4
 729 09da 4C040000 		.uaword	0x44c
 730 09de 02       		.byte	0x2
 731 09df 23       		.byte	0x23
 732 09e0 00       		.uleb128 0
 733 09e1 0E       		.uleb128 0xe
 734 09e2 7465726D 		.string	"terminate_jump_buf"
 734      696E6174 
 734      655F6A75 
 734      6D705F62 
 734      756600
 735 09f5 01       		.byte	0x1
 736 09f6 B501     		.uahalf	0x1b5
GAS Infineon TriCore Little Endian C:\\Users\\user1\\AppData\\Local\\Temp\\rta_RTAOS_638388406317960277_1736001\\ccRekaMA.s 			page 18


 737 09f8 00030000 		.uaword	0x300
 738 09fc 02       		.byte	0x2
 739 09fd 23       		.byte	0x23
 740 09fe 04       		.uleb128 0x4
 741 09ff 0E       		.uleb128 0xe
 742 0a00 6D657465 		.string	"meter"
 742      7200
 743 0a06 01       		.byte	0x1
 744 0a07 B601     		.uahalf	0x1b6
 745 0a09 0B070000 		.uaword	0x70b
 746 0a0d 02       		.byte	0x2
 747 0a0e 23       		.byte	0x23
 748 0a0f 48       		.uleb128 0x48
 749 0a10 0E       		.uleb128 0xe
 750 0a11 7365656E 		.string	"seen_activation"
 750      5F616374 
 750      69766174 
 750      696F6E00 
 751 0a21 01       		.byte	0x1
 752 0a22 B701     		.uahalf	0x1b7
 753 0a24 3F020000 		.uaword	0x23f
 754 0a28 02       		.byte	0x2
 755 0a29 23       		.byte	0x23
 756 0a2a 54       		.uleb128 0x54
 757 0a2b 0F       		.uleb128 0xf
 758 0a2c 00000000 		.uaword	.LASF3
 759 0a30 01       		.byte	0x1
 760 0a31 B801     		.uahalf	0x1b8
 761 0a33 8D090000 		.uaword	0x98d
 762 0a37 02       		.byte	0x2
 763 0a38 23       		.byte	0x23
 764 0a39 55       		.uleb128 0x55
 765 0a3a 0F       		.uleb128 0xf
 766 0a3b 00000000 		.uaword	.LASF0
 767 0a3f 01       		.byte	0x1
 768 0a40 B901     		.uahalf	0x1b9
 769 0a42 26030000 		.uaword	0x326
 770 0a46 02       		.byte	0x2
 771 0a47 23       		.byte	0x23
 772 0a48 56       		.uleb128 0x56
 773 0a49 0E       		.uleb128 0xe
 774 0a4a 7465726D 		.string	"termination_state"
 774      696E6174 
 774      696F6E5F 
 774      73746174 
 774      6500
 775 0a5c 01       		.byte	0x1
 776 0a5d BA01     		.uahalf	0x1ba
 777 0a5f C0010000 		.uaword	0x1c0
 778 0a63 02       		.byte	0x2
 779 0a64 23       		.byte	0x23
 780 0a65 58       		.uleb128 0x58
 781 0a66 00       		.byte	0
 782 0a67 0B       		.uleb128 0xb
 783 0a68 4F735F54 		.string	"Os_TaskDynType"
 783      61736B44 
 783      796E5479 
GAS Infineon TriCore Little Endian C:\\Users\\user1\\AppData\\Local\\Temp\\rta_RTAOS_638388406317960277_1736001\\ccRekaMA.s 			page 19


 783      706500
 784 0a77 01       		.byte	0x1
 785 0a78 BB01     		.uahalf	0x1bb
 786 0a7a AC090000 		.uaword	0x9ac
 787 0a7e 0D       		.uleb128 0xd
 788 0a7f 4F735F54 		.string	"Os_TaskType_s"
 788      61736B54 
 788      7970655F 
 788      7300
 789 0a8d 20       		.byte	0x20
 790 0a8e 01       		.byte	0x1
 791 0a8f BD01     		.uahalf	0x1bd
 792 0a91 450B0000 		.uaword	0xb45
 793 0a95 0E       		.uleb128 0xe
 794 0a96 64796E61 		.string	"dynamic"
 794      6D696300 
 795 0a9e 01       		.byte	0x1
 796 0a9f BE01     		.uahalf	0x1be
 797 0aa1 450B0000 		.uaword	0xb45
 798 0aa5 02       		.byte	0x2
 799 0aa6 23       		.byte	0x23
 800 0aa7 00       		.uleb128 0
 801 0aa8 0F       		.uleb128 0xf
 802 0aa9 00000000 		.uaword	.LASF1
 803 0aad 01       		.byte	0x1
 804 0aae BF01     		.uahalf	0x1bf
 805 0ab0 B0030000 		.uaword	0x3b0
 806 0ab4 02       		.byte	0x2
 807 0ab5 23       		.byte	0x23
 808 0ab6 04       		.uleb128 0x4
 809 0ab7 0E       		.uleb128 0xe
 810 0ab8 70736574 		.string	"pset"
 810      00
 811 0abd 01       		.byte	0x1
 812 0abe C001     		.uahalf	0x1c0
 813 0ac0 38090000 		.uaword	0x938
 814 0ac4 02       		.byte	0x2
 815 0ac5 23       		.byte	0x23
 816 0ac6 08       		.uleb128 0x8
 817 0ac7 0E       		.uleb128 0xe
 818 0ac8 62617365 		.string	"base_tpmask"
 818      5F74706D 
 818      61736B00 
 819 0ad4 01       		.byte	0x1
 820 0ad5 C101     		.uahalf	0x1c1
 821 0ad7 77090000 		.uaword	0x977
 822 0adb 02       		.byte	0x2
 823 0adc 23       		.byte	0x23
 824 0add 0C       		.uleb128 0xc
 825 0ade 0E       		.uleb128 0xe
 826 0adf 74706D61 		.string	"tpmask"
 826      736B00
 827 0ae6 01       		.byte	0x1
 828 0ae7 C201     		.uahalf	0x1c2
 829 0ae9 77090000 		.uaword	0x977
 830 0aed 02       		.byte	0x2
 831 0aee 23       		.byte	0x23
GAS Infineon TriCore Little Endian C:\\Users\\user1\\AppData\\Local\\Temp\\rta_RTAOS_638388406317960277_1736001\\ccRekaMA.s 			page 20


 832 0aef 10       		.uleb128 0x10
 833 0af0 0E       		.uleb128 0xe
 834 0af1 636F7265 		.string	"core_id"
 834      5F696400 
 835 0af9 01       		.byte	0x1
 836 0afa C301     		.uahalf	0x1c3
 837 0afc 9C040000 		.uaword	0x49c
 838 0b00 02       		.byte	0x2
 839 0b01 23       		.byte	0x23
 840 0b02 14       		.uleb128 0x14
 841 0b03 0E       		.uleb128 0xe
 842 0b04 696E6465 		.string	"index"
 842      7800
 843 0b0a 01       		.byte	0x1
 844 0b0b C401     		.uahalf	0x1c4
 845 0b0d C0010000 		.uaword	0x1c0
 846 0b11 02       		.byte	0x2
 847 0b12 23       		.byte	0x23
 848 0b13 18       		.uleb128 0x18
 849 0b14 0F       		.uleb128 0xf
 850 0b15 00000000 		.uaword	.LASF3
 851 0b19 01       		.byte	0x1
 852 0b1a C501     		.uahalf	0x1c5
 853 0b1c 8D090000 		.uaword	0x98d
 854 0b20 02       		.byte	0x2
 855 0b21 23       		.byte	0x23
 856 0b22 1C       		.uleb128 0x1c
 857 0b23 0E       		.uleb128 0xe
 858 0b24 61636365 		.string	"access"
 858      737300
 859 0b2b 01       		.byte	0x1
 860 0b2c C601     		.uahalf	0x1c6
 861 0b2e 7E010000 		.uaword	0x17e
 862 0b32 02       		.byte	0x2
 863 0b33 23       		.byte	0x23
 864 0b34 1D       		.uleb128 0x1d
 865 0b35 0F       		.uleb128 0xf
 866 0b36 00000000 		.uaword	.LASF2
 867 0b3a 01       		.byte	0x1
 868 0b3b C701     		.uahalf	0x1c7
 869 0b3d D7030000 		.uaword	0x3d7
 870 0b41 02       		.byte	0x2
 871 0b42 23       		.byte	0x23
 872 0b43 1E       		.uleb128 0x1e
 873 0b44 00       		.byte	0
 874 0b45 0A       		.uleb128 0xa
 875 0b46 4A0B0000 		.uaword	0xb4a
 876 0b4a 08       		.uleb128 0x8
 877 0b4b 04       		.byte	0x4
 878 0b4c 670A0000 		.uaword	0xa67
 879 0b50 0B       		.uleb128 0xb
 880 0b51 4F735F54 		.string	"Os_TaskType"
 880      61736B54 
 880      79706500 
 881 0b5d 01       		.byte	0x1
 882 0b5e C801     		.uahalf	0x1c8
 883 0b60 7E0A0000 		.uaword	0xa7e
GAS Infineon TriCore Little Endian C:\\Users\\user1\\AppData\\Local\\Temp\\rta_RTAOS_638388406317960277_1736001\\ccRekaMA.s 			page 21


 884 0b64 0B       		.uleb128 0xb
 885 0b65 5461736B 		.string	"TaskType"
 885      54797065 
 885      00
 886 0b6e 01       		.byte	0x1
 887 0b6f C901     		.uahalf	0x1c9
 888 0b71 750B0000 		.uaword	0xb75
 889 0b75 08       		.uleb128 0x8
 890 0b76 04       		.byte	0x4
 891 0b77 7B0B0000 		.uaword	0xb7b
 892 0b7b 0A       		.uleb128 0xa
 893 0b7c 500B0000 		.uaword	0xb50
 894 0b80 0B       		.uleb128 0xb
 895 0b81 4F535365 		.string	"OSServiceIdType"
 895      72766963 
 895      65496454 
 895      79706500 
 896 0b91 01       		.byte	0x1
 897 0b92 5102     		.uahalf	0x251
 898 0b94 8B010000 		.uaword	0x18b
 899 0b98 0B       		.uleb128 0xb
 900 0b99 4F735F42 		.string	"Os_BiggestType"
 900      69676765 
 900      73745479 
 900      706500
 901 0ba8 01       		.byte	0x1
 902 0ba9 2503     		.uahalf	0x325
 903 0bab CE010000 		.uaword	0x1ce
 904 0baf 12       		.uleb128 0x12
 905 0bb0 10       		.byte	0x10
 906 0bb1 01       		.byte	0x1
 907 0bb2 2703     		.uahalf	0x327
 908 0bb4 1D0C0000 		.uaword	0xc1d
 909 0bb8 0E       		.uleb128 0xe
 910 0bb9 73657276 		.string	"service_id"
 910      6963655F 
 910      696400
 911 0bc4 01       		.byte	0x1
 912 0bc5 2803     		.uahalf	0x328
 913 0bc7 800B0000 		.uaword	0xb80
 914 0bcb 02       		.byte	0x2
 915 0bcc 23       		.byte	0x23
 916 0bcd 00       		.uleb128 0
 917 0bce 0E       		.uleb128 0xe
 918 0bcf 73657276 		.string	"service_param1"
 918      6963655F 
 918      70617261 
 918      6D3100
 919 0bde 01       		.byte	0x1
 920 0bdf 2903     		.uahalf	0x329
 921 0be1 980B0000 		.uaword	0xb98
 922 0be5 02       		.byte	0x2
 923 0be6 23       		.byte	0x23
 924 0be7 04       		.uleb128 0x4
 925 0be8 0E       		.uleb128 0xe
 926 0be9 73657276 		.string	"service_param2"
 926      6963655F 
GAS Infineon TriCore Little Endian C:\\Users\\user1\\AppData\\Local\\Temp\\rta_RTAOS_638388406317960277_1736001\\ccRekaMA.s 			page 22


 926      70617261 
 926      6D3200
 927 0bf8 01       		.byte	0x1
 928 0bf9 2A03     		.uahalf	0x32a
 929 0bfb 980B0000 		.uaword	0xb98
 930 0bff 02       		.byte	0x2
 931 0c00 23       		.byte	0x23
 932 0c01 08       		.uleb128 0x8
 933 0c02 0E       		.uleb128 0xe
 934 0c03 73657276 		.string	"service_param3"
 934      6963655F 
 934      70617261 
 934      6D3300
 935 0c12 01       		.byte	0x1
 936 0c13 2B03     		.uahalf	0x32b
 937 0c15 980B0000 		.uaword	0xb98
 938 0c19 02       		.byte	0x2
 939 0c1a 23       		.byte	0x23
 940 0c1b 0C       		.uleb128 0xc
 941 0c1c 00       		.byte	0
 942 0c1d 0B       		.uleb128 0xb
 943 0c1e 4F735F45 		.string	"Os_ErrorInformationType"
 943      72726F72 
 943      496E666F 
 943      726D6174 
 943      696F6E54 
 944 0c36 01       		.byte	0x1
 945 0c37 2C03     		.uahalf	0x32c
 946 0c39 AF0B0000 		.uaword	0xbaf
 947 0c3d 0C       		.uleb128 0xc
 948 0c3e 38090000 		.uaword	0x938
 949 0c42 0C       		.uleb128 0xc
 950 0c43 A0080000 		.uaword	0x8a0
 951 0c47 0C       		.uleb128 0xc
 952 0c48 640B0000 		.uaword	0xb64
 953 0c4c 0C       		.uleb128 0xc
 954 0c4d 77090000 		.uaword	0x977
 955 0c51 0C       		.uleb128 0xc
 956 0c52 68040000 		.uaword	0x468
 957 0c56 0C       		.uleb128 0xc
 958 0c57 D7030000 		.uaword	0x3d7
 959 0c5b 0B       		.uleb128 0xb
 960 0c5c 4F735F43 		.string	"Os_ControlledCoreType"
 960      6F6E7472 
 960      6F6C6C65 
 960      64436F72 
 960      65547970 
 961 0c72 01       		.byte	0x1
 962 0c73 2404     		.uahalf	0x424
 963 0c75 B4040000 		.uaword	0x4b4
 964 0c79 13       		.uleb128 0x13
 965 0c7a 01       		.byte	0x1
 966 0c7b 4F735F43 		.string	"Os_CheckPeripheralAccess"
 966      6865636B 
 966      50657269 
 966      70686572 
 966      616C4163 
GAS Infineon TriCore Little Endian C:\\Users\\user1\\AppData\\Local\\Temp\\rta_RTAOS_638388406317960277_1736001\\ccRekaMA.s 			page 23


 967 0c94 01       		.byte	0x1
 968 0c95 2708     		.uahalf	0x827
 969 0c97 01       		.byte	0x1
 970 0c98 00000000 		.uaword	.LFB0
 971 0c9c 00000000 		.uaword	.LFE0
 972 0ca0 02       		.byte	0x2
 973 0ca1 8A       		.byte	0x8a
 974 0ca2 00       		.sleb128 0
 975 0ca3 01       		.byte	0x1
 976 0ca4 1C0D0000 		.uaword	0xd1c
 977 0ca8 14       		.uleb128 0x14
 978 0ca9 6F735F63 		.string	"os_current_controlled_core"
 978      75727265 
 978      6E745F63 
 978      6F6E7472 
 978      6F6C6C65 
 979 0cc4 01       		.byte	0x1
 980 0cc5 2808     		.uahalf	0x828
 981 0cc7 1C0D0000 		.uaword	0xd1c
 982 0ccb 01       		.byte	0x1
 983 0ccc 64       		.byte	0x64
 984 0ccd 14       		.uleb128 0x14
 985 0cce 65727200 		.string	"err"
 986 0cd2 01       		.byte	0x1
 987 0cd3 2908     		.uahalf	0x829
 988 0cd5 B2060000 		.uaword	0x6b2
 989 0cd9 01       		.byte	0x1
 990 0cda 65       		.byte	0x65
 991 0cdb 14       		.uleb128 0x14
 992 0cdc 41726561 		.string	"Area"
 992      00
 993 0ce1 01       		.byte	0x1
 994 0ce2 2A08     		.uahalf	0x82a
 995 0ce4 EE030000 		.uaword	0x3ee
 996 0ce8 01       		.byte	0x1
 997 0ce9 54       		.byte	0x54
 998 0cea 14       		.uleb128 0x14
 999 0ceb 61646472 		.string	"address"
 999      65737300 
 1000 0cf3 01       		.byte	0x1
 1001 0cf4 2B08     		.uahalf	0x82b
 1002 0cf6 00040000 		.uaword	0x400
 1003 0cfa 01       		.byte	0x1
 1004 0cfb 66       		.byte	0x66
 1005 0cfc 14       		.uleb128 0x14
 1006 0cfd 656E6449 		.string	"endIndexInBytes"
 1006      6E646578 
 1006      496E4279 
 1006      74657300 
 1007 0d0d 01       		.byte	0x1
 1008 0d0e 2C08     		.uahalf	0x82c
 1009 0d10 2C040000 		.uaword	0x42c
 1010 0d14 06       		.byte	0x6
 1011 0d15 56       		.byte	0x56
 1012 0d16 93       		.byte	0x93
 1013 0d17 04       		.uleb128 0x4
 1014 0d18 57       		.byte	0x57
GAS Infineon TriCore Little Endian C:\\Users\\user1\\AppData\\Local\\Temp\\rta_RTAOS_638388406317960277_1736001\\ccRekaMA.s 			page 24


 1015 0d19 93       		.byte	0x93
 1016 0d1a 04       		.uleb128 0x4
 1017 0d1b 00       		.byte	0
 1018 0d1c 08       		.uleb128 0x8
 1019 0d1d 04       		.byte	0x4
 1020 0d1e 220D0000 		.uaword	0xd22
 1021 0d22 0A       		.uleb128 0xa
 1022 0d23 5B0C0000 		.uaword	0xc5b
 1023 0d27 00       		.byte	0
 1024              	.section .debug_abbrev,"",@progbits
 1025              	.Ldebug_abbrev0:
 1026 0000 01       		.uleb128 0x1
 1027 0001 11       		.uleb128 0x11
 1028 0002 01       		.byte	0x1
 1029 0003 25       		.uleb128 0x25
 1030 0004 08       		.uleb128 0x8
 1031 0005 13       		.uleb128 0x13
 1032 0006 0B       		.uleb128 0xb
 1033 0007 03       		.uleb128 0x3
 1034 0008 08       		.uleb128 0x8
 1035 0009 55       		.uleb128 0x55
 1036 000a 06       		.uleb128 0x6
 1037 000b 11       		.uleb128 0x11
 1038 000c 01       		.uleb128 0x1
 1039 000d 52       		.uleb128 0x52
 1040 000e 01       		.uleb128 0x1
 1041 000f 10       		.uleb128 0x10
 1042 0010 06       		.uleb128 0x6
 1043 0011 00       		.byte	0
 1044 0012 00       		.byte	0
 1045 0013 02       		.uleb128 0x2
 1046 0014 16       		.uleb128 0x16
 1047 0015 00       		.byte	0
 1048 0016 03       		.uleb128 0x3
 1049 0017 08       		.uleb128 0x8
 1050 0018 3A       		.uleb128 0x3a
 1051 0019 0B       		.uleb128 0xb
 1052 001a 3B       		.uleb128 0x3b
 1053 001b 0B       		.uleb128 0xb
 1054 001c 49       		.uleb128 0x49
 1055 001d 13       		.uleb128 0x13
 1056 001e 00       		.byte	0
 1057 001f 00       		.byte	0
 1058 0020 03       		.uleb128 0x3
 1059 0021 24       		.uleb128 0x24
 1060 0022 00       		.byte	0
 1061 0023 0B       		.uleb128 0xb
 1062 0024 0B       		.uleb128 0xb
 1063 0025 3E       		.uleb128 0x3e
 1064 0026 0B       		.uleb128 0xb
 1065 0027 03       		.uleb128 0x3
 1066 0028 08       		.uleb128 0x8
 1067 0029 00       		.byte	0
 1068 002a 00       		.byte	0
 1069 002b 04       		.uleb128 0x4
 1070 002c 13       		.uleb128 0x13
 1071 002d 01       		.byte	0x1
GAS Infineon TriCore Little Endian C:\\Users\\user1\\AppData\\Local\\Temp\\rta_RTAOS_638388406317960277_1736001\\ccRekaMA.s 			page 25


 1072 002e 0B       		.uleb128 0xb
 1073 002f 0B       		.uleb128 0xb
 1074 0030 3A       		.uleb128 0x3a
 1075 0031 0B       		.uleb128 0xb
 1076 0032 3B       		.uleb128 0x3b
 1077 0033 0B       		.uleb128 0xb
 1078 0034 01       		.uleb128 0x1
 1079 0035 13       		.uleb128 0x13
 1080 0036 00       		.byte	0
 1081 0037 00       		.byte	0
 1082 0038 05       		.uleb128 0x5
 1083 0039 0D       		.uleb128 0xd
 1084 003a 00       		.byte	0
 1085 003b 03       		.uleb128 0x3
 1086 003c 08       		.uleb128 0x8
 1087 003d 3A       		.uleb128 0x3a
 1088 003e 0B       		.uleb128 0xb
 1089 003f 3B       		.uleb128 0x3b
 1090 0040 0B       		.uleb128 0xb
 1091 0041 49       		.uleb128 0x49
 1092 0042 13       		.uleb128 0x13
 1093 0043 38       		.uleb128 0x38
 1094 0044 0A       		.uleb128 0xa
 1095 0045 00       		.byte	0
 1096 0046 00       		.byte	0
 1097 0047 06       		.uleb128 0x6
 1098 0048 01       		.uleb128 0x1
 1099 0049 01       		.byte	0x1
 1100 004a 49       		.uleb128 0x49
 1101 004b 13       		.uleb128 0x13
 1102 004c 01       		.uleb128 0x1
 1103 004d 13       		.uleb128 0x13
 1104 004e 00       		.byte	0
 1105 004f 00       		.byte	0
 1106 0050 07       		.uleb128 0x7
 1107 0051 21       		.uleb128 0x21
 1108 0052 00       		.byte	0
 1109 0053 49       		.uleb128 0x49
 1110 0054 13       		.uleb128 0x13
 1111 0055 2F       		.uleb128 0x2f
 1112 0056 0B       		.uleb128 0xb
 1113 0057 00       		.byte	0
 1114 0058 00       		.byte	0
 1115 0059 08       		.uleb128 0x8
 1116 005a 0F       		.uleb128 0xf
 1117 005b 00       		.byte	0
 1118 005c 0B       		.uleb128 0xb
 1119 005d 0B       		.uleb128 0xb
 1120 005e 49       		.uleb128 0x49
 1121 005f 13       		.uleb128 0x13
 1122 0060 00       		.byte	0
 1123 0061 00       		.byte	0
 1124 0062 09       		.uleb128 0x9
 1125 0063 15       		.uleb128 0x15
 1126 0064 00       		.byte	0
 1127 0065 27       		.uleb128 0x27
 1128 0066 0C       		.uleb128 0xc
GAS Infineon TriCore Little Endian C:\\Users\\user1\\AppData\\Local\\Temp\\rta_RTAOS_638388406317960277_1736001\\ccRekaMA.s 			page 26


 1129 0067 00       		.byte	0
 1130 0068 00       		.byte	0
 1131 0069 0A       		.uleb128 0xa
 1132 006a 26       		.uleb128 0x26
 1133 006b 00       		.byte	0
 1134 006c 49       		.uleb128 0x49
 1135 006d 13       		.uleb128 0x13
 1136 006e 00       		.byte	0
 1137 006f 00       		.byte	0
 1138 0070 0B       		.uleb128 0xb
 1139 0071 16       		.uleb128 0x16
 1140 0072 00       		.byte	0
 1141 0073 03       		.uleb128 0x3
 1142 0074 08       		.uleb128 0x8
 1143 0075 3A       		.uleb128 0x3a
 1144 0076 0B       		.uleb128 0xb
 1145 0077 3B       		.uleb128 0x3b
 1146 0078 05       		.uleb128 0x5
 1147 0079 49       		.uleb128 0x49
 1148 007a 13       		.uleb128 0x13
 1149 007b 00       		.byte	0
 1150 007c 00       		.byte	0
 1151 007d 0C       		.uleb128 0xc
 1152 007e 35       		.uleb128 0x35
 1153 007f 00       		.byte	0
 1154 0080 49       		.uleb128 0x49
 1155 0081 13       		.uleb128 0x13
 1156 0082 00       		.byte	0
 1157 0083 00       		.byte	0
 1158 0084 0D       		.uleb128 0xd
 1159 0085 13       		.uleb128 0x13
 1160 0086 01       		.byte	0x1
 1161 0087 03       		.uleb128 0x3
 1162 0088 08       		.uleb128 0x8
 1163 0089 0B       		.uleb128 0xb
 1164 008a 0B       		.uleb128 0xb
 1165 008b 3A       		.uleb128 0x3a
 1166 008c 0B       		.uleb128 0xb
 1167 008d 3B       		.uleb128 0x3b
 1168 008e 05       		.uleb128 0x5
 1169 008f 01       		.uleb128 0x1
 1170 0090 13       		.uleb128 0x13
 1171 0091 00       		.byte	0
 1172 0092 00       		.byte	0
 1173 0093 0E       		.uleb128 0xe
 1174 0094 0D       		.uleb128 0xd
 1175 0095 00       		.byte	0
 1176 0096 03       		.uleb128 0x3
 1177 0097 08       		.uleb128 0x8
 1178 0098 3A       		.uleb128 0x3a
 1179 0099 0B       		.uleb128 0xb
 1180 009a 3B       		.uleb128 0x3b
 1181 009b 05       		.uleb128 0x5
 1182 009c 49       		.uleb128 0x49
 1183 009d 13       		.uleb128 0x13
 1184 009e 38       		.uleb128 0x38
 1185 009f 0A       		.uleb128 0xa
GAS Infineon TriCore Little Endian C:\\Users\\user1\\AppData\\Local\\Temp\\rta_RTAOS_638388406317960277_1736001\\ccRekaMA.s 			page 27


 1186 00a0 00       		.byte	0
 1187 00a1 00       		.byte	0
 1188 00a2 0F       		.uleb128 0xf
 1189 00a3 0D       		.uleb128 0xd
 1190 00a4 00       		.byte	0
 1191 00a5 03       		.uleb128 0x3
 1192 00a6 0E       		.uleb128 0xe
 1193 00a7 3A       		.uleb128 0x3a
 1194 00a8 0B       		.uleb128 0xb
 1195 00a9 3B       		.uleb128 0x3b
 1196 00aa 05       		.uleb128 0x5
 1197 00ab 49       		.uleb128 0x49
 1198 00ac 13       		.uleb128 0x13
 1199 00ad 38       		.uleb128 0x38
 1200 00ae 0A       		.uleb128 0xa
 1201 00af 00       		.byte	0
 1202 00b0 00       		.byte	0
 1203 00b1 10       		.uleb128 0x10
 1204 00b2 17       		.uleb128 0x17
 1205 00b3 01       		.byte	0x1
 1206 00b4 0B       		.uleb128 0xb
 1207 00b5 0B       		.uleb128 0xb
 1208 00b6 3A       		.uleb128 0x3a
 1209 00b7 0B       		.uleb128 0xb
 1210 00b8 3B       		.uleb128 0x3b
 1211 00b9 05       		.uleb128 0x5
 1212 00ba 01       		.uleb128 0x1
 1213 00bb 13       		.uleb128 0x13
 1214 00bc 00       		.byte	0
 1215 00bd 00       		.byte	0
 1216 00be 11       		.uleb128 0x11
 1217 00bf 0D       		.uleb128 0xd
 1218 00c0 00       		.byte	0
 1219 00c1 03       		.uleb128 0x3
 1220 00c2 08       		.uleb128 0x8
 1221 00c3 3A       		.uleb128 0x3a
 1222 00c4 0B       		.uleb128 0xb
 1223 00c5 3B       		.uleb128 0x3b
 1224 00c6 05       		.uleb128 0x5
 1225 00c7 49       		.uleb128 0x49
 1226 00c8 13       		.uleb128 0x13
 1227 00c9 00       		.byte	0
 1228 00ca 00       		.byte	0
 1229 00cb 12       		.uleb128 0x12
 1230 00cc 13       		.uleb128 0x13
 1231 00cd 01       		.byte	0x1
 1232 00ce 0B       		.uleb128 0xb
 1233 00cf 0B       		.uleb128 0xb
 1234 00d0 3A       		.uleb128 0x3a
 1235 00d1 0B       		.uleb128 0xb
 1236 00d2 3B       		.uleb128 0x3b
 1237 00d3 05       		.uleb128 0x5
 1238 00d4 01       		.uleb128 0x1
 1239 00d5 13       		.uleb128 0x13
 1240 00d6 00       		.byte	0
 1241 00d7 00       		.byte	0
 1242 00d8 13       		.uleb128 0x13
GAS Infineon TriCore Little Endian C:\\Users\\user1\\AppData\\Local\\Temp\\rta_RTAOS_638388406317960277_1736001\\ccRekaMA.s 			page 28


 1243 00d9 2E       		.uleb128 0x2e
 1244 00da 01       		.byte	0x1
 1245 00db 3F       		.uleb128 0x3f
 1246 00dc 0C       		.uleb128 0xc
 1247 00dd 03       		.uleb128 0x3
 1248 00de 08       		.uleb128 0x8
 1249 00df 3A       		.uleb128 0x3a
 1250 00e0 0B       		.uleb128 0xb
 1251 00e1 3B       		.uleb128 0x3b
 1252 00e2 05       		.uleb128 0x5
 1253 00e3 27       		.uleb128 0x27
 1254 00e4 0C       		.uleb128 0xc
 1255 00e5 11       		.uleb128 0x11
 1256 00e6 01       		.uleb128 0x1
 1257 00e7 12       		.uleb128 0x12
 1258 00e8 01       		.uleb128 0x1
 1259 00e9 40       		.uleb128 0x40
 1260 00ea 0A       		.uleb128 0xa
 1261 00eb 9742     		.uleb128 0x2117
 1262 00ed 0C       		.uleb128 0xc
 1263 00ee 01       		.uleb128 0x1
 1264 00ef 13       		.uleb128 0x13
 1265 00f0 00       		.byte	0
 1266 00f1 00       		.byte	0
 1267 00f2 14       		.uleb128 0x14
 1268 00f3 05       		.uleb128 0x5
 1269 00f4 00       		.byte	0
 1270 00f5 03       		.uleb128 0x3
 1271 00f6 08       		.uleb128 0x8
 1272 00f7 3A       		.uleb128 0x3a
 1273 00f8 0B       		.uleb128 0xb
 1274 00f9 3B       		.uleb128 0x3b
 1275 00fa 05       		.uleb128 0x5
 1276 00fb 49       		.uleb128 0x49
 1277 00fc 13       		.uleb128 0x13
 1278 00fd 02       		.uleb128 0x2
 1279 00fe 0A       		.uleb128 0xa
 1280 00ff 00       		.byte	0
 1281 0100 00       		.byte	0
 1282 0101 00       		.byte	0
 1283              	.section .debug_aranges,"",@progbits
 1284 0000 1C000000 		.uaword	0x1c
 1285 0004 0200     		.uahalf	0x2
 1286 0006 00000000 		.uaword	.Ldebug_info0
 1287 000a 04       		.byte	0x4
 1288 000b 00       		.byte	0
 1289 000c 0000     		.uahalf	0
 1290 000e 0000     		.uahalf	0
 1291 0010 00000000 		.uaword	.LFB0
 1292 0014 06000000 		.uaword	.LFE0-.LFB0
 1293 0018 00000000 		.uaword	0
 1294 001c 00000000 		.uaword	0
 1295              	.section .debug_ranges,"",@progbits
 1296              	.Ldebug_ranges0:
 1297 0000 00000000 		.uaword	.LFB0
 1298 0004 00000000 		.uaword	.LFE0
 1299 0008 00000000 		.uaword	0
GAS Infineon TriCore Little Endian C:\\Users\\user1\\AppData\\Local\\Temp\\rta_RTAOS_638388406317960277_1736001\\ccRekaMA.s 			page 29


 1300 000c 00000000 		.uaword	0
 1301              	.section .debug_line,"",@progbits
 1302              	.Ldebug_line0:
 1303 0000 2B010000 	.section .debug_str,"",@progbits
 1303      02001401 
 1303      00000201 
 1303      FB0E0D00 
 1303      01010101 
 1304              	.LASF2:
 1305 0000 6170706C 		.string	"application"
 1305      69636174 
 1305      696F6E00 
 1306              	.LASF3:
 1307 000c 61637469 		.string	"activation_count"
 1307      76617469 
 1307      6F6E5F63 
 1307      6F756E74 
 1307      00
 1308              	.LASF1:
 1309 001d 656E7472 		.string	"entry_function"
 1309      795F6675 
 1309      6E637469 
 1309      6F6E00
 1310              	.LASF0:
 1311 002c 7265736F 		.string	"resource_count"
 1311      75726365 
 1311      5F636F75 
 1311      6E7400
 1312              		.ident	"GCC: (HighTec Release HDP-v4.9.4.1-11fcedf) 4.9.4 build on 2020-09-01"
