GAS Infineon TriCore Little Endian C:\\Users\\user1\\AppData\\Local\\Temp\\rta_RTAOS_638388406317960277_1736001\\ccDPentI.s 			page 1


   1              		.file	"Os_ScheduleQ.c"
   2              	.section .text,"ax",@progbits
   3              	.Ltext0:
   4              	.section .text.Os_ScheduleQ,"ax",@progbits
   5              		.align 1
   6              		.global	Os_ScheduleQ
   7              		.type	Os_ScheduleQ, @function
   8              	Os_ScheduleQ:
   9              	.LFB0:
  10              		.file 1 "C:\\Users\\user1\\AppData\\Local\\Temp\\rta_RTAOS_638388406317960277_1736001\\Os_Schedule
  11              		.loc 1 1367 0
  12              	.LVL0:
  13              	.LBB2:
  14              		.loc 1 1370 0
  15              	#APP
  16              		# 1370 "C:\Users\user1\AppData\Local\Temp\rta_RTAOS_638388406317960277_1736001\Os_ScheduleQ.c" 1
  17 0000 4DC0E1FF 		mfcr %d15,0xfe1c
  18              		# 0 "" 2
  19              	.LVL1:
  20              	#NO_APP
  21              	.LBE2:
  22              		.loc 1 1371 0
  23 0004 910000F0 		movh.a	%a15, hi:Os_const_coreconfiguration
  24 0008 80F3     		mov.d	%d3, %a15
  25 000a 1B030020 		addi	%d2, %d3, lo:Os_const_coreconfiguration
  26 000e 138F2132 		madd	%d3, %d2, %d15, 24
  27 0012 603F     		mov.a	%a15, %d3
  28 0014 C80F     		ld.a	%a15, [%a15]0
  29              	.LVL2:
  30              		.loc 1 1377 0
  31 0016 4CF9     		ld.w	%d15, [%a15] 36
  32              	.LVL3:
  33 0018 6E06     		jz	%d15, .L2
  34              		.loc 1 1378 0
  35 001a 4CF7     		ld.w	%d15, [%a15] 28
  36 001c C89F     		ld.a	%a15, [%a15] 36
  37              	.LVL4:
  38              		.loc 1 1379 0
  39 001e 4832     		ld.w	%d2, [%a15] 12
  40 0020 3FF20480 		jlt.u	%d2, %d15, .L7
  41              	.LVL5:
  42              	.L2:
  43              		.loc 1 1384 0
  44 0024 8202     		mov	%d2, 0
  45 0026 0090     		ret
  46              	.LVL6:
  47              	.L7:
  48              		.loc 1 1380 0
  49 0028 1D000000 		j	Os_Schedule
****  Notice:Expanding j-R -> j-O
  50              	.LVL7:
  51              	.LFE0:
  52              		.size	Os_ScheduleQ, .-Os_ScheduleQ
  53              	.section .debug_frame,"",@progbits
  54              	.Lframe0:
  55 0000 0C000000 		.uaword	.LECIE0-.LSCIE0
  56              	.LSCIE0:
GAS Infineon TriCore Little Endian C:\\Users\\user1\\AppData\\Local\\Temp\\rta_RTAOS_638388406317960277_1736001\\ccDPentI.s 			page 2


  57 0004 FFFFFFFF 		.uaword	0xffffffff
  58 0008 01       		.byte	0x1
  59 0009 00       		.string	""
  60 000a 01       		.uleb128 0x1
  61 000b 01       		.sleb128 1
  62 000c 1B       		.byte	0x1b
  63 000d 0C       		.byte	0xc
  64 000e 1A       		.uleb128 0x1a
  65 000f 00       		.uleb128 0
  66              		.align 2
  67              	.LECIE0:
  68              	.LSFDE0:
  69 0010 0C000000 		.uaword	.LEFDE0-.LASFDE0
  70              	.LASFDE0:
  71 0014 00000000 		.uaword	.Lframe0
  72 0018 00000000 		.uaword	.LFB0
  73 001c 2C000000 		.uaword	.LFE0-.LFB0
  74              		.align 2
  75              	.LEFDE0:
  76              	.section .text,"ax",@progbits
  77              	.Letext0:
  78              		.file 2 "D:\\home\\user123\\user\\Mohan6_VectorSIP\\21Dec23\\15Dec23_CAN_merge_21stDec\\25_Softwar
  79              		.file 3 "D:\\home\\user123\\user\\Mohan6_VectorSIP\\21Dec23\\15Dec23_CAN_merge_21stDec\\25_Softwar
  80              	.section .debug_info,"",@progbits
  81              	.Ldebug_info0:
  82 0000 C5100000 		.uaword	0x10c5
  83 0004 0200     		.uahalf	0x2
  84 0006 00000000 		.uaword	.Ldebug_abbrev0
  85 000a 04       		.byte	0x4
  86 000b 01       		.uleb128 0x1
  87 000c 474E5520 		.ascii	"GNU C 4."
  87      4320342E 
  88 0014 392E3420 		.string	"9.4 build on 2020-09-01 -mlicense-dir=c:\\hightec\\toolchains\\tricore\\v4.9.4.1\\bin\\..
  88      6275696C 
  88      64206F6E 
  88      20323032 
  88      302D3039 
  89 0115 01       		.byte	0x1
  90 0116 433A5C55 		.string	"C:\\Users\\user1\\AppData\\Local\\Temp\\rta_RTAOS_638388406317960277_1736001\\Os_Schedule
  90      73657273 
  90      5C757365 
  90      72315C41 
  90      70704461 
  91 016c 00000000 		.uaword	.Ldebug_ranges0+0
  92 0170 00000000 		.uaword	0
  93 0174 00000000 		.uaword	0
  94 0178 00000000 		.uaword	.Ldebug_line0
  95 017c 02       		.uleb128 0x2
  96 017d 75696E74 		.string	"uint8"
  96      3800
  97 0183 02       		.byte	0x2
  98 0184 34       		.byte	0x34
  99 0185 89010000 		.uaword	0x189
 100 0189 03       		.uleb128 0x3
 101 018a 01       		.byte	0x1
 102 018b 08       		.byte	0x8
 103 018c 756E7369 		.string	"unsigned char"
GAS Infineon TriCore Little Endian C:\\Users\\user1\\AppData\\Local\\Temp\\rta_RTAOS_638388406317960277_1736001\\ccDPentI.s 			page 3


 103      676E6564 
 103      20636861 
 103      7200
 104 019a 02       		.uleb128 0x2
 105 019b 75696E74 		.string	"uint16"
 105      313600
 106 01a2 02       		.byte	0x2
 107 01a3 35       		.byte	0x35
 108 01a4 A8010000 		.uaword	0x1a8
 109 01a8 03       		.uleb128 0x3
 110 01a9 02       		.byte	0x2
 111 01aa 07       		.byte	0x7
 112 01ab 73686F72 		.string	"short unsigned int"
 112      7420756E 
 112      7369676E 
 112      65642069 
 112      6E7400
 113 01be 02       		.uleb128 0x2
 114 01bf 75696E74 		.string	"uint32"
 114      333200
 115 01c6 02       		.byte	0x2
 116 01c7 36       		.byte	0x36
 117 01c8 CC010000 		.uaword	0x1cc
 118 01cc 03       		.uleb128 0x3
 119 01cd 04       		.byte	0x4
 120 01ce 07       		.byte	0x7
 121 01cf 756E7369 		.string	"unsigned int"
 121      676E6564 
 121      20696E74 
 121      00
 122 01dc 03       		.uleb128 0x3
 123 01dd 01       		.byte	0x1
 124 01de 06       		.byte	0x6
 125 01df 7369676E 		.string	"signed char"
 125      65642063 
 125      68617200 
 126 01eb 03       		.uleb128 0x3
 127 01ec 02       		.byte	0x2
 128 01ed 05       		.byte	0x5
 129 01ee 73686F72 		.string	"short int"
 129      7420696E 
 129      7400
 130 01f8 03       		.uleb128 0x3
 131 01f9 04       		.byte	0x4
 132 01fa 05       		.byte	0x5
 133 01fb 696E7400 		.string	"int"
 134 01ff 03       		.uleb128 0x3
 135 0200 04       		.byte	0x4
 136 0201 04       		.byte	0x4
 137 0202 666C6F61 		.string	"float"
 137      7400
 138 0208 03       		.uleb128 0x3
 139 0209 08       		.byte	0x8
 140 020a 04       		.byte	0x4
 141 020b 646F7562 		.string	"double"
 141      6C6500
 142 0212 03       		.uleb128 0x3
GAS Infineon TriCore Little Endian C:\\Users\\user1\\AppData\\Local\\Temp\\rta_RTAOS_638388406317960277_1736001\\ccDPentI.s 			page 4


 143 0213 08       		.byte	0x8
 144 0214 05       		.byte	0x5
 145 0215 6C6F6E67 		.string	"long long int"
 145      206C6F6E 
 145      6720696E 
 145      7400
 146 0223 03       		.uleb128 0x3
 147 0224 08       		.byte	0x8
 148 0225 07       		.byte	0x7
 149 0226 6C6F6E67 		.string	"long long unsigned int"
 149      206C6F6E 
 149      6720756E 
 149      7369676E 
 149      65642069 
 150 023d 02       		.uleb128 0x2
 151 023e 626F6F6C 		.string	"boolean"
 151      65616E00 
 152 0246 02       		.byte	0x2
 153 0247 49       		.byte	0x49
 154 0248 89010000 		.uaword	0x189
 155 024c 02       		.uleb128 0x2
 156 024d 53746174 		.string	"StatusType"
 156      75735479 
 156      706500
 157 0258 03       		.byte	0x3
 158 0259 28       		.byte	0x28
 159 025a 89010000 		.uaword	0x189
 160 025e 04       		.uleb128 0x4
 161 025f 08       		.byte	0x8
 162 0260 01       		.byte	0x1
 163 0261 7C       		.byte	0x7c
 164 0262 9D020000 		.uaword	0x29d
 165 0266 05       		.uleb128 0x5
 166 0267 436C6173 		.string	"Class"
 166      7300
 167 026d 01       		.byte	0x1
 168 026e 7D       		.byte	0x7d
 169 026f 7C010000 		.uaword	0x17c
 170 0273 02       		.byte	0x2
 171 0274 23       		.byte	0x23
 172 0275 00       		.uleb128 0
 173 0276 05       		.uleb128 0x5
 174 0277 54494E00 		.string	"TIN"
 175 027b 01       		.byte	0x1
 176 027c 7E       		.byte	0x7e
 177 027d 7C010000 		.uaword	0x17c
 178 0281 02       		.byte	0x2
 179 0282 23       		.byte	0x23
 180 0283 01       		.uleb128 0x1
 181 0284 05       		.uleb128 0x5
 182 0285 52657475 		.string	"ReturnAddress"
 182      726E4164 
 182      64726573 
 182      7300
 183 0293 01       		.byte	0x1
 184 0294 7F       		.byte	0x7f
 185 0295 BE010000 		.uaword	0x1be
GAS Infineon TriCore Little Endian C:\\Users\\user1\\AppData\\Local\\Temp\\rta_RTAOS_638388406317960277_1736001\\ccDPentI.s 			page 5


 186 0299 02       		.byte	0x2
 187 029a 23       		.byte	0x23
 188 029b 04       		.uleb128 0x4
 189 029c 00       		.byte	0
 190 029d 02       		.uleb128 0x2
 191 029e 4F735472 		.string	"OsTrapInfoType"
 191      6170496E 
 191      666F5479 
 191      706500
 192 02ad 01       		.byte	0x1
 193 02ae 80       		.byte	0x80
 194 02af 5E020000 		.uaword	0x25e
 195 02b3 02       		.uleb128 0x2
 196 02b4 75696E74 		.string	"uint32_aligned"
 196      33325F61 
 196      6C69676E 
 196      656400
 197 02c3 01       		.byte	0x1
 198 02c4 86       		.byte	0x86
 199 02c5 BE010000 		.uaword	0x1be
 200 02c9 04       		.uleb128 0x4
 201 02ca 44       		.byte	0x44
 202 02cb 01       		.byte	0x1
 203 02cc AB       		.byte	0xab
 204 02cd E2020000 		.uaword	0x2e2
 205 02d1 05       		.uleb128 0x5
 206 02d2 73746F72 		.string	"store"
 206      6500
 207 02d8 01       		.byte	0x1
 208 02d9 AC       		.byte	0xac
 209 02da E2020000 		.uaword	0x2e2
 210 02de 02       		.byte	0x2
 211 02df 23       		.byte	0x23
 212 02e0 00       		.uleb128 0
 213 02e1 00       		.byte	0
 214 02e2 06       		.uleb128 0x6
 215 02e3 BE010000 		.uaword	0x1be
 216 02e7 F2020000 		.uaword	0x2f2
 217 02eb 07       		.uleb128 0x7
 218 02ec F2020000 		.uaword	0x2f2
 219 02f0 10       		.byte	0x10
 220 02f1 00       		.byte	0
 221 02f2 03       		.uleb128 0x3
 222 02f3 04       		.byte	0x4
 223 02f4 07       		.byte	0x7
 224 02f5 73697A65 		.string	"sizetype"
 224      74797065 
 224      00
 225 02fe 02       		.uleb128 0x2
 226 02ff 4F735F4A 		.string	"Os_JumpBufType"
 226      756D7042 
 226      75665479 
 226      706500
 227 030e 01       		.byte	0x1
 228 030f AD       		.byte	0xad
 229 0310 14030000 		.uaword	0x314
 230 0314 06       		.uleb128 0x6
GAS Infineon TriCore Little Endian C:\\Users\\user1\\AppData\\Local\\Temp\\rta_RTAOS_638388406317960277_1736001\\ccDPentI.s 			page 6


 231 0315 C9020000 		.uaword	0x2c9
 232 0319 24030000 		.uaword	0x324
 233 031d 07       		.uleb128 0x7
 234 031e F2020000 		.uaword	0x2f2
 235 0322 00       		.byte	0
 236 0323 00       		.byte	0
 237 0324 02       		.uleb128 0x2
 238 0325 4F735F52 		.string	"Os_ResourceCountType"
 238      65736F75 
 238      72636543 
 238      6F756E74 
 238      54797065 
 239 033a 01       		.byte	0x1
 240 033b BE       		.byte	0xbe
 241 033c 89010000 		.uaword	0x189
 242 0340 02       		.uleb128 0x2
 243 0341 4F735F53 		.string	"Os_StackTraceType"
 243      7461636B 
 243      54726163 
 243      65547970 
 243      6500
 244 0353 01       		.byte	0x1
 245 0354 BF       		.byte	0xbf
 246 0355 CC010000 		.uaword	0x1cc
 247 0359 04       		.uleb128 0x4
 248 035a 08       		.byte	0x8
 249 035b 01       		.byte	0x1
 250 035c C0       		.byte	0xc0
 251 035d 7D030000 		.uaword	0x37d
 252 0361 05       		.uleb128 0x5
 253 0362 737000   		.string	"sp"
 254 0365 01       		.byte	0x1
 255 0366 C0       		.byte	0xc0
 256 0367 40030000 		.uaword	0x340
 257 036b 02       		.byte	0x2
 258 036c 23       		.byte	0x23
 259 036d 00       		.uleb128 0
 260 036e 05       		.uleb128 0x5
 261 036f 63747800 		.string	"ctx"
 262 0373 01       		.byte	0x1
 263 0374 C0       		.byte	0xc0
 264 0375 40030000 		.uaword	0x340
 265 0379 02       		.byte	0x2
 266 037a 23       		.byte	0x23
 267 037b 04       		.uleb128 0x4
 268 037c 00       		.byte	0
 269 037d 02       		.uleb128 0x2
 270 037e 4F735F53 		.string	"Os_StackValueType"
 270      7461636B 
 270      56616C75 
 270      65547970 
 270      6500
 271 0390 01       		.byte	0x1
 272 0391 C0       		.byte	0xc0
 273 0392 59030000 		.uaword	0x359
 274 0396 02       		.uleb128 0x2
 275 0397 4F735F53 		.string	"Os_StackSizeType"
GAS Infineon TriCore Little Endian C:\\Users\\user1\\AppData\\Local\\Temp\\rta_RTAOS_638388406317960277_1736001\\ccDPentI.s 			page 7


 275      7461636B 
 275      53697A65 
 275      54797065 
 275      00
 276 03a8 01       		.byte	0x1
 277 03a9 C1       		.byte	0xc1
 278 03aa 7D030000 		.uaword	0x37d
 279 03ae 02       		.uleb128 0x2
 280 03af 4F735F56 		.string	"Os_VoidVoidFunctionType"
 280      6F696456 
 280      6F696446 
 280      756E6374 
 280      696F6E54 
 281 03c7 01       		.byte	0x1
 282 03c8 C7       		.byte	0xc7
 283 03c9 CD030000 		.uaword	0x3cd
 284 03cd 08       		.uleb128 0x8
 285 03ce 04       		.byte	0x4
 286 03cf D3030000 		.uaword	0x3d3
 287 03d3 09       		.uleb128 0x9
 288 03d4 01       		.byte	0x1
 289 03d5 02       		.uleb128 0x2
 290 03d6 4170706C 		.string	"ApplicationType"
 290      69636174 
 290      696F6E54 
 290      79706500 
 291 03e6 01       		.byte	0x1
 292 03e7 D5       		.byte	0xd5
 293 03e8 89010000 		.uaword	0x189
 294 03ec 02       		.uleb128 0x2
 295 03ed 4F735F43 		.string	"Os_CoreStateType"
 295      6F726553 
 295      74617465 
 295      54797065 
 295      00
 296 03fe 01       		.byte	0x1
 297 03ff E7       		.byte	0xe7
 298 0400 BE010000 		.uaword	0x1be
 299 0404 02       		.uleb128 0x2
 300 0405 4F735F53 		.string	"Os_StopwatchTickType"
 300      746F7077 
 300      61746368 
 300      5469636B 
 300      54797065 
 301 041a 01       		.byte	0x1
 302 041b FD       		.byte	0xfd
 303 041c CC010000 		.uaword	0x1cc
 304 0420 0A       		.uleb128 0xa
 305 0421 4F735F54 		.string	"Os_TerminatorType"
 305      65726D69 
 305      6E61746F 
 305      72547970 
 305      6500
 306 0433 01       		.byte	0x1
 307 0434 0201     		.uahalf	0x102
 308 0436 3A040000 		.uaword	0x43a
 309 043a 08       		.uleb128 0x8
GAS Infineon TriCore Little Endian C:\\Users\\user1\\AppData\\Local\\Temp\\rta_RTAOS_638388406317960277_1736001\\ccDPentI.s 			page 8


 310 043b 04       		.byte	0x4
 311 043c FE020000 		.uaword	0x2fe
 312 0440 0A       		.uleb128 0xa
 313 0441 4F735F4C 		.string	"Os_Lockable"
 313      6F636B61 
 313      626C6500 
 314 044d 01       		.byte	0x1
 315 044e 0701     		.uahalf	0x107
 316 0450 B3020000 		.uaword	0x2b3
 317 0454 0A       		.uleb128 0xa
 318 0455 436F7265 		.string	"CoreIdType"
 318      49645479 
 318      706500
 319 0460 01       		.byte	0x1
 320 0461 0901     		.uahalf	0x109
 321 0463 9A010000 		.uaword	0x19a
 322 0467 0B       		.uleb128 0xb
 323 0468 40040000 		.uaword	0x440
 324 046c 0C       		.uleb128 0xc
 325 046d 4F735F43 		.string	"Os_ControlledCoreType_s"
 325      6F6E7472 
 325      6F6C6C65 
 325      64436F72 
 325      65547970 
 326 0485 58       		.byte	0x58
 327 0486 01       		.byte	0x1
 328 0487 1004     		.uahalf	0x410
 329 0489 6A060000 		.uaword	0x66a
 330 048d 0D       		.uleb128 0xd
 331 048e 54726170 		.string	"TrapInfo"
 331      496E666F 
 331      00
 332 0497 01       		.byte	0x1
 333 0498 1104     		.uahalf	0x411
 334 049a 9D020000 		.uaword	0x29d
 335 049e 02       		.byte	0x2
 336 049f 23       		.byte	0x23
 337 04a0 00       		.uleb128 0
 338 04a1 0D       		.uleb128 0xd
 339 04a2 4572726F 		.string	"ErrorInformation"
 339      72496E66 
 339      6F726D61 
 339      74696F6E 
 339      00
 340 04b3 01       		.byte	0x1
 341 04b4 1204     		.uahalf	0x412
 342 04b6 FD0C0000 		.uaword	0xcfd
 343 04ba 02       		.byte	0x2
 344 04bb 23       		.byte	0x23
 345 04bc 08       		.uleb128 0x8
 346 04bd 0D       		.uleb128 0xd
 347 04be 6C6F636B 		.string	"lock_taskaccess"
 347      5F746173 
 347      6B616363 
 347      65737300 
 348 04ce 01       		.byte	0x1
 349 04cf 1304     		.uahalf	0x413
GAS Infineon TriCore Little Endian C:\\Users\\user1\\AppData\\Local\\Temp\\rta_RTAOS_638388406317960277_1736001\\ccDPentI.s 			page 9


 350 04d1 67040000 		.uaword	0x467
 351 04d5 02       		.byte	0x2
 352 04d6 23       		.byte	0x23
 353 04d7 18       		.uleb128 0x18
 354 04d8 0D       		.uleb128 0xd
 355 04d9 52656164 		.string	"ReadyTasks"
 355      79546173 
 355      6B7300
 356 04e4 01       		.byte	0x1
 357 04e5 1404     		.uahalf	0x414
 358 04e7 330D0000 		.uaword	0xd33
 359 04eb 02       		.byte	0x2
 360 04ec 23       		.byte	0x23
 361 04ed 1C       		.uleb128 0x1c
 362 04ee 0D       		.uleb128 0xd
 363 04ef 52756E6E 		.string	"RunningISR"
 363      696E6749 
 363      535200
 364 04fa 01       		.byte	0x1
 365 04fb 1504     		.uahalf	0x415
 366 04fd 380D0000 		.uaword	0xd38
 367 0501 02       		.byte	0x2
 368 0502 23       		.byte	0x23
 369 0503 20       		.uleb128 0x20
 370 0504 0D       		.uleb128 0xd
 371 0505 52756E6E 		.string	"RunningTask"
 371      696E6754 
 371      61736B00 
 372 0511 01       		.byte	0x1
 373 0512 1604     		.uahalf	0x416
 374 0514 3D0D0000 		.uaword	0xd3d
 375 0518 02       		.byte	0x2
 376 0519 23       		.byte	0x23
 377 051a 24       		.uleb128 0x24
 378 051b 0D       		.uleb128 0xd
 379 051c 52756E6E 		.string	"RunningTPMask"
 379      696E6754 
 379      504D6173 
 379      6B00
 380 052a 01       		.byte	0x1
 381 052b 1704     		.uahalf	0x417
 382 052d 420D0000 		.uaword	0xd42
 383 0531 02       		.byte	0x2
 384 0532 23       		.byte	0x23
 385 0533 28       		.uleb128 0x28
 386 0534 0D       		.uleb128 0xd
 387 0535 5465726D 		.string	"TerminatingTasks"
 387      696E6174 
 387      696E6754 
 387      61736B73 
 387      00
 388 0546 01       		.byte	0x1
 389 0547 1804     		.uahalf	0x418
 390 0549 330D0000 		.uaword	0xd33
 391 054d 02       		.byte	0x2
 392 054e 23       		.byte	0x23
 393 054f 2C       		.uleb128 0x2c
GAS Infineon TriCore Little Endian C:\\Users\\user1\\AppData\\Local\\Temp\\rta_RTAOS_638388406317960277_1736001\\ccDPentI.s 			page 10


 394 0550 0D       		.uleb128 0xd
 395 0551 4170706C 		.string	"Application"
 395      69636174 
 395      696F6E00 
 396 055d 01       		.byte	0x1
 397 055e 1904     		.uahalf	0x419
 398 0560 D5030000 		.uaword	0x3d5
 399 0564 02       		.byte	0x2
 400 0565 23       		.byte	0x23
 401 0566 30       		.uleb128 0x30
 402 0567 0D       		.uleb128 0xd
 403 0568 43757272 		.string	"CurrentTerminator"
 403      656E7454 
 403      65726D69 
 403      6E61746F 
 403      7200
 404 057a 01       		.byte	0x1
 405 057b 1A04     		.uahalf	0x41a
 406 057d 470D0000 		.uaword	0xd47
 407 0581 02       		.byte	0x2
 408 0582 23       		.byte	0x23
 409 0583 34       		.uleb128 0x34
 410 0584 0D       		.uleb128 0xd
 411 0585 43757272 		.string	"CurrentMeteredObject"
 411      656E744D 
 411      65746572 
 411      65644F62 
 411      6A656374 
 412 059a 01       		.byte	0x1
 413 059b 1B04     		.uahalf	0x41b
 414 059d D6060000 		.uaword	0x6d6
 415 05a1 02       		.byte	0x2
 416 05a2 23       		.byte	0x23
 417 05a3 38       		.uleb128 0x38
 418 05a4 0D       		.uleb128 0xd
 419 05a5 49646C65 		.string	"IdleMeter"
 419      4D657465 
 419      7200
 420 05af 01       		.byte	0x1
 421 05b0 1C04     		.uahalf	0x41c
 422 05b2 BD060000 		.uaword	0x6bd
 423 05b6 02       		.byte	0x2
 424 05b7 23       		.byte	0x23
 425 05b8 3C       		.uleb128 0x3c
 426 05b9 0D       		.uleb128 0xd
 427 05ba 41707041 		.string	"AppAccess"
 427      63636573 
 427      7300
 428 05c4 01       		.byte	0x1
 429 05c5 1D04     		.uahalf	0x41d
 430 05c7 7C010000 		.uaword	0x17c
 431 05cb 02       		.byte	0x2
 432 05cc 23       		.byte	0x23
 433 05cd 48       		.uleb128 0x48
 434 05ce 0D       		.uleb128 0xd
 435 05cf 4170704F 		.string	"AppOverride"
 435      76657272 
GAS Infineon TriCore Little Endian C:\\Users\\user1\\AppData\\Local\\Temp\\rta_RTAOS_638388406317960277_1736001\\ccDPentI.s 			page 11


 435      69646500 
 436 05db 01       		.byte	0x1
 437 05dc 1E04     		.uahalf	0x41e
 438 05de 4C0D0000 		.uaword	0xd4c
 439 05e2 02       		.byte	0x2
 440 05e3 23       		.byte	0x23
 441 05e4 49       		.uleb128 0x49
 442 05e5 0D       		.uleb128 0xd
 443 05e6 47657453 		.string	"GetStackValueAdjust"
 443      7461636B 
 443      56616C75 
 443      6541646A 
 443      75737400 
 444 05fa 01       		.byte	0x1
 445 05fb 1F04     		.uahalf	0x41f
 446 05fd 96030000 		.uaword	0x396
 447 0601 02       		.byte	0x2
 448 0602 23       		.byte	0x23
 449 0603 4C       		.uleb128 0x4c
 450 0604 0D       		.uleb128 0xd
 451 0605 496E4572 		.string	"InErrorHook"
 451      726F7248 
 451      6F6F6B00 
 452 0611 01       		.byte	0x1
 453 0612 2004     		.uahalf	0x420
 454 0614 3D020000 		.uaword	0x23d
 455 0618 02       		.byte	0x2
 456 0619 23       		.byte	0x23
 457 061a 54       		.uleb128 0x54
 458 061b 0D       		.uleb128 0xd
 459 061c 496E5072 		.string	"InProtectionHook"
 459      6F746563 
 459      74696F6E 
 459      486F6F6B 
 459      00
 460 062d 01       		.byte	0x1
 461 062e 2104     		.uahalf	0x421
 462 0630 3D020000 		.uaword	0x23d
 463 0634 02       		.byte	0x2
 464 0635 23       		.byte	0x23
 465 0636 55       		.uleb128 0x55
 466 0637 0D       		.uleb128 0xd
 467 0638 436F7265 		.string	"CoreIsActive"
 467      49734163 
 467      74697665 
 467      00
 468 0645 01       		.byte	0x1
 469 0646 2204     		.uahalf	0x422
 470 0648 3D020000 		.uaword	0x23d
 471 064c 02       		.byte	0x2
 472 064d 23       		.byte	0x23
 473 064e 56       		.uleb128 0x56
 474 064f 0D       		.uleb128 0xd
 475 0650 496E5368 		.string	"InShutdownHook"
 475      7574646F 
 475      776E486F 
 475      6F6B00
GAS Infineon TriCore Little Endian C:\\Users\\user1\\AppData\\Local\\Temp\\rta_RTAOS_638388406317960277_1736001\\ccDPentI.s 			page 12


 476 065f 01       		.byte	0x1
 477 0660 2304     		.uahalf	0x423
 478 0662 3D020000 		.uaword	0x23d
 479 0666 02       		.byte	0x2
 480 0667 23       		.byte	0x23
 481 0668 57       		.uleb128 0x57
 482 0669 00       		.byte	0
 483 066a 0C       		.uleb128 0xc
 484 066b 4F735F4D 		.string	"Os_MeterInfoType_s"
 484      65746572 
 484      496E666F 
 484      54797065 
 484      5F7300
 485 067e 0C       		.byte	0xc
 486 067f 01       		.byte	0x1
 487 0680 7201     		.uahalf	0x172
 488 0682 BD060000 		.uaword	0x6bd
 489 0686 0D       		.uleb128 0xd
 490 0687 656C6170 		.string	"elapsed"
 490      73656400 
 491 068f 01       		.byte	0x1
 492 0690 7301     		.uahalf	0x173
 493 0692 04040000 		.uaword	0x404
 494 0696 02       		.byte	0x2
 495 0697 23       		.byte	0x23
 496 0698 00       		.uleb128 0
 497 0699 0D       		.uleb128 0xd
 498 069a 70726576 		.string	"previous"
 498      696F7573 
 498      00
 499 06a3 01       		.byte	0x1
 500 06a4 7401     		.uahalf	0x174
 501 06a6 04040000 		.uaword	0x404
 502 06aa 02       		.byte	0x2
 503 06ab 23       		.byte	0x23
 504 06ac 04       		.uleb128 0x4
 505 06ad 0D       		.uleb128 0xd
 506 06ae 6D617800 		.string	"max"
 507 06b2 01       		.byte	0x1
 508 06b3 7501     		.uahalf	0x175
 509 06b5 04040000 		.uaword	0x404
 510 06b9 02       		.byte	0x2
 511 06ba 23       		.byte	0x23
 512 06bb 08       		.uleb128 0x8
 513 06bc 00       		.byte	0
 514 06bd 0A       		.uleb128 0xa
 515 06be 4F735F4D 		.string	"Os_MeterInfoType"
 515      65746572 
 515      496E666F 
 515      54797065 
 515      00
 516 06cf 01       		.byte	0x1
 517 06d0 7601     		.uahalf	0x176
 518 06d2 6A060000 		.uaword	0x66a
 519 06d6 0A       		.uleb128 0xa
 520 06d7 4F735F4D 		.string	"Os_MeterInfoRefType"
 520      65746572 
GAS Infineon TriCore Little Endian C:\\Users\\user1\\AppData\\Local\\Temp\\rta_RTAOS_638388406317960277_1736001\\ccDPentI.s 			page 13


 520      496E666F 
 520      52656654 
 520      79706500 
 521 06eb 01       		.byte	0x1
 522 06ec 7701     		.uahalf	0x177
 523 06ee F2060000 		.uaword	0x6f2
 524 06f2 08       		.uleb128 0x8
 525 06f3 04       		.byte	0x4
 526 06f4 BD060000 		.uaword	0x6bd
 527 06f8 0A       		.uleb128 0xa
 528 06f9 4F735F69 		.string	"Os_imaskType"
 528      6D61736B 
 528      54797065 
 528      00
 529 0706 01       		.byte	0x1
 530 0707 7F01     		.uahalf	0x17f
 531 0709 BE010000 		.uaword	0x1be
 532 070d 0C       		.uleb128 0xc
 533 070e 4F735F49 		.string	"Os_ISRDynType_s"
 533      53524479 
 533      6E547970 
 533      655F7300 
 534 071e 10       		.byte	0x10
 535 071f 01       		.byte	0x1
 536 0720 8101     		.uahalf	0x181
 537 0722 5E070000 		.uaword	0x75e
 538 0726 0E       		.uleb128 0xe
 539 0727 00000000 		.uaword	.LASF0
 540 072b 01       		.byte	0x1
 541 072c 8201     		.uahalf	0x182
 542 072e 24030000 		.uaword	0x324
 543 0732 02       		.byte	0x2
 544 0733 23       		.byte	0x23
 545 0734 00       		.uleb128 0
 546 0735 0D       		.uleb128 0xd
 547 0736 7465726D 		.string	"terminating"
 547      696E6174 
 547      696E6700 
 548 0742 01       		.byte	0x1
 549 0743 8301     		.uahalf	0x183
 550 0745 3D020000 		.uaword	0x23d
 551 0749 02       		.byte	0x2
 552 074a 23       		.byte	0x23
 553 074b 01       		.uleb128 0x1
 554 074c 0D       		.uleb128 0xd
 555 074d 6D657465 		.string	"meter"
 555      7200
 556 0753 01       		.byte	0x1
 557 0754 8401     		.uahalf	0x184
 558 0756 BD060000 		.uaword	0x6bd
 559 075a 02       		.byte	0x2
 560 075b 23       		.byte	0x23
 561 075c 04       		.uleb128 0x4
 562 075d 00       		.byte	0
 563 075e 0A       		.uleb128 0xa
 564 075f 4F735F49 		.string	"Os_ISRDynType"
 564      53524479 
GAS Infineon TriCore Little Endian C:\\Users\\user1\\AppData\\Local\\Temp\\rta_RTAOS_638388406317960277_1736001\\ccDPentI.s 			page 14


 564      6E547970 
 564      6500
 565 076d 01       		.byte	0x1
 566 076e 8501     		.uahalf	0x185
 567 0770 0D070000 		.uaword	0x70d
 568 0774 0A       		.uleb128 0xa
 569 0775 4F735F49 		.string	"Os_IsrTerminatedFunctionType"
 569      73725465 
 569      726D696E 
 569      61746564 
 569      46756E63 
 570 0792 01       		.byte	0x1
 571 0793 8601     		.uahalf	0x186
 572 0795 CD030000 		.uaword	0x3cd
 573 0799 0C       		.uleb128 0xc
 574 079a 4F735F49 		.string	"Os_ISRType_s"
 574      53525479 
 574      70655F73 
 574      00
 575 07a7 18       		.byte	0x18
 576 07a8 01       		.byte	0x1
 577 07a9 8701     		.uahalf	0x187
 578 07ab 2D080000 		.uaword	0x82d
 579 07af 0E       		.uleb128 0xe
 580 07b0 00000000 		.uaword	.LASF1
 581 07b4 01       		.byte	0x1
 582 07b5 8801     		.uahalf	0x188
 583 07b7 AE030000 		.uaword	0x3ae
 584 07bb 02       		.byte	0x2
 585 07bc 23       		.byte	0x23
 586 07bd 00       		.uleb128 0
 587 07be 0D       		.uleb128 0xd
 588 07bf 7465726D 		.string	"terminated_function"
 588      696E6174 
 588      65645F66 
 588      756E6374 
 588      696F6E00 
 589 07d3 01       		.byte	0x1
 590 07d4 8901     		.uahalf	0x189
 591 07d6 74070000 		.uaword	0x774
 592 07da 02       		.byte	0x2
 593 07db 23       		.byte	0x23
 594 07dc 04       		.uleb128 0x4
 595 07dd 0E       		.uleb128 0xe
 596 07de 00000000 		.uaword	.LASF2
 597 07e2 01       		.byte	0x1
 598 07e3 8A01     		.uahalf	0x18a
 599 07e5 2D080000 		.uaword	0x82d
 600 07e9 02       		.byte	0x2
 601 07ea 23       		.byte	0x23
 602 07eb 08       		.uleb128 0x8
 603 07ec 0D       		.uleb128 0xd
 604 07ed 696D6173 		.string	"imask"
 604      6B00
 605 07f3 01       		.byte	0x1
 606 07f4 8B01     		.uahalf	0x18b
 607 07f6 F8060000 		.uaword	0x6f8
GAS Infineon TriCore Little Endian C:\\Users\\user1\\AppData\\Local\\Temp\\rta_RTAOS_638388406317960277_1736001\\ccDPentI.s 			page 15


 608 07fa 02       		.byte	0x2
 609 07fb 23       		.byte	0x23
 610 07fc 0C       		.uleb128 0xc
 611 07fd 0D       		.uleb128 0xd
 612 07fe 696E6465 		.string	"index"
 612      7800
 613 0804 01       		.byte	0x1
 614 0805 8C01     		.uahalf	0x18c
 615 0807 BE010000 		.uaword	0x1be
 616 080b 02       		.byte	0x2
 617 080c 23       		.byte	0x23
 618 080d 10       		.uleb128 0x10
 619 080e 0E       		.uleb128 0xe
 620 080f 00000000 		.uaword	.LASF3
 621 0813 01       		.byte	0x1
 622 0814 8D01     		.uahalf	0x18d
 623 0816 7C010000 		.uaword	0x17c
 624 081a 02       		.byte	0x2
 625 081b 23       		.byte	0x23
 626 081c 14       		.uleb128 0x14
 627 081d 0E       		.uleb128 0xe
 628 081e 00000000 		.uaword	.LASF4
 629 0822 01       		.byte	0x1
 630 0823 8E01     		.uahalf	0x18e
 631 0825 D5030000 		.uaword	0x3d5
 632 0829 02       		.byte	0x2
 633 082a 23       		.byte	0x23
 634 082b 15       		.uleb128 0x15
 635 082c 00       		.byte	0
 636 082d 0F       		.uleb128 0xf
 637 082e 32080000 		.uaword	0x832
 638 0832 08       		.uleb128 0x8
 639 0833 04       		.byte	0x4
 640 0834 5E070000 		.uaword	0x75e
 641 0838 0A       		.uleb128 0xa
 642 0839 4F735F49 		.string	"Os_ISRType"
 642      53525479 
 642      706500
 643 0844 01       		.byte	0x1
 644 0845 8F01     		.uahalf	0x18f
 645 0847 99070000 		.uaword	0x799
 646 084b 0A       		.uleb128 0xa
 647 084c 49535254 		.string	"ISRType"
 647      79706500 
 648 0854 01       		.byte	0x1
 649 0855 9001     		.uahalf	0x190
 650 0857 5B080000 		.uaword	0x85b
 651 085b 08       		.uleb128 0x8
 652 085c 04       		.byte	0x4
 653 085d 61080000 		.uaword	0x861
 654 0861 0F       		.uleb128 0xf
 655 0862 38080000 		.uaword	0x838
 656 0866 0A       		.uleb128 0xa
 657 0867 4F735F62 		.string	"Os_bitmask"
 657      69746D61 
 657      736B00
 658 0872 01       		.byte	0x1
GAS Infineon TriCore Little Endian C:\\Users\\user1\\AppData\\Local\\Temp\\rta_RTAOS_638388406317960277_1736001\\ccDPentI.s 			page 16


 659 0873 A201     		.uahalf	0x1a2
 660 0875 CC010000 		.uaword	0x1cc
 661 0879 0A       		.uleb128 0xa
 662 087a 4F735F70 		.string	"Os_pset0Type"
 662      73657430 
 662      54797065 
 662      00
 663 0887 01       		.byte	0x1
 664 0888 A301     		.uahalf	0x1a3
 665 088a 66080000 		.uaword	0x866
 666 088e 0A       		.uleb128 0xa
 667 088f 4F735F70 		.string	"Os_pset1Type"
 667      73657431 
 667      54797065 
 667      00
 668 089c 01       		.byte	0x1
 669 089d A401     		.uahalf	0x1a4
 670 089f 66080000 		.uaword	0x866
 671 08a3 0A       		.uleb128 0xa
 672 08a4 4F735F70 		.string	"Os_pset2Type"
 672      73657432 
 672      54797065 
 672      00
 673 08b1 01       		.byte	0x1
 674 08b2 A501     		.uahalf	0x1a5
 675 08b4 66080000 		.uaword	0x866
 676 08b8 10       		.uleb128 0x10
 677 08b9 04       		.byte	0x4
 678 08ba 01       		.byte	0x1
 679 08bb A601     		.uahalf	0x1a6
 680 08bd E3080000 		.uaword	0x8e3
 681 08c1 11       		.uleb128 0x11
 682 08c2 703000   		.string	"p0"
 683 08c5 01       		.byte	0x1
 684 08c6 A701     		.uahalf	0x1a7
 685 08c8 79080000 		.uaword	0x879
 686 08cc 11       		.uleb128 0x11
 687 08cd 703100   		.string	"p1"
 688 08d0 01       		.byte	0x1
 689 08d1 A801     		.uahalf	0x1a8
 690 08d3 8E080000 		.uaword	0x88e
 691 08d7 11       		.uleb128 0x11
 692 08d8 703200   		.string	"p2"
 693 08db 01       		.byte	0x1
 694 08dc A901     		.uahalf	0x1a9
 695 08de A3080000 		.uaword	0x8a3
 696 08e2 00       		.byte	0
 697 08e3 0A       		.uleb128 0xa
 698 08e4 4F735F70 		.string	"Os_psetType"
 698      73657454 
 698      79706500 
 699 08f0 01       		.byte	0x1
 700 08f1 AA01     		.uahalf	0x1aa
 701 08f3 B8080000 		.uaword	0x8b8
 702 08f7 10       		.uleb128 0x10
 703 08f8 04       		.byte	0x4
 704 08f9 01       		.byte	0x1
GAS Infineon TriCore Little Endian C:\\Users\\user1\\AppData\\Local\\Temp\\rta_RTAOS_638388406317960277_1736001\\ccDPentI.s 			page 17


 705 08fa AC01     		.uahalf	0x1ac
 706 08fc 22090000 		.uaword	0x922
 707 0900 11       		.uleb128 0x11
 708 0901 743000   		.string	"t0"
 709 0904 01       		.byte	0x1
 710 0905 AD01     		.uahalf	0x1ad
 711 0907 66080000 		.uaword	0x866
 712 090b 11       		.uleb128 0x11
 713 090c 743100   		.string	"t1"
 714 090f 01       		.byte	0x1
 715 0910 AE01     		.uahalf	0x1ae
 716 0912 66080000 		.uaword	0x866
 717 0916 11       		.uleb128 0x11
 718 0917 743200   		.string	"t2"
 719 091a 01       		.byte	0x1
 720 091b AF01     		.uahalf	0x1af
 721 091d 66080000 		.uaword	0x866
 722 0921 00       		.byte	0
 723 0922 0A       		.uleb128 0xa
 724 0923 4F735F74 		.string	"Os_tpmaskType"
 724      706D6173 
 724      6B547970 
 724      6500
 725 0931 01       		.byte	0x1
 726 0932 B001     		.uahalf	0x1b0
 727 0934 F7080000 		.uaword	0x8f7
 728 0938 0A       		.uleb128 0xa
 729 0939 4F735F41 		.string	"Os_ActivationCountType"
 729      63746976 
 729      6174696F 
 729      6E436F75 
 729      6E745479 
 730 0950 01       		.byte	0x1
 731 0951 B101     		.uahalf	0x1b1
 732 0953 89010000 		.uaword	0x189
 733 0957 0C       		.uleb128 0xc
 734 0958 4F735F54 		.string	"Os_TaskDynType_s"
 734      61736B44 
 734      796E5479 
 734      70655F73 
 734      00
 735 0969 5C       		.byte	0x5c
 736 096a 01       		.byte	0x1
 737 096b B301     		.uahalf	0x1b3
 738 096d 120A0000 		.uaword	0xa12
 739 0971 0D       		.uleb128 0xd
 740 0972 6C617374 		.string	"last_activation"
 740      5F616374 
 740      69766174 
 740      696F6E00 
 741 0982 01       		.byte	0x1
 742 0983 B401     		.uahalf	0x1b4
 743 0985 04040000 		.uaword	0x404
 744 0989 02       		.byte	0x2
 745 098a 23       		.byte	0x23
 746 098b 00       		.uleb128 0
 747 098c 0D       		.uleb128 0xd
GAS Infineon TriCore Little Endian C:\\Users\\user1\\AppData\\Local\\Temp\\rta_RTAOS_638388406317960277_1736001\\ccDPentI.s 			page 18


 748 098d 7465726D 		.string	"terminate_jump_buf"
 748      696E6174 
 748      655F6A75 
 748      6D705F62 
 748      756600
 749 09a0 01       		.byte	0x1
 750 09a1 B501     		.uahalf	0x1b5
 751 09a3 FE020000 		.uaword	0x2fe
 752 09a7 02       		.byte	0x2
 753 09a8 23       		.byte	0x23
 754 09a9 04       		.uleb128 0x4
 755 09aa 0D       		.uleb128 0xd
 756 09ab 6D657465 		.string	"meter"
 756      7200
 757 09b1 01       		.byte	0x1
 758 09b2 B601     		.uahalf	0x1b6
 759 09b4 BD060000 		.uaword	0x6bd
 760 09b8 02       		.byte	0x2
 761 09b9 23       		.byte	0x23
 762 09ba 48       		.uleb128 0x48
 763 09bb 0D       		.uleb128 0xd
 764 09bc 7365656E 		.string	"seen_activation"
 764      5F616374 
 764      69766174 
 764      696F6E00 
 765 09cc 01       		.byte	0x1
 766 09cd B701     		.uahalf	0x1b7
 767 09cf 3D020000 		.uaword	0x23d
 768 09d3 02       		.byte	0x2
 769 09d4 23       		.byte	0x23
 770 09d5 54       		.uleb128 0x54
 771 09d6 0E       		.uleb128 0xe
 772 09d7 00000000 		.uaword	.LASF5
 773 09db 01       		.byte	0x1
 774 09dc B801     		.uahalf	0x1b8
 775 09de 38090000 		.uaword	0x938
 776 09e2 02       		.byte	0x2
 777 09e3 23       		.byte	0x23
 778 09e4 55       		.uleb128 0x55
 779 09e5 0E       		.uleb128 0xe
 780 09e6 00000000 		.uaword	.LASF0
 781 09ea 01       		.byte	0x1
 782 09eb B901     		.uahalf	0x1b9
 783 09ed 24030000 		.uaword	0x324
 784 09f1 02       		.byte	0x2
 785 09f2 23       		.byte	0x23
 786 09f3 56       		.uleb128 0x56
 787 09f4 0D       		.uleb128 0xd
 788 09f5 7465726D 		.string	"termination_state"
 788      696E6174 
 788      696F6E5F 
 788      73746174 
 788      6500
 789 0a07 01       		.byte	0x1
 790 0a08 BA01     		.uahalf	0x1ba
 791 0a0a BE010000 		.uaword	0x1be
 792 0a0e 02       		.byte	0x2
GAS Infineon TriCore Little Endian C:\\Users\\user1\\AppData\\Local\\Temp\\rta_RTAOS_638388406317960277_1736001\\ccDPentI.s 			page 19


 793 0a0f 23       		.byte	0x23
 794 0a10 58       		.uleb128 0x58
 795 0a11 00       		.byte	0
 796 0a12 0A       		.uleb128 0xa
 797 0a13 4F735F54 		.string	"Os_TaskDynType"
 797      61736B44 
 797      796E5479 
 797      706500
 798 0a22 01       		.byte	0x1
 799 0a23 BB01     		.uahalf	0x1bb
 800 0a25 57090000 		.uaword	0x957
 801 0a29 0C       		.uleb128 0xc
 802 0a2a 4F735F54 		.string	"Os_TaskType_s"
 802      61736B54 
 802      7970655F 
 802      7300
 803 0a38 20       		.byte	0x20
 804 0a39 01       		.byte	0x1
 805 0a3a BD01     		.uahalf	0x1bd
 806 0a3c E60A0000 		.uaword	0xae6
 807 0a40 0E       		.uleb128 0xe
 808 0a41 00000000 		.uaword	.LASF2
 809 0a45 01       		.byte	0x1
 810 0a46 BE01     		.uahalf	0x1be
 811 0a48 E60A0000 		.uaword	0xae6
 812 0a4c 02       		.byte	0x2
 813 0a4d 23       		.byte	0x23
 814 0a4e 00       		.uleb128 0
 815 0a4f 0E       		.uleb128 0xe
 816 0a50 00000000 		.uaword	.LASF1
 817 0a54 01       		.byte	0x1
 818 0a55 BF01     		.uahalf	0x1bf
 819 0a57 AE030000 		.uaword	0x3ae
 820 0a5b 02       		.byte	0x2
 821 0a5c 23       		.byte	0x23
 822 0a5d 04       		.uleb128 0x4
 823 0a5e 0D       		.uleb128 0xd
 824 0a5f 70736574 		.string	"pset"
 824      00
 825 0a64 01       		.byte	0x1
 826 0a65 C001     		.uahalf	0x1c0
 827 0a67 E3080000 		.uaword	0x8e3
 828 0a6b 02       		.byte	0x2
 829 0a6c 23       		.byte	0x23
 830 0a6d 08       		.uleb128 0x8
 831 0a6e 0D       		.uleb128 0xd
 832 0a6f 62617365 		.string	"base_tpmask"
 832      5F74706D 
 832      61736B00 
 833 0a7b 01       		.byte	0x1
 834 0a7c C101     		.uahalf	0x1c1
 835 0a7e 22090000 		.uaword	0x922
 836 0a82 02       		.byte	0x2
 837 0a83 23       		.byte	0x23
 838 0a84 0C       		.uleb128 0xc
 839 0a85 0E       		.uleb128 0xe
 840 0a86 00000000 		.uaword	.LASF6
GAS Infineon TriCore Little Endian C:\\Users\\user1\\AppData\\Local\\Temp\\rta_RTAOS_638388406317960277_1736001\\ccDPentI.s 			page 20


 841 0a8a 01       		.byte	0x1
 842 0a8b C201     		.uahalf	0x1c2
 843 0a8d 22090000 		.uaword	0x922
 844 0a91 02       		.byte	0x2
 845 0a92 23       		.byte	0x23
 846 0a93 10       		.uleb128 0x10
 847 0a94 0D       		.uleb128 0xd
 848 0a95 636F7265 		.string	"core_id"
 848      5F696400 
 849 0a9d 01       		.byte	0x1
 850 0a9e C301     		.uahalf	0x1c3
 851 0aa0 54040000 		.uaword	0x454
 852 0aa4 02       		.byte	0x2
 853 0aa5 23       		.byte	0x23
 854 0aa6 14       		.uleb128 0x14
 855 0aa7 0D       		.uleb128 0xd
 856 0aa8 696E6465 		.string	"index"
 856      7800
 857 0aae 01       		.byte	0x1
 858 0aaf C401     		.uahalf	0x1c4
 859 0ab1 BE010000 		.uaword	0x1be
 860 0ab5 02       		.byte	0x2
 861 0ab6 23       		.byte	0x23
 862 0ab7 18       		.uleb128 0x18
 863 0ab8 0E       		.uleb128 0xe
 864 0ab9 00000000 		.uaword	.LASF5
 865 0abd 01       		.byte	0x1
 866 0abe C501     		.uahalf	0x1c5
 867 0ac0 38090000 		.uaword	0x938
 868 0ac4 02       		.byte	0x2
 869 0ac5 23       		.byte	0x23
 870 0ac6 1C       		.uleb128 0x1c
 871 0ac7 0E       		.uleb128 0xe
 872 0ac8 00000000 		.uaword	.LASF3
 873 0acc 01       		.byte	0x1
 874 0acd C601     		.uahalf	0x1c6
 875 0acf 7C010000 		.uaword	0x17c
 876 0ad3 02       		.byte	0x2
 877 0ad4 23       		.byte	0x23
 878 0ad5 1D       		.uleb128 0x1d
 879 0ad6 0E       		.uleb128 0xe
 880 0ad7 00000000 		.uaword	.LASF4
 881 0adb 01       		.byte	0x1
 882 0adc C701     		.uahalf	0x1c7
 883 0ade D5030000 		.uaword	0x3d5
 884 0ae2 02       		.byte	0x2
 885 0ae3 23       		.byte	0x23
 886 0ae4 1E       		.uleb128 0x1e
 887 0ae5 00       		.byte	0
 888 0ae6 0F       		.uleb128 0xf
 889 0ae7 EB0A0000 		.uaword	0xaeb
 890 0aeb 08       		.uleb128 0x8
 891 0aec 04       		.byte	0x4
 892 0aed 120A0000 		.uaword	0xa12
 893 0af1 0A       		.uleb128 0xa
 894 0af2 4F735F54 		.string	"Os_TaskType"
 894      61736B54 
GAS Infineon TriCore Little Endian C:\\Users\\user1\\AppData\\Local\\Temp\\rta_RTAOS_638388406317960277_1736001\\ccDPentI.s 			page 21


 894      79706500 
 895 0afe 01       		.byte	0x1
 896 0aff C801     		.uahalf	0x1c8
 897 0b01 290A0000 		.uaword	0xa29
 898 0b05 0A       		.uleb128 0xa
 899 0b06 5461736B 		.string	"TaskType"
 899      54797065 
 899      00
 900 0b0f 01       		.byte	0x1
 901 0b10 C901     		.uahalf	0x1c9
 902 0b12 160B0000 		.uaword	0xb16
 903 0b16 08       		.uleb128 0x8
 904 0b17 04       		.byte	0x4
 905 0b18 1C0B0000 		.uaword	0xb1c
 906 0b1c 0F       		.uleb128 0xf
 907 0b1d F10A0000 		.uaword	0xaf1
 908 0b21 10       		.uleb128 0x10
 909 0b22 04       		.byte	0x4
 910 0b23 01       		.byte	0x1
 911 0b24 E101     		.uahalf	0x1e1
 912 0b26 450B0000 		.uaword	0xb45
 913 0b2a 12       		.uleb128 0x12
 914 0b2b 00000000 		.uaword	.LASF6
 915 0b2f 01       		.byte	0x1
 916 0b30 E201     		.uahalf	0x1e2
 917 0b32 22090000 		.uaword	0x922
 918 0b36 11       		.uleb128 0x11
 919 0b37 696D6173 		.string	"imask"
 919      6B00
 920 0b3d 01       		.byte	0x1
 921 0b3e E301     		.uahalf	0x1e3
 922 0b40 F8060000 		.uaword	0x6f8
 923 0b44 00       		.byte	0
 924 0b45 0C       		.uleb128 0xc
 925 0b46 4F735F52 		.string	"Os_ResourceDynType_s"
 925      65736F75 
 925      72636544 
 925      796E5479 
 925      70655F73 
 926 0b5b 0C       		.byte	0xc
 927 0b5c 01       		.byte	0x1
 928 0b5d DE01     		.uahalf	0x1de
 929 0b5f A80B0000 		.uaword	0xba8
 930 0b63 0D       		.uleb128 0xd
 931 0b64 61636365 		.string	"access_count"
 931      73735F63 
 931      6F756E74 
 931      00
 932 0b71 01       		.byte	0x1
 933 0b72 DF01     		.uahalf	0x1df
 934 0b74 24030000 		.uaword	0x324
 935 0b78 02       		.byte	0x2
 936 0b79 23       		.byte	0x23
 937 0b7a 00       		.uleb128 0
 938 0b7b 0D       		.uleb128 0xd
 939 0b7c 6C6F636B 		.string	"locker"
 939      657200
GAS Infineon TriCore Little Endian C:\\Users\\user1\\AppData\\Local\\Temp\\rta_RTAOS_638388406317960277_1736001\\ccDPentI.s 			page 22


 940 0b83 01       		.byte	0x1
 941 0b84 E001     		.uahalf	0x1e0
 942 0b86 050B0000 		.uaword	0xb05
 943 0b8a 02       		.byte	0x2
 944 0b8b 23       		.byte	0x23
 945 0b8c 04       		.uleb128 0x4
 946 0b8d 0D       		.uleb128 0xd
 947 0b8e 73617665 		.string	"saved_priority"
 947      645F7072 
 947      696F7269 
 947      747900
 948 0b9d 01       		.byte	0x1
 949 0b9e E401     		.uahalf	0x1e4
 950 0ba0 210B0000 		.uaword	0xb21
 951 0ba4 02       		.byte	0x2
 952 0ba5 23       		.byte	0x23
 953 0ba6 08       		.uleb128 0x8
 954 0ba7 00       		.byte	0
 955 0ba8 0A       		.uleb128 0xa
 956 0ba9 4F735F52 		.string	"Os_ResourceDynType"
 956      65736F75 
 956      72636544 
 956      796E5479 
 956      706500
 957 0bbc 01       		.byte	0x1
 958 0bbd E501     		.uahalf	0x1e5
 959 0bbf 450B0000 		.uaword	0xb45
 960 0bc3 0C       		.uleb128 0xc
 961 0bc4 4F735F52 		.string	"Os_ResourceType_s"
 961      65736F75 
 961      72636554 
 961      7970655F 
 961      7300
 962 0bd6 10       		.byte	0x10
 963 0bd7 01       		.byte	0x1
 964 0bd8 E601     		.uahalf	0x1e6
 965 0bda 1D0C0000 		.uaword	0xc1d
 966 0bde 0E       		.uleb128 0xe
 967 0bdf 00000000 		.uaword	.LASF2
 968 0be3 01       		.byte	0x1
 969 0be4 E701     		.uahalf	0x1e7
 970 0be6 1D0C0000 		.uaword	0xc1d
 971 0bea 02       		.byte	0x2
 972 0beb 23       		.byte	0x23
 973 0bec 00       		.uleb128 0
 974 0bed 0E       		.uleb128 0xe
 975 0bee 00000000 		.uaword	.LASF6
 976 0bf2 01       		.byte	0x1
 977 0bf3 E801     		.uahalf	0x1e8
 978 0bf5 22090000 		.uaword	0x922
 979 0bf9 02       		.byte	0x2
 980 0bfa 23       		.byte	0x23
 981 0bfb 04       		.uleb128 0x4
 982 0bfc 0D       		.uleb128 0xd
 983 0bfd 696D6173 		.string	"imask"
 983      6B00
 984 0c03 01       		.byte	0x1
GAS Infineon TriCore Little Endian C:\\Users\\user1\\AppData\\Local\\Temp\\rta_RTAOS_638388406317960277_1736001\\ccDPentI.s 			page 23


 985 0c04 E901     		.uahalf	0x1e9
 986 0c06 F8060000 		.uaword	0x6f8
 987 0c0a 02       		.byte	0x2
 988 0c0b 23       		.byte	0x23
 989 0c0c 08       		.uleb128 0x8
 990 0c0d 0E       		.uleb128 0xe
 991 0c0e 00000000 		.uaword	.LASF3
 992 0c12 01       		.byte	0x1
 993 0c13 EA01     		.uahalf	0x1ea
 994 0c15 7C010000 		.uaword	0x17c
 995 0c19 02       		.byte	0x2
 996 0c1a 23       		.byte	0x23
 997 0c1b 0C       		.uleb128 0xc
 998 0c1c 00       		.byte	0
 999 0c1d 0F       		.uleb128 0xf
 1000 0c1e 220C0000 		.uaword	0xc22
 1001 0c22 08       		.uleb128 0x8
 1002 0c23 04       		.byte	0x4
 1003 0c24 A80B0000 		.uaword	0xba8
 1004 0c28 0A       		.uleb128 0xa
 1005 0c29 4F735F52 		.string	"Os_ResourceType"
 1005      65736F75 
 1005      72636554 
 1005      79706500 
 1006 0c39 01       		.byte	0x1
 1007 0c3a EB01     		.uahalf	0x1eb
 1008 0c3c C30B0000 		.uaword	0xbc3
 1009 0c40 0A       		.uleb128 0xa
 1010 0c41 5265736F 		.string	"ResourceType"
 1010      75726365 
 1010      54797065 
 1010      00
 1011 0c4e 01       		.byte	0x1
 1012 0c4f EC01     		.uahalf	0x1ec
 1013 0c51 550C0000 		.uaword	0xc55
 1014 0c55 08       		.uleb128 0x8
 1015 0c56 04       		.byte	0x4
 1016 0c57 5B0C0000 		.uaword	0xc5b
 1017 0c5b 0F       		.uleb128 0xf
 1018 0c5c 280C0000 		.uaword	0xc28
 1019 0c60 0A       		.uleb128 0xa
 1020 0c61 4F535365 		.string	"OSServiceIdType"
 1020      72766963 
 1020      65496454 
 1020      79706500 
 1021 0c71 01       		.byte	0x1
 1022 0c72 5102     		.uahalf	0x251
 1023 0c74 89010000 		.uaword	0x189
 1024 0c78 0A       		.uleb128 0xa
 1025 0c79 4F735F42 		.string	"Os_BiggestType"
 1025      69676765 
 1025      73745479 
 1025      706500
 1026 0c88 01       		.byte	0x1
 1027 0c89 2503     		.uahalf	0x325
 1028 0c8b CC010000 		.uaword	0x1cc
 1029 0c8f 13       		.uleb128 0x13
GAS Infineon TriCore Little Endian C:\\Users\\user1\\AppData\\Local\\Temp\\rta_RTAOS_638388406317960277_1736001\\ccDPentI.s 			page 24


 1030 0c90 10       		.byte	0x10
 1031 0c91 01       		.byte	0x1
 1032 0c92 2703     		.uahalf	0x327
 1033 0c94 FD0C0000 		.uaword	0xcfd
 1034 0c98 0D       		.uleb128 0xd
 1035 0c99 73657276 		.string	"service_id"
 1035      6963655F 
 1035      696400
 1036 0ca4 01       		.byte	0x1
 1037 0ca5 2803     		.uahalf	0x328
 1038 0ca7 600C0000 		.uaword	0xc60
 1039 0cab 02       		.byte	0x2
 1040 0cac 23       		.byte	0x23
 1041 0cad 00       		.uleb128 0
 1042 0cae 0D       		.uleb128 0xd
 1043 0caf 73657276 		.string	"service_param1"
 1043      6963655F 
 1043      70617261 
 1043      6D3100
 1044 0cbe 01       		.byte	0x1
 1045 0cbf 2903     		.uahalf	0x329
 1046 0cc1 780C0000 		.uaword	0xc78
 1047 0cc5 02       		.byte	0x2
 1048 0cc6 23       		.byte	0x23
 1049 0cc7 04       		.uleb128 0x4
 1050 0cc8 0D       		.uleb128 0xd
 1051 0cc9 73657276 		.string	"service_param2"
 1051      6963655F 
 1051      70617261 
 1051      6D3200
 1052 0cd8 01       		.byte	0x1
 1053 0cd9 2A03     		.uahalf	0x32a
 1054 0cdb 780C0000 		.uaword	0xc78
 1055 0cdf 02       		.byte	0x2
 1056 0ce0 23       		.byte	0x23
 1057 0ce1 08       		.uleb128 0x8
 1058 0ce2 0D       		.uleb128 0xd
 1059 0ce3 73657276 		.string	"service_param3"
 1059      6963655F 
 1059      70617261 
 1059      6D3300
 1060 0cf2 01       		.byte	0x1
 1061 0cf3 2B03     		.uahalf	0x32b
 1062 0cf5 780C0000 		.uaword	0xc78
 1063 0cf9 02       		.byte	0x2
 1064 0cfa 23       		.byte	0x23
 1065 0cfb 0C       		.uleb128 0xc
 1066 0cfc 00       		.byte	0
 1067 0cfd 0A       		.uleb128 0xa
 1068 0cfe 4F735F45 		.string	"Os_ErrorInformationType"
 1068      72726F72 
 1068      496E666F 
 1068      726D6174 
 1068      696F6E54 
 1069 0d16 01       		.byte	0x1
 1070 0d17 2C03     		.uahalf	0x32c
 1071 0d19 8F0C0000 		.uaword	0xc8f
GAS Infineon TriCore Little Endian C:\\Users\\user1\\AppData\\Local\\Temp\\rta_RTAOS_638388406317960277_1736001\\ccDPentI.s 			page 25


 1072 0d1d 0A       		.uleb128 0xa
 1073 0d1e 4F735F4F 		.string	"Os_OrtiIdType"
 1073      72746949 
 1073      64547970 
 1073      6500
 1074 0d2c 01       		.byte	0x1
 1075 0d2d 3003     		.uahalf	0x330
 1076 0d2f 89010000 		.uaword	0x189
 1077 0d33 0B       		.uleb128 0xb
 1078 0d34 E3080000 		.uaword	0x8e3
 1079 0d38 0B       		.uleb128 0xb
 1080 0d39 4B080000 		.uaword	0x84b
 1081 0d3d 0B       		.uleb128 0xb
 1082 0d3e 050B0000 		.uaword	0xb05
 1083 0d42 0B       		.uleb128 0xb
 1084 0d43 22090000 		.uaword	0x922
 1085 0d47 0B       		.uleb128 0xb
 1086 0d48 20040000 		.uaword	0x420
 1087 0d4c 0B       		.uleb128 0xb
 1088 0d4d D5030000 		.uaword	0x3d5
 1089 0d51 0A       		.uleb128 0xa
 1090 0d52 4F735F43 		.string	"Os_ControlledCoreType"
 1090      6F6E7472 
 1090      6F6C6C65 
 1090      64436F72 
 1090      65547970 
 1091 0d68 01       		.byte	0x1
 1092 0d69 2404     		.uahalf	0x424
 1093 0d6b 6C040000 		.uaword	0x46c
 1094 0d6f 0C       		.uleb128 0xc
 1095 0d70 4F735F41 		.string	"Os_AnyCoreType_s"
 1095      6E79436F 
 1095      72655479 
 1095      70655F73 
 1095      00
 1096 0d81 64       		.byte	0x64
 1097 0d82 01       		.byte	0x1
 1098 0d83 3204     		.uahalf	0x432
 1099 0d85 A80E0000 		.uaword	0xea8
 1100 0d89 0D       		.uleb128 0xd
 1101 0d8a 44697361 		.string	"DisableAllImask"
 1101      626C6541 
 1101      6C6C496D 
 1101      61736B00 
 1102 0d9a 01       		.byte	0x1
 1103 0d9b 3304     		.uahalf	0x433
 1104 0d9d A80E0000 		.uaword	0xea8
 1105 0da1 02       		.byte	0x2
 1106 0da2 23       		.byte	0x23
 1107 0da3 00       		.uleb128 0
 1108 0da4 0D       		.uleb128 0xd
 1109 0da5 53757370 		.string	"SuspendAllImask"
 1109      656E6441 
 1109      6C6C496D 
 1109      61736B00 
 1110 0db5 01       		.byte	0x1
 1111 0db6 3404     		.uahalf	0x434
GAS Infineon TriCore Little Endian C:\\Users\\user1\\AppData\\Local\\Temp\\rta_RTAOS_638388406317960277_1736001\\ccDPentI.s 			page 26


 1112 0db8 A80E0000 		.uaword	0xea8
 1113 0dbc 02       		.byte	0x2
 1114 0dbd 23       		.byte	0x23
 1115 0dbe 04       		.uleb128 0x4
 1116 0dbf 0D       		.uleb128 0xd
 1117 0dc0 53757370 		.string	"SuspendOSImask"
 1117      656E644F 
 1117      53496D61 
 1117      736B00
 1118 0dcf 01       		.byte	0x1
 1119 0dd0 3504     		.uahalf	0x435
 1120 0dd2 A80E0000 		.uaword	0xea8
 1121 0dd6 02       		.byte	0x2
 1122 0dd7 23       		.byte	0x23
 1123 0dd8 08       		.uleb128 0x8
 1124 0dd9 0D       		.uleb128 0xd
 1125 0dda 44697361 		.string	"DisableAllCount"
 1125      626C6541 
 1125      6C6C436F 
 1125      756E7400 
 1126 0dea 01       		.byte	0x1
 1127 0deb 3604     		.uahalf	0x436
 1128 0ded AD0E0000 		.uaword	0xead
 1129 0df1 02       		.byte	0x2
 1130 0df2 23       		.byte	0x23
 1131 0df3 0C       		.uleb128 0xc
 1132 0df4 0D       		.uleb128 0xd
 1133 0df5 53757370 		.string	"SuspendAllCount"
 1133      656E6441 
 1133      6C6C436F 
 1133      756E7400 
 1134 0e05 01       		.byte	0x1
 1135 0e06 3704     		.uahalf	0x437
 1136 0e08 AD0E0000 		.uaword	0xead
 1137 0e0c 02       		.byte	0x2
 1138 0e0d 23       		.byte	0x23
 1139 0e0e 10       		.uleb128 0x10
 1140 0e0f 0D       		.uleb128 0xd
 1141 0e10 53757370 		.string	"SuspendOSCount"
 1141      656E644F 
 1141      53436F75 
 1141      6E7400
 1142 0e1f 01       		.byte	0x1
 1143 0e20 3804     		.uahalf	0x438
 1144 0e22 AD0E0000 		.uaword	0xead
 1145 0e26 02       		.byte	0x2
 1146 0e27 23       		.byte	0x23
 1147 0e28 14       		.uleb128 0x14
 1148 0e29 0D       		.uleb128 0xd
 1149 0e2a 4F727469 		.string	"OrtiApiID"
 1149      41706949 
 1149      4400
 1150 0e34 01       		.byte	0x1
 1151 0e35 3904     		.uahalf	0x439
 1152 0e37 B20E0000 		.uaword	0xeb2
 1153 0e3b 02       		.byte	0x2
 1154 0e3c 23       		.byte	0x23
GAS Infineon TriCore Little Endian C:\\Users\\user1\\AppData\\Local\\Temp\\rta_RTAOS_638388406317960277_1736001\\ccDPentI.s 			page 27


 1155 0e3d 18       		.uleb128 0x18
 1156 0e3e 0D       		.uleb128 0xd
 1157 0e3f 4F727469 		.string	"OrtiLastError"
 1157      4C617374 
 1157      4572726F 
 1157      7200
 1158 0e4d 01       		.byte	0x1
 1159 0e4e 3A04     		.uahalf	0x43a
 1160 0e50 4C020000 		.uaword	0x24c
 1161 0e54 02       		.byte	0x2
 1162 0e55 23       		.byte	0x23
 1163 0e56 19       		.uleb128 0x19
 1164 0e57 0D       		.uleb128 0xd
 1165 0e58 52657374 		.string	"RestartJumpBuf"
 1165      6172744A 
 1165      756D7042 
 1165      756600
 1166 0e67 01       		.byte	0x1
 1167 0e68 3B04     		.uahalf	0x43b
 1168 0e6a FE020000 		.uaword	0x2fe
 1169 0e6e 02       		.byte	0x2
 1170 0e6f 23       		.byte	0x23
 1171 0e70 1C       		.uleb128 0x1c
 1172 0e71 0D       		.uleb128 0xd
 1173 0e72 52657374 		.string	"Restartable"
 1173      61727461 
 1173      626C6500 
 1174 0e7e 01       		.byte	0x1
 1175 0e7f 3C04     		.uahalf	0x43c
 1176 0e81 3D020000 		.uaword	0x23d
 1177 0e85 02       		.byte	0x2
 1178 0e86 23       		.byte	0x23
 1179 0e87 60       		.uleb128 0x60
 1180 0e88 0D       		.uleb128 0xd
 1181 0e89 4C617374 		.string	"LastProtectionFault"
 1181      50726F74 
 1181      65637469 
 1181      6F6E4661 
 1181      756C7400 
 1182 0e9d 01       		.byte	0x1
 1183 0e9e 3D04     		.uahalf	0x43d
 1184 0ea0 4C020000 		.uaword	0x24c
 1185 0ea4 02       		.byte	0x2
 1186 0ea5 23       		.byte	0x23
 1187 0ea6 61       		.uleb128 0x61
 1188 0ea7 00       		.byte	0
 1189 0ea8 0B       		.uleb128 0xb
 1190 0ea9 F8060000 		.uaword	0x6f8
 1191 0ead 0B       		.uleb128 0xb
 1192 0eae BE010000 		.uaword	0x1be
 1193 0eb2 0B       		.uleb128 0xb
 1194 0eb3 1D0D0000 		.uaword	0xd1d
 1195 0eb7 0A       		.uleb128 0xa
 1196 0eb8 4F735F41 		.string	"Os_AnyCoreType"
 1196      6E79436F 
 1196      72655479 
 1196      706500
GAS Infineon TriCore Little Endian C:\\Users\\user1\\AppData\\Local\\Temp\\rta_RTAOS_638388406317960277_1736001\\ccDPentI.s 			page 28


 1197 0ec7 01       		.byte	0x1
 1198 0ec8 3E04     		.uahalf	0x43e
 1199 0eca 6F0D0000 		.uaword	0xd6f
 1200 0ece 0C       		.uleb128 0xc
 1201 0ecf 4F735F43 		.string	"Os_CoreConfiguration_s"
 1201      6F726543 
 1201      6F6E6669 
 1201      67757261 
 1201      74696F6E 
 1202 0ee6 18       		.byte	0x18
 1203 0ee7 01       		.byte	0x1
 1204 0ee8 4904     		.uahalf	0x449
 1205 0eea 680F0000 		.uaword	0xf68
 1206 0eee 0D       		.uleb128 0xd
 1207 0eef 636F6E74 		.string	"controlled"
 1207      726F6C6C 
 1207      656400
 1208 0efa 01       		.byte	0x1
 1209 0efb 4A04     		.uahalf	0x44a
 1210 0efd 680F0000 		.uaword	0xf68
 1211 0f01 02       		.byte	0x2
 1212 0f02 23       		.byte	0x23
 1213 0f03 00       		.uleb128 0
 1214 0f04 0D       		.uleb128 0xd
 1215 0f05 616E7900 		.string	"any"
 1216 0f09 01       		.byte	0x1
 1217 0f0a 4B04     		.uahalf	0x44b
 1218 0f0c 730F0000 		.uaword	0xf73
 1219 0f10 02       		.byte	0x2
 1220 0f11 23       		.byte	0x23
 1221 0f12 04       		.uleb128 0x4
 1222 0f13 0D       		.uleb128 0xd
 1223 0f14 73746174 		.string	"state"
 1223      6500
 1224 0f1a 01       		.byte	0x1
 1225 0f1b 4C04     		.uahalf	0x44c
 1226 0f1d 7E0F0000 		.uaword	0xf7e
 1227 0f21 02       		.byte	0x2
 1228 0f22 23       		.byte	0x23
 1229 0f23 08       		.uleb128 0x8
 1230 0f24 0D       		.uleb128 0xd
 1231 0f25 64697370 		.string	"dispatch"
 1231      61746368 
 1231      00
 1232 0f2e 01       		.byte	0x1
 1233 0f2f 4D04     		.uahalf	0x44d
 1234 0f31 AE030000 		.uaword	0x3ae
 1235 0f35 02       		.byte	0x2
 1236 0f36 23       		.byte	0x23
 1237 0f37 0C       		.uleb128 0xc
 1238 0f38 0D       		.uleb128 0xd
 1239 0f39 4F735F52 		.string	"Os_Res_Scheduler"
 1239      65735F53 
 1239      63686564 
 1239      756C6572 
 1239      00
 1240 0f4a 01       		.byte	0x1
GAS Infineon TriCore Little Endian C:\\Users\\user1\\AppData\\Local\\Temp\\rta_RTAOS_638388406317960277_1736001\\ccDPentI.s 			page 29


 1241 0f4b 4E04     		.uahalf	0x44e
 1242 0f4d 400C0000 		.uaword	0xc40
 1243 0f51 02       		.byte	0x2
 1244 0f52 23       		.byte	0x23
 1245 0f53 10       		.uleb128 0x10
 1246 0f54 0D       		.uleb128 0xd
 1247 0f55 636F7265 		.string	"core_id"
 1247      5F696400 
 1248 0f5d 01       		.byte	0x1
 1249 0f5e 4F04     		.uahalf	0x44f
 1250 0f60 54040000 		.uaword	0x454
 1251 0f64 02       		.byte	0x2
 1252 0f65 23       		.byte	0x23
 1253 0f66 14       		.uleb128 0x14
 1254 0f67 00       		.byte	0
 1255 0f68 0F       		.uleb128 0xf
 1256 0f69 6D0F0000 		.uaword	0xf6d
 1257 0f6d 08       		.uleb128 0x8
 1258 0f6e 04       		.byte	0x4
 1259 0f6f 510D0000 		.uaword	0xd51
 1260 0f73 0F       		.uleb128 0xf
 1261 0f74 780F0000 		.uaword	0xf78
 1262 0f78 08       		.uleb128 0x8
 1263 0f79 04       		.byte	0x4
 1264 0f7a B70E0000 		.uaword	0xeb7
 1265 0f7e 0F       		.uleb128 0xf
 1266 0f7f 830F0000 		.uaword	0xf83
 1267 0f83 08       		.uleb128 0x8
 1268 0f84 04       		.byte	0x4
 1269 0f85 890F0000 		.uaword	0xf89
 1270 0f89 0B       		.uleb128 0xb
 1271 0f8a EC030000 		.uaword	0x3ec
 1272 0f8e 0A       		.uleb128 0xa
 1273 0f8f 4F735F43 		.string	"Os_CoreConfiguration"
 1273      6F726543 
 1273      6F6E6669 
 1273      67757261 
 1273      74696F6E 
 1274 0fa4 01       		.byte	0x1
 1275 0fa5 5004     		.uahalf	0x450
 1276 0fa7 CE0E0000 		.uaword	0xece
 1277 0fab 14       		.uleb128 0x14
 1278 0fac 01       		.byte	0x1
 1279 0fad 4F735F53 		.string	"Os_ScheduleQ"
 1279      63686564 
 1279      756C6551 
 1279      00
 1280 0fba 01       		.byte	0x1
 1281 0fbb 5705     		.uahalf	0x557
 1282 0fbd 01       		.byte	0x1
 1283 0fbe 4C020000 		.uaword	0x24c
 1284 0fc2 00000000 		.uaword	.LFB0
 1285 0fc6 00000000 		.uaword	.LFE0
 1286 0fca 02       		.byte	0x2
 1287 0fcb 8A       		.byte	0x8a
 1288 0fcc 00       		.sleb128 0
 1289 0fcd 01       		.byte	0x1
GAS Infineon TriCore Little Endian C:\\Users\\user1\\AppData\\Local\\Temp\\rta_RTAOS_638388406317960277_1736001\\ccDPentI.s 			page 30


 1290 0fce 71100000 		.uaword	0x1071
 1291 0fd2 15       		.uleb128 0x15
 1292 0fd3 6170695F 		.string	"api_retval"
 1292      72657476 
 1292      616C00
 1293 0fde 01       		.byte	0x1
 1294 0fdf 5805     		.uahalf	0x558
 1295 0fe1 4C020000 		.uaword	0x24c
 1296 0fe5 00000000 		.uaword	.LLST0
 1297 0fe9 15       		.uleb128 0x15
 1298 0fea 6E656564 		.string	"need_schedule"
 1298      5F736368 
 1298      6564756C 
 1298      6500
 1299 0ff8 01       		.byte	0x1
 1300 0ff9 5905     		.uahalf	0x559
 1301 0ffb 3D020000 		.uaword	0x23d
 1302 0fff 00000000 		.uaword	.LLST1
 1303 1003 16       		.uleb128 0x16
 1304 1004 6F735F63 		.string	"os_current_core_const"
 1304      75727265 
 1304      6E745F63 
 1304      6F72655F 
 1304      636F6E73 
 1305 101a 01       		.byte	0x1
 1306 101b 5A05     		.uahalf	0x55a
 1307 101d 71100000 		.uaword	0x1071
 1308 1021 15       		.uleb128 0x15
 1309 1022 6F735F63 		.string	"os_current_controlled_core"
 1309      75727265 
 1309      6E745F63 
 1309      6F6E7472 
 1309      6F6C6C65 
 1310 103d 01       		.byte	0x1
 1311 103e 5B05     		.uahalf	0x55b
 1312 1040 6D0F0000 		.uaword	0xf6d
 1313 1044 00000000 		.uaword	.LLST2
 1314 1048 17       		.uleb128 0x17
 1315 1049 00000000 		.uaword	.LBB2
 1316 104d 00000000 		.uaword	.LBE2
 1317 1051 66100000 		.uaword	0x1066
 1318 1055 15       		.uleb128 0x15
 1319 1056 72657300 		.string	"res"
 1320 105a 01       		.byte	0x1
 1321 105b 5A05     		.uahalf	0x55a
 1322 105d CC010000 		.uaword	0x1cc
 1323 1061 00000000 		.uaword	.LLST3
 1324 1065 00       		.byte	0
 1325 1066 18       		.uleb128 0x18
 1326 1067 00000000 		.uaword	.LVL7
 1327 106b 01       		.byte	0x1
 1328 106c B1100000 		.uaword	0x10b1
 1329 1070 00       		.byte	0
 1330 1071 08       		.uleb128 0x8
 1331 1072 04       		.byte	0x4
 1332 1073 77100000 		.uaword	0x1077
 1333 1077 0F       		.uleb128 0xf
GAS Infineon TriCore Little Endian C:\\Users\\user1\\AppData\\Local\\Temp\\rta_RTAOS_638388406317960277_1736001\\ccDPentI.s 			page 31


 1334 1078 8E0F0000 		.uaword	0xf8e
 1335 107c 06       		.uleb128 0x6
 1336 107d 8E0F0000 		.uaword	0xf8e
 1337 1081 87100000 		.uaword	0x1087
 1338 1085 19       		.uleb128 0x19
 1339 1086 00       		.byte	0
 1340 1087 1A       		.uleb128 0x1a
 1341 1088 4F735F63 		.string	"Os_const_coreconfiguration"
 1341      6F6E7374 
 1341      5F636F72 
 1341      65636F6E 
 1341      66696775 
 1342 10a3 01       		.byte	0x1
 1343 10a4 6A04     		.uahalf	0x46a
 1344 10a6 AC100000 		.uaword	0x10ac
 1345 10aa 01       		.byte	0x1
 1346 10ab 01       		.byte	0x1
 1347 10ac 0F       		.uleb128 0xf
 1348 10ad 7C100000 		.uaword	0x107c
 1349 10b1 1B       		.uleb128 0x1b
 1350 10b2 01       		.byte	0x1
 1351 10b3 4F735F53 		.string	"Os_Schedule"
 1351      63686564 
 1351      756C6500 
 1352 10bf 01       		.byte	0x1
 1353 10c0 B504     		.uahalf	0x4b5
 1354 10c2 01       		.byte	0x1
 1355 10c3 4C020000 		.uaword	0x24c
 1356 10c7 01       		.byte	0x1
 1357 10c8 00       		.byte	0
 1358              	.section .debug_abbrev,"",@progbits
 1359              	.Ldebug_abbrev0:
 1360 0000 01       		.uleb128 0x1
 1361 0001 11       		.uleb128 0x11
 1362 0002 01       		.byte	0x1
 1363 0003 25       		.uleb128 0x25
 1364 0004 08       		.uleb128 0x8
 1365 0005 13       		.uleb128 0x13
 1366 0006 0B       		.uleb128 0xb
 1367 0007 03       		.uleb128 0x3
 1368 0008 08       		.uleb128 0x8
 1369 0009 55       		.uleb128 0x55
 1370 000a 06       		.uleb128 0x6
 1371 000b 11       		.uleb128 0x11
 1372 000c 01       		.uleb128 0x1
 1373 000d 52       		.uleb128 0x52
 1374 000e 01       		.uleb128 0x1
 1375 000f 10       		.uleb128 0x10
 1376 0010 06       		.uleb128 0x6
 1377 0011 00       		.byte	0
 1378 0012 00       		.byte	0
 1379 0013 02       		.uleb128 0x2
 1380 0014 16       		.uleb128 0x16
 1381 0015 00       		.byte	0
 1382 0016 03       		.uleb128 0x3
 1383 0017 08       		.uleb128 0x8
 1384 0018 3A       		.uleb128 0x3a
GAS Infineon TriCore Little Endian C:\\Users\\user1\\AppData\\Local\\Temp\\rta_RTAOS_638388406317960277_1736001\\ccDPentI.s 			page 32


 1385 0019 0B       		.uleb128 0xb
 1386 001a 3B       		.uleb128 0x3b
 1387 001b 0B       		.uleb128 0xb
 1388 001c 49       		.uleb128 0x49
 1389 001d 13       		.uleb128 0x13
 1390 001e 00       		.byte	0
 1391 001f 00       		.byte	0
 1392 0020 03       		.uleb128 0x3
 1393 0021 24       		.uleb128 0x24
 1394 0022 00       		.byte	0
 1395 0023 0B       		.uleb128 0xb
 1396 0024 0B       		.uleb128 0xb
 1397 0025 3E       		.uleb128 0x3e
 1398 0026 0B       		.uleb128 0xb
 1399 0027 03       		.uleb128 0x3
 1400 0028 08       		.uleb128 0x8
 1401 0029 00       		.byte	0
 1402 002a 00       		.byte	0
 1403 002b 04       		.uleb128 0x4
 1404 002c 13       		.uleb128 0x13
 1405 002d 01       		.byte	0x1
 1406 002e 0B       		.uleb128 0xb
 1407 002f 0B       		.uleb128 0xb
 1408 0030 3A       		.uleb128 0x3a
 1409 0031 0B       		.uleb128 0xb
 1410 0032 3B       		.uleb128 0x3b
 1411 0033 0B       		.uleb128 0xb
 1412 0034 01       		.uleb128 0x1
 1413 0035 13       		.uleb128 0x13
 1414 0036 00       		.byte	0
 1415 0037 00       		.byte	0
 1416 0038 05       		.uleb128 0x5
 1417 0039 0D       		.uleb128 0xd
 1418 003a 00       		.byte	0
 1419 003b 03       		.uleb128 0x3
 1420 003c 08       		.uleb128 0x8
 1421 003d 3A       		.uleb128 0x3a
 1422 003e 0B       		.uleb128 0xb
 1423 003f 3B       		.uleb128 0x3b
 1424 0040 0B       		.uleb128 0xb
 1425 0041 49       		.uleb128 0x49
 1426 0042 13       		.uleb128 0x13
 1427 0043 38       		.uleb128 0x38
 1428 0044 0A       		.uleb128 0xa
 1429 0045 00       		.byte	0
 1430 0046 00       		.byte	0
 1431 0047 06       		.uleb128 0x6
 1432 0048 01       		.uleb128 0x1
 1433 0049 01       		.byte	0x1
 1434 004a 49       		.uleb128 0x49
 1435 004b 13       		.uleb128 0x13
 1436 004c 01       		.uleb128 0x1
 1437 004d 13       		.uleb128 0x13
 1438 004e 00       		.byte	0
 1439 004f 00       		.byte	0
 1440 0050 07       		.uleb128 0x7
 1441 0051 21       		.uleb128 0x21
GAS Infineon TriCore Little Endian C:\\Users\\user1\\AppData\\Local\\Temp\\rta_RTAOS_638388406317960277_1736001\\ccDPentI.s 			page 33


 1442 0052 00       		.byte	0
 1443 0053 49       		.uleb128 0x49
 1444 0054 13       		.uleb128 0x13
 1445 0055 2F       		.uleb128 0x2f
 1446 0056 0B       		.uleb128 0xb
 1447 0057 00       		.byte	0
 1448 0058 00       		.byte	0
 1449 0059 08       		.uleb128 0x8
 1450 005a 0F       		.uleb128 0xf
 1451 005b 00       		.byte	0
 1452 005c 0B       		.uleb128 0xb
 1453 005d 0B       		.uleb128 0xb
 1454 005e 49       		.uleb128 0x49
 1455 005f 13       		.uleb128 0x13
 1456 0060 00       		.byte	0
 1457 0061 00       		.byte	0
 1458 0062 09       		.uleb128 0x9
 1459 0063 15       		.uleb128 0x15
 1460 0064 00       		.byte	0
 1461 0065 27       		.uleb128 0x27
 1462 0066 0C       		.uleb128 0xc
 1463 0067 00       		.byte	0
 1464 0068 00       		.byte	0
 1465 0069 0A       		.uleb128 0xa
 1466 006a 16       		.uleb128 0x16
 1467 006b 00       		.byte	0
 1468 006c 03       		.uleb128 0x3
 1469 006d 08       		.uleb128 0x8
 1470 006e 3A       		.uleb128 0x3a
 1471 006f 0B       		.uleb128 0xb
 1472 0070 3B       		.uleb128 0x3b
 1473 0071 05       		.uleb128 0x5
 1474 0072 49       		.uleb128 0x49
 1475 0073 13       		.uleb128 0x13
 1476 0074 00       		.byte	0
 1477 0075 00       		.byte	0
 1478 0076 0B       		.uleb128 0xb
 1479 0077 35       		.uleb128 0x35
 1480 0078 00       		.byte	0
 1481 0079 49       		.uleb128 0x49
 1482 007a 13       		.uleb128 0x13
 1483 007b 00       		.byte	0
 1484 007c 00       		.byte	0
 1485 007d 0C       		.uleb128 0xc
 1486 007e 13       		.uleb128 0x13
 1487 007f 01       		.byte	0x1
 1488 0080 03       		.uleb128 0x3
 1489 0081 08       		.uleb128 0x8
 1490 0082 0B       		.uleb128 0xb
 1491 0083 0B       		.uleb128 0xb
 1492 0084 3A       		.uleb128 0x3a
 1493 0085 0B       		.uleb128 0xb
 1494 0086 3B       		.uleb128 0x3b
 1495 0087 05       		.uleb128 0x5
 1496 0088 01       		.uleb128 0x1
 1497 0089 13       		.uleb128 0x13
 1498 008a 00       		.byte	0
GAS Infineon TriCore Little Endian C:\\Users\\user1\\AppData\\Local\\Temp\\rta_RTAOS_638388406317960277_1736001\\ccDPentI.s 			page 34


 1499 008b 00       		.byte	0
 1500 008c 0D       		.uleb128 0xd
 1501 008d 0D       		.uleb128 0xd
 1502 008e 00       		.byte	0
 1503 008f 03       		.uleb128 0x3
 1504 0090 08       		.uleb128 0x8
 1505 0091 3A       		.uleb128 0x3a
 1506 0092 0B       		.uleb128 0xb
 1507 0093 3B       		.uleb128 0x3b
 1508 0094 05       		.uleb128 0x5
 1509 0095 49       		.uleb128 0x49
 1510 0096 13       		.uleb128 0x13
 1511 0097 38       		.uleb128 0x38
 1512 0098 0A       		.uleb128 0xa
 1513 0099 00       		.byte	0
 1514 009a 00       		.byte	0
 1515 009b 0E       		.uleb128 0xe
 1516 009c 0D       		.uleb128 0xd
 1517 009d 00       		.byte	0
 1518 009e 03       		.uleb128 0x3
 1519 009f 0E       		.uleb128 0xe
 1520 00a0 3A       		.uleb128 0x3a
 1521 00a1 0B       		.uleb128 0xb
 1522 00a2 3B       		.uleb128 0x3b
 1523 00a3 05       		.uleb128 0x5
 1524 00a4 49       		.uleb128 0x49
 1525 00a5 13       		.uleb128 0x13
 1526 00a6 38       		.uleb128 0x38
 1527 00a7 0A       		.uleb128 0xa
 1528 00a8 00       		.byte	0
 1529 00a9 00       		.byte	0
 1530 00aa 0F       		.uleb128 0xf
 1531 00ab 26       		.uleb128 0x26
 1532 00ac 00       		.byte	0
 1533 00ad 49       		.uleb128 0x49
 1534 00ae 13       		.uleb128 0x13
 1535 00af 00       		.byte	0
 1536 00b0 00       		.byte	0
 1537 00b1 10       		.uleb128 0x10
 1538 00b2 17       		.uleb128 0x17
 1539 00b3 01       		.byte	0x1
 1540 00b4 0B       		.uleb128 0xb
 1541 00b5 0B       		.uleb128 0xb
 1542 00b6 3A       		.uleb128 0x3a
 1543 00b7 0B       		.uleb128 0xb
 1544 00b8 3B       		.uleb128 0x3b
 1545 00b9 05       		.uleb128 0x5
 1546 00ba 01       		.uleb128 0x1
 1547 00bb 13       		.uleb128 0x13
 1548 00bc 00       		.byte	0
 1549 00bd 00       		.byte	0
 1550 00be 11       		.uleb128 0x11
 1551 00bf 0D       		.uleb128 0xd
 1552 00c0 00       		.byte	0
 1553 00c1 03       		.uleb128 0x3
 1554 00c2 08       		.uleb128 0x8
 1555 00c3 3A       		.uleb128 0x3a
GAS Infineon TriCore Little Endian C:\\Users\\user1\\AppData\\Local\\Temp\\rta_RTAOS_638388406317960277_1736001\\ccDPentI.s 			page 35


 1556 00c4 0B       		.uleb128 0xb
 1557 00c5 3B       		.uleb128 0x3b
 1558 00c6 05       		.uleb128 0x5
 1559 00c7 49       		.uleb128 0x49
 1560 00c8 13       		.uleb128 0x13
 1561 00c9 00       		.byte	0
 1562 00ca 00       		.byte	0
 1563 00cb 12       		.uleb128 0x12
 1564 00cc 0D       		.uleb128 0xd
 1565 00cd 00       		.byte	0
 1566 00ce 03       		.uleb128 0x3
 1567 00cf 0E       		.uleb128 0xe
 1568 00d0 3A       		.uleb128 0x3a
 1569 00d1 0B       		.uleb128 0xb
 1570 00d2 3B       		.uleb128 0x3b
 1571 00d3 05       		.uleb128 0x5
 1572 00d4 49       		.uleb128 0x49
 1573 00d5 13       		.uleb128 0x13
 1574 00d6 00       		.byte	0
 1575 00d7 00       		.byte	0
 1576 00d8 13       		.uleb128 0x13
 1577 00d9 13       		.uleb128 0x13
 1578 00da 01       		.byte	0x1
 1579 00db 0B       		.uleb128 0xb
 1580 00dc 0B       		.uleb128 0xb
 1581 00dd 3A       		.uleb128 0x3a
 1582 00de 0B       		.uleb128 0xb
 1583 00df 3B       		.uleb128 0x3b
 1584 00e0 05       		.uleb128 0x5
 1585 00e1 01       		.uleb128 0x1
 1586 00e2 13       		.uleb128 0x13
 1587 00e3 00       		.byte	0
 1588 00e4 00       		.byte	0
 1589 00e5 14       		.uleb128 0x14
 1590 00e6 2E       		.uleb128 0x2e
 1591 00e7 01       		.byte	0x1
 1592 00e8 3F       		.uleb128 0x3f
 1593 00e9 0C       		.uleb128 0xc
 1594 00ea 03       		.uleb128 0x3
 1595 00eb 08       		.uleb128 0x8
 1596 00ec 3A       		.uleb128 0x3a
 1597 00ed 0B       		.uleb128 0xb
 1598 00ee 3B       		.uleb128 0x3b
 1599 00ef 05       		.uleb128 0x5
 1600 00f0 27       		.uleb128 0x27
 1601 00f1 0C       		.uleb128 0xc
 1602 00f2 49       		.uleb128 0x49
 1603 00f3 13       		.uleb128 0x13
 1604 00f4 11       		.uleb128 0x11
 1605 00f5 01       		.uleb128 0x1
 1606 00f6 12       		.uleb128 0x12
 1607 00f7 01       		.uleb128 0x1
 1608 00f8 40       		.uleb128 0x40
 1609 00f9 0A       		.uleb128 0xa
 1610 00fa 9742     		.uleb128 0x2117
 1611 00fc 0C       		.uleb128 0xc
 1612 00fd 01       		.uleb128 0x1
GAS Infineon TriCore Little Endian C:\\Users\\user1\\AppData\\Local\\Temp\\rta_RTAOS_638388406317960277_1736001\\ccDPentI.s 			page 36


 1613 00fe 13       		.uleb128 0x13
 1614 00ff 00       		.byte	0
 1615 0100 00       		.byte	0
 1616 0101 15       		.uleb128 0x15
 1617 0102 34       		.uleb128 0x34
 1618 0103 00       		.byte	0
 1619 0104 03       		.uleb128 0x3
 1620 0105 08       		.uleb128 0x8
 1621 0106 3A       		.uleb128 0x3a
 1622 0107 0B       		.uleb128 0xb
 1623 0108 3B       		.uleb128 0x3b
 1624 0109 05       		.uleb128 0x5
 1625 010a 49       		.uleb128 0x49
 1626 010b 13       		.uleb128 0x13
 1627 010c 02       		.uleb128 0x2
 1628 010d 06       		.uleb128 0x6
 1629 010e 00       		.byte	0
 1630 010f 00       		.byte	0
 1631 0110 16       		.uleb128 0x16
 1632 0111 34       		.uleb128 0x34
 1633 0112 00       		.byte	0
 1634 0113 03       		.uleb128 0x3
 1635 0114 08       		.uleb128 0x8
 1636 0115 3A       		.uleb128 0x3a
 1637 0116 0B       		.uleb128 0xb
 1638 0117 3B       		.uleb128 0x3b
 1639 0118 05       		.uleb128 0x5
 1640 0119 49       		.uleb128 0x49
 1641 011a 13       		.uleb128 0x13
 1642 011b 00       		.byte	0
 1643 011c 00       		.byte	0
 1644 011d 17       		.uleb128 0x17
 1645 011e 0B       		.uleb128 0xb
 1646 011f 01       		.byte	0x1
 1647 0120 11       		.uleb128 0x11
 1648 0121 01       		.uleb128 0x1
 1649 0122 12       		.uleb128 0x12
 1650 0123 01       		.uleb128 0x1
 1651 0124 01       		.uleb128 0x1
 1652 0125 13       		.uleb128 0x13
 1653 0126 00       		.byte	0
 1654 0127 00       		.byte	0
 1655 0128 18       		.uleb128 0x18
 1656 0129 898201   		.uleb128 0x4109
 1657 012c 00       		.byte	0
 1658 012d 11       		.uleb128 0x11
 1659 012e 01       		.uleb128 0x1
 1660 012f 9542     		.uleb128 0x2115
 1661 0131 0C       		.uleb128 0xc
 1662 0132 31       		.uleb128 0x31
 1663 0133 13       		.uleb128 0x13
 1664 0134 00       		.byte	0
 1665 0135 00       		.byte	0
 1666 0136 19       		.uleb128 0x19
 1667 0137 21       		.uleb128 0x21
 1668 0138 00       		.byte	0
 1669 0139 00       		.byte	0
GAS Infineon TriCore Little Endian C:\\Users\\user1\\AppData\\Local\\Temp\\rta_RTAOS_638388406317960277_1736001\\ccDPentI.s 			page 37


 1670 013a 00       		.byte	0
 1671 013b 1A       		.uleb128 0x1a
 1672 013c 34       		.uleb128 0x34
 1673 013d 00       		.byte	0
 1674 013e 03       		.uleb128 0x3
 1675 013f 08       		.uleb128 0x8
 1676 0140 3A       		.uleb128 0x3a
 1677 0141 0B       		.uleb128 0xb
 1678 0142 3B       		.uleb128 0x3b
 1679 0143 05       		.uleb128 0x5
 1680 0144 49       		.uleb128 0x49
 1681 0145 13       		.uleb128 0x13
 1682 0146 3F       		.uleb128 0x3f
 1683 0147 0C       		.uleb128 0xc
 1684 0148 3C       		.uleb128 0x3c
 1685 0149 0C       		.uleb128 0xc
 1686 014a 00       		.byte	0
 1687 014b 00       		.byte	0
 1688 014c 1B       		.uleb128 0x1b
 1689 014d 2E       		.uleb128 0x2e
 1690 014e 00       		.byte	0
 1691 014f 3F       		.uleb128 0x3f
 1692 0150 0C       		.uleb128 0xc
 1693 0151 03       		.uleb128 0x3
 1694 0152 08       		.uleb128 0x8
 1695 0153 3A       		.uleb128 0x3a
 1696 0154 0B       		.uleb128 0xb
 1697 0155 3B       		.uleb128 0x3b
 1698 0156 05       		.uleb128 0x5
 1699 0157 27       		.uleb128 0x27
 1700 0158 0C       		.uleb128 0xc
 1701 0159 49       		.uleb128 0x49
 1702 015a 13       		.uleb128 0x13
 1703 015b 3C       		.uleb128 0x3c
 1704 015c 0C       		.uleb128 0xc
 1705 015d 00       		.byte	0
 1706 015e 00       		.byte	0
 1707 015f 00       		.byte	0
 1708              	.section .debug_loc,"",@progbits
 1709              	.Ldebug_loc0:
 1710              	.LLST0:
 1711 0000 00000000 		.uaword	.LVL0
 1712 0004 00000000 		.uaword	.LVL5
 1713 0008 0200     		.uahalf	0x2
 1714 000a 30       		.byte	0x30
 1715 000b 9F       		.byte	0x9f
 1716 000c 00000000 		.uaword	.LVL6
 1717 0010 00000000 		.uaword	.LFE0
 1718 0014 0200     		.uahalf	0x2
 1719 0016 30       		.byte	0x30
 1720 0017 9F       		.byte	0x9f
 1721 0018 00000000 		.uaword	0
 1722 001c 00000000 		.uaword	0
 1723              	.LLST1:
 1724 0020 00000000 		.uaword	.LVL4
 1725 0024 00000000 		.uaword	.LVL5
 1726 0028 0F00     		.uahalf	0xf
GAS Infineon TriCore Little Endian C:\\Users\\user1\\AppData\\Local\\Temp\\rta_RTAOS_638388406317960277_1736001\\ccDPentI.s 			page 38


 1727 002a 7F       		.byte	0x7f
 1728 002b 00       		.sleb128 0
 1729 002c 40       		.byte	0x40
 1730 002d 4B       		.byte	0x4b
 1731 002e 24       		.byte	0x24
 1732 002f 22       		.byte	0x22
 1733 0030 8F       		.byte	0x8f
 1734 0031 0C       		.sleb128 12
 1735 0032 06       		.byte	0x6
 1736 0033 40       		.byte	0x40
 1737 0034 4B       		.byte	0x4b
 1738 0035 24       		.byte	0x24
 1739 0036 22       		.byte	0x22
 1740 0037 2B       		.byte	0x2b
 1741 0038 9F       		.byte	0x9f
 1742 0039 00000000 		.uaword	.LVL6
 1743 003d 00000000 		.uaword	.LVL7-1
 1744 0041 0E00     		.uahalf	0xe
 1745 0043 7F       		.byte	0x7f
 1746 0044 00       		.sleb128 0
 1747 0045 40       		.byte	0x40
 1748 0046 4B       		.byte	0x4b
 1749 0047 24       		.byte	0x24
 1750 0048 22       		.byte	0x22
 1751 0049 72       		.byte	0x72
 1752 004a 00       		.sleb128 0
 1753 004b 40       		.byte	0x40
 1754 004c 4B       		.byte	0x4b
 1755 004d 24       		.byte	0x24
 1756 004e 22       		.byte	0x22
 1757 004f 2B       		.byte	0x2b
 1758 0050 9F       		.byte	0x9f
 1759 0051 00000000 		.uaword	0
 1760 0055 00000000 		.uaword	0
 1761              	.LLST2:
 1762 0059 00000000 		.uaword	.LVL2
 1763 005d 00000000 		.uaword	.LVL4
 1764 0061 0100     		.uahalf	0x1
 1765 0063 6F       		.byte	0x6f
 1766 0064 00000000 		.uaword	.LVL4
 1767 0068 00000000 		.uaword	.LVL7-1
 1768 006c 0200     		.uahalf	0x2
 1769 006e 73       		.byte	0x73
 1770 006f 00       		.sleb128 0
 1771 0070 00000000 		.uaword	0
 1772 0074 00000000 		.uaword	0
 1773              	.LLST3:
 1774 0078 00000000 		.uaword	.LVL1
 1775 007c 00000000 		.uaword	.LVL3
 1776 0080 0100     		.uahalf	0x1
 1777 0082 5F       		.byte	0x5f
 1778 0083 00000000 		.uaword	0
 1779 0087 00000000 		.uaword	0
 1780              	.section .debug_aranges,"",@progbits
 1781 0000 1C000000 		.uaword	0x1c
 1782 0004 0200     		.uahalf	0x2
 1783 0006 00000000 		.uaword	.Ldebug_info0
GAS Infineon TriCore Little Endian C:\\Users\\user1\\AppData\\Local\\Temp\\rta_RTAOS_638388406317960277_1736001\\ccDPentI.s 			page 39


 1784 000a 04       		.byte	0x4
 1785 000b 00       		.byte	0
 1786 000c 0000     		.uahalf	0
 1787 000e 0000     		.uahalf	0
 1788 0010 00000000 		.uaword	.LFB0
 1789 0014 2C000000 		.uaword	.LFE0-.LFB0
 1790 0018 00000000 		.uaword	0
 1791 001c 00000000 		.uaword	0
 1792              	.section .debug_ranges,"",@progbits
 1793              	.Ldebug_ranges0:
 1794 0000 00000000 		.uaword	.LFB0
 1795 0004 00000000 		.uaword	.LFE0
 1796 0008 00000000 		.uaword	0
 1797 000c 00000000 		.uaword	0
 1798              	.section .debug_line,"",@progbits
 1799              	.Ldebug_line0:
 1800 0000 2F010000 	.section .debug_str,"",@progbits
 1800      02001201 
 1800      00000201 
 1800      FB0E0D00 
 1800      01010101 
 1801              	.LASF4:
 1802 0000 6170706C 		.string	"application"
 1802      69636174 
 1802      696F6E00 
 1803              	.LASF2:
 1804 000c 64796E61 		.string	"dynamic"
 1804      6D696300 
 1805              	.LASF5:
 1806 0014 61637469 		.string	"activation_count"
 1806      76617469 
 1806      6F6E5F63 
 1806      6F756E74 
 1806      00
 1807              	.LASF6:
 1808 0025 74706D61 		.string	"tpmask"
 1808      736B00
 1809              	.LASF1:
 1810 002c 656E7472 		.string	"entry_function"
 1810      795F6675 
 1810      6E637469 
 1810      6F6E00
 1811              	.LASF3:
 1812 003b 61636365 		.string	"access"
 1812      737300
 1813              	.LASF0:
 1814 0042 7265736F 		.string	"resource_count"
 1814      75726365 
 1814      5F636F75 
 1814      6E7400
 1815              		.extern	Os_Schedule,STT_FUNC,0
 1816              		.extern	Os_const_coreconfiguration,STT_OBJECT,-1
 1817              		.ident	"GCC: (HighTec Release HDP-v4.9.4.1-11fcedf) 4.9.4 build on 2020-09-01"
