GAS Infineon TriCore Little Endian C:\\Users\\user1\\AppData\\Local\\Temp\\rta_RTAOS_638388406317960277_1736001\\ccPuUOxq.s 			page 1


   1              		.file	"Os_Stack.c"
   2              	.section .text,"ax",@progbits
   3              	.Ltext0:
   4              	.section .text.Os_GetSP,"ax",@progbits
   5              		.align 1
   6              		.global	Os_GetSP
   7              		.type	Os_GetSP, @function
   8              	Os_GetSP:
   9              	.LFB0:
  10              		.file 1 "C:\\Users\\user1\\AppData\\Local\\Temp\\rta_RTAOS_638388406317960277_1736001\\Os_Stack.c"
  11              		.loc 1 1382 0
  12              	.LBB2:
  13              		.loc 1 1384 0
  14              	#APP
  15              		# 1384 "C:\Users\user1\AppData\Local\Temp\rta_RTAOS_638388406317960277_1736001\Os_Stack.c" 1
  16 0000 4D80E3FF 		mfcr %d15,0xFE38
  17              		# 0 "" 2
  18              	.LVL0:
  19              	#NO_APP
  20              	.LBE2:
  21 0004 C22F     		add	%d15, 2
  22              	.LVL1:
  23              		.loc 1 1386 0
  24              	#APP
  25              		# 1386 "C:\Users\user1\AppData\Local\Temp\rta_RTAOS_638388406317960277_1736001\Os_Stack.c" 1
  26 0006 80A2     		mov.d %d2, %a10
  27              		# 0 "" 2
  28              	.LVL2:
  29              		.loc 1 1385 0
  30              	#NO_APP
  31 0008 7BF00030 		movh	%d3, 15
  32 000c 26F3     		and	%d3, %d15
  33 000e B70F10F8 		insert	%d15, %d15, 0, 16, 16
  34              	.LVL3:
  35 0012 8FC30030 		sh	%d3, %d3, 12
  36              		.loc 1 1388 0
  37 0016 130F2433 		madd	%d3, %d3, %d15, 64
  38 001a 0090     		ret
  39              	.LFE0:
  40              		.size	Os_GetSP, .-Os_GetSP
  41              	.section .debug_frame,"",@progbits
  42              	.Lframe0:
  43 0000 0C000000 		.uaword	.LECIE0-.LSCIE0
  44              	.LSCIE0:
  45 0004 FFFFFFFF 		.uaword	0xffffffff
  46 0008 01       		.byte	0x1
  47 0009 00       		.string	""
  48 000a 01       		.uleb128 0x1
  49 000b 01       		.sleb128 1
  50 000c 1B       		.byte	0x1b
  51 000d 0C       		.byte	0xc
  52 000e 1A       		.uleb128 0x1a
  53 000f 00       		.uleb128 0
  54              		.align 2
  55              	.LECIE0:
  56              	.LSFDE0:
  57 0010 0C000000 		.uaword	.LEFDE0-.LASFDE0
GAS Infineon TriCore Little Endian C:\\Users\\user1\\AppData\\Local\\Temp\\rta_RTAOS_638388406317960277_1736001\\ccPuUOxq.s 			page 2


  58              	.LASFDE0:
  59 0014 00000000 		.uaword	.Lframe0
  60 0018 00000000 		.uaword	.LFB0
  61 001c 1C000000 		.uaword	.LFE0-.LFB0
  62              		.align 2
  63              	.LEFDE0:
  64              	.section .text,"ax",@progbits
  65              	.Letext0:
  66              		.file 2 "D:\\home\\user123\\user\\Mohan6_VectorSIP\\21Dec23\\15Dec23_CAN_merge_21stDec\\25_Softwar
  67              	.section .debug_info,"",@progbits
  68              	.Ldebug_info0:
  69 0000 D6020000 		.uaword	0x2d6
  70 0004 0200     		.uahalf	0x2
  71 0006 00000000 		.uaword	.Ldebug_abbrev0
  72 000a 04       		.byte	0x4
  73 000b 01       		.uleb128 0x1
  74 000c 474E5520 		.ascii	"GNU C 4."
  74      4320342E 
  75 0014 392E3420 		.string	"9.4 build on 2020-09-01 -mlicense-dir=c:\\hightec\\toolchains\\tricore\\v4.9.4.1\\bin\\..
  75      6275696C 
  75      64206F6E 
  75      20323032 
  75      302D3039 
  76 0115 01       		.byte	0x1
  77 0116 433A5C55 		.string	"C:\\Users\\user1\\AppData\\Local\\Temp\\rta_RTAOS_638388406317960277_1736001\\Os_Stack.c"
  77      73657273 
  77      5C757365 
  77      72315C41 
  77      70704461 
  78 0168 00000000 		.uaword	.Ldebug_ranges0+0
  79 016c 00000000 		.uaword	0
  80 0170 00000000 		.uaword	0
  81 0174 00000000 		.uaword	.Ldebug_line0
  82 0178 02       		.uleb128 0x2
  83 0179 01       		.byte	0x1
  84 017a 08       		.byte	0x8
  85 017b 756E7369 		.string	"unsigned char"
  85      676E6564 
  85      20636861 
  85      7200
  86 0189 02       		.uleb128 0x2
  87 018a 02       		.byte	0x2
  88 018b 07       		.byte	0x7
  89 018c 73686F72 		.string	"short unsigned int"
  89      7420756E 
  89      7369676E 
  89      65642069 
  89      6E7400
  90 019f 03       		.uleb128 0x3
  91 01a0 75696E74 		.string	"uint32"
  91      333200
  92 01a7 02       		.byte	0x2
  93 01a8 36       		.byte	0x36
  94 01a9 AD010000 		.uaword	0x1ad
  95 01ad 02       		.uleb128 0x2
  96 01ae 04       		.byte	0x4
  97 01af 07       		.byte	0x7
GAS Infineon TriCore Little Endian C:\\Users\\user1\\AppData\\Local\\Temp\\rta_RTAOS_638388406317960277_1736001\\ccPuUOxq.s 			page 3


  98 01b0 756E7369 		.string	"unsigned int"
  98      676E6564 
  98      20696E74 
  98      00
  99 01bd 02       		.uleb128 0x2
 100 01be 01       		.byte	0x1
 101 01bf 06       		.byte	0x6
 102 01c0 7369676E 		.string	"signed char"
 102      65642063 
 102      68617200 
 103 01cc 02       		.uleb128 0x2
 104 01cd 02       		.byte	0x2
 105 01ce 05       		.byte	0x5
 106 01cf 73686F72 		.string	"short int"
 106      7420696E 
 106      7400
 107 01d9 02       		.uleb128 0x2
 108 01da 04       		.byte	0x4
 109 01db 05       		.byte	0x5
 110 01dc 696E7400 		.string	"int"
 111 01e0 02       		.uleb128 0x2
 112 01e1 04       		.byte	0x4
 113 01e2 04       		.byte	0x4
 114 01e3 666C6F61 		.string	"float"
 114      7400
 115 01e9 02       		.uleb128 0x2
 116 01ea 08       		.byte	0x8
 117 01eb 04       		.byte	0x4
 118 01ec 646F7562 		.string	"double"
 118      6C6500
 119 01f3 02       		.uleb128 0x2
 120 01f4 08       		.byte	0x8
 121 01f5 05       		.byte	0x5
 122 01f6 6C6F6E67 		.string	"long long int"
 122      206C6F6E 
 122      6720696E 
 122      7400
 123 0204 02       		.uleb128 0x2
 124 0205 08       		.byte	0x8
 125 0206 07       		.byte	0x7
 126 0207 6C6F6E67 		.string	"long long unsigned int"
 126      206C6F6E 
 126      6720756E 
 126      7369676E 
 126      65642069 
 127 021e 02       		.uleb128 0x2
 128 021f 04       		.byte	0x4
 129 0220 07       		.byte	0x7
 130 0221 73697A65 		.string	"sizetype"
 130      74797065 
 130      00
 131 022a 03       		.uleb128 0x3
 132 022b 4F735F53 		.string	"Os_StackTraceType"
 132      7461636B 
 132      54726163 
 132      65547970 
 132      6500
GAS Infineon TriCore Little Endian C:\\Users\\user1\\AppData\\Local\\Temp\\rta_RTAOS_638388406317960277_1736001\\ccPuUOxq.s 			page 4


 133 023d 01       		.byte	0x1
 134 023e CC       		.byte	0xcc
 135 023f AD010000 		.uaword	0x1ad
 136 0243 04       		.uleb128 0x4
 137 0244 08       		.byte	0x8
 138 0245 01       		.byte	0x1
 139 0246 CD       		.byte	0xcd
 140 0247 67020000 		.uaword	0x267
 141 024b 05       		.uleb128 0x5
 142 024c 737000   		.string	"sp"
 143 024f 01       		.byte	0x1
 144 0250 CD       		.byte	0xcd
 145 0251 2A020000 		.uaword	0x22a
 146 0255 02       		.byte	0x2
 147 0256 23       		.byte	0x23
 148 0257 00       		.uleb128 0
 149 0258 05       		.uleb128 0x5
 150 0259 63747800 		.string	"ctx"
 151 025d 01       		.byte	0x1
 152 025e CD       		.byte	0xcd
 153 025f 2A020000 		.uaword	0x22a
 154 0263 02       		.byte	0x2
 155 0264 23       		.byte	0x23
 156 0265 04       		.uleb128 0x4
 157 0266 00       		.byte	0
 158 0267 03       		.uleb128 0x3
 159 0268 4F735F53 		.string	"Os_StackValueType"
 159      7461636B 
 159      56616C75 
 159      65547970 
 159      6500
 160 027a 01       		.byte	0x1
 161 027b CD       		.byte	0xcd
 162 027c 43020000 		.uaword	0x243
 163 0280 06       		.uleb128 0x6
 164 0281 01       		.byte	0x1
 165 0282 4F735F47 		.string	"Os_GetSP"
 165      65745350 
 165      00
 166 028b 01       		.byte	0x1
 167 028c 6605     		.uahalf	0x566
 168 028e 01       		.byte	0x1
 169 028f 67020000 		.uaword	0x267
 170 0293 00000000 		.uaword	.LFB0
 171 0297 00000000 		.uaword	.LFE0
 172 029b 02       		.byte	0x2
 173 029c 8A       		.byte	0x8a
 174 029d 00       		.sleb128 0
 175 029e 01       		.byte	0x1
 176 029f 07       		.uleb128 0x7
 177 02a0 72657400 		.string	"ret"
 178 02a4 01       		.byte	0x1
 179 02a5 6705     		.uahalf	0x567
 180 02a7 67020000 		.uaword	0x267
 181 02ab 00000000 		.uaword	.LLST0
 182 02af 07       		.uleb128 0x7
 183 02b0 637800   		.string	"cx"
GAS Infineon TriCore Little Endian C:\\Users\\user1\\AppData\\Local\\Temp\\rta_RTAOS_638388406317960277_1736001\\ccPuUOxq.s 			page 5


 184 02b3 01       		.byte	0x1
 185 02b4 6805     		.uahalf	0x568
 186 02b6 9F010000 		.uaword	0x19f
 187 02ba 00000000 		.uaword	.LLST1
 188 02be 08       		.uleb128 0x8
 189 02bf 00000000 		.uaword	.LBB2
 190 02c3 00000000 		.uaword	.LBE2
 191 02c7 07       		.uleb128 0x7
 192 02c8 72657300 		.string	"res"
 193 02cc 01       		.byte	0x1
 194 02cd 6805     		.uahalf	0x568
 195 02cf AD010000 		.uaword	0x1ad
 196 02d3 00000000 		.uaword	.LLST2
 197 02d7 00       		.byte	0
 198 02d8 00       		.byte	0
 199 02d9 00       		.byte	0
 200              	.section .debug_abbrev,"",@progbits
 201              	.Ldebug_abbrev0:
 202 0000 01       		.uleb128 0x1
 203 0001 11       		.uleb128 0x11
 204 0002 01       		.byte	0x1
 205 0003 25       		.uleb128 0x25
 206 0004 08       		.uleb128 0x8
 207 0005 13       		.uleb128 0x13
 208 0006 0B       		.uleb128 0xb
 209 0007 03       		.uleb128 0x3
 210 0008 08       		.uleb128 0x8
 211 0009 55       		.uleb128 0x55
 212 000a 06       		.uleb128 0x6
 213 000b 11       		.uleb128 0x11
 214 000c 01       		.uleb128 0x1
 215 000d 52       		.uleb128 0x52
 216 000e 01       		.uleb128 0x1
 217 000f 10       		.uleb128 0x10
 218 0010 06       		.uleb128 0x6
 219 0011 00       		.byte	0
 220 0012 00       		.byte	0
 221 0013 02       		.uleb128 0x2
 222 0014 24       		.uleb128 0x24
 223 0015 00       		.byte	0
 224 0016 0B       		.uleb128 0xb
 225 0017 0B       		.uleb128 0xb
 226 0018 3E       		.uleb128 0x3e
 227 0019 0B       		.uleb128 0xb
 228 001a 03       		.uleb128 0x3
 229 001b 08       		.uleb128 0x8
 230 001c 00       		.byte	0
 231 001d 00       		.byte	0
 232 001e 03       		.uleb128 0x3
 233 001f 16       		.uleb128 0x16
 234 0020 00       		.byte	0
 235 0021 03       		.uleb128 0x3
 236 0022 08       		.uleb128 0x8
 237 0023 3A       		.uleb128 0x3a
 238 0024 0B       		.uleb128 0xb
 239 0025 3B       		.uleb128 0x3b
 240 0026 0B       		.uleb128 0xb
GAS Infineon TriCore Little Endian C:\\Users\\user1\\AppData\\Local\\Temp\\rta_RTAOS_638388406317960277_1736001\\ccPuUOxq.s 			page 6


 241 0027 49       		.uleb128 0x49
 242 0028 13       		.uleb128 0x13
 243 0029 00       		.byte	0
 244 002a 00       		.byte	0
 245 002b 04       		.uleb128 0x4
 246 002c 13       		.uleb128 0x13
 247 002d 01       		.byte	0x1
 248 002e 0B       		.uleb128 0xb
 249 002f 0B       		.uleb128 0xb
 250 0030 3A       		.uleb128 0x3a
 251 0031 0B       		.uleb128 0xb
 252 0032 3B       		.uleb128 0x3b
 253 0033 0B       		.uleb128 0xb
 254 0034 01       		.uleb128 0x1
 255 0035 13       		.uleb128 0x13
 256 0036 00       		.byte	0
 257 0037 00       		.byte	0
 258 0038 05       		.uleb128 0x5
 259 0039 0D       		.uleb128 0xd
 260 003a 00       		.byte	0
 261 003b 03       		.uleb128 0x3
 262 003c 08       		.uleb128 0x8
 263 003d 3A       		.uleb128 0x3a
 264 003e 0B       		.uleb128 0xb
 265 003f 3B       		.uleb128 0x3b
 266 0040 0B       		.uleb128 0xb
 267 0041 49       		.uleb128 0x49
 268 0042 13       		.uleb128 0x13
 269 0043 38       		.uleb128 0x38
 270 0044 0A       		.uleb128 0xa
 271 0045 00       		.byte	0
 272 0046 00       		.byte	0
 273 0047 06       		.uleb128 0x6
 274 0048 2E       		.uleb128 0x2e
 275 0049 01       		.byte	0x1
 276 004a 3F       		.uleb128 0x3f
 277 004b 0C       		.uleb128 0xc
 278 004c 03       		.uleb128 0x3
 279 004d 08       		.uleb128 0x8
 280 004e 3A       		.uleb128 0x3a
 281 004f 0B       		.uleb128 0xb
 282 0050 3B       		.uleb128 0x3b
 283 0051 05       		.uleb128 0x5
 284 0052 27       		.uleb128 0x27
 285 0053 0C       		.uleb128 0xc
 286 0054 49       		.uleb128 0x49
 287 0055 13       		.uleb128 0x13
 288 0056 11       		.uleb128 0x11
 289 0057 01       		.uleb128 0x1
 290 0058 12       		.uleb128 0x12
 291 0059 01       		.uleb128 0x1
 292 005a 40       		.uleb128 0x40
 293 005b 0A       		.uleb128 0xa
 294 005c 9742     		.uleb128 0x2117
 295 005e 0C       		.uleb128 0xc
 296 005f 00       		.byte	0
 297 0060 00       		.byte	0
GAS Infineon TriCore Little Endian C:\\Users\\user1\\AppData\\Local\\Temp\\rta_RTAOS_638388406317960277_1736001\\ccPuUOxq.s 			page 7


 298 0061 07       		.uleb128 0x7
 299 0062 34       		.uleb128 0x34
 300 0063 00       		.byte	0
 301 0064 03       		.uleb128 0x3
 302 0065 08       		.uleb128 0x8
 303 0066 3A       		.uleb128 0x3a
 304 0067 0B       		.uleb128 0xb
 305 0068 3B       		.uleb128 0x3b
 306 0069 05       		.uleb128 0x5
 307 006a 49       		.uleb128 0x49
 308 006b 13       		.uleb128 0x13
 309 006c 02       		.uleb128 0x2
 310 006d 06       		.uleb128 0x6
 311 006e 00       		.byte	0
 312 006f 00       		.byte	0
 313 0070 08       		.uleb128 0x8
 314 0071 0B       		.uleb128 0xb
 315 0072 01       		.byte	0x1
 316 0073 11       		.uleb128 0x11
 317 0074 01       		.uleb128 0x1
 318 0075 12       		.uleb128 0x12
 319 0076 01       		.uleb128 0x1
 320 0077 00       		.byte	0
 321 0078 00       		.byte	0
 322 0079 00       		.byte	0
 323              	.section .debug_loc,"",@progbits
 324              	.Ldebug_loc0:
 325              	.LLST0:
 326 0000 00000000 		.uaword	.LVL1
 327 0004 00000000 		.uaword	.LVL2
 328 0008 1600     		.uahalf	0x16
 329 000a 93       		.byte	0x93
 330 000b 04       		.uleb128 0x4
 331 000c 7F       		.byte	0x7f
 332 000d 00       		.sleb128 0
 333 000e 4E       		.byte	0x4e
 334 000f 3F       		.byte	0x3f
 335 0010 24       		.byte	0x24
 336 0011 1A       		.byte	0x1a
 337 0012 3C       		.byte	0x3c
 338 0013 24       		.byte	0x24
 339 0014 7F       		.byte	0x7f
 340 0015 00       		.sleb128 0
 341 0016 0A       		.byte	0xa
 342 0017 FFFF     		.uahalf	0xffff
 343 0019 1A       		.byte	0x1a
 344 001a 36       		.byte	0x36
 345 001b 24       		.byte	0x24
 346 001c 22       		.byte	0x22
 347 001d 9F       		.byte	0x9f
 348 001e 93       		.byte	0x93
 349 001f 04       		.uleb128 0x4
 350 0020 00000000 		.uaword	.LVL2
 351 0024 00000000 		.uaword	.LVL3
 352 0028 1700     		.uahalf	0x17
 353 002a 52       		.byte	0x52
 354 002b 93       		.byte	0x93
GAS Infineon TriCore Little Endian C:\\Users\\user1\\AppData\\Local\\Temp\\rta_RTAOS_638388406317960277_1736001\\ccPuUOxq.s 			page 8


 355 002c 04       		.uleb128 0x4
 356 002d 7F       		.byte	0x7f
 357 002e 00       		.sleb128 0
 358 002f 4E       		.byte	0x4e
 359 0030 3F       		.byte	0x3f
 360 0031 24       		.byte	0x24
 361 0032 1A       		.byte	0x1a
 362 0033 3C       		.byte	0x3c
 363 0034 24       		.byte	0x24
 364 0035 7F       		.byte	0x7f
 365 0036 00       		.sleb128 0
 366 0037 0A       		.byte	0xa
 367 0038 FFFF     		.uahalf	0xffff
 368 003a 1A       		.byte	0x1a
 369 003b 36       		.byte	0x36
 370 003c 24       		.byte	0x24
 371 003d 22       		.byte	0x22
 372 003e 9F       		.byte	0x9f
 373 003f 93       		.byte	0x93
 374 0040 04       		.uleb128 0x4
 375 0041 00000000 		.uaword	.LVL3
 376 0045 00000000 		.uaword	.LFE0
 377 0049 0500     		.uahalf	0x5
 378 004b 52       		.byte	0x52
 379 004c 93       		.byte	0x93
 380 004d 04       		.uleb128 0x4
 381 004e 93       		.byte	0x93
 382 004f 04       		.uleb128 0x4
 383 0050 00000000 		.uaword	0
 384 0054 00000000 		.uaword	0
 385              	.LLST1:
 386 0058 00000000 		.uaword	.LVL1
 387 005c 00000000 		.uaword	.LVL3
 388 0060 0100     		.uahalf	0x1
 389 0062 5F       		.byte	0x5f
 390 0063 00000000 		.uaword	0
 391 0067 00000000 		.uaword	0
 392              	.LLST2:
 393 006b 00000000 		.uaword	.LVL0
 394 006f 00000000 		.uaword	.LVL1
 395 0073 0100     		.uahalf	0x1
 396 0075 5F       		.byte	0x5f
 397 0076 00000000 		.uaword	.LVL1
 398 007a 00000000 		.uaword	.LVL3
 399 007e 0300     		.uahalf	0x3
 400 0080 7F       		.byte	0x7f
 401 0081 7E       		.sleb128 -2
 402 0082 9F       		.byte	0x9f
 403 0083 00000000 		.uaword	0
 404 0087 00000000 		.uaword	0
 405              	.section .debug_aranges,"",@progbits
 406 0000 1C000000 		.uaword	0x1c
 407 0004 0200     		.uahalf	0x2
 408 0006 00000000 		.uaword	.Ldebug_info0
 409 000a 04       		.byte	0x4
 410 000b 00       		.byte	0
 411 000c 0000     		.uahalf	0
GAS Infineon TriCore Little Endian C:\\Users\\user1\\AppData\\Local\\Temp\\rta_RTAOS_638388406317960277_1736001\\ccPuUOxq.s 			page 9


 412 000e 0000     		.uahalf	0
 413 0010 00000000 		.uaword	.LFB0
 414 0014 1C000000 		.uaword	.LFE0-.LFB0
 415 0018 00000000 		.uaword	0
 416 001c 00000000 		.uaword	0
 417              	.section .debug_ranges,"",@progbits
 418              	.Ldebug_ranges0:
 419 0000 00000000 		.uaword	.LFB0
 420 0004 00000000 		.uaword	.LFE0
 421 0008 00000000 		.uaword	0
 422 000c 00000000 		.uaword	0
 423              	.section .debug_line,"",@progbits
 424              	.Ldebug_line0:
 425 0000 19010000 	.section .debug_str,"",@progbits
 425      0200FF00 
 425      00000201 
 425      FB0E0D00 
 425      01010101 
 426              		.ident	"GCC: (HighTec Release HDP-v4.9.4.1-11fcedf) 4.9.4 build on 2020-09-01"
