GAS Infineon TriCore Little Endian C:\\Users\\user1\\AppData\\Local\\Temp\\rta_RTAOS_638388406317960277_1736001\\ccBtmhHf.s 			page 1


   1              		.file	"Os_SrcInit.c"
   2              	.section .text,"ax",@progbits
   3              	.Ltext0:
   4              	.section .text.Os_InitializeServiceRequests,"ax",@progbits
   5              		.align 1
   6              		.global	Os_InitializeServiceRequests
   7              		.type	Os_InitializeServiceRequests, @function
   8              	Os_InitializeServiceRequests:
   9              	.LFB0:
  10              		.file 1 "C:\\Users\\user1\\AppData\\Local\\Temp\\rta_RTAOS_638388406317960277_1736001\\Os_SrcInit.
  11              		.loc 1 7889 0
  12              		.loc 1 7892 0
  13 0000 914000FF 		movh.a	%a15, 61444
  14 0004 3B10C0F1 		mov	%d15, 7169
  15 0008 D9FFA868 		lea	%a15, [%a15] -30296
  16 000c 680F     		st.w	[%a15]0, %d15
  17              		.loc 1 7893 0
  18 000e 914000FF 		movh.a	%a15, 61444
  19 0012 3B1040F1 		mov	%d15, 5121
  20 0016 D9FFA468 		lea	%a15, [%a15] -30300
  21 001a 680F     		st.w	[%a15]0, %d15
  22              		.loc 1 7894 0
  23 001c 914000FF 		movh.a	%a15, 61444
  24 0020 3B1040F0 		mov	%d15, 1025
  25 0024 D9FF9068 		lea	%a15, [%a15] -30320
  26 0028 680F     		st.w	[%a15]0, %d15
  27              		.loc 1 7895 0
  28 002a 914000FF 		movh.a	%a15, 61444
  29 002e 3B2040F1 		mov	%d15, 5122
  30 0032 D9FF9868 		lea	%a15, [%a15] -30312
  31 0036 680F     		st.w	[%a15]0, %d15
  32              		.loc 1 7896 0
  33 0038 914000FF 		movh.a	%a15, 61444
  34 003c 3B3040F1 		mov	%d15, 5123
  35 0040 D9FF9468 		lea	%a15, [%a15] -30316
  36 0044 680F     		st.w	[%a15]0, %d15
  37              		.loc 1 7897 0
  38 0046 914000FF 		movh.a	%a15, 61444
  39 004a 3B40C0F1 		mov	%d15, 7172
  40 004e D9FFA068 		lea	%a15, [%a15] -30304
  41 0052 680F     		st.w	[%a15]0, %d15
  42              		.loc 1 7898 0
  43 0054 914000FF 		movh.a	%a15, 61444
  44 0058 3B50C0F1 		mov	%d15, 7173
  45 005c D9FF9C68 		lea	%a15, [%a15] -30308
  46 0060 680F     		st.w	[%a15]0, %d15
  47              		.loc 1 7899 0
  48 0062 914000FF 		movh.a	%a15, 61444
  49 0066 3B6040F0 		mov	%d15, 1030
  50 006a D9FF1CE8 		lea	%a15, [%a15] -31844
  51 006e 680F     		st.w	[%a15]0, %d15
  52              		.loc 1 7900 0
  53 0070 914000FF 		movh.a	%a15, 61444
  54 0074 3B7040F0 		mov	%d15, 1031
  55 0078 D9FF20E8 		lea	%a15, [%a15] -31840
  56 007c 680F     		st.w	[%a15]0, %d15
  57              		.loc 1 7901 0
GAS Infineon TriCore Little Endian C:\\Users\\user1\\AppData\\Local\\Temp\\rta_RTAOS_638388406317960277_1736001\\ccBtmhHf.s 			page 2


  58 007e 914000FF 		movh.a	%a15, 61444
  59 0082 3B8040F0 		mov	%d15, 1032
  60 0086 D9FF24E8 		lea	%a15, [%a15] -31836
  61 008a 680F     		st.w	[%a15]0, %d15
  62              		.loc 1 7902 0
  63 008c 914000FF 		movh.a	%a15, 61444
  64 0090 3B9040F0 		mov	%d15, 1033
  65 0094 D9FF28E8 		lea	%a15, [%a15] -31832
  66 0098 680F     		st.w	[%a15]0, %d15
  67              		.loc 1 7903 0
  68 009a 914000FF 		movh.a	%a15, 61444
  69 009e 3BA040F0 		mov	%d15, 1034
  70 00a2 D9FF2CE8 		lea	%a15, [%a15] -31828
  71 00a6 680F     		st.w	[%a15]0, %d15
  72              		.loc 1 7904 0
  73 00a8 914000FF 		movh.a	%a15, 61444
  74 00ac 3BB040F0 		mov	%d15, 1035
  75 00b0 D9FF30E8 		lea	%a15, [%a15] -31824
  76 00b4 680F     		st.w	[%a15]0, %d15
  77              		.loc 1 7905 0
  78 00b6 914000FF 		movh.a	%a15, 61444
  79 00ba 3BC040F0 		mov	%d15, 1036
  80 00be D9FF34E8 		lea	%a15, [%a15] -31820
  81 00c2 680F     		st.w	[%a15]0, %d15
  82              		.loc 1 7906 0
  83 00c4 914000FF 		movh.a	%a15, 61444
  84 00c8 3BD040F0 		mov	%d15, 1037
  85 00cc D9FF38E8 		lea	%a15, [%a15] -31816
  86 00d0 680F     		st.w	[%a15]0, %d15
  87              		.loc 1 7907 0
  88 00d2 914000FF 		movh.a	%a15, 61444
  89 00d6 3BE040F0 		mov	%d15, 1038
  90 00da D9FF3CE8 		lea	%a15, [%a15] -31812
  91 00de 680F     		st.w	[%a15]0, %d15
  92              		.loc 1 7908 0
  93 00e0 914000FF 		movh.a	%a15, 61444
  94 00e4 3BF040F0 		mov	%d15, 1039
  95 00e8 D9FF00F8 		lea	%a15, [%a15] -31808
  96 00ec 680F     		st.w	[%a15]0, %d15
  97              		.loc 1 7909 0
  98 00ee 914000FF 		movh.a	%a15, 61444
  99 00f2 3B0041F0 		mov	%d15, 1040
 100 00f6 D9FF04F8 		lea	%a15, [%a15] -31804
 101 00fa 680F     		st.w	[%a15]0, %d15
 102              		.loc 1 7910 0
 103 00fc 914000FF 		movh.a	%a15, 61444
 104 0100 3B1041F0 		mov	%d15, 1041
 105 0104 D9FF08F8 		lea	%a15, [%a15] -31800
 106 0108 680F     		st.w	[%a15]0, %d15
 107              		.loc 1 7911 0
 108 010a 914000FF 		movh.a	%a15, 61444
 109 010e 3B2041F0 		mov	%d15, 1042
 110 0112 D9FF0CF8 		lea	%a15, [%a15] -31796
 111 0116 680F     		st.w	[%a15]0, %d15
 112              		.loc 1 7912 0
 113 0118 914000FF 		movh.a	%a15, 61444
 114 011c 3B3041F0 		mov	%d15, 1043
GAS Infineon TriCore Little Endian C:\\Users\\user1\\AppData\\Local\\Temp\\rta_RTAOS_638388406317960277_1736001\\ccBtmhHf.s 			page 3


 115 0120 D9FF10F8 		lea	%a15, [%a15] -31792
 116 0124 680F     		st.w	[%a15]0, %d15
 117              		.loc 1 7913 0
 118 0126 914000FF 		movh.a	%a15, 61444
 119 012a 3B4041F0 		mov	%d15, 1044
 120 012e D9FF14F8 		lea	%a15, [%a15] -31788
 121 0132 680F     		st.w	[%a15]0, %d15
 122              		.loc 1 7914 0
 123 0134 914000FF 		movh.a	%a15, 61444
 124 0138 3B5041F0 		mov	%d15, 1045
 125 013c D9FF18F8 		lea	%a15, [%a15] -31784
 126 0140 680F     		st.w	[%a15]0, %d15
 127              		.loc 1 7915 0
 128 0142 914000FF 		movh.a	%a15, 61444
 129 0146 3B6041F0 		mov	%d15, 1046
 130 014a D9FF1CF8 		lea	%a15, [%a15] -31780
 131 014e 680F     		st.w	[%a15]0, %d15
 132              		.loc 1 7916 0
 133 0150 914000FF 		movh.a	%a15, 61444
 134 0154 3B7041F0 		mov	%d15, 1047
 135 0158 D9FF20F8 		lea	%a15, [%a15] -31776
 136 015c 680F     		st.w	[%a15]0, %d15
 137              		.loc 1 7917 0
 138 015e 914000FF 		movh.a	%a15, 61444
 139 0162 3B8041F0 		mov	%d15, 1048
 140 0166 D9FF24F8 		lea	%a15, [%a15] -31772
 141 016a 680F     		st.w	[%a15]0, %d15
 142              		.loc 1 7918 0
 143 016c 914000FF 		movh.a	%a15, 61444
 144 0170 3B9041F0 		mov	%d15, 1049
 145 0174 D9FF28F8 		lea	%a15, [%a15] -31768
 146 0178 680F     		st.w	[%a15]0, %d15
 147              		.loc 1 7919 0
 148 017a 914000FF 		movh.a	%a15, 61444
 149 017e 3BA041F0 		mov	%d15, 1050
 150 0182 D9FF2CF8 		lea	%a15, [%a15] -31764
 151 0186 680F     		st.w	[%a15]0, %d15
 152              		.loc 1 7920 0
 153 0188 914000FF 		movh.a	%a15, 61444
 154 018c 3BB041F0 		mov	%d15, 1051
 155 0190 D9FF30F8 		lea	%a15, [%a15] -31760
 156 0194 680F     		st.w	[%a15]0, %d15
 157              		.loc 1 7921 0
 158 0196 914000FF 		movh.a	%a15, 61444
 159 019a 3BC041F0 		mov	%d15, 1052
 160 019e D9FF34F8 		lea	%a15, [%a15] -31756
 161 01a2 680F     		st.w	[%a15]0, %d15
 162              		.loc 1 7922 0
 163 01a4 914000FF 		movh.a	%a15, 61444
 164 01a8 3BD041F0 		mov	%d15, 1053
 165 01ac D9FF2048 		lea	%a15, [%a15] -32480
 166 01b0 680F     		st.w	[%a15]0, %d15
 167              		.loc 1 7923 0
 168 01b2 914000FF 		movh.a	%a15, 61444
 169 01b6 3BE041F0 		mov	%d15, 1054
 170 01ba D9FF38F8 		lea	%a15, [%a15] -31752
 171 01be 680F     		st.w	[%a15]0, %d15
GAS Infineon TriCore Little Endian C:\\Users\\user1\\AppData\\Local\\Temp\\rta_RTAOS_638388406317960277_1736001\\ccBtmhHf.s 			page 4


 172              		.loc 1 7924 0
 173 01c0 914000FF 		movh.a	%a15, 61444
 174 01c4 3BF041F0 		mov	%d15, 1055
 175 01c8 D9FF3CF8 		lea	%a15, [%a15] -31748
 176 01cc 680F     		st.w	[%a15]0, %d15
 177              		.loc 1 7925 0
 178 01ce 914000FF 		movh.a	%a15, 61444
 179 01d2 3B0042F0 		mov	%d15, 1056
 180 01d6 D9FF4008 		lea	%a15, [%a15] -31744
 181 01da 680F     		st.w	[%a15]0, %d15
 182              		.loc 1 7926 0
 183 01dc 914000FF 		movh.a	%a15, 61444
 184 01e0 3B1042F0 		mov	%d15, 1057
 185 01e4 D9FF4408 		lea	%a15, [%a15] -31740
 186 01e8 680F     		st.w	[%a15]0, %d15
 187              		.loc 1 7927 0
 188 01ea 914000FF 		movh.a	%a15, 61444
 189 01ee 3B2042F0 		mov	%d15, 1058
 190 01f2 D9FF7068 		lea	%a15, [%a15] -31312
 191 01f6 680F     		st.w	[%a15]0, %d15
 192              		.loc 1 7928 0
 193 01f8 914000FF 		movh.a	%a15, 61444
 194 01fc 3B3042F0 		mov	%d15, 1059
 195 0200 D9FF7468 		lea	%a15, [%a15] -31308
 196 0204 680F     		st.w	[%a15]0, %d15
 197              		.loc 1 7929 0
 198 0206 914000FF 		movh.a	%a15, 61444
 199 020a 3B4042F0 		mov	%d15, 1060
 200 020e D9FF7868 		lea	%a15, [%a15] -31304
 201 0212 680F     		st.w	[%a15]0, %d15
 202              		.loc 1 7930 0
 203 0214 914000FF 		movh.a	%a15, 61444
 204 0218 3B5042F0 		mov	%d15, 1061
 205 021c D9FF7C68 		lea	%a15, [%a15] -31300
 206 0220 680F     		st.w	[%a15]0, %d15
 207              		.loc 1 7931 0
 208 0222 914000FF 		movh.a	%a15, 61444
 209 0226 3B6042F0 		mov	%d15, 1062
 210 022a D9FF4078 		lea	%a15, [%a15] -31296
 211 022e 680F     		st.w	[%a15]0, %d15
 212              		.loc 1 7932 0
 213 0230 914000FF 		movh.a	%a15, 61444
 214 0234 3B7042F0 		mov	%d15, 1063
 215 0238 D9FF4478 		lea	%a15, [%a15] -31292
 216 023c 680F     		st.w	[%a15]0, %d15
 217              		.loc 1 7933 0
 218 023e 914000FF 		movh.a	%a15, 61444
 219 0242 3B8042F0 		mov	%d15, 1064
 220 0246 D9FF4878 		lea	%a15, [%a15] -31288
 221 024a 680F     		st.w	[%a15]0, %d15
 222              		.loc 1 7934 0
 223 024c 914000FF 		movh.a	%a15, 61444
 224 0250 3B9042F0 		mov	%d15, 1065
 225 0254 D9FF4C78 		lea	%a15, [%a15] -31284
 226 0258 680F     		st.w	[%a15]0, %d15
 227              		.loc 1 7935 0
 228 025a 914000FF 		movh.a	%a15, 61444
GAS Infineon TriCore Little Endian C:\\Users\\user1\\AppData\\Local\\Temp\\rta_RTAOS_638388406317960277_1736001\\ccBtmhHf.s 			page 5


 229 025e 3BA042F0 		mov	%d15, 1066
 230 0262 D9FF5078 		lea	%a15, [%a15] -31280
 231 0266 680F     		st.w	[%a15]0, %d15
 232              		.loc 1 7936 0
 233 0268 914000FF 		movh.a	%a15, 61444
 234 026c 3BB042F0 		mov	%d15, 1067
 235 0270 D9FF5478 		lea	%a15, [%a15] -31276
 236 0274 680F     		st.w	[%a15]0, %d15
 237              		.loc 1 7937 0
 238 0276 914000FF 		movh.a	%a15, 61444
 239 027a 3BC042F0 		mov	%d15, 1068
 240 027e D9FF5878 		lea	%a15, [%a15] -31272
 241 0282 680F     		st.w	[%a15]0, %d15
 242              		.loc 1 7938 0
 243 0284 914000FF 		movh.a	%a15, 61444
 244 0288 3BD042F0 		mov	%d15, 1069
 245 028c D9FF5C78 		lea	%a15, [%a15] -31268
 246 0290 680F     		st.w	[%a15]0, %d15
 247              		.loc 1 7939 0
 248 0292 914000FF 		movh.a	%a15, 61444
 249 0296 3BE042F0 		mov	%d15, 1070
 250 029a D9FF6078 		lea	%a15, [%a15] -31264
 251 029e 680F     		st.w	[%a15]0, %d15
 252              		.loc 1 7940 0
 253 02a0 914000FF 		movh.a	%a15, 61444
 254 02a4 3BF042F0 		mov	%d15, 1071
 255 02a8 D9FF6478 		lea	%a15, [%a15] -31260
 256 02ac 680F     		st.w	[%a15]0, %d15
 257              		.loc 1 7941 0
 258 02ae 914000FF 		movh.a	%a15, 61444
 259 02b2 3B0043F0 		mov	%d15, 1072
 260 02b6 D9FF6878 		lea	%a15, [%a15] -31256
 261 02ba 680F     		st.w	[%a15]0, %d15
 262              		.loc 1 7942 0
 263 02bc 914000FF 		movh.a	%a15, 61444
 264 02c0 3B1043F0 		mov	%d15, 1073
 265 02c4 D9FF6C78 		lea	%a15, [%a15] -31252
 266 02c8 680F     		st.w	[%a15]0, %d15
 267              		.loc 1 7943 0
 268 02ca 914000FF 		movh.a	%a15, 61444
 269 02ce 3B2043F0 		mov	%d15, 1074
 270 02d2 D9FF7078 		lea	%a15, [%a15] -31248
 271 02d6 680F     		st.w	[%a15]0, %d15
 272              		.loc 1 7944 0
 273 02d8 914000FF 		movh.a	%a15, 61444
 274 02dc 3B3043F0 		mov	%d15, 1075
 275 02e0 D9FF7478 		lea	%a15, [%a15] -31244
 276 02e4 680F     		st.w	[%a15]0, %d15
 277              		.loc 1 7945 0
 278 02e6 914000FF 		movh.a	%a15, 61444
 279 02ea 3B4043F0 		mov	%d15, 1076
 280 02ee D9FF7878 		lea	%a15, [%a15] -31240
 281 02f2 680F     		st.w	[%a15]0, %d15
 282              		.loc 1 7946 0
 283 02f4 914000FF 		movh.a	%a15, 61444
 284 02f8 3B5043F0 		mov	%d15, 1077
 285 02fc D9FF7C78 		lea	%a15, [%a15] -31236
GAS Infineon TriCore Little Endian C:\\Users\\user1\\AppData\\Local\\Temp\\rta_RTAOS_638388406317960277_1736001\\ccBtmhHf.s 			page 6


 286 0300 680F     		st.w	[%a15]0, %d15
 287              		.loc 1 7947 0
 288 0302 914000FF 		movh.a	%a15, 61444
 289 0306 3B6043F0 		mov	%d15, 1078
 290 030a D9FF4088 		lea	%a15, [%a15] -31232
 291 030e 680F     		st.w	[%a15]0, %d15
 292              		.loc 1 7948 0
 293 0310 914000FF 		movh.a	%a15, 61444
 294 0314 3B7043F0 		mov	%d15, 1079
 295 0318 D9FF4488 		lea	%a15, [%a15] -31228
 296 031c 680F     		st.w	[%a15]0, %d15
 297              		.loc 1 7949 0
 298 031e 914000FF 		movh.a	%a15, 61444
 299 0322 3B8043F0 		mov	%d15, 1080
 300 0326 D9FF4888 		lea	%a15, [%a15] -31224
 301 032a 680F     		st.w	[%a15]0, %d15
 302              		.loc 1 7950 0
 303 032c 914000FF 		movh.a	%a15, 61444
 304 0330 3B9043F0 		mov	%d15, 1081
 305 0334 D9FF4C88 		lea	%a15, [%a15] -31220
 306 0338 680F     		st.w	[%a15]0, %d15
 307              		.loc 1 7951 0
 308 033a 914000FF 		movh.a	%a15, 61444
 309 033e 3BA043F0 		mov	%d15, 1082
 310 0342 D9FF5088 		lea	%a15, [%a15] -31216
 311 0346 680F     		st.w	[%a15]0, %d15
 312              		.loc 1 7952 0
 313 0348 914000FF 		movh.a	%a15, 61444
 314 034c 3BB043F0 		mov	%d15, 1083
 315 0350 D9FF5488 		lea	%a15, [%a15] -31212
 316 0354 680F     		st.w	[%a15]0, %d15
 317              		.loc 1 7953 0
 318 0356 914000FF 		movh.a	%a15, 61444
 319 035a 3BC043F0 		mov	%d15, 1084
 320 035e D9FF5888 		lea	%a15, [%a15] -31208
 321 0362 680F     		st.w	[%a15]0, %d15
 322              		.loc 1 7954 0
 323 0364 914000FF 		movh.a	%a15, 61444
 324 0368 3BD043F0 		mov	%d15, 1085
 325 036c D9FF5C88 		lea	%a15, [%a15] -31204
 326 0370 680F     		st.w	[%a15]0, %d15
 327              		.loc 1 7955 0
 328 0372 914000FF 		movh.a	%a15, 61444
 329 0376 3BE043F0 		mov	%d15, 1086
 330 037a D9FF6088 		lea	%a15, [%a15] -31200
 331 037e 680F     		st.w	[%a15]0, %d15
 332              		.loc 1 7956 0
 333 0380 914000FF 		movh.a	%a15, 61444
 334 0384 3BF043F0 		mov	%d15, 1087
 335 0388 D9FF6488 		lea	%a15, [%a15] -31196
 336 038c 680F     		st.w	[%a15]0, %d15
 337              		.loc 1 7957 0
 338 038e 914000FF 		movh.a	%a15, 61444
 339 0392 3B0044F0 		mov	%d15, 1088
 340 0396 D9FF6888 		lea	%a15, [%a15] -31192
 341 039a 680F     		st.w	[%a15]0, %d15
 342              		.loc 1 7958 0
GAS Infineon TriCore Little Endian C:\\Users\\user1\\AppData\\Local\\Temp\\rta_RTAOS_638388406317960277_1736001\\ccBtmhHf.s 			page 7


 343 039c 914000FF 		movh.a	%a15, 61444
 344 03a0 3B1044F0 		mov	%d15, 1089
 345 03a4 D9FF6C88 		lea	%a15, [%a15] -31188
 346 03a8 680F     		st.w	[%a15]0, %d15
 347              		.loc 1 7959 0
 348 03aa 914000FF 		movh.a	%a15, 61444
 349 03ae 3B2044F0 		mov	%d15, 1090
 350 03b2 D9FFE0C8 		lea	%a15, [%a15] -28896
 351 03b6 680F     		st.w	[%a15]0, %d15
 352              		.loc 1 7960 0
 353 03b8 914000FF 		movh.a	%a15, 61444
 354 03bc 3B3044F0 		mov	%d15, 1091
 355 03c0 D9FFF0B8 		lea	%a15, [%a15] -28944
 356 03c4 680F     		st.w	[%a15]0, %d15
 357              		.loc 1 7961 0
 358 03c6 914000FF 		movh.a	%a15, 61444
 359 03ca 3B4044F0 		mov	%d15, 1092
 360 03ce D9FFF4B8 		lea	%a15, [%a15] -28940
 361 03d2 680F     		st.w	[%a15]0, %d15
 362              		.loc 1 7962 0
 363 03d4 914000FF 		movh.a	%a15, 61444
 364 03d8 3B5044F0 		mov	%d15, 1093
 365 03dc D9FFF8B8 		lea	%a15, [%a15] -28936
 366 03e0 680F     		st.w	[%a15]0, %d15
 367              		.loc 1 7963 0
 368 03e2 914000FF 		movh.a	%a15, 61444
 369 03e6 3B6044F0 		mov	%d15, 1094
 370 03ea D9FFFCB8 		lea	%a15, [%a15] -28932
 371 03ee 680F     		st.w	[%a15]0, %d15
 372              		.loc 1 7964 0
 373 03f0 914000FF 		movh.a	%a15, 61444
 374 03f4 3B7044F0 		mov	%d15, 1095
 375 03f8 D9FF00C8 		lea	%a15, [%a15] -32000
 376 03fc 680F     		st.w	[%a15]0, %d15
 377              		.loc 1 7965 0
 378 03fe 914000FF 		movh.a	%a15, 61444
 379 0402 3B7044F1 		mov	%d15, 5191
 380 0406 D9FF08C8 		lea	%a15, [%a15] -31992
 381 040a 680F     		st.w	[%a15]0, %d15
 382              		.loc 1 7966 0
 383 040c 914000FF 		movh.a	%a15, 61444
 384 0410 3B70C4F1 		mov	%d15, 7239
 385 0414 D9FF10C8 		lea	%a15, [%a15] -31984
 386 0418 680F     		st.w	[%a15]0, %d15
 387              		.loc 1 7967 0
 388 041a 914000FF 		movh.a	%a15, 61444
 389 041e 3B8044F0 		mov	%d15, 1096
 390 0422 D9FF8028 		lea	%a15, [%a15] -30592
 391 0426 680F     		st.w	[%a15]0, %d15
 392 0428 0090     		ret
 393              	.LFE0:
 394              		.size	Os_InitializeServiceRequests, .-Os_InitializeServiceRequests
 395              	.section .debug_frame,"",@progbits
 396              	.Lframe0:
 397 0000 0C000000 		.uaword	.LECIE0-.LSCIE0
 398              	.LSCIE0:
 399 0004 FFFFFFFF 		.uaword	0xffffffff
GAS Infineon TriCore Little Endian C:\\Users\\user1\\AppData\\Local\\Temp\\rta_RTAOS_638388406317960277_1736001\\ccBtmhHf.s 			page 8


 400 0008 01       		.byte	0x1
 401 0009 00       		.string	""
 402 000a 01       		.uleb128 0x1
 403 000b 01       		.sleb128 1
 404 000c 1B       		.byte	0x1b
 405 000d 0C       		.byte	0xc
 406 000e 1A       		.uleb128 0x1a
 407 000f 00       		.uleb128 0
 408              		.align 2
 409              	.LECIE0:
 410              	.LSFDE0:
 411 0010 0C000000 		.uaword	.LEFDE0-.LASFDE0
 412              	.LASFDE0:
 413 0014 00000000 		.uaword	.Lframe0
 414 0018 00000000 		.uaword	.LFB0
 415 001c 2A040000 		.uaword	.LFE0-.LFB0
 416              		.align 2
 417              	.LEFDE0:
 418              	.section .text,"ax",@progbits
 419              	.Letext0:
 420              	.section .debug_info,"",@progbits
 421              	.Ldebug_info0:
 422 0000 10040000 		.uaword	0x410
 423 0004 0200     		.uahalf	0x2
 424 0006 00000000 		.uaword	.Ldebug_abbrev0
 425 000a 04       		.byte	0x4
 426 000b 01       		.uleb128 0x1
 427 000c 474E5520 		.ascii	"GNU C 4."
 427      4320342E 
 428 0014 392E3420 		.string	"9.4 build on 2020-09-01 -mlicense-dir=c:\\hightec\\toolchains\\tricore\\v4.9.4.1\\bin\\..
 428      6275696C 
 428      64206F6E 
 428      20323032 
 428      302D3039 
 429 0115 01       		.byte	0x1
 430 0116 433A5C55 		.string	"C:\\Users\\user1\\AppData\\Local\\Temp\\rta_RTAOS_638388406317960277_1736001\\Os_SrcInit.
 430      73657273 
 430      5C757365 
 430      72315C41 
 430      70704461 
 431 016a 00000000 		.uaword	.Ldebug_ranges0+0
 432 016e 00000000 		.uaword	0
 433 0172 00000000 		.uaword	0
 434 0176 00000000 		.uaword	.Ldebug_line0
 435 017a 02       		.uleb128 0x2
 436 017b 01       		.byte	0x1
 437 017c 08       		.byte	0x8
 438 017d 756E7369 		.string	"unsigned char"
 438      676E6564 
 438      20636861 
 438      7200
 439 018b 02       		.uleb128 0x2
 440 018c 02       		.byte	0x2
 441 018d 07       		.byte	0x7
 442 018e 73686F72 		.string	"short unsigned int"
 442      7420756E 
 442      7369676E 
GAS Infineon TriCore Little Endian C:\\Users\\user1\\AppData\\Local\\Temp\\rta_RTAOS_638388406317960277_1736001\\ccBtmhHf.s 			page 9


 442      65642069 
 442      6E7400
 443 01a1 02       		.uleb128 0x2
 444 01a2 04       		.byte	0x4
 445 01a3 07       		.byte	0x7
 446 01a4 756E7369 		.string	"unsigned int"
 446      676E6564 
 446      20696E74 
 446      00
 447 01b1 02       		.uleb128 0x2
 448 01b2 01       		.byte	0x1
 449 01b3 06       		.byte	0x6
 450 01b4 7369676E 		.string	"signed char"
 450      65642063 
 450      68617200 
 451 01c0 02       		.uleb128 0x2
 452 01c1 02       		.byte	0x2
 453 01c2 05       		.byte	0x5
 454 01c3 73686F72 		.string	"short int"
 454      7420696E 
 454      7400
 455 01cd 02       		.uleb128 0x2
 456 01ce 04       		.byte	0x4
 457 01cf 05       		.byte	0x5
 458 01d0 696E7400 		.string	"int"
 459 01d4 02       		.uleb128 0x2
 460 01d5 04       		.byte	0x4
 461 01d6 04       		.byte	0x4
 462 01d7 666C6F61 		.string	"float"
 462      7400
 463 01dd 02       		.uleb128 0x2
 464 01de 08       		.byte	0x8
 465 01df 04       		.byte	0x4
 466 01e0 646F7562 		.string	"double"
 466      6C6500
 467 01e7 02       		.uleb128 0x2
 468 01e8 08       		.byte	0x8
 469 01e9 05       		.byte	0x5
 470 01ea 6C6F6E67 		.string	"long long int"
 470      206C6F6E 
 470      6720696E 
 470      7400
 471 01f8 02       		.uleb128 0x2
 472 01f9 08       		.byte	0x8
 473 01fa 07       		.byte	0x7
 474 01fb 6C6F6E67 		.string	"long long unsigned int"
 474      206C6F6E 
 474      6720756E 
 474      7369676E 
 474      65642069 
 475 0212 02       		.uleb128 0x2
 476 0213 04       		.byte	0x4
 477 0214 07       		.byte	0x7
 478 0215 73697A65 		.string	"sizetype"
 478      74797065 
 478      00
 479 021e 03       		.uleb128 0x3
GAS Infineon TriCore Little Endian C:\\Users\\user1\\AppData\\Local\\Temp\\rta_RTAOS_638388406317960277_1736001\\ccBtmhHf.s 			page 10


 480 021f 7369676E 		.string	"signed_sfr_access_type"
 480      65645F73 
 480      66725F61 
 480      63636573 
 480      735F7479 
 481 0236 01       		.byte	0x1
 482 0237 6D05     		.uahalf	0x56d
 483 0239 CD010000 		.uaword	0x1cd
 484 023d 03       		.uleb128 0x3
 485 023e 756E7369 		.string	"unsigned_sfr_access_type"
 485      676E6564 
 485      5F736672 
 485      5F616363 
 485      6573735F 
 486 0257 01       		.byte	0x1
 487 0258 6E05     		.uahalf	0x56e
 488 025a A1010000 		.uaword	0x1a1
 489 025e 03       		.uleb128 0x3
 490 025f 7366725F 		.string	"sfr_bitfield"
 490      62697466 
 490      69656C64 
 490      00
 491 026c 01       		.byte	0x1
 492 026d 7205     		.uahalf	0x572
 493 026f A1010000 		.uaword	0x1a1
 494 0273 04       		.uleb128 0x4
 495 0274 04       		.byte	0x4
 496 0275 01       		.byte	0x1
 497 0276 1C0B     		.uahalf	0xb1c
 498 0278 9F030000 		.uaword	0x39f
 499 027c 05       		.uleb128 0x5
 500 027d 5352504E 		.string	"SRPN"
 500      00
 501 0282 01       		.byte	0x1
 502 0283 1E0B     		.uahalf	0xb1e
 503 0285 5E020000 		.uaword	0x25e
 504 0289 04       		.byte	0x4
 505 028a 08       		.byte	0x8
 506 028b 18       		.byte	0x18
 507 028c 02       		.byte	0x2
 508 028d 23       		.byte	0x23
 509 028e 00       		.uleb128 0
 510 028f 05       		.uleb128 0x5
 511 0290 72657376 		.string	"resv8"
 511      3800
 512 0296 01       		.byte	0x1
 513 0297 1F0B     		.uahalf	0xb1f
 514 0299 5E020000 		.uaword	0x25e
 515 029d 04       		.byte	0x4
 516 029e 02       		.byte	0x2
 517 029f 16       		.byte	0x16
 518 02a0 02       		.byte	0x2
 519 02a1 23       		.byte	0x23
 520 02a2 00       		.uleb128 0
 521 02a3 05       		.uleb128 0x5
 522 02a4 53524500 		.string	"SRE"
 523 02a8 01       		.byte	0x1
GAS Infineon TriCore Little Endian C:\\Users\\user1\\AppData\\Local\\Temp\\rta_RTAOS_638388406317960277_1736001\\ccBtmhHf.s 			page 11


 524 02a9 200B     		.uahalf	0xb20
 525 02ab 5E020000 		.uaword	0x25e
 526 02af 04       		.byte	0x4
 527 02b0 01       		.byte	0x1
 528 02b1 15       		.byte	0x15
 529 02b2 02       		.byte	0x2
 530 02b3 23       		.byte	0x23
 531 02b4 00       		.uleb128 0
 532 02b5 05       		.uleb128 0x5
 533 02b6 544F5300 		.string	"TOS"
 534 02ba 01       		.byte	0x1
 535 02bb 210B     		.uahalf	0xb21
 536 02bd 5E020000 		.uaword	0x25e
 537 02c1 04       		.byte	0x4
 538 02c2 03       		.byte	0x3
 539 02c3 12       		.byte	0x12
 540 02c4 02       		.byte	0x2
 541 02c5 23       		.byte	0x23
 542 02c6 00       		.uleb128 0
 543 02c7 05       		.uleb128 0x5
 544 02c8 72657376 		.string	"resv14"
 544      313400
 545 02cf 01       		.byte	0x1
 546 02d0 220B     		.uahalf	0xb22
 547 02d2 5E020000 		.uaword	0x25e
 548 02d6 04       		.byte	0x4
 549 02d7 02       		.byte	0x2
 550 02d8 10       		.byte	0x10
 551 02d9 02       		.byte	0x2
 552 02da 23       		.byte	0x23
 553 02db 00       		.uleb128 0
 554 02dc 05       		.uleb128 0x5
 555 02dd 45434300 		.string	"ECC"
 556 02e1 01       		.byte	0x1
 557 02e2 230B     		.uahalf	0xb23
 558 02e4 5E020000 		.uaword	0x25e
 559 02e8 04       		.byte	0x4
 560 02e9 05       		.byte	0x5
 561 02ea 0B       		.byte	0xb
 562 02eb 02       		.byte	0x2
 563 02ec 23       		.byte	0x23
 564 02ed 00       		.uleb128 0
 565 02ee 05       		.uleb128 0x5
 566 02ef 72657376 		.string	"resv21"
 566      323100
 567 02f6 01       		.byte	0x1
 568 02f7 240B     		.uahalf	0xb24
 569 02f9 5E020000 		.uaword	0x25e
 570 02fd 04       		.byte	0x4
 571 02fe 03       		.byte	0x3
 572 02ff 08       		.byte	0x8
 573 0300 02       		.byte	0x2
 574 0301 23       		.byte	0x23
 575 0302 00       		.uleb128 0
 576 0303 05       		.uleb128 0x5
 577 0304 53525200 		.string	"SRR"
 578 0308 01       		.byte	0x1
GAS Infineon TriCore Little Endian C:\\Users\\user1\\AppData\\Local\\Temp\\rta_RTAOS_638388406317960277_1736001\\ccBtmhHf.s 			page 12


 579 0309 250B     		.uahalf	0xb25
 580 030b 5E020000 		.uaword	0x25e
 581 030f 04       		.byte	0x4
 582 0310 01       		.byte	0x1
 583 0311 07       		.byte	0x7
 584 0312 02       		.byte	0x2
 585 0313 23       		.byte	0x23
 586 0314 00       		.uleb128 0
 587 0315 05       		.uleb128 0x5
 588 0316 434C5252 		.string	"CLRR"
 588      00
 589 031b 01       		.byte	0x1
 590 031c 260B     		.uahalf	0xb26
 591 031e 5E020000 		.uaword	0x25e
 592 0322 04       		.byte	0x4
 593 0323 01       		.byte	0x1
 594 0324 06       		.byte	0x6
 595 0325 02       		.byte	0x2
 596 0326 23       		.byte	0x23
 597 0327 00       		.uleb128 0
 598 0328 05       		.uleb128 0x5
 599 0329 53455452 		.string	"SETR"
 599      00
 600 032e 01       		.byte	0x1
 601 032f 270B     		.uahalf	0xb27
 602 0331 5E020000 		.uaword	0x25e
 603 0335 04       		.byte	0x4
 604 0336 01       		.byte	0x1
 605 0337 05       		.byte	0x5
 606 0338 02       		.byte	0x2
 607 0339 23       		.byte	0x23
 608 033a 00       		.uleb128 0
 609 033b 05       		.uleb128 0x5
 610 033c 494F5600 		.string	"IOV"
 611 0340 01       		.byte	0x1
 612 0341 280B     		.uahalf	0xb28
 613 0343 5E020000 		.uaword	0x25e
 614 0347 04       		.byte	0x4
 615 0348 01       		.byte	0x1
 616 0349 04       		.byte	0x4
 617 034a 02       		.byte	0x2
 618 034b 23       		.byte	0x23
 619 034c 00       		.uleb128 0
 620 034d 05       		.uleb128 0x5
 621 034e 494F5643 		.string	"IOVCLR"
 621      4C5200
 622 0355 01       		.byte	0x1
 623 0356 290B     		.uahalf	0xb29
 624 0358 5E020000 		.uaword	0x25e
 625 035c 04       		.byte	0x4
 626 035d 01       		.byte	0x1
 627 035e 03       		.byte	0x3
 628 035f 02       		.byte	0x2
 629 0360 23       		.byte	0x23
 630 0361 00       		.uleb128 0
 631 0362 05       		.uleb128 0x5
 632 0363 53575300 		.string	"SWS"
GAS Infineon TriCore Little Endian C:\\Users\\user1\\AppData\\Local\\Temp\\rta_RTAOS_638388406317960277_1736001\\ccBtmhHf.s 			page 13


 633 0367 01       		.byte	0x1
 634 0368 2A0B     		.uahalf	0xb2a
 635 036a 5E020000 		.uaword	0x25e
 636 036e 04       		.byte	0x4
 637 036f 01       		.byte	0x1
 638 0370 02       		.byte	0x2
 639 0371 02       		.byte	0x2
 640 0372 23       		.byte	0x23
 641 0373 00       		.uleb128 0
 642 0374 05       		.uleb128 0x5
 643 0375 53575343 		.string	"SWSCLR"
 643      4C5200
 644 037c 01       		.byte	0x1
 645 037d 2B0B     		.uahalf	0xb2b
 646 037f 5E020000 		.uaword	0x25e
 647 0383 04       		.byte	0x4
 648 0384 01       		.byte	0x1
 649 0385 01       		.byte	0x1
 650 0386 02       		.byte	0x2
 651 0387 23       		.byte	0x23
 652 0388 00       		.uleb128 0
 653 0389 05       		.uleb128 0x5
 654 038a 72657376 		.string	"resv31"
 654      333100
 655 0391 01       		.byte	0x1
 656 0392 2C0B     		.uahalf	0xb2c
 657 0394 5E020000 		.uaword	0x25e
 658 0398 04       		.byte	0x4
 659 0399 01       		.byte	0x1
 660 039a 00       		.byte	0
 661 039b 02       		.byte	0x2
 662 039c 23       		.byte	0x23
 663 039d 00       		.uleb128 0
 664 039e 00       		.byte	0
 665 039f 06       		.uleb128 0x6
 666 03a0 04       		.byte	0x4
 667 03a1 01       		.byte	0x1
 668 03a2 1A0B     		.uahalf	0xb1a
 669 03a4 C7030000 		.uaword	0x3c7
 670 03a8 07       		.uleb128 0x7
 671 03a9 4200     		.string	"B"
 672 03ab 01       		.byte	0x1
 673 03ac 2D0B     		.uahalf	0xb2d
 674 03ae 73020000 		.uaword	0x273
 675 03b2 07       		.uleb128 0x7
 676 03b3 4900     		.string	"I"
 677 03b5 01       		.byte	0x1
 678 03b6 2E0B     		.uahalf	0xb2e
 679 03b8 1E020000 		.uaword	0x21e
 680 03bc 07       		.uleb128 0x7
 681 03bd 5500     		.string	"U"
 682 03bf 01       		.byte	0x1
 683 03c0 2F0B     		.uahalf	0xb2f
 684 03c2 3D020000 		.uaword	0x23d
 685 03c6 00       		.byte	0
 686 03c7 03       		.uleb128 0x3
 687 03c8 5352435F 		.string	"SRC_CPU0SB_type"
GAS Infineon TriCore Little Endian C:\\Users\\user1\\AppData\\Local\\Temp\\rta_RTAOS_638388406317960277_1736001\\ccBtmhHf.s 			page 14


 687      43505530 
 687      53425F74 
 687      79706500 
 688 03d8 01       		.byte	0x1
 689 03d9 300B     		.uahalf	0xb30
 690 03db DF030000 		.uaword	0x3df
 691 03df 08       		.uleb128 0x8
 692 03e0 9F030000 		.uaword	0x39f
 693 03e4 09       		.uleb128 0x9
 694 03e5 01       		.byte	0x1
 695 03e6 4F735F49 		.string	"Os_InitializeServiceRequests"
 695      6E697469 
 695      616C697A 
 695      65536572 
 695      76696365 
 696 0403 01       		.byte	0x1
 697 0404 D11E     		.uahalf	0x1ed1
 698 0406 01       		.byte	0x1
 699 0407 00000000 		.uaword	.LFB0
 700 040b 00000000 		.uaword	.LFE0
 701 040f 02       		.byte	0x2
 702 0410 8A       		.byte	0x8a
 703 0411 00       		.sleb128 0
 704 0412 01       		.byte	0x1
 705 0413 00       		.byte	0
 706              	.section .debug_abbrev,"",@progbits
 707              	.Ldebug_abbrev0:
 708 0000 01       		.uleb128 0x1
 709 0001 11       		.uleb128 0x11
 710 0002 01       		.byte	0x1
 711 0003 25       		.uleb128 0x25
 712 0004 08       		.uleb128 0x8
 713 0005 13       		.uleb128 0x13
 714 0006 0B       		.uleb128 0xb
 715 0007 03       		.uleb128 0x3
 716 0008 08       		.uleb128 0x8
 717 0009 55       		.uleb128 0x55
 718 000a 06       		.uleb128 0x6
 719 000b 11       		.uleb128 0x11
 720 000c 01       		.uleb128 0x1
 721 000d 52       		.uleb128 0x52
 722 000e 01       		.uleb128 0x1
 723 000f 10       		.uleb128 0x10
 724 0010 06       		.uleb128 0x6
 725 0011 00       		.byte	0
 726 0012 00       		.byte	0
 727 0013 02       		.uleb128 0x2
 728 0014 24       		.uleb128 0x24
 729 0015 00       		.byte	0
 730 0016 0B       		.uleb128 0xb
 731 0017 0B       		.uleb128 0xb
 732 0018 3E       		.uleb128 0x3e
 733 0019 0B       		.uleb128 0xb
 734 001a 03       		.uleb128 0x3
 735 001b 08       		.uleb128 0x8
 736 001c 00       		.byte	0
 737 001d 00       		.byte	0
GAS Infineon TriCore Little Endian C:\\Users\\user1\\AppData\\Local\\Temp\\rta_RTAOS_638388406317960277_1736001\\ccBtmhHf.s 			page 15


 738 001e 03       		.uleb128 0x3
 739 001f 16       		.uleb128 0x16
 740 0020 00       		.byte	0
 741 0021 03       		.uleb128 0x3
 742 0022 08       		.uleb128 0x8
 743 0023 3A       		.uleb128 0x3a
 744 0024 0B       		.uleb128 0xb
 745 0025 3B       		.uleb128 0x3b
 746 0026 05       		.uleb128 0x5
 747 0027 49       		.uleb128 0x49
 748 0028 13       		.uleb128 0x13
 749 0029 00       		.byte	0
 750 002a 00       		.byte	0
 751 002b 04       		.uleb128 0x4
 752 002c 13       		.uleb128 0x13
 753 002d 01       		.byte	0x1
 754 002e 0B       		.uleb128 0xb
 755 002f 0B       		.uleb128 0xb
 756 0030 3A       		.uleb128 0x3a
 757 0031 0B       		.uleb128 0xb
 758 0032 3B       		.uleb128 0x3b
 759 0033 05       		.uleb128 0x5
 760 0034 01       		.uleb128 0x1
 761 0035 13       		.uleb128 0x13
 762 0036 00       		.byte	0
 763 0037 00       		.byte	0
 764 0038 05       		.uleb128 0x5
 765 0039 0D       		.uleb128 0xd
 766 003a 00       		.byte	0
 767 003b 03       		.uleb128 0x3
 768 003c 08       		.uleb128 0x8
 769 003d 3A       		.uleb128 0x3a
 770 003e 0B       		.uleb128 0xb
 771 003f 3B       		.uleb128 0x3b
 772 0040 05       		.uleb128 0x5
 773 0041 49       		.uleb128 0x49
 774 0042 13       		.uleb128 0x13
 775 0043 0B       		.uleb128 0xb
 776 0044 0B       		.uleb128 0xb
 777 0045 0D       		.uleb128 0xd
 778 0046 0B       		.uleb128 0xb
 779 0047 0C       		.uleb128 0xc
 780 0048 0B       		.uleb128 0xb
 781 0049 38       		.uleb128 0x38
 782 004a 0A       		.uleb128 0xa
 783 004b 00       		.byte	0
 784 004c 00       		.byte	0
 785 004d 06       		.uleb128 0x6
 786 004e 17       		.uleb128 0x17
 787 004f 01       		.byte	0x1
 788 0050 0B       		.uleb128 0xb
 789 0051 0B       		.uleb128 0xb
 790 0052 3A       		.uleb128 0x3a
 791 0053 0B       		.uleb128 0xb
 792 0054 3B       		.uleb128 0x3b
 793 0055 05       		.uleb128 0x5
 794 0056 01       		.uleb128 0x1
GAS Infineon TriCore Little Endian C:\\Users\\user1\\AppData\\Local\\Temp\\rta_RTAOS_638388406317960277_1736001\\ccBtmhHf.s 			page 16


 795 0057 13       		.uleb128 0x13
 796 0058 00       		.byte	0
 797 0059 00       		.byte	0
 798 005a 07       		.uleb128 0x7
 799 005b 0D       		.uleb128 0xd
 800 005c 00       		.byte	0
 801 005d 03       		.uleb128 0x3
 802 005e 08       		.uleb128 0x8
 803 005f 3A       		.uleb128 0x3a
 804 0060 0B       		.uleb128 0xb
 805 0061 3B       		.uleb128 0x3b
 806 0062 05       		.uleb128 0x5
 807 0063 49       		.uleb128 0x49
 808 0064 13       		.uleb128 0x13
 809 0065 00       		.byte	0
 810 0066 00       		.byte	0
 811 0067 08       		.uleb128 0x8
 812 0068 35       		.uleb128 0x35
 813 0069 00       		.byte	0
 814 006a 49       		.uleb128 0x49
 815 006b 13       		.uleb128 0x13
 816 006c 00       		.byte	0
 817 006d 00       		.byte	0
 818 006e 09       		.uleb128 0x9
 819 006f 2E       		.uleb128 0x2e
 820 0070 00       		.byte	0
 821 0071 3F       		.uleb128 0x3f
 822 0072 0C       		.uleb128 0xc
 823 0073 03       		.uleb128 0x3
 824 0074 08       		.uleb128 0x8
 825 0075 3A       		.uleb128 0x3a
 826 0076 0B       		.uleb128 0xb
 827 0077 3B       		.uleb128 0x3b
 828 0078 05       		.uleb128 0x5
 829 0079 27       		.uleb128 0x27
 830 007a 0C       		.uleb128 0xc
 831 007b 11       		.uleb128 0x11
 832 007c 01       		.uleb128 0x1
 833 007d 12       		.uleb128 0x12
 834 007e 01       		.uleb128 0x1
 835 007f 40       		.uleb128 0x40
 836 0080 0A       		.uleb128 0xa
 837 0081 9742     		.uleb128 0x2117
 838 0083 0C       		.uleb128 0xc
 839 0084 00       		.byte	0
 840 0085 00       		.byte	0
 841 0086 00       		.byte	0
 842              	.section .debug_aranges,"",@progbits
 843 0000 1C000000 		.uaword	0x1c
 844 0004 0200     		.uahalf	0x2
 845 0006 00000000 		.uaword	.Ldebug_info0
 846 000a 04       		.byte	0x4
 847 000b 00       		.byte	0
 848 000c 0000     		.uahalf	0
 849 000e 0000     		.uahalf	0
 850 0010 00000000 		.uaword	.LFB0
 851 0014 2A040000 		.uaword	.LFE0-.LFB0
GAS Infineon TriCore Little Endian C:\\Users\\user1\\AppData\\Local\\Temp\\rta_RTAOS_638388406317960277_1736001\\ccBtmhHf.s 			page 17


 852 0018 00000000 		.uaword	0
 853 001c 00000000 		.uaword	0
 854              	.section .debug_ranges,"",@progbits
 855              	.Ldebug_ranges0:
 856 0000 00000000 		.uaword	.LFB0
 857 0004 00000000 		.uaword	.LFE0
 858 0008 00000000 		.uaword	0
 859 000c 00000000 		.uaword	0
 860              	.section .debug_line,"",@progbits
 861              	.Ldebug_line0:
 862 0000 CC000000 	.section .debug_str,"",@progbits
 862      02006A00 
 862      00000201 
 862      FB0E0D00 
 862      01010101 
 863              		.ident	"GCC: (HighTec Release HDP-v4.9.4.1-11fcedf) 4.9.4 build on 2020-09-01"
