GAS Infineon TriCore Little Endian C:\\Users\\user1\\AppData\\Local\\Temp\\rta_RTAOS_638388406317960277_1736001\\ccZrXN6G.s 			page 1


   1              		.file	"Os_TrapSupport.c"
   2              	.section .text,"ax",@progbits
   3              	.Ltext0:
   4              	.section .text.Os_UnhandledTrap,"ax",@progbits
   5              		.align 1
   6              		.global	Os_UnhandledTrap
   7              		.type	Os_UnhandledTrap, @function
   8              	Os_UnhandledTrap:
   9              	.LFB0:
  10              		.file 1 "C:\\Users\\user1\\AppData\\Local\\Temp\\rta_RTAOS_638388406317960277_1736001\\Os_TrapSupp
  11              		.loc 1 1367 0
  12              	.LVL0:
  13              	.LBB2:
  14              		.loc 1 1368 0
  15              	#APP
  16              		# 1368 "C:\Users\user1\AppData\Local\Temp\rta_RTAOS_638388406317960277_1736001\Os_TrapSupport.c" 1
  17 0000 4DC0E1FF 		mfcr %d15,0xfe1c
  18              		# 0 "" 2
  19              	.LVL1:
  20              	#NO_APP
  21              	.LBE2:
  22              		.loc 1 1369 0
  23 0004 910000F0 		movh.a	%a15, hi:Os_const_coreconfiguration
  24 0008 80F3     		mov.d	%d3, %a15
  25 000a 1B030020 		addi	%d2, %d3, lo:Os_const_coreconfiguration
  26 000e 138F2132 		madd	%d3, %d2, %d15, 24
  27 0012 603F     		mov.a	%a15, %d3
  28 0014 C80F     		ld.a	%a15, [%a15]0
  29              	.LVL2:
  30              		.loc 1 1370 0
  31 0016 2805     		st.b	[%a15]0, %d5
  32              		.loc 1 1371 0
  33 0018 2816     		st.b	[%a15] 1, %d6
  34              		.loc 1 1372 0
  35 001a 6817     		st.w	[%a15] 4, %d7
  36              		.loc 1 1373 0
  37 001c 1D000000 		j	Os_ProtectionLog
****  Notice:Expanding j-R -> j-O
  38              	.LVL3:
  39              	.LFE0:
  40              		.size	Os_UnhandledTrap, .-Os_UnhandledTrap
  41              	.section .debug_frame,"",@progbits
  42              	.Lframe0:
  43 0000 0C000000 		.uaword	.LECIE0-.LSCIE0
  44              	.LSCIE0:
  45 0004 FFFFFFFF 		.uaword	0xffffffff
  46 0008 01       		.byte	0x1
  47 0009 00       		.string	""
  48 000a 01       		.uleb128 0x1
  49 000b 01       		.sleb128 1
  50 000c 1B       		.byte	0x1b
  51 000d 0C       		.byte	0xc
  52 000e 1A       		.uleb128 0x1a
  53 000f 00       		.uleb128 0
  54              		.align 2
  55              	.LECIE0:
  56              	.LSFDE0:
GAS Infineon TriCore Little Endian C:\\Users\\user1\\AppData\\Local\\Temp\\rta_RTAOS_638388406317960277_1736001\\ccZrXN6G.s 			page 2


  57 0010 0C000000 		.uaword	.LEFDE0-.LASFDE0
  58              	.LASFDE0:
  59 0014 00000000 		.uaword	.Lframe0
  60 0018 00000000 		.uaword	.LFB0
  61 001c 20000000 		.uaword	.LFE0-.LFB0
  62              		.align 2
  63              	.LEFDE0:
  64              	.section .text,"ax",@progbits
  65              	.Letext0:
  66              		.file 2 "D:\\home\\user123\\user\\Mohan6_VectorSIP\\21Dec23\\15Dec23_CAN_merge_21stDec\\25_Softwar
  67              		.file 3 "D:\\home\\user123\\user\\Mohan6_VectorSIP\\21Dec23\\15Dec23_CAN_merge_21stDec\\25_Softwar
  68              	.section .debug_info,"",@progbits
  69              	.Ldebug_info0:
  70 0000 DF100000 		.uaword	0x10df
  71 0004 0200     		.uahalf	0x2
  72 0006 00000000 		.uaword	.Ldebug_abbrev0
  73 000a 04       		.byte	0x4
  74 000b 01       		.uleb128 0x1
  75 000c 474E5520 		.ascii	"GNU C 4."
  75      4320342E 
  76 0014 392E3420 		.string	"9.4 build on 2020-09-01 -mlicense-dir=c:\\hightec\\toolchains\\tricore\\v4.9.4.1\\bin\\..
  76      6275696C 
  76      64206F6E 
  76      20323032 
  76      302D3039 
  77 0115 01       		.byte	0x1
  78 0116 433A5C55 		.string	"C:\\Users\\user1\\AppData\\Local\\Temp\\rta_RTAOS_638388406317960277_1736001\\Os_TrapSupp
  78      73657273 
  78      5C757365 
  78      72315C41 
  78      70704461 
  79 016e 00000000 		.uaword	.Ldebug_ranges0+0
  80 0172 00000000 		.uaword	0
  81 0176 00000000 		.uaword	0
  82 017a 00000000 		.uaword	.Ldebug_line0
  83 017e 02       		.uleb128 0x2
  84 017f 75696E74 		.string	"uint8"
  84      3800
  85 0185 02       		.byte	0x2
  86 0186 34       		.byte	0x34
  87 0187 8B010000 		.uaword	0x18b
  88 018b 03       		.uleb128 0x3
  89 018c 01       		.byte	0x1
  90 018d 08       		.byte	0x8
  91 018e 756E7369 		.string	"unsigned char"
  91      676E6564 
  91      20636861 
  91      7200
  92 019c 02       		.uleb128 0x2
  93 019d 75696E74 		.string	"uint16"
  93      313600
  94 01a4 02       		.byte	0x2
  95 01a5 35       		.byte	0x35
  96 01a6 AA010000 		.uaword	0x1aa
  97 01aa 03       		.uleb128 0x3
  98 01ab 02       		.byte	0x2
  99 01ac 07       		.byte	0x7
GAS Infineon TriCore Little Endian C:\\Users\\user1\\AppData\\Local\\Temp\\rta_RTAOS_638388406317960277_1736001\\ccZrXN6G.s 			page 3


 100 01ad 73686F72 		.string	"short unsigned int"
 100      7420756E 
 100      7369676E 
 100      65642069 
 100      6E7400
 101 01c0 02       		.uleb128 0x2
 102 01c1 75696E74 		.string	"uint32"
 102      333200
 103 01c8 02       		.byte	0x2
 104 01c9 36       		.byte	0x36
 105 01ca CE010000 		.uaword	0x1ce
 106 01ce 03       		.uleb128 0x3
 107 01cf 04       		.byte	0x4
 108 01d0 07       		.byte	0x7
 109 01d1 756E7369 		.string	"unsigned int"
 109      676E6564 
 109      20696E74 
 109      00
 110 01de 03       		.uleb128 0x3
 111 01df 01       		.byte	0x1
 112 01e0 06       		.byte	0x6
 113 01e1 7369676E 		.string	"signed char"
 113      65642063 
 113      68617200 
 114 01ed 03       		.uleb128 0x3
 115 01ee 02       		.byte	0x2
 116 01ef 05       		.byte	0x5
 117 01f0 73686F72 		.string	"short int"
 117      7420696E 
 117      7400
 118 01fa 03       		.uleb128 0x3
 119 01fb 04       		.byte	0x4
 120 01fc 05       		.byte	0x5
 121 01fd 696E7400 		.string	"int"
 122 0201 03       		.uleb128 0x3
 123 0202 04       		.byte	0x4
 124 0203 04       		.byte	0x4
 125 0204 666C6F61 		.string	"float"
 125      7400
 126 020a 03       		.uleb128 0x3
 127 020b 08       		.byte	0x8
 128 020c 04       		.byte	0x4
 129 020d 646F7562 		.string	"double"
 129      6C6500
 130 0214 03       		.uleb128 0x3
 131 0215 08       		.byte	0x8
 132 0216 05       		.byte	0x5
 133 0217 6C6F6E67 		.string	"long long int"
 133      206C6F6E 
 133      6720696E 
 133      7400
 134 0225 03       		.uleb128 0x3
 135 0226 08       		.byte	0x8
 136 0227 07       		.byte	0x7
 137 0228 6C6F6E67 		.string	"long long unsigned int"
 137      206C6F6E 
 137      6720756E 
GAS Infineon TriCore Little Endian C:\\Users\\user1\\AppData\\Local\\Temp\\rta_RTAOS_638388406317960277_1736001\\ccZrXN6G.s 			page 4


 137      7369676E 
 137      65642069 
 138 023f 02       		.uleb128 0x2
 139 0240 626F6F6C 		.string	"boolean"
 139      65616E00 
 140 0248 02       		.byte	0x2
 141 0249 49       		.byte	0x49
 142 024a 8B010000 		.uaword	0x18b
 143 024e 02       		.uleb128 0x2
 144 024f 53746174 		.string	"StatusType"
 144      75735479 
 144      706500
 145 025a 03       		.byte	0x3
 146 025b 28       		.byte	0x28
 147 025c 8B010000 		.uaword	0x18b
 148 0260 04       		.uleb128 0x4
 149 0261 08       		.byte	0x8
 150 0262 01       		.byte	0x1
 151 0263 7C       		.byte	0x7c
 152 0264 9F020000 		.uaword	0x29f
 153 0268 05       		.uleb128 0x5
 154 0269 436C6173 		.string	"Class"
 154      7300
 155 026f 01       		.byte	0x1
 156 0270 7D       		.byte	0x7d
 157 0271 7E010000 		.uaword	0x17e
 158 0275 02       		.byte	0x2
 159 0276 23       		.byte	0x23
 160 0277 00       		.uleb128 0
 161 0278 05       		.uleb128 0x5
 162 0279 54494E00 		.string	"TIN"
 163 027d 01       		.byte	0x1
 164 027e 7E       		.byte	0x7e
 165 027f 7E010000 		.uaword	0x17e
 166 0283 02       		.byte	0x2
 167 0284 23       		.byte	0x23
 168 0285 01       		.uleb128 0x1
 169 0286 05       		.uleb128 0x5
 170 0287 52657475 		.string	"ReturnAddress"
 170      726E4164 
 170      64726573 
 170      7300
 171 0295 01       		.byte	0x1
 172 0296 7F       		.byte	0x7f
 173 0297 C0010000 		.uaword	0x1c0
 174 029b 02       		.byte	0x2
 175 029c 23       		.byte	0x23
 176 029d 04       		.uleb128 0x4
 177 029e 00       		.byte	0
 178 029f 02       		.uleb128 0x2
 179 02a0 4F735472 		.string	"OsTrapInfoType"
 179      6170496E 
 179      666F5479 
 179      706500
 180 02af 01       		.byte	0x1
 181 02b0 80       		.byte	0x80
 182 02b1 60020000 		.uaword	0x260
GAS Infineon TriCore Little Endian C:\\Users\\user1\\AppData\\Local\\Temp\\rta_RTAOS_638388406317960277_1736001\\ccZrXN6G.s 			page 5


 183 02b5 02       		.uleb128 0x2
 184 02b6 75696E74 		.string	"uint32_aligned"
 184      33325F61 
 184      6C69676E 
 184      656400
 185 02c5 01       		.byte	0x1
 186 02c6 86       		.byte	0x86
 187 02c7 C0010000 		.uaword	0x1c0
 188 02cb 04       		.uleb128 0x4
 189 02cc 44       		.byte	0x44
 190 02cd 01       		.byte	0x1
 191 02ce AB       		.byte	0xab
 192 02cf E4020000 		.uaword	0x2e4
 193 02d3 05       		.uleb128 0x5
 194 02d4 73746F72 		.string	"store"
 194      6500
 195 02da 01       		.byte	0x1
 196 02db AC       		.byte	0xac
 197 02dc E4020000 		.uaword	0x2e4
 198 02e0 02       		.byte	0x2
 199 02e1 23       		.byte	0x23
 200 02e2 00       		.uleb128 0
 201 02e3 00       		.byte	0
 202 02e4 06       		.uleb128 0x6
 203 02e5 C0010000 		.uaword	0x1c0
 204 02e9 F4020000 		.uaword	0x2f4
 205 02ed 07       		.uleb128 0x7
 206 02ee F4020000 		.uaword	0x2f4
 207 02f2 10       		.byte	0x10
 208 02f3 00       		.byte	0
 209 02f4 03       		.uleb128 0x3
 210 02f5 04       		.byte	0x4
 211 02f6 07       		.byte	0x7
 212 02f7 73697A65 		.string	"sizetype"
 212      74797065 
 212      00
 213 0300 02       		.uleb128 0x2
 214 0301 4F735F4A 		.string	"Os_JumpBufType"
 214      756D7042 
 214      75665479 
 214      706500
 215 0310 01       		.byte	0x1
 216 0311 AD       		.byte	0xad
 217 0312 16030000 		.uaword	0x316
 218 0316 06       		.uleb128 0x6
 219 0317 CB020000 		.uaword	0x2cb
 220 031b 26030000 		.uaword	0x326
 221 031f 07       		.uleb128 0x7
 222 0320 F4020000 		.uaword	0x2f4
 223 0324 00       		.byte	0
 224 0325 00       		.byte	0
 225 0326 02       		.uleb128 0x2
 226 0327 4F735F52 		.string	"Os_ResourceCountType"
 226      65736F75 
 226      72636543 
 226      6F756E74 
 226      54797065 
GAS Infineon TriCore Little Endian C:\\Users\\user1\\AppData\\Local\\Temp\\rta_RTAOS_638388406317960277_1736001\\ccZrXN6G.s 			page 6


 227 033c 01       		.byte	0x1
 228 033d BE       		.byte	0xbe
 229 033e 8B010000 		.uaword	0x18b
 230 0342 02       		.uleb128 0x2
 231 0343 4F735F53 		.string	"Os_StackTraceType"
 231      7461636B 
 231      54726163 
 231      65547970 
 231      6500
 232 0355 01       		.byte	0x1
 233 0356 BF       		.byte	0xbf
 234 0357 CE010000 		.uaword	0x1ce
 235 035b 04       		.uleb128 0x4
 236 035c 08       		.byte	0x8
 237 035d 01       		.byte	0x1
 238 035e C0       		.byte	0xc0
 239 035f 7F030000 		.uaword	0x37f
 240 0363 05       		.uleb128 0x5
 241 0364 737000   		.string	"sp"
 242 0367 01       		.byte	0x1
 243 0368 C0       		.byte	0xc0
 244 0369 42030000 		.uaword	0x342
 245 036d 02       		.byte	0x2
 246 036e 23       		.byte	0x23
 247 036f 00       		.uleb128 0
 248 0370 05       		.uleb128 0x5
 249 0371 63747800 		.string	"ctx"
 250 0375 01       		.byte	0x1
 251 0376 C0       		.byte	0xc0
 252 0377 42030000 		.uaword	0x342
 253 037b 02       		.byte	0x2
 254 037c 23       		.byte	0x23
 255 037d 04       		.uleb128 0x4
 256 037e 00       		.byte	0
 257 037f 02       		.uleb128 0x2
 258 0380 4F735F53 		.string	"Os_StackValueType"
 258      7461636B 
 258      56616C75 
 258      65547970 
 258      6500
 259 0392 01       		.byte	0x1
 260 0393 C0       		.byte	0xc0
 261 0394 5B030000 		.uaword	0x35b
 262 0398 02       		.uleb128 0x2
 263 0399 4F735F53 		.string	"Os_StackSizeType"
 263      7461636B 
 263      53697A65 
 263      54797065 
 263      00
 264 03aa 01       		.byte	0x1
 265 03ab C1       		.byte	0xc1
 266 03ac 7F030000 		.uaword	0x37f
 267 03b0 02       		.uleb128 0x2
 268 03b1 4F735F56 		.string	"Os_VoidVoidFunctionType"
 268      6F696456 
 268      6F696446 
 268      756E6374 
GAS Infineon TriCore Little Endian C:\\Users\\user1\\AppData\\Local\\Temp\\rta_RTAOS_638388406317960277_1736001\\ccZrXN6G.s 			page 7


 268      696F6E54 
 269 03c9 01       		.byte	0x1
 270 03ca C7       		.byte	0xc7
 271 03cb CF030000 		.uaword	0x3cf
 272 03cf 08       		.uleb128 0x8
 273 03d0 04       		.byte	0x4
 274 03d1 D5030000 		.uaword	0x3d5
 275 03d5 09       		.uleb128 0x9
 276 03d6 01       		.byte	0x1
 277 03d7 02       		.uleb128 0x2
 278 03d8 4170706C 		.string	"ApplicationType"
 278      69636174 
 278      696F6E54 
 278      79706500 
 279 03e8 01       		.byte	0x1
 280 03e9 D5       		.byte	0xd5
 281 03ea 8B010000 		.uaword	0x18b
 282 03ee 02       		.uleb128 0x2
 283 03ef 4F735F43 		.string	"Os_CoreStateType"
 283      6F726553 
 283      74617465 
 283      54797065 
 283      00
 284 0400 01       		.byte	0x1
 285 0401 E7       		.byte	0xe7
 286 0402 C0010000 		.uaword	0x1c0
 287 0406 02       		.uleb128 0x2
 288 0407 4F735F53 		.string	"Os_StopwatchTickType"
 288      746F7077 
 288      61746368 
 288      5469636B 
 288      54797065 
 289 041c 01       		.byte	0x1
 290 041d FD       		.byte	0xfd
 291 041e CE010000 		.uaword	0x1ce
 292 0422 0A       		.uleb128 0xa
 293 0423 4F735F54 		.string	"Os_TerminatorType"
 293      65726D69 
 293      6E61746F 
 293      72547970 
 293      6500
 294 0435 01       		.byte	0x1
 295 0436 0201     		.uahalf	0x102
 296 0438 3C040000 		.uaword	0x43c
 297 043c 08       		.uleb128 0x8
 298 043d 04       		.byte	0x4
 299 043e 00030000 		.uaword	0x300
 300 0442 0A       		.uleb128 0xa
 301 0443 4F735F4C 		.string	"Os_Lockable"
 301      6F636B61 
 301      626C6500 
 302 044f 01       		.byte	0x1
 303 0450 0701     		.uahalf	0x107
 304 0452 B5020000 		.uaword	0x2b5
 305 0456 0A       		.uleb128 0xa
 306 0457 436F7265 		.string	"CoreIdType"
 306      49645479 
GAS Infineon TriCore Little Endian C:\\Users\\user1\\AppData\\Local\\Temp\\rta_RTAOS_638388406317960277_1736001\\ccZrXN6G.s 			page 8


 306      706500
 307 0462 01       		.byte	0x1
 308 0463 0901     		.uahalf	0x109
 309 0465 9C010000 		.uaword	0x19c
 310 0469 0B       		.uleb128 0xb
 311 046a 42040000 		.uaword	0x442
 312 046e 0C       		.uleb128 0xc
 313 046f 4F735F43 		.string	"Os_ControlledCoreType_s"
 313      6F6E7472 
 313      6F6C6C65 
 313      64436F72 
 313      65547970 
 314 0487 58       		.byte	0x58
 315 0488 01       		.byte	0x1
 316 0489 1004     		.uahalf	0x410
 317 048b 6C060000 		.uaword	0x66c
 318 048f 0D       		.uleb128 0xd
 319 0490 54726170 		.string	"TrapInfo"
 319      496E666F 
 319      00
 320 0499 01       		.byte	0x1
 321 049a 1104     		.uahalf	0x411
 322 049c 9F020000 		.uaword	0x29f
 323 04a0 02       		.byte	0x2
 324 04a1 23       		.byte	0x23
 325 04a2 00       		.uleb128 0
 326 04a3 0D       		.uleb128 0xd
 327 04a4 4572726F 		.string	"ErrorInformation"
 327      72496E66 
 327      6F726D61 
 327      74696F6E 
 327      00
 328 04b5 01       		.byte	0x1
 329 04b6 1204     		.uahalf	0x412
 330 04b8 FF0C0000 		.uaword	0xcff
 331 04bc 02       		.byte	0x2
 332 04bd 23       		.byte	0x23
 333 04be 08       		.uleb128 0x8
 334 04bf 0D       		.uleb128 0xd
 335 04c0 6C6F636B 		.string	"lock_taskaccess"
 335      5F746173 
 335      6B616363 
 335      65737300 
 336 04d0 01       		.byte	0x1
 337 04d1 1304     		.uahalf	0x413
 338 04d3 69040000 		.uaword	0x469
 339 04d7 02       		.byte	0x2
 340 04d8 23       		.byte	0x23
 341 04d9 18       		.uleb128 0x18
 342 04da 0D       		.uleb128 0xd
 343 04db 52656164 		.string	"ReadyTasks"
 343      79546173 
 343      6B7300
 344 04e6 01       		.byte	0x1
 345 04e7 1404     		.uahalf	0x414
 346 04e9 350D0000 		.uaword	0xd35
 347 04ed 02       		.byte	0x2
GAS Infineon TriCore Little Endian C:\\Users\\user1\\AppData\\Local\\Temp\\rta_RTAOS_638388406317960277_1736001\\ccZrXN6G.s 			page 9


 348 04ee 23       		.byte	0x23
 349 04ef 1C       		.uleb128 0x1c
 350 04f0 0D       		.uleb128 0xd
 351 04f1 52756E6E 		.string	"RunningISR"
 351      696E6749 
 351      535200
 352 04fc 01       		.byte	0x1
 353 04fd 1504     		.uahalf	0x415
 354 04ff 3A0D0000 		.uaword	0xd3a
 355 0503 02       		.byte	0x2
 356 0504 23       		.byte	0x23
 357 0505 20       		.uleb128 0x20
 358 0506 0D       		.uleb128 0xd
 359 0507 52756E6E 		.string	"RunningTask"
 359      696E6754 
 359      61736B00 
 360 0513 01       		.byte	0x1
 361 0514 1604     		.uahalf	0x416
 362 0516 3F0D0000 		.uaword	0xd3f
 363 051a 02       		.byte	0x2
 364 051b 23       		.byte	0x23
 365 051c 24       		.uleb128 0x24
 366 051d 0D       		.uleb128 0xd
 367 051e 52756E6E 		.string	"RunningTPMask"
 367      696E6754 
 367      504D6173 
 367      6B00
 368 052c 01       		.byte	0x1
 369 052d 1704     		.uahalf	0x417
 370 052f 440D0000 		.uaword	0xd44
 371 0533 02       		.byte	0x2
 372 0534 23       		.byte	0x23
 373 0535 28       		.uleb128 0x28
 374 0536 0D       		.uleb128 0xd
 375 0537 5465726D 		.string	"TerminatingTasks"
 375      696E6174 
 375      696E6754 
 375      61736B73 
 375      00
 376 0548 01       		.byte	0x1
 377 0549 1804     		.uahalf	0x418
 378 054b 350D0000 		.uaword	0xd35
 379 054f 02       		.byte	0x2
 380 0550 23       		.byte	0x23
 381 0551 2C       		.uleb128 0x2c
 382 0552 0D       		.uleb128 0xd
 383 0553 4170706C 		.string	"Application"
 383      69636174 
 383      696F6E00 
 384 055f 01       		.byte	0x1
 385 0560 1904     		.uahalf	0x419
 386 0562 D7030000 		.uaword	0x3d7
 387 0566 02       		.byte	0x2
 388 0567 23       		.byte	0x23
 389 0568 30       		.uleb128 0x30
 390 0569 0D       		.uleb128 0xd
 391 056a 43757272 		.string	"CurrentTerminator"
GAS Infineon TriCore Little Endian C:\\Users\\user1\\AppData\\Local\\Temp\\rta_RTAOS_638388406317960277_1736001\\ccZrXN6G.s 			page 10


 391      656E7454 
 391      65726D69 
 391      6E61746F 
 391      7200
 392 057c 01       		.byte	0x1
 393 057d 1A04     		.uahalf	0x41a
 394 057f 490D0000 		.uaword	0xd49
 395 0583 02       		.byte	0x2
 396 0584 23       		.byte	0x23
 397 0585 34       		.uleb128 0x34
 398 0586 0D       		.uleb128 0xd
 399 0587 43757272 		.string	"CurrentMeteredObject"
 399      656E744D 
 399      65746572 
 399      65644F62 
 399      6A656374 
 400 059c 01       		.byte	0x1
 401 059d 1B04     		.uahalf	0x41b
 402 059f D8060000 		.uaword	0x6d8
 403 05a3 02       		.byte	0x2
 404 05a4 23       		.byte	0x23
 405 05a5 38       		.uleb128 0x38
 406 05a6 0D       		.uleb128 0xd
 407 05a7 49646C65 		.string	"IdleMeter"
 407      4D657465 
 407      7200
 408 05b1 01       		.byte	0x1
 409 05b2 1C04     		.uahalf	0x41c
 410 05b4 BF060000 		.uaword	0x6bf
 411 05b8 02       		.byte	0x2
 412 05b9 23       		.byte	0x23
 413 05ba 3C       		.uleb128 0x3c
 414 05bb 0D       		.uleb128 0xd
 415 05bc 41707041 		.string	"AppAccess"
 415      63636573 
 415      7300
 416 05c6 01       		.byte	0x1
 417 05c7 1D04     		.uahalf	0x41d
 418 05c9 7E010000 		.uaword	0x17e
 419 05cd 02       		.byte	0x2
 420 05ce 23       		.byte	0x23
 421 05cf 48       		.uleb128 0x48
 422 05d0 0D       		.uleb128 0xd
 423 05d1 4170704F 		.string	"AppOverride"
 423      76657272 
 423      69646500 
 424 05dd 01       		.byte	0x1
 425 05de 1E04     		.uahalf	0x41e
 426 05e0 4E0D0000 		.uaword	0xd4e
 427 05e4 02       		.byte	0x2
 428 05e5 23       		.byte	0x23
 429 05e6 49       		.uleb128 0x49
 430 05e7 0D       		.uleb128 0xd
 431 05e8 47657453 		.string	"GetStackValueAdjust"
 431      7461636B 
 431      56616C75 
 431      6541646A 
GAS Infineon TriCore Little Endian C:\\Users\\user1\\AppData\\Local\\Temp\\rta_RTAOS_638388406317960277_1736001\\ccZrXN6G.s 			page 11


 431      75737400 
 432 05fc 01       		.byte	0x1
 433 05fd 1F04     		.uahalf	0x41f
 434 05ff 98030000 		.uaword	0x398
 435 0603 02       		.byte	0x2
 436 0604 23       		.byte	0x23
 437 0605 4C       		.uleb128 0x4c
 438 0606 0D       		.uleb128 0xd
 439 0607 496E4572 		.string	"InErrorHook"
 439      726F7248 
 439      6F6F6B00 
 440 0613 01       		.byte	0x1
 441 0614 2004     		.uahalf	0x420
 442 0616 3F020000 		.uaword	0x23f
 443 061a 02       		.byte	0x2
 444 061b 23       		.byte	0x23
 445 061c 54       		.uleb128 0x54
 446 061d 0D       		.uleb128 0xd
 447 061e 496E5072 		.string	"InProtectionHook"
 447      6F746563 
 447      74696F6E 
 447      486F6F6B 
 447      00
 448 062f 01       		.byte	0x1
 449 0630 2104     		.uahalf	0x421
 450 0632 3F020000 		.uaword	0x23f
 451 0636 02       		.byte	0x2
 452 0637 23       		.byte	0x23
 453 0638 55       		.uleb128 0x55
 454 0639 0D       		.uleb128 0xd
 455 063a 436F7265 		.string	"CoreIsActive"
 455      49734163 
 455      74697665 
 455      00
 456 0647 01       		.byte	0x1
 457 0648 2204     		.uahalf	0x422
 458 064a 3F020000 		.uaword	0x23f
 459 064e 02       		.byte	0x2
 460 064f 23       		.byte	0x23
 461 0650 56       		.uleb128 0x56
 462 0651 0D       		.uleb128 0xd
 463 0652 496E5368 		.string	"InShutdownHook"
 463      7574646F 
 463      776E486F 
 463      6F6B00
 464 0661 01       		.byte	0x1
 465 0662 2304     		.uahalf	0x423
 466 0664 3F020000 		.uaword	0x23f
 467 0668 02       		.byte	0x2
 468 0669 23       		.byte	0x23
 469 066a 57       		.uleb128 0x57
 470 066b 00       		.byte	0
 471 066c 0C       		.uleb128 0xc
 472 066d 4F735F4D 		.string	"Os_MeterInfoType_s"
 472      65746572 
 472      496E666F 
 472      54797065 
GAS Infineon TriCore Little Endian C:\\Users\\user1\\AppData\\Local\\Temp\\rta_RTAOS_638388406317960277_1736001\\ccZrXN6G.s 			page 12


 472      5F7300
 473 0680 0C       		.byte	0xc
 474 0681 01       		.byte	0x1
 475 0682 7201     		.uahalf	0x172
 476 0684 BF060000 		.uaword	0x6bf
 477 0688 0D       		.uleb128 0xd
 478 0689 656C6170 		.string	"elapsed"
 478      73656400 
 479 0691 01       		.byte	0x1
 480 0692 7301     		.uahalf	0x173
 481 0694 06040000 		.uaword	0x406
 482 0698 02       		.byte	0x2
 483 0699 23       		.byte	0x23
 484 069a 00       		.uleb128 0
 485 069b 0D       		.uleb128 0xd
 486 069c 70726576 		.string	"previous"
 486      696F7573 
 486      00
 487 06a5 01       		.byte	0x1
 488 06a6 7401     		.uahalf	0x174
 489 06a8 06040000 		.uaword	0x406
 490 06ac 02       		.byte	0x2
 491 06ad 23       		.byte	0x23
 492 06ae 04       		.uleb128 0x4
 493 06af 0D       		.uleb128 0xd
 494 06b0 6D617800 		.string	"max"
 495 06b4 01       		.byte	0x1
 496 06b5 7501     		.uahalf	0x175
 497 06b7 06040000 		.uaword	0x406
 498 06bb 02       		.byte	0x2
 499 06bc 23       		.byte	0x23
 500 06bd 08       		.uleb128 0x8
 501 06be 00       		.byte	0
 502 06bf 0A       		.uleb128 0xa
 503 06c0 4F735F4D 		.string	"Os_MeterInfoType"
 503      65746572 
 503      496E666F 
 503      54797065 
 503      00
 504 06d1 01       		.byte	0x1
 505 06d2 7601     		.uahalf	0x176
 506 06d4 6C060000 		.uaword	0x66c
 507 06d8 0A       		.uleb128 0xa
 508 06d9 4F735F4D 		.string	"Os_MeterInfoRefType"
 508      65746572 
 508      496E666F 
 508      52656654 
 508      79706500 
 509 06ed 01       		.byte	0x1
 510 06ee 7701     		.uahalf	0x177
 511 06f0 F4060000 		.uaword	0x6f4
 512 06f4 08       		.uleb128 0x8
 513 06f5 04       		.byte	0x4
 514 06f6 BF060000 		.uaword	0x6bf
 515 06fa 0A       		.uleb128 0xa
 516 06fb 4F735F69 		.string	"Os_imaskType"
 516      6D61736B 
GAS Infineon TriCore Little Endian C:\\Users\\user1\\AppData\\Local\\Temp\\rta_RTAOS_638388406317960277_1736001\\ccZrXN6G.s 			page 13


 516      54797065 
 516      00
 517 0708 01       		.byte	0x1
 518 0709 7F01     		.uahalf	0x17f
 519 070b C0010000 		.uaword	0x1c0
 520 070f 0C       		.uleb128 0xc
 521 0710 4F735F49 		.string	"Os_ISRDynType_s"
 521      53524479 
 521      6E547970 
 521      655F7300 
 522 0720 10       		.byte	0x10
 523 0721 01       		.byte	0x1
 524 0722 8101     		.uahalf	0x181
 525 0724 60070000 		.uaword	0x760
 526 0728 0E       		.uleb128 0xe
 527 0729 00000000 		.uaword	.LASF0
 528 072d 01       		.byte	0x1
 529 072e 8201     		.uahalf	0x182
 530 0730 26030000 		.uaword	0x326
 531 0734 02       		.byte	0x2
 532 0735 23       		.byte	0x23
 533 0736 00       		.uleb128 0
 534 0737 0D       		.uleb128 0xd
 535 0738 7465726D 		.string	"terminating"
 535      696E6174 
 535      696E6700 
 536 0744 01       		.byte	0x1
 537 0745 8301     		.uahalf	0x183
 538 0747 3F020000 		.uaword	0x23f
 539 074b 02       		.byte	0x2
 540 074c 23       		.byte	0x23
 541 074d 01       		.uleb128 0x1
 542 074e 0D       		.uleb128 0xd
 543 074f 6D657465 		.string	"meter"
 543      7200
 544 0755 01       		.byte	0x1
 545 0756 8401     		.uahalf	0x184
 546 0758 BF060000 		.uaword	0x6bf
 547 075c 02       		.byte	0x2
 548 075d 23       		.byte	0x23
 549 075e 04       		.uleb128 0x4
 550 075f 00       		.byte	0
 551 0760 0A       		.uleb128 0xa
 552 0761 4F735F49 		.string	"Os_ISRDynType"
 552      53524479 
 552      6E547970 
 552      6500
 553 076f 01       		.byte	0x1
 554 0770 8501     		.uahalf	0x185
 555 0772 0F070000 		.uaword	0x70f
 556 0776 0A       		.uleb128 0xa
 557 0777 4F735F49 		.string	"Os_IsrTerminatedFunctionType"
 557      73725465 
 557      726D696E 
 557      61746564 
 557      46756E63 
 558 0794 01       		.byte	0x1
GAS Infineon TriCore Little Endian C:\\Users\\user1\\AppData\\Local\\Temp\\rta_RTAOS_638388406317960277_1736001\\ccZrXN6G.s 			page 14


 559 0795 8601     		.uahalf	0x186
 560 0797 CF030000 		.uaword	0x3cf
 561 079b 0C       		.uleb128 0xc
 562 079c 4F735F49 		.string	"Os_ISRType_s"
 562      53525479 
 562      70655F73 
 562      00
 563 07a9 18       		.byte	0x18
 564 07aa 01       		.byte	0x1
 565 07ab 8701     		.uahalf	0x187
 566 07ad 2F080000 		.uaword	0x82f
 567 07b1 0E       		.uleb128 0xe
 568 07b2 00000000 		.uaword	.LASF1
 569 07b6 01       		.byte	0x1
 570 07b7 8801     		.uahalf	0x188
 571 07b9 B0030000 		.uaword	0x3b0
 572 07bd 02       		.byte	0x2
 573 07be 23       		.byte	0x23
 574 07bf 00       		.uleb128 0
 575 07c0 0D       		.uleb128 0xd
 576 07c1 7465726D 		.string	"terminated_function"
 576      696E6174 
 576      65645F66 
 576      756E6374 
 576      696F6E00 
 577 07d5 01       		.byte	0x1
 578 07d6 8901     		.uahalf	0x189
 579 07d8 76070000 		.uaword	0x776
 580 07dc 02       		.byte	0x2
 581 07dd 23       		.byte	0x23
 582 07de 04       		.uleb128 0x4
 583 07df 0E       		.uleb128 0xe
 584 07e0 00000000 		.uaword	.LASF2
 585 07e4 01       		.byte	0x1
 586 07e5 8A01     		.uahalf	0x18a
 587 07e7 2F080000 		.uaword	0x82f
 588 07eb 02       		.byte	0x2
 589 07ec 23       		.byte	0x23
 590 07ed 08       		.uleb128 0x8
 591 07ee 0D       		.uleb128 0xd
 592 07ef 696D6173 		.string	"imask"
 592      6B00
 593 07f5 01       		.byte	0x1
 594 07f6 8B01     		.uahalf	0x18b
 595 07f8 FA060000 		.uaword	0x6fa
 596 07fc 02       		.byte	0x2
 597 07fd 23       		.byte	0x23
 598 07fe 0C       		.uleb128 0xc
 599 07ff 0D       		.uleb128 0xd
 600 0800 696E6465 		.string	"index"
 600      7800
 601 0806 01       		.byte	0x1
 602 0807 8C01     		.uahalf	0x18c
 603 0809 C0010000 		.uaword	0x1c0
 604 080d 02       		.byte	0x2
 605 080e 23       		.byte	0x23
 606 080f 10       		.uleb128 0x10
GAS Infineon TriCore Little Endian C:\\Users\\user1\\AppData\\Local\\Temp\\rta_RTAOS_638388406317960277_1736001\\ccZrXN6G.s 			page 15


 607 0810 0E       		.uleb128 0xe
 608 0811 00000000 		.uaword	.LASF3
 609 0815 01       		.byte	0x1
 610 0816 8D01     		.uahalf	0x18d
 611 0818 7E010000 		.uaword	0x17e
 612 081c 02       		.byte	0x2
 613 081d 23       		.byte	0x23
 614 081e 14       		.uleb128 0x14
 615 081f 0E       		.uleb128 0xe
 616 0820 00000000 		.uaword	.LASF4
 617 0824 01       		.byte	0x1
 618 0825 8E01     		.uahalf	0x18e
 619 0827 D7030000 		.uaword	0x3d7
 620 082b 02       		.byte	0x2
 621 082c 23       		.byte	0x23
 622 082d 15       		.uleb128 0x15
 623 082e 00       		.byte	0
 624 082f 0F       		.uleb128 0xf
 625 0830 34080000 		.uaword	0x834
 626 0834 08       		.uleb128 0x8
 627 0835 04       		.byte	0x4
 628 0836 60070000 		.uaword	0x760
 629 083a 0A       		.uleb128 0xa
 630 083b 4F735F49 		.string	"Os_ISRType"
 630      53525479 
 630      706500
 631 0846 01       		.byte	0x1
 632 0847 8F01     		.uahalf	0x18f
 633 0849 9B070000 		.uaword	0x79b
 634 084d 0A       		.uleb128 0xa
 635 084e 49535254 		.string	"ISRType"
 635      79706500 
 636 0856 01       		.byte	0x1
 637 0857 9001     		.uahalf	0x190
 638 0859 5D080000 		.uaword	0x85d
 639 085d 08       		.uleb128 0x8
 640 085e 04       		.byte	0x4
 641 085f 63080000 		.uaword	0x863
 642 0863 0F       		.uleb128 0xf
 643 0864 3A080000 		.uaword	0x83a
 644 0868 0A       		.uleb128 0xa
 645 0869 4F735F62 		.string	"Os_bitmask"
 645      69746D61 
 645      736B00
 646 0874 01       		.byte	0x1
 647 0875 A201     		.uahalf	0x1a2
 648 0877 CE010000 		.uaword	0x1ce
 649 087b 0A       		.uleb128 0xa
 650 087c 4F735F70 		.string	"Os_pset0Type"
 650      73657430 
 650      54797065 
 650      00
 651 0889 01       		.byte	0x1
 652 088a A301     		.uahalf	0x1a3
 653 088c 68080000 		.uaword	0x868
 654 0890 0A       		.uleb128 0xa
 655 0891 4F735F70 		.string	"Os_pset1Type"
GAS Infineon TriCore Little Endian C:\\Users\\user1\\AppData\\Local\\Temp\\rta_RTAOS_638388406317960277_1736001\\ccZrXN6G.s 			page 16


 655      73657431 
 655      54797065 
 655      00
 656 089e 01       		.byte	0x1
 657 089f A401     		.uahalf	0x1a4
 658 08a1 68080000 		.uaword	0x868
 659 08a5 0A       		.uleb128 0xa
 660 08a6 4F735F70 		.string	"Os_pset2Type"
 660      73657432 
 660      54797065 
 660      00
 661 08b3 01       		.byte	0x1
 662 08b4 A501     		.uahalf	0x1a5
 663 08b6 68080000 		.uaword	0x868
 664 08ba 10       		.uleb128 0x10
 665 08bb 04       		.byte	0x4
 666 08bc 01       		.byte	0x1
 667 08bd A601     		.uahalf	0x1a6
 668 08bf E5080000 		.uaword	0x8e5
 669 08c3 11       		.uleb128 0x11
 670 08c4 703000   		.string	"p0"
 671 08c7 01       		.byte	0x1
 672 08c8 A701     		.uahalf	0x1a7
 673 08ca 7B080000 		.uaword	0x87b
 674 08ce 11       		.uleb128 0x11
 675 08cf 703100   		.string	"p1"
 676 08d2 01       		.byte	0x1
 677 08d3 A801     		.uahalf	0x1a8
 678 08d5 90080000 		.uaword	0x890
 679 08d9 11       		.uleb128 0x11
 680 08da 703200   		.string	"p2"
 681 08dd 01       		.byte	0x1
 682 08de A901     		.uahalf	0x1a9
 683 08e0 A5080000 		.uaword	0x8a5
 684 08e4 00       		.byte	0
 685 08e5 0A       		.uleb128 0xa
 686 08e6 4F735F70 		.string	"Os_psetType"
 686      73657454 
 686      79706500 
 687 08f2 01       		.byte	0x1
 688 08f3 AA01     		.uahalf	0x1aa
 689 08f5 BA080000 		.uaword	0x8ba
 690 08f9 10       		.uleb128 0x10
 691 08fa 04       		.byte	0x4
 692 08fb 01       		.byte	0x1
 693 08fc AC01     		.uahalf	0x1ac
 694 08fe 24090000 		.uaword	0x924
 695 0902 11       		.uleb128 0x11
 696 0903 743000   		.string	"t0"
 697 0906 01       		.byte	0x1
 698 0907 AD01     		.uahalf	0x1ad
 699 0909 68080000 		.uaword	0x868
 700 090d 11       		.uleb128 0x11
 701 090e 743100   		.string	"t1"
 702 0911 01       		.byte	0x1
 703 0912 AE01     		.uahalf	0x1ae
 704 0914 68080000 		.uaword	0x868
GAS Infineon TriCore Little Endian C:\\Users\\user1\\AppData\\Local\\Temp\\rta_RTAOS_638388406317960277_1736001\\ccZrXN6G.s 			page 17


 705 0918 11       		.uleb128 0x11
 706 0919 743200   		.string	"t2"
 707 091c 01       		.byte	0x1
 708 091d AF01     		.uahalf	0x1af
 709 091f 68080000 		.uaword	0x868
 710 0923 00       		.byte	0
 711 0924 0A       		.uleb128 0xa
 712 0925 4F735F74 		.string	"Os_tpmaskType"
 712      706D6173 
 712      6B547970 
 712      6500
 713 0933 01       		.byte	0x1
 714 0934 B001     		.uahalf	0x1b0
 715 0936 F9080000 		.uaword	0x8f9
 716 093a 0A       		.uleb128 0xa
 717 093b 4F735F41 		.string	"Os_ActivationCountType"
 717      63746976 
 717      6174696F 
 717      6E436F75 
 717      6E745479 
 718 0952 01       		.byte	0x1
 719 0953 B101     		.uahalf	0x1b1
 720 0955 8B010000 		.uaword	0x18b
 721 0959 0C       		.uleb128 0xc
 722 095a 4F735F54 		.string	"Os_TaskDynType_s"
 722      61736B44 
 722      796E5479 
 722      70655F73 
 722      00
 723 096b 5C       		.byte	0x5c
 724 096c 01       		.byte	0x1
 725 096d B301     		.uahalf	0x1b3
 726 096f 140A0000 		.uaword	0xa14
 727 0973 0D       		.uleb128 0xd
 728 0974 6C617374 		.string	"last_activation"
 728      5F616374 
 728      69766174 
 728      696F6E00 
 729 0984 01       		.byte	0x1
 730 0985 B401     		.uahalf	0x1b4
 731 0987 06040000 		.uaword	0x406
 732 098b 02       		.byte	0x2
 733 098c 23       		.byte	0x23
 734 098d 00       		.uleb128 0
 735 098e 0D       		.uleb128 0xd
 736 098f 7465726D 		.string	"terminate_jump_buf"
 736      696E6174 
 736      655F6A75 
 736      6D705F62 
 736      756600
 737 09a2 01       		.byte	0x1
 738 09a3 B501     		.uahalf	0x1b5
 739 09a5 00030000 		.uaword	0x300
 740 09a9 02       		.byte	0x2
 741 09aa 23       		.byte	0x23
 742 09ab 04       		.uleb128 0x4
 743 09ac 0D       		.uleb128 0xd
GAS Infineon TriCore Little Endian C:\\Users\\user1\\AppData\\Local\\Temp\\rta_RTAOS_638388406317960277_1736001\\ccZrXN6G.s 			page 18


 744 09ad 6D657465 		.string	"meter"
 744      7200
 745 09b3 01       		.byte	0x1
 746 09b4 B601     		.uahalf	0x1b6
 747 09b6 BF060000 		.uaword	0x6bf
 748 09ba 02       		.byte	0x2
 749 09bb 23       		.byte	0x23
 750 09bc 48       		.uleb128 0x48
 751 09bd 0D       		.uleb128 0xd
 752 09be 7365656E 		.string	"seen_activation"
 752      5F616374 
 752      69766174 
 752      696F6E00 
 753 09ce 01       		.byte	0x1
 754 09cf B701     		.uahalf	0x1b7
 755 09d1 3F020000 		.uaword	0x23f
 756 09d5 02       		.byte	0x2
 757 09d6 23       		.byte	0x23
 758 09d7 54       		.uleb128 0x54
 759 09d8 0E       		.uleb128 0xe
 760 09d9 00000000 		.uaword	.LASF5
 761 09dd 01       		.byte	0x1
 762 09de B801     		.uahalf	0x1b8
 763 09e0 3A090000 		.uaword	0x93a
 764 09e4 02       		.byte	0x2
 765 09e5 23       		.byte	0x23
 766 09e6 55       		.uleb128 0x55
 767 09e7 0E       		.uleb128 0xe
 768 09e8 00000000 		.uaword	.LASF0
 769 09ec 01       		.byte	0x1
 770 09ed B901     		.uahalf	0x1b9
 771 09ef 26030000 		.uaword	0x326
 772 09f3 02       		.byte	0x2
 773 09f4 23       		.byte	0x23
 774 09f5 56       		.uleb128 0x56
 775 09f6 0D       		.uleb128 0xd
 776 09f7 7465726D 		.string	"termination_state"
 776      696E6174 
 776      696F6E5F 
 776      73746174 
 776      6500
 777 0a09 01       		.byte	0x1
 778 0a0a BA01     		.uahalf	0x1ba
 779 0a0c C0010000 		.uaword	0x1c0
 780 0a10 02       		.byte	0x2
 781 0a11 23       		.byte	0x23
 782 0a12 58       		.uleb128 0x58
 783 0a13 00       		.byte	0
 784 0a14 0A       		.uleb128 0xa
 785 0a15 4F735F54 		.string	"Os_TaskDynType"
 785      61736B44 
 785      796E5479 
 785      706500
 786 0a24 01       		.byte	0x1
 787 0a25 BB01     		.uahalf	0x1bb
 788 0a27 59090000 		.uaword	0x959
 789 0a2b 0C       		.uleb128 0xc
GAS Infineon TriCore Little Endian C:\\Users\\user1\\AppData\\Local\\Temp\\rta_RTAOS_638388406317960277_1736001\\ccZrXN6G.s 			page 19


 790 0a2c 4F735F54 		.string	"Os_TaskType_s"
 790      61736B54 
 790      7970655F 
 790      7300
 791 0a3a 20       		.byte	0x20
 792 0a3b 01       		.byte	0x1
 793 0a3c BD01     		.uahalf	0x1bd
 794 0a3e E80A0000 		.uaword	0xae8
 795 0a42 0E       		.uleb128 0xe
 796 0a43 00000000 		.uaword	.LASF2
 797 0a47 01       		.byte	0x1
 798 0a48 BE01     		.uahalf	0x1be
 799 0a4a E80A0000 		.uaword	0xae8
 800 0a4e 02       		.byte	0x2
 801 0a4f 23       		.byte	0x23
 802 0a50 00       		.uleb128 0
 803 0a51 0E       		.uleb128 0xe
 804 0a52 00000000 		.uaword	.LASF1
 805 0a56 01       		.byte	0x1
 806 0a57 BF01     		.uahalf	0x1bf
 807 0a59 B0030000 		.uaword	0x3b0
 808 0a5d 02       		.byte	0x2
 809 0a5e 23       		.byte	0x23
 810 0a5f 04       		.uleb128 0x4
 811 0a60 0D       		.uleb128 0xd
 812 0a61 70736574 		.string	"pset"
 812      00
 813 0a66 01       		.byte	0x1
 814 0a67 C001     		.uahalf	0x1c0
 815 0a69 E5080000 		.uaword	0x8e5
 816 0a6d 02       		.byte	0x2
 817 0a6e 23       		.byte	0x23
 818 0a6f 08       		.uleb128 0x8
 819 0a70 0D       		.uleb128 0xd
 820 0a71 62617365 		.string	"base_tpmask"
 820      5F74706D 
 820      61736B00 
 821 0a7d 01       		.byte	0x1
 822 0a7e C101     		.uahalf	0x1c1
 823 0a80 24090000 		.uaword	0x924
 824 0a84 02       		.byte	0x2
 825 0a85 23       		.byte	0x23
 826 0a86 0C       		.uleb128 0xc
 827 0a87 0E       		.uleb128 0xe
 828 0a88 00000000 		.uaword	.LASF6
 829 0a8c 01       		.byte	0x1
 830 0a8d C201     		.uahalf	0x1c2
 831 0a8f 24090000 		.uaword	0x924
 832 0a93 02       		.byte	0x2
 833 0a94 23       		.byte	0x23
 834 0a95 10       		.uleb128 0x10
 835 0a96 0D       		.uleb128 0xd
 836 0a97 636F7265 		.string	"core_id"
 836      5F696400 
 837 0a9f 01       		.byte	0x1
 838 0aa0 C301     		.uahalf	0x1c3
 839 0aa2 56040000 		.uaword	0x456
GAS Infineon TriCore Little Endian C:\\Users\\user1\\AppData\\Local\\Temp\\rta_RTAOS_638388406317960277_1736001\\ccZrXN6G.s 			page 20


 840 0aa6 02       		.byte	0x2
 841 0aa7 23       		.byte	0x23
 842 0aa8 14       		.uleb128 0x14
 843 0aa9 0D       		.uleb128 0xd
 844 0aaa 696E6465 		.string	"index"
 844      7800
 845 0ab0 01       		.byte	0x1
 846 0ab1 C401     		.uahalf	0x1c4
 847 0ab3 C0010000 		.uaword	0x1c0
 848 0ab7 02       		.byte	0x2
 849 0ab8 23       		.byte	0x23
 850 0ab9 18       		.uleb128 0x18
 851 0aba 0E       		.uleb128 0xe
 852 0abb 00000000 		.uaword	.LASF5
 853 0abf 01       		.byte	0x1
 854 0ac0 C501     		.uahalf	0x1c5
 855 0ac2 3A090000 		.uaword	0x93a
 856 0ac6 02       		.byte	0x2
 857 0ac7 23       		.byte	0x23
 858 0ac8 1C       		.uleb128 0x1c
 859 0ac9 0E       		.uleb128 0xe
 860 0aca 00000000 		.uaword	.LASF3
 861 0ace 01       		.byte	0x1
 862 0acf C601     		.uahalf	0x1c6
 863 0ad1 7E010000 		.uaword	0x17e
 864 0ad5 02       		.byte	0x2
 865 0ad6 23       		.byte	0x23
 866 0ad7 1D       		.uleb128 0x1d
 867 0ad8 0E       		.uleb128 0xe
 868 0ad9 00000000 		.uaword	.LASF4
 869 0add 01       		.byte	0x1
 870 0ade C701     		.uahalf	0x1c7
 871 0ae0 D7030000 		.uaword	0x3d7
 872 0ae4 02       		.byte	0x2
 873 0ae5 23       		.byte	0x23
 874 0ae6 1E       		.uleb128 0x1e
 875 0ae7 00       		.byte	0
 876 0ae8 0F       		.uleb128 0xf
 877 0ae9 ED0A0000 		.uaword	0xaed
 878 0aed 08       		.uleb128 0x8
 879 0aee 04       		.byte	0x4
 880 0aef 140A0000 		.uaword	0xa14
 881 0af3 0A       		.uleb128 0xa
 882 0af4 4F735F54 		.string	"Os_TaskType"
 882      61736B54 
 882      79706500 
 883 0b00 01       		.byte	0x1
 884 0b01 C801     		.uahalf	0x1c8
 885 0b03 2B0A0000 		.uaword	0xa2b
 886 0b07 0A       		.uleb128 0xa
 887 0b08 5461736B 		.string	"TaskType"
 887      54797065 
 887      00
 888 0b11 01       		.byte	0x1
 889 0b12 C901     		.uahalf	0x1c9
 890 0b14 180B0000 		.uaword	0xb18
 891 0b18 08       		.uleb128 0x8
GAS Infineon TriCore Little Endian C:\\Users\\user1\\AppData\\Local\\Temp\\rta_RTAOS_638388406317960277_1736001\\ccZrXN6G.s 			page 21


 892 0b19 04       		.byte	0x4
 893 0b1a 1E0B0000 		.uaword	0xb1e
 894 0b1e 0F       		.uleb128 0xf
 895 0b1f F30A0000 		.uaword	0xaf3
 896 0b23 10       		.uleb128 0x10
 897 0b24 04       		.byte	0x4
 898 0b25 01       		.byte	0x1
 899 0b26 E101     		.uahalf	0x1e1
 900 0b28 470B0000 		.uaword	0xb47
 901 0b2c 12       		.uleb128 0x12
 902 0b2d 00000000 		.uaword	.LASF6
 903 0b31 01       		.byte	0x1
 904 0b32 E201     		.uahalf	0x1e2
 905 0b34 24090000 		.uaword	0x924
 906 0b38 11       		.uleb128 0x11
 907 0b39 696D6173 		.string	"imask"
 907      6B00
 908 0b3f 01       		.byte	0x1
 909 0b40 E301     		.uahalf	0x1e3
 910 0b42 FA060000 		.uaword	0x6fa
 911 0b46 00       		.byte	0
 912 0b47 0C       		.uleb128 0xc
 913 0b48 4F735F52 		.string	"Os_ResourceDynType_s"
 913      65736F75 
 913      72636544 
 913      796E5479 
 913      70655F73 
 914 0b5d 0C       		.byte	0xc
 915 0b5e 01       		.byte	0x1
 916 0b5f DE01     		.uahalf	0x1de
 917 0b61 AA0B0000 		.uaword	0xbaa
 918 0b65 0D       		.uleb128 0xd
 919 0b66 61636365 		.string	"access_count"
 919      73735F63 
 919      6F756E74 
 919      00
 920 0b73 01       		.byte	0x1
 921 0b74 DF01     		.uahalf	0x1df
 922 0b76 26030000 		.uaword	0x326
 923 0b7a 02       		.byte	0x2
 924 0b7b 23       		.byte	0x23
 925 0b7c 00       		.uleb128 0
 926 0b7d 0D       		.uleb128 0xd
 927 0b7e 6C6F636B 		.string	"locker"
 927      657200
 928 0b85 01       		.byte	0x1
 929 0b86 E001     		.uahalf	0x1e0
 930 0b88 070B0000 		.uaword	0xb07
 931 0b8c 02       		.byte	0x2
 932 0b8d 23       		.byte	0x23
 933 0b8e 04       		.uleb128 0x4
 934 0b8f 0D       		.uleb128 0xd
 935 0b90 73617665 		.string	"saved_priority"
 935      645F7072 
 935      696F7269 
 935      747900
 936 0b9f 01       		.byte	0x1
GAS Infineon TriCore Little Endian C:\\Users\\user1\\AppData\\Local\\Temp\\rta_RTAOS_638388406317960277_1736001\\ccZrXN6G.s 			page 22


 937 0ba0 E401     		.uahalf	0x1e4
 938 0ba2 230B0000 		.uaword	0xb23
 939 0ba6 02       		.byte	0x2
 940 0ba7 23       		.byte	0x23
 941 0ba8 08       		.uleb128 0x8
 942 0ba9 00       		.byte	0
 943 0baa 0A       		.uleb128 0xa
 944 0bab 4F735F52 		.string	"Os_ResourceDynType"
 944      65736F75 
 944      72636544 
 944      796E5479 
 944      706500
 945 0bbe 01       		.byte	0x1
 946 0bbf E501     		.uahalf	0x1e5
 947 0bc1 470B0000 		.uaword	0xb47
 948 0bc5 0C       		.uleb128 0xc
 949 0bc6 4F735F52 		.string	"Os_ResourceType_s"
 949      65736F75 
 949      72636554 
 949      7970655F 
 949      7300
 950 0bd8 10       		.byte	0x10
 951 0bd9 01       		.byte	0x1
 952 0bda E601     		.uahalf	0x1e6
 953 0bdc 1F0C0000 		.uaword	0xc1f
 954 0be0 0E       		.uleb128 0xe
 955 0be1 00000000 		.uaword	.LASF2
 956 0be5 01       		.byte	0x1
 957 0be6 E701     		.uahalf	0x1e7
 958 0be8 1F0C0000 		.uaword	0xc1f
 959 0bec 02       		.byte	0x2
 960 0bed 23       		.byte	0x23
 961 0bee 00       		.uleb128 0
 962 0bef 0E       		.uleb128 0xe
 963 0bf0 00000000 		.uaword	.LASF6
 964 0bf4 01       		.byte	0x1
 965 0bf5 E801     		.uahalf	0x1e8
 966 0bf7 24090000 		.uaword	0x924
 967 0bfb 02       		.byte	0x2
 968 0bfc 23       		.byte	0x23
 969 0bfd 04       		.uleb128 0x4
 970 0bfe 0D       		.uleb128 0xd
 971 0bff 696D6173 		.string	"imask"
 971      6B00
 972 0c05 01       		.byte	0x1
 973 0c06 E901     		.uahalf	0x1e9
 974 0c08 FA060000 		.uaword	0x6fa
 975 0c0c 02       		.byte	0x2
 976 0c0d 23       		.byte	0x23
 977 0c0e 08       		.uleb128 0x8
 978 0c0f 0E       		.uleb128 0xe
 979 0c10 00000000 		.uaword	.LASF3
 980 0c14 01       		.byte	0x1
 981 0c15 EA01     		.uahalf	0x1ea
 982 0c17 7E010000 		.uaword	0x17e
 983 0c1b 02       		.byte	0x2
 984 0c1c 23       		.byte	0x23
GAS Infineon TriCore Little Endian C:\\Users\\user1\\AppData\\Local\\Temp\\rta_RTAOS_638388406317960277_1736001\\ccZrXN6G.s 			page 23


 985 0c1d 0C       		.uleb128 0xc
 986 0c1e 00       		.byte	0
 987 0c1f 0F       		.uleb128 0xf
 988 0c20 240C0000 		.uaword	0xc24
 989 0c24 08       		.uleb128 0x8
 990 0c25 04       		.byte	0x4
 991 0c26 AA0B0000 		.uaword	0xbaa
 992 0c2a 0A       		.uleb128 0xa
 993 0c2b 4F735F52 		.string	"Os_ResourceType"
 993      65736F75 
 993      72636554 
 993      79706500 
 994 0c3b 01       		.byte	0x1
 995 0c3c EB01     		.uahalf	0x1eb
 996 0c3e C50B0000 		.uaword	0xbc5
 997 0c42 0A       		.uleb128 0xa
 998 0c43 5265736F 		.string	"ResourceType"
 998      75726365 
 998      54797065 
 998      00
 999 0c50 01       		.byte	0x1
 1000 0c51 EC01     		.uahalf	0x1ec
 1001 0c53 570C0000 		.uaword	0xc57
 1002 0c57 08       		.uleb128 0x8
 1003 0c58 04       		.byte	0x4
 1004 0c59 5D0C0000 		.uaword	0xc5d
 1005 0c5d 0F       		.uleb128 0xf
 1006 0c5e 2A0C0000 		.uaword	0xc2a
 1007 0c62 0A       		.uleb128 0xa
 1008 0c63 4F535365 		.string	"OSServiceIdType"
 1008      72766963 
 1008      65496454 
 1008      79706500 
 1009 0c73 01       		.byte	0x1
 1010 0c74 5102     		.uahalf	0x251
 1011 0c76 8B010000 		.uaword	0x18b
 1012 0c7a 0A       		.uleb128 0xa
 1013 0c7b 4F735F42 		.string	"Os_BiggestType"
 1013      69676765 
 1013      73745479 
 1013      706500
 1014 0c8a 01       		.byte	0x1
 1015 0c8b 2503     		.uahalf	0x325
 1016 0c8d CE010000 		.uaword	0x1ce
 1017 0c91 13       		.uleb128 0x13
 1018 0c92 10       		.byte	0x10
 1019 0c93 01       		.byte	0x1
 1020 0c94 2703     		.uahalf	0x327
 1021 0c96 FF0C0000 		.uaword	0xcff
 1022 0c9a 0D       		.uleb128 0xd
 1023 0c9b 73657276 		.string	"service_id"
 1023      6963655F 
 1023      696400
 1024 0ca6 01       		.byte	0x1
 1025 0ca7 2803     		.uahalf	0x328
 1026 0ca9 620C0000 		.uaword	0xc62
 1027 0cad 02       		.byte	0x2
GAS Infineon TriCore Little Endian C:\\Users\\user1\\AppData\\Local\\Temp\\rta_RTAOS_638388406317960277_1736001\\ccZrXN6G.s 			page 24


 1028 0cae 23       		.byte	0x23
 1029 0caf 00       		.uleb128 0
 1030 0cb0 0D       		.uleb128 0xd
 1031 0cb1 73657276 		.string	"service_param1"
 1031      6963655F 
 1031      70617261 
 1031      6D3100
 1032 0cc0 01       		.byte	0x1
 1033 0cc1 2903     		.uahalf	0x329
 1034 0cc3 7A0C0000 		.uaword	0xc7a
 1035 0cc7 02       		.byte	0x2
 1036 0cc8 23       		.byte	0x23
 1037 0cc9 04       		.uleb128 0x4
 1038 0cca 0D       		.uleb128 0xd
 1039 0ccb 73657276 		.string	"service_param2"
 1039      6963655F 
 1039      70617261 
 1039      6D3200
 1040 0cda 01       		.byte	0x1
 1041 0cdb 2A03     		.uahalf	0x32a
 1042 0cdd 7A0C0000 		.uaword	0xc7a
 1043 0ce1 02       		.byte	0x2
 1044 0ce2 23       		.byte	0x23
 1045 0ce3 08       		.uleb128 0x8
 1046 0ce4 0D       		.uleb128 0xd
 1047 0ce5 73657276 		.string	"service_param3"
 1047      6963655F 
 1047      70617261 
 1047      6D3300
 1048 0cf4 01       		.byte	0x1
 1049 0cf5 2B03     		.uahalf	0x32b
 1050 0cf7 7A0C0000 		.uaword	0xc7a
 1051 0cfb 02       		.byte	0x2
 1052 0cfc 23       		.byte	0x23
 1053 0cfd 0C       		.uleb128 0xc
 1054 0cfe 00       		.byte	0
 1055 0cff 0A       		.uleb128 0xa
 1056 0d00 4F735F45 		.string	"Os_ErrorInformationType"
 1056      72726F72 
 1056      496E666F 
 1056      726D6174 
 1056      696F6E54 
 1057 0d18 01       		.byte	0x1
 1058 0d19 2C03     		.uahalf	0x32c
 1059 0d1b 910C0000 		.uaword	0xc91
 1060 0d1f 0A       		.uleb128 0xa
 1061 0d20 4F735F4F 		.string	"Os_OrtiIdType"
 1061      72746949 
 1061      64547970 
 1061      6500
 1062 0d2e 01       		.byte	0x1
 1063 0d2f 3003     		.uahalf	0x330
 1064 0d31 8B010000 		.uaword	0x18b
 1065 0d35 0B       		.uleb128 0xb
 1066 0d36 E5080000 		.uaword	0x8e5
 1067 0d3a 0B       		.uleb128 0xb
 1068 0d3b 4D080000 		.uaword	0x84d
GAS Infineon TriCore Little Endian C:\\Users\\user1\\AppData\\Local\\Temp\\rta_RTAOS_638388406317960277_1736001\\ccZrXN6G.s 			page 25


 1069 0d3f 0B       		.uleb128 0xb
 1070 0d40 070B0000 		.uaword	0xb07
 1071 0d44 0B       		.uleb128 0xb
 1072 0d45 24090000 		.uaword	0x924
 1073 0d49 0B       		.uleb128 0xb
 1074 0d4a 22040000 		.uaword	0x422
 1075 0d4e 0B       		.uleb128 0xb
 1076 0d4f D7030000 		.uaword	0x3d7
 1077 0d53 0A       		.uleb128 0xa
 1078 0d54 4F735F43 		.string	"Os_ControlledCoreType"
 1078      6F6E7472 
 1078      6F6C6C65 
 1078      64436F72 
 1078      65547970 
 1079 0d6a 01       		.byte	0x1
 1080 0d6b 2404     		.uahalf	0x424
 1081 0d6d 6E040000 		.uaword	0x46e
 1082 0d71 0C       		.uleb128 0xc
 1083 0d72 4F735F41 		.string	"Os_AnyCoreType_s"
 1083      6E79436F 
 1083      72655479 
 1083      70655F73 
 1083      00
 1084 0d83 64       		.byte	0x64
 1085 0d84 01       		.byte	0x1
 1086 0d85 3204     		.uahalf	0x432
 1087 0d87 AA0E0000 		.uaword	0xeaa
 1088 0d8b 0D       		.uleb128 0xd
 1089 0d8c 44697361 		.string	"DisableAllImask"
 1089      626C6541 
 1089      6C6C496D 
 1089      61736B00 
 1090 0d9c 01       		.byte	0x1
 1091 0d9d 3304     		.uahalf	0x433
 1092 0d9f AA0E0000 		.uaword	0xeaa
 1093 0da3 02       		.byte	0x2
 1094 0da4 23       		.byte	0x23
 1095 0da5 00       		.uleb128 0
 1096 0da6 0D       		.uleb128 0xd
 1097 0da7 53757370 		.string	"SuspendAllImask"
 1097      656E6441 
 1097      6C6C496D 
 1097      61736B00 
 1098 0db7 01       		.byte	0x1
 1099 0db8 3404     		.uahalf	0x434
 1100 0dba AA0E0000 		.uaword	0xeaa
 1101 0dbe 02       		.byte	0x2
 1102 0dbf 23       		.byte	0x23
 1103 0dc0 04       		.uleb128 0x4
 1104 0dc1 0D       		.uleb128 0xd
 1105 0dc2 53757370 		.string	"SuspendOSImask"
 1105      656E644F 
 1105      53496D61 
 1105      736B00
 1106 0dd1 01       		.byte	0x1
 1107 0dd2 3504     		.uahalf	0x435
 1108 0dd4 AA0E0000 		.uaword	0xeaa
GAS Infineon TriCore Little Endian C:\\Users\\user1\\AppData\\Local\\Temp\\rta_RTAOS_638388406317960277_1736001\\ccZrXN6G.s 			page 26


 1109 0dd8 02       		.byte	0x2
 1110 0dd9 23       		.byte	0x23
 1111 0dda 08       		.uleb128 0x8
 1112 0ddb 0D       		.uleb128 0xd
 1113 0ddc 44697361 		.string	"DisableAllCount"
 1113      626C6541 
 1113      6C6C436F 
 1113      756E7400 
 1114 0dec 01       		.byte	0x1
 1115 0ded 3604     		.uahalf	0x436
 1116 0def AF0E0000 		.uaword	0xeaf
 1117 0df3 02       		.byte	0x2
 1118 0df4 23       		.byte	0x23
 1119 0df5 0C       		.uleb128 0xc
 1120 0df6 0D       		.uleb128 0xd
 1121 0df7 53757370 		.string	"SuspendAllCount"
 1121      656E6441 
 1121      6C6C436F 
 1121      756E7400 
 1122 0e07 01       		.byte	0x1
 1123 0e08 3704     		.uahalf	0x437
 1124 0e0a AF0E0000 		.uaword	0xeaf
 1125 0e0e 02       		.byte	0x2
 1126 0e0f 23       		.byte	0x23
 1127 0e10 10       		.uleb128 0x10
 1128 0e11 0D       		.uleb128 0xd
 1129 0e12 53757370 		.string	"SuspendOSCount"
 1129      656E644F 
 1129      53436F75 
 1129      6E7400
 1130 0e21 01       		.byte	0x1
 1131 0e22 3804     		.uahalf	0x438
 1132 0e24 AF0E0000 		.uaword	0xeaf
 1133 0e28 02       		.byte	0x2
 1134 0e29 23       		.byte	0x23
 1135 0e2a 14       		.uleb128 0x14
 1136 0e2b 0D       		.uleb128 0xd
 1137 0e2c 4F727469 		.string	"OrtiApiID"
 1137      41706949 
 1137      4400
 1138 0e36 01       		.byte	0x1
 1139 0e37 3904     		.uahalf	0x439
 1140 0e39 B40E0000 		.uaword	0xeb4
 1141 0e3d 02       		.byte	0x2
 1142 0e3e 23       		.byte	0x23
 1143 0e3f 18       		.uleb128 0x18
 1144 0e40 0D       		.uleb128 0xd
 1145 0e41 4F727469 		.string	"OrtiLastError"
 1145      4C617374 
 1145      4572726F 
 1145      7200
 1146 0e4f 01       		.byte	0x1
 1147 0e50 3A04     		.uahalf	0x43a
 1148 0e52 4E020000 		.uaword	0x24e
 1149 0e56 02       		.byte	0x2
 1150 0e57 23       		.byte	0x23
 1151 0e58 19       		.uleb128 0x19
GAS Infineon TriCore Little Endian C:\\Users\\user1\\AppData\\Local\\Temp\\rta_RTAOS_638388406317960277_1736001\\ccZrXN6G.s 			page 27


 1152 0e59 0D       		.uleb128 0xd
 1153 0e5a 52657374 		.string	"RestartJumpBuf"
 1153      6172744A 
 1153      756D7042 
 1153      756600
 1154 0e69 01       		.byte	0x1
 1155 0e6a 3B04     		.uahalf	0x43b
 1156 0e6c 00030000 		.uaword	0x300
 1157 0e70 02       		.byte	0x2
 1158 0e71 23       		.byte	0x23
 1159 0e72 1C       		.uleb128 0x1c
 1160 0e73 0D       		.uleb128 0xd
 1161 0e74 52657374 		.string	"Restartable"
 1161      61727461 
 1161      626C6500 
 1162 0e80 01       		.byte	0x1
 1163 0e81 3C04     		.uahalf	0x43c
 1164 0e83 3F020000 		.uaword	0x23f
 1165 0e87 02       		.byte	0x2
 1166 0e88 23       		.byte	0x23
 1167 0e89 60       		.uleb128 0x60
 1168 0e8a 0D       		.uleb128 0xd
 1169 0e8b 4C617374 		.string	"LastProtectionFault"
 1169      50726F74 
 1169      65637469 
 1169      6F6E4661 
 1169      756C7400 
 1170 0e9f 01       		.byte	0x1
 1171 0ea0 3D04     		.uahalf	0x43d
 1172 0ea2 4E020000 		.uaword	0x24e
 1173 0ea6 02       		.byte	0x2
 1174 0ea7 23       		.byte	0x23
 1175 0ea8 61       		.uleb128 0x61
 1176 0ea9 00       		.byte	0
 1177 0eaa 0B       		.uleb128 0xb
 1178 0eab FA060000 		.uaword	0x6fa
 1179 0eaf 0B       		.uleb128 0xb
 1180 0eb0 C0010000 		.uaword	0x1c0
 1181 0eb4 0B       		.uleb128 0xb
 1182 0eb5 1F0D0000 		.uaword	0xd1f
 1183 0eb9 0A       		.uleb128 0xa
 1184 0eba 4F735F41 		.string	"Os_AnyCoreType"
 1184      6E79436F 
 1184      72655479 
 1184      706500
 1185 0ec9 01       		.byte	0x1
 1186 0eca 3E04     		.uahalf	0x43e
 1187 0ecc 710D0000 		.uaword	0xd71
 1188 0ed0 0C       		.uleb128 0xc
 1189 0ed1 4F735F43 		.string	"Os_CoreConfiguration_s"
 1189      6F726543 
 1189      6F6E6669 
 1189      67757261 
 1189      74696F6E 
 1190 0ee8 18       		.byte	0x18
 1191 0ee9 01       		.byte	0x1
 1192 0eea 4904     		.uahalf	0x449
GAS Infineon TriCore Little Endian C:\\Users\\user1\\AppData\\Local\\Temp\\rta_RTAOS_638388406317960277_1736001\\ccZrXN6G.s 			page 28


 1193 0eec 6A0F0000 		.uaword	0xf6a
 1194 0ef0 0D       		.uleb128 0xd
 1195 0ef1 636F6E74 		.string	"controlled"
 1195      726F6C6C 
 1195      656400
 1196 0efc 01       		.byte	0x1
 1197 0efd 4A04     		.uahalf	0x44a
 1198 0eff 6A0F0000 		.uaword	0xf6a
 1199 0f03 02       		.byte	0x2
 1200 0f04 23       		.byte	0x23
 1201 0f05 00       		.uleb128 0
 1202 0f06 0D       		.uleb128 0xd
 1203 0f07 616E7900 		.string	"any"
 1204 0f0b 01       		.byte	0x1
 1205 0f0c 4B04     		.uahalf	0x44b
 1206 0f0e 750F0000 		.uaword	0xf75
 1207 0f12 02       		.byte	0x2
 1208 0f13 23       		.byte	0x23
 1209 0f14 04       		.uleb128 0x4
 1210 0f15 0D       		.uleb128 0xd
 1211 0f16 73746174 		.string	"state"
 1211      6500
 1212 0f1c 01       		.byte	0x1
 1213 0f1d 4C04     		.uahalf	0x44c
 1214 0f1f 800F0000 		.uaword	0xf80
 1215 0f23 02       		.byte	0x2
 1216 0f24 23       		.byte	0x23
 1217 0f25 08       		.uleb128 0x8
 1218 0f26 0D       		.uleb128 0xd
 1219 0f27 64697370 		.string	"dispatch"
 1219      61746368 
 1219      00
 1220 0f30 01       		.byte	0x1
 1221 0f31 4D04     		.uahalf	0x44d
 1222 0f33 B0030000 		.uaword	0x3b0
 1223 0f37 02       		.byte	0x2
 1224 0f38 23       		.byte	0x23
 1225 0f39 0C       		.uleb128 0xc
 1226 0f3a 0D       		.uleb128 0xd
 1227 0f3b 4F735F52 		.string	"Os_Res_Scheduler"
 1227      65735F53 
 1227      63686564 
 1227      756C6572 
 1227      00
 1228 0f4c 01       		.byte	0x1
 1229 0f4d 4E04     		.uahalf	0x44e
 1230 0f4f 420C0000 		.uaword	0xc42
 1231 0f53 02       		.byte	0x2
 1232 0f54 23       		.byte	0x23
 1233 0f55 10       		.uleb128 0x10
 1234 0f56 0D       		.uleb128 0xd
 1235 0f57 636F7265 		.string	"core_id"
 1235      5F696400 
 1236 0f5f 01       		.byte	0x1
 1237 0f60 4F04     		.uahalf	0x44f
 1238 0f62 56040000 		.uaword	0x456
 1239 0f66 02       		.byte	0x2
GAS Infineon TriCore Little Endian C:\\Users\\user1\\AppData\\Local\\Temp\\rta_RTAOS_638388406317960277_1736001\\ccZrXN6G.s 			page 29


 1240 0f67 23       		.byte	0x23
 1241 0f68 14       		.uleb128 0x14
 1242 0f69 00       		.byte	0
 1243 0f6a 0F       		.uleb128 0xf
 1244 0f6b 6F0F0000 		.uaword	0xf6f
 1245 0f6f 08       		.uleb128 0x8
 1246 0f70 04       		.byte	0x4
 1247 0f71 530D0000 		.uaword	0xd53
 1248 0f75 0F       		.uleb128 0xf
 1249 0f76 7A0F0000 		.uaword	0xf7a
 1250 0f7a 08       		.uleb128 0x8
 1251 0f7b 04       		.byte	0x4
 1252 0f7c B90E0000 		.uaword	0xeb9
 1253 0f80 0F       		.uleb128 0xf
 1254 0f81 850F0000 		.uaword	0xf85
 1255 0f85 08       		.uleb128 0x8
 1256 0f86 04       		.byte	0x4
 1257 0f87 8B0F0000 		.uaword	0xf8b
 1258 0f8b 0B       		.uleb128 0xb
 1259 0f8c EE030000 		.uaword	0x3ee
 1260 0f90 0A       		.uleb128 0xa
 1261 0f91 4F735F43 		.string	"Os_CoreConfiguration"
 1261      6F726543 
 1261      6F6E6669 
 1261      67757261 
 1261      74696F6E 
 1262 0fa6 01       		.byte	0x1
 1263 0fa7 5004     		.uahalf	0x450
 1264 0fa9 D00E0000 		.uaword	0xed0
 1265 0fad 14       		.uleb128 0x14
 1266 0fae 01       		.byte	0x1
 1267 0faf 4F735F55 		.string	"Os_UnhandledTrap"
 1267      6E68616E 
 1267      646C6564 
 1267      54726170 
 1267      00
 1268 0fc0 01       		.byte	0x1
 1269 0fc1 5705     		.uahalf	0x557
 1270 0fc3 01       		.byte	0x1
 1271 0fc4 00000000 		.uaword	.LFB0
 1272 0fc8 00000000 		.uaword	.LFE0
 1273 0fcc 02       		.byte	0x2
 1274 0fcd 8A       		.byte	0x8a
 1275 0fce 00       		.sleb128 0
 1276 0fcf 01       		.byte	0x1
 1277 0fd0 84100000 		.uaword	0x1084
 1278 0fd4 15       		.uleb128 0x15
 1279 0fd5 73746174 		.string	"status"
 1279      757300
 1280 0fdc 01       		.byte	0x1
 1281 0fdd 5705     		.uahalf	0x557
 1282 0fdf 4E020000 		.uaword	0x24e
 1283 0fe3 00000000 		.uaword	.LLST0
 1284 0fe7 15       		.uleb128 0x15
 1285 0fe8 6B6C6173 		.string	"klass"
 1285      7300
 1286 0fee 01       		.byte	0x1
GAS Infineon TriCore Little Endian C:\\Users\\user1\\AppData\\Local\\Temp\\rta_RTAOS_638388406317960277_1736001\\ccZrXN6G.s 			page 30


 1287 0fef 5705     		.uahalf	0x557
 1288 0ff1 C0010000 		.uaword	0x1c0
 1289 0ff5 00000000 		.uaword	.LLST1
 1290 0ff9 15       		.uleb128 0x15
 1291 0ffa 74696E00 		.string	"tin"
 1292 0ffe 01       		.byte	0x1
 1293 0fff 5705     		.uahalf	0x557
 1294 1001 C0010000 		.uaword	0x1c0
 1295 1005 00000000 		.uaword	.LLST2
 1296 1009 15       		.uleb128 0x15
 1297 100a 61646472 		.string	"addr"
 1297      00
 1298 100f 01       		.byte	0x1
 1299 1010 5705     		.uahalf	0x557
 1300 1012 C0010000 		.uaword	0x1c0
 1301 1016 00000000 		.uaword	.LLST3
 1302 101a 16       		.uleb128 0x16
 1303 101b 6F735F63 		.string	"os_current_core_const"
 1303      75727265 
 1303      6E745F63 
 1303      6F72655F 
 1303      636F6E73 
 1304 1031 01       		.byte	0x1
 1305 1032 5805     		.uahalf	0x558
 1306 1034 84100000 		.uaword	0x1084
 1307 1038 17       		.uleb128 0x17
 1308 1039 6F735F63 		.string	"os_current_controlled_core"
 1308      75727265 
 1308      6E745F63 
 1308      6F6E7472 
 1308      6F6C6C65 
 1309 1054 01       		.byte	0x1
 1310 1055 5905     		.uahalf	0x559
 1311 1057 6F0F0000 		.uaword	0xf6f
 1312 105b 01       		.byte	0x1
 1313 105c 6F       		.byte	0x6f
 1314 105d 18       		.uleb128 0x18
 1315 105e 00000000 		.uaword	.LBB2
 1316 1062 00000000 		.uaword	.LBE2
 1317 1066 79100000 		.uaword	0x1079
 1318 106a 17       		.uleb128 0x17
 1319 106b 72657300 		.string	"res"
 1320 106f 01       		.byte	0x1
 1321 1070 5805     		.uahalf	0x558
 1322 1072 CE010000 		.uaword	0x1ce
 1323 1076 01       		.byte	0x1
 1324 1077 5F       		.byte	0x5f
 1325 1078 00       		.byte	0
 1326 1079 19       		.uleb128 0x19
 1327 107a 00000000 		.uaword	.LVL3
 1328 107e 01       		.byte	0x1
 1329 107f C4100000 		.uaword	0x10c4
 1330 1083 00       		.byte	0
 1331 1084 08       		.uleb128 0x8
 1332 1085 04       		.byte	0x4
 1333 1086 8A100000 		.uaword	0x108a
 1334 108a 0F       		.uleb128 0xf
GAS Infineon TriCore Little Endian C:\\Users\\user1\\AppData\\Local\\Temp\\rta_RTAOS_638388406317960277_1736001\\ccZrXN6G.s 			page 31


 1335 108b 900F0000 		.uaword	0xf90
 1336 108f 06       		.uleb128 0x6
 1337 1090 900F0000 		.uaword	0xf90
 1338 1094 9A100000 		.uaword	0x109a
 1339 1098 1A       		.uleb128 0x1a
 1340 1099 00       		.byte	0
 1341 109a 1B       		.uleb128 0x1b
 1342 109b 4F735F63 		.string	"Os_const_coreconfiguration"
 1342      6F6E7374 
 1342      5F636F72 
 1342      65636F6E 
 1342      66696775 
 1343 10b6 01       		.byte	0x1
 1344 10b7 6A04     		.uahalf	0x46a
 1345 10b9 BF100000 		.uaword	0x10bf
 1346 10bd 01       		.byte	0x1
 1347 10be 01       		.byte	0x1
 1348 10bf 0F       		.uleb128 0xf
 1349 10c0 8F100000 		.uaword	0x108f
 1350 10c4 1C       		.uleb128 0x1c
 1351 10c5 01       		.byte	0x1
 1352 10c6 4F735F50 		.string	"Os_ProtectionLog"
 1352      726F7465 
 1352      6374696F 
 1352      6E4C6F67 
 1352      00
 1353 10d7 01       		.byte	0x1
 1354 10d8 DF04     		.uahalf	0x4df
 1355 10da 01       		.byte	0x1
 1356 10db 01       		.byte	0x1
 1357 10dc 1D       		.uleb128 0x1d
 1358 10dd 4E020000 		.uaword	0x24e
 1359 10e1 00       		.byte	0
 1360 10e2 00       		.byte	0
 1361              	.section .debug_abbrev,"",@progbits
 1362              	.Ldebug_abbrev0:
 1363 0000 01       		.uleb128 0x1
 1364 0001 11       		.uleb128 0x11
 1365 0002 01       		.byte	0x1
 1366 0003 25       		.uleb128 0x25
 1367 0004 08       		.uleb128 0x8
 1368 0005 13       		.uleb128 0x13
 1369 0006 0B       		.uleb128 0xb
 1370 0007 03       		.uleb128 0x3
 1371 0008 08       		.uleb128 0x8
 1372 0009 55       		.uleb128 0x55
 1373 000a 06       		.uleb128 0x6
 1374 000b 11       		.uleb128 0x11
 1375 000c 01       		.uleb128 0x1
 1376 000d 52       		.uleb128 0x52
 1377 000e 01       		.uleb128 0x1
 1378 000f 10       		.uleb128 0x10
 1379 0010 06       		.uleb128 0x6
 1380 0011 00       		.byte	0
 1381 0012 00       		.byte	0
 1382 0013 02       		.uleb128 0x2
 1383 0014 16       		.uleb128 0x16
GAS Infineon TriCore Little Endian C:\\Users\\user1\\AppData\\Local\\Temp\\rta_RTAOS_638388406317960277_1736001\\ccZrXN6G.s 			page 32


 1384 0015 00       		.byte	0
 1385 0016 03       		.uleb128 0x3
 1386 0017 08       		.uleb128 0x8
 1387 0018 3A       		.uleb128 0x3a
 1388 0019 0B       		.uleb128 0xb
 1389 001a 3B       		.uleb128 0x3b
 1390 001b 0B       		.uleb128 0xb
 1391 001c 49       		.uleb128 0x49
 1392 001d 13       		.uleb128 0x13
 1393 001e 00       		.byte	0
 1394 001f 00       		.byte	0
 1395 0020 03       		.uleb128 0x3
 1396 0021 24       		.uleb128 0x24
 1397 0022 00       		.byte	0
 1398 0023 0B       		.uleb128 0xb
 1399 0024 0B       		.uleb128 0xb
 1400 0025 3E       		.uleb128 0x3e
 1401 0026 0B       		.uleb128 0xb
 1402 0027 03       		.uleb128 0x3
 1403 0028 08       		.uleb128 0x8
 1404 0029 00       		.byte	0
 1405 002a 00       		.byte	0
 1406 002b 04       		.uleb128 0x4
 1407 002c 13       		.uleb128 0x13
 1408 002d 01       		.byte	0x1
 1409 002e 0B       		.uleb128 0xb
 1410 002f 0B       		.uleb128 0xb
 1411 0030 3A       		.uleb128 0x3a
 1412 0031 0B       		.uleb128 0xb
 1413 0032 3B       		.uleb128 0x3b
 1414 0033 0B       		.uleb128 0xb
 1415 0034 01       		.uleb128 0x1
 1416 0035 13       		.uleb128 0x13
 1417 0036 00       		.byte	0
 1418 0037 00       		.byte	0
 1419 0038 05       		.uleb128 0x5
 1420 0039 0D       		.uleb128 0xd
 1421 003a 00       		.byte	0
 1422 003b 03       		.uleb128 0x3
 1423 003c 08       		.uleb128 0x8
 1424 003d 3A       		.uleb128 0x3a
 1425 003e 0B       		.uleb128 0xb
 1426 003f 3B       		.uleb128 0x3b
 1427 0040 0B       		.uleb128 0xb
 1428 0041 49       		.uleb128 0x49
 1429 0042 13       		.uleb128 0x13
 1430 0043 38       		.uleb128 0x38
 1431 0044 0A       		.uleb128 0xa
 1432 0045 00       		.byte	0
 1433 0046 00       		.byte	0
 1434 0047 06       		.uleb128 0x6
 1435 0048 01       		.uleb128 0x1
 1436 0049 01       		.byte	0x1
 1437 004a 49       		.uleb128 0x49
 1438 004b 13       		.uleb128 0x13
 1439 004c 01       		.uleb128 0x1
 1440 004d 13       		.uleb128 0x13
GAS Infineon TriCore Little Endian C:\\Users\\user1\\AppData\\Local\\Temp\\rta_RTAOS_638388406317960277_1736001\\ccZrXN6G.s 			page 33


 1441 004e 00       		.byte	0
 1442 004f 00       		.byte	0
 1443 0050 07       		.uleb128 0x7
 1444 0051 21       		.uleb128 0x21
 1445 0052 00       		.byte	0
 1446 0053 49       		.uleb128 0x49
 1447 0054 13       		.uleb128 0x13
 1448 0055 2F       		.uleb128 0x2f
 1449 0056 0B       		.uleb128 0xb
 1450 0057 00       		.byte	0
 1451 0058 00       		.byte	0
 1452 0059 08       		.uleb128 0x8
 1453 005a 0F       		.uleb128 0xf
 1454 005b 00       		.byte	0
 1455 005c 0B       		.uleb128 0xb
 1456 005d 0B       		.uleb128 0xb
 1457 005e 49       		.uleb128 0x49
 1458 005f 13       		.uleb128 0x13
 1459 0060 00       		.byte	0
 1460 0061 00       		.byte	0
 1461 0062 09       		.uleb128 0x9
 1462 0063 15       		.uleb128 0x15
 1463 0064 00       		.byte	0
 1464 0065 27       		.uleb128 0x27
 1465 0066 0C       		.uleb128 0xc
 1466 0067 00       		.byte	0
 1467 0068 00       		.byte	0
 1468 0069 0A       		.uleb128 0xa
 1469 006a 16       		.uleb128 0x16
 1470 006b 00       		.byte	0
 1471 006c 03       		.uleb128 0x3
 1472 006d 08       		.uleb128 0x8
 1473 006e 3A       		.uleb128 0x3a
 1474 006f 0B       		.uleb128 0xb
 1475 0070 3B       		.uleb128 0x3b
 1476 0071 05       		.uleb128 0x5
 1477 0072 49       		.uleb128 0x49
 1478 0073 13       		.uleb128 0x13
 1479 0074 00       		.byte	0
 1480 0075 00       		.byte	0
 1481 0076 0B       		.uleb128 0xb
 1482 0077 35       		.uleb128 0x35
 1483 0078 00       		.byte	0
 1484 0079 49       		.uleb128 0x49
 1485 007a 13       		.uleb128 0x13
 1486 007b 00       		.byte	0
 1487 007c 00       		.byte	0
 1488 007d 0C       		.uleb128 0xc
 1489 007e 13       		.uleb128 0x13
 1490 007f 01       		.byte	0x1
 1491 0080 03       		.uleb128 0x3
 1492 0081 08       		.uleb128 0x8
 1493 0082 0B       		.uleb128 0xb
 1494 0083 0B       		.uleb128 0xb
 1495 0084 3A       		.uleb128 0x3a
 1496 0085 0B       		.uleb128 0xb
 1497 0086 3B       		.uleb128 0x3b
GAS Infineon TriCore Little Endian C:\\Users\\user1\\AppData\\Local\\Temp\\rta_RTAOS_638388406317960277_1736001\\ccZrXN6G.s 			page 34


 1498 0087 05       		.uleb128 0x5
 1499 0088 01       		.uleb128 0x1
 1500 0089 13       		.uleb128 0x13
 1501 008a 00       		.byte	0
 1502 008b 00       		.byte	0
 1503 008c 0D       		.uleb128 0xd
 1504 008d 0D       		.uleb128 0xd
 1505 008e 00       		.byte	0
 1506 008f 03       		.uleb128 0x3
 1507 0090 08       		.uleb128 0x8
 1508 0091 3A       		.uleb128 0x3a
 1509 0092 0B       		.uleb128 0xb
 1510 0093 3B       		.uleb128 0x3b
 1511 0094 05       		.uleb128 0x5
 1512 0095 49       		.uleb128 0x49
 1513 0096 13       		.uleb128 0x13
 1514 0097 38       		.uleb128 0x38
 1515 0098 0A       		.uleb128 0xa
 1516 0099 00       		.byte	0
 1517 009a 00       		.byte	0
 1518 009b 0E       		.uleb128 0xe
 1519 009c 0D       		.uleb128 0xd
 1520 009d 00       		.byte	0
 1521 009e 03       		.uleb128 0x3
 1522 009f 0E       		.uleb128 0xe
 1523 00a0 3A       		.uleb128 0x3a
 1524 00a1 0B       		.uleb128 0xb
 1525 00a2 3B       		.uleb128 0x3b
 1526 00a3 05       		.uleb128 0x5
 1527 00a4 49       		.uleb128 0x49
 1528 00a5 13       		.uleb128 0x13
 1529 00a6 38       		.uleb128 0x38
 1530 00a7 0A       		.uleb128 0xa
 1531 00a8 00       		.byte	0
 1532 00a9 00       		.byte	0
 1533 00aa 0F       		.uleb128 0xf
 1534 00ab 26       		.uleb128 0x26
 1535 00ac 00       		.byte	0
 1536 00ad 49       		.uleb128 0x49
 1537 00ae 13       		.uleb128 0x13
 1538 00af 00       		.byte	0
 1539 00b0 00       		.byte	0
 1540 00b1 10       		.uleb128 0x10
 1541 00b2 17       		.uleb128 0x17
 1542 00b3 01       		.byte	0x1
 1543 00b4 0B       		.uleb128 0xb
 1544 00b5 0B       		.uleb128 0xb
 1545 00b6 3A       		.uleb128 0x3a
 1546 00b7 0B       		.uleb128 0xb
 1547 00b8 3B       		.uleb128 0x3b
 1548 00b9 05       		.uleb128 0x5
 1549 00ba 01       		.uleb128 0x1
 1550 00bb 13       		.uleb128 0x13
 1551 00bc 00       		.byte	0
 1552 00bd 00       		.byte	0
 1553 00be 11       		.uleb128 0x11
 1554 00bf 0D       		.uleb128 0xd
GAS Infineon TriCore Little Endian C:\\Users\\user1\\AppData\\Local\\Temp\\rta_RTAOS_638388406317960277_1736001\\ccZrXN6G.s 			page 35


 1555 00c0 00       		.byte	0
 1556 00c1 03       		.uleb128 0x3
 1557 00c2 08       		.uleb128 0x8
 1558 00c3 3A       		.uleb128 0x3a
 1559 00c4 0B       		.uleb128 0xb
 1560 00c5 3B       		.uleb128 0x3b
 1561 00c6 05       		.uleb128 0x5
 1562 00c7 49       		.uleb128 0x49
 1563 00c8 13       		.uleb128 0x13
 1564 00c9 00       		.byte	0
 1565 00ca 00       		.byte	0
 1566 00cb 12       		.uleb128 0x12
 1567 00cc 0D       		.uleb128 0xd
 1568 00cd 00       		.byte	0
 1569 00ce 03       		.uleb128 0x3
 1570 00cf 0E       		.uleb128 0xe
 1571 00d0 3A       		.uleb128 0x3a
 1572 00d1 0B       		.uleb128 0xb
 1573 00d2 3B       		.uleb128 0x3b
 1574 00d3 05       		.uleb128 0x5
 1575 00d4 49       		.uleb128 0x49
 1576 00d5 13       		.uleb128 0x13
 1577 00d6 00       		.byte	0
 1578 00d7 00       		.byte	0
 1579 00d8 13       		.uleb128 0x13
 1580 00d9 13       		.uleb128 0x13
 1581 00da 01       		.byte	0x1
 1582 00db 0B       		.uleb128 0xb
 1583 00dc 0B       		.uleb128 0xb
 1584 00dd 3A       		.uleb128 0x3a
 1585 00de 0B       		.uleb128 0xb
 1586 00df 3B       		.uleb128 0x3b
 1587 00e0 05       		.uleb128 0x5
 1588 00e1 01       		.uleb128 0x1
 1589 00e2 13       		.uleb128 0x13
 1590 00e3 00       		.byte	0
 1591 00e4 00       		.byte	0
 1592 00e5 14       		.uleb128 0x14
 1593 00e6 2E       		.uleb128 0x2e
 1594 00e7 01       		.byte	0x1
 1595 00e8 3F       		.uleb128 0x3f
 1596 00e9 0C       		.uleb128 0xc
 1597 00ea 03       		.uleb128 0x3
 1598 00eb 08       		.uleb128 0x8
 1599 00ec 3A       		.uleb128 0x3a
 1600 00ed 0B       		.uleb128 0xb
 1601 00ee 3B       		.uleb128 0x3b
 1602 00ef 05       		.uleb128 0x5
 1603 00f0 27       		.uleb128 0x27
 1604 00f1 0C       		.uleb128 0xc
 1605 00f2 11       		.uleb128 0x11
 1606 00f3 01       		.uleb128 0x1
 1607 00f4 12       		.uleb128 0x12
 1608 00f5 01       		.uleb128 0x1
 1609 00f6 40       		.uleb128 0x40
 1610 00f7 0A       		.uleb128 0xa
 1611 00f8 9742     		.uleb128 0x2117
GAS Infineon TriCore Little Endian C:\\Users\\user1\\AppData\\Local\\Temp\\rta_RTAOS_638388406317960277_1736001\\ccZrXN6G.s 			page 36


 1612 00fa 0C       		.uleb128 0xc
 1613 00fb 01       		.uleb128 0x1
 1614 00fc 13       		.uleb128 0x13
 1615 00fd 00       		.byte	0
 1616 00fe 00       		.byte	0
 1617 00ff 15       		.uleb128 0x15
 1618 0100 05       		.uleb128 0x5
 1619 0101 00       		.byte	0
 1620 0102 03       		.uleb128 0x3
 1621 0103 08       		.uleb128 0x8
 1622 0104 3A       		.uleb128 0x3a
 1623 0105 0B       		.uleb128 0xb
 1624 0106 3B       		.uleb128 0x3b
 1625 0107 05       		.uleb128 0x5
 1626 0108 49       		.uleb128 0x49
 1627 0109 13       		.uleb128 0x13
 1628 010a 02       		.uleb128 0x2
 1629 010b 06       		.uleb128 0x6
 1630 010c 00       		.byte	0
 1631 010d 00       		.byte	0
 1632 010e 16       		.uleb128 0x16
 1633 010f 34       		.uleb128 0x34
 1634 0110 00       		.byte	0
 1635 0111 03       		.uleb128 0x3
 1636 0112 08       		.uleb128 0x8
 1637 0113 3A       		.uleb128 0x3a
 1638 0114 0B       		.uleb128 0xb
 1639 0115 3B       		.uleb128 0x3b
 1640 0116 05       		.uleb128 0x5
 1641 0117 49       		.uleb128 0x49
 1642 0118 13       		.uleb128 0x13
 1643 0119 00       		.byte	0
 1644 011a 00       		.byte	0
 1645 011b 17       		.uleb128 0x17
 1646 011c 34       		.uleb128 0x34
 1647 011d 00       		.byte	0
 1648 011e 03       		.uleb128 0x3
 1649 011f 08       		.uleb128 0x8
 1650 0120 3A       		.uleb128 0x3a
 1651 0121 0B       		.uleb128 0xb
 1652 0122 3B       		.uleb128 0x3b
 1653 0123 05       		.uleb128 0x5
 1654 0124 49       		.uleb128 0x49
 1655 0125 13       		.uleb128 0x13
 1656 0126 02       		.uleb128 0x2
 1657 0127 0A       		.uleb128 0xa
 1658 0128 00       		.byte	0
 1659 0129 00       		.byte	0
 1660 012a 18       		.uleb128 0x18
 1661 012b 0B       		.uleb128 0xb
 1662 012c 01       		.byte	0x1
 1663 012d 11       		.uleb128 0x11
 1664 012e 01       		.uleb128 0x1
 1665 012f 12       		.uleb128 0x12
 1666 0130 01       		.uleb128 0x1
 1667 0131 01       		.uleb128 0x1
 1668 0132 13       		.uleb128 0x13
GAS Infineon TriCore Little Endian C:\\Users\\user1\\AppData\\Local\\Temp\\rta_RTAOS_638388406317960277_1736001\\ccZrXN6G.s 			page 37


 1669 0133 00       		.byte	0
 1670 0134 00       		.byte	0
 1671 0135 19       		.uleb128 0x19
 1672 0136 898201   		.uleb128 0x4109
 1673 0139 00       		.byte	0
 1674 013a 11       		.uleb128 0x11
 1675 013b 01       		.uleb128 0x1
 1676 013c 9542     		.uleb128 0x2115
 1677 013e 0C       		.uleb128 0xc
 1678 013f 31       		.uleb128 0x31
 1679 0140 13       		.uleb128 0x13
 1680 0141 00       		.byte	0
 1681 0142 00       		.byte	0
 1682 0143 1A       		.uleb128 0x1a
 1683 0144 21       		.uleb128 0x21
 1684 0145 00       		.byte	0
 1685 0146 00       		.byte	0
 1686 0147 00       		.byte	0
 1687 0148 1B       		.uleb128 0x1b
 1688 0149 34       		.uleb128 0x34
 1689 014a 00       		.byte	0
 1690 014b 03       		.uleb128 0x3
 1691 014c 08       		.uleb128 0x8
 1692 014d 3A       		.uleb128 0x3a
 1693 014e 0B       		.uleb128 0xb
 1694 014f 3B       		.uleb128 0x3b
 1695 0150 05       		.uleb128 0x5
 1696 0151 49       		.uleb128 0x49
 1697 0152 13       		.uleb128 0x13
 1698 0153 3F       		.uleb128 0x3f
 1699 0154 0C       		.uleb128 0xc
 1700 0155 3C       		.uleb128 0x3c
 1701 0156 0C       		.uleb128 0xc
 1702 0157 00       		.byte	0
 1703 0158 00       		.byte	0
 1704 0159 1C       		.uleb128 0x1c
 1705 015a 2E       		.uleb128 0x2e
 1706 015b 01       		.byte	0x1
 1707 015c 3F       		.uleb128 0x3f
 1708 015d 0C       		.uleb128 0xc
 1709 015e 03       		.uleb128 0x3
 1710 015f 08       		.uleb128 0x8
 1711 0160 3A       		.uleb128 0x3a
 1712 0161 0B       		.uleb128 0xb
 1713 0162 3B       		.uleb128 0x3b
 1714 0163 05       		.uleb128 0x5
 1715 0164 27       		.uleb128 0x27
 1716 0165 0C       		.uleb128 0xc
 1717 0166 3C       		.uleb128 0x3c
 1718 0167 0C       		.uleb128 0xc
 1719 0168 00       		.byte	0
 1720 0169 00       		.byte	0
 1721 016a 1D       		.uleb128 0x1d
 1722 016b 05       		.uleb128 0x5
 1723 016c 00       		.byte	0
 1724 016d 49       		.uleb128 0x49
 1725 016e 13       		.uleb128 0x13
GAS Infineon TriCore Little Endian C:\\Users\\user1\\AppData\\Local\\Temp\\rta_RTAOS_638388406317960277_1736001\\ccZrXN6G.s 			page 38


 1726 016f 00       		.byte	0
 1727 0170 00       		.byte	0
 1728 0171 00       		.byte	0
 1729              	.section .debug_loc,"",@progbits
 1730              	.Ldebug_loc0:
 1731              	.LLST0:
 1732 0000 00000000 		.uaword	.LVL0
 1733 0004 00000000 		.uaword	.LVL3-1
 1734 0008 0100     		.uahalf	0x1
 1735 000a 54       		.byte	0x54
 1736 000b 00000000 		.uaword	.LVL3-1
 1737 000f 00000000 		.uaword	.LFE0
 1738 0013 0400     		.uahalf	0x4
 1739 0015 F3       		.byte	0xf3
 1740 0016 01       		.uleb128 0x1
 1741 0017 54       		.byte	0x54
 1742 0018 9F       		.byte	0x9f
 1743 0019 00000000 		.uaword	0
 1744 001d 00000000 		.uaword	0
 1745              	.LLST1:
 1746 0021 00000000 		.uaword	.LVL0
 1747 0025 00000000 		.uaword	.LVL3-1
 1748 0029 0100     		.uahalf	0x1
 1749 002b 55       		.byte	0x55
 1750 002c 00000000 		.uaword	.LVL3-1
 1751 0030 00000000 		.uaword	.LFE0
 1752 0034 0400     		.uahalf	0x4
 1753 0036 F3       		.byte	0xf3
 1754 0037 01       		.uleb128 0x1
 1755 0038 55       		.byte	0x55
 1756 0039 9F       		.byte	0x9f
 1757 003a 00000000 		.uaword	0
 1758 003e 00000000 		.uaword	0
 1759              	.LLST2:
 1760 0042 00000000 		.uaword	.LVL0
 1761 0046 00000000 		.uaword	.LVL3-1
 1762 004a 0100     		.uahalf	0x1
 1763 004c 56       		.byte	0x56
 1764 004d 00000000 		.uaword	.LVL3-1
 1765 0051 00000000 		.uaword	.LFE0
 1766 0055 0400     		.uahalf	0x4
 1767 0057 F3       		.byte	0xf3
 1768 0058 01       		.uleb128 0x1
 1769 0059 56       		.byte	0x56
 1770 005a 9F       		.byte	0x9f
 1771 005b 00000000 		.uaword	0
 1772 005f 00000000 		.uaword	0
 1773              	.LLST3:
 1774 0063 00000000 		.uaword	.LVL0
 1775 0067 00000000 		.uaword	.LVL3-1
 1776 006b 0100     		.uahalf	0x1
 1777 006d 57       		.byte	0x57
 1778 006e 00000000 		.uaword	.LVL3-1
 1779 0072 00000000 		.uaword	.LFE0
 1780 0076 0400     		.uahalf	0x4
 1781 0078 F3       		.byte	0xf3
 1782 0079 01       		.uleb128 0x1
GAS Infineon TriCore Little Endian C:\\Users\\user1\\AppData\\Local\\Temp\\rta_RTAOS_638388406317960277_1736001\\ccZrXN6G.s 			page 39


 1783 007a 57       		.byte	0x57
 1784 007b 9F       		.byte	0x9f
 1785 007c 00000000 		.uaword	0
 1786 0080 00000000 		.uaword	0
 1787              	.section .debug_aranges,"",@progbits
 1788 0000 1C000000 		.uaword	0x1c
 1789 0004 0200     		.uahalf	0x2
 1790 0006 00000000 		.uaword	.Ldebug_info0
 1791 000a 04       		.byte	0x4
 1792 000b 00       		.byte	0
 1793 000c 0000     		.uahalf	0
 1794 000e 0000     		.uahalf	0
 1795 0010 00000000 		.uaword	.LFB0
 1796 0014 20000000 		.uaword	.LFE0-.LFB0
 1797 0018 00000000 		.uaword	0
 1798 001c 00000000 		.uaword	0
 1799              	.section .debug_ranges,"",@progbits
 1800              	.Ldebug_ranges0:
 1801 0000 00000000 		.uaword	.LFB0
 1802 0004 00000000 		.uaword	.LFE0
 1803 0008 00000000 		.uaword	0
 1804 000c 00000000 		.uaword	0
 1805              	.section .debug_line,"",@progbits
 1806              	.Ldebug_line0:
 1807 0000 30010000 	.section .debug_str,"",@progbits
 1807      02001401 
 1807      00000201 
 1807      FB0E0D00 
 1807      01010101 
 1808              	.LASF4:
 1809 0000 6170706C 		.string	"application"
 1809      69636174 
 1809      696F6E00 
 1810              	.LASF2:
 1811 000c 64796E61 		.string	"dynamic"
 1811      6D696300 
 1812              	.LASF5:
 1813 0014 61637469 		.string	"activation_count"
 1813      76617469 
 1813      6F6E5F63 
 1813      6F756E74 
 1813      00
 1814              	.LASF6:
 1815 0025 74706D61 		.string	"tpmask"
 1815      736B00
 1816              	.LASF1:
 1817 002c 656E7472 		.string	"entry_function"
 1817      795F6675 
 1817      6E637469 
 1817      6F6E00
 1818              	.LASF3:
 1819 003b 61636365 		.string	"access"
 1819      737300
 1820              	.LASF0:
 1821 0042 7265736F 		.string	"resource_count"
 1821      75726365 
 1821      5F636F75 
GAS Infineon TriCore Little Endian C:\\Users\\user1\\AppData\\Local\\Temp\\rta_RTAOS_638388406317960277_1736001\\ccZrXN6G.s 			page 40


 1821      6E7400
 1822              		.extern	Os_ProtectionLog,STT_FUNC,0
 1823              		.extern	Os_const_coreconfiguration,STT_OBJECT,-1
 1824              		.ident	"GCC: (HighTec Release HDP-v4.9.4.1-11fcedf) 4.9.4 build on 2020-09-01"
