GAS Infineon TriCore Little Endian C:\\Users\\user1\\AppData\\Local\\Temp\\rta_RTAOS_638388406317960277_1736001\\ccBJ1oGR.s 			page 1


   1              		.file	"Os_VectorInit.c"
   2              	.section .text,"ax",@progbits
   3              	.Ltext0:
   4              	.section .text.Os_InitializeInterruptTable,"ax",@progbits
   5              		.align 1
   6              		.global	Os_InitializeInterruptTable
   7              		.type	Os_InitializeInterruptTable, @function
   8              	Os_InitializeInterruptTable:
   9              	.LFB0:
  10              		.file 1 "C:\\Users\\user1\\AppData\\Local\\Temp\\rta_RTAOS_638388406317960277_1736001\\Os_VectorIn
  11              		.loc 1 1398 0
  12              	.LBB2:
  13              		.loc 1 1399 0
  14              	#APP
  15              		# 1399 "C:\Users\user1\AppData\Local\Temp\rta_RTAOS_638388406317960277_1736001\Os_VectorInit.c" 1
  16 0000 4DC0E1FF 		mfcr %d15,0xfe1c
  17              		# 0 "" 2
  18              	.LVL0:
  19              	#NO_APP
  20              	.LBE2:
  21 0004 9E18     		jeq	%d15, 1, .L3
  22 0006 6E0C     		jz	%d15, .L4
  23 0008 5E2A     		jne	%d15, 2, .L7
  24              	.LVL1:
  25              	.LBB3:
  26              		.loc 1 1411 0
  27 000a 7B0000F0 		movh	%d15, hi:Os_InterruptVectorTable2
  28              	.LVL2:
  29 000e 1B0F00F0 		addi	%d15, %d15, lo:Os_InterruptVectorTable2
  30              	#APP
  31              		# 1411 "C:\Users\user1\AppData\Local\Temp\rta_RTAOS_638388406317960277_1736001\Os_VectorInit.c" 1
  32 0012 CD0FE20F 		mtcr 0xFE20,%d15
  33              		# 0 "" 2
  34              	#NO_APP
  35              	.LBE3:
  36              	#APP
  37              		# 1411 "C:\Users\user1\AppData\Local\Temp\rta_RTAOS_638388406317960277_1736001\Os_VectorInit.c" 1
  38 0016 0D00C004 		isync
  39              		# 0 "" 2
  40              	#NO_APP
  41 001a 0090     		ret
  42              	.LVL3:
  43              	.L7:
  44 001c 0090     		ret
  45              	.L4:
  46              	.LBB4:
  47              		.loc 1 1403 0
  48 001e 7B0000F0 		movh	%d15, hi:Os_InterruptVectorTable0
  49              	.LVL4:
  50              	.LBE4:
  51              		.loc 1 1401 0
  52 0022 6D000000 		call	Os_InitializeServiceRequests
****  Notice:Expanding call-R -> call-O
  53              	.LVL5:
  54              	.LBB5:
  55              		.loc 1 1403 0
  56 0026 1B0F00F0 		addi	%d15, %d15, lo:Os_InterruptVectorTable0
GAS Infineon TriCore Little Endian C:\\Users\\user1\\AppData\\Local\\Temp\\rta_RTAOS_638388406317960277_1736001\\ccBJ1oGR.s 			page 2


  57              	#APP
  58              		# 1403 "C:\Users\user1\AppData\Local\Temp\rta_RTAOS_638388406317960277_1736001\Os_VectorInit.c" 1
  59 002a CD0FE20F 		mtcr 0xFE20,%d15
  60              		# 0 "" 2
  61              	#NO_APP
  62              	.LBE5:
  63              	#APP
  64              		# 1403 "C:\Users\user1\AppData\Local\Temp\rta_RTAOS_638388406317960277_1736001\Os_VectorInit.c" 1
  65 002e 0D00C004 		isync
  66              		# 0 "" 2
  67              		.loc 1 1404 0
  68              	#NO_APP
  69 0032 0090     		ret
  70              	.LVL6:
  71              	.L3:
  72              	.LBB6:
  73              		.loc 1 1407 0
  74 0034 7B0000F0 		movh	%d15, hi:Os_InterruptVectorTable1
  75              	.LVL7:
  76 0038 1B0F00F0 		addi	%d15, %d15, lo:Os_InterruptVectorTable1
  77              	#APP
  78              		# 1407 "C:\Users\user1\AppData\Local\Temp\rta_RTAOS_638388406317960277_1736001\Os_VectorInit.c" 1
  79 003c CD0FE20F 		mtcr 0xFE20,%d15
  80              		# 0 "" 2
  81              	#NO_APP
  82              	.LBE6:
  83              	#APP
  84              		# 1407 "C:\Users\user1\AppData\Local\Temp\rta_RTAOS_638388406317960277_1736001\Os_VectorInit.c" 1
  85 0040 0D00C004 		isync
  86              		# 0 "" 2
  87              		.loc 1 1408 0
  88              	#NO_APP
  89 0044 0090     		ret
  90              	.LFE0:
  91              		.size	Os_InitializeInterruptTable, .-Os_InitializeInterruptTable
  92              	.section .debug_frame,"",@progbits
  93              	.Lframe0:
  94 0000 0C000000 		.uaword	.LECIE0-.LSCIE0
  95              	.LSCIE0:
  96 0004 FFFFFFFF 		.uaword	0xffffffff
  97 0008 01       		.byte	0x1
  98 0009 00       		.string	""
  99 000a 01       		.uleb128 0x1
 100 000b 01       		.sleb128 1
 101 000c 1B       		.byte	0x1b
 102 000d 0C       		.byte	0xc
 103 000e 1A       		.uleb128 0x1a
 104 000f 00       		.uleb128 0
 105              		.align 2
 106              	.LECIE0:
 107              	.LSFDE0:
 108 0010 0C000000 		.uaword	.LEFDE0-.LASFDE0
 109              	.LASFDE0:
 110 0014 00000000 		.uaword	.Lframe0
 111 0018 00000000 		.uaword	.LFB0
 112 001c 46000000 		.uaword	.LFE0-.LFB0
 113              		.align 2
GAS Infineon TriCore Little Endian C:\\Users\\user1\\AppData\\Local\\Temp\\rta_RTAOS_638388406317960277_1736001\\ccBJ1oGR.s 			page 3


 114              	.LEFDE0:
 115              	.section .text,"ax",@progbits
 116              	.Letext0:
 117              		.file 2 "D:\\home\\user123\\user\\Mohan6_VectorSIP\\21Dec23\\15Dec23_CAN_merge_21stDec\\25_Softwar
 118              	.section .debug_info,"",@progbits
 119              	.Ldebug_info0:
 120 0000 5E030000 		.uaword	0x35e
 121 0004 0200     		.uahalf	0x2
 122 0006 00000000 		.uaword	.Ldebug_abbrev0
 123 000a 04       		.byte	0x4
 124 000b 01       		.uleb128 0x1
 125 000c 474E5520 		.ascii	"GNU C 4."
 125      4320342E 
 126 0014 392E3420 		.string	"9.4 build on 2020-09-01 -mlicense-dir=c:\\hightec\\toolchains\\tricore\\v4.9.4.1\\bin\\..
 126      6275696C 
 126      64206F6E 
 126      20323032 
 126      302D3039 
 127 0115 01       		.byte	0x1
 128 0116 433A5C55 		.string	"C:\\Users\\user1\\AppData\\Local\\Temp\\rta_RTAOS_638388406317960277_1736001\\Os_VectorIn
 128      73657273 
 128      5C757365 
 128      72315C41 
 128      70704461 
 129 016d 00000000 		.uaword	.Ldebug_ranges0+0x18
 130 0171 00000000 		.uaword	0
 131 0175 00000000 		.uaword	0
 132 0179 00000000 		.uaword	.Ldebug_line0
 133 017d 02       		.uleb128 0x2
 134 017e 01       		.byte	0x1
 135 017f 08       		.byte	0x8
 136 0180 756E7369 		.string	"unsigned char"
 136      676E6564 
 136      20636861 
 136      7200
 137 018e 02       		.uleb128 0x2
 138 018f 02       		.byte	0x2
 139 0190 07       		.byte	0x7
 140 0191 73686F72 		.string	"short unsigned int"
 140      7420756E 
 140      7369676E 
 140      65642069 
 140      6E7400
 141 01a4 03       		.uleb128 0x3
 142 01a5 75696E74 		.string	"uint32"
 142      333200
 143 01ac 02       		.byte	0x2
 144 01ad 36       		.byte	0x36
 145 01ae B2010000 		.uaword	0x1b2
 146 01b2 02       		.uleb128 0x2
 147 01b3 04       		.byte	0x4
 148 01b4 07       		.byte	0x7
 149 01b5 756E7369 		.string	"unsigned int"
 149      676E6564 
 149      20696E74 
 149      00
 150 01c2 02       		.uleb128 0x2
GAS Infineon TriCore Little Endian C:\\Users\\user1\\AppData\\Local\\Temp\\rta_RTAOS_638388406317960277_1736001\\ccBJ1oGR.s 			page 4


 151 01c3 01       		.byte	0x1
 152 01c4 06       		.byte	0x6
 153 01c5 7369676E 		.string	"signed char"
 153      65642063 
 153      68617200 
 154 01d1 02       		.uleb128 0x2
 155 01d2 02       		.byte	0x2
 156 01d3 05       		.byte	0x5
 157 01d4 73686F72 		.string	"short int"
 157      7420696E 
 157      7400
 158 01de 02       		.uleb128 0x2
 159 01df 04       		.byte	0x4
 160 01e0 05       		.byte	0x5
 161 01e1 696E7400 		.string	"int"
 162 01e5 02       		.uleb128 0x2
 163 01e6 04       		.byte	0x4
 164 01e7 04       		.byte	0x4
 165 01e8 666C6F61 		.string	"float"
 165      7400
 166 01ee 02       		.uleb128 0x2
 167 01ef 08       		.byte	0x8
 168 01f0 04       		.byte	0x4
 169 01f1 646F7562 		.string	"double"
 169      6C6500
 170 01f8 02       		.uleb128 0x2
 171 01f9 08       		.byte	0x8
 172 01fa 05       		.byte	0x5
 173 01fb 6C6F6E67 		.string	"long long int"
 173      206C6F6E 
 173      6720696E 
 173      7400
 174 0209 02       		.uleb128 0x2
 175 020a 08       		.byte	0x8
 176 020b 07       		.byte	0x7
 177 020c 6C6F6E67 		.string	"long long unsigned int"
 177      206C6F6E 
 177      6720756E 
 177      7369676E 
 177      65642069 
 178 0223 02       		.uleb128 0x2
 179 0224 04       		.byte	0x4
 180 0225 07       		.byte	0x7
 181 0226 73697A65 		.string	"sizetype"
 181      74797065 
 181      00
 182 022f 04       		.uleb128 0x4
 183 0230 04       		.byte	0x4
 184 0231 05       		.uleb128 0x5
 185 0232 01       		.byte	0x1
 186 0233 4F735F49 		.string	"Os_InitializeInterruptTable"
 186      6E697469 
 186      616C697A 
 186      65496E74 
 186      65727275 
 187 024f 01       		.byte	0x1
 188 0250 7605     		.uahalf	0x576
GAS Infineon TriCore Little Endian C:\\Users\\user1\\AppData\\Local\\Temp\\rta_RTAOS_638388406317960277_1736001\\ccBJ1oGR.s 			page 5


 189 0252 01       		.byte	0x1
 190 0253 00000000 		.uaword	.LFB0
 191 0257 00000000 		.uaword	.LFE0
 192 025b 02       		.byte	0x2
 193 025c 8A       		.byte	0x8a
 194 025d 00       		.sleb128 0
 195 025e 01       		.byte	0x1
 196 025f D5020000 		.uaword	0x2d5
 197 0263 06       		.uleb128 0x6
 198 0264 00000000 		.uaword	.LBB2
 199 0268 00000000 		.uaword	.LBE2
 200 026c 81020000 		.uaword	0x281
 201 0270 07       		.uleb128 0x7
 202 0271 72657300 		.string	"res"
 203 0275 01       		.byte	0x1
 204 0276 7705     		.uahalf	0x577
 205 0278 B2010000 		.uaword	0x1b2
 206 027c 00000000 		.uaword	.LLST0
 207 0280 00       		.byte	0
 208 0281 06       		.uleb128 0x6
 209 0282 00000000 		.uaword	.LBB3
 210 0286 00000000 		.uaword	.LBE3
 211 028a 9B020000 		.uaword	0x29b
 212 028e 08       		.uleb128 0x8
 213 028f 00000000 		.uaword	.LASF0
 214 0293 01       		.byte	0x1
 215 0294 8305     		.uahalf	0x583
 216 0296 B2010000 		.uaword	0x1b2
 217 029a 00       		.byte	0
 218 029b 09       		.uleb128 0x9
 219 029c 00000000 		.uaword	.Ldebug_ranges0+0
 220 02a0 B1020000 		.uaword	0x2b1
 221 02a4 08       		.uleb128 0x8
 222 02a5 00000000 		.uaword	.LASF0
 223 02a9 01       		.byte	0x1
 224 02aa 7B05     		.uahalf	0x57b
 225 02ac B2010000 		.uaword	0x1b2
 226 02b0 00       		.byte	0
 227 02b1 06       		.uleb128 0x6
 228 02b2 00000000 		.uaword	.LBB6
 229 02b6 00000000 		.uaword	.LBE6
 230 02ba CB020000 		.uaword	0x2cb
 231 02be 08       		.uleb128 0x8
 232 02bf 00000000 		.uaword	.LASF0
 233 02c3 01       		.byte	0x1
 234 02c4 7F05     		.uahalf	0x57f
 235 02c6 B2010000 		.uaword	0x1b2
 236 02ca 00       		.byte	0
 237 02cb 0A       		.uleb128 0xa
 238 02cc 00000000 		.uaword	.LVL5
 239 02d0 3E030000 		.uaword	0x33e
 240 02d4 00       		.byte	0
 241 02d5 0B       		.uleb128 0xb
 242 02d6 4F735F49 		.string	"Os_InterruptVectorTable0"
 242      6E746572 
 242      72757074 
 242      56656374 
GAS Infineon TriCore Little Endian C:\\Users\\user1\\AppData\\Local\\Temp\\rta_RTAOS_638388406317960277_1736001\\ccBJ1oGR.s 			page 6


 242      6F725461 
 243 02ef 01       		.byte	0x1
 244 02f0 6805     		.uahalf	0x568
 245 02f2 2F020000 		.uaword	0x22f
 246 02f6 01       		.byte	0x1
 247 02f7 01       		.byte	0x1
 248 02f8 0B       		.uleb128 0xb
 249 02f9 4F735F49 		.string	"Os_InterruptVectorTable1"
 249      6E746572 
 249      72757074 
 249      56656374 
 249      6F725461 
 250 0312 01       		.byte	0x1
 251 0313 6E05     		.uahalf	0x56e
 252 0315 2F020000 		.uaword	0x22f
 253 0319 01       		.byte	0x1
 254 031a 01       		.byte	0x1
 255 031b 0B       		.uleb128 0xb
 256 031c 4F735F49 		.string	"Os_InterruptVectorTable2"
 256      6E746572 
 256      72757074 
 256      56656374 
 256      6F725461 
 257 0335 01       		.byte	0x1
 258 0336 7405     		.uahalf	0x574
 259 0338 2F020000 		.uaword	0x22f
 260 033c 01       		.byte	0x1
 261 033d 01       		.byte	0x1
 262 033e 0C       		.uleb128 0xc
 263 033f 01       		.byte	0x1
 264 0340 4F735F49 		.string	"Os_InitializeServiceRequests"
 264      6E697469 
 264      616C697A 
 264      65536572 
 264      76696365 
 265 035d 01       		.byte	0x1
 266 035e 43       		.byte	0x43
 267 035f 01       		.byte	0x1
 268 0360 01       		.byte	0x1
 269 0361 00       		.byte	0
 270              	.section .debug_abbrev,"",@progbits
 271              	.Ldebug_abbrev0:
 272 0000 01       		.uleb128 0x1
 273 0001 11       		.uleb128 0x11
 274 0002 01       		.byte	0x1
 275 0003 25       		.uleb128 0x25
 276 0004 08       		.uleb128 0x8
 277 0005 13       		.uleb128 0x13
 278 0006 0B       		.uleb128 0xb
 279 0007 03       		.uleb128 0x3
 280 0008 08       		.uleb128 0x8
 281 0009 55       		.uleb128 0x55
 282 000a 06       		.uleb128 0x6
 283 000b 11       		.uleb128 0x11
 284 000c 01       		.uleb128 0x1
 285 000d 52       		.uleb128 0x52
 286 000e 01       		.uleb128 0x1
GAS Infineon TriCore Little Endian C:\\Users\\user1\\AppData\\Local\\Temp\\rta_RTAOS_638388406317960277_1736001\\ccBJ1oGR.s 			page 7


 287 000f 10       		.uleb128 0x10
 288 0010 06       		.uleb128 0x6
 289 0011 00       		.byte	0
 290 0012 00       		.byte	0
 291 0013 02       		.uleb128 0x2
 292 0014 24       		.uleb128 0x24
 293 0015 00       		.byte	0
 294 0016 0B       		.uleb128 0xb
 295 0017 0B       		.uleb128 0xb
 296 0018 3E       		.uleb128 0x3e
 297 0019 0B       		.uleb128 0xb
 298 001a 03       		.uleb128 0x3
 299 001b 08       		.uleb128 0x8
 300 001c 00       		.byte	0
 301 001d 00       		.byte	0
 302 001e 03       		.uleb128 0x3
 303 001f 16       		.uleb128 0x16
 304 0020 00       		.byte	0
 305 0021 03       		.uleb128 0x3
 306 0022 08       		.uleb128 0x8
 307 0023 3A       		.uleb128 0x3a
 308 0024 0B       		.uleb128 0xb
 309 0025 3B       		.uleb128 0x3b
 310 0026 0B       		.uleb128 0xb
 311 0027 49       		.uleb128 0x49
 312 0028 13       		.uleb128 0x13
 313 0029 00       		.byte	0
 314 002a 00       		.byte	0
 315 002b 04       		.uleb128 0x4
 316 002c 0F       		.uleb128 0xf
 317 002d 00       		.byte	0
 318 002e 0B       		.uleb128 0xb
 319 002f 0B       		.uleb128 0xb
 320 0030 00       		.byte	0
 321 0031 00       		.byte	0
 322 0032 05       		.uleb128 0x5
 323 0033 2E       		.uleb128 0x2e
 324 0034 01       		.byte	0x1
 325 0035 3F       		.uleb128 0x3f
 326 0036 0C       		.uleb128 0xc
 327 0037 03       		.uleb128 0x3
 328 0038 08       		.uleb128 0x8
 329 0039 3A       		.uleb128 0x3a
 330 003a 0B       		.uleb128 0xb
 331 003b 3B       		.uleb128 0x3b
 332 003c 05       		.uleb128 0x5
 333 003d 27       		.uleb128 0x27
 334 003e 0C       		.uleb128 0xc
 335 003f 11       		.uleb128 0x11
 336 0040 01       		.uleb128 0x1
 337 0041 12       		.uleb128 0x12
 338 0042 01       		.uleb128 0x1
 339 0043 40       		.uleb128 0x40
 340 0044 0A       		.uleb128 0xa
 341 0045 9742     		.uleb128 0x2117
 342 0047 0C       		.uleb128 0xc
 343 0048 01       		.uleb128 0x1
GAS Infineon TriCore Little Endian C:\\Users\\user1\\AppData\\Local\\Temp\\rta_RTAOS_638388406317960277_1736001\\ccBJ1oGR.s 			page 8


 344 0049 13       		.uleb128 0x13
 345 004a 00       		.byte	0
 346 004b 00       		.byte	0
 347 004c 06       		.uleb128 0x6
 348 004d 0B       		.uleb128 0xb
 349 004e 01       		.byte	0x1
 350 004f 11       		.uleb128 0x11
 351 0050 01       		.uleb128 0x1
 352 0051 12       		.uleb128 0x12
 353 0052 01       		.uleb128 0x1
 354 0053 01       		.uleb128 0x1
 355 0054 13       		.uleb128 0x13
 356 0055 00       		.byte	0
 357 0056 00       		.byte	0
 358 0057 07       		.uleb128 0x7
 359 0058 34       		.uleb128 0x34
 360 0059 00       		.byte	0
 361 005a 03       		.uleb128 0x3
 362 005b 08       		.uleb128 0x8
 363 005c 3A       		.uleb128 0x3a
 364 005d 0B       		.uleb128 0xb
 365 005e 3B       		.uleb128 0x3b
 366 005f 05       		.uleb128 0x5
 367 0060 49       		.uleb128 0x49
 368 0061 13       		.uleb128 0x13
 369 0062 02       		.uleb128 0x2
 370 0063 06       		.uleb128 0x6
 371 0064 00       		.byte	0
 372 0065 00       		.byte	0
 373 0066 08       		.uleb128 0x8
 374 0067 34       		.uleb128 0x34
 375 0068 00       		.byte	0
 376 0069 03       		.uleb128 0x3
 377 006a 0E       		.uleb128 0xe
 378 006b 3A       		.uleb128 0x3a
 379 006c 0B       		.uleb128 0xb
 380 006d 3B       		.uleb128 0x3b
 381 006e 05       		.uleb128 0x5
 382 006f 49       		.uleb128 0x49
 383 0070 13       		.uleb128 0x13
 384 0071 00       		.byte	0
 385 0072 00       		.byte	0
 386 0073 09       		.uleb128 0x9
 387 0074 0B       		.uleb128 0xb
 388 0075 01       		.byte	0x1
 389 0076 55       		.uleb128 0x55
 390 0077 06       		.uleb128 0x6
 391 0078 01       		.uleb128 0x1
 392 0079 13       		.uleb128 0x13
 393 007a 00       		.byte	0
 394 007b 00       		.byte	0
 395 007c 0A       		.uleb128 0xa
 396 007d 898201   		.uleb128 0x4109
 397 0080 00       		.byte	0
 398 0081 11       		.uleb128 0x11
 399 0082 01       		.uleb128 0x1
 400 0083 31       		.uleb128 0x31
GAS Infineon TriCore Little Endian C:\\Users\\user1\\AppData\\Local\\Temp\\rta_RTAOS_638388406317960277_1736001\\ccBJ1oGR.s 			page 9


 401 0084 13       		.uleb128 0x13
 402 0085 00       		.byte	0
 403 0086 00       		.byte	0
 404 0087 0B       		.uleb128 0xb
 405 0088 34       		.uleb128 0x34
 406 0089 00       		.byte	0
 407 008a 03       		.uleb128 0x3
 408 008b 08       		.uleb128 0x8
 409 008c 3A       		.uleb128 0x3a
 410 008d 0B       		.uleb128 0xb
 411 008e 3B       		.uleb128 0x3b
 412 008f 05       		.uleb128 0x5
 413 0090 49       		.uleb128 0x49
 414 0091 13       		.uleb128 0x13
 415 0092 3F       		.uleb128 0x3f
 416 0093 0C       		.uleb128 0xc
 417 0094 3C       		.uleb128 0x3c
 418 0095 0C       		.uleb128 0xc
 419 0096 00       		.byte	0
 420 0097 00       		.byte	0
 421 0098 0C       		.uleb128 0xc
 422 0099 2E       		.uleb128 0x2e
 423 009a 00       		.byte	0
 424 009b 3F       		.uleb128 0x3f
 425 009c 0C       		.uleb128 0xc
 426 009d 03       		.uleb128 0x3
 427 009e 08       		.uleb128 0x8
 428 009f 3A       		.uleb128 0x3a
 429 00a0 0B       		.uleb128 0xb
 430 00a1 3B       		.uleb128 0x3b
 431 00a2 0B       		.uleb128 0xb
 432 00a3 27       		.uleb128 0x27
 433 00a4 0C       		.uleb128 0xc
 434 00a5 3C       		.uleb128 0x3c
 435 00a6 0C       		.uleb128 0xc
 436 00a7 00       		.byte	0
 437 00a8 00       		.byte	0
 438 00a9 00       		.byte	0
 439              	.section .debug_loc,"",@progbits
 440              	.Ldebug_loc0:
 441              	.LLST0:
 442 0000 00000000 		.uaword	.LVL0
 443 0004 00000000 		.uaword	.LVL2
 444 0008 0100     		.uahalf	0x1
 445 000a 5F       		.byte	0x5f
 446 000b 00000000 		.uaword	.LVL3
 447 000f 00000000 		.uaword	.LVL4
 448 0013 0100     		.uahalf	0x1
 449 0015 5F       		.byte	0x5f
 450 0016 00000000 		.uaword	.LVL6
 451 001a 00000000 		.uaword	.LVL7
 452 001e 0100     		.uahalf	0x1
 453 0020 5F       		.byte	0x5f
 454 0021 00000000 		.uaword	0
 455 0025 00000000 		.uaword	0
 456              	.section .debug_aranges,"",@progbits
 457 0000 1C000000 		.uaword	0x1c
GAS Infineon TriCore Little Endian C:\\Users\\user1\\AppData\\Local\\Temp\\rta_RTAOS_638388406317960277_1736001\\ccBJ1oGR.s 			page 10


 458 0004 0200     		.uahalf	0x2
 459 0006 00000000 		.uaword	.Ldebug_info0
 460 000a 04       		.byte	0x4
 461 000b 00       		.byte	0
 462 000c 0000     		.uahalf	0
 463 000e 0000     		.uahalf	0
 464 0010 00000000 		.uaword	.LFB0
 465 0014 46000000 		.uaword	.LFE0-.LFB0
 466 0018 00000000 		.uaword	0
 467 001c 00000000 		.uaword	0
 468              	.section .debug_ranges,"",@progbits
 469              	.Ldebug_ranges0:
 470 0000 00000000 		.uaword	.LBB4
 471 0004 00000000 		.uaword	.LBE4
 472 0008 00000000 		.uaword	.LBB5
 473 000c 00000000 		.uaword	.LBE5
 474 0010 00000000 		.uaword	0
 475 0014 00000000 		.uaword	0
 476 0018 00000000 		.uaword	.LFB0
 477 001c 00000000 		.uaword	.LFE0
 478 0020 00000000 		.uaword	0
 479 0024 00000000 		.uaword	0
 480              	.section .debug_line,"",@progbits
 481              	.Ldebug_line0:
 482 0000 26010000 	.section .debug_str,"",@progbits
 482      02000401 
 482      00000201 
 482      FB0E0D00 
 482      01010101 
 483              	.LASF0:
 484 0000 6E657776 		.string	"newval"
 484      616C00
 485              		.extern	Os_InterruptVectorTable1,STT_OBJECT,4
 486              		.extern	Os_InitializeServiceRequests,STT_FUNC,0
 487              		.extern	Os_InterruptVectorTable0,STT_OBJECT,4
 488              		.extern	Os_InterruptVectorTable2,STT_OBJECT,4
 489              		.ident	"GCC: (HighTec Release HDP-v4.9.4.1-11fcedf) 4.9.4 build on 2020-09-01"
