GAS Infineon TriCore Little Endian C:\\Users\\user1\\AppData\\Local\\Temp\\rta_RTAOS_638388406317960277_1736001\\ccNKBh4d.s 			page 1


   1              		.file	"ReleaseResource.c"
   2              	.section .text,"ax",@progbits
   3              	.Ltext0:
   4              	.section .text.Os_ReleaseResource,"ax",@progbits
   5              		.align 1
   6              		.global	Os_ReleaseResource
   7              		.type	Os_ReleaseResource, @function
   8              	Os_ReleaseResource:
   9              	.LFB0:
  10              		.file 1 "C:\\Users\\user1\\AppData\\Local\\Temp\\rta_RTAOS_638388406317960277_1736001\\ReleaseReso
  11              		.loc 1 1366 0
  12              	.LVL0:
  13 0000 2008     		sub.a	%SP, 8
  14              	.LCFI0:
  15              		.loc 1 1366 0
  16 0002 404F     		mov.aa	%a15, %a4
  17              	.LBB2:
  18              		.loc 1 1370 0
  19              	#APP
  20              		# 1370 "C:\Users\user1\AppData\Local\Temp\rta_RTAOS_638388406317960277_1736001\ReleaseResource.c" 
  21 0004 4DC0E1FF 		mfcr %d15,0xfe1c
  22              		# 0 "" 2
  23              	.LVL1:
  24              	#NO_APP
  25              	.LBE2:
  26              		.loc 1 1371 0
  27 0008 538F2190 		mul	%d9, %d15, 24
  28 000c 910000E0 		movh.a	%a14, hi:Os_const_coreconfiguration
  29 0010 D9EE0000 		lea	%a14, [%a14] lo:Os_const_coreconfiguration
  30 0014 01E90026 		addsc.a	%a2, %a14, %d9, 0
  31 0018 D42C     		ld.a	%a12, [%a2]0
****  Notice:Optimizing ld.a-a@w -> ld.a-a@
  32              	.LVL2:
  33              		.loc 1 1372 0
  34 001a 992D0400 		ld.a	%a13, [%a2] 4
  35              	.LVL3:
  36              	.LBB3:
  37              		.loc 1 1373 0
  38              	#APP
  39              		# 1373 "C:\Users\user1\AppData\Local\Temp\rta_RTAOS_638388406317960277_1736001\ReleaseResource.c" 
  40 001e 4D40E0FF 		mfcr %d15,0xfe04
  41              		# 0 "" 2
  42              	.LVL4:
  43              	#NO_APP
  44              	.LBE3:
  45              		.loc 1 1374 0
  46 0022 AEB3     		jnz.t	%d15, 11, .L2
  47              		.loc 1 1374 0 is_stmt 0 discriminator 1
  48              	#APP
  49              		# 1374 "C:\Users\user1\AppData\Local\Temp\rta_RTAOS_638388406317960277_1736001\ReleaseResource.c" 
  50 0024 AD008000 		syscall 0
  51              		# 0 "" 2
  52              	#NO_APP
  53              	.L2:
  54              	.LBB4:
  55              		.loc 1 1375 0 is_stmt 1
  56              	#APP
GAS Infineon TriCore Little Endian C:\\Users\\user1\\AppData\\Local\\Temp\\rta_RTAOS_638388406317960277_1736001\\ccNKBh4d.s 			page 2


  57              		# 1375 "C:\Users\user1\AppData\Local\Temp\rta_RTAOS_638388406317960277_1736001\ReleaseResource.c" 
  58 0028 4DC0E28F 		mfcr %d8,0xFE2C
  59              		# 0 "" 2
  60              	.LVL5:
  61              	#NO_APP
  62              	.LBE4:
  63              	#APP
  64              		# 1375 "C:\Users\user1\AppData\Local\Temp\rta_RTAOS_638388406317960277_1736001\ReleaseResource.c" 
  65 002c 0D004003 		disable
  66              		# 0 "" 2
  67              	.LVL6:
  68              	#NO_APP
  69              	.LBB5:
  70 0030 BBF00F28 		mov.u	%d2, 33023
  71              	#APP
  72              		# 1375 "C:\Users\user1\AppData\Local\Temp\rta_RTAOS_638388406317960277_1736001\ReleaseResource.c" 
  73 0034 CDC2E20F 		mtcr 0xFE2C,%d2
  74              		# 0 "" 2
  75              	#NO_APP
  76              	.LBE5:
  77              	#APP
  78              		# 1375 "C:\Users\user1\AppData\Local\Temp\rta_RTAOS_638388406317960277_1736001\ReleaseResource.c" 
  79 0038 0D00C004 		isync
  80              		# 0 "" 2
  81              		.loc 1 1376 0
  82              	#NO_APP
  83 003c 3B900620 		mov	%d2, 105
  84 0040 E9D21800 		st.b	[%a13] 24, %d2
  85              		.loc 1 1379 0
  86 0044 40F4     		mov.aa	%a4, %a15
  87              	.LVL7:
  88 0046 6D000000 		call	Os_IsResourceValid
****  Notice:Expanding call-R -> call-O
  89              	.LVL8:
  90 004a DF024A00 		jz	%d2, .L12
****  Notice:Expanding jz-dm -> jeq-d4o
  91              		.loc 1 1380 0
  92 004e 08C2     		ld.bu	%d2, [%a15] 12
  93 0050 39C30810 		ld.bu	%d3, [%a12] 72
  94 0054 2632     		and	%d2, %d3
  95 0056 DF021680 		jnz	%d2, .L34
****  Notice:Expanding jnz-dm -> jne-d4o
  96              	.LVL9:
  97              	.L15:
  98 005a 821F     		mov	%d15, 1
  99              	.L3:
 100              	.LVL10:
 101              		.loc 1 1422 0
 102 005c 8202     		mov	%d2, 0
 103 005e 80F6     		mov.d	%d6, %a15
 104 0060 74A2     		st.w	[%SP]0, %d2
****  Notice:Optimizing st.w-@wd -> st.w-@d
 105 0062 02F4     		mov	%d4, %d15
 106 0064 3B400350 		mov	%d5, 52
 107 0068 8207     		mov	%d7, 0
 108 006a 6D000000 		call	Os_ErrorLog
****  Notice:Expanding call-R -> call-O
GAS Infineon TriCore Little Endian C:\\Users\\user1\\AppData\\Local\\Temp\\rta_RTAOS_638388406317960277_1736001\\ccNKBh4d.s 			page 3


 109              	.LVL11:
 110              	.L11:
 111              	.LBB6:
 112              		.loc 1 1424 0
 113              	#APP
 114              		# 1424 "C:\Users\user1\AppData\Local\Temp\rta_RTAOS_638388406317960277_1736001\ReleaseResource.c" 
 115 006e CDC8E20F 		mtcr 0xFE2C,%d8
 116              		# 0 "" 2
 117              	#NO_APP
 118              	.LBE6:
 119              	#APP
 120              		# 1424 "C:\Users\user1\AppData\Local\Temp\rta_RTAOS_638388406317960277_1736001\ReleaseResource.c" 
 121 0072 0D00C004 		isync
 122              		# 0 "" 2
 123              		.loc 1 1425 0
 124              	#NO_APP
 125 0076 3B800620 		mov	%d2, 104
 126 007a E9D21800 		st.b	[%a13] 24, %d2
 127              		.loc 1 1428 0
 128 007e 02F2     		mov	%d2, %d15
 129 0080 0090     		ret
 130              	.LVL12:
 131              	.L34:
 132              		.loc 1 1382 0
 133 0082 C802     		ld.a	%a2, [%a15]0
 134 0084 1422     		ld.bu	%d2, [%a2]0
****  Notice:Optimizing ld.bu-d@w -> ld.bu-d@
 135 0086 DF022E00 		jz	%d2, .L14
****  Notice:Expanding jz-dm -> jeq-d4o
 136              		.loc 1 1385 0
 137 008a 0CF8     		ld.bu	%d15, [%a15] 8
 138              	.LVL13:
 139              		.loc 1 1387 0
 140 008c 19C22000 		ld.w	%d2, [%a12] 32
 141              		.loc 1 1385 0
 142 0090 6E2B     		jz	%d15, .L4
 143              		.loc 1 1387 0
 144 0092 7627     		jz	%d2, .L5
 145              		.loc 1 1387 0 is_stmt 0 discriminator 1
 146 0094 99C32000 		ld.a	%a3, [%a12] 32
 147 0098 39320C00 		ld.bu	%d2, [%a3] 12
 148 009c 3F2FDFFF 		jlt.u	%d15, %d2, .L15
 149              	.L5:
 150              		.loc 1 1388 0 is_stmt 1
 151 00a0 4CC8     		ld.w	%d15, [%a12] 32
 152 00a2 6E40     		jz	%d15, .L6
 153              		.loc 1 1389 0
 154 00a4 99C22000 		ld.a	%a2, [%a12] 32
 155 00a8 99220800 		ld.a	%a2, [%a2] 8
 156 00ac 0C20     		ld.bu	%d15, [%a2]0
 157 00ae C2FF     		add	%d15, -1
 158 00b0 2C20     		st.b	[%a2]0, %d15
 159 00b2 C802     		ld.a	%a2, [%a15]0
 160              	.L7:
 161              		.loc 1 1393 0
 162 00b4 19280800 		ld.w	%d8, [%a2] 8
 163              	.LVL14:
GAS Infineon TriCore Little Endian C:\\Users\\user1\\AppData\\Local\\Temp\\rta_RTAOS_638388406317960277_1736001\\ccNKBh4d.s 			page 4


 164              	.L8:
 165              		.loc 1 1410 0
 166 00b8 820F     		mov	%d15, 0
 167 00ba 6C21     		st.w	[%a2] 4, %d15
 168              		.loc 1 1411 0
 169 00bc 2C20     		st.b	[%a2]0, %d15
 170              		.loc 1 1414 0
 171 00be 8FF80F21 		and	%d2, %d8, 255
 172 00c2 DF02D6FF 		jnz	%d2, .L11
****  Notice:Expanding jnz-dm -> jne-d4o
 173              		.loc 1 1415 0
 174 00c6 19C21C00 		ld.w	%d2, [%a12] 28
 175 00ca 19C32800 		ld.w	%d3, [%a12] 40
 176              	.LVL15:
 177              		.loc 1 1416 0
 178 00ce 7F23D0FF 		jge.u	%d3, %d2, .L11
 179              		.loc 1 1417 0
 180 00d2 01E900E6 		addsc.a	%a14, %a14, %d9, 0
 181 00d6 CCE3     		ld.a	%a15, [%a14] 12
 182              	.LVL16:
 183 00d8 2D0F0000 		calli	%a15
 184              	.LVL17:
 185 00dc 3CC9     		j	.L11
 186              	.LVL18:
 187              	.L12:
 188              		.loc 1 1379 0
 189 00de 823F     		mov	%d15, 3
 190              	.LVL19:
 191 00e0 3CBE     		j	.L3
 192              	.LVL20:
 193              	.L14:
 194              		.loc 1 1382 0
 195 00e2 825F     		mov	%d15, 5
 196              	.LVL21:
 197 00e4 3CBC     		j	.L3
 198              	.L4:
 199              		.loc 1 1380 0
 200 00e6 821F     		mov	%d15, 1
 201              		.loc 1 1397 0
 202 00e8 DF02BAFF 		jnz	%d2, .L3
****  Notice:Expanding jnz-dm -> jne-d4o
 203              		.loc 1 1399 0
 204 00ec 19C22400 		ld.w	%d2, [%a12] 36
 205 00f0 762B     		jz	%d2, .L9
 206              		.loc 1 1402 0
 207 00f2 19C22400 		ld.w	%d2, [%a12] 36
 208 00f6 7628     		jz	%d2, .L9
 209              		.loc 1 1402 0 is_stmt 0 discriminator 1
 210 00f8 99C32400 		ld.a	%a3, [%a12] 36
 211 00fc 4813     		ld.w	%d3, [%a15] 4
 212 00fe 19320C00 		ld.w	%d2, [%a3] 12
 213 0102 3F23ADFF 		jlt.u	%d3, %d2, .L3
 214              	.L9:
 215              		.loc 1 1405 0 is_stmt 1
 216 0106 4CC9     		ld.w	%d15, [%a12] 36
 217 0108 6E0A     		jz	%d15, .L10
 218              		.loc 1 1406 0
GAS Infineon TriCore Little Endian C:\\Users\\user1\\AppData\\Local\\Temp\\rta_RTAOS_638388406317960277_1736001\\ccNKBh4d.s 			page 5


 219 010a 99C22400 		ld.a	%a2, [%a12] 36
 220 010e D422     		ld.a	%a2, [%a2]0
****  Notice:Optimizing ld.a-a@w -> ld.a-a@
 221 0110 392F1610 		ld.bu	%d15, [%a2] 86
 222 0114 C2FF     		add	%d15, -1
 223 0116 E92F1610 		st.b	[%a2] 86, %d15
 224 011a C802     		ld.a	%a2, [%a15]0
 225              	.L10:
 226              		.loc 1 1408 0
 227 011c 4C22     		ld.w	%d15, [%a2] 8
 228 011e 6CCA     		st.w	[%a12] 40, %d15
 229 0120 3CCC     		j	.L8
 230              	.L6:
 231              		.loc 1 1390 0
 232 0122 4CC9     		ld.w	%d15, [%a12] 36
 233 0124 6EC8     		jz	%d15, .L7
 234              		.loc 1 1391 0
 235 0126 99C22400 		ld.a	%a2, [%a12] 36
 236 012a D422     		ld.a	%a2, [%a2]0
****  Notice:Optimizing ld.a-a@w -> ld.a-a@
 237 012c 392F1610 		ld.bu	%d15, [%a2] 86
 238 0130 C2FF     		add	%d15, -1
 239 0132 E92F1610 		st.b	[%a2] 86, %d15
 240 0136 C802     		ld.a	%a2, [%a15]0
 241 0138 3CBE     		j	.L7
 242              	.LFE0:
 243              		.size	Os_ReleaseResource, .-Os_ReleaseResource
 244              	.section .debug_frame,"",@progbits
 245              	.Lframe0:
 246 0000 0C000000 		.uaword	.LECIE0-.LSCIE0
 247              	.LSCIE0:
 248 0004 FFFFFFFF 		.uaword	0xffffffff
 249 0008 01       		.byte	0x1
 250 0009 00       		.string	""
 251 000a 01       		.uleb128 0x1
 252 000b 01       		.sleb128 1
 253 000c 1B       		.byte	0x1b
 254 000d 0C       		.byte	0xc
 255 000e 1A       		.uleb128 0x1a
 256 000f 00       		.uleb128 0
 257              		.align 2
 258              	.LECIE0:
 259              	.LSFDE0:
 260 0010 10000000 		.uaword	.LEFDE0-.LASFDE0
 261              	.LASFDE0:
 262 0014 00000000 		.uaword	.Lframe0
 263 0018 00000000 		.uaword	.LFB0
 264 001c 3A010000 		.uaword	.LFE0-.LFB0
 265 0020 42       		.byte	0x4
 266              		.uaword	.LCFI0-.LFB0
 267 0021 0E       		.byte	0xe
 268 0022 08       		.uleb128 0x8
 269 0023 00       		.align 2
 270              	.LEFDE0:
 271              	.section .text,"ax",@progbits
 272              	.Letext0:
 273              		.file 2 "D:\\home\\user123\\user\\Mohan6_VectorSIP\\21Dec23\\15Dec23_CAN_merge_21stDec\\25_Softwar
GAS Infineon TriCore Little Endian C:\\Users\\user1\\AppData\\Local\\Temp\\rta_RTAOS_638388406317960277_1736001\\ccNKBh4d.s 			page 6


 274              		.file 3 "D:\\home\\user123\\user\\Mohan6_VectorSIP\\21Dec23\\15Dec23_CAN_merge_21stDec\\25_Softwar
 275              	.section .debug_info,"",@progbits
 276              	.Ldebug_info0:
 277 0000 5E120000 		.uaword	0x125e
 278 0004 0200     		.uahalf	0x2
 279 0006 00000000 		.uaword	.Ldebug_abbrev0
 280 000a 04       		.byte	0x4
 281 000b 01       		.uleb128 0x1
 282 000c 474E5520 		.ascii	"GNU C 4."
 282      4320342E 
 283 0014 392E3420 		.string	"9.4 build on 2020-09-01 -mlicense-dir=c:\\hightec\\toolchains\\tricore\\v4.9.4.1\\bin\\..
 283      6275696C 
 283      64206F6E 
 283      20323032 
 283      302D3039 
 284 0115 01       		.byte	0x1
 285 0116 433A5C55 		.string	"C:\\Users\\user1\\AppData\\Local\\Temp\\rta_RTAOS_638388406317960277_1736001\\ReleaseReso
 285      73657273 
 285      5C757365 
 285      72315C41 
 285      70704461 
 286 016f 00000000 		.uaword	.Ldebug_ranges0+0
 287 0173 00000000 		.uaword	0
 288 0177 00000000 		.uaword	0
 289 017b 00000000 		.uaword	.Ldebug_line0
 290 017f 02       		.uleb128 0x2
 291 0180 75696E74 		.string	"uint8"
 291      3800
 292 0186 02       		.byte	0x2
 293 0187 34       		.byte	0x34
 294 0188 8C010000 		.uaword	0x18c
 295 018c 03       		.uleb128 0x3
 296 018d 01       		.byte	0x1
 297 018e 08       		.byte	0x8
 298 018f 756E7369 		.string	"unsigned char"
 298      676E6564 
 298      20636861 
 298      7200
 299 019d 02       		.uleb128 0x2
 300 019e 75696E74 		.string	"uint16"
 300      313600
 301 01a5 02       		.byte	0x2
 302 01a6 35       		.byte	0x35
 303 01a7 AB010000 		.uaword	0x1ab
 304 01ab 03       		.uleb128 0x3
 305 01ac 02       		.byte	0x2
 306 01ad 07       		.byte	0x7
 307 01ae 73686F72 		.string	"short unsigned int"
 307      7420756E 
 307      7369676E 
 307      65642069 
 307      6E7400
 308 01c1 02       		.uleb128 0x2
 309 01c2 75696E74 		.string	"uint32"
 309      333200
 310 01c9 02       		.byte	0x2
 311 01ca 36       		.byte	0x36
GAS Infineon TriCore Little Endian C:\\Users\\user1\\AppData\\Local\\Temp\\rta_RTAOS_638388406317960277_1736001\\ccNKBh4d.s 			page 7


 312 01cb CF010000 		.uaword	0x1cf
 313 01cf 03       		.uleb128 0x3
 314 01d0 04       		.byte	0x4
 315 01d1 07       		.byte	0x7
 316 01d2 756E7369 		.string	"unsigned int"
 316      676E6564 
 316      20696E74 
 316      00
 317 01df 03       		.uleb128 0x3
 318 01e0 01       		.byte	0x1
 319 01e1 06       		.byte	0x6
 320 01e2 7369676E 		.string	"signed char"
 320      65642063 
 320      68617200 
 321 01ee 03       		.uleb128 0x3
 322 01ef 02       		.byte	0x2
 323 01f0 05       		.byte	0x5
 324 01f1 73686F72 		.string	"short int"
 324      7420696E 
 324      7400
 325 01fb 03       		.uleb128 0x3
 326 01fc 04       		.byte	0x4
 327 01fd 05       		.byte	0x5
 328 01fe 696E7400 		.string	"int"
 329 0202 03       		.uleb128 0x3
 330 0203 04       		.byte	0x4
 331 0204 04       		.byte	0x4
 332 0205 666C6F61 		.string	"float"
 332      7400
 333 020b 03       		.uleb128 0x3
 334 020c 08       		.byte	0x8
 335 020d 04       		.byte	0x4
 336 020e 646F7562 		.string	"double"
 336      6C6500
 337 0215 03       		.uleb128 0x3
 338 0216 08       		.byte	0x8
 339 0217 05       		.byte	0x5
 340 0218 6C6F6E67 		.string	"long long int"
 340      206C6F6E 
 340      6720696E 
 340      7400
 341 0226 03       		.uleb128 0x3
 342 0227 08       		.byte	0x8
 343 0228 07       		.byte	0x7
 344 0229 6C6F6E67 		.string	"long long unsigned int"
 344      206C6F6E 
 344      6720756E 
 344      7369676E 
 344      65642069 
 345 0240 02       		.uleb128 0x2
 346 0241 626F6F6C 		.string	"boolean"
 346      65616E00 
 347 0249 02       		.byte	0x2
 348 024a 49       		.byte	0x49
 349 024b 8C010000 		.uaword	0x18c
 350 024f 02       		.uleb128 0x2
 351 0250 53746174 		.string	"StatusType"
GAS Infineon TriCore Little Endian C:\\Users\\user1\\AppData\\Local\\Temp\\rta_RTAOS_638388406317960277_1736001\\ccNKBh4d.s 			page 8


 351      75735479 
 351      706500
 352 025b 03       		.byte	0x3
 353 025c 28       		.byte	0x28
 354 025d 8C010000 		.uaword	0x18c
 355 0261 04       		.uleb128 0x4
 356 0262 08       		.byte	0x8
 357 0263 01       		.byte	0x1
 358 0264 7C       		.byte	0x7c
 359 0265 A0020000 		.uaword	0x2a0
 360 0269 05       		.uleb128 0x5
 361 026a 436C6173 		.string	"Class"
 361      7300
 362 0270 01       		.byte	0x1
 363 0271 7D       		.byte	0x7d
 364 0272 7F010000 		.uaword	0x17f
 365 0276 02       		.byte	0x2
 366 0277 23       		.byte	0x23
 367 0278 00       		.uleb128 0
 368 0279 05       		.uleb128 0x5
 369 027a 54494E00 		.string	"TIN"
 370 027e 01       		.byte	0x1
 371 027f 7E       		.byte	0x7e
 372 0280 7F010000 		.uaword	0x17f
 373 0284 02       		.byte	0x2
 374 0285 23       		.byte	0x23
 375 0286 01       		.uleb128 0x1
 376 0287 05       		.uleb128 0x5
 377 0288 52657475 		.string	"ReturnAddress"
 377      726E4164 
 377      64726573 
 377      7300
 378 0296 01       		.byte	0x1
 379 0297 7F       		.byte	0x7f
 380 0298 C1010000 		.uaword	0x1c1
 381 029c 02       		.byte	0x2
 382 029d 23       		.byte	0x23
 383 029e 04       		.uleb128 0x4
 384 029f 00       		.byte	0
 385 02a0 02       		.uleb128 0x2
 386 02a1 4F735472 		.string	"OsTrapInfoType"
 386      6170496E 
 386      666F5479 
 386      706500
 387 02b0 01       		.byte	0x1
 388 02b1 80       		.byte	0x80
 389 02b2 61020000 		.uaword	0x261
 390 02b6 02       		.uleb128 0x2
 391 02b7 75696E74 		.string	"uint32_aligned"
 391      33325F61 
 391      6C69676E 
 391      656400
 392 02c6 01       		.byte	0x1
 393 02c7 86       		.byte	0x86
 394 02c8 C1010000 		.uaword	0x1c1
 395 02cc 04       		.uleb128 0x4
 396 02cd 44       		.byte	0x44
GAS Infineon TriCore Little Endian C:\\Users\\user1\\AppData\\Local\\Temp\\rta_RTAOS_638388406317960277_1736001\\ccNKBh4d.s 			page 9


 397 02ce 01       		.byte	0x1
 398 02cf AB       		.byte	0xab
 399 02d0 E5020000 		.uaword	0x2e5
 400 02d4 05       		.uleb128 0x5
 401 02d5 73746F72 		.string	"store"
 401      6500
 402 02db 01       		.byte	0x1
 403 02dc AC       		.byte	0xac
 404 02dd E5020000 		.uaword	0x2e5
 405 02e1 02       		.byte	0x2
 406 02e2 23       		.byte	0x23
 407 02e3 00       		.uleb128 0
 408 02e4 00       		.byte	0
 409 02e5 06       		.uleb128 0x6
 410 02e6 C1010000 		.uaword	0x1c1
 411 02ea F5020000 		.uaword	0x2f5
 412 02ee 07       		.uleb128 0x7
 413 02ef F5020000 		.uaword	0x2f5
 414 02f3 10       		.byte	0x10
 415 02f4 00       		.byte	0
 416 02f5 03       		.uleb128 0x3
 417 02f6 04       		.byte	0x4
 418 02f7 07       		.byte	0x7
 419 02f8 73697A65 		.string	"sizetype"
 419      74797065 
 419      00
 420 0301 02       		.uleb128 0x2
 421 0302 4F735F4A 		.string	"Os_JumpBufType"
 421      756D7042 
 421      75665479 
 421      706500
 422 0311 01       		.byte	0x1
 423 0312 AD       		.byte	0xad
 424 0313 17030000 		.uaword	0x317
 425 0317 06       		.uleb128 0x6
 426 0318 CC020000 		.uaword	0x2cc
 427 031c 27030000 		.uaword	0x327
 428 0320 07       		.uleb128 0x7
 429 0321 F5020000 		.uaword	0x2f5
 430 0325 00       		.byte	0
 431 0326 00       		.byte	0
 432 0327 02       		.uleb128 0x2
 433 0328 4F735F52 		.string	"Os_ResourceCountType"
 433      65736F75 
 433      72636543 
 433      6F756E74 
 433      54797065 
 434 033d 01       		.byte	0x1
 435 033e BE       		.byte	0xbe
 436 033f 8C010000 		.uaword	0x18c
 437 0343 02       		.uleb128 0x2
 438 0344 4F735F53 		.string	"Os_StackTraceType"
 438      7461636B 
 438      54726163 
 438      65547970 
 438      6500
 439 0356 01       		.byte	0x1
GAS Infineon TriCore Little Endian C:\\Users\\user1\\AppData\\Local\\Temp\\rta_RTAOS_638388406317960277_1736001\\ccNKBh4d.s 			page 10


 440 0357 BF       		.byte	0xbf
 441 0358 CF010000 		.uaword	0x1cf
 442 035c 04       		.uleb128 0x4
 443 035d 08       		.byte	0x8
 444 035e 01       		.byte	0x1
 445 035f C0       		.byte	0xc0
 446 0360 80030000 		.uaword	0x380
 447 0364 05       		.uleb128 0x5
 448 0365 737000   		.string	"sp"
 449 0368 01       		.byte	0x1
 450 0369 C0       		.byte	0xc0
 451 036a 43030000 		.uaword	0x343
 452 036e 02       		.byte	0x2
 453 036f 23       		.byte	0x23
 454 0370 00       		.uleb128 0
 455 0371 05       		.uleb128 0x5
 456 0372 63747800 		.string	"ctx"
 457 0376 01       		.byte	0x1
 458 0377 C0       		.byte	0xc0
 459 0378 43030000 		.uaword	0x343
 460 037c 02       		.byte	0x2
 461 037d 23       		.byte	0x23
 462 037e 04       		.uleb128 0x4
 463 037f 00       		.byte	0
 464 0380 02       		.uleb128 0x2
 465 0381 4F735F53 		.string	"Os_StackValueType"
 465      7461636B 
 465      56616C75 
 465      65547970 
 465      6500
 466 0393 01       		.byte	0x1
 467 0394 C0       		.byte	0xc0
 468 0395 5C030000 		.uaword	0x35c
 469 0399 02       		.uleb128 0x2
 470 039a 4F735F53 		.string	"Os_StackSizeType"
 470      7461636B 
 470      53697A65 
 470      54797065 
 470      00
 471 03ab 01       		.byte	0x1
 472 03ac C1       		.byte	0xc1
 473 03ad 80030000 		.uaword	0x380
 474 03b1 02       		.uleb128 0x2
 475 03b2 4F735F56 		.string	"Os_VoidVoidFunctionType"
 475      6F696456 
 475      6F696446 
 475      756E6374 
 475      696F6E54 
 476 03ca 01       		.byte	0x1
 477 03cb C7       		.byte	0xc7
 478 03cc D0030000 		.uaword	0x3d0
 479 03d0 08       		.uleb128 0x8
 480 03d1 04       		.byte	0x4
 481 03d2 D6030000 		.uaword	0x3d6
 482 03d6 09       		.uleb128 0x9
 483 03d7 01       		.byte	0x1
 484 03d8 02       		.uleb128 0x2
GAS Infineon TriCore Little Endian C:\\Users\\user1\\AppData\\Local\\Temp\\rta_RTAOS_638388406317960277_1736001\\ccNKBh4d.s 			page 11


 485 03d9 4170706C 		.string	"ApplicationType"
 485      69636174 
 485      696F6E54 
 485      79706500 
 486 03e9 01       		.byte	0x1
 487 03ea D5       		.byte	0xd5
 488 03eb 8C010000 		.uaword	0x18c
 489 03ef 02       		.uleb128 0x2
 490 03f0 4F735F74 		.string	"Os_tmaskType"
 490      6D61736B 
 490      54797065 
 490      00
 491 03fd 01       		.byte	0x1
 492 03fe D9       		.byte	0xd9
 493 03ff C1010000 		.uaword	0x1c1
 494 0403 02       		.uleb128 0x2
 495 0404 4F735F43 		.string	"Os_CoreStateType"
 495      6F726553 
 495      74617465 
 495      54797065 
 495      00
 496 0415 01       		.byte	0x1
 497 0416 E7       		.byte	0xe7
 498 0417 C1010000 		.uaword	0x1c1
 499 041b 02       		.uleb128 0x2
 500 041c 4F735F53 		.string	"Os_StopwatchTickType"
 500      746F7077 
 500      61746368 
 500      5469636B 
 500      54797065 
 501 0431 01       		.byte	0x1
 502 0432 FD       		.byte	0xfd
 503 0433 CF010000 		.uaword	0x1cf
 504 0437 0A       		.uleb128 0xa
 505 0438 4F735F54 		.string	"Os_TerminatorType"
 505      65726D69 
 505      6E61746F 
 505      72547970 
 505      6500
 506 044a 01       		.byte	0x1
 507 044b 0201     		.uahalf	0x102
 508 044d 51040000 		.uaword	0x451
 509 0451 08       		.uleb128 0x8
 510 0452 04       		.byte	0x4
 511 0453 01030000 		.uaword	0x301
 512 0457 0A       		.uleb128 0xa
 513 0458 4F735F4C 		.string	"Os_Lockable"
 513      6F636B61 
 513      626C6500 
 514 0464 01       		.byte	0x1
 515 0465 0701     		.uahalf	0x107
 516 0467 B6020000 		.uaword	0x2b6
 517 046b 0A       		.uleb128 0xa
 518 046c 436F7265 		.string	"CoreIdType"
 518      49645479 
 518      706500
 519 0477 01       		.byte	0x1
GAS Infineon TriCore Little Endian C:\\Users\\user1\\AppData\\Local\\Temp\\rta_RTAOS_638388406317960277_1736001\\ccNKBh4d.s 			page 12


 520 0478 0901     		.uahalf	0x109
 521 047a 9D010000 		.uaword	0x19d
 522 047e 0B       		.uleb128 0xb
 523 047f 57040000 		.uaword	0x457
 524 0483 0C       		.uleb128 0xc
 525 0484 4F735F43 		.string	"Os_ControlledCoreType_s"
 525      6F6E7472 
 525      6F6C6C65 
 525      64436F72 
 525      65547970 
 526 049c 58       		.byte	0x58
 527 049d 01       		.byte	0x1
 528 049e 1004     		.uahalf	0x410
 529 04a0 81060000 		.uaword	0x681
 530 04a4 0D       		.uleb128 0xd
 531 04a5 54726170 		.string	"TrapInfo"
 531      496E666F 
 531      00
 532 04ae 01       		.byte	0x1
 533 04af 1104     		.uahalf	0x411
 534 04b1 A0020000 		.uaword	0x2a0
 535 04b5 02       		.byte	0x2
 536 04b6 23       		.byte	0x23
 537 04b7 00       		.uleb128 0
 538 04b8 0D       		.uleb128 0xd
 539 04b9 4572726F 		.string	"ErrorInformation"
 539      72496E66 
 539      6F726D61 
 539      74696F6E 
 539      00
 540 04ca 01       		.byte	0x1
 541 04cb 1204     		.uahalf	0x412
 542 04cd 140D0000 		.uaword	0xd14
 543 04d1 02       		.byte	0x2
 544 04d2 23       		.byte	0x23
 545 04d3 08       		.uleb128 0x8
 546 04d4 0D       		.uleb128 0xd
 547 04d5 6C6F636B 		.string	"lock_taskaccess"
 547      5F746173 
 547      6B616363 
 547      65737300 
 548 04e5 01       		.byte	0x1
 549 04e6 1304     		.uahalf	0x413
 550 04e8 7E040000 		.uaword	0x47e
 551 04ec 02       		.byte	0x2
 552 04ed 23       		.byte	0x23
 553 04ee 18       		.uleb128 0x18
 554 04ef 0D       		.uleb128 0xd
 555 04f0 52656164 		.string	"ReadyTasks"
 555      79546173 
 555      6B7300
 556 04fb 01       		.byte	0x1
 557 04fc 1404     		.uahalf	0x414
 558 04fe 4A0D0000 		.uaword	0xd4a
 559 0502 02       		.byte	0x2
 560 0503 23       		.byte	0x23
 561 0504 1C       		.uleb128 0x1c
GAS Infineon TriCore Little Endian C:\\Users\\user1\\AppData\\Local\\Temp\\rta_RTAOS_638388406317960277_1736001\\ccNKBh4d.s 			page 13


 562 0505 0D       		.uleb128 0xd
 563 0506 52756E6E 		.string	"RunningISR"
 563      696E6749 
 563      535200
 564 0511 01       		.byte	0x1
 565 0512 1504     		.uahalf	0x415
 566 0514 4F0D0000 		.uaword	0xd4f
 567 0518 02       		.byte	0x2
 568 0519 23       		.byte	0x23
 569 051a 20       		.uleb128 0x20
 570 051b 0D       		.uleb128 0xd
 571 051c 52756E6E 		.string	"RunningTask"
 571      696E6754 
 571      61736B00 
 572 0528 01       		.byte	0x1
 573 0529 1604     		.uahalf	0x416
 574 052b 540D0000 		.uaword	0xd54
 575 052f 02       		.byte	0x2
 576 0530 23       		.byte	0x23
 577 0531 24       		.uleb128 0x24
 578 0532 0D       		.uleb128 0xd
 579 0533 52756E6E 		.string	"RunningTPMask"
 579      696E6754 
 579      504D6173 
 579      6B00
 580 0541 01       		.byte	0x1
 581 0542 1704     		.uahalf	0x417
 582 0544 590D0000 		.uaword	0xd59
 583 0548 02       		.byte	0x2
 584 0549 23       		.byte	0x23
 585 054a 28       		.uleb128 0x28
 586 054b 0D       		.uleb128 0xd
 587 054c 5465726D 		.string	"TerminatingTasks"
 587      696E6174 
 587      696E6754 
 587      61736B73 
 587      00
 588 055d 01       		.byte	0x1
 589 055e 1804     		.uahalf	0x418
 590 0560 4A0D0000 		.uaword	0xd4a
 591 0564 02       		.byte	0x2
 592 0565 23       		.byte	0x23
 593 0566 2C       		.uleb128 0x2c
 594 0567 0D       		.uleb128 0xd
 595 0568 4170706C 		.string	"Application"
 595      69636174 
 595      696F6E00 
 596 0574 01       		.byte	0x1
 597 0575 1904     		.uahalf	0x419
 598 0577 D8030000 		.uaword	0x3d8
 599 057b 02       		.byte	0x2
 600 057c 23       		.byte	0x23
 601 057d 30       		.uleb128 0x30
 602 057e 0D       		.uleb128 0xd
 603 057f 43757272 		.string	"CurrentTerminator"
 603      656E7454 
 603      65726D69 
GAS Infineon TriCore Little Endian C:\\Users\\user1\\AppData\\Local\\Temp\\rta_RTAOS_638388406317960277_1736001\\ccNKBh4d.s 			page 14


 603      6E61746F 
 603      7200
 604 0591 01       		.byte	0x1
 605 0592 1A04     		.uahalf	0x41a
 606 0594 5E0D0000 		.uaword	0xd5e
 607 0598 02       		.byte	0x2
 608 0599 23       		.byte	0x23
 609 059a 34       		.uleb128 0x34
 610 059b 0D       		.uleb128 0xd
 611 059c 43757272 		.string	"CurrentMeteredObject"
 611      656E744D 
 611      65746572 
 611      65644F62 
 611      6A656374 
 612 05b1 01       		.byte	0x1
 613 05b2 1B04     		.uahalf	0x41b
 614 05b4 ED060000 		.uaword	0x6ed
 615 05b8 02       		.byte	0x2
 616 05b9 23       		.byte	0x23
 617 05ba 38       		.uleb128 0x38
 618 05bb 0D       		.uleb128 0xd
 619 05bc 49646C65 		.string	"IdleMeter"
 619      4D657465 
 619      7200
 620 05c6 01       		.byte	0x1
 621 05c7 1C04     		.uahalf	0x41c
 622 05c9 D4060000 		.uaword	0x6d4
 623 05cd 02       		.byte	0x2
 624 05ce 23       		.byte	0x23
 625 05cf 3C       		.uleb128 0x3c
 626 05d0 0D       		.uleb128 0xd
 627 05d1 41707041 		.string	"AppAccess"
 627      63636573 
 627      7300
 628 05db 01       		.byte	0x1
 629 05dc 1D04     		.uahalf	0x41d
 630 05de 7F010000 		.uaword	0x17f
 631 05e2 02       		.byte	0x2
 632 05e3 23       		.byte	0x23
 633 05e4 48       		.uleb128 0x48
 634 05e5 0D       		.uleb128 0xd
 635 05e6 4170704F 		.string	"AppOverride"
 635      76657272 
 635      69646500 
 636 05f2 01       		.byte	0x1
 637 05f3 1E04     		.uahalf	0x41e
 638 05f5 630D0000 		.uaword	0xd63
 639 05f9 02       		.byte	0x2
 640 05fa 23       		.byte	0x23
 641 05fb 49       		.uleb128 0x49
 642 05fc 0D       		.uleb128 0xd
 643 05fd 47657453 		.string	"GetStackValueAdjust"
 643      7461636B 
 643      56616C75 
 643      6541646A 
 643      75737400 
 644 0611 01       		.byte	0x1
GAS Infineon TriCore Little Endian C:\\Users\\user1\\AppData\\Local\\Temp\\rta_RTAOS_638388406317960277_1736001\\ccNKBh4d.s 			page 15


 645 0612 1F04     		.uahalf	0x41f
 646 0614 99030000 		.uaword	0x399
 647 0618 02       		.byte	0x2
 648 0619 23       		.byte	0x23
 649 061a 4C       		.uleb128 0x4c
 650 061b 0D       		.uleb128 0xd
 651 061c 496E4572 		.string	"InErrorHook"
 651      726F7248 
 651      6F6F6B00 
 652 0628 01       		.byte	0x1
 653 0629 2004     		.uahalf	0x420
 654 062b 40020000 		.uaword	0x240
 655 062f 02       		.byte	0x2
 656 0630 23       		.byte	0x23
 657 0631 54       		.uleb128 0x54
 658 0632 0D       		.uleb128 0xd
 659 0633 496E5072 		.string	"InProtectionHook"
 659      6F746563 
 659      74696F6E 
 659      486F6F6B 
 659      00
 660 0644 01       		.byte	0x1
 661 0645 2104     		.uahalf	0x421
 662 0647 40020000 		.uaword	0x240
 663 064b 02       		.byte	0x2
 664 064c 23       		.byte	0x23
 665 064d 55       		.uleb128 0x55
 666 064e 0D       		.uleb128 0xd
 667 064f 436F7265 		.string	"CoreIsActive"
 667      49734163 
 667      74697665 
 667      00
 668 065c 01       		.byte	0x1
 669 065d 2204     		.uahalf	0x422
 670 065f 40020000 		.uaword	0x240
 671 0663 02       		.byte	0x2
 672 0664 23       		.byte	0x23
 673 0665 56       		.uleb128 0x56
 674 0666 0D       		.uleb128 0xd
 675 0667 496E5368 		.string	"InShutdownHook"
 675      7574646F 
 675      776E486F 
 675      6F6B00
 676 0676 01       		.byte	0x1
 677 0677 2304     		.uahalf	0x423
 678 0679 40020000 		.uaword	0x240
 679 067d 02       		.byte	0x2
 680 067e 23       		.byte	0x23
 681 067f 57       		.uleb128 0x57
 682 0680 00       		.byte	0
 683 0681 0C       		.uleb128 0xc
 684 0682 4F735F4D 		.string	"Os_MeterInfoType_s"
 684      65746572 
 684      496E666F 
 684      54797065 
 684      5F7300
 685 0695 0C       		.byte	0xc
GAS Infineon TriCore Little Endian C:\\Users\\user1\\AppData\\Local\\Temp\\rta_RTAOS_638388406317960277_1736001\\ccNKBh4d.s 			page 16


 686 0696 01       		.byte	0x1
 687 0697 7201     		.uahalf	0x172
 688 0699 D4060000 		.uaword	0x6d4
 689 069d 0D       		.uleb128 0xd
 690 069e 656C6170 		.string	"elapsed"
 690      73656400 
 691 06a6 01       		.byte	0x1
 692 06a7 7301     		.uahalf	0x173
 693 06a9 1B040000 		.uaword	0x41b
 694 06ad 02       		.byte	0x2
 695 06ae 23       		.byte	0x23
 696 06af 00       		.uleb128 0
 697 06b0 0D       		.uleb128 0xd
 698 06b1 70726576 		.string	"previous"
 698      696F7573 
 698      00
 699 06ba 01       		.byte	0x1
 700 06bb 7401     		.uahalf	0x174
 701 06bd 1B040000 		.uaword	0x41b
 702 06c1 02       		.byte	0x2
 703 06c2 23       		.byte	0x23
 704 06c3 04       		.uleb128 0x4
 705 06c4 0D       		.uleb128 0xd
 706 06c5 6D617800 		.string	"max"
 707 06c9 01       		.byte	0x1
 708 06ca 7501     		.uahalf	0x175
 709 06cc 1B040000 		.uaword	0x41b
 710 06d0 02       		.byte	0x2
 711 06d1 23       		.byte	0x23
 712 06d2 08       		.uleb128 0x8
 713 06d3 00       		.byte	0
 714 06d4 0A       		.uleb128 0xa
 715 06d5 4F735F4D 		.string	"Os_MeterInfoType"
 715      65746572 
 715      496E666F 
 715      54797065 
 715      00
 716 06e6 01       		.byte	0x1
 717 06e7 7601     		.uahalf	0x176
 718 06e9 81060000 		.uaword	0x681
 719 06ed 0A       		.uleb128 0xa
 720 06ee 4F735F4D 		.string	"Os_MeterInfoRefType"
 720      65746572 
 720      496E666F 
 720      52656654 
 720      79706500 
 721 0702 01       		.byte	0x1
 722 0703 7701     		.uahalf	0x177
 723 0705 09070000 		.uaword	0x709
 724 0709 08       		.uleb128 0x8
 725 070a 04       		.byte	0x4
 726 070b D4060000 		.uaword	0x6d4
 727 070f 0A       		.uleb128 0xa
 728 0710 4F735F69 		.string	"Os_imaskType"
 728      6D61736B 
 728      54797065 
 728      00
GAS Infineon TriCore Little Endian C:\\Users\\user1\\AppData\\Local\\Temp\\rta_RTAOS_638388406317960277_1736001\\ccNKBh4d.s 			page 17


 729 071d 01       		.byte	0x1
 730 071e 7F01     		.uahalf	0x17f
 731 0720 C1010000 		.uaword	0x1c1
 732 0724 0C       		.uleb128 0xc
 733 0725 4F735F49 		.string	"Os_ISRDynType_s"
 733      53524479 
 733      6E547970 
 733      655F7300 
 734 0735 10       		.byte	0x10
 735 0736 01       		.byte	0x1
 736 0737 8101     		.uahalf	0x181
 737 0739 75070000 		.uaword	0x775
 738 073d 0E       		.uleb128 0xe
 739 073e 00000000 		.uaword	.LASF0
 740 0742 01       		.byte	0x1
 741 0743 8201     		.uahalf	0x182
 742 0745 27030000 		.uaword	0x327
 743 0749 02       		.byte	0x2
 744 074a 23       		.byte	0x23
 745 074b 00       		.uleb128 0
 746 074c 0D       		.uleb128 0xd
 747 074d 7465726D 		.string	"terminating"
 747      696E6174 
 747      696E6700 
 748 0759 01       		.byte	0x1
 749 075a 8301     		.uahalf	0x183
 750 075c 40020000 		.uaword	0x240
 751 0760 02       		.byte	0x2
 752 0761 23       		.byte	0x23
 753 0762 01       		.uleb128 0x1
 754 0763 0D       		.uleb128 0xd
 755 0764 6D657465 		.string	"meter"
 755      7200
 756 076a 01       		.byte	0x1
 757 076b 8401     		.uahalf	0x184
 758 076d D4060000 		.uaword	0x6d4
 759 0771 02       		.byte	0x2
 760 0772 23       		.byte	0x23
 761 0773 04       		.uleb128 0x4
 762 0774 00       		.byte	0
 763 0775 0A       		.uleb128 0xa
 764 0776 4F735F49 		.string	"Os_ISRDynType"
 764      53524479 
 764      6E547970 
 764      6500
 765 0784 01       		.byte	0x1
 766 0785 8501     		.uahalf	0x185
 767 0787 24070000 		.uaword	0x724
 768 078b 0A       		.uleb128 0xa
 769 078c 4F735F49 		.string	"Os_IsrTerminatedFunctionType"
 769      73725465 
 769      726D696E 
 769      61746564 
 769      46756E63 
 770 07a9 01       		.byte	0x1
 771 07aa 8601     		.uahalf	0x186
 772 07ac D0030000 		.uaword	0x3d0
GAS Infineon TriCore Little Endian C:\\Users\\user1\\AppData\\Local\\Temp\\rta_RTAOS_638388406317960277_1736001\\ccNKBh4d.s 			page 18


 773 07b0 0C       		.uleb128 0xc
 774 07b1 4F735F49 		.string	"Os_ISRType_s"
 774      53525479 
 774      70655F73 
 774      00
 775 07be 18       		.byte	0x18
 776 07bf 01       		.byte	0x1
 777 07c0 8701     		.uahalf	0x187
 778 07c2 44080000 		.uaword	0x844
 779 07c6 0E       		.uleb128 0xe
 780 07c7 00000000 		.uaword	.LASF1
 781 07cb 01       		.byte	0x1
 782 07cc 8801     		.uahalf	0x188
 783 07ce B1030000 		.uaword	0x3b1
 784 07d2 02       		.byte	0x2
 785 07d3 23       		.byte	0x23
 786 07d4 00       		.uleb128 0
 787 07d5 0D       		.uleb128 0xd
 788 07d6 7465726D 		.string	"terminated_function"
 788      696E6174 
 788      65645F66 
 788      756E6374 
 788      696F6E00 
 789 07ea 01       		.byte	0x1
 790 07eb 8901     		.uahalf	0x189
 791 07ed 8B070000 		.uaword	0x78b
 792 07f1 02       		.byte	0x2
 793 07f2 23       		.byte	0x23
 794 07f3 04       		.uleb128 0x4
 795 07f4 0E       		.uleb128 0xe
 796 07f5 00000000 		.uaword	.LASF2
 797 07f9 01       		.byte	0x1
 798 07fa 8A01     		.uahalf	0x18a
 799 07fc 44080000 		.uaword	0x844
 800 0800 02       		.byte	0x2
 801 0801 23       		.byte	0x23
 802 0802 08       		.uleb128 0x8
 803 0803 0D       		.uleb128 0xd
 804 0804 696D6173 		.string	"imask"
 804      6B00
 805 080a 01       		.byte	0x1
 806 080b 8B01     		.uahalf	0x18b
 807 080d 0F070000 		.uaword	0x70f
 808 0811 02       		.byte	0x2
 809 0812 23       		.byte	0x23
 810 0813 0C       		.uleb128 0xc
 811 0814 0D       		.uleb128 0xd
 812 0815 696E6465 		.string	"index"
 812      7800
 813 081b 01       		.byte	0x1
 814 081c 8C01     		.uahalf	0x18c
 815 081e C1010000 		.uaword	0x1c1
 816 0822 02       		.byte	0x2
 817 0823 23       		.byte	0x23
 818 0824 10       		.uleb128 0x10
 819 0825 0E       		.uleb128 0xe
 820 0826 00000000 		.uaword	.LASF3
GAS Infineon TriCore Little Endian C:\\Users\\user1\\AppData\\Local\\Temp\\rta_RTAOS_638388406317960277_1736001\\ccNKBh4d.s 			page 19


 821 082a 01       		.byte	0x1
 822 082b 8D01     		.uahalf	0x18d
 823 082d 7F010000 		.uaword	0x17f
 824 0831 02       		.byte	0x2
 825 0832 23       		.byte	0x23
 826 0833 14       		.uleb128 0x14
 827 0834 0E       		.uleb128 0xe
 828 0835 00000000 		.uaword	.LASF4
 829 0839 01       		.byte	0x1
 830 083a 8E01     		.uahalf	0x18e
 831 083c D8030000 		.uaword	0x3d8
 832 0840 02       		.byte	0x2
 833 0841 23       		.byte	0x23
 834 0842 15       		.uleb128 0x15
 835 0843 00       		.byte	0
 836 0844 0F       		.uleb128 0xf
 837 0845 49080000 		.uaword	0x849
 838 0849 08       		.uleb128 0x8
 839 084a 04       		.byte	0x4
 840 084b 75070000 		.uaword	0x775
 841 084f 0A       		.uleb128 0xa
 842 0850 4F735F49 		.string	"Os_ISRType"
 842      53525479 
 842      706500
 843 085b 01       		.byte	0x1
 844 085c 8F01     		.uahalf	0x18f
 845 085e B0070000 		.uaword	0x7b0
 846 0862 0A       		.uleb128 0xa
 847 0863 49535254 		.string	"ISRType"
 847      79706500 
 848 086b 01       		.byte	0x1
 849 086c 9001     		.uahalf	0x190
 850 086e 72080000 		.uaword	0x872
 851 0872 08       		.uleb128 0x8
 852 0873 04       		.byte	0x4
 853 0874 78080000 		.uaword	0x878
 854 0878 0F       		.uleb128 0xf
 855 0879 4F080000 		.uaword	0x84f
 856 087d 0A       		.uleb128 0xa
 857 087e 4F735F62 		.string	"Os_bitmask"
 857      69746D61 
 857      736B00
 858 0889 01       		.byte	0x1
 859 088a A201     		.uahalf	0x1a2
 860 088c CF010000 		.uaword	0x1cf
 861 0890 0A       		.uleb128 0xa
 862 0891 4F735F70 		.string	"Os_pset0Type"
 862      73657430 
 862      54797065 
 862      00
 863 089e 01       		.byte	0x1
 864 089f A301     		.uahalf	0x1a3
 865 08a1 7D080000 		.uaword	0x87d
 866 08a5 0A       		.uleb128 0xa
 867 08a6 4F735F70 		.string	"Os_pset1Type"
 867      73657431 
 867      54797065 
GAS Infineon TriCore Little Endian C:\\Users\\user1\\AppData\\Local\\Temp\\rta_RTAOS_638388406317960277_1736001\\ccNKBh4d.s 			page 20


 867      00
 868 08b3 01       		.byte	0x1
 869 08b4 A401     		.uahalf	0x1a4
 870 08b6 7D080000 		.uaword	0x87d
 871 08ba 0A       		.uleb128 0xa
 872 08bb 4F735F70 		.string	"Os_pset2Type"
 872      73657432 
 872      54797065 
 872      00
 873 08c8 01       		.byte	0x1
 874 08c9 A501     		.uahalf	0x1a5
 875 08cb 7D080000 		.uaword	0x87d
 876 08cf 10       		.uleb128 0x10
 877 08d0 04       		.byte	0x4
 878 08d1 01       		.byte	0x1
 879 08d2 A601     		.uahalf	0x1a6
 880 08d4 FA080000 		.uaword	0x8fa
 881 08d8 11       		.uleb128 0x11
 882 08d9 703000   		.string	"p0"
 883 08dc 01       		.byte	0x1
 884 08dd A701     		.uahalf	0x1a7
 885 08df 90080000 		.uaword	0x890
 886 08e3 11       		.uleb128 0x11
 887 08e4 703100   		.string	"p1"
 888 08e7 01       		.byte	0x1
 889 08e8 A801     		.uahalf	0x1a8
 890 08ea A5080000 		.uaword	0x8a5
 891 08ee 11       		.uleb128 0x11
 892 08ef 703200   		.string	"p2"
 893 08f2 01       		.byte	0x1
 894 08f3 A901     		.uahalf	0x1a9
 895 08f5 BA080000 		.uaword	0x8ba
 896 08f9 00       		.byte	0
 897 08fa 0A       		.uleb128 0xa
 898 08fb 4F735F70 		.string	"Os_psetType"
 898      73657454 
 898      79706500 
 899 0907 01       		.byte	0x1
 900 0908 AA01     		.uahalf	0x1aa
 901 090a CF080000 		.uaword	0x8cf
 902 090e 10       		.uleb128 0x10
 903 090f 04       		.byte	0x4
 904 0910 01       		.byte	0x1
 905 0911 AC01     		.uahalf	0x1ac
 906 0913 39090000 		.uaword	0x939
 907 0917 11       		.uleb128 0x11
 908 0918 743000   		.string	"t0"
 909 091b 01       		.byte	0x1
 910 091c AD01     		.uahalf	0x1ad
 911 091e 7D080000 		.uaword	0x87d
 912 0922 11       		.uleb128 0x11
 913 0923 743100   		.string	"t1"
 914 0926 01       		.byte	0x1
 915 0927 AE01     		.uahalf	0x1ae
 916 0929 7D080000 		.uaword	0x87d
 917 092d 11       		.uleb128 0x11
 918 092e 743200   		.string	"t2"
GAS Infineon TriCore Little Endian C:\\Users\\user1\\AppData\\Local\\Temp\\rta_RTAOS_638388406317960277_1736001\\ccNKBh4d.s 			page 21


 919 0931 01       		.byte	0x1
 920 0932 AF01     		.uahalf	0x1af
 921 0934 7D080000 		.uaword	0x87d
 922 0938 00       		.byte	0
 923 0939 0A       		.uleb128 0xa
 924 093a 4F735F74 		.string	"Os_tpmaskType"
 924      706D6173 
 924      6B547970 
 924      6500
 925 0948 01       		.byte	0x1
 926 0949 B001     		.uahalf	0x1b0
 927 094b 0E090000 		.uaword	0x90e
 928 094f 0A       		.uleb128 0xa
 929 0950 4F735F41 		.string	"Os_ActivationCountType"
 929      63746976 
 929      6174696F 
 929      6E436F75 
 929      6E745479 
 930 0967 01       		.byte	0x1
 931 0968 B101     		.uahalf	0x1b1
 932 096a 8C010000 		.uaword	0x18c
 933 096e 0C       		.uleb128 0xc
 934 096f 4F735F54 		.string	"Os_TaskDynType_s"
 934      61736B44 
 934      796E5479 
 934      70655F73 
 934      00
 935 0980 5C       		.byte	0x5c
 936 0981 01       		.byte	0x1
 937 0982 B301     		.uahalf	0x1b3
 938 0984 290A0000 		.uaword	0xa29
 939 0988 0D       		.uleb128 0xd
 940 0989 6C617374 		.string	"last_activation"
 940      5F616374 
 940      69766174 
 940      696F6E00 
 941 0999 01       		.byte	0x1
 942 099a B401     		.uahalf	0x1b4
 943 099c 1B040000 		.uaword	0x41b
 944 09a0 02       		.byte	0x2
 945 09a1 23       		.byte	0x23
 946 09a2 00       		.uleb128 0
 947 09a3 0D       		.uleb128 0xd
 948 09a4 7465726D 		.string	"terminate_jump_buf"
 948      696E6174 
 948      655F6A75 
 948      6D705F62 
 948      756600
 949 09b7 01       		.byte	0x1
 950 09b8 B501     		.uahalf	0x1b5
 951 09ba 01030000 		.uaword	0x301
 952 09be 02       		.byte	0x2
 953 09bf 23       		.byte	0x23
 954 09c0 04       		.uleb128 0x4
 955 09c1 0D       		.uleb128 0xd
 956 09c2 6D657465 		.string	"meter"
 956      7200
GAS Infineon TriCore Little Endian C:\\Users\\user1\\AppData\\Local\\Temp\\rta_RTAOS_638388406317960277_1736001\\ccNKBh4d.s 			page 22


 957 09c8 01       		.byte	0x1
 958 09c9 B601     		.uahalf	0x1b6
 959 09cb D4060000 		.uaword	0x6d4
 960 09cf 02       		.byte	0x2
 961 09d0 23       		.byte	0x23
 962 09d1 48       		.uleb128 0x48
 963 09d2 0D       		.uleb128 0xd
 964 09d3 7365656E 		.string	"seen_activation"
 964      5F616374 
 964      69766174 
 964      696F6E00 
 965 09e3 01       		.byte	0x1
 966 09e4 B701     		.uahalf	0x1b7
 967 09e6 40020000 		.uaword	0x240
 968 09ea 02       		.byte	0x2
 969 09eb 23       		.byte	0x23
 970 09ec 54       		.uleb128 0x54
 971 09ed 0E       		.uleb128 0xe
 972 09ee 00000000 		.uaword	.LASF5
 973 09f2 01       		.byte	0x1
 974 09f3 B801     		.uahalf	0x1b8
 975 09f5 4F090000 		.uaword	0x94f
 976 09f9 02       		.byte	0x2
 977 09fa 23       		.byte	0x23
 978 09fb 55       		.uleb128 0x55
 979 09fc 0E       		.uleb128 0xe
 980 09fd 00000000 		.uaword	.LASF0
 981 0a01 01       		.byte	0x1
 982 0a02 B901     		.uahalf	0x1b9
 983 0a04 27030000 		.uaword	0x327
 984 0a08 02       		.byte	0x2
 985 0a09 23       		.byte	0x23
 986 0a0a 56       		.uleb128 0x56
 987 0a0b 0D       		.uleb128 0xd
 988 0a0c 7465726D 		.string	"termination_state"
 988      696E6174 
 988      696F6E5F 
 988      73746174 
 988      6500
 989 0a1e 01       		.byte	0x1
 990 0a1f BA01     		.uahalf	0x1ba
 991 0a21 C1010000 		.uaword	0x1c1
 992 0a25 02       		.byte	0x2
 993 0a26 23       		.byte	0x23
 994 0a27 58       		.uleb128 0x58
 995 0a28 00       		.byte	0
 996 0a29 0A       		.uleb128 0xa
 997 0a2a 4F735F54 		.string	"Os_TaskDynType"
 997      61736B44 
 997      796E5479 
 997      706500
 998 0a39 01       		.byte	0x1
 999 0a3a BB01     		.uahalf	0x1bb
 1000 0a3c 6E090000 		.uaword	0x96e
 1001 0a40 0C       		.uleb128 0xc
 1002 0a41 4F735F54 		.string	"Os_TaskType_s"
 1002      61736B54 
GAS Infineon TriCore Little Endian C:\\Users\\user1\\AppData\\Local\\Temp\\rta_RTAOS_638388406317960277_1736001\\ccNKBh4d.s 			page 23


 1002      7970655F 
 1002      7300
 1003 0a4f 20       		.byte	0x20
 1004 0a50 01       		.byte	0x1
 1005 0a51 BD01     		.uahalf	0x1bd
 1006 0a53 FD0A0000 		.uaword	0xafd
 1007 0a57 0E       		.uleb128 0xe
 1008 0a58 00000000 		.uaword	.LASF2
 1009 0a5c 01       		.byte	0x1
 1010 0a5d BE01     		.uahalf	0x1be
 1011 0a5f FD0A0000 		.uaword	0xafd
 1012 0a63 02       		.byte	0x2
 1013 0a64 23       		.byte	0x23
 1014 0a65 00       		.uleb128 0
 1015 0a66 0E       		.uleb128 0xe
 1016 0a67 00000000 		.uaword	.LASF1
 1017 0a6b 01       		.byte	0x1
 1018 0a6c BF01     		.uahalf	0x1bf
 1019 0a6e B1030000 		.uaword	0x3b1
 1020 0a72 02       		.byte	0x2
 1021 0a73 23       		.byte	0x23
 1022 0a74 04       		.uleb128 0x4
 1023 0a75 0D       		.uleb128 0xd
 1024 0a76 70736574 		.string	"pset"
 1024      00
 1025 0a7b 01       		.byte	0x1
 1026 0a7c C001     		.uahalf	0x1c0
 1027 0a7e FA080000 		.uaword	0x8fa
 1028 0a82 02       		.byte	0x2
 1029 0a83 23       		.byte	0x23
 1030 0a84 08       		.uleb128 0x8
 1031 0a85 0D       		.uleb128 0xd
 1032 0a86 62617365 		.string	"base_tpmask"
 1032      5F74706D 
 1032      61736B00 
 1033 0a92 01       		.byte	0x1
 1034 0a93 C101     		.uahalf	0x1c1
 1035 0a95 39090000 		.uaword	0x939
 1036 0a99 02       		.byte	0x2
 1037 0a9a 23       		.byte	0x23
 1038 0a9b 0C       		.uleb128 0xc
 1039 0a9c 0E       		.uleb128 0xe
 1040 0a9d 00000000 		.uaword	.LASF6
 1041 0aa1 01       		.byte	0x1
 1042 0aa2 C201     		.uahalf	0x1c2
 1043 0aa4 39090000 		.uaword	0x939
 1044 0aa8 02       		.byte	0x2
 1045 0aa9 23       		.byte	0x23
 1046 0aaa 10       		.uleb128 0x10
 1047 0aab 0D       		.uleb128 0xd
 1048 0aac 636F7265 		.string	"core_id"
 1048      5F696400 
 1049 0ab4 01       		.byte	0x1
 1050 0ab5 C301     		.uahalf	0x1c3
 1051 0ab7 6B040000 		.uaword	0x46b
 1052 0abb 02       		.byte	0x2
 1053 0abc 23       		.byte	0x23
GAS Infineon TriCore Little Endian C:\\Users\\user1\\AppData\\Local\\Temp\\rta_RTAOS_638388406317960277_1736001\\ccNKBh4d.s 			page 24


 1054 0abd 14       		.uleb128 0x14
 1055 0abe 0D       		.uleb128 0xd
 1056 0abf 696E6465 		.string	"index"
 1056      7800
 1057 0ac5 01       		.byte	0x1
 1058 0ac6 C401     		.uahalf	0x1c4
 1059 0ac8 C1010000 		.uaword	0x1c1
 1060 0acc 02       		.byte	0x2
 1061 0acd 23       		.byte	0x23
 1062 0ace 18       		.uleb128 0x18
 1063 0acf 0E       		.uleb128 0xe
 1064 0ad0 00000000 		.uaword	.LASF5
 1065 0ad4 01       		.byte	0x1
 1066 0ad5 C501     		.uahalf	0x1c5
 1067 0ad7 4F090000 		.uaword	0x94f
 1068 0adb 02       		.byte	0x2
 1069 0adc 23       		.byte	0x23
 1070 0add 1C       		.uleb128 0x1c
 1071 0ade 0E       		.uleb128 0xe
 1072 0adf 00000000 		.uaword	.LASF3
 1073 0ae3 01       		.byte	0x1
 1074 0ae4 C601     		.uahalf	0x1c6
 1075 0ae6 7F010000 		.uaword	0x17f
 1076 0aea 02       		.byte	0x2
 1077 0aeb 23       		.byte	0x23
 1078 0aec 1D       		.uleb128 0x1d
 1079 0aed 0E       		.uleb128 0xe
 1080 0aee 00000000 		.uaword	.LASF4
 1081 0af2 01       		.byte	0x1
 1082 0af3 C701     		.uahalf	0x1c7
 1083 0af5 D8030000 		.uaword	0x3d8
 1084 0af9 02       		.byte	0x2
 1085 0afa 23       		.byte	0x23
 1086 0afb 1E       		.uleb128 0x1e
 1087 0afc 00       		.byte	0
 1088 0afd 0F       		.uleb128 0xf
 1089 0afe 020B0000 		.uaword	0xb02
 1090 0b02 08       		.uleb128 0x8
 1091 0b03 04       		.byte	0x4
 1092 0b04 290A0000 		.uaword	0xa29
 1093 0b08 0A       		.uleb128 0xa
 1094 0b09 4F735F54 		.string	"Os_TaskType"
 1094      61736B54 
 1094      79706500 
 1095 0b15 01       		.byte	0x1
 1096 0b16 C801     		.uahalf	0x1c8
 1097 0b18 400A0000 		.uaword	0xa40
 1098 0b1c 0A       		.uleb128 0xa
 1099 0b1d 5461736B 		.string	"TaskType"
 1099      54797065 
 1099      00
 1100 0b26 01       		.byte	0x1
 1101 0b27 C901     		.uahalf	0x1c9
 1102 0b29 2D0B0000 		.uaword	0xb2d
 1103 0b2d 08       		.uleb128 0x8
 1104 0b2e 04       		.byte	0x4
 1105 0b2f 330B0000 		.uaword	0xb33
GAS Infineon TriCore Little Endian C:\\Users\\user1\\AppData\\Local\\Temp\\rta_RTAOS_638388406317960277_1736001\\ccNKBh4d.s 			page 25


 1106 0b33 0F       		.uleb128 0xf
 1107 0b34 080B0000 		.uaword	0xb08
 1108 0b38 10       		.uleb128 0x10
 1109 0b39 04       		.byte	0x4
 1110 0b3a 01       		.byte	0x1
 1111 0b3b E101     		.uahalf	0x1e1
 1112 0b3d 5C0B0000 		.uaword	0xb5c
 1113 0b41 12       		.uleb128 0x12
 1114 0b42 00000000 		.uaword	.LASF6
 1115 0b46 01       		.byte	0x1
 1116 0b47 E201     		.uahalf	0x1e2
 1117 0b49 39090000 		.uaword	0x939
 1118 0b4d 11       		.uleb128 0x11
 1119 0b4e 696D6173 		.string	"imask"
 1119      6B00
 1120 0b54 01       		.byte	0x1
 1121 0b55 E301     		.uahalf	0x1e3
 1122 0b57 0F070000 		.uaword	0x70f
 1123 0b5b 00       		.byte	0
 1124 0b5c 0C       		.uleb128 0xc
 1125 0b5d 4F735F52 		.string	"Os_ResourceDynType_s"
 1125      65736F75 
 1125      72636544 
 1125      796E5479 
 1125      70655F73 
 1126 0b72 0C       		.byte	0xc
 1127 0b73 01       		.byte	0x1
 1128 0b74 DE01     		.uahalf	0x1de
 1129 0b76 BF0B0000 		.uaword	0xbbf
 1130 0b7a 0D       		.uleb128 0xd
 1131 0b7b 61636365 		.string	"access_count"
 1131      73735F63 
 1131      6F756E74 
 1131      00
 1132 0b88 01       		.byte	0x1
 1133 0b89 DF01     		.uahalf	0x1df
 1134 0b8b 27030000 		.uaword	0x327
 1135 0b8f 02       		.byte	0x2
 1136 0b90 23       		.byte	0x23
 1137 0b91 00       		.uleb128 0
 1138 0b92 0D       		.uleb128 0xd
 1139 0b93 6C6F636B 		.string	"locker"
 1139      657200
 1140 0b9a 01       		.byte	0x1
 1141 0b9b E001     		.uahalf	0x1e0
 1142 0b9d 1C0B0000 		.uaword	0xb1c
 1143 0ba1 02       		.byte	0x2
 1144 0ba2 23       		.byte	0x23
 1145 0ba3 04       		.uleb128 0x4
 1146 0ba4 0D       		.uleb128 0xd
 1147 0ba5 73617665 		.string	"saved_priority"
 1147      645F7072 
 1147      696F7269 
 1147      747900
 1148 0bb4 01       		.byte	0x1
 1149 0bb5 E401     		.uahalf	0x1e4
 1150 0bb7 380B0000 		.uaword	0xb38
GAS Infineon TriCore Little Endian C:\\Users\\user1\\AppData\\Local\\Temp\\rta_RTAOS_638388406317960277_1736001\\ccNKBh4d.s 			page 26


 1151 0bbb 02       		.byte	0x2
 1152 0bbc 23       		.byte	0x23
 1153 0bbd 08       		.uleb128 0x8
 1154 0bbe 00       		.byte	0
 1155 0bbf 0A       		.uleb128 0xa
 1156 0bc0 4F735F52 		.string	"Os_ResourceDynType"
 1156      65736F75 
 1156      72636544 
 1156      796E5479 
 1156      706500
 1157 0bd3 01       		.byte	0x1
 1158 0bd4 E501     		.uahalf	0x1e5
 1159 0bd6 5C0B0000 		.uaword	0xb5c
 1160 0bda 0C       		.uleb128 0xc
 1161 0bdb 4F735F52 		.string	"Os_ResourceType_s"
 1161      65736F75 
 1161      72636554 
 1161      7970655F 
 1161      7300
 1162 0bed 10       		.byte	0x10
 1163 0bee 01       		.byte	0x1
 1164 0bef E601     		.uahalf	0x1e6
 1165 0bf1 340C0000 		.uaword	0xc34
 1166 0bf5 0E       		.uleb128 0xe
 1167 0bf6 00000000 		.uaword	.LASF2
 1168 0bfa 01       		.byte	0x1
 1169 0bfb E701     		.uahalf	0x1e7
 1170 0bfd 340C0000 		.uaword	0xc34
 1171 0c01 02       		.byte	0x2
 1172 0c02 23       		.byte	0x23
 1173 0c03 00       		.uleb128 0
 1174 0c04 0E       		.uleb128 0xe
 1175 0c05 00000000 		.uaword	.LASF6
 1176 0c09 01       		.byte	0x1
 1177 0c0a E801     		.uahalf	0x1e8
 1178 0c0c 39090000 		.uaword	0x939
 1179 0c10 02       		.byte	0x2
 1180 0c11 23       		.byte	0x23
 1181 0c12 04       		.uleb128 0x4
 1182 0c13 0D       		.uleb128 0xd
 1183 0c14 696D6173 		.string	"imask"
 1183      6B00
 1184 0c1a 01       		.byte	0x1
 1185 0c1b E901     		.uahalf	0x1e9
 1186 0c1d 0F070000 		.uaword	0x70f
 1187 0c21 02       		.byte	0x2
 1188 0c22 23       		.byte	0x23
 1189 0c23 08       		.uleb128 0x8
 1190 0c24 0E       		.uleb128 0xe
 1191 0c25 00000000 		.uaword	.LASF3
 1192 0c29 01       		.byte	0x1
 1193 0c2a EA01     		.uahalf	0x1ea
 1194 0c2c 7F010000 		.uaword	0x17f
 1195 0c30 02       		.byte	0x2
 1196 0c31 23       		.byte	0x23
 1197 0c32 0C       		.uleb128 0xc
 1198 0c33 00       		.byte	0
GAS Infineon TriCore Little Endian C:\\Users\\user1\\AppData\\Local\\Temp\\rta_RTAOS_638388406317960277_1736001\\ccNKBh4d.s 			page 27


 1199 0c34 0F       		.uleb128 0xf
 1200 0c35 390C0000 		.uaword	0xc39
 1201 0c39 08       		.uleb128 0x8
 1202 0c3a 04       		.byte	0x4
 1203 0c3b BF0B0000 		.uaword	0xbbf
 1204 0c3f 0A       		.uleb128 0xa
 1205 0c40 4F735F52 		.string	"Os_ResourceType"
 1205      65736F75 
 1205      72636554 
 1205      79706500 
 1206 0c50 01       		.byte	0x1
 1207 0c51 EB01     		.uahalf	0x1eb
 1208 0c53 DA0B0000 		.uaword	0xbda
 1209 0c57 0A       		.uleb128 0xa
 1210 0c58 5265736F 		.string	"ResourceType"
 1210      75726365 
 1210      54797065 
 1210      00
 1211 0c65 01       		.byte	0x1
 1212 0c66 EC01     		.uahalf	0x1ec
 1213 0c68 6C0C0000 		.uaword	0xc6c
 1214 0c6c 08       		.uleb128 0x8
 1215 0c6d 04       		.byte	0x4
 1216 0c6e 720C0000 		.uaword	0xc72
 1217 0c72 0F       		.uleb128 0xf
 1218 0c73 3F0C0000 		.uaword	0xc3f
 1219 0c77 0A       		.uleb128 0xa
 1220 0c78 4F535365 		.string	"OSServiceIdType"
 1220      72766963 
 1220      65496454 
 1220      79706500 
 1221 0c88 01       		.byte	0x1
 1222 0c89 5102     		.uahalf	0x251
 1223 0c8b 8C010000 		.uaword	0x18c
 1224 0c8f 0A       		.uleb128 0xa
 1225 0c90 4F735F42 		.string	"Os_BiggestType"
 1225      69676765 
 1225      73745479 
 1225      706500
 1226 0c9f 01       		.byte	0x1
 1227 0ca0 2503     		.uahalf	0x325
 1228 0ca2 CF010000 		.uaword	0x1cf
 1229 0ca6 13       		.uleb128 0x13
 1230 0ca7 10       		.byte	0x10
 1231 0ca8 01       		.byte	0x1
 1232 0ca9 2703     		.uahalf	0x327
 1233 0cab 140D0000 		.uaword	0xd14
 1234 0caf 0D       		.uleb128 0xd
 1235 0cb0 73657276 		.string	"service_id"
 1235      6963655F 
 1235      696400
 1236 0cbb 01       		.byte	0x1
 1237 0cbc 2803     		.uahalf	0x328
 1238 0cbe 770C0000 		.uaword	0xc77
 1239 0cc2 02       		.byte	0x2
 1240 0cc3 23       		.byte	0x23
 1241 0cc4 00       		.uleb128 0
GAS Infineon TriCore Little Endian C:\\Users\\user1\\AppData\\Local\\Temp\\rta_RTAOS_638388406317960277_1736001\\ccNKBh4d.s 			page 28


 1242 0cc5 0D       		.uleb128 0xd
 1243 0cc6 73657276 		.string	"service_param1"
 1243      6963655F 
 1243      70617261 
 1243      6D3100
 1244 0cd5 01       		.byte	0x1
 1245 0cd6 2903     		.uahalf	0x329
 1246 0cd8 8F0C0000 		.uaword	0xc8f
 1247 0cdc 02       		.byte	0x2
 1248 0cdd 23       		.byte	0x23
 1249 0cde 04       		.uleb128 0x4
 1250 0cdf 0D       		.uleb128 0xd
 1251 0ce0 73657276 		.string	"service_param2"
 1251      6963655F 
 1251      70617261 
 1251      6D3200
 1252 0cef 01       		.byte	0x1
 1253 0cf0 2A03     		.uahalf	0x32a
 1254 0cf2 8F0C0000 		.uaword	0xc8f
 1255 0cf6 02       		.byte	0x2
 1256 0cf7 23       		.byte	0x23
 1257 0cf8 08       		.uleb128 0x8
 1258 0cf9 0D       		.uleb128 0xd
 1259 0cfa 73657276 		.string	"service_param3"
 1259      6963655F 
 1259      70617261 
 1259      6D3300
 1260 0d09 01       		.byte	0x1
 1261 0d0a 2B03     		.uahalf	0x32b
 1262 0d0c 8F0C0000 		.uaword	0xc8f
 1263 0d10 02       		.byte	0x2
 1264 0d11 23       		.byte	0x23
 1265 0d12 0C       		.uleb128 0xc
 1266 0d13 00       		.byte	0
 1267 0d14 0A       		.uleb128 0xa
 1268 0d15 4F735F45 		.string	"Os_ErrorInformationType"
 1268      72726F72 
 1268      496E666F 
 1268      726D6174 
 1268      696F6E54 
 1269 0d2d 01       		.byte	0x1
 1270 0d2e 2C03     		.uahalf	0x32c
 1271 0d30 A60C0000 		.uaword	0xca6
 1272 0d34 0A       		.uleb128 0xa
 1273 0d35 4F735F4F 		.string	"Os_OrtiIdType"
 1273      72746949 
 1273      64547970 
 1273      6500
 1274 0d43 01       		.byte	0x1
 1275 0d44 3003     		.uahalf	0x330
 1276 0d46 8C010000 		.uaword	0x18c
 1277 0d4a 0B       		.uleb128 0xb
 1278 0d4b FA080000 		.uaword	0x8fa
 1279 0d4f 0B       		.uleb128 0xb
 1280 0d50 62080000 		.uaword	0x862
 1281 0d54 0B       		.uleb128 0xb
 1282 0d55 1C0B0000 		.uaword	0xb1c
GAS Infineon TriCore Little Endian C:\\Users\\user1\\AppData\\Local\\Temp\\rta_RTAOS_638388406317960277_1736001\\ccNKBh4d.s 			page 29


 1283 0d59 0B       		.uleb128 0xb
 1284 0d5a 39090000 		.uaword	0x939
 1285 0d5e 0B       		.uleb128 0xb
 1286 0d5f 37040000 		.uaword	0x437
 1287 0d63 0B       		.uleb128 0xb
 1288 0d64 D8030000 		.uaword	0x3d8
 1289 0d68 0A       		.uleb128 0xa
 1290 0d69 4F735F43 		.string	"Os_ControlledCoreType"
 1290      6F6E7472 
 1290      6F6C6C65 
 1290      64436F72 
 1290      65547970 
 1291 0d7f 01       		.byte	0x1
 1292 0d80 2404     		.uahalf	0x424
 1293 0d82 83040000 		.uaword	0x483
 1294 0d86 0C       		.uleb128 0xc
 1295 0d87 4F735F41 		.string	"Os_AnyCoreType_s"
 1295      6E79436F 
 1295      72655479 
 1295      70655F73 
 1295      00
 1296 0d98 64       		.byte	0x64
 1297 0d99 01       		.byte	0x1
 1298 0d9a 3204     		.uahalf	0x432
 1299 0d9c BF0E0000 		.uaword	0xebf
 1300 0da0 0D       		.uleb128 0xd
 1301 0da1 44697361 		.string	"DisableAllImask"
 1301      626C6541 
 1301      6C6C496D 
 1301      61736B00 
 1302 0db1 01       		.byte	0x1
 1303 0db2 3304     		.uahalf	0x433
 1304 0db4 BF0E0000 		.uaword	0xebf
 1305 0db8 02       		.byte	0x2
 1306 0db9 23       		.byte	0x23
 1307 0dba 00       		.uleb128 0
 1308 0dbb 0D       		.uleb128 0xd
 1309 0dbc 53757370 		.string	"SuspendAllImask"
 1309      656E6441 
 1309      6C6C496D 
 1309      61736B00 
 1310 0dcc 01       		.byte	0x1
 1311 0dcd 3404     		.uahalf	0x434
 1312 0dcf BF0E0000 		.uaword	0xebf
 1313 0dd3 02       		.byte	0x2
 1314 0dd4 23       		.byte	0x23
 1315 0dd5 04       		.uleb128 0x4
 1316 0dd6 0D       		.uleb128 0xd
 1317 0dd7 53757370 		.string	"SuspendOSImask"
 1317      656E644F 
 1317      53496D61 
 1317      736B00
 1318 0de6 01       		.byte	0x1
 1319 0de7 3504     		.uahalf	0x435
 1320 0de9 BF0E0000 		.uaword	0xebf
 1321 0ded 02       		.byte	0x2
 1322 0dee 23       		.byte	0x23
GAS Infineon TriCore Little Endian C:\\Users\\user1\\AppData\\Local\\Temp\\rta_RTAOS_638388406317960277_1736001\\ccNKBh4d.s 			page 30


 1323 0def 08       		.uleb128 0x8
 1324 0df0 0D       		.uleb128 0xd
 1325 0df1 44697361 		.string	"DisableAllCount"
 1325      626C6541 
 1325      6C6C436F 
 1325      756E7400 
 1326 0e01 01       		.byte	0x1
 1327 0e02 3604     		.uahalf	0x436
 1328 0e04 C40E0000 		.uaword	0xec4
 1329 0e08 02       		.byte	0x2
 1330 0e09 23       		.byte	0x23
 1331 0e0a 0C       		.uleb128 0xc
 1332 0e0b 0D       		.uleb128 0xd
 1333 0e0c 53757370 		.string	"SuspendAllCount"
 1333      656E6441 
 1333      6C6C436F 
 1333      756E7400 
 1334 0e1c 01       		.byte	0x1
 1335 0e1d 3704     		.uahalf	0x437
 1336 0e1f C40E0000 		.uaword	0xec4
 1337 0e23 02       		.byte	0x2
 1338 0e24 23       		.byte	0x23
 1339 0e25 10       		.uleb128 0x10
 1340 0e26 0D       		.uleb128 0xd
 1341 0e27 53757370 		.string	"SuspendOSCount"
 1341      656E644F 
 1341      53436F75 
 1341      6E7400
 1342 0e36 01       		.byte	0x1
 1343 0e37 3804     		.uahalf	0x438
 1344 0e39 C40E0000 		.uaword	0xec4
 1345 0e3d 02       		.byte	0x2
 1346 0e3e 23       		.byte	0x23
 1347 0e3f 14       		.uleb128 0x14
 1348 0e40 0D       		.uleb128 0xd
 1349 0e41 4F727469 		.string	"OrtiApiID"
 1349      41706949 
 1349      4400
 1350 0e4b 01       		.byte	0x1
 1351 0e4c 3904     		.uahalf	0x439
 1352 0e4e C90E0000 		.uaword	0xec9
 1353 0e52 02       		.byte	0x2
 1354 0e53 23       		.byte	0x23
 1355 0e54 18       		.uleb128 0x18
 1356 0e55 0D       		.uleb128 0xd
 1357 0e56 4F727469 		.string	"OrtiLastError"
 1357      4C617374 
 1357      4572726F 
 1357      7200
 1358 0e64 01       		.byte	0x1
 1359 0e65 3A04     		.uahalf	0x43a
 1360 0e67 4F020000 		.uaword	0x24f
 1361 0e6b 02       		.byte	0x2
 1362 0e6c 23       		.byte	0x23
 1363 0e6d 19       		.uleb128 0x19
 1364 0e6e 0D       		.uleb128 0xd
 1365 0e6f 52657374 		.string	"RestartJumpBuf"
GAS Infineon TriCore Little Endian C:\\Users\\user1\\AppData\\Local\\Temp\\rta_RTAOS_638388406317960277_1736001\\ccNKBh4d.s 			page 31


 1365      6172744A 
 1365      756D7042 
 1365      756600
 1366 0e7e 01       		.byte	0x1
 1367 0e7f 3B04     		.uahalf	0x43b
 1368 0e81 01030000 		.uaword	0x301
 1369 0e85 02       		.byte	0x2
 1370 0e86 23       		.byte	0x23
 1371 0e87 1C       		.uleb128 0x1c
 1372 0e88 0D       		.uleb128 0xd
 1373 0e89 52657374 		.string	"Restartable"
 1373      61727461 
 1373      626C6500 
 1374 0e95 01       		.byte	0x1
 1375 0e96 3C04     		.uahalf	0x43c
 1376 0e98 40020000 		.uaword	0x240
 1377 0e9c 02       		.byte	0x2
 1378 0e9d 23       		.byte	0x23
 1379 0e9e 60       		.uleb128 0x60
 1380 0e9f 0D       		.uleb128 0xd
 1381 0ea0 4C617374 		.string	"LastProtectionFault"
 1381      50726F74 
 1381      65637469 
 1381      6F6E4661 
 1381      756C7400 
 1382 0eb4 01       		.byte	0x1
 1383 0eb5 3D04     		.uahalf	0x43d
 1384 0eb7 4F020000 		.uaword	0x24f
 1385 0ebb 02       		.byte	0x2
 1386 0ebc 23       		.byte	0x23
 1387 0ebd 61       		.uleb128 0x61
 1388 0ebe 00       		.byte	0
 1389 0ebf 0B       		.uleb128 0xb
 1390 0ec0 0F070000 		.uaword	0x70f
 1391 0ec4 0B       		.uleb128 0xb
 1392 0ec5 C1010000 		.uaword	0x1c1
 1393 0ec9 0B       		.uleb128 0xb
 1394 0eca 340D0000 		.uaword	0xd34
 1395 0ece 0A       		.uleb128 0xa
 1396 0ecf 4F735F41 		.string	"Os_AnyCoreType"
 1396      6E79436F 
 1396      72655479 
 1396      706500
 1397 0ede 01       		.byte	0x1
 1398 0edf 3E04     		.uahalf	0x43e
 1399 0ee1 860D0000 		.uaword	0xd86
 1400 0ee5 0C       		.uleb128 0xc
 1401 0ee6 4F735F43 		.string	"Os_CoreConfiguration_s"
 1401      6F726543 
 1401      6F6E6669 
 1401      67757261 
 1401      74696F6E 
 1402 0efd 18       		.byte	0x18
 1403 0efe 01       		.byte	0x1
 1404 0eff 4904     		.uahalf	0x449
 1405 0f01 7F0F0000 		.uaword	0xf7f
 1406 0f05 0D       		.uleb128 0xd
GAS Infineon TriCore Little Endian C:\\Users\\user1\\AppData\\Local\\Temp\\rta_RTAOS_638388406317960277_1736001\\ccNKBh4d.s 			page 32


 1407 0f06 636F6E74 		.string	"controlled"
 1407      726F6C6C 
 1407      656400
 1408 0f11 01       		.byte	0x1
 1409 0f12 4A04     		.uahalf	0x44a
 1410 0f14 7F0F0000 		.uaword	0xf7f
 1411 0f18 02       		.byte	0x2
 1412 0f19 23       		.byte	0x23
 1413 0f1a 00       		.uleb128 0
 1414 0f1b 0D       		.uleb128 0xd
 1415 0f1c 616E7900 		.string	"any"
 1416 0f20 01       		.byte	0x1
 1417 0f21 4B04     		.uahalf	0x44b
 1418 0f23 8A0F0000 		.uaword	0xf8a
 1419 0f27 02       		.byte	0x2
 1420 0f28 23       		.byte	0x23
 1421 0f29 04       		.uleb128 0x4
 1422 0f2a 0D       		.uleb128 0xd
 1423 0f2b 73746174 		.string	"state"
 1423      6500
 1424 0f31 01       		.byte	0x1
 1425 0f32 4C04     		.uahalf	0x44c
 1426 0f34 950F0000 		.uaword	0xf95
 1427 0f38 02       		.byte	0x2
 1428 0f39 23       		.byte	0x23
 1429 0f3a 08       		.uleb128 0x8
 1430 0f3b 0D       		.uleb128 0xd
 1431 0f3c 64697370 		.string	"dispatch"
 1431      61746368 
 1431      00
 1432 0f45 01       		.byte	0x1
 1433 0f46 4D04     		.uahalf	0x44d
 1434 0f48 B1030000 		.uaword	0x3b1
 1435 0f4c 02       		.byte	0x2
 1436 0f4d 23       		.byte	0x23
 1437 0f4e 0C       		.uleb128 0xc
 1438 0f4f 0D       		.uleb128 0xd
 1439 0f50 4F735F52 		.string	"Os_Res_Scheduler"
 1439      65735F53 
 1439      63686564 
 1439      756C6572 
 1439      00
 1440 0f61 01       		.byte	0x1
 1441 0f62 4E04     		.uahalf	0x44e
 1442 0f64 570C0000 		.uaword	0xc57
 1443 0f68 02       		.byte	0x2
 1444 0f69 23       		.byte	0x23
 1445 0f6a 10       		.uleb128 0x10
 1446 0f6b 0D       		.uleb128 0xd
 1447 0f6c 636F7265 		.string	"core_id"
 1447      5F696400 
 1448 0f74 01       		.byte	0x1
 1449 0f75 4F04     		.uahalf	0x44f
 1450 0f77 6B040000 		.uaword	0x46b
 1451 0f7b 02       		.byte	0x2
 1452 0f7c 23       		.byte	0x23
 1453 0f7d 14       		.uleb128 0x14
GAS Infineon TriCore Little Endian C:\\Users\\user1\\AppData\\Local\\Temp\\rta_RTAOS_638388406317960277_1736001\\ccNKBh4d.s 			page 33


 1454 0f7e 00       		.byte	0
 1455 0f7f 0F       		.uleb128 0xf
 1456 0f80 840F0000 		.uaword	0xf84
 1457 0f84 08       		.uleb128 0x8
 1458 0f85 04       		.byte	0x4
 1459 0f86 680D0000 		.uaword	0xd68
 1460 0f8a 0F       		.uleb128 0xf
 1461 0f8b 8F0F0000 		.uaword	0xf8f
 1462 0f8f 08       		.uleb128 0x8
 1463 0f90 04       		.byte	0x4
 1464 0f91 CE0E0000 		.uaword	0xece
 1465 0f95 0F       		.uleb128 0xf
 1466 0f96 9A0F0000 		.uaword	0xf9a
 1467 0f9a 08       		.uleb128 0x8
 1468 0f9b 04       		.byte	0x4
 1469 0f9c A00F0000 		.uaword	0xfa0
 1470 0fa0 0B       		.uleb128 0xb
 1471 0fa1 03040000 		.uaword	0x403
 1472 0fa5 0A       		.uleb128 0xa
 1473 0fa6 4F735F43 		.string	"Os_CoreConfiguration"
 1473      6F726543 
 1473      6F6E6669 
 1473      67757261 
 1473      74696F6E 
 1474 0fbb 01       		.byte	0x1
 1475 0fbc 5004     		.uahalf	0x450
 1476 0fbe E50E0000 		.uaword	0xee5
 1477 0fc2 14       		.uleb128 0x14
 1478 0fc3 01       		.byte	0x1
 1479 0fc4 4F735F52 		.string	"Os_ReleaseResource"
 1479      656C6561 
 1479      73655265 
 1479      736F7572 
 1479      636500
 1480 0fd7 01       		.byte	0x1
 1481 0fd8 5605     		.uahalf	0x556
 1482 0fda 01       		.byte	0x1
 1483 0fdb 4F020000 		.uaword	0x24f
 1484 0fdf 00000000 		.uaword	.LFB0
 1485 0fe3 00000000 		.uaword	.LFE0
 1486 0fe7 00000000 		.uaword	.LLST0
 1487 0feb 01       		.byte	0x1
 1488 0fec CC110000 		.uaword	0x11cc
 1489 0ff0 15       		.uleb128 0x15
 1490 0ff1 52657349 		.string	"ResID"
 1490      4400
 1491 0ff7 01       		.byte	0x1
 1492 0ff8 5605     		.uahalf	0x556
 1493 0ffa 570C0000 		.uaword	0xc57
 1494 0ffe 00000000 		.uaword	.LLST1
 1495 1002 16       		.uleb128 0x16
 1496 1003 6170695F 		.string	"api_retval"
 1496      72657476 
 1496      616C00
 1497 100e 01       		.byte	0x1
 1498 100f 5705     		.uahalf	0x557
 1499 1011 4F020000 		.uaword	0x24f
GAS Infineon TriCore Little Endian C:\\Users\\user1\\AppData\\Local\\Temp\\rta_RTAOS_638388406317960277_1736001\\ccNKBh4d.s 			page 34


 1500 1015 00000000 		.uaword	.LLST2
 1501 1019 16       		.uleb128 0x16
 1502 101a 77616E74 		.string	"want_dispatch"
 1502      5F646973 
 1502      70617463 
 1502      6800
 1503 1028 01       		.byte	0x1
 1504 1029 5805     		.uahalf	0x558
 1505 102b 40020000 		.uaword	0x240
 1506 102f 00000000 		.uaword	.LLST3
 1507 1033 16       		.uleb128 0x16
 1508 1034 70726576 		.string	"previous_imask"
 1508      696F7573 
 1508      5F696D61 
 1508      736B00
 1509 1043 01       		.byte	0x1
 1510 1044 5905     		.uahalf	0x559
 1511 1046 0F070000 		.uaword	0x70f
 1512 104a 00000000 		.uaword	.LLST4
 1513 104e 17       		.uleb128 0x17
 1514 104f 6F735F63 		.string	"os_current_core_const"
 1514      75727265 
 1514      6E745F63 
 1514      6F72655F 
 1514      636F6E73 
 1515 1065 01       		.byte	0x1
 1516 1066 5A05     		.uahalf	0x55a
 1517 1068 CC110000 		.uaword	0x11cc
 1518 106c 18       		.uleb128 0x18
 1519 106d 6F735F63 		.string	"os_current_controlled_core"
 1519      75727265 
 1519      6E745F63 
 1519      6F6E7472 
 1519      6F6C6C65 
 1520 1088 01       		.byte	0x1
 1521 1089 5B05     		.uahalf	0x55b
 1522 108b 840F0000 		.uaword	0xf84
 1523 108f 01       		.byte	0x1
 1524 1090 6C       		.byte	0x6c
 1525 1091 18       		.uleb128 0x18
 1526 1092 6F735F63 		.string	"os_current_core"
 1526      75727265 
 1526      6E745F63 
 1526      6F726500 
 1527 10a2 01       		.byte	0x1
 1528 10a3 5C05     		.uahalf	0x55c
 1529 10a5 8F0F0000 		.uaword	0xf8f
 1530 10a9 01       		.byte	0x1
 1531 10aa 6D       		.byte	0x6d
 1532 10ab 16       		.uleb128 0x16
 1533 10ac 70726576 		.string	"previous_tmask"
 1533      696F7573 
 1533      5F746D61 
 1533      736B00
 1534 10bb 01       		.byte	0x1
 1535 10bc 5D05     		.uahalf	0x55d
 1536 10be EF030000 		.uaword	0x3ef
GAS Infineon TriCore Little Endian C:\\Users\\user1\\AppData\\Local\\Temp\\rta_RTAOS_638388406317960277_1736001\\ccNKBh4d.s 			page 35


 1537 10c2 00000000 		.uaword	.LLST5
 1538 10c6 19       		.uleb128 0x19
 1539 10c7 6170695F 		.string	"api_error_exit"
 1539      6572726F 
 1539      725F6578 
 1539      697400
 1540 10d6 01       		.byte	0x1
 1541 10d7 8D05     		.uahalf	0x58d
 1542 10d9 00000000 		.uaword	.L3
 1543 10dd 19       		.uleb128 0x19
 1544 10de 6170695F 		.string	"api_exit"
 1544      65786974 
 1544      00
 1545 10e7 01       		.byte	0x1
 1546 10e8 8F05     		.uahalf	0x58f
 1547 10ea 00000000 		.uaword	.L11
 1548 10ee 1A       		.uleb128 0x1a
 1549 10ef 00000000 		.uaword	.LBB2
 1550 10f3 00000000 		.uaword	.LBE2
 1551 10f7 0C110000 		.uaword	0x110c
 1552 10fb 16       		.uleb128 0x16
 1553 10fc 72657300 		.string	"res"
 1554 1100 01       		.byte	0x1
 1555 1101 5A05     		.uahalf	0x55a
 1556 1103 CF010000 		.uaword	0x1cf
 1557 1107 00000000 		.uaword	.LLST6
 1558 110b 00       		.byte	0
 1559 110c 1A       		.uleb128 0x1a
 1560 110d 00000000 		.uaword	.LBB3
 1561 1111 00000000 		.uaword	.LBE3
 1562 1115 2A110000 		.uaword	0x112a
 1563 1119 16       		.uleb128 0x16
 1564 111a 72657300 		.string	"res"
 1565 111e 01       		.byte	0x1
 1566 111f 5D05     		.uahalf	0x55d
 1567 1121 CF010000 		.uaword	0x1cf
 1568 1125 00000000 		.uaword	.LLST5
 1569 1129 00       		.byte	0
 1570 112a 1A       		.uleb128 0x1a
 1571 112b 00000000 		.uaword	.LBB4
 1572 112f 00000000 		.uaword	.LBE4
 1573 1133 44110000 		.uaword	0x1144
 1574 1137 17       		.uleb128 0x17
 1575 1138 72657300 		.string	"res"
 1576 113c 01       		.byte	0x1
 1577 113d 5F05     		.uahalf	0x55f
 1578 113f CF010000 		.uaword	0x1cf
 1579 1143 00       		.byte	0
 1580 1144 1A       		.uleb128 0x1a
 1581 1145 00000000 		.uaword	.LBB5
 1582 1149 00000000 		.uaword	.LBE5
 1583 114d 63110000 		.uaword	0x1163
 1584 1151 1B       		.uleb128 0x1b
 1585 1152 6E657776 		.string	"newval"
 1585      616C00
 1586 1159 01       		.byte	0x1
 1587 115a 5F05     		.uahalf	0x55f
GAS Infineon TriCore Little Endian C:\\Users\\user1\\AppData\\Local\\Temp\\rta_RTAOS_638388406317960277_1736001\\ccNKBh4d.s 			page 36


 1588 115c CF010000 		.uaword	0x1cf
 1589 1160 FF80     		.uahalf	0x80ff
 1590 1162 00       		.byte	0
 1591 1163 1A       		.uleb128 0x1a
 1592 1164 00000000 		.uaword	.LBB6
 1593 1168 00000000 		.uaword	.LBE6
 1594 116c 84110000 		.uaword	0x1184
 1595 1170 16       		.uleb128 0x16
 1596 1171 6E657776 		.string	"newval"
 1596      616C00
 1597 1178 01       		.byte	0x1
 1598 1179 9005     		.uahalf	0x590
 1599 117b CF010000 		.uaword	0x1cf
 1600 117f 00000000 		.uaword	.LLST8
 1601 1183 00       		.byte	0
 1602 1184 1C       		.uleb128 0x1c
 1603 1185 00000000 		.uaword	.LVL8
 1604 1189 0C120000 		.uaword	0x120c
 1605 118d 98110000 		.uaword	0x1198
 1606 1191 1D       		.uleb128 0x1d
 1607 1192 01       		.byte	0x1
 1608 1193 64       		.byte	0x64
 1609 1194 02       		.byte	0x2
 1610 1195 8F       		.byte	0x8f
 1611 1196 00       		.sleb128 0
 1612 1197 00       		.byte	0
 1613 1198 1C       		.uleb128 0x1c
 1614 1199 00000000 		.uaword	.LVL11
 1615 119d 34120000 		.uaword	0x1234
 1616 11a1 C3110000 		.uaword	0x11c3
 1617 11a5 1D       		.uleb128 0x1d
 1618 11a6 01       		.byte	0x1
 1619 11a7 57       		.byte	0x57
 1620 11a8 01       		.byte	0x1
 1621 11a9 30       		.byte	0x30
 1622 11aa 1D       		.uleb128 0x1d
 1623 11ab 01       		.byte	0x1
 1624 11ac 56       		.byte	0x56
 1625 11ad 02       		.byte	0x2
 1626 11ae 8F       		.byte	0x8f
 1627 11af 00       		.sleb128 0
 1628 11b0 1D       		.uleb128 0x1d
 1629 11b1 01       		.byte	0x1
 1630 11b2 55       		.byte	0x55
 1631 11b3 02       		.byte	0x2
 1632 11b4 08       		.byte	0x8
 1633 11b5 34       		.byte	0x34
 1634 11b6 1D       		.uleb128 0x1d
 1635 11b7 01       		.byte	0x1
 1636 11b8 54       		.byte	0x54
 1637 11b9 02       		.byte	0x2
 1638 11ba 7F       		.byte	0x7f
 1639 11bb 00       		.sleb128 0
 1640 11bc 1D       		.uleb128 0x1d
 1641 11bd 02       		.byte	0x2
 1642 11be 8A       		.byte	0x8a
 1643 11bf 00       		.sleb128 0
GAS Infineon TriCore Little Endian C:\\Users\\user1\\AppData\\Local\\Temp\\rta_RTAOS_638388406317960277_1736001\\ccNKBh4d.s 			page 37


 1644 11c0 01       		.byte	0x1
 1645 11c1 30       		.byte	0x30
 1646 11c2 00       		.byte	0
 1647 11c3 1E       		.uleb128 0x1e
 1648 11c4 00000000 		.uaword	.LVL17
 1649 11c8 02       		.byte	0x2
 1650 11c9 8F       		.byte	0x8f
 1651 11ca 00       		.sleb128 0
 1652 11cb 00       		.byte	0
 1653 11cc 08       		.uleb128 0x8
 1654 11cd 04       		.byte	0x4
 1655 11ce D2110000 		.uaword	0x11d2
 1656 11d2 0F       		.uleb128 0xf
 1657 11d3 A50F0000 		.uaword	0xfa5
 1658 11d7 06       		.uleb128 0x6
 1659 11d8 A50F0000 		.uaword	0xfa5
 1660 11dc E2110000 		.uaword	0x11e2
 1661 11e0 1F       		.uleb128 0x1f
 1662 11e1 00       		.byte	0
 1663 11e2 20       		.uleb128 0x20
 1664 11e3 4F735F63 		.string	"Os_const_coreconfiguration"
 1664      6F6E7374 
 1664      5F636F72 
 1664      65636F6E 
 1664      66696775 
 1665 11fe 01       		.byte	0x1
 1666 11ff 6A04     		.uahalf	0x46a
 1667 1201 07120000 		.uaword	0x1207
 1668 1205 01       		.byte	0x1
 1669 1206 01       		.byte	0x1
 1670 1207 0F       		.uleb128 0xf
 1671 1208 D7110000 		.uaword	0x11d7
 1672 120c 21       		.uleb128 0x21
 1673 120d 01       		.byte	0x1
 1674 120e 4F735F49 		.string	"Os_IsResourceValid"
 1674      73526573 
 1674      6F757263 
 1674      6556616C 
 1674      696400
 1675 1221 01       		.byte	0x1
 1676 1222 4005     		.uahalf	0x540
 1677 1224 01       		.byte	0x1
 1678 1225 40020000 		.uaword	0x240
 1679 1229 01       		.byte	0x1
 1680 122a 34120000 		.uaword	0x1234
 1681 122e 22       		.uleb128 0x22
 1682 122f 570C0000 		.uaword	0xc57
 1683 1233 00       		.byte	0
 1684 1234 23       		.uleb128 0x23
 1685 1235 01       		.byte	0x1
 1686 1236 4F735F45 		.string	"Os_ErrorLog"
 1686      72726F72 
 1686      4C6F6700 
 1687 1242 01       		.byte	0x1
 1688 1243 4805     		.uahalf	0x548
 1689 1245 01       		.byte	0x1
 1690 1246 01       		.byte	0x1
GAS Infineon TriCore Little Endian C:\\Users\\user1\\AppData\\Local\\Temp\\rta_RTAOS_638388406317960277_1736001\\ccNKBh4d.s 			page 38


 1691 1247 22       		.uleb128 0x22
 1692 1248 4F020000 		.uaword	0x24f
 1693 124c 22       		.uleb128 0x22
 1694 124d 770C0000 		.uaword	0xc77
 1695 1251 22       		.uleb128 0x22
 1696 1252 8F0C0000 		.uaword	0xc8f
 1697 1256 22       		.uleb128 0x22
 1698 1257 8F0C0000 		.uaword	0xc8f
 1699 125b 22       		.uleb128 0x22
 1700 125c 8F0C0000 		.uaword	0xc8f
 1701 1260 00       		.byte	0
 1702 1261 00       		.byte	0
 1703              	.section .debug_abbrev,"",@progbits
 1704              	.Ldebug_abbrev0:
 1705 0000 01       		.uleb128 0x1
 1706 0001 11       		.uleb128 0x11
 1707 0002 01       		.byte	0x1
 1708 0003 25       		.uleb128 0x25
 1709 0004 08       		.uleb128 0x8
 1710 0005 13       		.uleb128 0x13
 1711 0006 0B       		.uleb128 0xb
 1712 0007 03       		.uleb128 0x3
 1713 0008 08       		.uleb128 0x8
 1714 0009 55       		.uleb128 0x55
 1715 000a 06       		.uleb128 0x6
 1716 000b 11       		.uleb128 0x11
 1717 000c 01       		.uleb128 0x1
 1718 000d 52       		.uleb128 0x52
 1719 000e 01       		.uleb128 0x1
 1720 000f 10       		.uleb128 0x10
 1721 0010 06       		.uleb128 0x6
 1722 0011 00       		.byte	0
 1723 0012 00       		.byte	0
 1724 0013 02       		.uleb128 0x2
 1725 0014 16       		.uleb128 0x16
 1726 0015 00       		.byte	0
 1727 0016 03       		.uleb128 0x3
 1728 0017 08       		.uleb128 0x8
 1729 0018 3A       		.uleb128 0x3a
 1730 0019 0B       		.uleb128 0xb
 1731 001a 3B       		.uleb128 0x3b
 1732 001b 0B       		.uleb128 0xb
 1733 001c 49       		.uleb128 0x49
 1734 001d 13       		.uleb128 0x13
 1735 001e 00       		.byte	0
 1736 001f 00       		.byte	0
 1737 0020 03       		.uleb128 0x3
 1738 0021 24       		.uleb128 0x24
 1739 0022 00       		.byte	0
 1740 0023 0B       		.uleb128 0xb
 1741 0024 0B       		.uleb128 0xb
 1742 0025 3E       		.uleb128 0x3e
 1743 0026 0B       		.uleb128 0xb
 1744 0027 03       		.uleb128 0x3
 1745 0028 08       		.uleb128 0x8
 1746 0029 00       		.byte	0
 1747 002a 00       		.byte	0
GAS Infineon TriCore Little Endian C:\\Users\\user1\\AppData\\Local\\Temp\\rta_RTAOS_638388406317960277_1736001\\ccNKBh4d.s 			page 39


 1748 002b 04       		.uleb128 0x4
 1749 002c 13       		.uleb128 0x13
 1750 002d 01       		.byte	0x1
 1751 002e 0B       		.uleb128 0xb
 1752 002f 0B       		.uleb128 0xb
 1753 0030 3A       		.uleb128 0x3a
 1754 0031 0B       		.uleb128 0xb
 1755 0032 3B       		.uleb128 0x3b
 1756 0033 0B       		.uleb128 0xb
 1757 0034 01       		.uleb128 0x1
 1758 0035 13       		.uleb128 0x13
 1759 0036 00       		.byte	0
 1760 0037 00       		.byte	0
 1761 0038 05       		.uleb128 0x5
 1762 0039 0D       		.uleb128 0xd
 1763 003a 00       		.byte	0
 1764 003b 03       		.uleb128 0x3
 1765 003c 08       		.uleb128 0x8
 1766 003d 3A       		.uleb128 0x3a
 1767 003e 0B       		.uleb128 0xb
 1768 003f 3B       		.uleb128 0x3b
 1769 0040 0B       		.uleb128 0xb
 1770 0041 49       		.uleb128 0x49
 1771 0042 13       		.uleb128 0x13
 1772 0043 38       		.uleb128 0x38
 1773 0044 0A       		.uleb128 0xa
 1774 0045 00       		.byte	0
 1775 0046 00       		.byte	0
 1776 0047 06       		.uleb128 0x6
 1777 0048 01       		.uleb128 0x1
 1778 0049 01       		.byte	0x1
 1779 004a 49       		.uleb128 0x49
 1780 004b 13       		.uleb128 0x13
 1781 004c 01       		.uleb128 0x1
 1782 004d 13       		.uleb128 0x13
 1783 004e 00       		.byte	0
 1784 004f 00       		.byte	0
 1785 0050 07       		.uleb128 0x7
 1786 0051 21       		.uleb128 0x21
 1787 0052 00       		.byte	0
 1788 0053 49       		.uleb128 0x49
 1789 0054 13       		.uleb128 0x13
 1790 0055 2F       		.uleb128 0x2f
 1791 0056 0B       		.uleb128 0xb
 1792 0057 00       		.byte	0
 1793 0058 00       		.byte	0
 1794 0059 08       		.uleb128 0x8
 1795 005a 0F       		.uleb128 0xf
 1796 005b 00       		.byte	0
 1797 005c 0B       		.uleb128 0xb
 1798 005d 0B       		.uleb128 0xb
 1799 005e 49       		.uleb128 0x49
 1800 005f 13       		.uleb128 0x13
 1801 0060 00       		.byte	0
 1802 0061 00       		.byte	0
 1803 0062 09       		.uleb128 0x9
 1804 0063 15       		.uleb128 0x15
GAS Infineon TriCore Little Endian C:\\Users\\user1\\AppData\\Local\\Temp\\rta_RTAOS_638388406317960277_1736001\\ccNKBh4d.s 			page 40


 1805 0064 00       		.byte	0
 1806 0065 27       		.uleb128 0x27
 1807 0066 0C       		.uleb128 0xc
 1808 0067 00       		.byte	0
 1809 0068 00       		.byte	0
 1810 0069 0A       		.uleb128 0xa
 1811 006a 16       		.uleb128 0x16
 1812 006b 00       		.byte	0
 1813 006c 03       		.uleb128 0x3
 1814 006d 08       		.uleb128 0x8
 1815 006e 3A       		.uleb128 0x3a
 1816 006f 0B       		.uleb128 0xb
 1817 0070 3B       		.uleb128 0x3b
 1818 0071 05       		.uleb128 0x5
 1819 0072 49       		.uleb128 0x49
 1820 0073 13       		.uleb128 0x13
 1821 0074 00       		.byte	0
 1822 0075 00       		.byte	0
 1823 0076 0B       		.uleb128 0xb
 1824 0077 35       		.uleb128 0x35
 1825 0078 00       		.byte	0
 1826 0079 49       		.uleb128 0x49
 1827 007a 13       		.uleb128 0x13
 1828 007b 00       		.byte	0
 1829 007c 00       		.byte	0
 1830 007d 0C       		.uleb128 0xc
 1831 007e 13       		.uleb128 0x13
 1832 007f 01       		.byte	0x1
 1833 0080 03       		.uleb128 0x3
 1834 0081 08       		.uleb128 0x8
 1835 0082 0B       		.uleb128 0xb
 1836 0083 0B       		.uleb128 0xb
 1837 0084 3A       		.uleb128 0x3a
 1838 0085 0B       		.uleb128 0xb
 1839 0086 3B       		.uleb128 0x3b
 1840 0087 05       		.uleb128 0x5
 1841 0088 01       		.uleb128 0x1
 1842 0089 13       		.uleb128 0x13
 1843 008a 00       		.byte	0
 1844 008b 00       		.byte	0
 1845 008c 0D       		.uleb128 0xd
 1846 008d 0D       		.uleb128 0xd
 1847 008e 00       		.byte	0
 1848 008f 03       		.uleb128 0x3
 1849 0090 08       		.uleb128 0x8
 1850 0091 3A       		.uleb128 0x3a
 1851 0092 0B       		.uleb128 0xb
 1852 0093 3B       		.uleb128 0x3b
 1853 0094 05       		.uleb128 0x5
 1854 0095 49       		.uleb128 0x49
 1855 0096 13       		.uleb128 0x13
 1856 0097 38       		.uleb128 0x38
 1857 0098 0A       		.uleb128 0xa
 1858 0099 00       		.byte	0
 1859 009a 00       		.byte	0
 1860 009b 0E       		.uleb128 0xe
 1861 009c 0D       		.uleb128 0xd
GAS Infineon TriCore Little Endian C:\\Users\\user1\\AppData\\Local\\Temp\\rta_RTAOS_638388406317960277_1736001\\ccNKBh4d.s 			page 41


 1862 009d 00       		.byte	0
 1863 009e 03       		.uleb128 0x3
 1864 009f 0E       		.uleb128 0xe
 1865 00a0 3A       		.uleb128 0x3a
 1866 00a1 0B       		.uleb128 0xb
 1867 00a2 3B       		.uleb128 0x3b
 1868 00a3 05       		.uleb128 0x5
 1869 00a4 49       		.uleb128 0x49
 1870 00a5 13       		.uleb128 0x13
 1871 00a6 38       		.uleb128 0x38
 1872 00a7 0A       		.uleb128 0xa
 1873 00a8 00       		.byte	0
 1874 00a9 00       		.byte	0
 1875 00aa 0F       		.uleb128 0xf
 1876 00ab 26       		.uleb128 0x26
 1877 00ac 00       		.byte	0
 1878 00ad 49       		.uleb128 0x49
 1879 00ae 13       		.uleb128 0x13
 1880 00af 00       		.byte	0
 1881 00b0 00       		.byte	0
 1882 00b1 10       		.uleb128 0x10
 1883 00b2 17       		.uleb128 0x17
 1884 00b3 01       		.byte	0x1
 1885 00b4 0B       		.uleb128 0xb
 1886 00b5 0B       		.uleb128 0xb
 1887 00b6 3A       		.uleb128 0x3a
 1888 00b7 0B       		.uleb128 0xb
 1889 00b8 3B       		.uleb128 0x3b
 1890 00b9 05       		.uleb128 0x5
 1891 00ba 01       		.uleb128 0x1
 1892 00bb 13       		.uleb128 0x13
 1893 00bc 00       		.byte	0
 1894 00bd 00       		.byte	0
 1895 00be 11       		.uleb128 0x11
 1896 00bf 0D       		.uleb128 0xd
 1897 00c0 00       		.byte	0
 1898 00c1 03       		.uleb128 0x3
 1899 00c2 08       		.uleb128 0x8
 1900 00c3 3A       		.uleb128 0x3a
 1901 00c4 0B       		.uleb128 0xb
 1902 00c5 3B       		.uleb128 0x3b
 1903 00c6 05       		.uleb128 0x5
 1904 00c7 49       		.uleb128 0x49
 1905 00c8 13       		.uleb128 0x13
 1906 00c9 00       		.byte	0
 1907 00ca 00       		.byte	0
 1908 00cb 12       		.uleb128 0x12
 1909 00cc 0D       		.uleb128 0xd
 1910 00cd 00       		.byte	0
 1911 00ce 03       		.uleb128 0x3
 1912 00cf 0E       		.uleb128 0xe
 1913 00d0 3A       		.uleb128 0x3a
 1914 00d1 0B       		.uleb128 0xb
 1915 00d2 3B       		.uleb128 0x3b
 1916 00d3 05       		.uleb128 0x5
 1917 00d4 49       		.uleb128 0x49
 1918 00d5 13       		.uleb128 0x13
GAS Infineon TriCore Little Endian C:\\Users\\user1\\AppData\\Local\\Temp\\rta_RTAOS_638388406317960277_1736001\\ccNKBh4d.s 			page 42


 1919 00d6 00       		.byte	0
 1920 00d7 00       		.byte	0
 1921 00d8 13       		.uleb128 0x13
 1922 00d9 13       		.uleb128 0x13
 1923 00da 01       		.byte	0x1
 1924 00db 0B       		.uleb128 0xb
 1925 00dc 0B       		.uleb128 0xb
 1926 00dd 3A       		.uleb128 0x3a
 1927 00de 0B       		.uleb128 0xb
 1928 00df 3B       		.uleb128 0x3b
 1929 00e0 05       		.uleb128 0x5
 1930 00e1 01       		.uleb128 0x1
 1931 00e2 13       		.uleb128 0x13
 1932 00e3 00       		.byte	0
 1933 00e4 00       		.byte	0
 1934 00e5 14       		.uleb128 0x14
 1935 00e6 2E       		.uleb128 0x2e
 1936 00e7 01       		.byte	0x1
 1937 00e8 3F       		.uleb128 0x3f
 1938 00e9 0C       		.uleb128 0xc
 1939 00ea 03       		.uleb128 0x3
 1940 00eb 08       		.uleb128 0x8
 1941 00ec 3A       		.uleb128 0x3a
 1942 00ed 0B       		.uleb128 0xb
 1943 00ee 3B       		.uleb128 0x3b
 1944 00ef 05       		.uleb128 0x5
 1945 00f0 27       		.uleb128 0x27
 1946 00f1 0C       		.uleb128 0xc
 1947 00f2 49       		.uleb128 0x49
 1948 00f3 13       		.uleb128 0x13
 1949 00f4 11       		.uleb128 0x11
 1950 00f5 01       		.uleb128 0x1
 1951 00f6 12       		.uleb128 0x12
 1952 00f7 01       		.uleb128 0x1
 1953 00f8 40       		.uleb128 0x40
 1954 00f9 06       		.uleb128 0x6
 1955 00fa 9742     		.uleb128 0x2117
 1956 00fc 0C       		.uleb128 0xc
 1957 00fd 01       		.uleb128 0x1
 1958 00fe 13       		.uleb128 0x13
 1959 00ff 00       		.byte	0
 1960 0100 00       		.byte	0
 1961 0101 15       		.uleb128 0x15
 1962 0102 05       		.uleb128 0x5
 1963 0103 00       		.byte	0
 1964 0104 03       		.uleb128 0x3
 1965 0105 08       		.uleb128 0x8
 1966 0106 3A       		.uleb128 0x3a
 1967 0107 0B       		.uleb128 0xb
 1968 0108 3B       		.uleb128 0x3b
 1969 0109 05       		.uleb128 0x5
 1970 010a 49       		.uleb128 0x49
 1971 010b 13       		.uleb128 0x13
 1972 010c 02       		.uleb128 0x2
 1973 010d 06       		.uleb128 0x6
 1974 010e 00       		.byte	0
 1975 010f 00       		.byte	0
GAS Infineon TriCore Little Endian C:\\Users\\user1\\AppData\\Local\\Temp\\rta_RTAOS_638388406317960277_1736001\\ccNKBh4d.s 			page 43


 1976 0110 16       		.uleb128 0x16
 1977 0111 34       		.uleb128 0x34
 1978 0112 00       		.byte	0
 1979 0113 03       		.uleb128 0x3
 1980 0114 08       		.uleb128 0x8
 1981 0115 3A       		.uleb128 0x3a
 1982 0116 0B       		.uleb128 0xb
 1983 0117 3B       		.uleb128 0x3b
 1984 0118 05       		.uleb128 0x5
 1985 0119 49       		.uleb128 0x49
 1986 011a 13       		.uleb128 0x13
 1987 011b 02       		.uleb128 0x2
 1988 011c 06       		.uleb128 0x6
 1989 011d 00       		.byte	0
 1990 011e 00       		.byte	0
 1991 011f 17       		.uleb128 0x17
 1992 0120 34       		.uleb128 0x34
 1993 0121 00       		.byte	0
 1994 0122 03       		.uleb128 0x3
 1995 0123 08       		.uleb128 0x8
 1996 0124 3A       		.uleb128 0x3a
 1997 0125 0B       		.uleb128 0xb
 1998 0126 3B       		.uleb128 0x3b
 1999 0127 05       		.uleb128 0x5
 2000 0128 49       		.uleb128 0x49
 2001 0129 13       		.uleb128 0x13
 2002 012a 00       		.byte	0
 2003 012b 00       		.byte	0
 2004 012c 18       		.uleb128 0x18
 2005 012d 34       		.uleb128 0x34
 2006 012e 00       		.byte	0
 2007 012f 03       		.uleb128 0x3
 2008 0130 08       		.uleb128 0x8
 2009 0131 3A       		.uleb128 0x3a
 2010 0132 0B       		.uleb128 0xb
 2011 0133 3B       		.uleb128 0x3b
 2012 0134 05       		.uleb128 0x5
 2013 0135 49       		.uleb128 0x49
 2014 0136 13       		.uleb128 0x13
 2015 0137 02       		.uleb128 0x2
 2016 0138 0A       		.uleb128 0xa
 2017 0139 00       		.byte	0
 2018 013a 00       		.byte	0
 2019 013b 19       		.uleb128 0x19
 2020 013c 0A       		.uleb128 0xa
 2021 013d 00       		.byte	0
 2022 013e 03       		.uleb128 0x3
 2023 013f 08       		.uleb128 0x8
 2024 0140 3A       		.uleb128 0x3a
 2025 0141 0B       		.uleb128 0xb
 2026 0142 3B       		.uleb128 0x3b
 2027 0143 05       		.uleb128 0x5
 2028 0144 11       		.uleb128 0x11
 2029 0145 01       		.uleb128 0x1
 2030 0146 00       		.byte	0
 2031 0147 00       		.byte	0
 2032 0148 1A       		.uleb128 0x1a
GAS Infineon TriCore Little Endian C:\\Users\\user1\\AppData\\Local\\Temp\\rta_RTAOS_638388406317960277_1736001\\ccNKBh4d.s 			page 44


 2033 0149 0B       		.uleb128 0xb
 2034 014a 01       		.byte	0x1
 2035 014b 11       		.uleb128 0x11
 2036 014c 01       		.uleb128 0x1
 2037 014d 12       		.uleb128 0x12
 2038 014e 01       		.uleb128 0x1
 2039 014f 01       		.uleb128 0x1
 2040 0150 13       		.uleb128 0x13
 2041 0151 00       		.byte	0
 2042 0152 00       		.byte	0
 2043 0153 1B       		.uleb128 0x1b
 2044 0154 34       		.uleb128 0x34
 2045 0155 00       		.byte	0
 2046 0156 03       		.uleb128 0x3
 2047 0157 08       		.uleb128 0x8
 2048 0158 3A       		.uleb128 0x3a
 2049 0159 0B       		.uleb128 0xb
 2050 015a 3B       		.uleb128 0x3b
 2051 015b 05       		.uleb128 0x5
 2052 015c 49       		.uleb128 0x49
 2053 015d 13       		.uleb128 0x13
 2054 015e 1C       		.uleb128 0x1c
 2055 015f 05       		.uleb128 0x5
 2056 0160 00       		.byte	0
 2057 0161 00       		.byte	0
 2058 0162 1C       		.uleb128 0x1c
 2059 0163 898201   		.uleb128 0x4109
 2060 0166 01       		.byte	0x1
 2061 0167 11       		.uleb128 0x11
 2062 0168 01       		.uleb128 0x1
 2063 0169 31       		.uleb128 0x31
 2064 016a 13       		.uleb128 0x13
 2065 016b 01       		.uleb128 0x1
 2066 016c 13       		.uleb128 0x13
 2067 016d 00       		.byte	0
 2068 016e 00       		.byte	0
 2069 016f 1D       		.uleb128 0x1d
 2070 0170 8A8201   		.uleb128 0x410a
 2071 0173 00       		.byte	0
 2072 0174 02       		.uleb128 0x2
 2073 0175 0A       		.uleb128 0xa
 2074 0176 9142     		.uleb128 0x2111
 2075 0178 0A       		.uleb128 0xa
 2076 0179 00       		.byte	0
 2077 017a 00       		.byte	0
 2078 017b 1E       		.uleb128 0x1e
 2079 017c 898201   		.uleb128 0x4109
 2080 017f 00       		.byte	0
 2081 0180 11       		.uleb128 0x11
 2082 0181 01       		.uleb128 0x1
 2083 0182 9342     		.uleb128 0x2113
 2084 0184 0A       		.uleb128 0xa
 2085 0185 00       		.byte	0
 2086 0186 00       		.byte	0
 2087 0187 1F       		.uleb128 0x1f
 2088 0188 21       		.uleb128 0x21
 2089 0189 00       		.byte	0
GAS Infineon TriCore Little Endian C:\\Users\\user1\\AppData\\Local\\Temp\\rta_RTAOS_638388406317960277_1736001\\ccNKBh4d.s 			page 45


 2090 018a 00       		.byte	0
 2091 018b 00       		.byte	0
 2092 018c 20       		.uleb128 0x20
 2093 018d 34       		.uleb128 0x34
 2094 018e 00       		.byte	0
 2095 018f 03       		.uleb128 0x3
 2096 0190 08       		.uleb128 0x8
 2097 0191 3A       		.uleb128 0x3a
 2098 0192 0B       		.uleb128 0xb
 2099 0193 3B       		.uleb128 0x3b
 2100 0194 05       		.uleb128 0x5
 2101 0195 49       		.uleb128 0x49
 2102 0196 13       		.uleb128 0x13
 2103 0197 3F       		.uleb128 0x3f
 2104 0198 0C       		.uleb128 0xc
 2105 0199 3C       		.uleb128 0x3c
 2106 019a 0C       		.uleb128 0xc
 2107 019b 00       		.byte	0
 2108 019c 00       		.byte	0
 2109 019d 21       		.uleb128 0x21
 2110 019e 2E       		.uleb128 0x2e
 2111 019f 01       		.byte	0x1
 2112 01a0 3F       		.uleb128 0x3f
 2113 01a1 0C       		.uleb128 0xc
 2114 01a2 03       		.uleb128 0x3
 2115 01a3 08       		.uleb128 0x8
 2116 01a4 3A       		.uleb128 0x3a
 2117 01a5 0B       		.uleb128 0xb
 2118 01a6 3B       		.uleb128 0x3b
 2119 01a7 05       		.uleb128 0x5
 2120 01a8 27       		.uleb128 0x27
 2121 01a9 0C       		.uleb128 0xc
 2122 01aa 49       		.uleb128 0x49
 2123 01ab 13       		.uleb128 0x13
 2124 01ac 3C       		.uleb128 0x3c
 2125 01ad 0C       		.uleb128 0xc
 2126 01ae 01       		.uleb128 0x1
 2127 01af 13       		.uleb128 0x13
 2128 01b0 00       		.byte	0
 2129 01b1 00       		.byte	0
 2130 01b2 22       		.uleb128 0x22
 2131 01b3 05       		.uleb128 0x5
 2132 01b4 00       		.byte	0
 2133 01b5 49       		.uleb128 0x49
 2134 01b6 13       		.uleb128 0x13
 2135 01b7 00       		.byte	0
 2136 01b8 00       		.byte	0
 2137 01b9 23       		.uleb128 0x23
 2138 01ba 2E       		.uleb128 0x2e
 2139 01bb 01       		.byte	0x1
 2140 01bc 3F       		.uleb128 0x3f
 2141 01bd 0C       		.uleb128 0xc
 2142 01be 03       		.uleb128 0x3
 2143 01bf 08       		.uleb128 0x8
 2144 01c0 3A       		.uleb128 0x3a
 2145 01c1 0B       		.uleb128 0xb
 2146 01c2 3B       		.uleb128 0x3b
GAS Infineon TriCore Little Endian C:\\Users\\user1\\AppData\\Local\\Temp\\rta_RTAOS_638388406317960277_1736001\\ccNKBh4d.s 			page 46


 2147 01c3 05       		.uleb128 0x5
 2148 01c4 27       		.uleb128 0x27
 2149 01c5 0C       		.uleb128 0xc
 2150 01c6 3C       		.uleb128 0x3c
 2151 01c7 0C       		.uleb128 0xc
 2152 01c8 00       		.byte	0
 2153 01c9 00       		.byte	0
 2154 01ca 00       		.byte	0
 2155              	.section .debug_loc,"",@progbits
 2156              	.Ldebug_loc0:
 2157              	.LLST0:
 2158 0000 00000000 		.uaword	.LFB0
 2159 0004 00000000 		.uaword	.LCFI0
 2160 0008 0200     		.uahalf	0x2
 2161 000a 8A       		.byte	0x8a
 2162 000b 00       		.sleb128 0
 2163 000c 00000000 		.uaword	.LCFI0
 2164 0010 00000000 		.uaword	.LFE0
 2165 0014 0200     		.uahalf	0x2
 2166 0016 8A       		.byte	0x8a
 2167 0017 08       		.sleb128 8
 2168 0018 00000000 		.uaword	0
 2169 001c 00000000 		.uaword	0
 2170              	.LLST1:
 2171 0020 00000000 		.uaword	.LVL0
 2172 0024 00000000 		.uaword	.LVL7
 2173 0028 0100     		.uahalf	0x1
 2174 002a 64       		.byte	0x64
 2175 002b 00000000 		.uaword	.LVL7
 2176 002f 00000000 		.uaword	.LVL11
 2177 0033 0100     		.uahalf	0x1
 2178 0035 6F       		.byte	0x6f
 2179 0036 00000000 		.uaword	.LVL11
 2180 003a 00000000 		.uaword	.LVL12
 2181 003e 0400     		.uahalf	0x4
 2182 0040 F3       		.byte	0xf3
 2183 0041 01       		.uleb128 0x1
 2184 0042 64       		.byte	0x64
 2185 0043 9F       		.byte	0x9f
 2186 0044 00000000 		.uaword	.LVL12
 2187 0048 00000000 		.uaword	.LVL16
 2188 004c 0100     		.uahalf	0x1
 2189 004e 6F       		.byte	0x6f
 2190 004f 00000000 		.uaword	.LVL16
 2191 0053 00000000 		.uaword	.LVL18
 2192 0057 0400     		.uahalf	0x4
 2193 0059 F3       		.byte	0xf3
 2194 005a 01       		.uleb128 0x1
 2195 005b 64       		.byte	0x64
 2196 005c 9F       		.byte	0x9f
 2197 005d 00000000 		.uaword	.LVL18
 2198 0061 00000000 		.uaword	.LFE0
 2199 0065 0100     		.uahalf	0x1
 2200 0067 6F       		.byte	0x6f
 2201 0068 00000000 		.uaword	0
 2202 006c 00000000 		.uaword	0
 2203              	.LLST2:
GAS Infineon TriCore Little Endian C:\\Users\\user1\\AppData\\Local\\Temp\\rta_RTAOS_638388406317960277_1736001\\ccNKBh4d.s 			page 47


 2204 0070 00000000 		.uaword	.LVL0
 2205 0074 00000000 		.uaword	.LVL10
 2206 0078 0200     		.uahalf	0x2
 2207 007a 30       		.byte	0x30
 2208 007b 9F       		.byte	0x9f
 2209 007c 00000000 		.uaword	.LVL10
 2210 0080 00000000 		.uaword	.LVL12
 2211 0084 0100     		.uahalf	0x1
 2212 0086 5F       		.byte	0x5f
 2213 0087 00000000 		.uaword	.LVL12
 2214 008b 00000000 		.uaword	.LFE0
 2215 008f 0200     		.uahalf	0x2
 2216 0091 30       		.byte	0x30
 2217 0092 9F       		.byte	0x9f
 2218 0093 00000000 		.uaword	0
 2219 0097 00000000 		.uaword	0
 2220              	.LLST3:
 2221 009b 00000000 		.uaword	.LVL0
 2222 009f 00000000 		.uaword	.LVL11
 2223 00a3 0200     		.uahalf	0x2
 2224 00a5 30       		.byte	0x30
 2225 00a6 9F       		.byte	0x9f
 2226 00a7 00000000 		.uaword	.LVL12
 2227 00ab 00000000 		.uaword	.LVL15
 2228 00af 0200     		.uahalf	0x2
 2229 00b1 30       		.byte	0x30
 2230 00b2 9F       		.byte	0x9f
 2231 00b3 00000000 		.uaword	.LVL15
 2232 00b7 00000000 		.uaword	.LVL17-1
 2233 00bb 0E00     		.uahalf	0xe
 2234 00bd 72       		.byte	0x72
 2235 00be 00       		.sleb128 0
 2236 00bf 40       		.byte	0x40
 2237 00c0 4B       		.byte	0x4b
 2238 00c1 24       		.byte	0x24
 2239 00c2 22       		.byte	0x22
 2240 00c3 73       		.byte	0x73
 2241 00c4 00       		.sleb128 0
 2242 00c5 40       		.byte	0x40
 2243 00c6 4B       		.byte	0x4b
 2244 00c7 24       		.byte	0x24
 2245 00c8 22       		.byte	0x22
 2246 00c9 2B       		.byte	0x2b
 2247 00ca 9F       		.byte	0x9f
 2248 00cb 00000000 		.uaword	.LVL18
 2249 00cf 00000000 		.uaword	.LFE0
 2250 00d3 0200     		.uahalf	0x2
 2251 00d5 30       		.byte	0x30
 2252 00d6 9F       		.byte	0x9f
 2253 00d7 00000000 		.uaword	0
 2254 00db 00000000 		.uaword	0
 2255              	.LLST4:
 2256 00df 00000000 		.uaword	.LVL11
 2257 00e3 00000000 		.uaword	.LVL12
 2258 00e7 0100     		.uahalf	0x1
 2259 00e9 58       		.byte	0x58
 2260 00ea 00000000 		.uaword	.LVL14
GAS Infineon TriCore Little Endian C:\\Users\\user1\\AppData\\Local\\Temp\\rta_RTAOS_638388406317960277_1736001\\ccNKBh4d.s 			page 48


 2261 00ee 00000000 		.uaword	.LVL18
 2262 00f2 0100     		.uahalf	0x1
 2263 00f4 58       		.byte	0x58
 2264 00f5 00000000 		.uaword	0
 2265 00f9 00000000 		.uaword	0
 2266              	.LLST5:
 2267 00fd 00000000 		.uaword	.LVL4
 2268 0101 00000000 		.uaword	.LVL9
 2269 0105 0100     		.uahalf	0x1
 2270 0107 5F       		.byte	0x5f
 2271 0108 00000000 		.uaword	.LVL12
 2272 010c 00000000 		.uaword	.LVL13
 2273 0110 0100     		.uahalf	0x1
 2274 0112 5F       		.byte	0x5f
 2275 0113 00000000 		.uaword	.LVL18
 2276 0117 00000000 		.uaword	.LVL19
 2277 011b 0100     		.uahalf	0x1
 2278 011d 5F       		.byte	0x5f
 2279 011e 00000000 		.uaword	.LVL20
 2280 0122 00000000 		.uaword	.LVL21
 2281 0126 0100     		.uahalf	0x1
 2282 0128 5F       		.byte	0x5f
 2283 0129 00000000 		.uaword	0
 2284 012d 00000000 		.uaword	0
 2285              	.LLST6:
 2286 0131 00000000 		.uaword	.LVL1
 2287 0135 00000000 		.uaword	.LVL4
 2288 0139 0100     		.uahalf	0x1
 2289 013b 5F       		.byte	0x5f
 2290 013c 00000000 		.uaword	0
 2291 0140 00000000 		.uaword	0
 2292              	.LLST8:
 2293 0144 00000000 		.uaword	.LVL11
 2294 0148 00000000 		.uaword	.LVL12
 2295 014c 0100     		.uahalf	0x1
 2296 014e 58       		.byte	0x58
 2297 014f 00000000 		.uaword	0
 2298 0153 00000000 		.uaword	0
 2299              	.section .debug_aranges,"",@progbits
 2300 0000 1C000000 		.uaword	0x1c
 2301 0004 0200     		.uahalf	0x2
 2302 0006 00000000 		.uaword	.Ldebug_info0
 2303 000a 04       		.byte	0x4
 2304 000b 00       		.byte	0
 2305 000c 0000     		.uahalf	0
 2306 000e 0000     		.uahalf	0
 2307 0010 00000000 		.uaword	.LFB0
 2308 0014 3A010000 		.uaword	.LFE0-.LFB0
 2309 0018 00000000 		.uaword	0
 2310 001c 00000000 		.uaword	0
 2311              	.section .debug_ranges,"",@progbits
 2312              	.Ldebug_ranges0:
 2313 0000 00000000 		.uaword	.LFB0
 2314 0004 00000000 		.uaword	.LFE0
 2315 0008 00000000 		.uaword	0
 2316 000c 00000000 		.uaword	0
 2317              	.section .debug_line,"",@progbits
GAS Infineon TriCore Little Endian C:\\Users\\user1\\AppData\\Local\\Temp\\rta_RTAOS_638388406317960277_1736001\\ccNKBh4d.s 			page 49


 2318              	.Ldebug_line0:
 2319 0000 73010000 	.section .debug_str,"",@progbits
 2319      02001501 
 2319      00000201 
 2319      FB0E0D00 
 2319      01010101 
 2320              	.LASF4:
 2321 0000 6170706C 		.string	"application"
 2321      69636174 
 2321      696F6E00 
 2322              	.LASF2:
 2323 000c 64796E61 		.string	"dynamic"
 2323      6D696300 
 2324              	.LASF5:
 2325 0014 61637469 		.string	"activation_count"
 2325      76617469 
 2325      6F6E5F63 
 2325      6F756E74 
 2325      00
 2326              	.LASF6:
 2327 0025 74706D61 		.string	"tpmask"
 2327      736B00
 2328              	.LASF1:
 2329 002c 656E7472 		.string	"entry_function"
 2329      795F6675 
 2329      6E637469 
 2329      6F6E00
 2330              	.LASF3:
 2331 003b 61636365 		.string	"access"
 2331      737300
 2332              	.LASF0:
 2333 0042 7265736F 		.string	"resource_count"
 2333      75726365 
 2333      5F636F75 
 2333      6E7400
 2334              		.extern	Os_ErrorLog,STT_FUNC,0
 2335              		.extern	Os_IsResourceValid,STT_FUNC,0
 2336              		.extern	Os_const_coreconfiguration,STT_OBJECT,-1
 2337              		.ident	"GCC: (HighTec Release HDP-v4.9.4.1-11fcedf) 4.9.4 build on 2020-09-01"
