GAS Infineon TriCore Little Endian C:\\Users\\user1\\AppData\\Local\\Temp\\rta_RTAOS_638388406317960277_1736001\\cc2l5Xng.s 			page 1


   1              		.file	"ReleaseSpinlock.c"
   2              	.section .text,"ax",@progbits
   3              	.Ltext0:
   4              	.section .text.Os_ReleaseSpinlock,"ax",@progbits
   5              		.align 1
   6              		.global	Os_ReleaseSpinlock
   7              		.type	Os_ReleaseSpinlock, @function
   8              	Os_ReleaseSpinlock:
   9              	.LFB0:
  10              		.file 1 "C:\\Users\\user1\\AppData\\Local\\Temp\\rta_RTAOS_638388406317960277_1736001\\ReleaseSpin
  11              		.loc 1 1368 0
  12              	.LVL0:
  13 0000 2008     		sub.a	%SP, 8
  14              	.LCFI0:
  15              		.loc 1 1368 0
  16 0002 0246     		mov	%d6, %d4
  17              	.LBB2:
  18              		.loc 1 1370 0
  19              	#APP
  20              		# 1370 "C:\Users\user1\AppData\Local\Temp\rta_RTAOS_638388406317960277_1736001\ReleaseSpinlock.c" 
  21 0004 4DC0E1FF 		mfcr %d15,0xfe1c
  22              		# 0 "" 2
  23              	.LVL1:
  24              	#NO_APP
  25              	.LBE2:
  26              		.loc 1 1371 0
  27 0008 910000F0 		movh.a	%a15, hi:Os_const_coreconfiguration
  28 000c 80F3     		mov.d	%d3, %a15
  29 000e 1B030020 		addi	%d2, %d3, lo:Os_const_coreconfiguration
  30 0012 138F2132 		madd	%d3, %d2, %d15, 24
  31 0016 603F     		mov.a	%a15, %d3
  32 0018 C81F     		ld.a	%a15, [%a15] 4
  33              	.LVL2:
  34              	.LBB3:
  35              		.loc 1 1372 0
  36              	#APP
  37              		# 1372 "C:\Users\user1\AppData\Local\Temp\rta_RTAOS_638388406317960277_1736001\ReleaseSpinlock.c" 
  38 001a 4D40E0FF 		mfcr %d15,0xfe04
  39              		# 0 "" 2
  40              	.LVL3:
  41              	#NO_APP
  42              	.LBE3:
  43              		.loc 1 1373 0
  44 001e AEB3     		jnz.t	%d15, 11, .L2
  45              		.loc 1 1373 0 is_stmt 0 discriminator 1
  46              	#APP
  47              		# 1373 "C:\Users\user1\AppData\Local\Temp\rta_RTAOS_638388406317960277_1736001\ReleaseSpinlock.c" 
  48 0020 AD008000 		syscall 0
  49              		# 0 "" 2
  50              	#NO_APP
  51              	.L2:
  52              		.loc 1 1374 0 is_stmt 1
  53 0024 3BB0FBFF 		mov	%d15, -69
  54              	.LVL4:
  55 0028 E9FF1800 		st.b	[%a15] 24, %d15
  56              	.LVL5:
  57              		.loc 1 1376 0
GAS Infineon TriCore Little Endian C:\\Users\\user1\\AppData\\Local\\Temp\\rta_RTAOS_638388406317960277_1736001\\cc2l5Xng.s 			page 2


  58 002c 820F     		mov	%d15, 0
  59 002e 7800     		st.w	[%SP]0, %d15
  60 0030 8234     		mov	%d4, 3
  61              	.LVL6:
  62 0032 3BD00550 		mov	%d5, 93
  63 0036 8207     		mov	%d7, 0
  64 0038 6D000000 		call	Os_ErrorLog
****  Notice:Expanding call-R -> call-O
  65              	.LVL7:
  66              		.loc 1 1378 0
  67 003c 3BA0FBFF 		mov	%d15, -70
  68 0040 E9FF1800 		st.b	[%a15] 24, %d15
  69              		.loc 1 1381 0
  70 0044 8232     		mov	%d2, 3
  71 0046 0090     		ret
  72              	.LFE0:
  73              		.size	Os_ReleaseSpinlock, .-Os_ReleaseSpinlock
  74              	.section .debug_frame,"",@progbits
  75              	.Lframe0:
  76 0000 0C000000 		.uaword	.LECIE0-.LSCIE0
  77              	.LSCIE0:
  78 0004 FFFFFFFF 		.uaword	0xffffffff
  79 0008 01       		.byte	0x1
  80 0009 00       		.string	""
  81 000a 01       		.uleb128 0x1
  82 000b 01       		.sleb128 1
  83 000c 1B       		.byte	0x1b
  84 000d 0C       		.byte	0xc
  85 000e 1A       		.uleb128 0x1a
  86 000f 00       		.uleb128 0
  87              		.align 2
  88              	.LECIE0:
  89              	.LSFDE0:
  90 0010 10000000 		.uaword	.LEFDE0-.LASFDE0
  91              	.LASFDE0:
  92 0014 00000000 		.uaword	.Lframe0
  93 0018 00000000 		.uaword	.LFB0
  94 001c 48000000 		.uaword	.LFE0-.LFB0
  95 0020 42       		.byte	0x4
  96              		.uaword	.LCFI0-.LFB0
  97 0021 0E       		.byte	0xe
  98 0022 08       		.uleb128 0x8
  99 0023 00       		.align 2
 100              	.LEFDE0:
 101              	.section .text,"ax",@progbits
 102              	.Letext0:
 103              		.file 2 "D:\\home\\user123\\user\\Mohan6_VectorSIP\\21Dec23\\15Dec23_CAN_merge_21stDec\\25_Softwar
 104              		.file 3 "D:\\home\\user123\\user\\Mohan6_VectorSIP\\21Dec23\\15Dec23_CAN_merge_21stDec\\25_Softwar
 105              	.section .debug_info,"",@progbits
 106              	.Ldebug_info0:
 107 0000 51110000 		.uaword	0x1151
 108 0004 0200     		.uahalf	0x2
 109 0006 00000000 		.uaword	.Ldebug_abbrev0
 110 000a 04       		.byte	0x4
 111 000b 01       		.uleb128 0x1
 112 000c 474E5520 		.ascii	"GNU C 4."
 112      4320342E 
GAS Infineon TriCore Little Endian C:\\Users\\user1\\AppData\\Local\\Temp\\rta_RTAOS_638388406317960277_1736001\\cc2l5Xng.s 			page 3


 113 0014 392E3420 		.string	"9.4 build on 2020-09-01 -mlicense-dir=c:\\hightec\\toolchains\\tricore\\v4.9.4.1\\bin\\..
 113      6275696C 
 113      64206F6E 
 113      20323032 
 113      302D3039 
 114 0115 01       		.byte	0x1
 115 0116 433A5C55 		.string	"C:\\Users\\user1\\AppData\\Local\\Temp\\rta_RTAOS_638388406317960277_1736001\\ReleaseSpin
 115      73657273 
 115      5C757365 
 115      72315C41 
 115      70704461 
 116 016f 00000000 		.uaword	.Ldebug_ranges0+0
 117 0173 00000000 		.uaword	0
 118 0177 00000000 		.uaword	0
 119 017b 00000000 		.uaword	.Ldebug_line0
 120 017f 02       		.uleb128 0x2
 121 0180 75696E74 		.string	"uint8"
 121      3800
 122 0186 02       		.byte	0x2
 123 0187 34       		.byte	0x34
 124 0188 8C010000 		.uaword	0x18c
 125 018c 03       		.uleb128 0x3
 126 018d 01       		.byte	0x1
 127 018e 08       		.byte	0x8
 128 018f 756E7369 		.string	"unsigned char"
 128      676E6564 
 128      20636861 
 128      7200
 129 019d 02       		.uleb128 0x2
 130 019e 75696E74 		.string	"uint16"
 130      313600
 131 01a5 02       		.byte	0x2
 132 01a6 35       		.byte	0x35
 133 01a7 AB010000 		.uaword	0x1ab
 134 01ab 03       		.uleb128 0x3
 135 01ac 02       		.byte	0x2
 136 01ad 07       		.byte	0x7
 137 01ae 73686F72 		.string	"short unsigned int"
 137      7420756E 
 137      7369676E 
 137      65642069 
 137      6E7400
 138 01c1 02       		.uleb128 0x2
 139 01c2 75696E74 		.string	"uint32"
 139      333200
 140 01c9 02       		.byte	0x2
 141 01ca 36       		.byte	0x36
 142 01cb CF010000 		.uaword	0x1cf
 143 01cf 03       		.uleb128 0x3
 144 01d0 04       		.byte	0x4
 145 01d1 07       		.byte	0x7
 146 01d2 756E7369 		.string	"unsigned int"
 146      676E6564 
 146      20696E74 
 146      00
 147 01df 03       		.uleb128 0x3
 148 01e0 01       		.byte	0x1
GAS Infineon TriCore Little Endian C:\\Users\\user1\\AppData\\Local\\Temp\\rta_RTAOS_638388406317960277_1736001\\cc2l5Xng.s 			page 4


 149 01e1 06       		.byte	0x6
 150 01e2 7369676E 		.string	"signed char"
 150      65642063 
 150      68617200 
 151 01ee 03       		.uleb128 0x3
 152 01ef 02       		.byte	0x2
 153 01f0 05       		.byte	0x5
 154 01f1 73686F72 		.string	"short int"
 154      7420696E 
 154      7400
 155 01fb 03       		.uleb128 0x3
 156 01fc 04       		.byte	0x4
 157 01fd 05       		.byte	0x5
 158 01fe 696E7400 		.string	"int"
 159 0202 03       		.uleb128 0x3
 160 0203 04       		.byte	0x4
 161 0204 04       		.byte	0x4
 162 0205 666C6F61 		.string	"float"
 162      7400
 163 020b 03       		.uleb128 0x3
 164 020c 08       		.byte	0x8
 165 020d 04       		.byte	0x4
 166 020e 646F7562 		.string	"double"
 166      6C6500
 167 0215 03       		.uleb128 0x3
 168 0216 08       		.byte	0x8
 169 0217 05       		.byte	0x5
 170 0218 6C6F6E67 		.string	"long long int"
 170      206C6F6E 
 170      6720696E 
 170      7400
 171 0226 03       		.uleb128 0x3
 172 0227 08       		.byte	0x8
 173 0228 07       		.byte	0x7
 174 0229 6C6F6E67 		.string	"long long unsigned int"
 174      206C6F6E 
 174      6720756E 
 174      7369676E 
 174      65642069 
 175 0240 02       		.uleb128 0x2
 176 0241 626F6F6C 		.string	"boolean"
 176      65616E00 
 177 0249 02       		.byte	0x2
 178 024a 49       		.byte	0x49
 179 024b 8C010000 		.uaword	0x18c
 180 024f 02       		.uleb128 0x2
 181 0250 53746174 		.string	"StatusType"
 181      75735479 
 181      706500
 182 025b 03       		.byte	0x3
 183 025c 28       		.byte	0x28
 184 025d 8C010000 		.uaword	0x18c
 185 0261 04       		.uleb128 0x4
 186 0262 08       		.byte	0x8
 187 0263 01       		.byte	0x1
 188 0264 7C       		.byte	0x7c
 189 0265 A0020000 		.uaword	0x2a0
GAS Infineon TriCore Little Endian C:\\Users\\user1\\AppData\\Local\\Temp\\rta_RTAOS_638388406317960277_1736001\\cc2l5Xng.s 			page 5


 190 0269 05       		.uleb128 0x5
 191 026a 436C6173 		.string	"Class"
 191      7300
 192 0270 01       		.byte	0x1
 193 0271 7D       		.byte	0x7d
 194 0272 7F010000 		.uaword	0x17f
 195 0276 02       		.byte	0x2
 196 0277 23       		.byte	0x23
 197 0278 00       		.uleb128 0
 198 0279 05       		.uleb128 0x5
 199 027a 54494E00 		.string	"TIN"
 200 027e 01       		.byte	0x1
 201 027f 7E       		.byte	0x7e
 202 0280 7F010000 		.uaword	0x17f
 203 0284 02       		.byte	0x2
 204 0285 23       		.byte	0x23
 205 0286 01       		.uleb128 0x1
 206 0287 05       		.uleb128 0x5
 207 0288 52657475 		.string	"ReturnAddress"
 207      726E4164 
 207      64726573 
 207      7300
 208 0296 01       		.byte	0x1
 209 0297 7F       		.byte	0x7f
 210 0298 C1010000 		.uaword	0x1c1
 211 029c 02       		.byte	0x2
 212 029d 23       		.byte	0x23
 213 029e 04       		.uleb128 0x4
 214 029f 00       		.byte	0
 215 02a0 02       		.uleb128 0x2
 216 02a1 4F735472 		.string	"OsTrapInfoType"
 216      6170496E 
 216      666F5479 
 216      706500
 217 02b0 01       		.byte	0x1
 218 02b1 80       		.byte	0x80
 219 02b2 61020000 		.uaword	0x261
 220 02b6 02       		.uleb128 0x2
 221 02b7 75696E74 		.string	"uint32_aligned"
 221      33325F61 
 221      6C69676E 
 221      656400
 222 02c6 01       		.byte	0x1
 223 02c7 86       		.byte	0x86
 224 02c8 C1010000 		.uaword	0x1c1
 225 02cc 04       		.uleb128 0x4
 226 02cd 44       		.byte	0x44
 227 02ce 01       		.byte	0x1
 228 02cf AB       		.byte	0xab
 229 02d0 E5020000 		.uaword	0x2e5
 230 02d4 05       		.uleb128 0x5
 231 02d5 73746F72 		.string	"store"
 231      6500
 232 02db 01       		.byte	0x1
 233 02dc AC       		.byte	0xac
 234 02dd E5020000 		.uaword	0x2e5
 235 02e1 02       		.byte	0x2
GAS Infineon TriCore Little Endian C:\\Users\\user1\\AppData\\Local\\Temp\\rta_RTAOS_638388406317960277_1736001\\cc2l5Xng.s 			page 6


 236 02e2 23       		.byte	0x23
 237 02e3 00       		.uleb128 0
 238 02e4 00       		.byte	0
 239 02e5 06       		.uleb128 0x6
 240 02e6 C1010000 		.uaword	0x1c1
 241 02ea F5020000 		.uaword	0x2f5
 242 02ee 07       		.uleb128 0x7
 243 02ef F5020000 		.uaword	0x2f5
 244 02f3 10       		.byte	0x10
 245 02f4 00       		.byte	0
 246 02f5 03       		.uleb128 0x3
 247 02f6 04       		.byte	0x4
 248 02f7 07       		.byte	0x7
 249 02f8 73697A65 		.string	"sizetype"
 249      74797065 
 249      00
 250 0301 02       		.uleb128 0x2
 251 0302 4F735F4A 		.string	"Os_JumpBufType"
 251      756D7042 
 251      75665479 
 251      706500
 252 0311 01       		.byte	0x1
 253 0312 AD       		.byte	0xad
 254 0313 17030000 		.uaword	0x317
 255 0317 06       		.uleb128 0x6
 256 0318 CC020000 		.uaword	0x2cc
 257 031c 27030000 		.uaword	0x327
 258 0320 07       		.uleb128 0x7
 259 0321 F5020000 		.uaword	0x2f5
 260 0325 00       		.byte	0
 261 0326 00       		.byte	0
 262 0327 02       		.uleb128 0x2
 263 0328 4F735F52 		.string	"Os_ResourceCountType"
 263      65736F75 
 263      72636543 
 263      6F756E74 
 263      54797065 
 264 033d 01       		.byte	0x1
 265 033e BE       		.byte	0xbe
 266 033f 8C010000 		.uaword	0x18c
 267 0343 02       		.uleb128 0x2
 268 0344 4F735F53 		.string	"Os_StackTraceType"
 268      7461636B 
 268      54726163 
 268      65547970 
 268      6500
 269 0356 01       		.byte	0x1
 270 0357 BF       		.byte	0xbf
 271 0358 CF010000 		.uaword	0x1cf
 272 035c 04       		.uleb128 0x4
 273 035d 08       		.byte	0x8
 274 035e 01       		.byte	0x1
 275 035f C0       		.byte	0xc0
 276 0360 80030000 		.uaword	0x380
 277 0364 05       		.uleb128 0x5
 278 0365 737000   		.string	"sp"
 279 0368 01       		.byte	0x1
GAS Infineon TriCore Little Endian C:\\Users\\user1\\AppData\\Local\\Temp\\rta_RTAOS_638388406317960277_1736001\\cc2l5Xng.s 			page 7


 280 0369 C0       		.byte	0xc0
 281 036a 43030000 		.uaword	0x343
 282 036e 02       		.byte	0x2
 283 036f 23       		.byte	0x23
 284 0370 00       		.uleb128 0
 285 0371 05       		.uleb128 0x5
 286 0372 63747800 		.string	"ctx"
 287 0376 01       		.byte	0x1
 288 0377 C0       		.byte	0xc0
 289 0378 43030000 		.uaword	0x343
 290 037c 02       		.byte	0x2
 291 037d 23       		.byte	0x23
 292 037e 04       		.uleb128 0x4
 293 037f 00       		.byte	0
 294 0380 02       		.uleb128 0x2
 295 0381 4F735F53 		.string	"Os_StackValueType"
 295      7461636B 
 295      56616C75 
 295      65547970 
 295      6500
 296 0393 01       		.byte	0x1
 297 0394 C0       		.byte	0xc0
 298 0395 5C030000 		.uaword	0x35c
 299 0399 02       		.uleb128 0x2
 300 039a 4F735F53 		.string	"Os_StackSizeType"
 300      7461636B 
 300      53697A65 
 300      54797065 
 300      00
 301 03ab 01       		.byte	0x1
 302 03ac C1       		.byte	0xc1
 303 03ad 80030000 		.uaword	0x380
 304 03b1 02       		.uleb128 0x2
 305 03b2 4F735F56 		.string	"Os_VoidVoidFunctionType"
 305      6F696456 
 305      6F696446 
 305      756E6374 
 305      696F6E54 
 306 03ca 01       		.byte	0x1
 307 03cb C7       		.byte	0xc7
 308 03cc D0030000 		.uaword	0x3d0
 309 03d0 08       		.uleb128 0x8
 310 03d1 04       		.byte	0x4
 311 03d2 D6030000 		.uaword	0x3d6
 312 03d6 09       		.uleb128 0x9
 313 03d7 01       		.byte	0x1
 314 03d8 02       		.uleb128 0x2
 315 03d9 4170706C 		.string	"ApplicationType"
 315      69636174 
 315      696F6E54 
 315      79706500 
 316 03e9 01       		.byte	0x1
 317 03ea D5       		.byte	0xd5
 318 03eb 8C010000 		.uaword	0x18c
 319 03ef 02       		.uleb128 0x2
 320 03f0 4F735F74 		.string	"Os_tmaskType"
 320      6D61736B 
GAS Infineon TriCore Little Endian C:\\Users\\user1\\AppData\\Local\\Temp\\rta_RTAOS_638388406317960277_1736001\\cc2l5Xng.s 			page 8


 320      54797065 
 320      00
 321 03fd 01       		.byte	0x1
 322 03fe D9       		.byte	0xd9
 323 03ff C1010000 		.uaword	0x1c1
 324 0403 02       		.uleb128 0x2
 325 0404 4F735F43 		.string	"Os_CoreStateType"
 325      6F726553 
 325      74617465 
 325      54797065 
 325      00
 326 0415 01       		.byte	0x1
 327 0416 E7       		.byte	0xe7
 328 0417 C1010000 		.uaword	0x1c1
 329 041b 02       		.uleb128 0x2
 330 041c 4F735F53 		.string	"Os_StopwatchTickType"
 330      746F7077 
 330      61746368 
 330      5469636B 
 330      54797065 
 331 0431 01       		.byte	0x1
 332 0432 FD       		.byte	0xfd
 333 0433 CF010000 		.uaword	0x1cf
 334 0437 0A       		.uleb128 0xa
 335 0438 4F735F54 		.string	"Os_TerminatorType"
 335      65726D69 
 335      6E61746F 
 335      72547970 
 335      6500
 336 044a 01       		.byte	0x1
 337 044b 0201     		.uahalf	0x102
 338 044d 51040000 		.uaword	0x451
 339 0451 08       		.uleb128 0x8
 340 0452 04       		.byte	0x4
 341 0453 01030000 		.uaword	0x301
 342 0457 0A       		.uleb128 0xa
 343 0458 4F735F4C 		.string	"Os_Lockable"
 343      6F636B61 
 343      626C6500 
 344 0464 01       		.byte	0x1
 345 0465 0701     		.uahalf	0x107
 346 0467 B6020000 		.uaword	0x2b6
 347 046b 0A       		.uleb128 0xa
 348 046c 436F7265 		.string	"CoreIdType"
 348      49645479 
 348      706500
 349 0477 01       		.byte	0x1
 350 0478 0901     		.uahalf	0x109
 351 047a 9D010000 		.uaword	0x19d
 352 047e 0A       		.uleb128 0xa
 353 047f 5370696E 		.string	"SpinlockIdType"
 353      6C6F636B 
 353      49645479 
 353      706500
 354 048e 01       		.byte	0x1
 355 048f 0A01     		.uahalf	0x10a
 356 0491 9D010000 		.uaword	0x19d
GAS Infineon TriCore Little Endian C:\\Users\\user1\\AppData\\Local\\Temp\\rta_RTAOS_638388406317960277_1736001\\cc2l5Xng.s 			page 9


 357 0495 0B       		.uleb128 0xb
 358 0496 57040000 		.uaword	0x457
 359 049a 0C       		.uleb128 0xc
 360 049b 4F735F43 		.string	"Os_ControlledCoreType_s"
 360      6F6E7472 
 360      6F6C6C65 
 360      64436F72 
 360      65547970 
 361 04b3 58       		.byte	0x58
 362 04b4 01       		.byte	0x1
 363 04b5 1004     		.uahalf	0x410
 364 04b7 98060000 		.uaword	0x698
 365 04bb 0D       		.uleb128 0xd
 366 04bc 54726170 		.string	"TrapInfo"
 366      496E666F 
 366      00
 367 04c5 01       		.byte	0x1
 368 04c6 1104     		.uahalf	0x411
 369 04c8 A0020000 		.uaword	0x2a0
 370 04cc 02       		.byte	0x2
 371 04cd 23       		.byte	0x23
 372 04ce 00       		.uleb128 0
 373 04cf 0D       		.uleb128 0xd
 374 04d0 4572726F 		.string	"ErrorInformation"
 374      72496E66 
 374      6F726D61 
 374      74696F6E 
 374      00
 375 04e1 01       		.byte	0x1
 376 04e2 1204     		.uahalf	0x412
 377 04e4 2B0D0000 		.uaword	0xd2b
 378 04e8 02       		.byte	0x2
 379 04e9 23       		.byte	0x23
 380 04ea 08       		.uleb128 0x8
 381 04eb 0D       		.uleb128 0xd
 382 04ec 6C6F636B 		.string	"lock_taskaccess"
 382      5F746173 
 382      6B616363 
 382      65737300 
 383 04fc 01       		.byte	0x1
 384 04fd 1304     		.uahalf	0x413
 385 04ff 95040000 		.uaword	0x495
 386 0503 02       		.byte	0x2
 387 0504 23       		.byte	0x23
 388 0505 18       		.uleb128 0x18
 389 0506 0D       		.uleb128 0xd
 390 0507 52656164 		.string	"ReadyTasks"
 390      79546173 
 390      6B7300
 391 0512 01       		.byte	0x1
 392 0513 1404     		.uahalf	0x414
 393 0515 610D0000 		.uaword	0xd61
 394 0519 02       		.byte	0x2
 395 051a 23       		.byte	0x23
 396 051b 1C       		.uleb128 0x1c
 397 051c 0D       		.uleb128 0xd
 398 051d 52756E6E 		.string	"RunningISR"
GAS Infineon TriCore Little Endian C:\\Users\\user1\\AppData\\Local\\Temp\\rta_RTAOS_638388406317960277_1736001\\cc2l5Xng.s 			page 10


 398      696E6749 
 398      535200
 399 0528 01       		.byte	0x1
 400 0529 1504     		.uahalf	0x415
 401 052b 660D0000 		.uaword	0xd66
 402 052f 02       		.byte	0x2
 403 0530 23       		.byte	0x23
 404 0531 20       		.uleb128 0x20
 405 0532 0D       		.uleb128 0xd
 406 0533 52756E6E 		.string	"RunningTask"
 406      696E6754 
 406      61736B00 
 407 053f 01       		.byte	0x1
 408 0540 1604     		.uahalf	0x416
 409 0542 6B0D0000 		.uaword	0xd6b
 410 0546 02       		.byte	0x2
 411 0547 23       		.byte	0x23
 412 0548 24       		.uleb128 0x24
 413 0549 0D       		.uleb128 0xd
 414 054a 52756E6E 		.string	"RunningTPMask"
 414      696E6754 
 414      504D6173 
 414      6B00
 415 0558 01       		.byte	0x1
 416 0559 1704     		.uahalf	0x417
 417 055b 700D0000 		.uaword	0xd70
 418 055f 02       		.byte	0x2
 419 0560 23       		.byte	0x23
 420 0561 28       		.uleb128 0x28
 421 0562 0D       		.uleb128 0xd
 422 0563 5465726D 		.string	"TerminatingTasks"
 422      696E6174 
 422      696E6754 
 422      61736B73 
 422      00
 423 0574 01       		.byte	0x1
 424 0575 1804     		.uahalf	0x418
 425 0577 610D0000 		.uaword	0xd61
 426 057b 02       		.byte	0x2
 427 057c 23       		.byte	0x23
 428 057d 2C       		.uleb128 0x2c
 429 057e 0D       		.uleb128 0xd
 430 057f 4170706C 		.string	"Application"
 430      69636174 
 430      696F6E00 
 431 058b 01       		.byte	0x1
 432 058c 1904     		.uahalf	0x419
 433 058e D8030000 		.uaword	0x3d8
 434 0592 02       		.byte	0x2
 435 0593 23       		.byte	0x23
 436 0594 30       		.uleb128 0x30
 437 0595 0D       		.uleb128 0xd
 438 0596 43757272 		.string	"CurrentTerminator"
 438      656E7454 
 438      65726D69 
 438      6E61746F 
 438      7200
GAS Infineon TriCore Little Endian C:\\Users\\user1\\AppData\\Local\\Temp\\rta_RTAOS_638388406317960277_1736001\\cc2l5Xng.s 			page 11


 439 05a8 01       		.byte	0x1
 440 05a9 1A04     		.uahalf	0x41a
 441 05ab 750D0000 		.uaword	0xd75
 442 05af 02       		.byte	0x2
 443 05b0 23       		.byte	0x23
 444 05b1 34       		.uleb128 0x34
 445 05b2 0D       		.uleb128 0xd
 446 05b3 43757272 		.string	"CurrentMeteredObject"
 446      656E744D 
 446      65746572 
 446      65644F62 
 446      6A656374 
 447 05c8 01       		.byte	0x1
 448 05c9 1B04     		.uahalf	0x41b
 449 05cb 04070000 		.uaword	0x704
 450 05cf 02       		.byte	0x2
 451 05d0 23       		.byte	0x23
 452 05d1 38       		.uleb128 0x38
 453 05d2 0D       		.uleb128 0xd
 454 05d3 49646C65 		.string	"IdleMeter"
 454      4D657465 
 454      7200
 455 05dd 01       		.byte	0x1
 456 05de 1C04     		.uahalf	0x41c
 457 05e0 EB060000 		.uaword	0x6eb
 458 05e4 02       		.byte	0x2
 459 05e5 23       		.byte	0x23
 460 05e6 3C       		.uleb128 0x3c
 461 05e7 0D       		.uleb128 0xd
 462 05e8 41707041 		.string	"AppAccess"
 462      63636573 
 462      7300
 463 05f2 01       		.byte	0x1
 464 05f3 1D04     		.uahalf	0x41d
 465 05f5 7F010000 		.uaword	0x17f
 466 05f9 02       		.byte	0x2
 467 05fa 23       		.byte	0x23
 468 05fb 48       		.uleb128 0x48
 469 05fc 0D       		.uleb128 0xd
 470 05fd 4170704F 		.string	"AppOverride"
 470      76657272 
 470      69646500 
 471 0609 01       		.byte	0x1
 472 060a 1E04     		.uahalf	0x41e
 473 060c 7A0D0000 		.uaword	0xd7a
 474 0610 02       		.byte	0x2
 475 0611 23       		.byte	0x23
 476 0612 49       		.uleb128 0x49
 477 0613 0D       		.uleb128 0xd
 478 0614 47657453 		.string	"GetStackValueAdjust"
 478      7461636B 
 478      56616C75 
 478      6541646A 
 478      75737400 
 479 0628 01       		.byte	0x1
 480 0629 1F04     		.uahalf	0x41f
 481 062b 99030000 		.uaword	0x399
GAS Infineon TriCore Little Endian C:\\Users\\user1\\AppData\\Local\\Temp\\rta_RTAOS_638388406317960277_1736001\\cc2l5Xng.s 			page 12


 482 062f 02       		.byte	0x2
 483 0630 23       		.byte	0x23
 484 0631 4C       		.uleb128 0x4c
 485 0632 0D       		.uleb128 0xd
 486 0633 496E4572 		.string	"InErrorHook"
 486      726F7248 
 486      6F6F6B00 
 487 063f 01       		.byte	0x1
 488 0640 2004     		.uahalf	0x420
 489 0642 40020000 		.uaword	0x240
 490 0646 02       		.byte	0x2
 491 0647 23       		.byte	0x23
 492 0648 54       		.uleb128 0x54
 493 0649 0D       		.uleb128 0xd
 494 064a 496E5072 		.string	"InProtectionHook"
 494      6F746563 
 494      74696F6E 
 494      486F6F6B 
 494      00
 495 065b 01       		.byte	0x1
 496 065c 2104     		.uahalf	0x421
 497 065e 40020000 		.uaword	0x240
 498 0662 02       		.byte	0x2
 499 0663 23       		.byte	0x23
 500 0664 55       		.uleb128 0x55
 501 0665 0D       		.uleb128 0xd
 502 0666 436F7265 		.string	"CoreIsActive"
 502      49734163 
 502      74697665 
 502      00
 503 0673 01       		.byte	0x1
 504 0674 2204     		.uahalf	0x422
 505 0676 40020000 		.uaword	0x240
 506 067a 02       		.byte	0x2
 507 067b 23       		.byte	0x23
 508 067c 56       		.uleb128 0x56
 509 067d 0D       		.uleb128 0xd
 510 067e 496E5368 		.string	"InShutdownHook"
 510      7574646F 
 510      776E486F 
 510      6F6B00
 511 068d 01       		.byte	0x1
 512 068e 2304     		.uahalf	0x423
 513 0690 40020000 		.uaword	0x240
 514 0694 02       		.byte	0x2
 515 0695 23       		.byte	0x23
 516 0696 57       		.uleb128 0x57
 517 0697 00       		.byte	0
 518 0698 0C       		.uleb128 0xc
 519 0699 4F735F4D 		.string	"Os_MeterInfoType_s"
 519      65746572 
 519      496E666F 
 519      54797065 
 519      5F7300
 520 06ac 0C       		.byte	0xc
 521 06ad 01       		.byte	0x1
 522 06ae 7201     		.uahalf	0x172
GAS Infineon TriCore Little Endian C:\\Users\\user1\\AppData\\Local\\Temp\\rta_RTAOS_638388406317960277_1736001\\cc2l5Xng.s 			page 13


 523 06b0 EB060000 		.uaword	0x6eb
 524 06b4 0D       		.uleb128 0xd
 525 06b5 656C6170 		.string	"elapsed"
 525      73656400 
 526 06bd 01       		.byte	0x1
 527 06be 7301     		.uahalf	0x173
 528 06c0 1B040000 		.uaword	0x41b
 529 06c4 02       		.byte	0x2
 530 06c5 23       		.byte	0x23
 531 06c6 00       		.uleb128 0
 532 06c7 0D       		.uleb128 0xd
 533 06c8 70726576 		.string	"previous"
 533      696F7573 
 533      00
 534 06d1 01       		.byte	0x1
 535 06d2 7401     		.uahalf	0x174
 536 06d4 1B040000 		.uaword	0x41b
 537 06d8 02       		.byte	0x2
 538 06d9 23       		.byte	0x23
 539 06da 04       		.uleb128 0x4
 540 06db 0D       		.uleb128 0xd
 541 06dc 6D617800 		.string	"max"
 542 06e0 01       		.byte	0x1
 543 06e1 7501     		.uahalf	0x175
 544 06e3 1B040000 		.uaword	0x41b
 545 06e7 02       		.byte	0x2
 546 06e8 23       		.byte	0x23
 547 06e9 08       		.uleb128 0x8
 548 06ea 00       		.byte	0
 549 06eb 0A       		.uleb128 0xa
 550 06ec 4F735F4D 		.string	"Os_MeterInfoType"
 550      65746572 
 550      496E666F 
 550      54797065 
 550      00
 551 06fd 01       		.byte	0x1
 552 06fe 7601     		.uahalf	0x176
 553 0700 98060000 		.uaword	0x698
 554 0704 0A       		.uleb128 0xa
 555 0705 4F735F4D 		.string	"Os_MeterInfoRefType"
 555      65746572 
 555      496E666F 
 555      52656654 
 555      79706500 
 556 0719 01       		.byte	0x1
 557 071a 7701     		.uahalf	0x177
 558 071c 20070000 		.uaword	0x720
 559 0720 08       		.uleb128 0x8
 560 0721 04       		.byte	0x4
 561 0722 EB060000 		.uaword	0x6eb
 562 0726 0A       		.uleb128 0xa
 563 0727 4F735F69 		.string	"Os_imaskType"
 563      6D61736B 
 563      54797065 
 563      00
 564 0734 01       		.byte	0x1
 565 0735 7F01     		.uahalf	0x17f
GAS Infineon TriCore Little Endian C:\\Users\\user1\\AppData\\Local\\Temp\\rta_RTAOS_638388406317960277_1736001\\cc2l5Xng.s 			page 14


 566 0737 C1010000 		.uaword	0x1c1
 567 073b 0C       		.uleb128 0xc
 568 073c 4F735F49 		.string	"Os_ISRDynType_s"
 568      53524479 
 568      6E547970 
 568      655F7300 
 569 074c 10       		.byte	0x10
 570 074d 01       		.byte	0x1
 571 074e 8101     		.uahalf	0x181
 572 0750 8C070000 		.uaword	0x78c
 573 0754 0E       		.uleb128 0xe
 574 0755 00000000 		.uaword	.LASF0
 575 0759 01       		.byte	0x1
 576 075a 8201     		.uahalf	0x182
 577 075c 27030000 		.uaword	0x327
 578 0760 02       		.byte	0x2
 579 0761 23       		.byte	0x23
 580 0762 00       		.uleb128 0
 581 0763 0D       		.uleb128 0xd
 582 0764 7465726D 		.string	"terminating"
 582      696E6174 
 582      696E6700 
 583 0770 01       		.byte	0x1
 584 0771 8301     		.uahalf	0x183
 585 0773 40020000 		.uaword	0x240
 586 0777 02       		.byte	0x2
 587 0778 23       		.byte	0x23
 588 0779 01       		.uleb128 0x1
 589 077a 0D       		.uleb128 0xd
 590 077b 6D657465 		.string	"meter"
 590      7200
 591 0781 01       		.byte	0x1
 592 0782 8401     		.uahalf	0x184
 593 0784 EB060000 		.uaword	0x6eb
 594 0788 02       		.byte	0x2
 595 0789 23       		.byte	0x23
 596 078a 04       		.uleb128 0x4
 597 078b 00       		.byte	0
 598 078c 0A       		.uleb128 0xa
 599 078d 4F735F49 		.string	"Os_ISRDynType"
 599      53524479 
 599      6E547970 
 599      6500
 600 079b 01       		.byte	0x1
 601 079c 8501     		.uahalf	0x185
 602 079e 3B070000 		.uaword	0x73b
 603 07a2 0A       		.uleb128 0xa
 604 07a3 4F735F49 		.string	"Os_IsrTerminatedFunctionType"
 604      73725465 
 604      726D696E 
 604      61746564 
 604      46756E63 
 605 07c0 01       		.byte	0x1
 606 07c1 8601     		.uahalf	0x186
 607 07c3 D0030000 		.uaword	0x3d0
 608 07c7 0C       		.uleb128 0xc
 609 07c8 4F735F49 		.string	"Os_ISRType_s"
GAS Infineon TriCore Little Endian C:\\Users\\user1\\AppData\\Local\\Temp\\rta_RTAOS_638388406317960277_1736001\\cc2l5Xng.s 			page 15


 609      53525479 
 609      70655F73 
 609      00
 610 07d5 18       		.byte	0x18
 611 07d6 01       		.byte	0x1
 612 07d7 8701     		.uahalf	0x187
 613 07d9 5B080000 		.uaword	0x85b
 614 07dd 0E       		.uleb128 0xe
 615 07de 00000000 		.uaword	.LASF1
 616 07e2 01       		.byte	0x1
 617 07e3 8801     		.uahalf	0x188
 618 07e5 B1030000 		.uaword	0x3b1
 619 07e9 02       		.byte	0x2
 620 07ea 23       		.byte	0x23
 621 07eb 00       		.uleb128 0
 622 07ec 0D       		.uleb128 0xd
 623 07ed 7465726D 		.string	"terminated_function"
 623      696E6174 
 623      65645F66 
 623      756E6374 
 623      696F6E00 
 624 0801 01       		.byte	0x1
 625 0802 8901     		.uahalf	0x189
 626 0804 A2070000 		.uaword	0x7a2
 627 0808 02       		.byte	0x2
 628 0809 23       		.byte	0x23
 629 080a 04       		.uleb128 0x4
 630 080b 0E       		.uleb128 0xe
 631 080c 00000000 		.uaword	.LASF2
 632 0810 01       		.byte	0x1
 633 0811 8A01     		.uahalf	0x18a
 634 0813 5B080000 		.uaword	0x85b
 635 0817 02       		.byte	0x2
 636 0818 23       		.byte	0x23
 637 0819 08       		.uleb128 0x8
 638 081a 0D       		.uleb128 0xd
 639 081b 696D6173 		.string	"imask"
 639      6B00
 640 0821 01       		.byte	0x1
 641 0822 8B01     		.uahalf	0x18b
 642 0824 26070000 		.uaword	0x726
 643 0828 02       		.byte	0x2
 644 0829 23       		.byte	0x23
 645 082a 0C       		.uleb128 0xc
 646 082b 0D       		.uleb128 0xd
 647 082c 696E6465 		.string	"index"
 647      7800
 648 0832 01       		.byte	0x1
 649 0833 8C01     		.uahalf	0x18c
 650 0835 C1010000 		.uaword	0x1c1
 651 0839 02       		.byte	0x2
 652 083a 23       		.byte	0x23
 653 083b 10       		.uleb128 0x10
 654 083c 0E       		.uleb128 0xe
 655 083d 00000000 		.uaword	.LASF3
 656 0841 01       		.byte	0x1
 657 0842 8D01     		.uahalf	0x18d
GAS Infineon TriCore Little Endian C:\\Users\\user1\\AppData\\Local\\Temp\\rta_RTAOS_638388406317960277_1736001\\cc2l5Xng.s 			page 16


 658 0844 7F010000 		.uaword	0x17f
 659 0848 02       		.byte	0x2
 660 0849 23       		.byte	0x23
 661 084a 14       		.uleb128 0x14
 662 084b 0E       		.uleb128 0xe
 663 084c 00000000 		.uaword	.LASF4
 664 0850 01       		.byte	0x1
 665 0851 8E01     		.uahalf	0x18e
 666 0853 D8030000 		.uaword	0x3d8
 667 0857 02       		.byte	0x2
 668 0858 23       		.byte	0x23
 669 0859 15       		.uleb128 0x15
 670 085a 00       		.byte	0
 671 085b 0F       		.uleb128 0xf
 672 085c 60080000 		.uaword	0x860
 673 0860 08       		.uleb128 0x8
 674 0861 04       		.byte	0x4
 675 0862 8C070000 		.uaword	0x78c
 676 0866 0A       		.uleb128 0xa
 677 0867 4F735F49 		.string	"Os_ISRType"
 677      53525479 
 677      706500
 678 0872 01       		.byte	0x1
 679 0873 8F01     		.uahalf	0x18f
 680 0875 C7070000 		.uaword	0x7c7
 681 0879 0A       		.uleb128 0xa
 682 087a 49535254 		.string	"ISRType"
 682      79706500 
 683 0882 01       		.byte	0x1
 684 0883 9001     		.uahalf	0x190
 685 0885 89080000 		.uaword	0x889
 686 0889 08       		.uleb128 0x8
 687 088a 04       		.byte	0x4
 688 088b 8F080000 		.uaword	0x88f
 689 088f 0F       		.uleb128 0xf
 690 0890 66080000 		.uaword	0x866
 691 0894 0A       		.uleb128 0xa
 692 0895 4F735F62 		.string	"Os_bitmask"
 692      69746D61 
 692      736B00
 693 08a0 01       		.byte	0x1
 694 08a1 A201     		.uahalf	0x1a2
 695 08a3 CF010000 		.uaword	0x1cf
 696 08a7 0A       		.uleb128 0xa
 697 08a8 4F735F70 		.string	"Os_pset0Type"
 697      73657430 
 697      54797065 
 697      00
 698 08b5 01       		.byte	0x1
 699 08b6 A301     		.uahalf	0x1a3
 700 08b8 94080000 		.uaword	0x894
 701 08bc 0A       		.uleb128 0xa
 702 08bd 4F735F70 		.string	"Os_pset1Type"
 702      73657431 
 702      54797065 
 702      00
 703 08ca 01       		.byte	0x1
GAS Infineon TriCore Little Endian C:\\Users\\user1\\AppData\\Local\\Temp\\rta_RTAOS_638388406317960277_1736001\\cc2l5Xng.s 			page 17


 704 08cb A401     		.uahalf	0x1a4
 705 08cd 94080000 		.uaword	0x894
 706 08d1 0A       		.uleb128 0xa
 707 08d2 4F735F70 		.string	"Os_pset2Type"
 707      73657432 
 707      54797065 
 707      00
 708 08df 01       		.byte	0x1
 709 08e0 A501     		.uahalf	0x1a5
 710 08e2 94080000 		.uaword	0x894
 711 08e6 10       		.uleb128 0x10
 712 08e7 04       		.byte	0x4
 713 08e8 01       		.byte	0x1
 714 08e9 A601     		.uahalf	0x1a6
 715 08eb 11090000 		.uaword	0x911
 716 08ef 11       		.uleb128 0x11
 717 08f0 703000   		.string	"p0"
 718 08f3 01       		.byte	0x1
 719 08f4 A701     		.uahalf	0x1a7
 720 08f6 A7080000 		.uaword	0x8a7
 721 08fa 11       		.uleb128 0x11
 722 08fb 703100   		.string	"p1"
 723 08fe 01       		.byte	0x1
 724 08ff A801     		.uahalf	0x1a8
 725 0901 BC080000 		.uaword	0x8bc
 726 0905 11       		.uleb128 0x11
 727 0906 703200   		.string	"p2"
 728 0909 01       		.byte	0x1
 729 090a A901     		.uahalf	0x1a9
 730 090c D1080000 		.uaword	0x8d1
 731 0910 00       		.byte	0
 732 0911 0A       		.uleb128 0xa
 733 0912 4F735F70 		.string	"Os_psetType"
 733      73657454 
 733      79706500 
 734 091e 01       		.byte	0x1
 735 091f AA01     		.uahalf	0x1aa
 736 0921 E6080000 		.uaword	0x8e6
 737 0925 10       		.uleb128 0x10
 738 0926 04       		.byte	0x4
 739 0927 01       		.byte	0x1
 740 0928 AC01     		.uahalf	0x1ac
 741 092a 50090000 		.uaword	0x950
 742 092e 11       		.uleb128 0x11
 743 092f 743000   		.string	"t0"
 744 0932 01       		.byte	0x1
 745 0933 AD01     		.uahalf	0x1ad
 746 0935 94080000 		.uaword	0x894
 747 0939 11       		.uleb128 0x11
 748 093a 743100   		.string	"t1"
 749 093d 01       		.byte	0x1
 750 093e AE01     		.uahalf	0x1ae
 751 0940 94080000 		.uaword	0x894
 752 0944 11       		.uleb128 0x11
 753 0945 743200   		.string	"t2"
 754 0948 01       		.byte	0x1
 755 0949 AF01     		.uahalf	0x1af
GAS Infineon TriCore Little Endian C:\\Users\\user1\\AppData\\Local\\Temp\\rta_RTAOS_638388406317960277_1736001\\cc2l5Xng.s 			page 18


 756 094b 94080000 		.uaword	0x894
 757 094f 00       		.byte	0
 758 0950 0A       		.uleb128 0xa
 759 0951 4F735F74 		.string	"Os_tpmaskType"
 759      706D6173 
 759      6B547970 
 759      6500
 760 095f 01       		.byte	0x1
 761 0960 B001     		.uahalf	0x1b0
 762 0962 25090000 		.uaword	0x925
 763 0966 0A       		.uleb128 0xa
 764 0967 4F735F41 		.string	"Os_ActivationCountType"
 764      63746976 
 764      6174696F 
 764      6E436F75 
 764      6E745479 
 765 097e 01       		.byte	0x1
 766 097f B101     		.uahalf	0x1b1
 767 0981 8C010000 		.uaword	0x18c
 768 0985 0C       		.uleb128 0xc
 769 0986 4F735F54 		.string	"Os_TaskDynType_s"
 769      61736B44 
 769      796E5479 
 769      70655F73 
 769      00
 770 0997 5C       		.byte	0x5c
 771 0998 01       		.byte	0x1
 772 0999 B301     		.uahalf	0x1b3
 773 099b 400A0000 		.uaword	0xa40
 774 099f 0D       		.uleb128 0xd
 775 09a0 6C617374 		.string	"last_activation"
 775      5F616374 
 775      69766174 
 775      696F6E00 
 776 09b0 01       		.byte	0x1
 777 09b1 B401     		.uahalf	0x1b4
 778 09b3 1B040000 		.uaword	0x41b
 779 09b7 02       		.byte	0x2
 780 09b8 23       		.byte	0x23
 781 09b9 00       		.uleb128 0
 782 09ba 0D       		.uleb128 0xd
 783 09bb 7465726D 		.string	"terminate_jump_buf"
 783      696E6174 
 783      655F6A75 
 783      6D705F62 
 783      756600
 784 09ce 01       		.byte	0x1
 785 09cf B501     		.uahalf	0x1b5
 786 09d1 01030000 		.uaword	0x301
 787 09d5 02       		.byte	0x2
 788 09d6 23       		.byte	0x23
 789 09d7 04       		.uleb128 0x4
 790 09d8 0D       		.uleb128 0xd
 791 09d9 6D657465 		.string	"meter"
 791      7200
 792 09df 01       		.byte	0x1
 793 09e0 B601     		.uahalf	0x1b6
GAS Infineon TriCore Little Endian C:\\Users\\user1\\AppData\\Local\\Temp\\rta_RTAOS_638388406317960277_1736001\\cc2l5Xng.s 			page 19


 794 09e2 EB060000 		.uaword	0x6eb
 795 09e6 02       		.byte	0x2
 796 09e7 23       		.byte	0x23
 797 09e8 48       		.uleb128 0x48
 798 09e9 0D       		.uleb128 0xd
 799 09ea 7365656E 		.string	"seen_activation"
 799      5F616374 
 799      69766174 
 799      696F6E00 
 800 09fa 01       		.byte	0x1
 801 09fb B701     		.uahalf	0x1b7
 802 09fd 40020000 		.uaword	0x240
 803 0a01 02       		.byte	0x2
 804 0a02 23       		.byte	0x23
 805 0a03 54       		.uleb128 0x54
 806 0a04 0E       		.uleb128 0xe
 807 0a05 00000000 		.uaword	.LASF5
 808 0a09 01       		.byte	0x1
 809 0a0a B801     		.uahalf	0x1b8
 810 0a0c 66090000 		.uaword	0x966
 811 0a10 02       		.byte	0x2
 812 0a11 23       		.byte	0x23
 813 0a12 55       		.uleb128 0x55
 814 0a13 0E       		.uleb128 0xe
 815 0a14 00000000 		.uaword	.LASF0
 816 0a18 01       		.byte	0x1
 817 0a19 B901     		.uahalf	0x1b9
 818 0a1b 27030000 		.uaword	0x327
 819 0a1f 02       		.byte	0x2
 820 0a20 23       		.byte	0x23
 821 0a21 56       		.uleb128 0x56
 822 0a22 0D       		.uleb128 0xd
 823 0a23 7465726D 		.string	"termination_state"
 823      696E6174 
 823      696F6E5F 
 823      73746174 
 823      6500
 824 0a35 01       		.byte	0x1
 825 0a36 BA01     		.uahalf	0x1ba
 826 0a38 C1010000 		.uaword	0x1c1
 827 0a3c 02       		.byte	0x2
 828 0a3d 23       		.byte	0x23
 829 0a3e 58       		.uleb128 0x58
 830 0a3f 00       		.byte	0
 831 0a40 0A       		.uleb128 0xa
 832 0a41 4F735F54 		.string	"Os_TaskDynType"
 832      61736B44 
 832      796E5479 
 832      706500
 833 0a50 01       		.byte	0x1
 834 0a51 BB01     		.uahalf	0x1bb
 835 0a53 85090000 		.uaword	0x985
 836 0a57 0C       		.uleb128 0xc
 837 0a58 4F735F54 		.string	"Os_TaskType_s"
 837      61736B54 
 837      7970655F 
 837      7300
GAS Infineon TriCore Little Endian C:\\Users\\user1\\AppData\\Local\\Temp\\rta_RTAOS_638388406317960277_1736001\\cc2l5Xng.s 			page 20


 838 0a66 20       		.byte	0x20
 839 0a67 01       		.byte	0x1
 840 0a68 BD01     		.uahalf	0x1bd
 841 0a6a 140B0000 		.uaword	0xb14
 842 0a6e 0E       		.uleb128 0xe
 843 0a6f 00000000 		.uaword	.LASF2
 844 0a73 01       		.byte	0x1
 845 0a74 BE01     		.uahalf	0x1be
 846 0a76 140B0000 		.uaword	0xb14
 847 0a7a 02       		.byte	0x2
 848 0a7b 23       		.byte	0x23
 849 0a7c 00       		.uleb128 0
 850 0a7d 0E       		.uleb128 0xe
 851 0a7e 00000000 		.uaword	.LASF1
 852 0a82 01       		.byte	0x1
 853 0a83 BF01     		.uahalf	0x1bf
 854 0a85 B1030000 		.uaword	0x3b1
 855 0a89 02       		.byte	0x2
 856 0a8a 23       		.byte	0x23
 857 0a8b 04       		.uleb128 0x4
 858 0a8c 0D       		.uleb128 0xd
 859 0a8d 70736574 		.string	"pset"
 859      00
 860 0a92 01       		.byte	0x1
 861 0a93 C001     		.uahalf	0x1c0
 862 0a95 11090000 		.uaword	0x911
 863 0a99 02       		.byte	0x2
 864 0a9a 23       		.byte	0x23
 865 0a9b 08       		.uleb128 0x8
 866 0a9c 0D       		.uleb128 0xd
 867 0a9d 62617365 		.string	"base_tpmask"
 867      5F74706D 
 867      61736B00 
 868 0aa9 01       		.byte	0x1
 869 0aaa C101     		.uahalf	0x1c1
 870 0aac 50090000 		.uaword	0x950
 871 0ab0 02       		.byte	0x2
 872 0ab1 23       		.byte	0x23
 873 0ab2 0C       		.uleb128 0xc
 874 0ab3 0E       		.uleb128 0xe
 875 0ab4 00000000 		.uaword	.LASF6
 876 0ab8 01       		.byte	0x1
 877 0ab9 C201     		.uahalf	0x1c2
 878 0abb 50090000 		.uaword	0x950
 879 0abf 02       		.byte	0x2
 880 0ac0 23       		.byte	0x23
 881 0ac1 10       		.uleb128 0x10
 882 0ac2 0D       		.uleb128 0xd
 883 0ac3 636F7265 		.string	"core_id"
 883      5F696400 
 884 0acb 01       		.byte	0x1
 885 0acc C301     		.uahalf	0x1c3
 886 0ace 6B040000 		.uaword	0x46b
 887 0ad2 02       		.byte	0x2
 888 0ad3 23       		.byte	0x23
 889 0ad4 14       		.uleb128 0x14
 890 0ad5 0D       		.uleb128 0xd
GAS Infineon TriCore Little Endian C:\\Users\\user1\\AppData\\Local\\Temp\\rta_RTAOS_638388406317960277_1736001\\cc2l5Xng.s 			page 21


 891 0ad6 696E6465 		.string	"index"
 891      7800
 892 0adc 01       		.byte	0x1
 893 0add C401     		.uahalf	0x1c4
 894 0adf C1010000 		.uaword	0x1c1
 895 0ae3 02       		.byte	0x2
 896 0ae4 23       		.byte	0x23
 897 0ae5 18       		.uleb128 0x18
 898 0ae6 0E       		.uleb128 0xe
 899 0ae7 00000000 		.uaword	.LASF5
 900 0aeb 01       		.byte	0x1
 901 0aec C501     		.uahalf	0x1c5
 902 0aee 66090000 		.uaword	0x966
 903 0af2 02       		.byte	0x2
 904 0af3 23       		.byte	0x23
 905 0af4 1C       		.uleb128 0x1c
 906 0af5 0E       		.uleb128 0xe
 907 0af6 00000000 		.uaword	.LASF3
 908 0afa 01       		.byte	0x1
 909 0afb C601     		.uahalf	0x1c6
 910 0afd 7F010000 		.uaword	0x17f
 911 0b01 02       		.byte	0x2
 912 0b02 23       		.byte	0x23
 913 0b03 1D       		.uleb128 0x1d
 914 0b04 0E       		.uleb128 0xe
 915 0b05 00000000 		.uaword	.LASF4
 916 0b09 01       		.byte	0x1
 917 0b0a C701     		.uahalf	0x1c7
 918 0b0c D8030000 		.uaword	0x3d8
 919 0b10 02       		.byte	0x2
 920 0b11 23       		.byte	0x23
 921 0b12 1E       		.uleb128 0x1e
 922 0b13 00       		.byte	0
 923 0b14 0F       		.uleb128 0xf
 924 0b15 190B0000 		.uaword	0xb19
 925 0b19 08       		.uleb128 0x8
 926 0b1a 04       		.byte	0x4
 927 0b1b 400A0000 		.uaword	0xa40
 928 0b1f 0A       		.uleb128 0xa
 929 0b20 4F735F54 		.string	"Os_TaskType"
 929      61736B54 
 929      79706500 
 930 0b2c 01       		.byte	0x1
 931 0b2d C801     		.uahalf	0x1c8
 932 0b2f 570A0000 		.uaword	0xa57
 933 0b33 0A       		.uleb128 0xa
 934 0b34 5461736B 		.string	"TaskType"
 934      54797065 
 934      00
 935 0b3d 01       		.byte	0x1
 936 0b3e C901     		.uahalf	0x1c9
 937 0b40 440B0000 		.uaword	0xb44
 938 0b44 08       		.uleb128 0x8
 939 0b45 04       		.byte	0x4
 940 0b46 4A0B0000 		.uaword	0xb4a
 941 0b4a 0F       		.uleb128 0xf
 942 0b4b 1F0B0000 		.uaword	0xb1f
GAS Infineon TriCore Little Endian C:\\Users\\user1\\AppData\\Local\\Temp\\rta_RTAOS_638388406317960277_1736001\\cc2l5Xng.s 			page 22


 943 0b4f 10       		.uleb128 0x10
 944 0b50 04       		.byte	0x4
 945 0b51 01       		.byte	0x1
 946 0b52 E101     		.uahalf	0x1e1
 947 0b54 730B0000 		.uaword	0xb73
 948 0b58 12       		.uleb128 0x12
 949 0b59 00000000 		.uaword	.LASF6
 950 0b5d 01       		.byte	0x1
 951 0b5e E201     		.uahalf	0x1e2
 952 0b60 50090000 		.uaword	0x950
 953 0b64 11       		.uleb128 0x11
 954 0b65 696D6173 		.string	"imask"
 954      6B00
 955 0b6b 01       		.byte	0x1
 956 0b6c E301     		.uahalf	0x1e3
 957 0b6e 26070000 		.uaword	0x726
 958 0b72 00       		.byte	0
 959 0b73 0C       		.uleb128 0xc
 960 0b74 4F735F52 		.string	"Os_ResourceDynType_s"
 960      65736F75 
 960      72636544 
 960      796E5479 
 960      70655F73 
 961 0b89 0C       		.byte	0xc
 962 0b8a 01       		.byte	0x1
 963 0b8b DE01     		.uahalf	0x1de
 964 0b8d D60B0000 		.uaword	0xbd6
 965 0b91 0D       		.uleb128 0xd
 966 0b92 61636365 		.string	"access_count"
 966      73735F63 
 966      6F756E74 
 966      00
 967 0b9f 01       		.byte	0x1
 968 0ba0 DF01     		.uahalf	0x1df
 969 0ba2 27030000 		.uaword	0x327
 970 0ba6 02       		.byte	0x2
 971 0ba7 23       		.byte	0x23
 972 0ba8 00       		.uleb128 0
 973 0ba9 0D       		.uleb128 0xd
 974 0baa 6C6F636B 		.string	"locker"
 974      657200
 975 0bb1 01       		.byte	0x1
 976 0bb2 E001     		.uahalf	0x1e0
 977 0bb4 330B0000 		.uaword	0xb33
 978 0bb8 02       		.byte	0x2
 979 0bb9 23       		.byte	0x23
 980 0bba 04       		.uleb128 0x4
 981 0bbb 0D       		.uleb128 0xd
 982 0bbc 73617665 		.string	"saved_priority"
 982      645F7072 
 982      696F7269 
 982      747900
 983 0bcb 01       		.byte	0x1
 984 0bcc E401     		.uahalf	0x1e4
 985 0bce 4F0B0000 		.uaword	0xb4f
 986 0bd2 02       		.byte	0x2
 987 0bd3 23       		.byte	0x23
GAS Infineon TriCore Little Endian C:\\Users\\user1\\AppData\\Local\\Temp\\rta_RTAOS_638388406317960277_1736001\\cc2l5Xng.s 			page 23


 988 0bd4 08       		.uleb128 0x8
 989 0bd5 00       		.byte	0
 990 0bd6 0A       		.uleb128 0xa
 991 0bd7 4F735F52 		.string	"Os_ResourceDynType"
 991      65736F75 
 991      72636544 
 991      796E5479 
 991      706500
 992 0bea 01       		.byte	0x1
 993 0beb E501     		.uahalf	0x1e5
 994 0bed 730B0000 		.uaword	0xb73
 995 0bf1 0C       		.uleb128 0xc
 996 0bf2 4F735F52 		.string	"Os_ResourceType_s"
 996      65736F75 
 996      72636554 
 996      7970655F 
 996      7300
 997 0c04 10       		.byte	0x10
 998 0c05 01       		.byte	0x1
 999 0c06 E601     		.uahalf	0x1e6
 1000 0c08 4B0C0000 		.uaword	0xc4b
 1001 0c0c 0E       		.uleb128 0xe
 1002 0c0d 00000000 		.uaword	.LASF2
 1003 0c11 01       		.byte	0x1
 1004 0c12 E701     		.uahalf	0x1e7
 1005 0c14 4B0C0000 		.uaword	0xc4b
 1006 0c18 02       		.byte	0x2
 1007 0c19 23       		.byte	0x23
 1008 0c1a 00       		.uleb128 0
 1009 0c1b 0E       		.uleb128 0xe
 1010 0c1c 00000000 		.uaword	.LASF6
 1011 0c20 01       		.byte	0x1
 1012 0c21 E801     		.uahalf	0x1e8
 1013 0c23 50090000 		.uaword	0x950
 1014 0c27 02       		.byte	0x2
 1015 0c28 23       		.byte	0x23
 1016 0c29 04       		.uleb128 0x4
 1017 0c2a 0D       		.uleb128 0xd
 1018 0c2b 696D6173 		.string	"imask"
 1018      6B00
 1019 0c31 01       		.byte	0x1
 1020 0c32 E901     		.uahalf	0x1e9
 1021 0c34 26070000 		.uaword	0x726
 1022 0c38 02       		.byte	0x2
 1023 0c39 23       		.byte	0x23
 1024 0c3a 08       		.uleb128 0x8
 1025 0c3b 0E       		.uleb128 0xe
 1026 0c3c 00000000 		.uaword	.LASF3
 1027 0c40 01       		.byte	0x1
 1028 0c41 EA01     		.uahalf	0x1ea
 1029 0c43 7F010000 		.uaword	0x17f
 1030 0c47 02       		.byte	0x2
 1031 0c48 23       		.byte	0x23
 1032 0c49 0C       		.uleb128 0xc
 1033 0c4a 00       		.byte	0
 1034 0c4b 0F       		.uleb128 0xf
 1035 0c4c 500C0000 		.uaword	0xc50
GAS Infineon TriCore Little Endian C:\\Users\\user1\\AppData\\Local\\Temp\\rta_RTAOS_638388406317960277_1736001\\cc2l5Xng.s 			page 24


 1036 0c50 08       		.uleb128 0x8
 1037 0c51 04       		.byte	0x4
 1038 0c52 D60B0000 		.uaword	0xbd6
 1039 0c56 0A       		.uleb128 0xa
 1040 0c57 4F735F52 		.string	"Os_ResourceType"
 1040      65736F75 
 1040      72636554 
 1040      79706500 
 1041 0c67 01       		.byte	0x1
 1042 0c68 EB01     		.uahalf	0x1eb
 1043 0c6a F10B0000 		.uaword	0xbf1
 1044 0c6e 0A       		.uleb128 0xa
 1045 0c6f 5265736F 		.string	"ResourceType"
 1045      75726365 
 1045      54797065 
 1045      00
 1046 0c7c 01       		.byte	0x1
 1047 0c7d EC01     		.uahalf	0x1ec
 1048 0c7f 830C0000 		.uaword	0xc83
 1049 0c83 08       		.uleb128 0x8
 1050 0c84 04       		.byte	0x4
 1051 0c85 890C0000 		.uaword	0xc89
 1052 0c89 0F       		.uleb128 0xf
 1053 0c8a 560C0000 		.uaword	0xc56
 1054 0c8e 0A       		.uleb128 0xa
 1055 0c8f 4F535365 		.string	"OSServiceIdType"
 1055      72766963 
 1055      65496454 
 1055      79706500 
 1056 0c9f 01       		.byte	0x1
 1057 0ca0 5102     		.uahalf	0x251
 1058 0ca2 8C010000 		.uaword	0x18c
 1059 0ca6 0A       		.uleb128 0xa
 1060 0ca7 4F735F42 		.string	"Os_BiggestType"
 1060      69676765 
 1060      73745479 
 1060      706500
 1061 0cb6 01       		.byte	0x1
 1062 0cb7 2503     		.uahalf	0x325
 1063 0cb9 CF010000 		.uaword	0x1cf
 1064 0cbd 13       		.uleb128 0x13
 1065 0cbe 10       		.byte	0x10
 1066 0cbf 01       		.byte	0x1
 1067 0cc0 2703     		.uahalf	0x327
 1068 0cc2 2B0D0000 		.uaword	0xd2b
 1069 0cc6 0D       		.uleb128 0xd
 1070 0cc7 73657276 		.string	"service_id"
 1070      6963655F 
 1070      696400
 1071 0cd2 01       		.byte	0x1
 1072 0cd3 2803     		.uahalf	0x328
 1073 0cd5 8E0C0000 		.uaword	0xc8e
 1074 0cd9 02       		.byte	0x2
 1075 0cda 23       		.byte	0x23
 1076 0cdb 00       		.uleb128 0
 1077 0cdc 0D       		.uleb128 0xd
 1078 0cdd 73657276 		.string	"service_param1"
GAS Infineon TriCore Little Endian C:\\Users\\user1\\AppData\\Local\\Temp\\rta_RTAOS_638388406317960277_1736001\\cc2l5Xng.s 			page 25


 1078      6963655F 
 1078      70617261 
 1078      6D3100
 1079 0cec 01       		.byte	0x1
 1080 0ced 2903     		.uahalf	0x329
 1081 0cef A60C0000 		.uaword	0xca6
 1082 0cf3 02       		.byte	0x2
 1083 0cf4 23       		.byte	0x23
 1084 0cf5 04       		.uleb128 0x4
 1085 0cf6 0D       		.uleb128 0xd
 1086 0cf7 73657276 		.string	"service_param2"
 1086      6963655F 
 1086      70617261 
 1086      6D3200
 1087 0d06 01       		.byte	0x1
 1088 0d07 2A03     		.uahalf	0x32a
 1089 0d09 A60C0000 		.uaword	0xca6
 1090 0d0d 02       		.byte	0x2
 1091 0d0e 23       		.byte	0x23
 1092 0d0f 08       		.uleb128 0x8
 1093 0d10 0D       		.uleb128 0xd
 1094 0d11 73657276 		.string	"service_param3"
 1094      6963655F 
 1094      70617261 
 1094      6D3300
 1095 0d20 01       		.byte	0x1
 1096 0d21 2B03     		.uahalf	0x32b
 1097 0d23 A60C0000 		.uaword	0xca6
 1098 0d27 02       		.byte	0x2
 1099 0d28 23       		.byte	0x23
 1100 0d29 0C       		.uleb128 0xc
 1101 0d2a 00       		.byte	0
 1102 0d2b 0A       		.uleb128 0xa
 1103 0d2c 4F735F45 		.string	"Os_ErrorInformationType"
 1103      72726F72 
 1103      496E666F 
 1103      726D6174 
 1103      696F6E54 
 1104 0d44 01       		.byte	0x1
 1105 0d45 2C03     		.uahalf	0x32c
 1106 0d47 BD0C0000 		.uaword	0xcbd
 1107 0d4b 0A       		.uleb128 0xa
 1108 0d4c 4F735F4F 		.string	"Os_OrtiIdType"
 1108      72746949 
 1108      64547970 
 1108      6500
 1109 0d5a 01       		.byte	0x1
 1110 0d5b 3003     		.uahalf	0x330
 1111 0d5d 8C010000 		.uaword	0x18c
 1112 0d61 0B       		.uleb128 0xb
 1113 0d62 11090000 		.uaword	0x911
 1114 0d66 0B       		.uleb128 0xb
 1115 0d67 79080000 		.uaword	0x879
 1116 0d6b 0B       		.uleb128 0xb
 1117 0d6c 330B0000 		.uaword	0xb33
 1118 0d70 0B       		.uleb128 0xb
 1119 0d71 50090000 		.uaword	0x950
GAS Infineon TriCore Little Endian C:\\Users\\user1\\AppData\\Local\\Temp\\rta_RTAOS_638388406317960277_1736001\\cc2l5Xng.s 			page 26


 1120 0d75 0B       		.uleb128 0xb
 1121 0d76 37040000 		.uaword	0x437
 1122 0d7a 0B       		.uleb128 0xb
 1123 0d7b D8030000 		.uaword	0x3d8
 1124 0d7f 0A       		.uleb128 0xa
 1125 0d80 4F735F43 		.string	"Os_ControlledCoreType"
 1125      6F6E7472 
 1125      6F6C6C65 
 1125      64436F72 
 1125      65547970 
 1126 0d96 01       		.byte	0x1
 1127 0d97 2404     		.uahalf	0x424
 1128 0d99 9A040000 		.uaword	0x49a
 1129 0d9d 0C       		.uleb128 0xc
 1130 0d9e 4F735F41 		.string	"Os_AnyCoreType_s"
 1130      6E79436F 
 1130      72655479 
 1130      70655F73 
 1130      00
 1131 0daf 64       		.byte	0x64
 1132 0db0 01       		.byte	0x1
 1133 0db1 3204     		.uahalf	0x432
 1134 0db3 D60E0000 		.uaword	0xed6
 1135 0db7 0D       		.uleb128 0xd
 1136 0db8 44697361 		.string	"DisableAllImask"
 1136      626C6541 
 1136      6C6C496D 
 1136      61736B00 
 1137 0dc8 01       		.byte	0x1
 1138 0dc9 3304     		.uahalf	0x433
 1139 0dcb D60E0000 		.uaword	0xed6
 1140 0dcf 02       		.byte	0x2
 1141 0dd0 23       		.byte	0x23
 1142 0dd1 00       		.uleb128 0
 1143 0dd2 0D       		.uleb128 0xd
 1144 0dd3 53757370 		.string	"SuspendAllImask"
 1144      656E6441 
 1144      6C6C496D 
 1144      61736B00 
 1145 0de3 01       		.byte	0x1
 1146 0de4 3404     		.uahalf	0x434
 1147 0de6 D60E0000 		.uaword	0xed6
 1148 0dea 02       		.byte	0x2
 1149 0deb 23       		.byte	0x23
 1150 0dec 04       		.uleb128 0x4
 1151 0ded 0D       		.uleb128 0xd
 1152 0dee 53757370 		.string	"SuspendOSImask"
 1152      656E644F 
 1152      53496D61 
 1152      736B00
 1153 0dfd 01       		.byte	0x1
 1154 0dfe 3504     		.uahalf	0x435
 1155 0e00 D60E0000 		.uaword	0xed6
 1156 0e04 02       		.byte	0x2
 1157 0e05 23       		.byte	0x23
 1158 0e06 08       		.uleb128 0x8
 1159 0e07 0D       		.uleb128 0xd
GAS Infineon TriCore Little Endian C:\\Users\\user1\\AppData\\Local\\Temp\\rta_RTAOS_638388406317960277_1736001\\cc2l5Xng.s 			page 27


 1160 0e08 44697361 		.string	"DisableAllCount"
 1160      626C6541 
 1160      6C6C436F 
 1160      756E7400 
 1161 0e18 01       		.byte	0x1
 1162 0e19 3604     		.uahalf	0x436
 1163 0e1b DB0E0000 		.uaword	0xedb
 1164 0e1f 02       		.byte	0x2
 1165 0e20 23       		.byte	0x23
 1166 0e21 0C       		.uleb128 0xc
 1167 0e22 0D       		.uleb128 0xd
 1168 0e23 53757370 		.string	"SuspendAllCount"
 1168      656E6441 
 1168      6C6C436F 
 1168      756E7400 
 1169 0e33 01       		.byte	0x1
 1170 0e34 3704     		.uahalf	0x437
 1171 0e36 DB0E0000 		.uaword	0xedb
 1172 0e3a 02       		.byte	0x2
 1173 0e3b 23       		.byte	0x23
 1174 0e3c 10       		.uleb128 0x10
 1175 0e3d 0D       		.uleb128 0xd
 1176 0e3e 53757370 		.string	"SuspendOSCount"
 1176      656E644F 
 1176      53436F75 
 1176      6E7400
 1177 0e4d 01       		.byte	0x1
 1178 0e4e 3804     		.uahalf	0x438
 1179 0e50 DB0E0000 		.uaword	0xedb
 1180 0e54 02       		.byte	0x2
 1181 0e55 23       		.byte	0x23
 1182 0e56 14       		.uleb128 0x14
 1183 0e57 0D       		.uleb128 0xd
 1184 0e58 4F727469 		.string	"OrtiApiID"
 1184      41706949 
 1184      4400
 1185 0e62 01       		.byte	0x1
 1186 0e63 3904     		.uahalf	0x439
 1187 0e65 E00E0000 		.uaword	0xee0
 1188 0e69 02       		.byte	0x2
 1189 0e6a 23       		.byte	0x23
 1190 0e6b 18       		.uleb128 0x18
 1191 0e6c 0D       		.uleb128 0xd
 1192 0e6d 4F727469 		.string	"OrtiLastError"
 1192      4C617374 
 1192      4572726F 
 1192      7200
 1193 0e7b 01       		.byte	0x1
 1194 0e7c 3A04     		.uahalf	0x43a
 1195 0e7e 4F020000 		.uaword	0x24f
 1196 0e82 02       		.byte	0x2
 1197 0e83 23       		.byte	0x23
 1198 0e84 19       		.uleb128 0x19
 1199 0e85 0D       		.uleb128 0xd
 1200 0e86 52657374 		.string	"RestartJumpBuf"
 1200      6172744A 
 1200      756D7042 
GAS Infineon TriCore Little Endian C:\\Users\\user1\\AppData\\Local\\Temp\\rta_RTAOS_638388406317960277_1736001\\cc2l5Xng.s 			page 28


 1200      756600
 1201 0e95 01       		.byte	0x1
 1202 0e96 3B04     		.uahalf	0x43b
 1203 0e98 01030000 		.uaword	0x301
 1204 0e9c 02       		.byte	0x2
 1205 0e9d 23       		.byte	0x23
 1206 0e9e 1C       		.uleb128 0x1c
 1207 0e9f 0D       		.uleb128 0xd
 1208 0ea0 52657374 		.string	"Restartable"
 1208      61727461 
 1208      626C6500 
 1209 0eac 01       		.byte	0x1
 1210 0ead 3C04     		.uahalf	0x43c
 1211 0eaf 40020000 		.uaword	0x240
 1212 0eb3 02       		.byte	0x2
 1213 0eb4 23       		.byte	0x23
 1214 0eb5 60       		.uleb128 0x60
 1215 0eb6 0D       		.uleb128 0xd
 1216 0eb7 4C617374 		.string	"LastProtectionFault"
 1216      50726F74 
 1216      65637469 
 1216      6F6E4661 
 1216      756C7400 
 1217 0ecb 01       		.byte	0x1
 1218 0ecc 3D04     		.uahalf	0x43d
 1219 0ece 4F020000 		.uaword	0x24f
 1220 0ed2 02       		.byte	0x2
 1221 0ed3 23       		.byte	0x23
 1222 0ed4 61       		.uleb128 0x61
 1223 0ed5 00       		.byte	0
 1224 0ed6 0B       		.uleb128 0xb
 1225 0ed7 26070000 		.uaword	0x726
 1226 0edb 0B       		.uleb128 0xb
 1227 0edc C1010000 		.uaword	0x1c1
 1228 0ee0 0B       		.uleb128 0xb
 1229 0ee1 4B0D0000 		.uaword	0xd4b
 1230 0ee5 0A       		.uleb128 0xa
 1231 0ee6 4F735F41 		.string	"Os_AnyCoreType"
 1231      6E79436F 
 1231      72655479 
 1231      706500
 1232 0ef5 01       		.byte	0x1
 1233 0ef6 3E04     		.uahalf	0x43e
 1234 0ef8 9D0D0000 		.uaword	0xd9d
 1235 0efc 0C       		.uleb128 0xc
 1236 0efd 4F735F43 		.string	"Os_CoreConfiguration_s"
 1236      6F726543 
 1236      6F6E6669 
 1236      67757261 
 1236      74696F6E 
 1237 0f14 18       		.byte	0x18
 1238 0f15 01       		.byte	0x1
 1239 0f16 4904     		.uahalf	0x449
 1240 0f18 960F0000 		.uaword	0xf96
 1241 0f1c 0D       		.uleb128 0xd
 1242 0f1d 636F6E74 		.string	"controlled"
 1242      726F6C6C 
GAS Infineon TriCore Little Endian C:\\Users\\user1\\AppData\\Local\\Temp\\rta_RTAOS_638388406317960277_1736001\\cc2l5Xng.s 			page 29


 1242      656400
 1243 0f28 01       		.byte	0x1
 1244 0f29 4A04     		.uahalf	0x44a
 1245 0f2b 960F0000 		.uaword	0xf96
 1246 0f2f 02       		.byte	0x2
 1247 0f30 23       		.byte	0x23
 1248 0f31 00       		.uleb128 0
 1249 0f32 0D       		.uleb128 0xd
 1250 0f33 616E7900 		.string	"any"
 1251 0f37 01       		.byte	0x1
 1252 0f38 4B04     		.uahalf	0x44b
 1253 0f3a A10F0000 		.uaword	0xfa1
 1254 0f3e 02       		.byte	0x2
 1255 0f3f 23       		.byte	0x23
 1256 0f40 04       		.uleb128 0x4
 1257 0f41 0D       		.uleb128 0xd
 1258 0f42 73746174 		.string	"state"
 1258      6500
 1259 0f48 01       		.byte	0x1
 1260 0f49 4C04     		.uahalf	0x44c
 1261 0f4b AC0F0000 		.uaword	0xfac
 1262 0f4f 02       		.byte	0x2
 1263 0f50 23       		.byte	0x23
 1264 0f51 08       		.uleb128 0x8
 1265 0f52 0D       		.uleb128 0xd
 1266 0f53 64697370 		.string	"dispatch"
 1266      61746368 
 1266      00
 1267 0f5c 01       		.byte	0x1
 1268 0f5d 4D04     		.uahalf	0x44d
 1269 0f5f B1030000 		.uaword	0x3b1
 1270 0f63 02       		.byte	0x2
 1271 0f64 23       		.byte	0x23
 1272 0f65 0C       		.uleb128 0xc
 1273 0f66 0D       		.uleb128 0xd
 1274 0f67 4F735F52 		.string	"Os_Res_Scheduler"
 1274      65735F53 
 1274      63686564 
 1274      756C6572 
 1274      00
 1275 0f78 01       		.byte	0x1
 1276 0f79 4E04     		.uahalf	0x44e
 1277 0f7b 6E0C0000 		.uaword	0xc6e
 1278 0f7f 02       		.byte	0x2
 1279 0f80 23       		.byte	0x23
 1280 0f81 10       		.uleb128 0x10
 1281 0f82 0D       		.uleb128 0xd
 1282 0f83 636F7265 		.string	"core_id"
 1282      5F696400 
 1283 0f8b 01       		.byte	0x1
 1284 0f8c 4F04     		.uahalf	0x44f
 1285 0f8e 6B040000 		.uaword	0x46b
 1286 0f92 02       		.byte	0x2
 1287 0f93 23       		.byte	0x23
 1288 0f94 14       		.uleb128 0x14
 1289 0f95 00       		.byte	0
 1290 0f96 0F       		.uleb128 0xf
GAS Infineon TriCore Little Endian C:\\Users\\user1\\AppData\\Local\\Temp\\rta_RTAOS_638388406317960277_1736001\\cc2l5Xng.s 			page 30


 1291 0f97 9B0F0000 		.uaword	0xf9b
 1292 0f9b 08       		.uleb128 0x8
 1293 0f9c 04       		.byte	0x4
 1294 0f9d 7F0D0000 		.uaword	0xd7f
 1295 0fa1 0F       		.uleb128 0xf
 1296 0fa2 A60F0000 		.uaword	0xfa6
 1297 0fa6 08       		.uleb128 0x8
 1298 0fa7 04       		.byte	0x4
 1299 0fa8 E50E0000 		.uaword	0xee5
 1300 0fac 0F       		.uleb128 0xf
 1301 0fad B10F0000 		.uaword	0xfb1
 1302 0fb1 08       		.uleb128 0x8
 1303 0fb2 04       		.byte	0x4
 1304 0fb3 B70F0000 		.uaword	0xfb7
 1305 0fb7 0B       		.uleb128 0xb
 1306 0fb8 03040000 		.uaword	0x403
 1307 0fbc 0A       		.uleb128 0xa
 1308 0fbd 4F735F43 		.string	"Os_CoreConfiguration"
 1308      6F726543 
 1308      6F6E6669 
 1308      67757261 
 1308      74696F6E 
 1309 0fd2 01       		.byte	0x1
 1310 0fd3 5004     		.uahalf	0x450
 1311 0fd5 FC0E0000 		.uaword	0xefc
 1312 0fd9 14       		.uleb128 0x14
 1313 0fda 01       		.byte	0x1
 1314 0fdb 4F735F52 		.string	"Os_ReleaseSpinlock"
 1314      656C6561 
 1314      73655370 
 1314      696E6C6F 
 1314      636B00
 1315 0fee 01       		.byte	0x1
 1316 0fef 5805     		.uahalf	0x558
 1317 0ff1 01       		.byte	0x1
 1318 0ff2 4F020000 		.uaword	0x24f
 1319 0ff6 00000000 		.uaword	.LFB0
 1320 0ffa 00000000 		.uaword	.LFE0
 1321 0ffe 00000000 		.uaword	.LLST0
 1322 1002 01       		.byte	0x1
 1323 1003 E7100000 		.uaword	0x10e7
 1324 1007 15       		.uleb128 0x15
 1325 1008 5370696E 		.string	"SpinlockId"
 1325      6C6F636B 
 1325      496400
 1326 1013 01       		.byte	0x1
 1327 1014 5805     		.uahalf	0x558
 1328 1016 7E040000 		.uaword	0x47e
 1329 101a 00000000 		.uaword	.LLST1
 1330 101e 16       		.uleb128 0x16
 1331 101f 6170695F 		.string	"api_retval"
 1331      72657476 
 1331      616C00
 1332 102a 01       		.byte	0x1
 1333 102b 5905     		.uahalf	0x559
 1334 102d 4F020000 		.uaword	0x24f
 1335 1031 00000000 		.uaword	.LLST2
GAS Infineon TriCore Little Endian C:\\Users\\user1\\AppData\\Local\\Temp\\rta_RTAOS_638388406317960277_1736001\\cc2l5Xng.s 			page 31


 1336 1035 17       		.uleb128 0x17
 1337 1036 6F735F63 		.string	"os_current_core_const"
 1337      75727265 
 1337      6E745F63 
 1337      6F72655F 
 1337      636F6E73 
 1338 104c 01       		.byte	0x1
 1339 104d 5A05     		.uahalf	0x55a
 1340 104f E7100000 		.uaword	0x10e7
 1341 1053 18       		.uleb128 0x18
 1342 1054 6F735F63 		.string	"os_current_core"
 1342      75727265 
 1342      6E745F63 
 1342      6F726500 
 1343 1064 01       		.byte	0x1
 1344 1065 5B05     		.uahalf	0x55b
 1345 1067 A60F0000 		.uaword	0xfa6
 1346 106b 01       		.byte	0x1
 1347 106c 6F       		.byte	0x6f
 1348 106d 16       		.uleb128 0x16
 1349 106e 70726576 		.string	"previous_tmask"
 1349      696F7573 
 1349      5F746D61 
 1349      736B00
 1350 107d 01       		.byte	0x1
 1351 107e 5C05     		.uahalf	0x55c
 1352 1080 EF030000 		.uaword	0x3ef
 1353 1084 00000000 		.uaword	.LLST3
 1354 1088 19       		.uleb128 0x19
 1355 1089 00000000 		.uaword	.LBB2
 1356 108d 00000000 		.uaword	.LBE2
 1357 1091 A6100000 		.uaword	0x10a6
 1358 1095 16       		.uleb128 0x16
 1359 1096 72657300 		.string	"res"
 1360 109a 01       		.byte	0x1
 1361 109b 5A05     		.uahalf	0x55a
 1362 109d CF010000 		.uaword	0x1cf
 1363 10a1 00000000 		.uaword	.LLST4
 1364 10a5 00       		.byte	0
 1365 10a6 19       		.uleb128 0x19
 1366 10a7 00000000 		.uaword	.LBB3
 1367 10ab 00000000 		.uaword	.LBE3
 1368 10af C4100000 		.uaword	0x10c4
 1369 10b3 16       		.uleb128 0x16
 1370 10b4 72657300 		.string	"res"
 1371 10b8 01       		.byte	0x1
 1372 10b9 5C05     		.uahalf	0x55c
 1373 10bb CF010000 		.uaword	0x1cf
 1374 10bf 00000000 		.uaword	.LLST3
 1375 10c3 00       		.byte	0
 1376 10c4 1A       		.uleb128 0x1a
 1377 10c5 00000000 		.uaword	.LVL7
 1378 10c9 27110000 		.uaword	0x1127
 1379 10cd 1B       		.uleb128 0x1b
 1380 10ce 01       		.byte	0x1
 1381 10cf 57       		.byte	0x57
 1382 10d0 02       		.byte	0x2
GAS Infineon TriCore Little Endian C:\\Users\\user1\\AppData\\Local\\Temp\\rta_RTAOS_638388406317960277_1736001\\cc2l5Xng.s 			page 32


 1383 10d1 7F       		.byte	0x7f
 1384 10d2 00       		.sleb128 0
 1385 10d3 1B       		.uleb128 0x1b
 1386 10d4 01       		.byte	0x1
 1387 10d5 55       		.byte	0x55
 1388 10d6 02       		.byte	0x2
 1389 10d7 08       		.byte	0x8
 1390 10d8 5D       		.byte	0x5d
 1391 10d9 1B       		.uleb128 0x1b
 1392 10da 01       		.byte	0x1
 1393 10db 54       		.byte	0x54
 1394 10dc 01       		.byte	0x1
 1395 10dd 33       		.byte	0x33
 1396 10de 1B       		.uleb128 0x1b
 1397 10df 02       		.byte	0x2
 1398 10e0 8A       		.byte	0x8a
 1399 10e1 00       		.sleb128 0
 1400 10e2 02       		.byte	0x2
 1401 10e3 7F       		.byte	0x7f
 1402 10e4 00       		.sleb128 0
 1403 10e5 00       		.byte	0
 1404 10e6 00       		.byte	0
 1405 10e7 08       		.uleb128 0x8
 1406 10e8 04       		.byte	0x4
 1407 10e9 ED100000 		.uaword	0x10ed
 1408 10ed 0F       		.uleb128 0xf
 1409 10ee BC0F0000 		.uaword	0xfbc
 1410 10f2 06       		.uleb128 0x6
 1411 10f3 BC0F0000 		.uaword	0xfbc
 1412 10f7 FD100000 		.uaword	0x10fd
 1413 10fb 1C       		.uleb128 0x1c
 1414 10fc 00       		.byte	0
 1415 10fd 1D       		.uleb128 0x1d
 1416 10fe 4F735F63 		.string	"Os_const_coreconfiguration"
 1416      6F6E7374 
 1416      5F636F72 
 1416      65636F6E 
 1416      66696775 
 1417 1119 01       		.byte	0x1
 1418 111a 6A04     		.uahalf	0x46a
 1419 111c 22110000 		.uaword	0x1122
 1420 1120 01       		.byte	0x1
 1421 1121 01       		.byte	0x1
 1422 1122 0F       		.uleb128 0xf
 1423 1123 F2100000 		.uaword	0x10f2
 1424 1127 1E       		.uleb128 0x1e
 1425 1128 01       		.byte	0x1
 1426 1129 4F735F45 		.string	"Os_ErrorLog"
 1426      72726F72 
 1426      4C6F6700 
 1427 1135 01       		.byte	0x1
 1428 1136 4805     		.uahalf	0x548
 1429 1138 01       		.byte	0x1
 1430 1139 01       		.byte	0x1
 1431 113a 1F       		.uleb128 0x1f
 1432 113b 4F020000 		.uaword	0x24f
 1433 113f 1F       		.uleb128 0x1f
GAS Infineon TriCore Little Endian C:\\Users\\user1\\AppData\\Local\\Temp\\rta_RTAOS_638388406317960277_1736001\\cc2l5Xng.s 			page 33


 1434 1140 8E0C0000 		.uaword	0xc8e
 1435 1144 1F       		.uleb128 0x1f
 1436 1145 A60C0000 		.uaword	0xca6
 1437 1149 1F       		.uleb128 0x1f
 1438 114a A60C0000 		.uaword	0xca6
 1439 114e 1F       		.uleb128 0x1f
 1440 114f A60C0000 		.uaword	0xca6
 1441 1153 00       		.byte	0
 1442 1154 00       		.byte	0
 1443              	.section .debug_abbrev,"",@progbits
 1444              	.Ldebug_abbrev0:
 1445 0000 01       		.uleb128 0x1
 1446 0001 11       		.uleb128 0x11
 1447 0002 01       		.byte	0x1
 1448 0003 25       		.uleb128 0x25
 1449 0004 08       		.uleb128 0x8
 1450 0005 13       		.uleb128 0x13
 1451 0006 0B       		.uleb128 0xb
 1452 0007 03       		.uleb128 0x3
 1453 0008 08       		.uleb128 0x8
 1454 0009 55       		.uleb128 0x55
 1455 000a 06       		.uleb128 0x6
 1456 000b 11       		.uleb128 0x11
 1457 000c 01       		.uleb128 0x1
 1458 000d 52       		.uleb128 0x52
 1459 000e 01       		.uleb128 0x1
 1460 000f 10       		.uleb128 0x10
 1461 0010 06       		.uleb128 0x6
 1462 0011 00       		.byte	0
 1463 0012 00       		.byte	0
 1464 0013 02       		.uleb128 0x2
 1465 0014 16       		.uleb128 0x16
 1466 0015 00       		.byte	0
 1467 0016 03       		.uleb128 0x3
 1468 0017 08       		.uleb128 0x8
 1469 0018 3A       		.uleb128 0x3a
 1470 0019 0B       		.uleb128 0xb
 1471 001a 3B       		.uleb128 0x3b
 1472 001b 0B       		.uleb128 0xb
 1473 001c 49       		.uleb128 0x49
 1474 001d 13       		.uleb128 0x13
 1475 001e 00       		.byte	0
 1476 001f 00       		.byte	0
 1477 0020 03       		.uleb128 0x3
 1478 0021 24       		.uleb128 0x24
 1479 0022 00       		.byte	0
 1480 0023 0B       		.uleb128 0xb
 1481 0024 0B       		.uleb128 0xb
 1482 0025 3E       		.uleb128 0x3e
 1483 0026 0B       		.uleb128 0xb
 1484 0027 03       		.uleb128 0x3
 1485 0028 08       		.uleb128 0x8
 1486 0029 00       		.byte	0
 1487 002a 00       		.byte	0
 1488 002b 04       		.uleb128 0x4
 1489 002c 13       		.uleb128 0x13
 1490 002d 01       		.byte	0x1
GAS Infineon TriCore Little Endian C:\\Users\\user1\\AppData\\Local\\Temp\\rta_RTAOS_638388406317960277_1736001\\cc2l5Xng.s 			page 34


 1491 002e 0B       		.uleb128 0xb
 1492 002f 0B       		.uleb128 0xb
 1493 0030 3A       		.uleb128 0x3a
 1494 0031 0B       		.uleb128 0xb
 1495 0032 3B       		.uleb128 0x3b
 1496 0033 0B       		.uleb128 0xb
 1497 0034 01       		.uleb128 0x1
 1498 0035 13       		.uleb128 0x13
 1499 0036 00       		.byte	0
 1500 0037 00       		.byte	0
 1501 0038 05       		.uleb128 0x5
 1502 0039 0D       		.uleb128 0xd
 1503 003a 00       		.byte	0
 1504 003b 03       		.uleb128 0x3
 1505 003c 08       		.uleb128 0x8
 1506 003d 3A       		.uleb128 0x3a
 1507 003e 0B       		.uleb128 0xb
 1508 003f 3B       		.uleb128 0x3b
 1509 0040 0B       		.uleb128 0xb
 1510 0041 49       		.uleb128 0x49
 1511 0042 13       		.uleb128 0x13
 1512 0043 38       		.uleb128 0x38
 1513 0044 0A       		.uleb128 0xa
 1514 0045 00       		.byte	0
 1515 0046 00       		.byte	0
 1516 0047 06       		.uleb128 0x6
 1517 0048 01       		.uleb128 0x1
 1518 0049 01       		.byte	0x1
 1519 004a 49       		.uleb128 0x49
 1520 004b 13       		.uleb128 0x13
 1521 004c 01       		.uleb128 0x1
 1522 004d 13       		.uleb128 0x13
 1523 004e 00       		.byte	0
 1524 004f 00       		.byte	0
 1525 0050 07       		.uleb128 0x7
 1526 0051 21       		.uleb128 0x21
 1527 0052 00       		.byte	0
 1528 0053 49       		.uleb128 0x49
 1529 0054 13       		.uleb128 0x13
 1530 0055 2F       		.uleb128 0x2f
 1531 0056 0B       		.uleb128 0xb
 1532 0057 00       		.byte	0
 1533 0058 00       		.byte	0
 1534 0059 08       		.uleb128 0x8
 1535 005a 0F       		.uleb128 0xf
 1536 005b 00       		.byte	0
 1537 005c 0B       		.uleb128 0xb
 1538 005d 0B       		.uleb128 0xb
 1539 005e 49       		.uleb128 0x49
 1540 005f 13       		.uleb128 0x13
 1541 0060 00       		.byte	0
 1542 0061 00       		.byte	0
 1543 0062 09       		.uleb128 0x9
 1544 0063 15       		.uleb128 0x15
 1545 0064 00       		.byte	0
 1546 0065 27       		.uleb128 0x27
 1547 0066 0C       		.uleb128 0xc
GAS Infineon TriCore Little Endian C:\\Users\\user1\\AppData\\Local\\Temp\\rta_RTAOS_638388406317960277_1736001\\cc2l5Xng.s 			page 35


 1548 0067 00       		.byte	0
 1549 0068 00       		.byte	0
 1550 0069 0A       		.uleb128 0xa
 1551 006a 16       		.uleb128 0x16
 1552 006b 00       		.byte	0
 1553 006c 03       		.uleb128 0x3
 1554 006d 08       		.uleb128 0x8
 1555 006e 3A       		.uleb128 0x3a
 1556 006f 0B       		.uleb128 0xb
 1557 0070 3B       		.uleb128 0x3b
 1558 0071 05       		.uleb128 0x5
 1559 0072 49       		.uleb128 0x49
 1560 0073 13       		.uleb128 0x13
 1561 0074 00       		.byte	0
 1562 0075 00       		.byte	0
 1563 0076 0B       		.uleb128 0xb
 1564 0077 35       		.uleb128 0x35
 1565 0078 00       		.byte	0
 1566 0079 49       		.uleb128 0x49
 1567 007a 13       		.uleb128 0x13
 1568 007b 00       		.byte	0
 1569 007c 00       		.byte	0
 1570 007d 0C       		.uleb128 0xc
 1571 007e 13       		.uleb128 0x13
 1572 007f 01       		.byte	0x1
 1573 0080 03       		.uleb128 0x3
 1574 0081 08       		.uleb128 0x8
 1575 0082 0B       		.uleb128 0xb
 1576 0083 0B       		.uleb128 0xb
 1577 0084 3A       		.uleb128 0x3a
 1578 0085 0B       		.uleb128 0xb
 1579 0086 3B       		.uleb128 0x3b
 1580 0087 05       		.uleb128 0x5
 1581 0088 01       		.uleb128 0x1
 1582 0089 13       		.uleb128 0x13
 1583 008a 00       		.byte	0
 1584 008b 00       		.byte	0
 1585 008c 0D       		.uleb128 0xd
 1586 008d 0D       		.uleb128 0xd
 1587 008e 00       		.byte	0
 1588 008f 03       		.uleb128 0x3
 1589 0090 08       		.uleb128 0x8
 1590 0091 3A       		.uleb128 0x3a
 1591 0092 0B       		.uleb128 0xb
 1592 0093 3B       		.uleb128 0x3b
 1593 0094 05       		.uleb128 0x5
 1594 0095 49       		.uleb128 0x49
 1595 0096 13       		.uleb128 0x13
 1596 0097 38       		.uleb128 0x38
 1597 0098 0A       		.uleb128 0xa
 1598 0099 00       		.byte	0
 1599 009a 00       		.byte	0
 1600 009b 0E       		.uleb128 0xe
 1601 009c 0D       		.uleb128 0xd
 1602 009d 00       		.byte	0
 1603 009e 03       		.uleb128 0x3
 1604 009f 0E       		.uleb128 0xe
GAS Infineon TriCore Little Endian C:\\Users\\user1\\AppData\\Local\\Temp\\rta_RTAOS_638388406317960277_1736001\\cc2l5Xng.s 			page 36


 1605 00a0 3A       		.uleb128 0x3a
 1606 00a1 0B       		.uleb128 0xb
 1607 00a2 3B       		.uleb128 0x3b
 1608 00a3 05       		.uleb128 0x5
 1609 00a4 49       		.uleb128 0x49
 1610 00a5 13       		.uleb128 0x13
 1611 00a6 38       		.uleb128 0x38
 1612 00a7 0A       		.uleb128 0xa
 1613 00a8 00       		.byte	0
 1614 00a9 00       		.byte	0
 1615 00aa 0F       		.uleb128 0xf
 1616 00ab 26       		.uleb128 0x26
 1617 00ac 00       		.byte	0
 1618 00ad 49       		.uleb128 0x49
 1619 00ae 13       		.uleb128 0x13
 1620 00af 00       		.byte	0
 1621 00b0 00       		.byte	0
 1622 00b1 10       		.uleb128 0x10
 1623 00b2 17       		.uleb128 0x17
 1624 00b3 01       		.byte	0x1
 1625 00b4 0B       		.uleb128 0xb
 1626 00b5 0B       		.uleb128 0xb
 1627 00b6 3A       		.uleb128 0x3a
 1628 00b7 0B       		.uleb128 0xb
 1629 00b8 3B       		.uleb128 0x3b
 1630 00b9 05       		.uleb128 0x5
 1631 00ba 01       		.uleb128 0x1
 1632 00bb 13       		.uleb128 0x13
 1633 00bc 00       		.byte	0
 1634 00bd 00       		.byte	0
 1635 00be 11       		.uleb128 0x11
 1636 00bf 0D       		.uleb128 0xd
 1637 00c0 00       		.byte	0
 1638 00c1 03       		.uleb128 0x3
 1639 00c2 08       		.uleb128 0x8
 1640 00c3 3A       		.uleb128 0x3a
 1641 00c4 0B       		.uleb128 0xb
 1642 00c5 3B       		.uleb128 0x3b
 1643 00c6 05       		.uleb128 0x5
 1644 00c7 49       		.uleb128 0x49
 1645 00c8 13       		.uleb128 0x13
 1646 00c9 00       		.byte	0
 1647 00ca 00       		.byte	0
 1648 00cb 12       		.uleb128 0x12
 1649 00cc 0D       		.uleb128 0xd
 1650 00cd 00       		.byte	0
 1651 00ce 03       		.uleb128 0x3
 1652 00cf 0E       		.uleb128 0xe
 1653 00d0 3A       		.uleb128 0x3a
 1654 00d1 0B       		.uleb128 0xb
 1655 00d2 3B       		.uleb128 0x3b
 1656 00d3 05       		.uleb128 0x5
 1657 00d4 49       		.uleb128 0x49
 1658 00d5 13       		.uleb128 0x13
 1659 00d6 00       		.byte	0
 1660 00d7 00       		.byte	0
 1661 00d8 13       		.uleb128 0x13
GAS Infineon TriCore Little Endian C:\\Users\\user1\\AppData\\Local\\Temp\\rta_RTAOS_638388406317960277_1736001\\cc2l5Xng.s 			page 37


 1662 00d9 13       		.uleb128 0x13
 1663 00da 01       		.byte	0x1
 1664 00db 0B       		.uleb128 0xb
 1665 00dc 0B       		.uleb128 0xb
 1666 00dd 3A       		.uleb128 0x3a
 1667 00de 0B       		.uleb128 0xb
 1668 00df 3B       		.uleb128 0x3b
 1669 00e0 05       		.uleb128 0x5
 1670 00e1 01       		.uleb128 0x1
 1671 00e2 13       		.uleb128 0x13
 1672 00e3 00       		.byte	0
 1673 00e4 00       		.byte	0
 1674 00e5 14       		.uleb128 0x14
 1675 00e6 2E       		.uleb128 0x2e
 1676 00e7 01       		.byte	0x1
 1677 00e8 3F       		.uleb128 0x3f
 1678 00e9 0C       		.uleb128 0xc
 1679 00ea 03       		.uleb128 0x3
 1680 00eb 08       		.uleb128 0x8
 1681 00ec 3A       		.uleb128 0x3a
 1682 00ed 0B       		.uleb128 0xb
 1683 00ee 3B       		.uleb128 0x3b
 1684 00ef 05       		.uleb128 0x5
 1685 00f0 27       		.uleb128 0x27
 1686 00f1 0C       		.uleb128 0xc
 1687 00f2 49       		.uleb128 0x49
 1688 00f3 13       		.uleb128 0x13
 1689 00f4 11       		.uleb128 0x11
 1690 00f5 01       		.uleb128 0x1
 1691 00f6 12       		.uleb128 0x12
 1692 00f7 01       		.uleb128 0x1
 1693 00f8 40       		.uleb128 0x40
 1694 00f9 06       		.uleb128 0x6
 1695 00fa 9742     		.uleb128 0x2117
 1696 00fc 0C       		.uleb128 0xc
 1697 00fd 01       		.uleb128 0x1
 1698 00fe 13       		.uleb128 0x13
 1699 00ff 00       		.byte	0
 1700 0100 00       		.byte	0
 1701 0101 15       		.uleb128 0x15
 1702 0102 05       		.uleb128 0x5
 1703 0103 00       		.byte	0
 1704 0104 03       		.uleb128 0x3
 1705 0105 08       		.uleb128 0x8
 1706 0106 3A       		.uleb128 0x3a
 1707 0107 0B       		.uleb128 0xb
 1708 0108 3B       		.uleb128 0x3b
 1709 0109 05       		.uleb128 0x5
 1710 010a 49       		.uleb128 0x49
 1711 010b 13       		.uleb128 0x13
 1712 010c 02       		.uleb128 0x2
 1713 010d 06       		.uleb128 0x6
 1714 010e 00       		.byte	0
 1715 010f 00       		.byte	0
 1716 0110 16       		.uleb128 0x16
 1717 0111 34       		.uleb128 0x34
 1718 0112 00       		.byte	0
GAS Infineon TriCore Little Endian C:\\Users\\user1\\AppData\\Local\\Temp\\rta_RTAOS_638388406317960277_1736001\\cc2l5Xng.s 			page 38


 1719 0113 03       		.uleb128 0x3
 1720 0114 08       		.uleb128 0x8
 1721 0115 3A       		.uleb128 0x3a
 1722 0116 0B       		.uleb128 0xb
 1723 0117 3B       		.uleb128 0x3b
 1724 0118 05       		.uleb128 0x5
 1725 0119 49       		.uleb128 0x49
 1726 011a 13       		.uleb128 0x13
 1727 011b 02       		.uleb128 0x2
 1728 011c 06       		.uleb128 0x6
 1729 011d 00       		.byte	0
 1730 011e 00       		.byte	0
 1731 011f 17       		.uleb128 0x17
 1732 0120 34       		.uleb128 0x34
 1733 0121 00       		.byte	0
 1734 0122 03       		.uleb128 0x3
 1735 0123 08       		.uleb128 0x8
 1736 0124 3A       		.uleb128 0x3a
 1737 0125 0B       		.uleb128 0xb
 1738 0126 3B       		.uleb128 0x3b
 1739 0127 05       		.uleb128 0x5
 1740 0128 49       		.uleb128 0x49
 1741 0129 13       		.uleb128 0x13
 1742 012a 00       		.byte	0
 1743 012b 00       		.byte	0
 1744 012c 18       		.uleb128 0x18
 1745 012d 34       		.uleb128 0x34
 1746 012e 00       		.byte	0
 1747 012f 03       		.uleb128 0x3
 1748 0130 08       		.uleb128 0x8
 1749 0131 3A       		.uleb128 0x3a
 1750 0132 0B       		.uleb128 0xb
 1751 0133 3B       		.uleb128 0x3b
 1752 0134 05       		.uleb128 0x5
 1753 0135 49       		.uleb128 0x49
 1754 0136 13       		.uleb128 0x13
 1755 0137 02       		.uleb128 0x2
 1756 0138 0A       		.uleb128 0xa
 1757 0139 00       		.byte	0
 1758 013a 00       		.byte	0
 1759 013b 19       		.uleb128 0x19
 1760 013c 0B       		.uleb128 0xb
 1761 013d 01       		.byte	0x1
 1762 013e 11       		.uleb128 0x11
 1763 013f 01       		.uleb128 0x1
 1764 0140 12       		.uleb128 0x12
 1765 0141 01       		.uleb128 0x1
 1766 0142 01       		.uleb128 0x1
 1767 0143 13       		.uleb128 0x13
 1768 0144 00       		.byte	0
 1769 0145 00       		.byte	0
 1770 0146 1A       		.uleb128 0x1a
 1771 0147 898201   		.uleb128 0x4109
 1772 014a 01       		.byte	0x1
 1773 014b 11       		.uleb128 0x11
 1774 014c 01       		.uleb128 0x1
 1775 014d 31       		.uleb128 0x31
GAS Infineon TriCore Little Endian C:\\Users\\user1\\AppData\\Local\\Temp\\rta_RTAOS_638388406317960277_1736001\\cc2l5Xng.s 			page 39


 1776 014e 13       		.uleb128 0x13
 1777 014f 00       		.byte	0
 1778 0150 00       		.byte	0
 1779 0151 1B       		.uleb128 0x1b
 1780 0152 8A8201   		.uleb128 0x410a
 1781 0155 00       		.byte	0
 1782 0156 02       		.uleb128 0x2
 1783 0157 0A       		.uleb128 0xa
 1784 0158 9142     		.uleb128 0x2111
 1785 015a 0A       		.uleb128 0xa
 1786 015b 00       		.byte	0
 1787 015c 00       		.byte	0
 1788 015d 1C       		.uleb128 0x1c
 1789 015e 21       		.uleb128 0x21
 1790 015f 00       		.byte	0
 1791 0160 00       		.byte	0
 1792 0161 00       		.byte	0
 1793 0162 1D       		.uleb128 0x1d
 1794 0163 34       		.uleb128 0x34
 1795 0164 00       		.byte	0
 1796 0165 03       		.uleb128 0x3
 1797 0166 08       		.uleb128 0x8
 1798 0167 3A       		.uleb128 0x3a
 1799 0168 0B       		.uleb128 0xb
 1800 0169 3B       		.uleb128 0x3b
 1801 016a 05       		.uleb128 0x5
 1802 016b 49       		.uleb128 0x49
 1803 016c 13       		.uleb128 0x13
 1804 016d 3F       		.uleb128 0x3f
 1805 016e 0C       		.uleb128 0xc
 1806 016f 3C       		.uleb128 0x3c
 1807 0170 0C       		.uleb128 0xc
 1808 0171 00       		.byte	0
 1809 0172 00       		.byte	0
 1810 0173 1E       		.uleb128 0x1e
 1811 0174 2E       		.uleb128 0x2e
 1812 0175 01       		.byte	0x1
 1813 0176 3F       		.uleb128 0x3f
 1814 0177 0C       		.uleb128 0xc
 1815 0178 03       		.uleb128 0x3
 1816 0179 08       		.uleb128 0x8
 1817 017a 3A       		.uleb128 0x3a
 1818 017b 0B       		.uleb128 0xb
 1819 017c 3B       		.uleb128 0x3b
 1820 017d 05       		.uleb128 0x5
 1821 017e 27       		.uleb128 0x27
 1822 017f 0C       		.uleb128 0xc
 1823 0180 3C       		.uleb128 0x3c
 1824 0181 0C       		.uleb128 0xc
 1825 0182 00       		.byte	0
 1826 0183 00       		.byte	0
 1827 0184 1F       		.uleb128 0x1f
 1828 0185 05       		.uleb128 0x5
 1829 0186 00       		.byte	0
 1830 0187 49       		.uleb128 0x49
 1831 0188 13       		.uleb128 0x13
 1832 0189 00       		.byte	0
GAS Infineon TriCore Little Endian C:\\Users\\user1\\AppData\\Local\\Temp\\rta_RTAOS_638388406317960277_1736001\\cc2l5Xng.s 			page 40


 1833 018a 00       		.byte	0
 1834 018b 00       		.byte	0
 1835              	.section .debug_loc,"",@progbits
 1836              	.Ldebug_loc0:
 1837              	.LLST0:
 1838 0000 00000000 		.uaword	.LFB0
 1839 0004 00000000 		.uaword	.LCFI0
 1840 0008 0200     		.uahalf	0x2
 1841 000a 8A       		.byte	0x8a
 1842 000b 00       		.sleb128 0
 1843 000c 00000000 		.uaword	.LCFI0
 1844 0010 00000000 		.uaword	.LFE0
 1845 0014 0200     		.uahalf	0x2
 1846 0016 8A       		.byte	0x8a
 1847 0017 08       		.sleb128 8
 1848 0018 00000000 		.uaword	0
 1849 001c 00000000 		.uaword	0
 1850              	.LLST1:
 1851 0020 00000000 		.uaword	.LVL0
 1852 0024 00000000 		.uaword	.LVL6
 1853 0028 0100     		.uahalf	0x1
 1854 002a 54       		.byte	0x54
 1855 002b 00000000 		.uaword	.LVL6
 1856 002f 00000000 		.uaword	.LFE0
 1857 0033 0400     		.uahalf	0x4
 1858 0035 F3       		.byte	0xf3
 1859 0036 01       		.uleb128 0x1
 1860 0037 54       		.byte	0x54
 1861 0038 9F       		.byte	0x9f
 1862 0039 00000000 		.uaword	0
 1863 003d 00000000 		.uaword	0
 1864              	.LLST2:
 1865 0041 00000000 		.uaword	.LVL0
 1866 0045 00000000 		.uaword	.LVL5
 1867 0049 0200     		.uahalf	0x2
 1868 004b 30       		.byte	0x30
 1869 004c 9F       		.byte	0x9f
 1870 004d 00000000 		.uaword	.LVL5
 1871 0051 00000000 		.uaword	.LFE0
 1872 0055 0200     		.uahalf	0x2
 1873 0057 33       		.byte	0x33
 1874 0058 9F       		.byte	0x9f
 1875 0059 00000000 		.uaword	0
 1876 005d 00000000 		.uaword	0
 1877              	.LLST3:
 1878 0061 00000000 		.uaword	.LVL3
 1879 0065 00000000 		.uaword	.LVL4
 1880 0069 0100     		.uahalf	0x1
 1881 006b 5F       		.byte	0x5f
 1882 006c 00000000 		.uaword	0
 1883 0070 00000000 		.uaword	0
 1884              	.LLST4:
 1885 0074 00000000 		.uaword	.LVL1
 1886 0078 00000000 		.uaword	.LVL3
 1887 007c 0100     		.uahalf	0x1
 1888 007e 5F       		.byte	0x5f
 1889 007f 00000000 		.uaword	0
GAS Infineon TriCore Little Endian C:\\Users\\user1\\AppData\\Local\\Temp\\rta_RTAOS_638388406317960277_1736001\\cc2l5Xng.s 			page 41


 1890 0083 00000000 		.uaword	0
 1891              	.section .debug_aranges,"",@progbits
 1892 0000 1C000000 		.uaword	0x1c
 1893 0004 0200     		.uahalf	0x2
 1894 0006 00000000 		.uaword	.Ldebug_info0
 1895 000a 04       		.byte	0x4
 1896 000b 00       		.byte	0
 1897 000c 0000     		.uahalf	0
 1898 000e 0000     		.uahalf	0
 1899 0010 00000000 		.uaword	.LFB0
 1900 0014 48000000 		.uaword	.LFE0-.LFB0
 1901 0018 00000000 		.uaword	0
 1902 001c 00000000 		.uaword	0
 1903              	.section .debug_ranges,"",@progbits
 1904              	.Ldebug_ranges0:
 1905 0000 00000000 		.uaword	.LFB0
 1906 0004 00000000 		.uaword	.LFE0
 1907 0008 00000000 		.uaword	0
 1908 000c 00000000 		.uaword	0
 1909              	.section .debug_line,"",@progbits
 1910              	.Ldebug_line0:
 1911 0000 3B010000 	.section .debug_str,"",@progbits
 1911      02001501 
 1911      00000201 
 1911      FB0E0D00 
 1911      01010101 
 1912              	.LASF4:
 1913 0000 6170706C 		.string	"application"
 1913      69636174 
 1913      696F6E00 
 1914              	.LASF2:
 1915 000c 64796E61 		.string	"dynamic"
 1915      6D696300 
 1916              	.LASF5:
 1917 0014 61637469 		.string	"activation_count"
 1917      76617469 
 1917      6F6E5F63 
 1917      6F756E74 
 1917      00
 1918              	.LASF6:
 1919 0025 74706D61 		.string	"tpmask"
 1919      736B00
 1920              	.LASF1:
 1921 002c 656E7472 		.string	"entry_function"
 1921      795F6675 
 1921      6E637469 
 1921      6F6E00
 1922              	.LASF3:
 1923 003b 61636365 		.string	"access"
 1923      737300
 1924              	.LASF0:
 1925 0042 7265736F 		.string	"resource_count"
 1925      75726365 
 1925      5F636F75 
 1925      6E7400
 1926              		.extern	Os_ErrorLog,STT_FUNC,0
 1927              		.extern	Os_const_coreconfiguration,STT_OBJECT,-1
GAS Infineon TriCore Little Endian C:\\Users\\user1\\AppData\\Local\\Temp\\rta_RTAOS_638388406317960277_1736001\\cc2l5Xng.s 			page 42


 1928              		.ident	"GCC: (HighTec Release HDP-v4.9.4.1-11fcedf) 4.9.4 build on 2020-09-01"
