GAS Infineon TriCore Little Endian C:\\Users\\user1\\AppData\\Local\\Temp\\rta_RTAOS_638388406317960277_1736001\\ccUVv0kd.s 			page 1


   1              		.file	"ResumeOSInterrupts.c"
   2              	.section .text,"ax",@progbits
   3              	.Ltext0:
   4              	.section .text.Os_ResumeOSInterrupts,"ax",@progbits
   5              		.align 1
   6              		.global	Os_ResumeOSInterrupts
   7              		.type	Os_ResumeOSInterrupts, @function
   8              	Os_ResumeOSInterrupts:
   9              	.LFB0:
  10              		.file 1 "C:\\Users\\user1\\AppData\\Local\\Temp\\rta_RTAOS_638388406317960277_1736001\\ResumeOSInt
  11              		.loc 1 1366 0
  12 0000 2008     		sub.a	%SP, 8
  13              	.LCFI0:
  14              	.LBB2:
  15              		.loc 1 1367 0
  16              	#APP
  17              		# 1367 "C:\Users\user1\AppData\Local\Temp\rta_RTAOS_638388406317960277_1736001\ResumeOSInterrupts.
  18 0002 4DC0E1FF 		mfcr %d15,0xfe1c
  19              		# 0 "" 2
  20              	.LVL0:
  21              	#NO_APP
  22              	.LBE2:
  23              		.loc 1 1368 0
  24 0006 910000F0 		movh.a	%a15, hi:Os_const_coreconfiguration
  25 000a 80F3     		mov.d	%d3, %a15
  26 000c 1B030020 		addi	%d2, %d3, lo:Os_const_coreconfiguration
  27 0010 138F2132 		madd	%d3, %d2, %d15, 24
  28 0014 603F     		mov.a	%a15, %d3
  29 0016 C81F     		ld.a	%a15, [%a15] 4
  30              	.LVL1:
  31              	.LBB3:
  32              		.loc 1 1369 0
  33              	#APP
  34              		# 1369 "C:\Users\user1\AppData\Local\Temp\rta_RTAOS_638388406317960277_1736001\ResumeOSInterrupts.
  35 0018 4D40E0FF 		mfcr %d15,0xfe04
  36              		# 0 "" 2
  37              	.LVL2:
  38              	#NO_APP
  39              	.LBE3:
  40              		.loc 1 1370 0
  41 001c AEB3     		jnz.t	%d15, 11, .L2
  42              		.loc 1 1370 0 is_stmt 0 discriminator 1
  43              	#APP
  44              		# 1370 "C:\Users\user1\AppData\Local\Temp\rta_RTAOS_638388406317960277_1736001\ResumeOSInterrupts.
  45 001e AD008000 		syscall 0
  46              		# 0 "" 2
  47              	#NO_APP
  48              	.L2:
  49              		.loc 1 1371 0 is_stmt 1
  50 0022 DA6D     		mov	%d15, 109
  51              	.LVL3:
  52 0024 E9FF1800 		st.b	[%a15] 24, %d15
  53              		.loc 1 1375 0
  54 0028 4CF5     		ld.w	%d15, [%a15] 20
  55 002a 6E10     		jz	%d15, .L4
  56              	.LBB4:
  57              		.loc 1 1377 0
GAS Infineon TriCore Little Endian C:\\Users\\user1\\AppData\\Local\\Temp\\rta_RTAOS_638388406317960277_1736001\\ccUVv0kd.s 			page 2


  58 002c 4CF2     		ld.w	%d15, [%a15] 8
  59 002e 7801     		st.w	[%SP] 4, %d15
  60              		.loc 1 1378 0
  61 0030 4CF5     		ld.w	%d15, [%a15] 20
  62 0032 C2FF     		add	%d15, -1
  63 0034 685F     		st.w	[%a15] 20, %d15
  64 0036 EE0A     		jnz	%d15, .L4
  65              		.loc 1 1380 0
  66              	#APP
  67              		# 1380 "C:\Users\user1\AppData\Local\Temp\rta_RTAOS_638388406317960277_1736001\ResumeOSInterrupts.
  68 0038 0D004003 		disable
  69              		# 0 "" 2
  70              	#NO_APP
  71              	.LBB5:
  72 003c 5801     		ld.w	%d15, [%SP] 4
  73              	.LVL4:
  74 003e B7FF81F7 		insert	%d15, %d15, 15, 15, 1
  75              	.LVL5:
  76              	#APP
  77              		# 1380 "C:\Users\user1\AppData\Local\Temp\rta_RTAOS_638388406317960277_1736001\ResumeOSInterrupts.
  78 0042 CDCFE20F 		mtcr 0xFE2C,%d15
  79              		# 0 "" 2
  80              	#NO_APP
  81              	.LBE5:
  82              	#APP
  83              		# 1380 "C:\Users\user1\AppData\Local\Temp\rta_RTAOS_638388406317960277_1736001\ResumeOSInterrupts.
  84 0046 0D00C004 		isync
  85              		# 0 "" 2
  86              	.LVL6:
  87              	#NO_APP
  88              	.L4:
  89              	.LBE4:
  90              		.loc 1 1383 0
  91 004a DA6C     		mov	%d15, 108
  92 004c E9FF1800 		st.b	[%a15] 24, %d15
  93 0050 0090     		ret
  94              	.LFE0:
  95              		.size	Os_ResumeOSInterrupts, .-Os_ResumeOSInterrupts
  96              	.section .debug_frame,"",@progbits
  97              	.Lframe0:
  98 0000 0C000000 		.uaword	.LECIE0-.LSCIE0
  99              	.LSCIE0:
 100 0004 FFFFFFFF 		.uaword	0xffffffff
 101 0008 01       		.byte	0x1
 102 0009 00       		.string	""
 103 000a 01       		.uleb128 0x1
 104 000b 01       		.sleb128 1
 105 000c 1B       		.byte	0x1b
 106 000d 0C       		.byte	0xc
 107 000e 1A       		.uleb128 0x1a
 108 000f 00       		.uleb128 0
 109              		.align 2
 110              	.LECIE0:
 111              	.LSFDE0:
 112 0010 10000000 		.uaword	.LEFDE0-.LASFDE0
 113              	.LASFDE0:
 114 0014 00000000 		.uaword	.Lframe0
GAS Infineon TriCore Little Endian C:\\Users\\user1\\AppData\\Local\\Temp\\rta_RTAOS_638388406317960277_1736001\\ccUVv0kd.s 			page 3


 115 0018 00000000 		.uaword	.LFB0
 116 001c 52000000 		.uaword	.LFE0-.LFB0
 117 0020 42       		.byte	0x4
 118              		.uaword	.LCFI0-.LFB0
 119 0021 0E       		.byte	0xe
 120 0022 08       		.uleb128 0x8
 121 0023 00       		.align 2
 122              	.LEFDE0:
 123              	.section .text,"ax",@progbits
 124              	.Letext0:
 125              		.file 2 "D:\\home\\user123\\user\\Mohan6_VectorSIP\\21Dec23\\15Dec23_CAN_merge_21stDec\\25_Softwar
 126              		.file 3 "D:\\home\\user123\\user\\Mohan6_VectorSIP\\21Dec23\\15Dec23_CAN_merge_21stDec\\25_Softwar
 127              	.section .debug_info,"",@progbits
 128              	.Ldebug_info0:
 129 0000 00110000 		.uaword	0x1100
 130 0004 0200     		.uahalf	0x2
 131 0006 00000000 		.uaword	.Ldebug_abbrev0
 132 000a 04       		.byte	0x4
 133 000b 01       		.uleb128 0x1
 134 000c 474E5520 		.ascii	"GNU C 4."
 134      4320342E 
 135 0014 392E3420 		.string	"9.4 build on 2020-09-01 -mlicense-dir=c:\\hightec\\toolchains\\tricore\\v4.9.4.1\\bin\\..
 135      6275696C 
 135      64206F6E 
 135      20323032 
 135      302D3039 
 136 0115 01       		.byte	0x1
 137 0116 433A5C55 		.string	"C:\\Users\\user1\\AppData\\Local\\Temp\\rta_RTAOS_638388406317960277_1736001\\ResumeOSInt
 137      73657273 
 137      5C757365 
 137      72315C41 
 137      70704461 
 138 0172 00000000 		.uaword	.Ldebug_ranges0+0
 139 0176 00000000 		.uaword	0
 140 017a 00000000 		.uaword	0
 141 017e 00000000 		.uaword	.Ldebug_line0
 142 0182 02       		.uleb128 0x2
 143 0183 75696E74 		.string	"uint8"
 143      3800
 144 0189 02       		.byte	0x2
 145 018a 34       		.byte	0x34
 146 018b 8F010000 		.uaword	0x18f
 147 018f 03       		.uleb128 0x3
 148 0190 01       		.byte	0x1
 149 0191 08       		.byte	0x8
 150 0192 756E7369 		.string	"unsigned char"
 150      676E6564 
 150      20636861 
 150      7200
 151 01a0 02       		.uleb128 0x2
 152 01a1 75696E74 		.string	"uint16"
 152      313600
 153 01a8 02       		.byte	0x2
 154 01a9 35       		.byte	0x35
 155 01aa AE010000 		.uaword	0x1ae
 156 01ae 03       		.uleb128 0x3
 157 01af 02       		.byte	0x2
GAS Infineon TriCore Little Endian C:\\Users\\user1\\AppData\\Local\\Temp\\rta_RTAOS_638388406317960277_1736001\\ccUVv0kd.s 			page 4


 158 01b0 07       		.byte	0x7
 159 01b1 73686F72 		.string	"short unsigned int"
 159      7420756E 
 159      7369676E 
 159      65642069 
 159      6E7400
 160 01c4 02       		.uleb128 0x2
 161 01c5 75696E74 		.string	"uint32"
 161      333200
 162 01cc 02       		.byte	0x2
 163 01cd 36       		.byte	0x36
 164 01ce D2010000 		.uaword	0x1d2
 165 01d2 03       		.uleb128 0x3
 166 01d3 04       		.byte	0x4
 167 01d4 07       		.byte	0x7
 168 01d5 756E7369 		.string	"unsigned int"
 168      676E6564 
 168      20696E74 
 168      00
 169 01e2 03       		.uleb128 0x3
 170 01e3 01       		.byte	0x1
 171 01e4 06       		.byte	0x6
 172 01e5 7369676E 		.string	"signed char"
 172      65642063 
 172      68617200 
 173 01f1 03       		.uleb128 0x3
 174 01f2 02       		.byte	0x2
 175 01f3 05       		.byte	0x5
 176 01f4 73686F72 		.string	"short int"
 176      7420696E 
 176      7400
 177 01fe 03       		.uleb128 0x3
 178 01ff 04       		.byte	0x4
 179 0200 05       		.byte	0x5
 180 0201 696E7400 		.string	"int"
 181 0205 03       		.uleb128 0x3
 182 0206 04       		.byte	0x4
 183 0207 04       		.byte	0x4
 184 0208 666C6F61 		.string	"float"
 184      7400
 185 020e 03       		.uleb128 0x3
 186 020f 08       		.byte	0x8
 187 0210 04       		.byte	0x4
 188 0211 646F7562 		.string	"double"
 188      6C6500
 189 0218 03       		.uleb128 0x3
 190 0219 08       		.byte	0x8
 191 021a 05       		.byte	0x5
 192 021b 6C6F6E67 		.string	"long long int"
 192      206C6F6E 
 192      6720696E 
 192      7400
 193 0229 03       		.uleb128 0x3
 194 022a 08       		.byte	0x8
 195 022b 07       		.byte	0x7
 196 022c 6C6F6E67 		.string	"long long unsigned int"
 196      206C6F6E 
GAS Infineon TriCore Little Endian C:\\Users\\user1\\AppData\\Local\\Temp\\rta_RTAOS_638388406317960277_1736001\\ccUVv0kd.s 			page 5


 196      6720756E 
 196      7369676E 
 196      65642069 
 197 0243 02       		.uleb128 0x2
 198 0244 626F6F6C 		.string	"boolean"
 198      65616E00 
 199 024c 02       		.byte	0x2
 200 024d 49       		.byte	0x49
 201 024e 8F010000 		.uaword	0x18f
 202 0252 02       		.uleb128 0x2
 203 0253 53746174 		.string	"StatusType"
 203      75735479 
 203      706500
 204 025e 03       		.byte	0x3
 205 025f 28       		.byte	0x28
 206 0260 8F010000 		.uaword	0x18f
 207 0264 04       		.uleb128 0x4
 208 0265 08       		.byte	0x8
 209 0266 01       		.byte	0x1
 210 0267 7C       		.byte	0x7c
 211 0268 A3020000 		.uaword	0x2a3
 212 026c 05       		.uleb128 0x5
 213 026d 436C6173 		.string	"Class"
 213      7300
 214 0273 01       		.byte	0x1
 215 0274 7D       		.byte	0x7d
 216 0275 82010000 		.uaword	0x182
 217 0279 02       		.byte	0x2
 218 027a 23       		.byte	0x23
 219 027b 00       		.uleb128 0
 220 027c 05       		.uleb128 0x5
 221 027d 54494E00 		.string	"TIN"
 222 0281 01       		.byte	0x1
 223 0282 7E       		.byte	0x7e
 224 0283 82010000 		.uaword	0x182
 225 0287 02       		.byte	0x2
 226 0288 23       		.byte	0x23
 227 0289 01       		.uleb128 0x1
 228 028a 05       		.uleb128 0x5
 229 028b 52657475 		.string	"ReturnAddress"
 229      726E4164 
 229      64726573 
 229      7300
 230 0299 01       		.byte	0x1
 231 029a 7F       		.byte	0x7f
 232 029b C4010000 		.uaword	0x1c4
 233 029f 02       		.byte	0x2
 234 02a0 23       		.byte	0x23
 235 02a1 04       		.uleb128 0x4
 236 02a2 00       		.byte	0
 237 02a3 02       		.uleb128 0x2
 238 02a4 4F735472 		.string	"OsTrapInfoType"
 238      6170496E 
 238      666F5479 
 238      706500
 239 02b3 01       		.byte	0x1
 240 02b4 80       		.byte	0x80
GAS Infineon TriCore Little Endian C:\\Users\\user1\\AppData\\Local\\Temp\\rta_RTAOS_638388406317960277_1736001\\ccUVv0kd.s 			page 6


 241 02b5 64020000 		.uaword	0x264
 242 02b9 02       		.uleb128 0x2
 243 02ba 75696E74 		.string	"uint32_aligned"
 243      33325F61 
 243      6C69676E 
 243      656400
 244 02c9 01       		.byte	0x1
 245 02ca 86       		.byte	0x86
 246 02cb C4010000 		.uaword	0x1c4
 247 02cf 04       		.uleb128 0x4
 248 02d0 44       		.byte	0x44
 249 02d1 01       		.byte	0x1
 250 02d2 AB       		.byte	0xab
 251 02d3 E8020000 		.uaword	0x2e8
 252 02d7 05       		.uleb128 0x5
 253 02d8 73746F72 		.string	"store"
 253      6500
 254 02de 01       		.byte	0x1
 255 02df AC       		.byte	0xac
 256 02e0 E8020000 		.uaword	0x2e8
 257 02e4 02       		.byte	0x2
 258 02e5 23       		.byte	0x23
 259 02e6 00       		.uleb128 0
 260 02e7 00       		.byte	0
 261 02e8 06       		.uleb128 0x6
 262 02e9 C4010000 		.uaword	0x1c4
 263 02ed F8020000 		.uaword	0x2f8
 264 02f1 07       		.uleb128 0x7
 265 02f2 F8020000 		.uaword	0x2f8
 266 02f6 10       		.byte	0x10
 267 02f7 00       		.byte	0
 268 02f8 03       		.uleb128 0x3
 269 02f9 04       		.byte	0x4
 270 02fa 07       		.byte	0x7
 271 02fb 73697A65 		.string	"sizetype"
 271      74797065 
 271      00
 272 0304 02       		.uleb128 0x2
 273 0305 4F735F4A 		.string	"Os_JumpBufType"
 273      756D7042 
 273      75665479 
 273      706500
 274 0314 01       		.byte	0x1
 275 0315 AD       		.byte	0xad
 276 0316 1A030000 		.uaword	0x31a
 277 031a 06       		.uleb128 0x6
 278 031b CF020000 		.uaword	0x2cf
 279 031f 2A030000 		.uaword	0x32a
 280 0323 07       		.uleb128 0x7
 281 0324 F8020000 		.uaword	0x2f8
 282 0328 00       		.byte	0
 283 0329 00       		.byte	0
 284 032a 02       		.uleb128 0x2
 285 032b 4F735F52 		.string	"Os_ResourceCountType"
 285      65736F75 
 285      72636543 
 285      6F756E74 
GAS Infineon TriCore Little Endian C:\\Users\\user1\\AppData\\Local\\Temp\\rta_RTAOS_638388406317960277_1736001\\ccUVv0kd.s 			page 7


 285      54797065 
 286 0340 01       		.byte	0x1
 287 0341 BE       		.byte	0xbe
 288 0342 8F010000 		.uaword	0x18f
 289 0346 02       		.uleb128 0x2
 290 0347 4F735F53 		.string	"Os_StackTraceType"
 290      7461636B 
 290      54726163 
 290      65547970 
 290      6500
 291 0359 01       		.byte	0x1
 292 035a BF       		.byte	0xbf
 293 035b D2010000 		.uaword	0x1d2
 294 035f 04       		.uleb128 0x4
 295 0360 08       		.byte	0x8
 296 0361 01       		.byte	0x1
 297 0362 C0       		.byte	0xc0
 298 0363 83030000 		.uaword	0x383
 299 0367 05       		.uleb128 0x5
 300 0368 737000   		.string	"sp"
 301 036b 01       		.byte	0x1
 302 036c C0       		.byte	0xc0
 303 036d 46030000 		.uaword	0x346
 304 0371 02       		.byte	0x2
 305 0372 23       		.byte	0x23
 306 0373 00       		.uleb128 0
 307 0374 05       		.uleb128 0x5
 308 0375 63747800 		.string	"ctx"
 309 0379 01       		.byte	0x1
 310 037a C0       		.byte	0xc0
 311 037b 46030000 		.uaword	0x346
 312 037f 02       		.byte	0x2
 313 0380 23       		.byte	0x23
 314 0381 04       		.uleb128 0x4
 315 0382 00       		.byte	0
 316 0383 02       		.uleb128 0x2
 317 0384 4F735F53 		.string	"Os_StackValueType"
 317      7461636B 
 317      56616C75 
 317      65547970 
 317      6500
 318 0396 01       		.byte	0x1
 319 0397 C0       		.byte	0xc0
 320 0398 5F030000 		.uaword	0x35f
 321 039c 02       		.uleb128 0x2
 322 039d 4F735F53 		.string	"Os_StackSizeType"
 322      7461636B 
 322      53697A65 
 322      54797065 
 322      00
 323 03ae 01       		.byte	0x1
 324 03af C1       		.byte	0xc1
 325 03b0 83030000 		.uaword	0x383
 326 03b4 02       		.uleb128 0x2
 327 03b5 4F735F56 		.string	"Os_VoidVoidFunctionType"
 327      6F696456 
 327      6F696446 
GAS Infineon TriCore Little Endian C:\\Users\\user1\\AppData\\Local\\Temp\\rta_RTAOS_638388406317960277_1736001\\ccUVv0kd.s 			page 8


 327      756E6374 
 327      696F6E54 
 328 03cd 01       		.byte	0x1
 329 03ce C7       		.byte	0xc7
 330 03cf D3030000 		.uaword	0x3d3
 331 03d3 08       		.uleb128 0x8
 332 03d4 04       		.byte	0x4
 333 03d5 D9030000 		.uaword	0x3d9
 334 03d9 09       		.uleb128 0x9
 335 03da 01       		.byte	0x1
 336 03db 02       		.uleb128 0x2
 337 03dc 4170706C 		.string	"ApplicationType"
 337      69636174 
 337      696F6E54 
 337      79706500 
 338 03ec 01       		.byte	0x1
 339 03ed D5       		.byte	0xd5
 340 03ee 8F010000 		.uaword	0x18f
 341 03f2 02       		.uleb128 0x2
 342 03f3 4F735F74 		.string	"Os_tmaskType"
 342      6D61736B 
 342      54797065 
 342      00
 343 0400 01       		.byte	0x1
 344 0401 D9       		.byte	0xd9
 345 0402 C4010000 		.uaword	0x1c4
 346 0406 02       		.uleb128 0x2
 347 0407 4F735F43 		.string	"Os_CoreStateType"
 347      6F726553 
 347      74617465 
 347      54797065 
 347      00
 348 0418 01       		.byte	0x1
 349 0419 E7       		.byte	0xe7
 350 041a C4010000 		.uaword	0x1c4
 351 041e 02       		.uleb128 0x2
 352 041f 4F735F53 		.string	"Os_StopwatchTickType"
 352      746F7077 
 352      61746368 
 352      5469636B 
 352      54797065 
 353 0434 01       		.byte	0x1
 354 0435 FD       		.byte	0xfd
 355 0436 D2010000 		.uaword	0x1d2
 356 043a 0A       		.uleb128 0xa
 357 043b 4F735F54 		.string	"Os_TerminatorType"
 357      65726D69 
 357      6E61746F 
 357      72547970 
 357      6500
 358 044d 01       		.byte	0x1
 359 044e 0201     		.uahalf	0x102
 360 0450 54040000 		.uaword	0x454
 361 0454 08       		.uleb128 0x8
 362 0455 04       		.byte	0x4
 363 0456 04030000 		.uaword	0x304
 364 045a 0A       		.uleb128 0xa
GAS Infineon TriCore Little Endian C:\\Users\\user1\\AppData\\Local\\Temp\\rta_RTAOS_638388406317960277_1736001\\ccUVv0kd.s 			page 9


 365 045b 4F735F4C 		.string	"Os_Lockable"
 365      6F636B61 
 365      626C6500 
 366 0467 01       		.byte	0x1
 367 0468 0701     		.uahalf	0x107
 368 046a B9020000 		.uaword	0x2b9
 369 046e 0A       		.uleb128 0xa
 370 046f 436F7265 		.string	"CoreIdType"
 370      49645479 
 370      706500
 371 047a 01       		.byte	0x1
 372 047b 0901     		.uahalf	0x109
 373 047d A0010000 		.uaword	0x1a0
 374 0481 0B       		.uleb128 0xb
 375 0482 5A040000 		.uaword	0x45a
 376 0486 0C       		.uleb128 0xc
 377 0487 4F735F43 		.string	"Os_ControlledCoreType_s"
 377      6F6E7472 
 377      6F6C6C65 
 377      64436F72 
 377      65547970 
 378 049f 58       		.byte	0x58
 379 04a0 01       		.byte	0x1
 380 04a1 1004     		.uahalf	0x410
 381 04a3 84060000 		.uaword	0x684
 382 04a7 0D       		.uleb128 0xd
 383 04a8 54726170 		.string	"TrapInfo"
 383      496E666F 
 383      00
 384 04b1 01       		.byte	0x1
 385 04b2 1104     		.uahalf	0x411
 386 04b4 A3020000 		.uaword	0x2a3
 387 04b8 02       		.byte	0x2
 388 04b9 23       		.byte	0x23
 389 04ba 00       		.uleb128 0
 390 04bb 0D       		.uleb128 0xd
 391 04bc 4572726F 		.string	"ErrorInformation"
 391      72496E66 
 391      6F726D61 
 391      74696F6E 
 391      00
 392 04cd 01       		.byte	0x1
 393 04ce 1204     		.uahalf	0x412
 394 04d0 170D0000 		.uaword	0xd17
 395 04d4 02       		.byte	0x2
 396 04d5 23       		.byte	0x23
 397 04d6 08       		.uleb128 0x8
 398 04d7 0D       		.uleb128 0xd
 399 04d8 6C6F636B 		.string	"lock_taskaccess"
 399      5F746173 
 399      6B616363 
 399      65737300 
 400 04e8 01       		.byte	0x1
 401 04e9 1304     		.uahalf	0x413
 402 04eb 81040000 		.uaword	0x481
 403 04ef 02       		.byte	0x2
 404 04f0 23       		.byte	0x23
GAS Infineon TriCore Little Endian C:\\Users\\user1\\AppData\\Local\\Temp\\rta_RTAOS_638388406317960277_1736001\\ccUVv0kd.s 			page 10


 405 04f1 18       		.uleb128 0x18
 406 04f2 0D       		.uleb128 0xd
 407 04f3 52656164 		.string	"ReadyTasks"
 407      79546173 
 407      6B7300
 408 04fe 01       		.byte	0x1
 409 04ff 1404     		.uahalf	0x414
 410 0501 4D0D0000 		.uaword	0xd4d
 411 0505 02       		.byte	0x2
 412 0506 23       		.byte	0x23
 413 0507 1C       		.uleb128 0x1c
 414 0508 0D       		.uleb128 0xd
 415 0509 52756E6E 		.string	"RunningISR"
 415      696E6749 
 415      535200
 416 0514 01       		.byte	0x1
 417 0515 1504     		.uahalf	0x415
 418 0517 520D0000 		.uaword	0xd52
 419 051b 02       		.byte	0x2
 420 051c 23       		.byte	0x23
 421 051d 20       		.uleb128 0x20
 422 051e 0D       		.uleb128 0xd
 423 051f 52756E6E 		.string	"RunningTask"
 423      696E6754 
 423      61736B00 
 424 052b 01       		.byte	0x1
 425 052c 1604     		.uahalf	0x416
 426 052e 570D0000 		.uaword	0xd57
 427 0532 02       		.byte	0x2
 428 0533 23       		.byte	0x23
 429 0534 24       		.uleb128 0x24
 430 0535 0D       		.uleb128 0xd
 431 0536 52756E6E 		.string	"RunningTPMask"
 431      696E6754 
 431      504D6173 
 431      6B00
 432 0544 01       		.byte	0x1
 433 0545 1704     		.uahalf	0x417
 434 0547 5C0D0000 		.uaword	0xd5c
 435 054b 02       		.byte	0x2
 436 054c 23       		.byte	0x23
 437 054d 28       		.uleb128 0x28
 438 054e 0D       		.uleb128 0xd
 439 054f 5465726D 		.string	"TerminatingTasks"
 439      696E6174 
 439      696E6754 
 439      61736B73 
 439      00
 440 0560 01       		.byte	0x1
 441 0561 1804     		.uahalf	0x418
 442 0563 4D0D0000 		.uaword	0xd4d
 443 0567 02       		.byte	0x2
 444 0568 23       		.byte	0x23
 445 0569 2C       		.uleb128 0x2c
 446 056a 0D       		.uleb128 0xd
 447 056b 4170706C 		.string	"Application"
 447      69636174 
GAS Infineon TriCore Little Endian C:\\Users\\user1\\AppData\\Local\\Temp\\rta_RTAOS_638388406317960277_1736001\\ccUVv0kd.s 			page 11


 447      696F6E00 
 448 0577 01       		.byte	0x1
 449 0578 1904     		.uahalf	0x419
 450 057a DB030000 		.uaword	0x3db
 451 057e 02       		.byte	0x2
 452 057f 23       		.byte	0x23
 453 0580 30       		.uleb128 0x30
 454 0581 0D       		.uleb128 0xd
 455 0582 43757272 		.string	"CurrentTerminator"
 455      656E7454 
 455      65726D69 
 455      6E61746F 
 455      7200
 456 0594 01       		.byte	0x1
 457 0595 1A04     		.uahalf	0x41a
 458 0597 610D0000 		.uaword	0xd61
 459 059b 02       		.byte	0x2
 460 059c 23       		.byte	0x23
 461 059d 34       		.uleb128 0x34
 462 059e 0D       		.uleb128 0xd
 463 059f 43757272 		.string	"CurrentMeteredObject"
 463      656E744D 
 463      65746572 
 463      65644F62 
 463      6A656374 
 464 05b4 01       		.byte	0x1
 465 05b5 1B04     		.uahalf	0x41b
 466 05b7 F0060000 		.uaword	0x6f0
 467 05bb 02       		.byte	0x2
 468 05bc 23       		.byte	0x23
 469 05bd 38       		.uleb128 0x38
 470 05be 0D       		.uleb128 0xd
 471 05bf 49646C65 		.string	"IdleMeter"
 471      4D657465 
 471      7200
 472 05c9 01       		.byte	0x1
 473 05ca 1C04     		.uahalf	0x41c
 474 05cc D7060000 		.uaword	0x6d7
 475 05d0 02       		.byte	0x2
 476 05d1 23       		.byte	0x23
 477 05d2 3C       		.uleb128 0x3c
 478 05d3 0D       		.uleb128 0xd
 479 05d4 41707041 		.string	"AppAccess"
 479      63636573 
 479      7300
 480 05de 01       		.byte	0x1
 481 05df 1D04     		.uahalf	0x41d
 482 05e1 82010000 		.uaword	0x182
 483 05e5 02       		.byte	0x2
 484 05e6 23       		.byte	0x23
 485 05e7 48       		.uleb128 0x48
 486 05e8 0D       		.uleb128 0xd
 487 05e9 4170704F 		.string	"AppOverride"
 487      76657272 
 487      69646500 
 488 05f5 01       		.byte	0x1
 489 05f6 1E04     		.uahalf	0x41e
GAS Infineon TriCore Little Endian C:\\Users\\user1\\AppData\\Local\\Temp\\rta_RTAOS_638388406317960277_1736001\\ccUVv0kd.s 			page 12


 490 05f8 660D0000 		.uaword	0xd66
 491 05fc 02       		.byte	0x2
 492 05fd 23       		.byte	0x23
 493 05fe 49       		.uleb128 0x49
 494 05ff 0D       		.uleb128 0xd
 495 0600 47657453 		.string	"GetStackValueAdjust"
 495      7461636B 
 495      56616C75 
 495      6541646A 
 495      75737400 
 496 0614 01       		.byte	0x1
 497 0615 1F04     		.uahalf	0x41f
 498 0617 9C030000 		.uaword	0x39c
 499 061b 02       		.byte	0x2
 500 061c 23       		.byte	0x23
 501 061d 4C       		.uleb128 0x4c
 502 061e 0D       		.uleb128 0xd
 503 061f 496E4572 		.string	"InErrorHook"
 503      726F7248 
 503      6F6F6B00 
 504 062b 01       		.byte	0x1
 505 062c 2004     		.uahalf	0x420
 506 062e 43020000 		.uaword	0x243
 507 0632 02       		.byte	0x2
 508 0633 23       		.byte	0x23
 509 0634 54       		.uleb128 0x54
 510 0635 0D       		.uleb128 0xd
 511 0636 496E5072 		.string	"InProtectionHook"
 511      6F746563 
 511      74696F6E 
 511      486F6F6B 
 511      00
 512 0647 01       		.byte	0x1
 513 0648 2104     		.uahalf	0x421
 514 064a 43020000 		.uaword	0x243
 515 064e 02       		.byte	0x2
 516 064f 23       		.byte	0x23
 517 0650 55       		.uleb128 0x55
 518 0651 0D       		.uleb128 0xd
 519 0652 436F7265 		.string	"CoreIsActive"
 519      49734163 
 519      74697665 
 519      00
 520 065f 01       		.byte	0x1
 521 0660 2204     		.uahalf	0x422
 522 0662 43020000 		.uaword	0x243
 523 0666 02       		.byte	0x2
 524 0667 23       		.byte	0x23
 525 0668 56       		.uleb128 0x56
 526 0669 0D       		.uleb128 0xd
 527 066a 496E5368 		.string	"InShutdownHook"
 527      7574646F 
 527      776E486F 
 527      6F6B00
 528 0679 01       		.byte	0x1
 529 067a 2304     		.uahalf	0x423
 530 067c 43020000 		.uaword	0x243
GAS Infineon TriCore Little Endian C:\\Users\\user1\\AppData\\Local\\Temp\\rta_RTAOS_638388406317960277_1736001\\ccUVv0kd.s 			page 13


 531 0680 02       		.byte	0x2
 532 0681 23       		.byte	0x23
 533 0682 57       		.uleb128 0x57
 534 0683 00       		.byte	0
 535 0684 0C       		.uleb128 0xc
 536 0685 4F735F4D 		.string	"Os_MeterInfoType_s"
 536      65746572 
 536      496E666F 
 536      54797065 
 536      5F7300
 537 0698 0C       		.byte	0xc
 538 0699 01       		.byte	0x1
 539 069a 7201     		.uahalf	0x172
 540 069c D7060000 		.uaword	0x6d7
 541 06a0 0D       		.uleb128 0xd
 542 06a1 656C6170 		.string	"elapsed"
 542      73656400 
 543 06a9 01       		.byte	0x1
 544 06aa 7301     		.uahalf	0x173
 545 06ac 1E040000 		.uaword	0x41e
 546 06b0 02       		.byte	0x2
 547 06b1 23       		.byte	0x23
 548 06b2 00       		.uleb128 0
 549 06b3 0D       		.uleb128 0xd
 550 06b4 70726576 		.string	"previous"
 550      696F7573 
 550      00
 551 06bd 01       		.byte	0x1
 552 06be 7401     		.uahalf	0x174
 553 06c0 1E040000 		.uaword	0x41e
 554 06c4 02       		.byte	0x2
 555 06c5 23       		.byte	0x23
 556 06c6 04       		.uleb128 0x4
 557 06c7 0D       		.uleb128 0xd
 558 06c8 6D617800 		.string	"max"
 559 06cc 01       		.byte	0x1
 560 06cd 7501     		.uahalf	0x175
 561 06cf 1E040000 		.uaword	0x41e
 562 06d3 02       		.byte	0x2
 563 06d4 23       		.byte	0x23
 564 06d5 08       		.uleb128 0x8
 565 06d6 00       		.byte	0
 566 06d7 0A       		.uleb128 0xa
 567 06d8 4F735F4D 		.string	"Os_MeterInfoType"
 567      65746572 
 567      496E666F 
 567      54797065 
 567      00
 568 06e9 01       		.byte	0x1
 569 06ea 7601     		.uahalf	0x176
 570 06ec 84060000 		.uaword	0x684
 571 06f0 0A       		.uleb128 0xa
 572 06f1 4F735F4D 		.string	"Os_MeterInfoRefType"
 572      65746572 
 572      496E666F 
 572      52656654 
 572      79706500 
GAS Infineon TriCore Little Endian C:\\Users\\user1\\AppData\\Local\\Temp\\rta_RTAOS_638388406317960277_1736001\\ccUVv0kd.s 			page 14


 573 0705 01       		.byte	0x1
 574 0706 7701     		.uahalf	0x177
 575 0708 0C070000 		.uaword	0x70c
 576 070c 08       		.uleb128 0x8
 577 070d 04       		.byte	0x4
 578 070e D7060000 		.uaword	0x6d7
 579 0712 0A       		.uleb128 0xa
 580 0713 4F735F69 		.string	"Os_imaskType"
 580      6D61736B 
 580      54797065 
 580      00
 581 0720 01       		.byte	0x1
 582 0721 7F01     		.uahalf	0x17f
 583 0723 C4010000 		.uaword	0x1c4
 584 0727 0C       		.uleb128 0xc
 585 0728 4F735F49 		.string	"Os_ISRDynType_s"
 585      53524479 
 585      6E547970 
 585      655F7300 
 586 0738 10       		.byte	0x10
 587 0739 01       		.byte	0x1
 588 073a 8101     		.uahalf	0x181
 589 073c 78070000 		.uaword	0x778
 590 0740 0E       		.uleb128 0xe
 591 0741 00000000 		.uaword	.LASF0
 592 0745 01       		.byte	0x1
 593 0746 8201     		.uahalf	0x182
 594 0748 2A030000 		.uaword	0x32a
 595 074c 02       		.byte	0x2
 596 074d 23       		.byte	0x23
 597 074e 00       		.uleb128 0
 598 074f 0D       		.uleb128 0xd
 599 0750 7465726D 		.string	"terminating"
 599      696E6174 
 599      696E6700 
 600 075c 01       		.byte	0x1
 601 075d 8301     		.uahalf	0x183
 602 075f 43020000 		.uaword	0x243
 603 0763 02       		.byte	0x2
 604 0764 23       		.byte	0x23
 605 0765 01       		.uleb128 0x1
 606 0766 0D       		.uleb128 0xd
 607 0767 6D657465 		.string	"meter"
 607      7200
 608 076d 01       		.byte	0x1
 609 076e 8401     		.uahalf	0x184
 610 0770 D7060000 		.uaword	0x6d7
 611 0774 02       		.byte	0x2
 612 0775 23       		.byte	0x23
 613 0776 04       		.uleb128 0x4
 614 0777 00       		.byte	0
 615 0778 0A       		.uleb128 0xa
 616 0779 4F735F49 		.string	"Os_ISRDynType"
 616      53524479 
 616      6E547970 
 616      6500
 617 0787 01       		.byte	0x1
GAS Infineon TriCore Little Endian C:\\Users\\user1\\AppData\\Local\\Temp\\rta_RTAOS_638388406317960277_1736001\\ccUVv0kd.s 			page 15


 618 0788 8501     		.uahalf	0x185
 619 078a 27070000 		.uaword	0x727
 620 078e 0A       		.uleb128 0xa
 621 078f 4F735F49 		.string	"Os_IsrTerminatedFunctionType"
 621      73725465 
 621      726D696E 
 621      61746564 
 621      46756E63 
 622 07ac 01       		.byte	0x1
 623 07ad 8601     		.uahalf	0x186
 624 07af D3030000 		.uaword	0x3d3
 625 07b3 0C       		.uleb128 0xc
 626 07b4 4F735F49 		.string	"Os_ISRType_s"
 626      53525479 
 626      70655F73 
 626      00
 627 07c1 18       		.byte	0x18
 628 07c2 01       		.byte	0x1
 629 07c3 8701     		.uahalf	0x187
 630 07c5 47080000 		.uaword	0x847
 631 07c9 0E       		.uleb128 0xe
 632 07ca 00000000 		.uaword	.LASF1
 633 07ce 01       		.byte	0x1
 634 07cf 8801     		.uahalf	0x188
 635 07d1 B4030000 		.uaword	0x3b4
 636 07d5 02       		.byte	0x2
 637 07d6 23       		.byte	0x23
 638 07d7 00       		.uleb128 0
 639 07d8 0D       		.uleb128 0xd
 640 07d9 7465726D 		.string	"terminated_function"
 640      696E6174 
 640      65645F66 
 640      756E6374 
 640      696F6E00 
 641 07ed 01       		.byte	0x1
 642 07ee 8901     		.uahalf	0x189
 643 07f0 8E070000 		.uaword	0x78e
 644 07f4 02       		.byte	0x2
 645 07f5 23       		.byte	0x23
 646 07f6 04       		.uleb128 0x4
 647 07f7 0E       		.uleb128 0xe
 648 07f8 00000000 		.uaword	.LASF2
 649 07fc 01       		.byte	0x1
 650 07fd 8A01     		.uahalf	0x18a
 651 07ff 47080000 		.uaword	0x847
 652 0803 02       		.byte	0x2
 653 0804 23       		.byte	0x23
 654 0805 08       		.uleb128 0x8
 655 0806 0D       		.uleb128 0xd
 656 0807 696D6173 		.string	"imask"
 656      6B00
 657 080d 01       		.byte	0x1
 658 080e 8B01     		.uahalf	0x18b
 659 0810 12070000 		.uaword	0x712
 660 0814 02       		.byte	0x2
 661 0815 23       		.byte	0x23
 662 0816 0C       		.uleb128 0xc
GAS Infineon TriCore Little Endian C:\\Users\\user1\\AppData\\Local\\Temp\\rta_RTAOS_638388406317960277_1736001\\ccUVv0kd.s 			page 16


 663 0817 0D       		.uleb128 0xd
 664 0818 696E6465 		.string	"index"
 664      7800
 665 081e 01       		.byte	0x1
 666 081f 8C01     		.uahalf	0x18c
 667 0821 C4010000 		.uaword	0x1c4
 668 0825 02       		.byte	0x2
 669 0826 23       		.byte	0x23
 670 0827 10       		.uleb128 0x10
 671 0828 0E       		.uleb128 0xe
 672 0829 00000000 		.uaword	.LASF3
 673 082d 01       		.byte	0x1
 674 082e 8D01     		.uahalf	0x18d
 675 0830 82010000 		.uaword	0x182
 676 0834 02       		.byte	0x2
 677 0835 23       		.byte	0x23
 678 0836 14       		.uleb128 0x14
 679 0837 0E       		.uleb128 0xe
 680 0838 00000000 		.uaword	.LASF4
 681 083c 01       		.byte	0x1
 682 083d 8E01     		.uahalf	0x18e
 683 083f DB030000 		.uaword	0x3db
 684 0843 02       		.byte	0x2
 685 0844 23       		.byte	0x23
 686 0845 15       		.uleb128 0x15
 687 0846 00       		.byte	0
 688 0847 0F       		.uleb128 0xf
 689 0848 4C080000 		.uaword	0x84c
 690 084c 08       		.uleb128 0x8
 691 084d 04       		.byte	0x4
 692 084e 78070000 		.uaword	0x778
 693 0852 0A       		.uleb128 0xa
 694 0853 4F735F49 		.string	"Os_ISRType"
 694      53525479 
 694      706500
 695 085e 01       		.byte	0x1
 696 085f 8F01     		.uahalf	0x18f
 697 0861 B3070000 		.uaword	0x7b3
 698 0865 0A       		.uleb128 0xa
 699 0866 49535254 		.string	"ISRType"
 699      79706500 
 700 086e 01       		.byte	0x1
 701 086f 9001     		.uahalf	0x190
 702 0871 75080000 		.uaword	0x875
 703 0875 08       		.uleb128 0x8
 704 0876 04       		.byte	0x4
 705 0877 7B080000 		.uaword	0x87b
 706 087b 0F       		.uleb128 0xf
 707 087c 52080000 		.uaword	0x852
 708 0880 0A       		.uleb128 0xa
 709 0881 4F735F62 		.string	"Os_bitmask"
 709      69746D61 
 709      736B00
 710 088c 01       		.byte	0x1
 711 088d A201     		.uahalf	0x1a2
 712 088f D2010000 		.uaword	0x1d2
 713 0893 0A       		.uleb128 0xa
GAS Infineon TriCore Little Endian C:\\Users\\user1\\AppData\\Local\\Temp\\rta_RTAOS_638388406317960277_1736001\\ccUVv0kd.s 			page 17


 714 0894 4F735F70 		.string	"Os_pset0Type"
 714      73657430 
 714      54797065 
 714      00
 715 08a1 01       		.byte	0x1
 716 08a2 A301     		.uahalf	0x1a3
 717 08a4 80080000 		.uaword	0x880
 718 08a8 0A       		.uleb128 0xa
 719 08a9 4F735F70 		.string	"Os_pset1Type"
 719      73657431 
 719      54797065 
 719      00
 720 08b6 01       		.byte	0x1
 721 08b7 A401     		.uahalf	0x1a4
 722 08b9 80080000 		.uaword	0x880
 723 08bd 0A       		.uleb128 0xa
 724 08be 4F735F70 		.string	"Os_pset2Type"
 724      73657432 
 724      54797065 
 724      00
 725 08cb 01       		.byte	0x1
 726 08cc A501     		.uahalf	0x1a5
 727 08ce 80080000 		.uaword	0x880
 728 08d2 10       		.uleb128 0x10
 729 08d3 04       		.byte	0x4
 730 08d4 01       		.byte	0x1
 731 08d5 A601     		.uahalf	0x1a6
 732 08d7 FD080000 		.uaword	0x8fd
 733 08db 11       		.uleb128 0x11
 734 08dc 703000   		.string	"p0"
 735 08df 01       		.byte	0x1
 736 08e0 A701     		.uahalf	0x1a7
 737 08e2 93080000 		.uaword	0x893
 738 08e6 11       		.uleb128 0x11
 739 08e7 703100   		.string	"p1"
 740 08ea 01       		.byte	0x1
 741 08eb A801     		.uahalf	0x1a8
 742 08ed A8080000 		.uaword	0x8a8
 743 08f1 11       		.uleb128 0x11
 744 08f2 703200   		.string	"p2"
 745 08f5 01       		.byte	0x1
 746 08f6 A901     		.uahalf	0x1a9
 747 08f8 BD080000 		.uaword	0x8bd
 748 08fc 00       		.byte	0
 749 08fd 0A       		.uleb128 0xa
 750 08fe 4F735F70 		.string	"Os_psetType"
 750      73657454 
 750      79706500 
 751 090a 01       		.byte	0x1
 752 090b AA01     		.uahalf	0x1aa
 753 090d D2080000 		.uaword	0x8d2
 754 0911 10       		.uleb128 0x10
 755 0912 04       		.byte	0x4
 756 0913 01       		.byte	0x1
 757 0914 AC01     		.uahalf	0x1ac
 758 0916 3C090000 		.uaword	0x93c
 759 091a 11       		.uleb128 0x11
GAS Infineon TriCore Little Endian C:\\Users\\user1\\AppData\\Local\\Temp\\rta_RTAOS_638388406317960277_1736001\\ccUVv0kd.s 			page 18


 760 091b 743000   		.string	"t0"
 761 091e 01       		.byte	0x1
 762 091f AD01     		.uahalf	0x1ad
 763 0921 80080000 		.uaword	0x880
 764 0925 11       		.uleb128 0x11
 765 0926 743100   		.string	"t1"
 766 0929 01       		.byte	0x1
 767 092a AE01     		.uahalf	0x1ae
 768 092c 80080000 		.uaword	0x880
 769 0930 11       		.uleb128 0x11
 770 0931 743200   		.string	"t2"
 771 0934 01       		.byte	0x1
 772 0935 AF01     		.uahalf	0x1af
 773 0937 80080000 		.uaword	0x880
 774 093b 00       		.byte	0
 775 093c 0A       		.uleb128 0xa
 776 093d 4F735F74 		.string	"Os_tpmaskType"
 776      706D6173 
 776      6B547970 
 776      6500
 777 094b 01       		.byte	0x1
 778 094c B001     		.uahalf	0x1b0
 779 094e 11090000 		.uaword	0x911
 780 0952 0A       		.uleb128 0xa
 781 0953 4F735F41 		.string	"Os_ActivationCountType"
 781      63746976 
 781      6174696F 
 781      6E436F75 
 781      6E745479 
 782 096a 01       		.byte	0x1
 783 096b B101     		.uahalf	0x1b1
 784 096d 8F010000 		.uaword	0x18f
 785 0971 0C       		.uleb128 0xc
 786 0972 4F735F54 		.string	"Os_TaskDynType_s"
 786      61736B44 
 786      796E5479 
 786      70655F73 
 786      00
 787 0983 5C       		.byte	0x5c
 788 0984 01       		.byte	0x1
 789 0985 B301     		.uahalf	0x1b3
 790 0987 2C0A0000 		.uaword	0xa2c
 791 098b 0D       		.uleb128 0xd
 792 098c 6C617374 		.string	"last_activation"
 792      5F616374 
 792      69766174 
 792      696F6E00 
 793 099c 01       		.byte	0x1
 794 099d B401     		.uahalf	0x1b4
 795 099f 1E040000 		.uaword	0x41e
 796 09a3 02       		.byte	0x2
 797 09a4 23       		.byte	0x23
 798 09a5 00       		.uleb128 0
 799 09a6 0D       		.uleb128 0xd
 800 09a7 7465726D 		.string	"terminate_jump_buf"
 800      696E6174 
 800      655F6A75 
GAS Infineon TriCore Little Endian C:\\Users\\user1\\AppData\\Local\\Temp\\rta_RTAOS_638388406317960277_1736001\\ccUVv0kd.s 			page 19


 800      6D705F62 
 800      756600
 801 09ba 01       		.byte	0x1
 802 09bb B501     		.uahalf	0x1b5
 803 09bd 04030000 		.uaword	0x304
 804 09c1 02       		.byte	0x2
 805 09c2 23       		.byte	0x23
 806 09c3 04       		.uleb128 0x4
 807 09c4 0D       		.uleb128 0xd
 808 09c5 6D657465 		.string	"meter"
 808      7200
 809 09cb 01       		.byte	0x1
 810 09cc B601     		.uahalf	0x1b6
 811 09ce D7060000 		.uaword	0x6d7
 812 09d2 02       		.byte	0x2
 813 09d3 23       		.byte	0x23
 814 09d4 48       		.uleb128 0x48
 815 09d5 0D       		.uleb128 0xd
 816 09d6 7365656E 		.string	"seen_activation"
 816      5F616374 
 816      69766174 
 816      696F6E00 
 817 09e6 01       		.byte	0x1
 818 09e7 B701     		.uahalf	0x1b7
 819 09e9 43020000 		.uaword	0x243
 820 09ed 02       		.byte	0x2
 821 09ee 23       		.byte	0x23
 822 09ef 54       		.uleb128 0x54
 823 09f0 0E       		.uleb128 0xe
 824 09f1 00000000 		.uaword	.LASF5
 825 09f5 01       		.byte	0x1
 826 09f6 B801     		.uahalf	0x1b8
 827 09f8 52090000 		.uaword	0x952
 828 09fc 02       		.byte	0x2
 829 09fd 23       		.byte	0x23
 830 09fe 55       		.uleb128 0x55
 831 09ff 0E       		.uleb128 0xe
 832 0a00 00000000 		.uaword	.LASF0
 833 0a04 01       		.byte	0x1
 834 0a05 B901     		.uahalf	0x1b9
 835 0a07 2A030000 		.uaword	0x32a
 836 0a0b 02       		.byte	0x2
 837 0a0c 23       		.byte	0x23
 838 0a0d 56       		.uleb128 0x56
 839 0a0e 0D       		.uleb128 0xd
 840 0a0f 7465726D 		.string	"termination_state"
 840      696E6174 
 840      696F6E5F 
 840      73746174 
 840      6500
 841 0a21 01       		.byte	0x1
 842 0a22 BA01     		.uahalf	0x1ba
 843 0a24 C4010000 		.uaword	0x1c4
 844 0a28 02       		.byte	0x2
 845 0a29 23       		.byte	0x23
 846 0a2a 58       		.uleb128 0x58
 847 0a2b 00       		.byte	0
GAS Infineon TriCore Little Endian C:\\Users\\user1\\AppData\\Local\\Temp\\rta_RTAOS_638388406317960277_1736001\\ccUVv0kd.s 			page 20


 848 0a2c 0A       		.uleb128 0xa
 849 0a2d 4F735F54 		.string	"Os_TaskDynType"
 849      61736B44 
 849      796E5479 
 849      706500
 850 0a3c 01       		.byte	0x1
 851 0a3d BB01     		.uahalf	0x1bb
 852 0a3f 71090000 		.uaword	0x971
 853 0a43 0C       		.uleb128 0xc
 854 0a44 4F735F54 		.string	"Os_TaskType_s"
 854      61736B54 
 854      7970655F 
 854      7300
 855 0a52 20       		.byte	0x20
 856 0a53 01       		.byte	0x1
 857 0a54 BD01     		.uahalf	0x1bd
 858 0a56 000B0000 		.uaword	0xb00
 859 0a5a 0E       		.uleb128 0xe
 860 0a5b 00000000 		.uaword	.LASF2
 861 0a5f 01       		.byte	0x1
 862 0a60 BE01     		.uahalf	0x1be
 863 0a62 000B0000 		.uaword	0xb00
 864 0a66 02       		.byte	0x2
 865 0a67 23       		.byte	0x23
 866 0a68 00       		.uleb128 0
 867 0a69 0E       		.uleb128 0xe
 868 0a6a 00000000 		.uaword	.LASF1
 869 0a6e 01       		.byte	0x1
 870 0a6f BF01     		.uahalf	0x1bf
 871 0a71 B4030000 		.uaword	0x3b4
 872 0a75 02       		.byte	0x2
 873 0a76 23       		.byte	0x23
 874 0a77 04       		.uleb128 0x4
 875 0a78 0D       		.uleb128 0xd
 876 0a79 70736574 		.string	"pset"
 876      00
 877 0a7e 01       		.byte	0x1
 878 0a7f C001     		.uahalf	0x1c0
 879 0a81 FD080000 		.uaword	0x8fd
 880 0a85 02       		.byte	0x2
 881 0a86 23       		.byte	0x23
 882 0a87 08       		.uleb128 0x8
 883 0a88 0D       		.uleb128 0xd
 884 0a89 62617365 		.string	"base_tpmask"
 884      5F74706D 
 884      61736B00 
 885 0a95 01       		.byte	0x1
 886 0a96 C101     		.uahalf	0x1c1
 887 0a98 3C090000 		.uaword	0x93c
 888 0a9c 02       		.byte	0x2
 889 0a9d 23       		.byte	0x23
 890 0a9e 0C       		.uleb128 0xc
 891 0a9f 0E       		.uleb128 0xe
 892 0aa0 00000000 		.uaword	.LASF6
 893 0aa4 01       		.byte	0x1
 894 0aa5 C201     		.uahalf	0x1c2
 895 0aa7 3C090000 		.uaword	0x93c
GAS Infineon TriCore Little Endian C:\\Users\\user1\\AppData\\Local\\Temp\\rta_RTAOS_638388406317960277_1736001\\ccUVv0kd.s 			page 21


 896 0aab 02       		.byte	0x2
 897 0aac 23       		.byte	0x23
 898 0aad 10       		.uleb128 0x10
 899 0aae 0D       		.uleb128 0xd
 900 0aaf 636F7265 		.string	"core_id"
 900      5F696400 
 901 0ab7 01       		.byte	0x1
 902 0ab8 C301     		.uahalf	0x1c3
 903 0aba 6E040000 		.uaword	0x46e
 904 0abe 02       		.byte	0x2
 905 0abf 23       		.byte	0x23
 906 0ac0 14       		.uleb128 0x14
 907 0ac1 0D       		.uleb128 0xd
 908 0ac2 696E6465 		.string	"index"
 908      7800
 909 0ac8 01       		.byte	0x1
 910 0ac9 C401     		.uahalf	0x1c4
 911 0acb C4010000 		.uaword	0x1c4
 912 0acf 02       		.byte	0x2
 913 0ad0 23       		.byte	0x23
 914 0ad1 18       		.uleb128 0x18
 915 0ad2 0E       		.uleb128 0xe
 916 0ad3 00000000 		.uaword	.LASF5
 917 0ad7 01       		.byte	0x1
 918 0ad8 C501     		.uahalf	0x1c5
 919 0ada 52090000 		.uaword	0x952
 920 0ade 02       		.byte	0x2
 921 0adf 23       		.byte	0x23
 922 0ae0 1C       		.uleb128 0x1c
 923 0ae1 0E       		.uleb128 0xe
 924 0ae2 00000000 		.uaword	.LASF3
 925 0ae6 01       		.byte	0x1
 926 0ae7 C601     		.uahalf	0x1c6
 927 0ae9 82010000 		.uaword	0x182
 928 0aed 02       		.byte	0x2
 929 0aee 23       		.byte	0x23
 930 0aef 1D       		.uleb128 0x1d
 931 0af0 0E       		.uleb128 0xe
 932 0af1 00000000 		.uaword	.LASF4
 933 0af5 01       		.byte	0x1
 934 0af6 C701     		.uahalf	0x1c7
 935 0af8 DB030000 		.uaword	0x3db
 936 0afc 02       		.byte	0x2
 937 0afd 23       		.byte	0x23
 938 0afe 1E       		.uleb128 0x1e
 939 0aff 00       		.byte	0
 940 0b00 0F       		.uleb128 0xf
 941 0b01 050B0000 		.uaword	0xb05
 942 0b05 08       		.uleb128 0x8
 943 0b06 04       		.byte	0x4
 944 0b07 2C0A0000 		.uaword	0xa2c
 945 0b0b 0A       		.uleb128 0xa
 946 0b0c 4F735F54 		.string	"Os_TaskType"
 946      61736B54 
 946      79706500 
 947 0b18 01       		.byte	0x1
 948 0b19 C801     		.uahalf	0x1c8
GAS Infineon TriCore Little Endian C:\\Users\\user1\\AppData\\Local\\Temp\\rta_RTAOS_638388406317960277_1736001\\ccUVv0kd.s 			page 22


 949 0b1b 430A0000 		.uaword	0xa43
 950 0b1f 0A       		.uleb128 0xa
 951 0b20 5461736B 		.string	"TaskType"
 951      54797065 
 951      00
 952 0b29 01       		.byte	0x1
 953 0b2a C901     		.uahalf	0x1c9
 954 0b2c 300B0000 		.uaword	0xb30
 955 0b30 08       		.uleb128 0x8
 956 0b31 04       		.byte	0x4
 957 0b32 360B0000 		.uaword	0xb36
 958 0b36 0F       		.uleb128 0xf
 959 0b37 0B0B0000 		.uaword	0xb0b
 960 0b3b 10       		.uleb128 0x10
 961 0b3c 04       		.byte	0x4
 962 0b3d 01       		.byte	0x1
 963 0b3e E101     		.uahalf	0x1e1
 964 0b40 5F0B0000 		.uaword	0xb5f
 965 0b44 12       		.uleb128 0x12
 966 0b45 00000000 		.uaword	.LASF6
 967 0b49 01       		.byte	0x1
 968 0b4a E201     		.uahalf	0x1e2
 969 0b4c 3C090000 		.uaword	0x93c
 970 0b50 11       		.uleb128 0x11
 971 0b51 696D6173 		.string	"imask"
 971      6B00
 972 0b57 01       		.byte	0x1
 973 0b58 E301     		.uahalf	0x1e3
 974 0b5a 12070000 		.uaword	0x712
 975 0b5e 00       		.byte	0
 976 0b5f 0C       		.uleb128 0xc
 977 0b60 4F735F52 		.string	"Os_ResourceDynType_s"
 977      65736F75 
 977      72636544 
 977      796E5479 
 977      70655F73 
 978 0b75 0C       		.byte	0xc
 979 0b76 01       		.byte	0x1
 980 0b77 DE01     		.uahalf	0x1de
 981 0b79 C20B0000 		.uaword	0xbc2
 982 0b7d 0D       		.uleb128 0xd
 983 0b7e 61636365 		.string	"access_count"
 983      73735F63 
 983      6F756E74 
 983      00
 984 0b8b 01       		.byte	0x1
 985 0b8c DF01     		.uahalf	0x1df
 986 0b8e 2A030000 		.uaword	0x32a
 987 0b92 02       		.byte	0x2
 988 0b93 23       		.byte	0x23
 989 0b94 00       		.uleb128 0
 990 0b95 0D       		.uleb128 0xd
 991 0b96 6C6F636B 		.string	"locker"
 991      657200
 992 0b9d 01       		.byte	0x1
 993 0b9e E001     		.uahalf	0x1e0
 994 0ba0 1F0B0000 		.uaword	0xb1f
GAS Infineon TriCore Little Endian C:\\Users\\user1\\AppData\\Local\\Temp\\rta_RTAOS_638388406317960277_1736001\\ccUVv0kd.s 			page 23


 995 0ba4 02       		.byte	0x2
 996 0ba5 23       		.byte	0x23
 997 0ba6 04       		.uleb128 0x4
 998 0ba7 0D       		.uleb128 0xd
 999 0ba8 73617665 		.string	"saved_priority"
 999      645F7072 
 999      696F7269 
 999      747900
 1000 0bb7 01       		.byte	0x1
 1001 0bb8 E401     		.uahalf	0x1e4
 1002 0bba 3B0B0000 		.uaword	0xb3b
 1003 0bbe 02       		.byte	0x2
 1004 0bbf 23       		.byte	0x23
 1005 0bc0 08       		.uleb128 0x8
 1006 0bc1 00       		.byte	0
 1007 0bc2 0A       		.uleb128 0xa
 1008 0bc3 4F735F52 		.string	"Os_ResourceDynType"
 1008      65736F75 
 1008      72636544 
 1008      796E5479 
 1008      706500
 1009 0bd6 01       		.byte	0x1
 1010 0bd7 E501     		.uahalf	0x1e5
 1011 0bd9 5F0B0000 		.uaword	0xb5f
 1012 0bdd 0C       		.uleb128 0xc
 1013 0bde 4F735F52 		.string	"Os_ResourceType_s"
 1013      65736F75 
 1013      72636554 
 1013      7970655F 
 1013      7300
 1014 0bf0 10       		.byte	0x10
 1015 0bf1 01       		.byte	0x1
 1016 0bf2 E601     		.uahalf	0x1e6
 1017 0bf4 370C0000 		.uaword	0xc37
 1018 0bf8 0E       		.uleb128 0xe
 1019 0bf9 00000000 		.uaword	.LASF2
 1020 0bfd 01       		.byte	0x1
 1021 0bfe E701     		.uahalf	0x1e7
 1022 0c00 370C0000 		.uaword	0xc37
 1023 0c04 02       		.byte	0x2
 1024 0c05 23       		.byte	0x23
 1025 0c06 00       		.uleb128 0
 1026 0c07 0E       		.uleb128 0xe
 1027 0c08 00000000 		.uaword	.LASF6
 1028 0c0c 01       		.byte	0x1
 1029 0c0d E801     		.uahalf	0x1e8
 1030 0c0f 3C090000 		.uaword	0x93c
 1031 0c13 02       		.byte	0x2
 1032 0c14 23       		.byte	0x23
 1033 0c15 04       		.uleb128 0x4
 1034 0c16 0D       		.uleb128 0xd
 1035 0c17 696D6173 		.string	"imask"
 1035      6B00
 1036 0c1d 01       		.byte	0x1
 1037 0c1e E901     		.uahalf	0x1e9
 1038 0c20 12070000 		.uaword	0x712
 1039 0c24 02       		.byte	0x2
GAS Infineon TriCore Little Endian C:\\Users\\user1\\AppData\\Local\\Temp\\rta_RTAOS_638388406317960277_1736001\\ccUVv0kd.s 			page 24


 1040 0c25 23       		.byte	0x23
 1041 0c26 08       		.uleb128 0x8
 1042 0c27 0E       		.uleb128 0xe
 1043 0c28 00000000 		.uaword	.LASF3
 1044 0c2c 01       		.byte	0x1
 1045 0c2d EA01     		.uahalf	0x1ea
 1046 0c2f 82010000 		.uaword	0x182
 1047 0c33 02       		.byte	0x2
 1048 0c34 23       		.byte	0x23
 1049 0c35 0C       		.uleb128 0xc
 1050 0c36 00       		.byte	0
 1051 0c37 0F       		.uleb128 0xf
 1052 0c38 3C0C0000 		.uaword	0xc3c
 1053 0c3c 08       		.uleb128 0x8
 1054 0c3d 04       		.byte	0x4
 1055 0c3e C20B0000 		.uaword	0xbc2
 1056 0c42 0A       		.uleb128 0xa
 1057 0c43 4F735F52 		.string	"Os_ResourceType"
 1057      65736F75 
 1057      72636554 
 1057      79706500 
 1058 0c53 01       		.byte	0x1
 1059 0c54 EB01     		.uahalf	0x1eb
 1060 0c56 DD0B0000 		.uaword	0xbdd
 1061 0c5a 0A       		.uleb128 0xa
 1062 0c5b 5265736F 		.string	"ResourceType"
 1062      75726365 
 1062      54797065 
 1062      00
 1063 0c68 01       		.byte	0x1
 1064 0c69 EC01     		.uahalf	0x1ec
 1065 0c6b 6F0C0000 		.uaword	0xc6f
 1066 0c6f 08       		.uleb128 0x8
 1067 0c70 04       		.byte	0x4
 1068 0c71 750C0000 		.uaword	0xc75
 1069 0c75 0F       		.uleb128 0xf
 1070 0c76 420C0000 		.uaword	0xc42
 1071 0c7a 0A       		.uleb128 0xa
 1072 0c7b 4F535365 		.string	"OSServiceIdType"
 1072      72766963 
 1072      65496454 
 1072      79706500 
 1073 0c8b 01       		.byte	0x1
 1074 0c8c 5102     		.uahalf	0x251
 1075 0c8e 8F010000 		.uaword	0x18f
 1076 0c92 0A       		.uleb128 0xa
 1077 0c93 4F735F42 		.string	"Os_BiggestType"
 1077      69676765 
 1077      73745479 
 1077      706500
 1078 0ca2 01       		.byte	0x1
 1079 0ca3 2503     		.uahalf	0x325
 1080 0ca5 D2010000 		.uaword	0x1d2
 1081 0ca9 13       		.uleb128 0x13
 1082 0caa 10       		.byte	0x10
 1083 0cab 01       		.byte	0x1
 1084 0cac 2703     		.uahalf	0x327
GAS Infineon TriCore Little Endian C:\\Users\\user1\\AppData\\Local\\Temp\\rta_RTAOS_638388406317960277_1736001\\ccUVv0kd.s 			page 25


 1085 0cae 170D0000 		.uaword	0xd17
 1086 0cb2 0D       		.uleb128 0xd
 1087 0cb3 73657276 		.string	"service_id"
 1087      6963655F 
 1087      696400
 1088 0cbe 01       		.byte	0x1
 1089 0cbf 2803     		.uahalf	0x328
 1090 0cc1 7A0C0000 		.uaword	0xc7a
 1091 0cc5 02       		.byte	0x2
 1092 0cc6 23       		.byte	0x23
 1093 0cc7 00       		.uleb128 0
 1094 0cc8 0D       		.uleb128 0xd
 1095 0cc9 73657276 		.string	"service_param1"
 1095      6963655F 
 1095      70617261 
 1095      6D3100
 1096 0cd8 01       		.byte	0x1
 1097 0cd9 2903     		.uahalf	0x329
 1098 0cdb 920C0000 		.uaword	0xc92
 1099 0cdf 02       		.byte	0x2
 1100 0ce0 23       		.byte	0x23
 1101 0ce1 04       		.uleb128 0x4
 1102 0ce2 0D       		.uleb128 0xd
 1103 0ce3 73657276 		.string	"service_param2"
 1103      6963655F 
 1103      70617261 
 1103      6D3200
 1104 0cf2 01       		.byte	0x1
 1105 0cf3 2A03     		.uahalf	0x32a
 1106 0cf5 920C0000 		.uaword	0xc92
 1107 0cf9 02       		.byte	0x2
 1108 0cfa 23       		.byte	0x23
 1109 0cfb 08       		.uleb128 0x8
 1110 0cfc 0D       		.uleb128 0xd
 1111 0cfd 73657276 		.string	"service_param3"
 1111      6963655F 
 1111      70617261 
 1111      6D3300
 1112 0d0c 01       		.byte	0x1
 1113 0d0d 2B03     		.uahalf	0x32b
 1114 0d0f 920C0000 		.uaword	0xc92
 1115 0d13 02       		.byte	0x2
 1116 0d14 23       		.byte	0x23
 1117 0d15 0C       		.uleb128 0xc
 1118 0d16 00       		.byte	0
 1119 0d17 0A       		.uleb128 0xa
 1120 0d18 4F735F45 		.string	"Os_ErrorInformationType"
 1120      72726F72 
 1120      496E666F 
 1120      726D6174 
 1120      696F6E54 
 1121 0d30 01       		.byte	0x1
 1122 0d31 2C03     		.uahalf	0x32c
 1123 0d33 A90C0000 		.uaword	0xca9
 1124 0d37 0A       		.uleb128 0xa
 1125 0d38 4F735F4F 		.string	"Os_OrtiIdType"
 1125      72746949 
GAS Infineon TriCore Little Endian C:\\Users\\user1\\AppData\\Local\\Temp\\rta_RTAOS_638388406317960277_1736001\\ccUVv0kd.s 			page 26


 1125      64547970 
 1125      6500
 1126 0d46 01       		.byte	0x1
 1127 0d47 3003     		.uahalf	0x330
 1128 0d49 8F010000 		.uaword	0x18f
 1129 0d4d 0B       		.uleb128 0xb
 1130 0d4e FD080000 		.uaword	0x8fd
 1131 0d52 0B       		.uleb128 0xb
 1132 0d53 65080000 		.uaword	0x865
 1133 0d57 0B       		.uleb128 0xb
 1134 0d58 1F0B0000 		.uaword	0xb1f
 1135 0d5c 0B       		.uleb128 0xb
 1136 0d5d 3C090000 		.uaword	0x93c
 1137 0d61 0B       		.uleb128 0xb
 1138 0d62 3A040000 		.uaword	0x43a
 1139 0d66 0B       		.uleb128 0xb
 1140 0d67 DB030000 		.uaword	0x3db
 1141 0d6b 0A       		.uleb128 0xa
 1142 0d6c 4F735F43 		.string	"Os_ControlledCoreType"
 1142      6F6E7472 
 1142      6F6C6C65 
 1142      64436F72 
 1142      65547970 
 1143 0d82 01       		.byte	0x1
 1144 0d83 2404     		.uahalf	0x424
 1145 0d85 86040000 		.uaword	0x486
 1146 0d89 0C       		.uleb128 0xc
 1147 0d8a 4F735F41 		.string	"Os_AnyCoreType_s"
 1147      6E79436F 
 1147      72655479 
 1147      70655F73 
 1147      00
 1148 0d9b 64       		.byte	0x64
 1149 0d9c 01       		.byte	0x1
 1150 0d9d 3204     		.uahalf	0x432
 1151 0d9f C20E0000 		.uaword	0xec2
 1152 0da3 0D       		.uleb128 0xd
 1153 0da4 44697361 		.string	"DisableAllImask"
 1153      626C6541 
 1153      6C6C496D 
 1153      61736B00 
 1154 0db4 01       		.byte	0x1
 1155 0db5 3304     		.uahalf	0x433
 1156 0db7 C20E0000 		.uaword	0xec2
 1157 0dbb 02       		.byte	0x2
 1158 0dbc 23       		.byte	0x23
 1159 0dbd 00       		.uleb128 0
 1160 0dbe 0D       		.uleb128 0xd
 1161 0dbf 53757370 		.string	"SuspendAllImask"
 1161      656E6441 
 1161      6C6C496D 
 1161      61736B00 
 1162 0dcf 01       		.byte	0x1
 1163 0dd0 3404     		.uahalf	0x434
 1164 0dd2 C20E0000 		.uaword	0xec2
 1165 0dd6 02       		.byte	0x2
 1166 0dd7 23       		.byte	0x23
GAS Infineon TriCore Little Endian C:\\Users\\user1\\AppData\\Local\\Temp\\rta_RTAOS_638388406317960277_1736001\\ccUVv0kd.s 			page 27


 1167 0dd8 04       		.uleb128 0x4
 1168 0dd9 0D       		.uleb128 0xd
 1169 0dda 53757370 		.string	"SuspendOSImask"
 1169      656E644F 
 1169      53496D61 
 1169      736B00
 1170 0de9 01       		.byte	0x1
 1171 0dea 3504     		.uahalf	0x435
 1172 0dec C20E0000 		.uaword	0xec2
 1173 0df0 02       		.byte	0x2
 1174 0df1 23       		.byte	0x23
 1175 0df2 08       		.uleb128 0x8
 1176 0df3 0D       		.uleb128 0xd
 1177 0df4 44697361 		.string	"DisableAllCount"
 1177      626C6541 
 1177      6C6C436F 
 1177      756E7400 
 1178 0e04 01       		.byte	0x1
 1179 0e05 3604     		.uahalf	0x436
 1180 0e07 C70E0000 		.uaword	0xec7
 1181 0e0b 02       		.byte	0x2
 1182 0e0c 23       		.byte	0x23
 1183 0e0d 0C       		.uleb128 0xc
 1184 0e0e 0D       		.uleb128 0xd
 1185 0e0f 53757370 		.string	"SuspendAllCount"
 1185      656E6441 
 1185      6C6C436F 
 1185      756E7400 
 1186 0e1f 01       		.byte	0x1
 1187 0e20 3704     		.uahalf	0x437
 1188 0e22 C70E0000 		.uaword	0xec7
 1189 0e26 02       		.byte	0x2
 1190 0e27 23       		.byte	0x23
 1191 0e28 10       		.uleb128 0x10
 1192 0e29 0D       		.uleb128 0xd
 1193 0e2a 53757370 		.string	"SuspendOSCount"
 1193      656E644F 
 1193      53436F75 
 1193      6E7400
 1194 0e39 01       		.byte	0x1
 1195 0e3a 3804     		.uahalf	0x438
 1196 0e3c C70E0000 		.uaword	0xec7
 1197 0e40 02       		.byte	0x2
 1198 0e41 23       		.byte	0x23
 1199 0e42 14       		.uleb128 0x14
 1200 0e43 0D       		.uleb128 0xd
 1201 0e44 4F727469 		.string	"OrtiApiID"
 1201      41706949 
 1201      4400
 1202 0e4e 01       		.byte	0x1
 1203 0e4f 3904     		.uahalf	0x439
 1204 0e51 CC0E0000 		.uaword	0xecc
 1205 0e55 02       		.byte	0x2
 1206 0e56 23       		.byte	0x23
 1207 0e57 18       		.uleb128 0x18
 1208 0e58 0D       		.uleb128 0xd
 1209 0e59 4F727469 		.string	"OrtiLastError"
GAS Infineon TriCore Little Endian C:\\Users\\user1\\AppData\\Local\\Temp\\rta_RTAOS_638388406317960277_1736001\\ccUVv0kd.s 			page 28


 1209      4C617374 
 1209      4572726F 
 1209      7200
 1210 0e67 01       		.byte	0x1
 1211 0e68 3A04     		.uahalf	0x43a
 1212 0e6a 52020000 		.uaword	0x252
 1213 0e6e 02       		.byte	0x2
 1214 0e6f 23       		.byte	0x23
 1215 0e70 19       		.uleb128 0x19
 1216 0e71 0D       		.uleb128 0xd
 1217 0e72 52657374 		.string	"RestartJumpBuf"
 1217      6172744A 
 1217      756D7042 
 1217      756600
 1218 0e81 01       		.byte	0x1
 1219 0e82 3B04     		.uahalf	0x43b
 1220 0e84 04030000 		.uaword	0x304
 1221 0e88 02       		.byte	0x2
 1222 0e89 23       		.byte	0x23
 1223 0e8a 1C       		.uleb128 0x1c
 1224 0e8b 0D       		.uleb128 0xd
 1225 0e8c 52657374 		.string	"Restartable"
 1225      61727461 
 1225      626C6500 
 1226 0e98 01       		.byte	0x1
 1227 0e99 3C04     		.uahalf	0x43c
 1228 0e9b 43020000 		.uaword	0x243
 1229 0e9f 02       		.byte	0x2
 1230 0ea0 23       		.byte	0x23
 1231 0ea1 60       		.uleb128 0x60
 1232 0ea2 0D       		.uleb128 0xd
 1233 0ea3 4C617374 		.string	"LastProtectionFault"
 1233      50726F74 
 1233      65637469 
 1233      6F6E4661 
 1233      756C7400 
 1234 0eb7 01       		.byte	0x1
 1235 0eb8 3D04     		.uahalf	0x43d
 1236 0eba 52020000 		.uaword	0x252
 1237 0ebe 02       		.byte	0x2
 1238 0ebf 23       		.byte	0x23
 1239 0ec0 61       		.uleb128 0x61
 1240 0ec1 00       		.byte	0
 1241 0ec2 0B       		.uleb128 0xb
 1242 0ec3 12070000 		.uaword	0x712
 1243 0ec7 0B       		.uleb128 0xb
 1244 0ec8 C4010000 		.uaword	0x1c4
 1245 0ecc 0B       		.uleb128 0xb
 1246 0ecd 370D0000 		.uaword	0xd37
 1247 0ed1 0A       		.uleb128 0xa
 1248 0ed2 4F735F41 		.string	"Os_AnyCoreType"
 1248      6E79436F 
 1248      72655479 
 1248      706500
 1249 0ee1 01       		.byte	0x1
 1250 0ee2 3E04     		.uahalf	0x43e
 1251 0ee4 890D0000 		.uaword	0xd89
GAS Infineon TriCore Little Endian C:\\Users\\user1\\AppData\\Local\\Temp\\rta_RTAOS_638388406317960277_1736001\\ccUVv0kd.s 			page 29


 1252 0ee8 0C       		.uleb128 0xc
 1253 0ee9 4F735F43 		.string	"Os_CoreConfiguration_s"
 1253      6F726543 
 1253      6F6E6669 
 1253      67757261 
 1253      74696F6E 
 1254 0f00 18       		.byte	0x18
 1255 0f01 01       		.byte	0x1
 1256 0f02 4904     		.uahalf	0x449
 1257 0f04 820F0000 		.uaword	0xf82
 1258 0f08 0D       		.uleb128 0xd
 1259 0f09 636F6E74 		.string	"controlled"
 1259      726F6C6C 
 1259      656400
 1260 0f14 01       		.byte	0x1
 1261 0f15 4A04     		.uahalf	0x44a
 1262 0f17 820F0000 		.uaword	0xf82
 1263 0f1b 02       		.byte	0x2
 1264 0f1c 23       		.byte	0x23
 1265 0f1d 00       		.uleb128 0
 1266 0f1e 0D       		.uleb128 0xd
 1267 0f1f 616E7900 		.string	"any"
 1268 0f23 01       		.byte	0x1
 1269 0f24 4B04     		.uahalf	0x44b
 1270 0f26 8D0F0000 		.uaword	0xf8d
 1271 0f2a 02       		.byte	0x2
 1272 0f2b 23       		.byte	0x23
 1273 0f2c 04       		.uleb128 0x4
 1274 0f2d 0D       		.uleb128 0xd
 1275 0f2e 73746174 		.string	"state"
 1275      6500
 1276 0f34 01       		.byte	0x1
 1277 0f35 4C04     		.uahalf	0x44c
 1278 0f37 980F0000 		.uaword	0xf98
 1279 0f3b 02       		.byte	0x2
 1280 0f3c 23       		.byte	0x23
 1281 0f3d 08       		.uleb128 0x8
 1282 0f3e 0D       		.uleb128 0xd
 1283 0f3f 64697370 		.string	"dispatch"
 1283      61746368 
 1283      00
 1284 0f48 01       		.byte	0x1
 1285 0f49 4D04     		.uahalf	0x44d
 1286 0f4b B4030000 		.uaword	0x3b4
 1287 0f4f 02       		.byte	0x2
 1288 0f50 23       		.byte	0x23
 1289 0f51 0C       		.uleb128 0xc
 1290 0f52 0D       		.uleb128 0xd
 1291 0f53 4F735F52 		.string	"Os_Res_Scheduler"
 1291      65735F53 
 1291      63686564 
 1291      756C6572 
 1291      00
 1292 0f64 01       		.byte	0x1
 1293 0f65 4E04     		.uahalf	0x44e
 1294 0f67 5A0C0000 		.uaword	0xc5a
 1295 0f6b 02       		.byte	0x2
GAS Infineon TriCore Little Endian C:\\Users\\user1\\AppData\\Local\\Temp\\rta_RTAOS_638388406317960277_1736001\\ccUVv0kd.s 			page 30


 1296 0f6c 23       		.byte	0x23
 1297 0f6d 10       		.uleb128 0x10
 1298 0f6e 0D       		.uleb128 0xd
 1299 0f6f 636F7265 		.string	"core_id"
 1299      5F696400 
 1300 0f77 01       		.byte	0x1
 1301 0f78 4F04     		.uahalf	0x44f
 1302 0f7a 6E040000 		.uaword	0x46e
 1303 0f7e 02       		.byte	0x2
 1304 0f7f 23       		.byte	0x23
 1305 0f80 14       		.uleb128 0x14
 1306 0f81 00       		.byte	0
 1307 0f82 0F       		.uleb128 0xf
 1308 0f83 870F0000 		.uaword	0xf87
 1309 0f87 08       		.uleb128 0x8
 1310 0f88 04       		.byte	0x4
 1311 0f89 6B0D0000 		.uaword	0xd6b
 1312 0f8d 0F       		.uleb128 0xf
 1313 0f8e 920F0000 		.uaword	0xf92
 1314 0f92 08       		.uleb128 0x8
 1315 0f93 04       		.byte	0x4
 1316 0f94 D10E0000 		.uaword	0xed1
 1317 0f98 0F       		.uleb128 0xf
 1318 0f99 9D0F0000 		.uaword	0xf9d
 1319 0f9d 08       		.uleb128 0x8
 1320 0f9e 04       		.byte	0x4
 1321 0f9f A30F0000 		.uaword	0xfa3
 1322 0fa3 0B       		.uleb128 0xb
 1323 0fa4 06040000 		.uaword	0x406
 1324 0fa8 0A       		.uleb128 0xa
 1325 0fa9 4F735F43 		.string	"Os_CoreConfiguration"
 1325      6F726543 
 1325      6F6E6669 
 1325      67757261 
 1325      74696F6E 
 1326 0fbe 01       		.byte	0x1
 1327 0fbf 5004     		.uahalf	0x450
 1328 0fc1 E80E0000 		.uaword	0xee8
 1329 0fc5 14       		.uleb128 0x14
 1330 0fc6 01       		.byte	0x1
 1331 0fc7 4F735F52 		.string	"Os_ResumeOSInterrupts"
 1331      6573756D 
 1331      654F5349 
 1331      6E746572 
 1331      72757074 
 1332 0fdd 01       		.byte	0x1
 1333 0fde 5605     		.uahalf	0x556
 1334 0fe0 01       		.byte	0x1
 1335 0fe1 00000000 		.uaword	.LFB0
 1336 0fe5 00000000 		.uaword	.LFE0
 1337 0fe9 00000000 		.uaword	.LLST0
 1338 0fed 01       		.byte	0x1
 1339 0fee C3100000 		.uaword	0x10c3
 1340 0ff2 15       		.uleb128 0x15
 1341 0ff3 6F735F63 		.string	"os_current_core_const"
 1341      75727265 
 1341      6E745F63 
GAS Infineon TriCore Little Endian C:\\Users\\user1\\AppData\\Local\\Temp\\rta_RTAOS_638388406317960277_1736001\\ccUVv0kd.s 			page 31


 1341      6F72655F 
 1341      636F6E73 
 1342 1009 01       		.byte	0x1
 1343 100a 5705     		.uahalf	0x557
 1344 100c C3100000 		.uaword	0x10c3
 1345 1010 16       		.uleb128 0x16
 1346 1011 6F735F63 		.string	"os_current_core"
 1346      75727265 
 1346      6E745F63 
 1346      6F726500 
 1347 1021 01       		.byte	0x1
 1348 1022 5805     		.uahalf	0x558
 1349 1024 920F0000 		.uaword	0xf92
 1350 1028 01       		.byte	0x1
 1351 1029 6F       		.byte	0x6f
 1352 102a 17       		.uleb128 0x17
 1353 102b 70726576 		.string	"previous_tmask"
 1353      696F7573 
 1353      5F746D61 
 1353      736B00
 1354 103a 01       		.byte	0x1
 1355 103b 5905     		.uahalf	0x559
 1356 103d F2030000 		.uaword	0x3f2
 1357 1041 00000000 		.uaword	.LLST1
 1358 1045 18       		.uleb128 0x18
 1359 1046 00000000 		.uaword	.LBB2
 1360 104a 00000000 		.uaword	.LBE2
 1361 104e 63100000 		.uaword	0x1063
 1362 1052 17       		.uleb128 0x17
 1363 1053 72657300 		.string	"res"
 1364 1057 01       		.byte	0x1
 1365 1058 5705     		.uahalf	0x557
 1366 105a D2010000 		.uaword	0x1d2
 1367 105e 00000000 		.uaword	.LLST2
 1368 1062 00       		.byte	0
 1369 1063 18       		.uleb128 0x18
 1370 1064 00000000 		.uaword	.LBB3
 1371 1068 00000000 		.uaword	.LBE3
 1372 106c 81100000 		.uaword	0x1081
 1373 1070 17       		.uleb128 0x17
 1374 1071 72657300 		.string	"res"
 1375 1075 01       		.byte	0x1
 1376 1076 5905     		.uahalf	0x559
 1377 1078 D2010000 		.uaword	0x1d2
 1378 107c 00000000 		.uaword	.LLST1
 1379 1080 00       		.byte	0
 1380 1081 19       		.uleb128 0x19
 1381 1082 00000000 		.uaword	.LBB4
 1382 1086 00000000 		.uaword	.LBE4
 1383 108a 16       		.uleb128 0x16
 1384 108b 6F726967 		.string	"original_imask"
 1384      696E616C 
 1384      5F696D61 
 1384      736B00
 1385 109a 01       		.byte	0x1
 1386 109b 6005     		.uahalf	0x560
 1387 109d C20E0000 		.uaword	0xec2
GAS Infineon TriCore Little Endian C:\\Users\\user1\\AppData\\Local\\Temp\\rta_RTAOS_638388406317960277_1736001\\ccUVv0kd.s 			page 32


 1388 10a1 02       		.byte	0x2
 1389 10a2 91       		.byte	0x91
 1390 10a3 7C       		.sleb128 -4
 1391 10a4 19       		.uleb128 0x19
 1392 10a5 00000000 		.uaword	.LBB5
 1393 10a9 00000000 		.uaword	.LBE5
 1394 10ad 17       		.uleb128 0x17
 1395 10ae 6E657776 		.string	"newval"
 1395      616C00
 1396 10b5 01       		.byte	0x1
 1397 10b6 6405     		.uahalf	0x564
 1398 10b8 D2010000 		.uaword	0x1d2
 1399 10bc 00000000 		.uaword	.LLST4
 1400 10c0 00       		.byte	0
 1401 10c1 00       		.byte	0
 1402 10c2 00       		.byte	0
 1403 10c3 08       		.uleb128 0x8
 1404 10c4 04       		.byte	0x4
 1405 10c5 C9100000 		.uaword	0x10c9
 1406 10c9 0F       		.uleb128 0xf
 1407 10ca A80F0000 		.uaword	0xfa8
 1408 10ce 06       		.uleb128 0x6
 1409 10cf A80F0000 		.uaword	0xfa8
 1410 10d3 D9100000 		.uaword	0x10d9
 1411 10d7 1A       		.uleb128 0x1a
 1412 10d8 00       		.byte	0
 1413 10d9 1B       		.uleb128 0x1b
 1414 10da 4F735F63 		.string	"Os_const_coreconfiguration"
 1414      6F6E7374 
 1414      5F636F72 
 1414      65636F6E 
 1414      66696775 
 1415 10f5 01       		.byte	0x1
 1416 10f6 6A04     		.uahalf	0x46a
 1417 10f8 FE100000 		.uaword	0x10fe
 1418 10fc 01       		.byte	0x1
 1419 10fd 01       		.byte	0x1
 1420 10fe 0F       		.uleb128 0xf
 1421 10ff CE100000 		.uaword	0x10ce
 1422 1103 00       		.byte	0
 1423              	.section .debug_abbrev,"",@progbits
 1424              	.Ldebug_abbrev0:
 1425 0000 01       		.uleb128 0x1
 1426 0001 11       		.uleb128 0x11
 1427 0002 01       		.byte	0x1
 1428 0003 25       		.uleb128 0x25
 1429 0004 08       		.uleb128 0x8
 1430 0005 13       		.uleb128 0x13
 1431 0006 0B       		.uleb128 0xb
 1432 0007 03       		.uleb128 0x3
 1433 0008 08       		.uleb128 0x8
 1434 0009 55       		.uleb128 0x55
 1435 000a 06       		.uleb128 0x6
 1436 000b 11       		.uleb128 0x11
 1437 000c 01       		.uleb128 0x1
 1438 000d 52       		.uleb128 0x52
 1439 000e 01       		.uleb128 0x1
GAS Infineon TriCore Little Endian C:\\Users\\user1\\AppData\\Local\\Temp\\rta_RTAOS_638388406317960277_1736001\\ccUVv0kd.s 			page 33


 1440 000f 10       		.uleb128 0x10
 1441 0010 06       		.uleb128 0x6
 1442 0011 00       		.byte	0
 1443 0012 00       		.byte	0
 1444 0013 02       		.uleb128 0x2
 1445 0014 16       		.uleb128 0x16
 1446 0015 00       		.byte	0
 1447 0016 03       		.uleb128 0x3
 1448 0017 08       		.uleb128 0x8
 1449 0018 3A       		.uleb128 0x3a
 1450 0019 0B       		.uleb128 0xb
 1451 001a 3B       		.uleb128 0x3b
 1452 001b 0B       		.uleb128 0xb
 1453 001c 49       		.uleb128 0x49
 1454 001d 13       		.uleb128 0x13
 1455 001e 00       		.byte	0
 1456 001f 00       		.byte	0
 1457 0020 03       		.uleb128 0x3
 1458 0021 24       		.uleb128 0x24
 1459 0022 00       		.byte	0
 1460 0023 0B       		.uleb128 0xb
 1461 0024 0B       		.uleb128 0xb
 1462 0025 3E       		.uleb128 0x3e
 1463 0026 0B       		.uleb128 0xb
 1464 0027 03       		.uleb128 0x3
 1465 0028 08       		.uleb128 0x8
 1466 0029 00       		.byte	0
 1467 002a 00       		.byte	0
 1468 002b 04       		.uleb128 0x4
 1469 002c 13       		.uleb128 0x13
 1470 002d 01       		.byte	0x1
 1471 002e 0B       		.uleb128 0xb
 1472 002f 0B       		.uleb128 0xb
 1473 0030 3A       		.uleb128 0x3a
 1474 0031 0B       		.uleb128 0xb
 1475 0032 3B       		.uleb128 0x3b
 1476 0033 0B       		.uleb128 0xb
 1477 0034 01       		.uleb128 0x1
 1478 0035 13       		.uleb128 0x13
 1479 0036 00       		.byte	0
 1480 0037 00       		.byte	0
 1481 0038 05       		.uleb128 0x5
 1482 0039 0D       		.uleb128 0xd
 1483 003a 00       		.byte	0
 1484 003b 03       		.uleb128 0x3
 1485 003c 08       		.uleb128 0x8
 1486 003d 3A       		.uleb128 0x3a
 1487 003e 0B       		.uleb128 0xb
 1488 003f 3B       		.uleb128 0x3b
 1489 0040 0B       		.uleb128 0xb
 1490 0041 49       		.uleb128 0x49
 1491 0042 13       		.uleb128 0x13
 1492 0043 38       		.uleb128 0x38
 1493 0044 0A       		.uleb128 0xa
 1494 0045 00       		.byte	0
 1495 0046 00       		.byte	0
 1496 0047 06       		.uleb128 0x6
GAS Infineon TriCore Little Endian C:\\Users\\user1\\AppData\\Local\\Temp\\rta_RTAOS_638388406317960277_1736001\\ccUVv0kd.s 			page 34


 1497 0048 01       		.uleb128 0x1
 1498 0049 01       		.byte	0x1
 1499 004a 49       		.uleb128 0x49
 1500 004b 13       		.uleb128 0x13
 1501 004c 01       		.uleb128 0x1
 1502 004d 13       		.uleb128 0x13
 1503 004e 00       		.byte	0
 1504 004f 00       		.byte	0
 1505 0050 07       		.uleb128 0x7
 1506 0051 21       		.uleb128 0x21
 1507 0052 00       		.byte	0
 1508 0053 49       		.uleb128 0x49
 1509 0054 13       		.uleb128 0x13
 1510 0055 2F       		.uleb128 0x2f
 1511 0056 0B       		.uleb128 0xb
 1512 0057 00       		.byte	0
 1513 0058 00       		.byte	0
 1514 0059 08       		.uleb128 0x8
 1515 005a 0F       		.uleb128 0xf
 1516 005b 00       		.byte	0
 1517 005c 0B       		.uleb128 0xb
 1518 005d 0B       		.uleb128 0xb
 1519 005e 49       		.uleb128 0x49
 1520 005f 13       		.uleb128 0x13
 1521 0060 00       		.byte	0
 1522 0061 00       		.byte	0
 1523 0062 09       		.uleb128 0x9
 1524 0063 15       		.uleb128 0x15
 1525 0064 00       		.byte	0
 1526 0065 27       		.uleb128 0x27
 1527 0066 0C       		.uleb128 0xc
 1528 0067 00       		.byte	0
 1529 0068 00       		.byte	0
 1530 0069 0A       		.uleb128 0xa
 1531 006a 16       		.uleb128 0x16
 1532 006b 00       		.byte	0
 1533 006c 03       		.uleb128 0x3
 1534 006d 08       		.uleb128 0x8
 1535 006e 3A       		.uleb128 0x3a
 1536 006f 0B       		.uleb128 0xb
 1537 0070 3B       		.uleb128 0x3b
 1538 0071 05       		.uleb128 0x5
 1539 0072 49       		.uleb128 0x49
 1540 0073 13       		.uleb128 0x13
 1541 0074 00       		.byte	0
 1542 0075 00       		.byte	0
 1543 0076 0B       		.uleb128 0xb
 1544 0077 35       		.uleb128 0x35
 1545 0078 00       		.byte	0
 1546 0079 49       		.uleb128 0x49
 1547 007a 13       		.uleb128 0x13
 1548 007b 00       		.byte	0
 1549 007c 00       		.byte	0
 1550 007d 0C       		.uleb128 0xc
 1551 007e 13       		.uleb128 0x13
 1552 007f 01       		.byte	0x1
 1553 0080 03       		.uleb128 0x3
GAS Infineon TriCore Little Endian C:\\Users\\user1\\AppData\\Local\\Temp\\rta_RTAOS_638388406317960277_1736001\\ccUVv0kd.s 			page 35


 1554 0081 08       		.uleb128 0x8
 1555 0082 0B       		.uleb128 0xb
 1556 0083 0B       		.uleb128 0xb
 1557 0084 3A       		.uleb128 0x3a
 1558 0085 0B       		.uleb128 0xb
 1559 0086 3B       		.uleb128 0x3b
 1560 0087 05       		.uleb128 0x5
 1561 0088 01       		.uleb128 0x1
 1562 0089 13       		.uleb128 0x13
 1563 008a 00       		.byte	0
 1564 008b 00       		.byte	0
 1565 008c 0D       		.uleb128 0xd
 1566 008d 0D       		.uleb128 0xd
 1567 008e 00       		.byte	0
 1568 008f 03       		.uleb128 0x3
 1569 0090 08       		.uleb128 0x8
 1570 0091 3A       		.uleb128 0x3a
 1571 0092 0B       		.uleb128 0xb
 1572 0093 3B       		.uleb128 0x3b
 1573 0094 05       		.uleb128 0x5
 1574 0095 49       		.uleb128 0x49
 1575 0096 13       		.uleb128 0x13
 1576 0097 38       		.uleb128 0x38
 1577 0098 0A       		.uleb128 0xa
 1578 0099 00       		.byte	0
 1579 009a 00       		.byte	0
 1580 009b 0E       		.uleb128 0xe
 1581 009c 0D       		.uleb128 0xd
 1582 009d 00       		.byte	0
 1583 009e 03       		.uleb128 0x3
 1584 009f 0E       		.uleb128 0xe
 1585 00a0 3A       		.uleb128 0x3a
 1586 00a1 0B       		.uleb128 0xb
 1587 00a2 3B       		.uleb128 0x3b
 1588 00a3 05       		.uleb128 0x5
 1589 00a4 49       		.uleb128 0x49
 1590 00a5 13       		.uleb128 0x13
 1591 00a6 38       		.uleb128 0x38
 1592 00a7 0A       		.uleb128 0xa
 1593 00a8 00       		.byte	0
 1594 00a9 00       		.byte	0
 1595 00aa 0F       		.uleb128 0xf
 1596 00ab 26       		.uleb128 0x26
 1597 00ac 00       		.byte	0
 1598 00ad 49       		.uleb128 0x49
 1599 00ae 13       		.uleb128 0x13
 1600 00af 00       		.byte	0
 1601 00b0 00       		.byte	0
 1602 00b1 10       		.uleb128 0x10
 1603 00b2 17       		.uleb128 0x17
 1604 00b3 01       		.byte	0x1
 1605 00b4 0B       		.uleb128 0xb
 1606 00b5 0B       		.uleb128 0xb
 1607 00b6 3A       		.uleb128 0x3a
 1608 00b7 0B       		.uleb128 0xb
 1609 00b8 3B       		.uleb128 0x3b
 1610 00b9 05       		.uleb128 0x5
GAS Infineon TriCore Little Endian C:\\Users\\user1\\AppData\\Local\\Temp\\rta_RTAOS_638388406317960277_1736001\\ccUVv0kd.s 			page 36


 1611 00ba 01       		.uleb128 0x1
 1612 00bb 13       		.uleb128 0x13
 1613 00bc 00       		.byte	0
 1614 00bd 00       		.byte	0
 1615 00be 11       		.uleb128 0x11
 1616 00bf 0D       		.uleb128 0xd
 1617 00c0 00       		.byte	0
 1618 00c1 03       		.uleb128 0x3
 1619 00c2 08       		.uleb128 0x8
 1620 00c3 3A       		.uleb128 0x3a
 1621 00c4 0B       		.uleb128 0xb
 1622 00c5 3B       		.uleb128 0x3b
 1623 00c6 05       		.uleb128 0x5
 1624 00c7 49       		.uleb128 0x49
 1625 00c8 13       		.uleb128 0x13
 1626 00c9 00       		.byte	0
 1627 00ca 00       		.byte	0
 1628 00cb 12       		.uleb128 0x12
 1629 00cc 0D       		.uleb128 0xd
 1630 00cd 00       		.byte	0
 1631 00ce 03       		.uleb128 0x3
 1632 00cf 0E       		.uleb128 0xe
 1633 00d0 3A       		.uleb128 0x3a
 1634 00d1 0B       		.uleb128 0xb
 1635 00d2 3B       		.uleb128 0x3b
 1636 00d3 05       		.uleb128 0x5
 1637 00d4 49       		.uleb128 0x49
 1638 00d5 13       		.uleb128 0x13
 1639 00d6 00       		.byte	0
 1640 00d7 00       		.byte	0
 1641 00d8 13       		.uleb128 0x13
 1642 00d9 13       		.uleb128 0x13
 1643 00da 01       		.byte	0x1
 1644 00db 0B       		.uleb128 0xb
 1645 00dc 0B       		.uleb128 0xb
 1646 00dd 3A       		.uleb128 0x3a
 1647 00de 0B       		.uleb128 0xb
 1648 00df 3B       		.uleb128 0x3b
 1649 00e0 05       		.uleb128 0x5
 1650 00e1 01       		.uleb128 0x1
 1651 00e2 13       		.uleb128 0x13
 1652 00e3 00       		.byte	0
 1653 00e4 00       		.byte	0
 1654 00e5 14       		.uleb128 0x14
 1655 00e6 2E       		.uleb128 0x2e
 1656 00e7 01       		.byte	0x1
 1657 00e8 3F       		.uleb128 0x3f
 1658 00e9 0C       		.uleb128 0xc
 1659 00ea 03       		.uleb128 0x3
 1660 00eb 08       		.uleb128 0x8
 1661 00ec 3A       		.uleb128 0x3a
 1662 00ed 0B       		.uleb128 0xb
 1663 00ee 3B       		.uleb128 0x3b
 1664 00ef 05       		.uleb128 0x5
 1665 00f0 27       		.uleb128 0x27
 1666 00f1 0C       		.uleb128 0xc
 1667 00f2 11       		.uleb128 0x11
GAS Infineon TriCore Little Endian C:\\Users\\user1\\AppData\\Local\\Temp\\rta_RTAOS_638388406317960277_1736001\\ccUVv0kd.s 			page 37


 1668 00f3 01       		.uleb128 0x1
 1669 00f4 12       		.uleb128 0x12
 1670 00f5 01       		.uleb128 0x1
 1671 00f6 40       		.uleb128 0x40
 1672 00f7 06       		.uleb128 0x6
 1673 00f8 9742     		.uleb128 0x2117
 1674 00fa 0C       		.uleb128 0xc
 1675 00fb 01       		.uleb128 0x1
 1676 00fc 13       		.uleb128 0x13
 1677 00fd 00       		.byte	0
 1678 00fe 00       		.byte	0
 1679 00ff 15       		.uleb128 0x15
 1680 0100 34       		.uleb128 0x34
 1681 0101 00       		.byte	0
 1682 0102 03       		.uleb128 0x3
 1683 0103 08       		.uleb128 0x8
 1684 0104 3A       		.uleb128 0x3a
 1685 0105 0B       		.uleb128 0xb
 1686 0106 3B       		.uleb128 0x3b
 1687 0107 05       		.uleb128 0x5
 1688 0108 49       		.uleb128 0x49
 1689 0109 13       		.uleb128 0x13
 1690 010a 00       		.byte	0
 1691 010b 00       		.byte	0
 1692 010c 16       		.uleb128 0x16
 1693 010d 34       		.uleb128 0x34
 1694 010e 00       		.byte	0
 1695 010f 03       		.uleb128 0x3
 1696 0110 08       		.uleb128 0x8
 1697 0111 3A       		.uleb128 0x3a
 1698 0112 0B       		.uleb128 0xb
 1699 0113 3B       		.uleb128 0x3b
 1700 0114 05       		.uleb128 0x5
 1701 0115 49       		.uleb128 0x49
 1702 0116 13       		.uleb128 0x13
 1703 0117 02       		.uleb128 0x2
 1704 0118 0A       		.uleb128 0xa
 1705 0119 00       		.byte	0
 1706 011a 00       		.byte	0
 1707 011b 17       		.uleb128 0x17
 1708 011c 34       		.uleb128 0x34
 1709 011d 00       		.byte	0
 1710 011e 03       		.uleb128 0x3
 1711 011f 08       		.uleb128 0x8
 1712 0120 3A       		.uleb128 0x3a
 1713 0121 0B       		.uleb128 0xb
 1714 0122 3B       		.uleb128 0x3b
 1715 0123 05       		.uleb128 0x5
 1716 0124 49       		.uleb128 0x49
 1717 0125 13       		.uleb128 0x13
 1718 0126 02       		.uleb128 0x2
 1719 0127 06       		.uleb128 0x6
 1720 0128 00       		.byte	0
 1721 0129 00       		.byte	0
 1722 012a 18       		.uleb128 0x18
 1723 012b 0B       		.uleb128 0xb
 1724 012c 01       		.byte	0x1
GAS Infineon TriCore Little Endian C:\\Users\\user1\\AppData\\Local\\Temp\\rta_RTAOS_638388406317960277_1736001\\ccUVv0kd.s 			page 38


 1725 012d 11       		.uleb128 0x11
 1726 012e 01       		.uleb128 0x1
 1727 012f 12       		.uleb128 0x12
 1728 0130 01       		.uleb128 0x1
 1729 0131 01       		.uleb128 0x1
 1730 0132 13       		.uleb128 0x13
 1731 0133 00       		.byte	0
 1732 0134 00       		.byte	0
 1733 0135 19       		.uleb128 0x19
 1734 0136 0B       		.uleb128 0xb
 1735 0137 01       		.byte	0x1
 1736 0138 11       		.uleb128 0x11
 1737 0139 01       		.uleb128 0x1
 1738 013a 12       		.uleb128 0x12
 1739 013b 01       		.uleb128 0x1
 1740 013c 00       		.byte	0
 1741 013d 00       		.byte	0
 1742 013e 1A       		.uleb128 0x1a
 1743 013f 21       		.uleb128 0x21
 1744 0140 00       		.byte	0
 1745 0141 00       		.byte	0
 1746 0142 00       		.byte	0
 1747 0143 1B       		.uleb128 0x1b
 1748 0144 34       		.uleb128 0x34
 1749 0145 00       		.byte	0
 1750 0146 03       		.uleb128 0x3
 1751 0147 08       		.uleb128 0x8
 1752 0148 3A       		.uleb128 0x3a
 1753 0149 0B       		.uleb128 0xb
 1754 014a 3B       		.uleb128 0x3b
 1755 014b 05       		.uleb128 0x5
 1756 014c 49       		.uleb128 0x49
 1757 014d 13       		.uleb128 0x13
 1758 014e 3F       		.uleb128 0x3f
 1759 014f 0C       		.uleb128 0xc
 1760 0150 3C       		.uleb128 0x3c
 1761 0151 0C       		.uleb128 0xc
 1762 0152 00       		.byte	0
 1763 0153 00       		.byte	0
 1764 0154 00       		.byte	0
 1765              	.section .debug_loc,"",@progbits
 1766              	.Ldebug_loc0:
 1767              	.LLST0:
 1768 0000 00000000 		.uaword	.LFB0
 1769 0004 00000000 		.uaword	.LCFI0
 1770 0008 0200     		.uahalf	0x2
 1771 000a 8A       		.byte	0x8a
 1772 000b 00       		.sleb128 0
 1773 000c 00000000 		.uaword	.LCFI0
 1774 0010 00000000 		.uaword	.LFE0
 1775 0014 0200     		.uahalf	0x2
 1776 0016 8A       		.byte	0x8a
 1777 0017 08       		.sleb128 8
 1778 0018 00000000 		.uaword	0
 1779 001c 00000000 		.uaword	0
 1780              	.LLST1:
 1781 0020 00000000 		.uaword	.LVL2
GAS Infineon TriCore Little Endian C:\\Users\\user1\\AppData\\Local\\Temp\\rta_RTAOS_638388406317960277_1736001\\ccUVv0kd.s 			page 39


 1782 0024 00000000 		.uaword	.LVL3
 1783 0028 0100     		.uahalf	0x1
 1784 002a 5F       		.byte	0x5f
 1785 002b 00000000 		.uaword	0
 1786 002f 00000000 		.uaword	0
 1787              	.LLST2:
 1788 0033 00000000 		.uaword	.LVL0
 1789 0037 00000000 		.uaword	.LVL2
 1790 003b 0100     		.uahalf	0x1
 1791 003d 5F       		.byte	0x5f
 1792 003e 00000000 		.uaword	0
 1793 0042 00000000 		.uaword	0
 1794              	.LLST4:
 1795 0046 00000000 		.uaword	.LVL4
 1796 004a 00000000 		.uaword	.LVL5
 1797 004e 0700     		.uahalf	0x7
 1798 0050 7F       		.byte	0x7f
 1799 0051 00       		.sleb128 0
 1800 0052 0A       		.byte	0xa
 1801 0053 0080     		.uahalf	0x8000
 1802 0055 21       		.byte	0x21
 1803 0056 9F       		.byte	0x9f
 1804 0057 00000000 		.uaword	.LVL5
 1805 005b 00000000 		.uaword	.LVL6
 1806 005f 0100     		.uahalf	0x1
 1807 0061 5F       		.byte	0x5f
 1808 0062 00000000 		.uaword	0
 1809 0066 00000000 		.uaword	0
 1810              	.section .debug_aranges,"",@progbits
 1811 0000 1C000000 		.uaword	0x1c
 1812 0004 0200     		.uahalf	0x2
 1813 0006 00000000 		.uaword	.Ldebug_info0
 1814 000a 04       		.byte	0x4
 1815 000b 00       		.byte	0
 1816 000c 0000     		.uahalf	0
 1817 000e 0000     		.uahalf	0
 1818 0010 00000000 		.uaword	.LFB0
 1819 0014 52000000 		.uaword	.LFE0-.LFB0
 1820 0018 00000000 		.uaword	0
 1821 001c 00000000 		.uaword	0
 1822              	.section .debug_ranges,"",@progbits
 1823              	.Ldebug_ranges0:
 1824 0000 00000000 		.uaword	.LFB0
 1825 0004 00000000 		.uaword	.LFE0
 1826 0008 00000000 		.uaword	0
 1827 000c 00000000 		.uaword	0
 1828              	.section .debug_line,"",@progbits
 1829              	.Ldebug_line0:
 1830 0000 3F010000 	.section .debug_str,"",@progbits
 1830      02001801 
 1830      00000201 
 1830      FB0E0D00 
 1830      01010101 
 1831              	.LASF4:
 1832 0000 6170706C 		.string	"application"
 1832      69636174 
 1832      696F6E00 
GAS Infineon TriCore Little Endian C:\\Users\\user1\\AppData\\Local\\Temp\\rta_RTAOS_638388406317960277_1736001\\ccUVv0kd.s 			page 40


 1833              	.LASF2:
 1834 000c 64796E61 		.string	"dynamic"
 1834      6D696300 
 1835              	.LASF5:
 1836 0014 61637469 		.string	"activation_count"
 1836      76617469 
 1836      6F6E5F63 
 1836      6F756E74 
 1836      00
 1837              	.LASF6:
 1838 0025 74706D61 		.string	"tpmask"
 1838      736B00
 1839              	.LASF1:
 1840 002c 656E7472 		.string	"entry_function"
 1840      795F6675 
 1840      6E637469 
 1840      6F6E00
 1841              	.LASF3:
 1842 003b 61636365 		.string	"access"
 1842      737300
 1843              	.LASF0:
 1844 0042 7265736F 		.string	"resource_count"
 1844      75726365 
 1844      5F636F75 
 1844      6E7400
 1845              		.extern	Os_const_coreconfiguration,STT_OBJECT,-1
 1846              		.ident	"GCC: (HighTec Release HDP-v4.9.4.1-11fcedf) 4.9.4 build on 2020-09-01"
