GAS Infineon TriCore Little Endian C:\\Users\\user1\\AppData\\Local\\Temp\\rta_RTAOS_638388406317960277_1736001\\ccgNYPZ2.s 			page 1


   1              		.file	"ResumeAllInterrupts.c"
   2              	.section .text,"ax",@progbits
   3              	.Ltext0:
   4              	.section .text.Os_ResumeAllInterrupts,"ax",@progbits
   5              		.align 1
   6              		.global	Os_ResumeAllInterrupts
   7              		.type	Os_ResumeAllInterrupts, @function
   8              	Os_ResumeAllInterrupts:
   9              	.LFB0:
  10              		.file 1 "C:\\Users\\user1\\AppData\\Local\\Temp\\rta_RTAOS_638388406317960277_1736001\\ResumeAllIn
  11              		.loc 1 1366 0
  12              	.LBB2:
  13              		.loc 1 1367 0
  14              	#APP
  15              		# 1367 "C:\Users\user1\AppData\Local\Temp\rta_RTAOS_638388406317960277_1736001\ResumeAllInterrupts
  16 0000 4DC0E1FF 		mfcr %d15,0xfe1c
  17              		# 0 "" 2
  18              	.LVL0:
  19              	#NO_APP
  20              	.LBE2:
  21              		.loc 1 1368 0
  22 0004 910000F0 		movh.a	%a15, hi:Os_const_coreconfiguration
  23 0008 80F3     		mov.d	%d3, %a15
  24 000a 1B030020 		addi	%d2, %d3, lo:Os_const_coreconfiguration
  25 000e 138F2132 		madd	%d3, %d2, %d15, 24
  26 0012 603F     		mov.a	%a15, %d3
  27 0014 C81F     		ld.a	%a15, [%a15] 4
  28              	.LVL1:
  29              	.LBB3:
  30              		.loc 1 1369 0
  31              	#APP
  32              		# 1369 "C:\Users\user1\AppData\Local\Temp\rta_RTAOS_638388406317960277_1736001\ResumeAllInterrupts
  33 0016 4D40E0FF 		mfcr %d15,0xfe04
  34              		# 0 "" 2
  35              	.LVL2:
  36              	#NO_APP
  37              	.LBE3:
  38              		.loc 1 1370 0
  39 001a AEB3     		jnz.t	%d15, 11, .L2
  40              		.loc 1 1370 0 is_stmt 0 discriminator 1
  41              	#APP
  42              		# 1370 "C:\Users\user1\AppData\Local\Temp\rta_RTAOS_638388406317960277_1736001\ResumeAllInterrupts
  43 001c AD008000 		syscall 0
  44              		# 0 "" 2
  45              	#NO_APP
  46              	.L2:
  47              		.loc 1 1371 0 is_stmt 1
  48 0020 DA6B     		mov	%d15, 107
  49              	.LVL3:
  50 0022 E9FF1800 		st.b	[%a15] 24, %d15
  51              		.loc 1 1374 0
  52 0026 4CF4     		ld.w	%d15, [%a15] 16
  53 0028 6E0A     		jz	%d15, .L4
  54              		.loc 1 1375 0
  55 002a 4CF4     		ld.w	%d15, [%a15] 16
  56 002c C2FF     		add	%d15, -1
  57 002e 684F     		st.w	[%a15] 16, %d15
GAS Infineon TriCore Little Endian C:\\Users\\user1\\AppData\\Local\\Temp\\rta_RTAOS_638388406317960277_1736001\\ccgNYPZ2.s 			page 2


  58 0030 EE06     		jnz	%d15, .L4
  59              	.LBB4:
  60              		.loc 1 1377 0
  61 0032 4CF1     		ld.w	%d15, [%a15] 4
  62              	.LVL4:
  63              	#APP
  64              		# 1377 "C:\Users\user1\AppData\Local\Temp\rta_RTAOS_638388406317960277_1736001\ResumeAllInterrupts
  65 0034 CDCFE20F 		mtcr 0xFE2C,%d15
  66              		# 0 "" 2
  67              	#NO_APP
  68              	.LBE4:
  69              	#APP
  70              		# 1377 "C:\Users\user1\AppData\Local\Temp\rta_RTAOS_638388406317960277_1736001\ResumeAllInterrupts
  71 0038 0D00C004 		isync
  72              		# 0 "" 2
  73              	.LVL5:
  74              	#NO_APP
  75              	.L4:
  76              		.loc 1 1380 0
  77 003c DA6A     		mov	%d15, 106
  78 003e E9FF1800 		st.b	[%a15] 24, %d15
  79 0042 0090     		ret
  80              	.LFE0:
  81              		.size	Os_ResumeAllInterrupts, .-Os_ResumeAllInterrupts
  82              	.section .debug_frame,"",@progbits
  83              	.Lframe0:
  84 0000 0C000000 		.uaword	.LECIE0-.LSCIE0
  85              	.LSCIE0:
  86 0004 FFFFFFFF 		.uaword	0xffffffff
  87 0008 01       		.byte	0x1
  88 0009 00       		.string	""
  89 000a 01       		.uleb128 0x1
  90 000b 01       		.sleb128 1
  91 000c 1B       		.byte	0x1b
  92 000d 0C       		.byte	0xc
  93 000e 1A       		.uleb128 0x1a
  94 000f 00       		.uleb128 0
  95              		.align 2
  96              	.LECIE0:
  97              	.LSFDE0:
  98 0010 0C000000 		.uaword	.LEFDE0-.LASFDE0
  99              	.LASFDE0:
 100 0014 00000000 		.uaword	.Lframe0
 101 0018 00000000 		.uaword	.LFB0
 102 001c 44000000 		.uaword	.LFE0-.LFB0
 103              		.align 2
 104              	.LEFDE0:
 105              	.section .text,"ax",@progbits
 106              	.Letext0:
 107              		.file 2 "D:\\home\\user123\\user\\Mohan6_VectorSIP\\21Dec23\\15Dec23_CAN_merge_21stDec\\25_Softwar
 108              		.file 3 "D:\\home\\user123\\user\\Mohan6_VectorSIP\\21Dec23\\15Dec23_CAN_merge_21stDec\\25_Softwar
 109              	.section .debug_info,"",@progbits
 110              	.Ldebug_info0:
 111 0000 DD100000 		.uaword	0x10dd
 112 0004 0200     		.uahalf	0x2
 113 0006 00000000 		.uaword	.Ldebug_abbrev0
 114 000a 04       		.byte	0x4
GAS Infineon TriCore Little Endian C:\\Users\\user1\\AppData\\Local\\Temp\\rta_RTAOS_638388406317960277_1736001\\ccgNYPZ2.s 			page 3


 115 000b 01       		.uleb128 0x1
 116 000c 474E5520 		.ascii	"GNU C 4."
 116      4320342E 
 117 0014 392E3420 		.string	"9.4 build on 2020-09-01 -mlicense-dir=c:\\hightec\\toolchains\\tricore\\v4.9.4.1\\bin\\..
 117      6275696C 
 117      64206F6E 
 117      20323032 
 117      302D3039 
 118 0115 01       		.byte	0x1
 119 0116 433A5C55 		.string	"C:\\Users\\user1\\AppData\\Local\\Temp\\rta_RTAOS_638388406317960277_1736001\\ResumeAllIn
 119      73657273 
 119      5C757365 
 119      72315C41 
 119      70704461 
 120 0173 00000000 		.uaword	.Ldebug_ranges0+0
 121 0177 00000000 		.uaword	0
 122 017b 00000000 		.uaword	0
 123 017f 00000000 		.uaword	.Ldebug_line0
 124 0183 02       		.uleb128 0x2
 125 0184 75696E74 		.string	"uint8"
 125      3800
 126 018a 02       		.byte	0x2
 127 018b 34       		.byte	0x34
 128 018c 90010000 		.uaword	0x190
 129 0190 03       		.uleb128 0x3
 130 0191 01       		.byte	0x1
 131 0192 08       		.byte	0x8
 132 0193 756E7369 		.string	"unsigned char"
 132      676E6564 
 132      20636861 
 132      7200
 133 01a1 02       		.uleb128 0x2
 134 01a2 75696E74 		.string	"uint16"
 134      313600
 135 01a9 02       		.byte	0x2
 136 01aa 35       		.byte	0x35
 137 01ab AF010000 		.uaword	0x1af
 138 01af 03       		.uleb128 0x3
 139 01b0 02       		.byte	0x2
 140 01b1 07       		.byte	0x7
 141 01b2 73686F72 		.string	"short unsigned int"
 141      7420756E 
 141      7369676E 
 141      65642069 
 141      6E7400
 142 01c5 02       		.uleb128 0x2
 143 01c6 75696E74 		.string	"uint32"
 143      333200
 144 01cd 02       		.byte	0x2
 145 01ce 36       		.byte	0x36
 146 01cf D3010000 		.uaword	0x1d3
 147 01d3 03       		.uleb128 0x3
 148 01d4 04       		.byte	0x4
 149 01d5 07       		.byte	0x7
 150 01d6 756E7369 		.string	"unsigned int"
 150      676E6564 
 150      20696E74 
GAS Infineon TriCore Little Endian C:\\Users\\user1\\AppData\\Local\\Temp\\rta_RTAOS_638388406317960277_1736001\\ccgNYPZ2.s 			page 4


 150      00
 151 01e3 03       		.uleb128 0x3
 152 01e4 01       		.byte	0x1
 153 01e5 06       		.byte	0x6
 154 01e6 7369676E 		.string	"signed char"
 154      65642063 
 154      68617200 
 155 01f2 03       		.uleb128 0x3
 156 01f3 02       		.byte	0x2
 157 01f4 05       		.byte	0x5
 158 01f5 73686F72 		.string	"short int"
 158      7420696E 
 158      7400
 159 01ff 03       		.uleb128 0x3
 160 0200 04       		.byte	0x4
 161 0201 05       		.byte	0x5
 162 0202 696E7400 		.string	"int"
 163 0206 03       		.uleb128 0x3
 164 0207 04       		.byte	0x4
 165 0208 04       		.byte	0x4
 166 0209 666C6F61 		.string	"float"
 166      7400
 167 020f 03       		.uleb128 0x3
 168 0210 08       		.byte	0x8
 169 0211 04       		.byte	0x4
 170 0212 646F7562 		.string	"double"
 170      6C6500
 171 0219 03       		.uleb128 0x3
 172 021a 08       		.byte	0x8
 173 021b 05       		.byte	0x5
 174 021c 6C6F6E67 		.string	"long long int"
 174      206C6F6E 
 174      6720696E 
 174      7400
 175 022a 03       		.uleb128 0x3
 176 022b 08       		.byte	0x8
 177 022c 07       		.byte	0x7
 178 022d 6C6F6E67 		.string	"long long unsigned int"
 178      206C6F6E 
 178      6720756E 
 178      7369676E 
 178      65642069 
 179 0244 02       		.uleb128 0x2
 180 0245 626F6F6C 		.string	"boolean"
 180      65616E00 
 181 024d 02       		.byte	0x2
 182 024e 49       		.byte	0x49
 183 024f 90010000 		.uaword	0x190
 184 0253 02       		.uleb128 0x2
 185 0254 53746174 		.string	"StatusType"
 185      75735479 
 185      706500
 186 025f 03       		.byte	0x3
 187 0260 28       		.byte	0x28
 188 0261 90010000 		.uaword	0x190
 189 0265 04       		.uleb128 0x4
 190 0266 08       		.byte	0x8
GAS Infineon TriCore Little Endian C:\\Users\\user1\\AppData\\Local\\Temp\\rta_RTAOS_638388406317960277_1736001\\ccgNYPZ2.s 			page 5


 191 0267 01       		.byte	0x1
 192 0268 7C       		.byte	0x7c
 193 0269 A4020000 		.uaword	0x2a4
 194 026d 05       		.uleb128 0x5
 195 026e 436C6173 		.string	"Class"
 195      7300
 196 0274 01       		.byte	0x1
 197 0275 7D       		.byte	0x7d
 198 0276 83010000 		.uaword	0x183
 199 027a 02       		.byte	0x2
 200 027b 23       		.byte	0x23
 201 027c 00       		.uleb128 0
 202 027d 05       		.uleb128 0x5
 203 027e 54494E00 		.string	"TIN"
 204 0282 01       		.byte	0x1
 205 0283 7E       		.byte	0x7e
 206 0284 83010000 		.uaword	0x183
 207 0288 02       		.byte	0x2
 208 0289 23       		.byte	0x23
 209 028a 01       		.uleb128 0x1
 210 028b 05       		.uleb128 0x5
 211 028c 52657475 		.string	"ReturnAddress"
 211      726E4164 
 211      64726573 
 211      7300
 212 029a 01       		.byte	0x1
 213 029b 7F       		.byte	0x7f
 214 029c C5010000 		.uaword	0x1c5
 215 02a0 02       		.byte	0x2
 216 02a1 23       		.byte	0x23
 217 02a2 04       		.uleb128 0x4
 218 02a3 00       		.byte	0
 219 02a4 02       		.uleb128 0x2
 220 02a5 4F735472 		.string	"OsTrapInfoType"
 220      6170496E 
 220      666F5479 
 220      706500
 221 02b4 01       		.byte	0x1
 222 02b5 80       		.byte	0x80
 223 02b6 65020000 		.uaword	0x265
 224 02ba 02       		.uleb128 0x2
 225 02bb 75696E74 		.string	"uint32_aligned"
 225      33325F61 
 225      6C69676E 
 225      656400
 226 02ca 01       		.byte	0x1
 227 02cb 86       		.byte	0x86
 228 02cc C5010000 		.uaword	0x1c5
 229 02d0 04       		.uleb128 0x4
 230 02d1 44       		.byte	0x44
 231 02d2 01       		.byte	0x1
 232 02d3 AB       		.byte	0xab
 233 02d4 E9020000 		.uaword	0x2e9
 234 02d8 05       		.uleb128 0x5
 235 02d9 73746F72 		.string	"store"
 235      6500
 236 02df 01       		.byte	0x1
GAS Infineon TriCore Little Endian C:\\Users\\user1\\AppData\\Local\\Temp\\rta_RTAOS_638388406317960277_1736001\\ccgNYPZ2.s 			page 6


 237 02e0 AC       		.byte	0xac
 238 02e1 E9020000 		.uaword	0x2e9
 239 02e5 02       		.byte	0x2
 240 02e6 23       		.byte	0x23
 241 02e7 00       		.uleb128 0
 242 02e8 00       		.byte	0
 243 02e9 06       		.uleb128 0x6
 244 02ea C5010000 		.uaword	0x1c5
 245 02ee F9020000 		.uaword	0x2f9
 246 02f2 07       		.uleb128 0x7
 247 02f3 F9020000 		.uaword	0x2f9
 248 02f7 10       		.byte	0x10
 249 02f8 00       		.byte	0
 250 02f9 03       		.uleb128 0x3
 251 02fa 04       		.byte	0x4
 252 02fb 07       		.byte	0x7
 253 02fc 73697A65 		.string	"sizetype"
 253      74797065 
 253      00
 254 0305 02       		.uleb128 0x2
 255 0306 4F735F4A 		.string	"Os_JumpBufType"
 255      756D7042 
 255      75665479 
 255      706500
 256 0315 01       		.byte	0x1
 257 0316 AD       		.byte	0xad
 258 0317 1B030000 		.uaword	0x31b
 259 031b 06       		.uleb128 0x6
 260 031c D0020000 		.uaword	0x2d0
 261 0320 2B030000 		.uaword	0x32b
 262 0324 07       		.uleb128 0x7
 263 0325 F9020000 		.uaword	0x2f9
 264 0329 00       		.byte	0
 265 032a 00       		.byte	0
 266 032b 02       		.uleb128 0x2
 267 032c 4F735F52 		.string	"Os_ResourceCountType"
 267      65736F75 
 267      72636543 
 267      6F756E74 
 267      54797065 
 268 0341 01       		.byte	0x1
 269 0342 BE       		.byte	0xbe
 270 0343 90010000 		.uaword	0x190
 271 0347 02       		.uleb128 0x2
 272 0348 4F735F53 		.string	"Os_StackTraceType"
 272      7461636B 
 272      54726163 
 272      65547970 
 272      6500
 273 035a 01       		.byte	0x1
 274 035b BF       		.byte	0xbf
 275 035c D3010000 		.uaword	0x1d3
 276 0360 04       		.uleb128 0x4
 277 0361 08       		.byte	0x8
 278 0362 01       		.byte	0x1
 279 0363 C0       		.byte	0xc0
 280 0364 84030000 		.uaword	0x384
GAS Infineon TriCore Little Endian C:\\Users\\user1\\AppData\\Local\\Temp\\rta_RTAOS_638388406317960277_1736001\\ccgNYPZ2.s 			page 7


 281 0368 05       		.uleb128 0x5
 282 0369 737000   		.string	"sp"
 283 036c 01       		.byte	0x1
 284 036d C0       		.byte	0xc0
 285 036e 47030000 		.uaword	0x347
 286 0372 02       		.byte	0x2
 287 0373 23       		.byte	0x23
 288 0374 00       		.uleb128 0
 289 0375 05       		.uleb128 0x5
 290 0376 63747800 		.string	"ctx"
 291 037a 01       		.byte	0x1
 292 037b C0       		.byte	0xc0
 293 037c 47030000 		.uaword	0x347
 294 0380 02       		.byte	0x2
 295 0381 23       		.byte	0x23
 296 0382 04       		.uleb128 0x4
 297 0383 00       		.byte	0
 298 0384 02       		.uleb128 0x2
 299 0385 4F735F53 		.string	"Os_StackValueType"
 299      7461636B 
 299      56616C75 
 299      65547970 
 299      6500
 300 0397 01       		.byte	0x1
 301 0398 C0       		.byte	0xc0
 302 0399 60030000 		.uaword	0x360
 303 039d 02       		.uleb128 0x2
 304 039e 4F735F53 		.string	"Os_StackSizeType"
 304      7461636B 
 304      53697A65 
 304      54797065 
 304      00
 305 03af 01       		.byte	0x1
 306 03b0 C1       		.byte	0xc1
 307 03b1 84030000 		.uaword	0x384
 308 03b5 02       		.uleb128 0x2
 309 03b6 4F735F56 		.string	"Os_VoidVoidFunctionType"
 309      6F696456 
 309      6F696446 
 309      756E6374 
 309      696F6E54 
 310 03ce 01       		.byte	0x1
 311 03cf C7       		.byte	0xc7
 312 03d0 D4030000 		.uaword	0x3d4
 313 03d4 08       		.uleb128 0x8
 314 03d5 04       		.byte	0x4
 315 03d6 DA030000 		.uaword	0x3da
 316 03da 09       		.uleb128 0x9
 317 03db 01       		.byte	0x1
 318 03dc 02       		.uleb128 0x2
 319 03dd 4170706C 		.string	"ApplicationType"
 319      69636174 
 319      696F6E54 
 319      79706500 
 320 03ed 01       		.byte	0x1
 321 03ee D5       		.byte	0xd5
 322 03ef 90010000 		.uaword	0x190
GAS Infineon TriCore Little Endian C:\\Users\\user1\\AppData\\Local\\Temp\\rta_RTAOS_638388406317960277_1736001\\ccgNYPZ2.s 			page 8


 323 03f3 02       		.uleb128 0x2
 324 03f4 4F735F74 		.string	"Os_tmaskType"
 324      6D61736B 
 324      54797065 
 324      00
 325 0401 01       		.byte	0x1
 326 0402 D9       		.byte	0xd9
 327 0403 C5010000 		.uaword	0x1c5
 328 0407 02       		.uleb128 0x2
 329 0408 4F735F43 		.string	"Os_CoreStateType"
 329      6F726553 
 329      74617465 
 329      54797065 
 329      00
 330 0419 01       		.byte	0x1
 331 041a E7       		.byte	0xe7
 332 041b C5010000 		.uaword	0x1c5
 333 041f 02       		.uleb128 0x2
 334 0420 4F735F53 		.string	"Os_StopwatchTickType"
 334      746F7077 
 334      61746368 
 334      5469636B 
 334      54797065 
 335 0435 01       		.byte	0x1
 336 0436 FD       		.byte	0xfd
 337 0437 D3010000 		.uaword	0x1d3
 338 043b 0A       		.uleb128 0xa
 339 043c 4F735F54 		.string	"Os_TerminatorType"
 339      65726D69 
 339      6E61746F 
 339      72547970 
 339      6500
 340 044e 01       		.byte	0x1
 341 044f 0201     		.uahalf	0x102
 342 0451 55040000 		.uaword	0x455
 343 0455 08       		.uleb128 0x8
 344 0456 04       		.byte	0x4
 345 0457 05030000 		.uaword	0x305
 346 045b 0A       		.uleb128 0xa
 347 045c 4F735F4C 		.string	"Os_Lockable"
 347      6F636B61 
 347      626C6500 
 348 0468 01       		.byte	0x1
 349 0469 0701     		.uahalf	0x107
 350 046b BA020000 		.uaword	0x2ba
 351 046f 0A       		.uleb128 0xa
 352 0470 436F7265 		.string	"CoreIdType"
 352      49645479 
 352      706500
 353 047b 01       		.byte	0x1
 354 047c 0901     		.uahalf	0x109
 355 047e A1010000 		.uaword	0x1a1
 356 0482 0B       		.uleb128 0xb
 357 0483 5B040000 		.uaword	0x45b
 358 0487 0C       		.uleb128 0xc
 359 0488 4F735F43 		.string	"Os_ControlledCoreType_s"
 359      6F6E7472 
GAS Infineon TriCore Little Endian C:\\Users\\user1\\AppData\\Local\\Temp\\rta_RTAOS_638388406317960277_1736001\\ccgNYPZ2.s 			page 9


 359      6F6C6C65 
 359      64436F72 
 359      65547970 
 360 04a0 58       		.byte	0x58
 361 04a1 01       		.byte	0x1
 362 04a2 1004     		.uahalf	0x410
 363 04a4 85060000 		.uaword	0x685
 364 04a8 0D       		.uleb128 0xd
 365 04a9 54726170 		.string	"TrapInfo"
 365      496E666F 
 365      00
 366 04b2 01       		.byte	0x1
 367 04b3 1104     		.uahalf	0x411
 368 04b5 A4020000 		.uaword	0x2a4
 369 04b9 02       		.byte	0x2
 370 04ba 23       		.byte	0x23
 371 04bb 00       		.uleb128 0
 372 04bc 0D       		.uleb128 0xd
 373 04bd 4572726F 		.string	"ErrorInformation"
 373      72496E66 
 373      6F726D61 
 373      74696F6E 
 373      00
 374 04ce 01       		.byte	0x1
 375 04cf 1204     		.uahalf	0x412
 376 04d1 180D0000 		.uaword	0xd18
 377 04d5 02       		.byte	0x2
 378 04d6 23       		.byte	0x23
 379 04d7 08       		.uleb128 0x8
 380 04d8 0D       		.uleb128 0xd
 381 04d9 6C6F636B 		.string	"lock_taskaccess"
 381      5F746173 
 381      6B616363 
 381      65737300 
 382 04e9 01       		.byte	0x1
 383 04ea 1304     		.uahalf	0x413
 384 04ec 82040000 		.uaword	0x482
 385 04f0 02       		.byte	0x2
 386 04f1 23       		.byte	0x23
 387 04f2 18       		.uleb128 0x18
 388 04f3 0D       		.uleb128 0xd
 389 04f4 52656164 		.string	"ReadyTasks"
 389      79546173 
 389      6B7300
 390 04ff 01       		.byte	0x1
 391 0500 1404     		.uahalf	0x414
 392 0502 4E0D0000 		.uaword	0xd4e
 393 0506 02       		.byte	0x2
 394 0507 23       		.byte	0x23
 395 0508 1C       		.uleb128 0x1c
 396 0509 0D       		.uleb128 0xd
 397 050a 52756E6E 		.string	"RunningISR"
 397      696E6749 
 397      535200
 398 0515 01       		.byte	0x1
 399 0516 1504     		.uahalf	0x415
 400 0518 530D0000 		.uaword	0xd53
GAS Infineon TriCore Little Endian C:\\Users\\user1\\AppData\\Local\\Temp\\rta_RTAOS_638388406317960277_1736001\\ccgNYPZ2.s 			page 10


 401 051c 02       		.byte	0x2
 402 051d 23       		.byte	0x23
 403 051e 20       		.uleb128 0x20
 404 051f 0D       		.uleb128 0xd
 405 0520 52756E6E 		.string	"RunningTask"
 405      696E6754 
 405      61736B00 
 406 052c 01       		.byte	0x1
 407 052d 1604     		.uahalf	0x416
 408 052f 580D0000 		.uaword	0xd58
 409 0533 02       		.byte	0x2
 410 0534 23       		.byte	0x23
 411 0535 24       		.uleb128 0x24
 412 0536 0D       		.uleb128 0xd
 413 0537 52756E6E 		.string	"RunningTPMask"
 413      696E6754 
 413      504D6173 
 413      6B00
 414 0545 01       		.byte	0x1
 415 0546 1704     		.uahalf	0x417
 416 0548 5D0D0000 		.uaword	0xd5d
 417 054c 02       		.byte	0x2
 418 054d 23       		.byte	0x23
 419 054e 28       		.uleb128 0x28
 420 054f 0D       		.uleb128 0xd
 421 0550 5465726D 		.string	"TerminatingTasks"
 421      696E6174 
 421      696E6754 
 421      61736B73 
 421      00
 422 0561 01       		.byte	0x1
 423 0562 1804     		.uahalf	0x418
 424 0564 4E0D0000 		.uaword	0xd4e
 425 0568 02       		.byte	0x2
 426 0569 23       		.byte	0x23
 427 056a 2C       		.uleb128 0x2c
 428 056b 0D       		.uleb128 0xd
 429 056c 4170706C 		.string	"Application"
 429      69636174 
 429      696F6E00 
 430 0578 01       		.byte	0x1
 431 0579 1904     		.uahalf	0x419
 432 057b DC030000 		.uaword	0x3dc
 433 057f 02       		.byte	0x2
 434 0580 23       		.byte	0x23
 435 0581 30       		.uleb128 0x30
 436 0582 0D       		.uleb128 0xd
 437 0583 43757272 		.string	"CurrentTerminator"
 437      656E7454 
 437      65726D69 
 437      6E61746F 
 437      7200
 438 0595 01       		.byte	0x1
 439 0596 1A04     		.uahalf	0x41a
 440 0598 620D0000 		.uaword	0xd62
 441 059c 02       		.byte	0x2
 442 059d 23       		.byte	0x23
GAS Infineon TriCore Little Endian C:\\Users\\user1\\AppData\\Local\\Temp\\rta_RTAOS_638388406317960277_1736001\\ccgNYPZ2.s 			page 11


 443 059e 34       		.uleb128 0x34
 444 059f 0D       		.uleb128 0xd
 445 05a0 43757272 		.string	"CurrentMeteredObject"
 445      656E744D 
 445      65746572 
 445      65644F62 
 445      6A656374 
 446 05b5 01       		.byte	0x1
 447 05b6 1B04     		.uahalf	0x41b
 448 05b8 F1060000 		.uaword	0x6f1
 449 05bc 02       		.byte	0x2
 450 05bd 23       		.byte	0x23
 451 05be 38       		.uleb128 0x38
 452 05bf 0D       		.uleb128 0xd
 453 05c0 49646C65 		.string	"IdleMeter"
 453      4D657465 
 453      7200
 454 05ca 01       		.byte	0x1
 455 05cb 1C04     		.uahalf	0x41c
 456 05cd D8060000 		.uaword	0x6d8
 457 05d1 02       		.byte	0x2
 458 05d2 23       		.byte	0x23
 459 05d3 3C       		.uleb128 0x3c
 460 05d4 0D       		.uleb128 0xd
 461 05d5 41707041 		.string	"AppAccess"
 461      63636573 
 461      7300
 462 05df 01       		.byte	0x1
 463 05e0 1D04     		.uahalf	0x41d
 464 05e2 83010000 		.uaword	0x183
 465 05e6 02       		.byte	0x2
 466 05e7 23       		.byte	0x23
 467 05e8 48       		.uleb128 0x48
 468 05e9 0D       		.uleb128 0xd
 469 05ea 4170704F 		.string	"AppOverride"
 469      76657272 
 469      69646500 
 470 05f6 01       		.byte	0x1
 471 05f7 1E04     		.uahalf	0x41e
 472 05f9 670D0000 		.uaword	0xd67
 473 05fd 02       		.byte	0x2
 474 05fe 23       		.byte	0x23
 475 05ff 49       		.uleb128 0x49
 476 0600 0D       		.uleb128 0xd
 477 0601 47657453 		.string	"GetStackValueAdjust"
 477      7461636B 
 477      56616C75 
 477      6541646A 
 477      75737400 
 478 0615 01       		.byte	0x1
 479 0616 1F04     		.uahalf	0x41f
 480 0618 9D030000 		.uaword	0x39d
 481 061c 02       		.byte	0x2
 482 061d 23       		.byte	0x23
 483 061e 4C       		.uleb128 0x4c
 484 061f 0D       		.uleb128 0xd
 485 0620 496E4572 		.string	"InErrorHook"
GAS Infineon TriCore Little Endian C:\\Users\\user1\\AppData\\Local\\Temp\\rta_RTAOS_638388406317960277_1736001\\ccgNYPZ2.s 			page 12


 485      726F7248 
 485      6F6F6B00 
 486 062c 01       		.byte	0x1
 487 062d 2004     		.uahalf	0x420
 488 062f 44020000 		.uaword	0x244
 489 0633 02       		.byte	0x2
 490 0634 23       		.byte	0x23
 491 0635 54       		.uleb128 0x54
 492 0636 0D       		.uleb128 0xd
 493 0637 496E5072 		.string	"InProtectionHook"
 493      6F746563 
 493      74696F6E 
 493      486F6F6B 
 493      00
 494 0648 01       		.byte	0x1
 495 0649 2104     		.uahalf	0x421
 496 064b 44020000 		.uaword	0x244
 497 064f 02       		.byte	0x2
 498 0650 23       		.byte	0x23
 499 0651 55       		.uleb128 0x55
 500 0652 0D       		.uleb128 0xd
 501 0653 436F7265 		.string	"CoreIsActive"
 501      49734163 
 501      74697665 
 501      00
 502 0660 01       		.byte	0x1
 503 0661 2204     		.uahalf	0x422
 504 0663 44020000 		.uaword	0x244
 505 0667 02       		.byte	0x2
 506 0668 23       		.byte	0x23
 507 0669 56       		.uleb128 0x56
 508 066a 0D       		.uleb128 0xd
 509 066b 496E5368 		.string	"InShutdownHook"
 509      7574646F 
 509      776E486F 
 509      6F6B00
 510 067a 01       		.byte	0x1
 511 067b 2304     		.uahalf	0x423
 512 067d 44020000 		.uaword	0x244
 513 0681 02       		.byte	0x2
 514 0682 23       		.byte	0x23
 515 0683 57       		.uleb128 0x57
 516 0684 00       		.byte	0
 517 0685 0C       		.uleb128 0xc
 518 0686 4F735F4D 		.string	"Os_MeterInfoType_s"
 518      65746572 
 518      496E666F 
 518      54797065 
 518      5F7300
 519 0699 0C       		.byte	0xc
 520 069a 01       		.byte	0x1
 521 069b 7201     		.uahalf	0x172
 522 069d D8060000 		.uaword	0x6d8
 523 06a1 0D       		.uleb128 0xd
 524 06a2 656C6170 		.string	"elapsed"
 524      73656400 
 525 06aa 01       		.byte	0x1
GAS Infineon TriCore Little Endian C:\\Users\\user1\\AppData\\Local\\Temp\\rta_RTAOS_638388406317960277_1736001\\ccgNYPZ2.s 			page 13


 526 06ab 7301     		.uahalf	0x173
 527 06ad 1F040000 		.uaword	0x41f
 528 06b1 02       		.byte	0x2
 529 06b2 23       		.byte	0x23
 530 06b3 00       		.uleb128 0
 531 06b4 0D       		.uleb128 0xd
 532 06b5 70726576 		.string	"previous"
 532      696F7573 
 532      00
 533 06be 01       		.byte	0x1
 534 06bf 7401     		.uahalf	0x174
 535 06c1 1F040000 		.uaword	0x41f
 536 06c5 02       		.byte	0x2
 537 06c6 23       		.byte	0x23
 538 06c7 04       		.uleb128 0x4
 539 06c8 0D       		.uleb128 0xd
 540 06c9 6D617800 		.string	"max"
 541 06cd 01       		.byte	0x1
 542 06ce 7501     		.uahalf	0x175
 543 06d0 1F040000 		.uaword	0x41f
 544 06d4 02       		.byte	0x2
 545 06d5 23       		.byte	0x23
 546 06d6 08       		.uleb128 0x8
 547 06d7 00       		.byte	0
 548 06d8 0A       		.uleb128 0xa
 549 06d9 4F735F4D 		.string	"Os_MeterInfoType"
 549      65746572 
 549      496E666F 
 549      54797065 
 549      00
 550 06ea 01       		.byte	0x1
 551 06eb 7601     		.uahalf	0x176
 552 06ed 85060000 		.uaword	0x685
 553 06f1 0A       		.uleb128 0xa
 554 06f2 4F735F4D 		.string	"Os_MeterInfoRefType"
 554      65746572 
 554      496E666F 
 554      52656654 
 554      79706500 
 555 0706 01       		.byte	0x1
 556 0707 7701     		.uahalf	0x177
 557 0709 0D070000 		.uaword	0x70d
 558 070d 08       		.uleb128 0x8
 559 070e 04       		.byte	0x4
 560 070f D8060000 		.uaword	0x6d8
 561 0713 0A       		.uleb128 0xa
 562 0714 4F735F69 		.string	"Os_imaskType"
 562      6D61736B 
 562      54797065 
 562      00
 563 0721 01       		.byte	0x1
 564 0722 7F01     		.uahalf	0x17f
 565 0724 C5010000 		.uaword	0x1c5
 566 0728 0C       		.uleb128 0xc
 567 0729 4F735F49 		.string	"Os_ISRDynType_s"
 567      53524479 
 567      6E547970 
GAS Infineon TriCore Little Endian C:\\Users\\user1\\AppData\\Local\\Temp\\rta_RTAOS_638388406317960277_1736001\\ccgNYPZ2.s 			page 14


 567      655F7300 
 568 0739 10       		.byte	0x10
 569 073a 01       		.byte	0x1
 570 073b 8101     		.uahalf	0x181
 571 073d 79070000 		.uaword	0x779
 572 0741 0E       		.uleb128 0xe
 573 0742 00000000 		.uaword	.LASF0
 574 0746 01       		.byte	0x1
 575 0747 8201     		.uahalf	0x182
 576 0749 2B030000 		.uaword	0x32b
 577 074d 02       		.byte	0x2
 578 074e 23       		.byte	0x23
 579 074f 00       		.uleb128 0
 580 0750 0D       		.uleb128 0xd
 581 0751 7465726D 		.string	"terminating"
 581      696E6174 
 581      696E6700 
 582 075d 01       		.byte	0x1
 583 075e 8301     		.uahalf	0x183
 584 0760 44020000 		.uaword	0x244
 585 0764 02       		.byte	0x2
 586 0765 23       		.byte	0x23
 587 0766 01       		.uleb128 0x1
 588 0767 0D       		.uleb128 0xd
 589 0768 6D657465 		.string	"meter"
 589      7200
 590 076e 01       		.byte	0x1
 591 076f 8401     		.uahalf	0x184
 592 0771 D8060000 		.uaword	0x6d8
 593 0775 02       		.byte	0x2
 594 0776 23       		.byte	0x23
 595 0777 04       		.uleb128 0x4
 596 0778 00       		.byte	0
 597 0779 0A       		.uleb128 0xa
 598 077a 4F735F49 		.string	"Os_ISRDynType"
 598      53524479 
 598      6E547970 
 598      6500
 599 0788 01       		.byte	0x1
 600 0789 8501     		.uahalf	0x185
 601 078b 28070000 		.uaword	0x728
 602 078f 0A       		.uleb128 0xa
 603 0790 4F735F49 		.string	"Os_IsrTerminatedFunctionType"
 603      73725465 
 603      726D696E 
 603      61746564 
 603      46756E63 
 604 07ad 01       		.byte	0x1
 605 07ae 8601     		.uahalf	0x186
 606 07b0 D4030000 		.uaword	0x3d4
 607 07b4 0C       		.uleb128 0xc
 608 07b5 4F735F49 		.string	"Os_ISRType_s"
 608      53525479 
 608      70655F73 
 608      00
 609 07c2 18       		.byte	0x18
 610 07c3 01       		.byte	0x1
GAS Infineon TriCore Little Endian C:\\Users\\user1\\AppData\\Local\\Temp\\rta_RTAOS_638388406317960277_1736001\\ccgNYPZ2.s 			page 15


 611 07c4 8701     		.uahalf	0x187
 612 07c6 48080000 		.uaword	0x848
 613 07ca 0E       		.uleb128 0xe
 614 07cb 00000000 		.uaword	.LASF1
 615 07cf 01       		.byte	0x1
 616 07d0 8801     		.uahalf	0x188
 617 07d2 B5030000 		.uaword	0x3b5
 618 07d6 02       		.byte	0x2
 619 07d7 23       		.byte	0x23
 620 07d8 00       		.uleb128 0
 621 07d9 0D       		.uleb128 0xd
 622 07da 7465726D 		.string	"terminated_function"
 622      696E6174 
 622      65645F66 
 622      756E6374 
 622      696F6E00 
 623 07ee 01       		.byte	0x1
 624 07ef 8901     		.uahalf	0x189
 625 07f1 8F070000 		.uaword	0x78f
 626 07f5 02       		.byte	0x2
 627 07f6 23       		.byte	0x23
 628 07f7 04       		.uleb128 0x4
 629 07f8 0E       		.uleb128 0xe
 630 07f9 00000000 		.uaword	.LASF2
 631 07fd 01       		.byte	0x1
 632 07fe 8A01     		.uahalf	0x18a
 633 0800 48080000 		.uaword	0x848
 634 0804 02       		.byte	0x2
 635 0805 23       		.byte	0x23
 636 0806 08       		.uleb128 0x8
 637 0807 0D       		.uleb128 0xd
 638 0808 696D6173 		.string	"imask"
 638      6B00
 639 080e 01       		.byte	0x1
 640 080f 8B01     		.uahalf	0x18b
 641 0811 13070000 		.uaword	0x713
 642 0815 02       		.byte	0x2
 643 0816 23       		.byte	0x23
 644 0817 0C       		.uleb128 0xc
 645 0818 0D       		.uleb128 0xd
 646 0819 696E6465 		.string	"index"
 646      7800
 647 081f 01       		.byte	0x1
 648 0820 8C01     		.uahalf	0x18c
 649 0822 C5010000 		.uaword	0x1c5
 650 0826 02       		.byte	0x2
 651 0827 23       		.byte	0x23
 652 0828 10       		.uleb128 0x10
 653 0829 0E       		.uleb128 0xe
 654 082a 00000000 		.uaword	.LASF3
 655 082e 01       		.byte	0x1
 656 082f 8D01     		.uahalf	0x18d
 657 0831 83010000 		.uaword	0x183
 658 0835 02       		.byte	0x2
 659 0836 23       		.byte	0x23
 660 0837 14       		.uleb128 0x14
 661 0838 0E       		.uleb128 0xe
GAS Infineon TriCore Little Endian C:\\Users\\user1\\AppData\\Local\\Temp\\rta_RTAOS_638388406317960277_1736001\\ccgNYPZ2.s 			page 16


 662 0839 00000000 		.uaword	.LASF4
 663 083d 01       		.byte	0x1
 664 083e 8E01     		.uahalf	0x18e
 665 0840 DC030000 		.uaword	0x3dc
 666 0844 02       		.byte	0x2
 667 0845 23       		.byte	0x23
 668 0846 15       		.uleb128 0x15
 669 0847 00       		.byte	0
 670 0848 0F       		.uleb128 0xf
 671 0849 4D080000 		.uaword	0x84d
 672 084d 08       		.uleb128 0x8
 673 084e 04       		.byte	0x4
 674 084f 79070000 		.uaword	0x779
 675 0853 0A       		.uleb128 0xa
 676 0854 4F735F49 		.string	"Os_ISRType"
 676      53525479 
 676      706500
 677 085f 01       		.byte	0x1
 678 0860 8F01     		.uahalf	0x18f
 679 0862 B4070000 		.uaword	0x7b4
 680 0866 0A       		.uleb128 0xa
 681 0867 49535254 		.string	"ISRType"
 681      79706500 
 682 086f 01       		.byte	0x1
 683 0870 9001     		.uahalf	0x190
 684 0872 76080000 		.uaword	0x876
 685 0876 08       		.uleb128 0x8
 686 0877 04       		.byte	0x4
 687 0878 7C080000 		.uaword	0x87c
 688 087c 0F       		.uleb128 0xf
 689 087d 53080000 		.uaword	0x853
 690 0881 0A       		.uleb128 0xa
 691 0882 4F735F62 		.string	"Os_bitmask"
 691      69746D61 
 691      736B00
 692 088d 01       		.byte	0x1
 693 088e A201     		.uahalf	0x1a2
 694 0890 D3010000 		.uaword	0x1d3
 695 0894 0A       		.uleb128 0xa
 696 0895 4F735F70 		.string	"Os_pset0Type"
 696      73657430 
 696      54797065 
 696      00
 697 08a2 01       		.byte	0x1
 698 08a3 A301     		.uahalf	0x1a3
 699 08a5 81080000 		.uaword	0x881
 700 08a9 0A       		.uleb128 0xa
 701 08aa 4F735F70 		.string	"Os_pset1Type"
 701      73657431 
 701      54797065 
 701      00
 702 08b7 01       		.byte	0x1
 703 08b8 A401     		.uahalf	0x1a4
 704 08ba 81080000 		.uaword	0x881
 705 08be 0A       		.uleb128 0xa
 706 08bf 4F735F70 		.string	"Os_pset2Type"
 706      73657432 
GAS Infineon TriCore Little Endian C:\\Users\\user1\\AppData\\Local\\Temp\\rta_RTAOS_638388406317960277_1736001\\ccgNYPZ2.s 			page 17


 706      54797065 
 706      00
 707 08cc 01       		.byte	0x1
 708 08cd A501     		.uahalf	0x1a5
 709 08cf 81080000 		.uaword	0x881
 710 08d3 10       		.uleb128 0x10
 711 08d4 04       		.byte	0x4
 712 08d5 01       		.byte	0x1
 713 08d6 A601     		.uahalf	0x1a6
 714 08d8 FE080000 		.uaword	0x8fe
 715 08dc 11       		.uleb128 0x11
 716 08dd 703000   		.string	"p0"
 717 08e0 01       		.byte	0x1
 718 08e1 A701     		.uahalf	0x1a7
 719 08e3 94080000 		.uaword	0x894
 720 08e7 11       		.uleb128 0x11
 721 08e8 703100   		.string	"p1"
 722 08eb 01       		.byte	0x1
 723 08ec A801     		.uahalf	0x1a8
 724 08ee A9080000 		.uaword	0x8a9
 725 08f2 11       		.uleb128 0x11
 726 08f3 703200   		.string	"p2"
 727 08f6 01       		.byte	0x1
 728 08f7 A901     		.uahalf	0x1a9
 729 08f9 BE080000 		.uaword	0x8be
 730 08fd 00       		.byte	0
 731 08fe 0A       		.uleb128 0xa
 732 08ff 4F735F70 		.string	"Os_psetType"
 732      73657454 
 732      79706500 
 733 090b 01       		.byte	0x1
 734 090c AA01     		.uahalf	0x1aa
 735 090e D3080000 		.uaword	0x8d3
 736 0912 10       		.uleb128 0x10
 737 0913 04       		.byte	0x4
 738 0914 01       		.byte	0x1
 739 0915 AC01     		.uahalf	0x1ac
 740 0917 3D090000 		.uaword	0x93d
 741 091b 11       		.uleb128 0x11
 742 091c 743000   		.string	"t0"
 743 091f 01       		.byte	0x1
 744 0920 AD01     		.uahalf	0x1ad
 745 0922 81080000 		.uaword	0x881
 746 0926 11       		.uleb128 0x11
 747 0927 743100   		.string	"t1"
 748 092a 01       		.byte	0x1
 749 092b AE01     		.uahalf	0x1ae
 750 092d 81080000 		.uaword	0x881
 751 0931 11       		.uleb128 0x11
 752 0932 743200   		.string	"t2"
 753 0935 01       		.byte	0x1
 754 0936 AF01     		.uahalf	0x1af
 755 0938 81080000 		.uaword	0x881
 756 093c 00       		.byte	0
 757 093d 0A       		.uleb128 0xa
 758 093e 4F735F74 		.string	"Os_tpmaskType"
 758      706D6173 
GAS Infineon TriCore Little Endian C:\\Users\\user1\\AppData\\Local\\Temp\\rta_RTAOS_638388406317960277_1736001\\ccgNYPZ2.s 			page 18


 758      6B547970 
 758      6500
 759 094c 01       		.byte	0x1
 760 094d B001     		.uahalf	0x1b0
 761 094f 12090000 		.uaword	0x912
 762 0953 0A       		.uleb128 0xa
 763 0954 4F735F41 		.string	"Os_ActivationCountType"
 763      63746976 
 763      6174696F 
 763      6E436F75 
 763      6E745479 
 764 096b 01       		.byte	0x1
 765 096c B101     		.uahalf	0x1b1
 766 096e 90010000 		.uaword	0x190
 767 0972 0C       		.uleb128 0xc
 768 0973 4F735F54 		.string	"Os_TaskDynType_s"
 768      61736B44 
 768      796E5479 
 768      70655F73 
 768      00
 769 0984 5C       		.byte	0x5c
 770 0985 01       		.byte	0x1
 771 0986 B301     		.uahalf	0x1b3
 772 0988 2D0A0000 		.uaword	0xa2d
 773 098c 0D       		.uleb128 0xd
 774 098d 6C617374 		.string	"last_activation"
 774      5F616374 
 774      69766174 
 774      696F6E00 
 775 099d 01       		.byte	0x1
 776 099e B401     		.uahalf	0x1b4
 777 09a0 1F040000 		.uaword	0x41f
 778 09a4 02       		.byte	0x2
 779 09a5 23       		.byte	0x23
 780 09a6 00       		.uleb128 0
 781 09a7 0D       		.uleb128 0xd
 782 09a8 7465726D 		.string	"terminate_jump_buf"
 782      696E6174 
 782      655F6A75 
 782      6D705F62 
 782      756600
 783 09bb 01       		.byte	0x1
 784 09bc B501     		.uahalf	0x1b5
 785 09be 05030000 		.uaword	0x305
 786 09c2 02       		.byte	0x2
 787 09c3 23       		.byte	0x23
 788 09c4 04       		.uleb128 0x4
 789 09c5 0D       		.uleb128 0xd
 790 09c6 6D657465 		.string	"meter"
 790      7200
 791 09cc 01       		.byte	0x1
 792 09cd B601     		.uahalf	0x1b6
 793 09cf D8060000 		.uaword	0x6d8
 794 09d3 02       		.byte	0x2
 795 09d4 23       		.byte	0x23
 796 09d5 48       		.uleb128 0x48
 797 09d6 0D       		.uleb128 0xd
GAS Infineon TriCore Little Endian C:\\Users\\user1\\AppData\\Local\\Temp\\rta_RTAOS_638388406317960277_1736001\\ccgNYPZ2.s 			page 19


 798 09d7 7365656E 		.string	"seen_activation"
 798      5F616374 
 798      69766174 
 798      696F6E00 
 799 09e7 01       		.byte	0x1
 800 09e8 B701     		.uahalf	0x1b7
 801 09ea 44020000 		.uaword	0x244
 802 09ee 02       		.byte	0x2
 803 09ef 23       		.byte	0x23
 804 09f0 54       		.uleb128 0x54
 805 09f1 0E       		.uleb128 0xe
 806 09f2 00000000 		.uaword	.LASF5
 807 09f6 01       		.byte	0x1
 808 09f7 B801     		.uahalf	0x1b8
 809 09f9 53090000 		.uaword	0x953
 810 09fd 02       		.byte	0x2
 811 09fe 23       		.byte	0x23
 812 09ff 55       		.uleb128 0x55
 813 0a00 0E       		.uleb128 0xe
 814 0a01 00000000 		.uaword	.LASF0
 815 0a05 01       		.byte	0x1
 816 0a06 B901     		.uahalf	0x1b9
 817 0a08 2B030000 		.uaword	0x32b
 818 0a0c 02       		.byte	0x2
 819 0a0d 23       		.byte	0x23
 820 0a0e 56       		.uleb128 0x56
 821 0a0f 0D       		.uleb128 0xd
 822 0a10 7465726D 		.string	"termination_state"
 822      696E6174 
 822      696F6E5F 
 822      73746174 
 822      6500
 823 0a22 01       		.byte	0x1
 824 0a23 BA01     		.uahalf	0x1ba
 825 0a25 C5010000 		.uaword	0x1c5
 826 0a29 02       		.byte	0x2
 827 0a2a 23       		.byte	0x23
 828 0a2b 58       		.uleb128 0x58
 829 0a2c 00       		.byte	0
 830 0a2d 0A       		.uleb128 0xa
 831 0a2e 4F735F54 		.string	"Os_TaskDynType"
 831      61736B44 
 831      796E5479 
 831      706500
 832 0a3d 01       		.byte	0x1
 833 0a3e BB01     		.uahalf	0x1bb
 834 0a40 72090000 		.uaword	0x972
 835 0a44 0C       		.uleb128 0xc
 836 0a45 4F735F54 		.string	"Os_TaskType_s"
 836      61736B54 
 836      7970655F 
 836      7300
 837 0a53 20       		.byte	0x20
 838 0a54 01       		.byte	0x1
 839 0a55 BD01     		.uahalf	0x1bd
 840 0a57 010B0000 		.uaword	0xb01
 841 0a5b 0E       		.uleb128 0xe
GAS Infineon TriCore Little Endian C:\\Users\\user1\\AppData\\Local\\Temp\\rta_RTAOS_638388406317960277_1736001\\ccgNYPZ2.s 			page 20


 842 0a5c 00000000 		.uaword	.LASF2
 843 0a60 01       		.byte	0x1
 844 0a61 BE01     		.uahalf	0x1be
 845 0a63 010B0000 		.uaword	0xb01
 846 0a67 02       		.byte	0x2
 847 0a68 23       		.byte	0x23
 848 0a69 00       		.uleb128 0
 849 0a6a 0E       		.uleb128 0xe
 850 0a6b 00000000 		.uaword	.LASF1
 851 0a6f 01       		.byte	0x1
 852 0a70 BF01     		.uahalf	0x1bf
 853 0a72 B5030000 		.uaword	0x3b5
 854 0a76 02       		.byte	0x2
 855 0a77 23       		.byte	0x23
 856 0a78 04       		.uleb128 0x4
 857 0a79 0D       		.uleb128 0xd
 858 0a7a 70736574 		.string	"pset"
 858      00
 859 0a7f 01       		.byte	0x1
 860 0a80 C001     		.uahalf	0x1c0
 861 0a82 FE080000 		.uaword	0x8fe
 862 0a86 02       		.byte	0x2
 863 0a87 23       		.byte	0x23
 864 0a88 08       		.uleb128 0x8
 865 0a89 0D       		.uleb128 0xd
 866 0a8a 62617365 		.string	"base_tpmask"
 866      5F74706D 
 866      61736B00 
 867 0a96 01       		.byte	0x1
 868 0a97 C101     		.uahalf	0x1c1
 869 0a99 3D090000 		.uaword	0x93d
 870 0a9d 02       		.byte	0x2
 871 0a9e 23       		.byte	0x23
 872 0a9f 0C       		.uleb128 0xc
 873 0aa0 0E       		.uleb128 0xe
 874 0aa1 00000000 		.uaword	.LASF6
 875 0aa5 01       		.byte	0x1
 876 0aa6 C201     		.uahalf	0x1c2
 877 0aa8 3D090000 		.uaword	0x93d
 878 0aac 02       		.byte	0x2
 879 0aad 23       		.byte	0x23
 880 0aae 10       		.uleb128 0x10
 881 0aaf 0D       		.uleb128 0xd
 882 0ab0 636F7265 		.string	"core_id"
 882      5F696400 
 883 0ab8 01       		.byte	0x1
 884 0ab9 C301     		.uahalf	0x1c3
 885 0abb 6F040000 		.uaword	0x46f
 886 0abf 02       		.byte	0x2
 887 0ac0 23       		.byte	0x23
 888 0ac1 14       		.uleb128 0x14
 889 0ac2 0D       		.uleb128 0xd
 890 0ac3 696E6465 		.string	"index"
 890      7800
 891 0ac9 01       		.byte	0x1
 892 0aca C401     		.uahalf	0x1c4
 893 0acc C5010000 		.uaword	0x1c5
GAS Infineon TriCore Little Endian C:\\Users\\user1\\AppData\\Local\\Temp\\rta_RTAOS_638388406317960277_1736001\\ccgNYPZ2.s 			page 21


 894 0ad0 02       		.byte	0x2
 895 0ad1 23       		.byte	0x23
 896 0ad2 18       		.uleb128 0x18
 897 0ad3 0E       		.uleb128 0xe
 898 0ad4 00000000 		.uaword	.LASF5
 899 0ad8 01       		.byte	0x1
 900 0ad9 C501     		.uahalf	0x1c5
 901 0adb 53090000 		.uaword	0x953
 902 0adf 02       		.byte	0x2
 903 0ae0 23       		.byte	0x23
 904 0ae1 1C       		.uleb128 0x1c
 905 0ae2 0E       		.uleb128 0xe
 906 0ae3 00000000 		.uaword	.LASF3
 907 0ae7 01       		.byte	0x1
 908 0ae8 C601     		.uahalf	0x1c6
 909 0aea 83010000 		.uaword	0x183
 910 0aee 02       		.byte	0x2
 911 0aef 23       		.byte	0x23
 912 0af0 1D       		.uleb128 0x1d
 913 0af1 0E       		.uleb128 0xe
 914 0af2 00000000 		.uaword	.LASF4
 915 0af6 01       		.byte	0x1
 916 0af7 C701     		.uahalf	0x1c7
 917 0af9 DC030000 		.uaword	0x3dc
 918 0afd 02       		.byte	0x2
 919 0afe 23       		.byte	0x23
 920 0aff 1E       		.uleb128 0x1e
 921 0b00 00       		.byte	0
 922 0b01 0F       		.uleb128 0xf
 923 0b02 060B0000 		.uaword	0xb06
 924 0b06 08       		.uleb128 0x8
 925 0b07 04       		.byte	0x4
 926 0b08 2D0A0000 		.uaword	0xa2d
 927 0b0c 0A       		.uleb128 0xa
 928 0b0d 4F735F54 		.string	"Os_TaskType"
 928      61736B54 
 928      79706500 
 929 0b19 01       		.byte	0x1
 930 0b1a C801     		.uahalf	0x1c8
 931 0b1c 440A0000 		.uaword	0xa44
 932 0b20 0A       		.uleb128 0xa
 933 0b21 5461736B 		.string	"TaskType"
 933      54797065 
 933      00
 934 0b2a 01       		.byte	0x1
 935 0b2b C901     		.uahalf	0x1c9
 936 0b2d 310B0000 		.uaword	0xb31
 937 0b31 08       		.uleb128 0x8
 938 0b32 04       		.byte	0x4
 939 0b33 370B0000 		.uaword	0xb37
 940 0b37 0F       		.uleb128 0xf
 941 0b38 0C0B0000 		.uaword	0xb0c
 942 0b3c 10       		.uleb128 0x10
 943 0b3d 04       		.byte	0x4
 944 0b3e 01       		.byte	0x1
 945 0b3f E101     		.uahalf	0x1e1
 946 0b41 600B0000 		.uaword	0xb60
GAS Infineon TriCore Little Endian C:\\Users\\user1\\AppData\\Local\\Temp\\rta_RTAOS_638388406317960277_1736001\\ccgNYPZ2.s 			page 22


 947 0b45 12       		.uleb128 0x12
 948 0b46 00000000 		.uaword	.LASF6
 949 0b4a 01       		.byte	0x1
 950 0b4b E201     		.uahalf	0x1e2
 951 0b4d 3D090000 		.uaword	0x93d
 952 0b51 11       		.uleb128 0x11
 953 0b52 696D6173 		.string	"imask"
 953      6B00
 954 0b58 01       		.byte	0x1
 955 0b59 E301     		.uahalf	0x1e3
 956 0b5b 13070000 		.uaword	0x713
 957 0b5f 00       		.byte	0
 958 0b60 0C       		.uleb128 0xc
 959 0b61 4F735F52 		.string	"Os_ResourceDynType_s"
 959      65736F75 
 959      72636544 
 959      796E5479 
 959      70655F73 
 960 0b76 0C       		.byte	0xc
 961 0b77 01       		.byte	0x1
 962 0b78 DE01     		.uahalf	0x1de
 963 0b7a C30B0000 		.uaword	0xbc3
 964 0b7e 0D       		.uleb128 0xd
 965 0b7f 61636365 		.string	"access_count"
 965      73735F63 
 965      6F756E74 
 965      00
 966 0b8c 01       		.byte	0x1
 967 0b8d DF01     		.uahalf	0x1df
 968 0b8f 2B030000 		.uaword	0x32b
 969 0b93 02       		.byte	0x2
 970 0b94 23       		.byte	0x23
 971 0b95 00       		.uleb128 0
 972 0b96 0D       		.uleb128 0xd
 973 0b97 6C6F636B 		.string	"locker"
 973      657200
 974 0b9e 01       		.byte	0x1
 975 0b9f E001     		.uahalf	0x1e0
 976 0ba1 200B0000 		.uaword	0xb20
 977 0ba5 02       		.byte	0x2
 978 0ba6 23       		.byte	0x23
 979 0ba7 04       		.uleb128 0x4
 980 0ba8 0D       		.uleb128 0xd
 981 0ba9 73617665 		.string	"saved_priority"
 981      645F7072 
 981      696F7269 
 981      747900
 982 0bb8 01       		.byte	0x1
 983 0bb9 E401     		.uahalf	0x1e4
 984 0bbb 3C0B0000 		.uaword	0xb3c
 985 0bbf 02       		.byte	0x2
 986 0bc0 23       		.byte	0x23
 987 0bc1 08       		.uleb128 0x8
 988 0bc2 00       		.byte	0
 989 0bc3 0A       		.uleb128 0xa
 990 0bc4 4F735F52 		.string	"Os_ResourceDynType"
 990      65736F75 
GAS Infineon TriCore Little Endian C:\\Users\\user1\\AppData\\Local\\Temp\\rta_RTAOS_638388406317960277_1736001\\ccgNYPZ2.s 			page 23


 990      72636544 
 990      796E5479 
 990      706500
 991 0bd7 01       		.byte	0x1
 992 0bd8 E501     		.uahalf	0x1e5
 993 0bda 600B0000 		.uaword	0xb60
 994 0bde 0C       		.uleb128 0xc
 995 0bdf 4F735F52 		.string	"Os_ResourceType_s"
 995      65736F75 
 995      72636554 
 995      7970655F 
 995      7300
 996 0bf1 10       		.byte	0x10
 997 0bf2 01       		.byte	0x1
 998 0bf3 E601     		.uahalf	0x1e6
 999 0bf5 380C0000 		.uaword	0xc38
 1000 0bf9 0E       		.uleb128 0xe
 1001 0bfa 00000000 		.uaword	.LASF2
 1002 0bfe 01       		.byte	0x1
 1003 0bff E701     		.uahalf	0x1e7
 1004 0c01 380C0000 		.uaword	0xc38
 1005 0c05 02       		.byte	0x2
 1006 0c06 23       		.byte	0x23
 1007 0c07 00       		.uleb128 0
 1008 0c08 0E       		.uleb128 0xe
 1009 0c09 00000000 		.uaword	.LASF6
 1010 0c0d 01       		.byte	0x1
 1011 0c0e E801     		.uahalf	0x1e8
 1012 0c10 3D090000 		.uaword	0x93d
 1013 0c14 02       		.byte	0x2
 1014 0c15 23       		.byte	0x23
 1015 0c16 04       		.uleb128 0x4
 1016 0c17 0D       		.uleb128 0xd
 1017 0c18 696D6173 		.string	"imask"
 1017      6B00
 1018 0c1e 01       		.byte	0x1
 1019 0c1f E901     		.uahalf	0x1e9
 1020 0c21 13070000 		.uaword	0x713
 1021 0c25 02       		.byte	0x2
 1022 0c26 23       		.byte	0x23
 1023 0c27 08       		.uleb128 0x8
 1024 0c28 0E       		.uleb128 0xe
 1025 0c29 00000000 		.uaword	.LASF3
 1026 0c2d 01       		.byte	0x1
 1027 0c2e EA01     		.uahalf	0x1ea
 1028 0c30 83010000 		.uaword	0x183
 1029 0c34 02       		.byte	0x2
 1030 0c35 23       		.byte	0x23
 1031 0c36 0C       		.uleb128 0xc
 1032 0c37 00       		.byte	0
 1033 0c38 0F       		.uleb128 0xf
 1034 0c39 3D0C0000 		.uaword	0xc3d
 1035 0c3d 08       		.uleb128 0x8
 1036 0c3e 04       		.byte	0x4
 1037 0c3f C30B0000 		.uaword	0xbc3
 1038 0c43 0A       		.uleb128 0xa
 1039 0c44 4F735F52 		.string	"Os_ResourceType"
GAS Infineon TriCore Little Endian C:\\Users\\user1\\AppData\\Local\\Temp\\rta_RTAOS_638388406317960277_1736001\\ccgNYPZ2.s 			page 24


 1039      65736F75 
 1039      72636554 
 1039      79706500 
 1040 0c54 01       		.byte	0x1
 1041 0c55 EB01     		.uahalf	0x1eb
 1042 0c57 DE0B0000 		.uaword	0xbde
 1043 0c5b 0A       		.uleb128 0xa
 1044 0c5c 5265736F 		.string	"ResourceType"
 1044      75726365 
 1044      54797065 
 1044      00
 1045 0c69 01       		.byte	0x1
 1046 0c6a EC01     		.uahalf	0x1ec
 1047 0c6c 700C0000 		.uaword	0xc70
 1048 0c70 08       		.uleb128 0x8
 1049 0c71 04       		.byte	0x4
 1050 0c72 760C0000 		.uaword	0xc76
 1051 0c76 0F       		.uleb128 0xf
 1052 0c77 430C0000 		.uaword	0xc43
 1053 0c7b 0A       		.uleb128 0xa
 1054 0c7c 4F535365 		.string	"OSServiceIdType"
 1054      72766963 
 1054      65496454 
 1054      79706500 
 1055 0c8c 01       		.byte	0x1
 1056 0c8d 5102     		.uahalf	0x251
 1057 0c8f 90010000 		.uaword	0x190
 1058 0c93 0A       		.uleb128 0xa
 1059 0c94 4F735F42 		.string	"Os_BiggestType"
 1059      69676765 
 1059      73745479 
 1059      706500
 1060 0ca3 01       		.byte	0x1
 1061 0ca4 2503     		.uahalf	0x325
 1062 0ca6 D3010000 		.uaword	0x1d3
 1063 0caa 13       		.uleb128 0x13
 1064 0cab 10       		.byte	0x10
 1065 0cac 01       		.byte	0x1
 1066 0cad 2703     		.uahalf	0x327
 1067 0caf 180D0000 		.uaword	0xd18
 1068 0cb3 0D       		.uleb128 0xd
 1069 0cb4 73657276 		.string	"service_id"
 1069      6963655F 
 1069      696400
 1070 0cbf 01       		.byte	0x1
 1071 0cc0 2803     		.uahalf	0x328
 1072 0cc2 7B0C0000 		.uaword	0xc7b
 1073 0cc6 02       		.byte	0x2
 1074 0cc7 23       		.byte	0x23
 1075 0cc8 00       		.uleb128 0
 1076 0cc9 0D       		.uleb128 0xd
 1077 0cca 73657276 		.string	"service_param1"
 1077      6963655F 
 1077      70617261 
 1077      6D3100
 1078 0cd9 01       		.byte	0x1
 1079 0cda 2903     		.uahalf	0x329
GAS Infineon TriCore Little Endian C:\\Users\\user1\\AppData\\Local\\Temp\\rta_RTAOS_638388406317960277_1736001\\ccgNYPZ2.s 			page 25


 1080 0cdc 930C0000 		.uaword	0xc93
 1081 0ce0 02       		.byte	0x2
 1082 0ce1 23       		.byte	0x23
 1083 0ce2 04       		.uleb128 0x4
 1084 0ce3 0D       		.uleb128 0xd
 1085 0ce4 73657276 		.string	"service_param2"
 1085      6963655F 
 1085      70617261 
 1085      6D3200
 1086 0cf3 01       		.byte	0x1
 1087 0cf4 2A03     		.uahalf	0x32a
 1088 0cf6 930C0000 		.uaword	0xc93
 1089 0cfa 02       		.byte	0x2
 1090 0cfb 23       		.byte	0x23
 1091 0cfc 08       		.uleb128 0x8
 1092 0cfd 0D       		.uleb128 0xd
 1093 0cfe 73657276 		.string	"service_param3"
 1093      6963655F 
 1093      70617261 
 1093      6D3300
 1094 0d0d 01       		.byte	0x1
 1095 0d0e 2B03     		.uahalf	0x32b
 1096 0d10 930C0000 		.uaword	0xc93
 1097 0d14 02       		.byte	0x2
 1098 0d15 23       		.byte	0x23
 1099 0d16 0C       		.uleb128 0xc
 1100 0d17 00       		.byte	0
 1101 0d18 0A       		.uleb128 0xa
 1102 0d19 4F735F45 		.string	"Os_ErrorInformationType"
 1102      72726F72 
 1102      496E666F 
 1102      726D6174 
 1102      696F6E54 
 1103 0d31 01       		.byte	0x1
 1104 0d32 2C03     		.uahalf	0x32c
 1105 0d34 AA0C0000 		.uaword	0xcaa
 1106 0d38 0A       		.uleb128 0xa
 1107 0d39 4F735F4F 		.string	"Os_OrtiIdType"
 1107      72746949 
 1107      64547970 
 1107      6500
 1108 0d47 01       		.byte	0x1
 1109 0d48 3003     		.uahalf	0x330
 1110 0d4a 90010000 		.uaword	0x190
 1111 0d4e 0B       		.uleb128 0xb
 1112 0d4f FE080000 		.uaword	0x8fe
 1113 0d53 0B       		.uleb128 0xb
 1114 0d54 66080000 		.uaword	0x866
 1115 0d58 0B       		.uleb128 0xb
 1116 0d59 200B0000 		.uaword	0xb20
 1117 0d5d 0B       		.uleb128 0xb
 1118 0d5e 3D090000 		.uaword	0x93d
 1119 0d62 0B       		.uleb128 0xb
 1120 0d63 3B040000 		.uaword	0x43b
 1121 0d67 0B       		.uleb128 0xb
 1122 0d68 DC030000 		.uaword	0x3dc
 1123 0d6c 0A       		.uleb128 0xa
GAS Infineon TriCore Little Endian C:\\Users\\user1\\AppData\\Local\\Temp\\rta_RTAOS_638388406317960277_1736001\\ccgNYPZ2.s 			page 26


 1124 0d6d 4F735F43 		.string	"Os_ControlledCoreType"
 1124      6F6E7472 
 1124      6F6C6C65 
 1124      64436F72 
 1124      65547970 
 1125 0d83 01       		.byte	0x1
 1126 0d84 2404     		.uahalf	0x424
 1127 0d86 87040000 		.uaword	0x487
 1128 0d8a 0C       		.uleb128 0xc
 1129 0d8b 4F735F41 		.string	"Os_AnyCoreType_s"
 1129      6E79436F 
 1129      72655479 
 1129      70655F73 
 1129      00
 1130 0d9c 64       		.byte	0x64
 1131 0d9d 01       		.byte	0x1
 1132 0d9e 3204     		.uahalf	0x432
 1133 0da0 C30E0000 		.uaword	0xec3
 1134 0da4 0D       		.uleb128 0xd
 1135 0da5 44697361 		.string	"DisableAllImask"
 1135      626C6541 
 1135      6C6C496D 
 1135      61736B00 
 1136 0db5 01       		.byte	0x1
 1137 0db6 3304     		.uahalf	0x433
 1138 0db8 C30E0000 		.uaword	0xec3
 1139 0dbc 02       		.byte	0x2
 1140 0dbd 23       		.byte	0x23
 1141 0dbe 00       		.uleb128 0
 1142 0dbf 0D       		.uleb128 0xd
 1143 0dc0 53757370 		.string	"SuspendAllImask"
 1143      656E6441 
 1143      6C6C496D 
 1143      61736B00 
 1144 0dd0 01       		.byte	0x1
 1145 0dd1 3404     		.uahalf	0x434
 1146 0dd3 C30E0000 		.uaword	0xec3
 1147 0dd7 02       		.byte	0x2
 1148 0dd8 23       		.byte	0x23
 1149 0dd9 04       		.uleb128 0x4
 1150 0dda 0D       		.uleb128 0xd
 1151 0ddb 53757370 		.string	"SuspendOSImask"
 1151      656E644F 
 1151      53496D61 
 1151      736B00
 1152 0dea 01       		.byte	0x1
 1153 0deb 3504     		.uahalf	0x435
 1154 0ded C30E0000 		.uaword	0xec3
 1155 0df1 02       		.byte	0x2
 1156 0df2 23       		.byte	0x23
 1157 0df3 08       		.uleb128 0x8
 1158 0df4 0D       		.uleb128 0xd
 1159 0df5 44697361 		.string	"DisableAllCount"
 1159      626C6541 
 1159      6C6C436F 
 1159      756E7400 
 1160 0e05 01       		.byte	0x1
GAS Infineon TriCore Little Endian C:\\Users\\user1\\AppData\\Local\\Temp\\rta_RTAOS_638388406317960277_1736001\\ccgNYPZ2.s 			page 27


 1161 0e06 3604     		.uahalf	0x436
 1162 0e08 C80E0000 		.uaword	0xec8
 1163 0e0c 02       		.byte	0x2
 1164 0e0d 23       		.byte	0x23
 1165 0e0e 0C       		.uleb128 0xc
 1166 0e0f 0D       		.uleb128 0xd
 1167 0e10 53757370 		.string	"SuspendAllCount"
 1167      656E6441 
 1167      6C6C436F 
 1167      756E7400 
 1168 0e20 01       		.byte	0x1
 1169 0e21 3704     		.uahalf	0x437
 1170 0e23 C80E0000 		.uaword	0xec8
 1171 0e27 02       		.byte	0x2
 1172 0e28 23       		.byte	0x23
 1173 0e29 10       		.uleb128 0x10
 1174 0e2a 0D       		.uleb128 0xd
 1175 0e2b 53757370 		.string	"SuspendOSCount"
 1175      656E644F 
 1175      53436F75 
 1175      6E7400
 1176 0e3a 01       		.byte	0x1
 1177 0e3b 3804     		.uahalf	0x438
 1178 0e3d C80E0000 		.uaword	0xec8
 1179 0e41 02       		.byte	0x2
 1180 0e42 23       		.byte	0x23
 1181 0e43 14       		.uleb128 0x14
 1182 0e44 0D       		.uleb128 0xd
 1183 0e45 4F727469 		.string	"OrtiApiID"
 1183      41706949 
 1183      4400
 1184 0e4f 01       		.byte	0x1
 1185 0e50 3904     		.uahalf	0x439
 1186 0e52 CD0E0000 		.uaword	0xecd
 1187 0e56 02       		.byte	0x2
 1188 0e57 23       		.byte	0x23
 1189 0e58 18       		.uleb128 0x18
 1190 0e59 0D       		.uleb128 0xd
 1191 0e5a 4F727469 		.string	"OrtiLastError"
 1191      4C617374 
 1191      4572726F 
 1191      7200
 1192 0e68 01       		.byte	0x1
 1193 0e69 3A04     		.uahalf	0x43a
 1194 0e6b 53020000 		.uaword	0x253
 1195 0e6f 02       		.byte	0x2
 1196 0e70 23       		.byte	0x23
 1197 0e71 19       		.uleb128 0x19
 1198 0e72 0D       		.uleb128 0xd
 1199 0e73 52657374 		.string	"RestartJumpBuf"
 1199      6172744A 
 1199      756D7042 
 1199      756600
 1200 0e82 01       		.byte	0x1
 1201 0e83 3B04     		.uahalf	0x43b
 1202 0e85 05030000 		.uaword	0x305
 1203 0e89 02       		.byte	0x2
GAS Infineon TriCore Little Endian C:\\Users\\user1\\AppData\\Local\\Temp\\rta_RTAOS_638388406317960277_1736001\\ccgNYPZ2.s 			page 28


 1204 0e8a 23       		.byte	0x23
 1205 0e8b 1C       		.uleb128 0x1c
 1206 0e8c 0D       		.uleb128 0xd
 1207 0e8d 52657374 		.string	"Restartable"
 1207      61727461 
 1207      626C6500 
 1208 0e99 01       		.byte	0x1
 1209 0e9a 3C04     		.uahalf	0x43c
 1210 0e9c 44020000 		.uaword	0x244
 1211 0ea0 02       		.byte	0x2
 1212 0ea1 23       		.byte	0x23
 1213 0ea2 60       		.uleb128 0x60
 1214 0ea3 0D       		.uleb128 0xd
 1215 0ea4 4C617374 		.string	"LastProtectionFault"
 1215      50726F74 
 1215      65637469 
 1215      6F6E4661 
 1215      756C7400 
 1216 0eb8 01       		.byte	0x1
 1217 0eb9 3D04     		.uahalf	0x43d
 1218 0ebb 53020000 		.uaword	0x253
 1219 0ebf 02       		.byte	0x2
 1220 0ec0 23       		.byte	0x23
 1221 0ec1 61       		.uleb128 0x61
 1222 0ec2 00       		.byte	0
 1223 0ec3 0B       		.uleb128 0xb
 1224 0ec4 13070000 		.uaword	0x713
 1225 0ec8 0B       		.uleb128 0xb
 1226 0ec9 C5010000 		.uaword	0x1c5
 1227 0ecd 0B       		.uleb128 0xb
 1228 0ece 380D0000 		.uaword	0xd38
 1229 0ed2 0A       		.uleb128 0xa
 1230 0ed3 4F735F41 		.string	"Os_AnyCoreType"
 1230      6E79436F 
 1230      72655479 
 1230      706500
 1231 0ee2 01       		.byte	0x1
 1232 0ee3 3E04     		.uahalf	0x43e
 1233 0ee5 8A0D0000 		.uaword	0xd8a
 1234 0ee9 0C       		.uleb128 0xc
 1235 0eea 4F735F43 		.string	"Os_CoreConfiguration_s"
 1235      6F726543 
 1235      6F6E6669 
 1235      67757261 
 1235      74696F6E 
 1236 0f01 18       		.byte	0x18
 1237 0f02 01       		.byte	0x1
 1238 0f03 4904     		.uahalf	0x449
 1239 0f05 830F0000 		.uaword	0xf83
 1240 0f09 0D       		.uleb128 0xd
 1241 0f0a 636F6E74 		.string	"controlled"
 1241      726F6C6C 
 1241      656400
 1242 0f15 01       		.byte	0x1
 1243 0f16 4A04     		.uahalf	0x44a
 1244 0f18 830F0000 		.uaword	0xf83
 1245 0f1c 02       		.byte	0x2
GAS Infineon TriCore Little Endian C:\\Users\\user1\\AppData\\Local\\Temp\\rta_RTAOS_638388406317960277_1736001\\ccgNYPZ2.s 			page 29


 1246 0f1d 23       		.byte	0x23
 1247 0f1e 00       		.uleb128 0
 1248 0f1f 0D       		.uleb128 0xd
 1249 0f20 616E7900 		.string	"any"
 1250 0f24 01       		.byte	0x1
 1251 0f25 4B04     		.uahalf	0x44b
 1252 0f27 8E0F0000 		.uaword	0xf8e
 1253 0f2b 02       		.byte	0x2
 1254 0f2c 23       		.byte	0x23
 1255 0f2d 04       		.uleb128 0x4
 1256 0f2e 0D       		.uleb128 0xd
 1257 0f2f 73746174 		.string	"state"
 1257      6500
 1258 0f35 01       		.byte	0x1
 1259 0f36 4C04     		.uahalf	0x44c
 1260 0f38 990F0000 		.uaword	0xf99
 1261 0f3c 02       		.byte	0x2
 1262 0f3d 23       		.byte	0x23
 1263 0f3e 08       		.uleb128 0x8
 1264 0f3f 0D       		.uleb128 0xd
 1265 0f40 64697370 		.string	"dispatch"
 1265      61746368 
 1265      00
 1266 0f49 01       		.byte	0x1
 1267 0f4a 4D04     		.uahalf	0x44d
 1268 0f4c B5030000 		.uaword	0x3b5
 1269 0f50 02       		.byte	0x2
 1270 0f51 23       		.byte	0x23
 1271 0f52 0C       		.uleb128 0xc
 1272 0f53 0D       		.uleb128 0xd
 1273 0f54 4F735F52 		.string	"Os_Res_Scheduler"
 1273      65735F53 
 1273      63686564 
 1273      756C6572 
 1273      00
 1274 0f65 01       		.byte	0x1
 1275 0f66 4E04     		.uahalf	0x44e
 1276 0f68 5B0C0000 		.uaword	0xc5b
 1277 0f6c 02       		.byte	0x2
 1278 0f6d 23       		.byte	0x23
 1279 0f6e 10       		.uleb128 0x10
 1280 0f6f 0D       		.uleb128 0xd
 1281 0f70 636F7265 		.string	"core_id"
 1281      5F696400 
 1282 0f78 01       		.byte	0x1
 1283 0f79 4F04     		.uahalf	0x44f
 1284 0f7b 6F040000 		.uaword	0x46f
 1285 0f7f 02       		.byte	0x2
 1286 0f80 23       		.byte	0x23
 1287 0f81 14       		.uleb128 0x14
 1288 0f82 00       		.byte	0
 1289 0f83 0F       		.uleb128 0xf
 1290 0f84 880F0000 		.uaword	0xf88
 1291 0f88 08       		.uleb128 0x8
 1292 0f89 04       		.byte	0x4
 1293 0f8a 6C0D0000 		.uaword	0xd6c
 1294 0f8e 0F       		.uleb128 0xf
GAS Infineon TriCore Little Endian C:\\Users\\user1\\AppData\\Local\\Temp\\rta_RTAOS_638388406317960277_1736001\\ccgNYPZ2.s 			page 30


 1295 0f8f 930F0000 		.uaword	0xf93
 1296 0f93 08       		.uleb128 0x8
 1297 0f94 04       		.byte	0x4
 1298 0f95 D20E0000 		.uaword	0xed2
 1299 0f99 0F       		.uleb128 0xf
 1300 0f9a 9E0F0000 		.uaword	0xf9e
 1301 0f9e 08       		.uleb128 0x8
 1302 0f9f 04       		.byte	0x4
 1303 0fa0 A40F0000 		.uaword	0xfa4
 1304 0fa4 0B       		.uleb128 0xb
 1305 0fa5 07040000 		.uaword	0x407
 1306 0fa9 0A       		.uleb128 0xa
 1307 0faa 4F735F43 		.string	"Os_CoreConfiguration"
 1307      6F726543 
 1307      6F6E6669 
 1307      67757261 
 1307      74696F6E 
 1308 0fbf 01       		.byte	0x1
 1309 0fc0 5004     		.uahalf	0x450
 1310 0fc2 E90E0000 		.uaword	0xee9
 1311 0fc6 14       		.uleb128 0x14
 1312 0fc7 01       		.byte	0x1
 1313 0fc8 4F735F52 		.string	"Os_ResumeAllInterrupts"
 1313      6573756D 
 1313      65416C6C 
 1313      496E7465 
 1313      72727570 
 1314 0fdf 01       		.byte	0x1
 1315 0fe0 5605     		.uahalf	0x556
 1316 0fe2 01       		.byte	0x1
 1317 0fe3 00000000 		.uaword	.LFB0
 1318 0fe7 00000000 		.uaword	.LFE0
 1319 0feb 02       		.byte	0x2
 1320 0fec 8A       		.byte	0x8a
 1321 0fed 00       		.sleb128 0
 1322 0fee 01       		.byte	0x1
 1323 0fef A0100000 		.uaword	0x10a0
 1324 0ff3 15       		.uleb128 0x15
 1325 0ff4 6F735F63 		.string	"os_current_core_const"
 1325      75727265 
 1325      6E745F63 
 1325      6F72655F 
 1325      636F6E73 
 1326 100a 01       		.byte	0x1
 1327 100b 5705     		.uahalf	0x557
 1328 100d A0100000 		.uaword	0x10a0
 1329 1011 16       		.uleb128 0x16
 1330 1012 6F735F63 		.string	"os_current_core"
 1330      75727265 
 1330      6E745F63 
 1330      6F726500 
 1331 1022 01       		.byte	0x1
 1332 1023 5805     		.uahalf	0x558
 1333 1025 930F0000 		.uaword	0xf93
 1334 1029 01       		.byte	0x1
 1335 102a 6F       		.byte	0x6f
 1336 102b 17       		.uleb128 0x17
GAS Infineon TriCore Little Endian C:\\Users\\user1\\AppData\\Local\\Temp\\rta_RTAOS_638388406317960277_1736001\\ccgNYPZ2.s 			page 31


 1337 102c 70726576 		.string	"previous_tmask"
 1337      696F7573 
 1337      5F746D61 
 1337      736B00
 1338 103b 01       		.byte	0x1
 1339 103c 5905     		.uahalf	0x559
 1340 103e F3030000 		.uaword	0x3f3
 1341 1042 00000000 		.uaword	.LLST0
 1342 1046 18       		.uleb128 0x18
 1343 1047 00000000 		.uaword	.LBB2
 1344 104b 00000000 		.uaword	.LBE2
 1345 104f 64100000 		.uaword	0x1064
 1346 1053 17       		.uleb128 0x17
 1347 1054 72657300 		.string	"res"
 1348 1058 01       		.byte	0x1
 1349 1059 5705     		.uahalf	0x557
 1350 105b D3010000 		.uaword	0x1d3
 1351 105f 00000000 		.uaword	.LLST1
 1352 1063 00       		.byte	0
 1353 1064 18       		.uleb128 0x18
 1354 1065 00000000 		.uaword	.LBB3
 1355 1069 00000000 		.uaword	.LBE3
 1356 106d 82100000 		.uaword	0x1082
 1357 1071 17       		.uleb128 0x17
 1358 1072 72657300 		.string	"res"
 1359 1076 01       		.byte	0x1
 1360 1077 5905     		.uahalf	0x559
 1361 1079 D3010000 		.uaword	0x1d3
 1362 107d 00000000 		.uaword	.LLST0
 1363 1081 00       		.byte	0
 1364 1082 19       		.uleb128 0x19
 1365 1083 00000000 		.uaword	.LBB4
 1366 1087 00000000 		.uaword	.LBE4
 1367 108b 17       		.uleb128 0x17
 1368 108c 6E657776 		.string	"newval"
 1368      616C00
 1369 1093 01       		.byte	0x1
 1370 1094 6105     		.uahalf	0x561
 1371 1096 D3010000 		.uaword	0x1d3
 1372 109a 00000000 		.uaword	.LLST3
 1373 109e 00       		.byte	0
 1374 109f 00       		.byte	0
 1375 10a0 08       		.uleb128 0x8
 1376 10a1 04       		.byte	0x4
 1377 10a2 A6100000 		.uaword	0x10a6
 1378 10a6 0F       		.uleb128 0xf
 1379 10a7 A90F0000 		.uaword	0xfa9
 1380 10ab 06       		.uleb128 0x6
 1381 10ac A90F0000 		.uaword	0xfa9
 1382 10b0 B6100000 		.uaword	0x10b6
 1383 10b4 1A       		.uleb128 0x1a
 1384 10b5 00       		.byte	0
 1385 10b6 1B       		.uleb128 0x1b
 1386 10b7 4F735F63 		.string	"Os_const_coreconfiguration"
 1386      6F6E7374 
 1386      5F636F72 
 1386      65636F6E 
GAS Infineon TriCore Little Endian C:\\Users\\user1\\AppData\\Local\\Temp\\rta_RTAOS_638388406317960277_1736001\\ccgNYPZ2.s 			page 32


 1386      66696775 
 1387 10d2 01       		.byte	0x1
 1388 10d3 6A04     		.uahalf	0x46a
 1389 10d5 DB100000 		.uaword	0x10db
 1390 10d9 01       		.byte	0x1
 1391 10da 01       		.byte	0x1
 1392 10db 0F       		.uleb128 0xf
 1393 10dc AB100000 		.uaword	0x10ab
 1394 10e0 00       		.byte	0
 1395              	.section .debug_abbrev,"",@progbits
 1396              	.Ldebug_abbrev0:
 1397 0000 01       		.uleb128 0x1
 1398 0001 11       		.uleb128 0x11
 1399 0002 01       		.byte	0x1
 1400 0003 25       		.uleb128 0x25
 1401 0004 08       		.uleb128 0x8
 1402 0005 13       		.uleb128 0x13
 1403 0006 0B       		.uleb128 0xb
 1404 0007 03       		.uleb128 0x3
 1405 0008 08       		.uleb128 0x8
 1406 0009 55       		.uleb128 0x55
 1407 000a 06       		.uleb128 0x6
 1408 000b 11       		.uleb128 0x11
 1409 000c 01       		.uleb128 0x1
 1410 000d 52       		.uleb128 0x52
 1411 000e 01       		.uleb128 0x1
 1412 000f 10       		.uleb128 0x10
 1413 0010 06       		.uleb128 0x6
 1414 0011 00       		.byte	0
 1415 0012 00       		.byte	0
 1416 0013 02       		.uleb128 0x2
 1417 0014 16       		.uleb128 0x16
 1418 0015 00       		.byte	0
 1419 0016 03       		.uleb128 0x3
 1420 0017 08       		.uleb128 0x8
 1421 0018 3A       		.uleb128 0x3a
 1422 0019 0B       		.uleb128 0xb
 1423 001a 3B       		.uleb128 0x3b
 1424 001b 0B       		.uleb128 0xb
 1425 001c 49       		.uleb128 0x49
 1426 001d 13       		.uleb128 0x13
 1427 001e 00       		.byte	0
 1428 001f 00       		.byte	0
 1429 0020 03       		.uleb128 0x3
 1430 0021 24       		.uleb128 0x24
 1431 0022 00       		.byte	0
 1432 0023 0B       		.uleb128 0xb
 1433 0024 0B       		.uleb128 0xb
 1434 0025 3E       		.uleb128 0x3e
 1435 0026 0B       		.uleb128 0xb
 1436 0027 03       		.uleb128 0x3
 1437 0028 08       		.uleb128 0x8
 1438 0029 00       		.byte	0
 1439 002a 00       		.byte	0
 1440 002b 04       		.uleb128 0x4
 1441 002c 13       		.uleb128 0x13
 1442 002d 01       		.byte	0x1
GAS Infineon TriCore Little Endian C:\\Users\\user1\\AppData\\Local\\Temp\\rta_RTAOS_638388406317960277_1736001\\ccgNYPZ2.s 			page 33


 1443 002e 0B       		.uleb128 0xb
 1444 002f 0B       		.uleb128 0xb
 1445 0030 3A       		.uleb128 0x3a
 1446 0031 0B       		.uleb128 0xb
 1447 0032 3B       		.uleb128 0x3b
 1448 0033 0B       		.uleb128 0xb
 1449 0034 01       		.uleb128 0x1
 1450 0035 13       		.uleb128 0x13
 1451 0036 00       		.byte	0
 1452 0037 00       		.byte	0
 1453 0038 05       		.uleb128 0x5
 1454 0039 0D       		.uleb128 0xd
 1455 003a 00       		.byte	0
 1456 003b 03       		.uleb128 0x3
 1457 003c 08       		.uleb128 0x8
 1458 003d 3A       		.uleb128 0x3a
 1459 003e 0B       		.uleb128 0xb
 1460 003f 3B       		.uleb128 0x3b
 1461 0040 0B       		.uleb128 0xb
 1462 0041 49       		.uleb128 0x49
 1463 0042 13       		.uleb128 0x13
 1464 0043 38       		.uleb128 0x38
 1465 0044 0A       		.uleb128 0xa
 1466 0045 00       		.byte	0
 1467 0046 00       		.byte	0
 1468 0047 06       		.uleb128 0x6
 1469 0048 01       		.uleb128 0x1
 1470 0049 01       		.byte	0x1
 1471 004a 49       		.uleb128 0x49
 1472 004b 13       		.uleb128 0x13
 1473 004c 01       		.uleb128 0x1
 1474 004d 13       		.uleb128 0x13
 1475 004e 00       		.byte	0
 1476 004f 00       		.byte	0
 1477 0050 07       		.uleb128 0x7
 1478 0051 21       		.uleb128 0x21
 1479 0052 00       		.byte	0
 1480 0053 49       		.uleb128 0x49
 1481 0054 13       		.uleb128 0x13
 1482 0055 2F       		.uleb128 0x2f
 1483 0056 0B       		.uleb128 0xb
 1484 0057 00       		.byte	0
 1485 0058 00       		.byte	0
 1486 0059 08       		.uleb128 0x8
 1487 005a 0F       		.uleb128 0xf
 1488 005b 00       		.byte	0
 1489 005c 0B       		.uleb128 0xb
 1490 005d 0B       		.uleb128 0xb
 1491 005e 49       		.uleb128 0x49
 1492 005f 13       		.uleb128 0x13
 1493 0060 00       		.byte	0
 1494 0061 00       		.byte	0
 1495 0062 09       		.uleb128 0x9
 1496 0063 15       		.uleb128 0x15
 1497 0064 00       		.byte	0
 1498 0065 27       		.uleb128 0x27
 1499 0066 0C       		.uleb128 0xc
GAS Infineon TriCore Little Endian C:\\Users\\user1\\AppData\\Local\\Temp\\rta_RTAOS_638388406317960277_1736001\\ccgNYPZ2.s 			page 34


 1500 0067 00       		.byte	0
 1501 0068 00       		.byte	0
 1502 0069 0A       		.uleb128 0xa
 1503 006a 16       		.uleb128 0x16
 1504 006b 00       		.byte	0
 1505 006c 03       		.uleb128 0x3
 1506 006d 08       		.uleb128 0x8
 1507 006e 3A       		.uleb128 0x3a
 1508 006f 0B       		.uleb128 0xb
 1509 0070 3B       		.uleb128 0x3b
 1510 0071 05       		.uleb128 0x5
 1511 0072 49       		.uleb128 0x49
 1512 0073 13       		.uleb128 0x13
 1513 0074 00       		.byte	0
 1514 0075 00       		.byte	0
 1515 0076 0B       		.uleb128 0xb
 1516 0077 35       		.uleb128 0x35
 1517 0078 00       		.byte	0
 1518 0079 49       		.uleb128 0x49
 1519 007a 13       		.uleb128 0x13
 1520 007b 00       		.byte	0
 1521 007c 00       		.byte	0
 1522 007d 0C       		.uleb128 0xc
 1523 007e 13       		.uleb128 0x13
 1524 007f 01       		.byte	0x1
 1525 0080 03       		.uleb128 0x3
 1526 0081 08       		.uleb128 0x8
 1527 0082 0B       		.uleb128 0xb
 1528 0083 0B       		.uleb128 0xb
 1529 0084 3A       		.uleb128 0x3a
 1530 0085 0B       		.uleb128 0xb
 1531 0086 3B       		.uleb128 0x3b
 1532 0087 05       		.uleb128 0x5
 1533 0088 01       		.uleb128 0x1
 1534 0089 13       		.uleb128 0x13
 1535 008a 00       		.byte	0
 1536 008b 00       		.byte	0
 1537 008c 0D       		.uleb128 0xd
 1538 008d 0D       		.uleb128 0xd
 1539 008e 00       		.byte	0
 1540 008f 03       		.uleb128 0x3
 1541 0090 08       		.uleb128 0x8
 1542 0091 3A       		.uleb128 0x3a
 1543 0092 0B       		.uleb128 0xb
 1544 0093 3B       		.uleb128 0x3b
 1545 0094 05       		.uleb128 0x5
 1546 0095 49       		.uleb128 0x49
 1547 0096 13       		.uleb128 0x13
 1548 0097 38       		.uleb128 0x38
 1549 0098 0A       		.uleb128 0xa
 1550 0099 00       		.byte	0
 1551 009a 00       		.byte	0
 1552 009b 0E       		.uleb128 0xe
 1553 009c 0D       		.uleb128 0xd
 1554 009d 00       		.byte	0
 1555 009e 03       		.uleb128 0x3
 1556 009f 0E       		.uleb128 0xe
GAS Infineon TriCore Little Endian C:\\Users\\user1\\AppData\\Local\\Temp\\rta_RTAOS_638388406317960277_1736001\\ccgNYPZ2.s 			page 35


 1557 00a0 3A       		.uleb128 0x3a
 1558 00a1 0B       		.uleb128 0xb
 1559 00a2 3B       		.uleb128 0x3b
 1560 00a3 05       		.uleb128 0x5
 1561 00a4 49       		.uleb128 0x49
 1562 00a5 13       		.uleb128 0x13
 1563 00a6 38       		.uleb128 0x38
 1564 00a7 0A       		.uleb128 0xa
 1565 00a8 00       		.byte	0
 1566 00a9 00       		.byte	0
 1567 00aa 0F       		.uleb128 0xf
 1568 00ab 26       		.uleb128 0x26
 1569 00ac 00       		.byte	0
 1570 00ad 49       		.uleb128 0x49
 1571 00ae 13       		.uleb128 0x13
 1572 00af 00       		.byte	0
 1573 00b0 00       		.byte	0
 1574 00b1 10       		.uleb128 0x10
 1575 00b2 17       		.uleb128 0x17
 1576 00b3 01       		.byte	0x1
 1577 00b4 0B       		.uleb128 0xb
 1578 00b5 0B       		.uleb128 0xb
 1579 00b6 3A       		.uleb128 0x3a
 1580 00b7 0B       		.uleb128 0xb
 1581 00b8 3B       		.uleb128 0x3b
 1582 00b9 05       		.uleb128 0x5
 1583 00ba 01       		.uleb128 0x1
 1584 00bb 13       		.uleb128 0x13
 1585 00bc 00       		.byte	0
 1586 00bd 00       		.byte	0
 1587 00be 11       		.uleb128 0x11
 1588 00bf 0D       		.uleb128 0xd
 1589 00c0 00       		.byte	0
 1590 00c1 03       		.uleb128 0x3
 1591 00c2 08       		.uleb128 0x8
 1592 00c3 3A       		.uleb128 0x3a
 1593 00c4 0B       		.uleb128 0xb
 1594 00c5 3B       		.uleb128 0x3b
 1595 00c6 05       		.uleb128 0x5
 1596 00c7 49       		.uleb128 0x49
 1597 00c8 13       		.uleb128 0x13
 1598 00c9 00       		.byte	0
 1599 00ca 00       		.byte	0
 1600 00cb 12       		.uleb128 0x12
 1601 00cc 0D       		.uleb128 0xd
 1602 00cd 00       		.byte	0
 1603 00ce 03       		.uleb128 0x3
 1604 00cf 0E       		.uleb128 0xe
 1605 00d0 3A       		.uleb128 0x3a
 1606 00d1 0B       		.uleb128 0xb
 1607 00d2 3B       		.uleb128 0x3b
 1608 00d3 05       		.uleb128 0x5
 1609 00d4 49       		.uleb128 0x49
 1610 00d5 13       		.uleb128 0x13
 1611 00d6 00       		.byte	0
 1612 00d7 00       		.byte	0
 1613 00d8 13       		.uleb128 0x13
GAS Infineon TriCore Little Endian C:\\Users\\user1\\AppData\\Local\\Temp\\rta_RTAOS_638388406317960277_1736001\\ccgNYPZ2.s 			page 36


 1614 00d9 13       		.uleb128 0x13
 1615 00da 01       		.byte	0x1
 1616 00db 0B       		.uleb128 0xb
 1617 00dc 0B       		.uleb128 0xb
 1618 00dd 3A       		.uleb128 0x3a
 1619 00de 0B       		.uleb128 0xb
 1620 00df 3B       		.uleb128 0x3b
 1621 00e0 05       		.uleb128 0x5
 1622 00e1 01       		.uleb128 0x1
 1623 00e2 13       		.uleb128 0x13
 1624 00e3 00       		.byte	0
 1625 00e4 00       		.byte	0
 1626 00e5 14       		.uleb128 0x14
 1627 00e6 2E       		.uleb128 0x2e
 1628 00e7 01       		.byte	0x1
 1629 00e8 3F       		.uleb128 0x3f
 1630 00e9 0C       		.uleb128 0xc
 1631 00ea 03       		.uleb128 0x3
 1632 00eb 08       		.uleb128 0x8
 1633 00ec 3A       		.uleb128 0x3a
 1634 00ed 0B       		.uleb128 0xb
 1635 00ee 3B       		.uleb128 0x3b
 1636 00ef 05       		.uleb128 0x5
 1637 00f0 27       		.uleb128 0x27
 1638 00f1 0C       		.uleb128 0xc
 1639 00f2 11       		.uleb128 0x11
 1640 00f3 01       		.uleb128 0x1
 1641 00f4 12       		.uleb128 0x12
 1642 00f5 01       		.uleb128 0x1
 1643 00f6 40       		.uleb128 0x40
 1644 00f7 0A       		.uleb128 0xa
 1645 00f8 9742     		.uleb128 0x2117
 1646 00fa 0C       		.uleb128 0xc
 1647 00fb 01       		.uleb128 0x1
 1648 00fc 13       		.uleb128 0x13
 1649 00fd 00       		.byte	0
 1650 00fe 00       		.byte	0
 1651 00ff 15       		.uleb128 0x15
 1652 0100 34       		.uleb128 0x34
 1653 0101 00       		.byte	0
 1654 0102 03       		.uleb128 0x3
 1655 0103 08       		.uleb128 0x8
 1656 0104 3A       		.uleb128 0x3a
 1657 0105 0B       		.uleb128 0xb
 1658 0106 3B       		.uleb128 0x3b
 1659 0107 05       		.uleb128 0x5
 1660 0108 49       		.uleb128 0x49
 1661 0109 13       		.uleb128 0x13
 1662 010a 00       		.byte	0
 1663 010b 00       		.byte	0
 1664 010c 16       		.uleb128 0x16
 1665 010d 34       		.uleb128 0x34
 1666 010e 00       		.byte	0
 1667 010f 03       		.uleb128 0x3
 1668 0110 08       		.uleb128 0x8
 1669 0111 3A       		.uleb128 0x3a
 1670 0112 0B       		.uleb128 0xb
GAS Infineon TriCore Little Endian C:\\Users\\user1\\AppData\\Local\\Temp\\rta_RTAOS_638388406317960277_1736001\\ccgNYPZ2.s 			page 37


 1671 0113 3B       		.uleb128 0x3b
 1672 0114 05       		.uleb128 0x5
 1673 0115 49       		.uleb128 0x49
 1674 0116 13       		.uleb128 0x13
 1675 0117 02       		.uleb128 0x2
 1676 0118 0A       		.uleb128 0xa
 1677 0119 00       		.byte	0
 1678 011a 00       		.byte	0
 1679 011b 17       		.uleb128 0x17
 1680 011c 34       		.uleb128 0x34
 1681 011d 00       		.byte	0
 1682 011e 03       		.uleb128 0x3
 1683 011f 08       		.uleb128 0x8
 1684 0120 3A       		.uleb128 0x3a
 1685 0121 0B       		.uleb128 0xb
 1686 0122 3B       		.uleb128 0x3b
 1687 0123 05       		.uleb128 0x5
 1688 0124 49       		.uleb128 0x49
 1689 0125 13       		.uleb128 0x13
 1690 0126 02       		.uleb128 0x2
 1691 0127 06       		.uleb128 0x6
 1692 0128 00       		.byte	0
 1693 0129 00       		.byte	0
 1694 012a 18       		.uleb128 0x18
 1695 012b 0B       		.uleb128 0xb
 1696 012c 01       		.byte	0x1
 1697 012d 11       		.uleb128 0x11
 1698 012e 01       		.uleb128 0x1
 1699 012f 12       		.uleb128 0x12
 1700 0130 01       		.uleb128 0x1
 1701 0131 01       		.uleb128 0x1
 1702 0132 13       		.uleb128 0x13
 1703 0133 00       		.byte	0
 1704 0134 00       		.byte	0
 1705 0135 19       		.uleb128 0x19
 1706 0136 0B       		.uleb128 0xb
 1707 0137 01       		.byte	0x1
 1708 0138 11       		.uleb128 0x11
 1709 0139 01       		.uleb128 0x1
 1710 013a 12       		.uleb128 0x12
 1711 013b 01       		.uleb128 0x1
 1712 013c 00       		.byte	0
 1713 013d 00       		.byte	0
 1714 013e 1A       		.uleb128 0x1a
 1715 013f 21       		.uleb128 0x21
 1716 0140 00       		.byte	0
 1717 0141 00       		.byte	0
 1718 0142 00       		.byte	0
 1719 0143 1B       		.uleb128 0x1b
 1720 0144 34       		.uleb128 0x34
 1721 0145 00       		.byte	0
 1722 0146 03       		.uleb128 0x3
 1723 0147 08       		.uleb128 0x8
 1724 0148 3A       		.uleb128 0x3a
 1725 0149 0B       		.uleb128 0xb
 1726 014a 3B       		.uleb128 0x3b
 1727 014b 05       		.uleb128 0x5
GAS Infineon TriCore Little Endian C:\\Users\\user1\\AppData\\Local\\Temp\\rta_RTAOS_638388406317960277_1736001\\ccgNYPZ2.s 			page 38


 1728 014c 49       		.uleb128 0x49
 1729 014d 13       		.uleb128 0x13
 1730 014e 3F       		.uleb128 0x3f
 1731 014f 0C       		.uleb128 0xc
 1732 0150 3C       		.uleb128 0x3c
 1733 0151 0C       		.uleb128 0xc
 1734 0152 00       		.byte	0
 1735 0153 00       		.byte	0
 1736 0154 00       		.byte	0
 1737              	.section .debug_loc,"",@progbits
 1738              	.Ldebug_loc0:
 1739              	.LLST0:
 1740 0000 00000000 		.uaword	.LVL2
 1741 0004 00000000 		.uaword	.LVL3
 1742 0008 0100     		.uahalf	0x1
 1743 000a 5F       		.byte	0x5f
 1744 000b 00000000 		.uaword	0
 1745 000f 00000000 		.uaword	0
 1746              	.LLST1:
 1747 0013 00000000 		.uaword	.LVL0
 1748 0017 00000000 		.uaword	.LVL2
 1749 001b 0100     		.uahalf	0x1
 1750 001d 5F       		.byte	0x5f
 1751 001e 00000000 		.uaword	0
 1752 0022 00000000 		.uaword	0
 1753              	.LLST3:
 1754 0026 00000000 		.uaword	.LVL4
 1755 002a 00000000 		.uaword	.LVL5
 1756 002e 0100     		.uahalf	0x1
 1757 0030 5F       		.byte	0x5f
 1758 0031 00000000 		.uaword	0
 1759 0035 00000000 		.uaword	0
 1760              	.section .debug_aranges,"",@progbits
 1761 0000 1C000000 		.uaword	0x1c
 1762 0004 0200     		.uahalf	0x2
 1763 0006 00000000 		.uaword	.Ldebug_info0
 1764 000a 04       		.byte	0x4
 1765 000b 00       		.byte	0
 1766 000c 0000     		.uahalf	0
 1767 000e 0000     		.uahalf	0
 1768 0010 00000000 		.uaword	.LFB0
 1769 0014 44000000 		.uaword	.LFE0-.LFB0
 1770 0018 00000000 		.uaword	0
 1771 001c 00000000 		.uaword	0
 1772              	.section .debug_ranges,"",@progbits
 1773              	.Ldebug_ranges0:
 1774 0000 00000000 		.uaword	.LFB0
 1775 0004 00000000 		.uaword	.LFE0
 1776 0008 00000000 		.uaword	0
 1777 000c 00000000 		.uaword	0
 1778              	.section .debug_line,"",@progbits
 1779              	.Ldebug_line0:
 1780 0000 3F010000 	.section .debug_str,"",@progbits
 1780      02001901 
 1780      00000201 
 1780      FB0E0D00 
 1780      01010101 
GAS Infineon TriCore Little Endian C:\\Users\\user1\\AppData\\Local\\Temp\\rta_RTAOS_638388406317960277_1736001\\ccgNYPZ2.s 			page 39


 1781              	.LASF4:
 1782 0000 6170706C 		.string	"application"
 1782      69636174 
 1782      696F6E00 
 1783              	.LASF2:
 1784 000c 64796E61 		.string	"dynamic"
 1784      6D696300 
 1785              	.LASF5:
 1786 0014 61637469 		.string	"activation_count"
 1786      76617469 
 1786      6F6E5F63 
 1786      6F756E74 
 1786      00
 1787              	.LASF6:
 1788 0025 74706D61 		.string	"tpmask"
 1788      736B00
 1789              	.LASF1:
 1790 002c 656E7472 		.string	"entry_function"
 1790      795F6675 
 1790      6E637469 
 1790      6F6E00
 1791              	.LASF3:
 1792 003b 61636365 		.string	"access"
 1792      737300
 1793              	.LASF0:
 1794 0042 7265736F 		.string	"resource_count"
 1794      75726365 
 1794      5F636F75 
 1794      6E7400
 1795              		.extern	Os_const_coreconfiguration,STT_OBJECT,-1
 1796              		.ident	"GCC: (HighTec Release HDP-v4.9.4.1-11fcedf) 4.9.4 build on 2020-09-01"
