GAS Infineon TriCore Little Endian C:\\Users\\user1\\AppData\\Local\\Temp\\rta_RTAOS_638388406317960277_1736001\\ccHs8sdv.s 			page 1


   1              		.file	"SetEvent.c"
   2              	.section .text,"ax",@progbits
   3              	.Ltext0:
   4              	.section .text.Os_SetEvent,"ax",@progbits
   5              		.align 1
   6              		.global	Os_SetEvent
   7              		.type	Os_SetEvent, @function
   8              	Os_SetEvent:
   9              	.LFB0:
  10              		.file 1 "C:\\Users\\user1\\AppData\\Local\\Temp\\rta_RTAOS_638388406317960277_1736001\\SetEvent.c"
  11              		.loc 1 1368 0
  12              	.LVL0:
  13 0000 2010     		sub.a	%SP, 16
  14              	.LCFI0:
  15              		.loc 1 1368 0
  16 0002 B5A40C00 		st.a	[%SP] 12, %a4
  17 0006 0247     		mov	%d7, %d4
  18              	.LBB2:
  19              		.loc 1 1371 0
  20              	#APP
  21              		# 1371 "C:\Users\user1\AppData\Local\Temp\rta_RTAOS_638388406317960277_1736001\SetEvent.c" 1
  22 0008 4DC0E1FF 		mfcr %d15,0xfe1c
  23              		# 0 "" 2
  24              	.LVL1:
  25              	#NO_APP
  26              	.LBE2:
  27              		.loc 1 1372 0
  28 000c 910000F0 		movh.a	%a15, hi:Os_const_coreconfiguration
  29 0010 80F3     		mov.d	%d3, %a15
  30 0012 1B030020 		addi	%d2, %d3, lo:Os_const_coreconfiguration
  31 0016 138F2132 		madd	%d3, %d2, %d15, 24
  32 001a 603F     		mov.a	%a15, %d3
  33 001c C81F     		ld.a	%a15, [%a15] 4
  34              	.LVL2:
  35              	.LBB3:
  36              		.loc 1 1373 0
  37              	#APP
  38              		# 1373 "C:\Users\user1\AppData\Local\Temp\rta_RTAOS_638388406317960277_1736001\SetEvent.c" 1
  39 001e 4D40E0FF 		mfcr %d15,0xfe04
  40              		# 0 "" 2
  41              	.LVL3:
  42              	#NO_APP
  43              	.LBE3:
  44              		.loc 1 1374 0
  45 0022 AEB3     		jnz.t	%d15, 11, .L2
  46              		.loc 1 1374 0 is_stmt 0 discriminator 1
  47              	#APP
  48              		# 1374 "C:\Users\user1\AppData\Local\Temp\rta_RTAOS_638388406317960277_1736001\SetEvent.c" 1
  49 0024 AD008000 		syscall 0
  50              		# 0 "" 2
  51              	#NO_APP
  52              	.L2:
  53              	.LBB4:
  54              		.loc 1 1375 0 is_stmt 1
  55              	#APP
  56              		# 1375 "C:\Users\user1\AppData\Local\Temp\rta_RTAOS_638388406317960277_1736001\SetEvent.c" 1
  57 0028 4DC0E2FF 		mfcr %d15,0xFE2C
GAS Infineon TriCore Little Endian C:\\Users\\user1\\AppData\\Local\\Temp\\rta_RTAOS_638388406317960277_1736001\\ccHs8sdv.s 			page 2


  58              		# 0 "" 2
  59              	.LVL4:
  60              	#NO_APP
  61              	.LBE4:
  62              	#APP
  63              		# 1375 "C:\Users\user1\AppData\Local\Temp\rta_RTAOS_638388406317960277_1736001\SetEvent.c" 1
  64 002c 0D004003 		disable
  65              		# 0 "" 2
  66              	.LVL5:
  67              	#NO_APP
  68              	.LBB5:
  69 0030 BBF00F28 		mov.u	%d2, 33023
  70              	#APP
  71              		# 1375 "C:\Users\user1\AppData\Local\Temp\rta_RTAOS_638388406317960277_1736001\SetEvent.c" 1
  72 0034 CDC2E20F 		mtcr 0xFE2C,%d2
  73              		# 0 "" 2
  74              	#NO_APP
  75              	.LBE5:
  76              	#APP
  77              		# 1375 "C:\Users\user1\AppData\Local\Temp\rta_RTAOS_638388406317960277_1736001\SetEvent.c" 1
  78 0038 0D00C004 		isync
  79              		# 0 "" 2
  80              		.loc 1 1376 0
  81              	#NO_APP
  82 003c 3B100720 		mov	%d2, 113
  83 0040 E9F21800 		st.b	[%a15] 24, %d2
  84              	.LVL6:
  85              		.loc 1 1378 0
  86 0044 8202     		mov	%d2, 0
  87 0046 74A2     		st.w	[%SP]0, %d2
****  Notice:Optimizing st.w-@wd -> st.w-@d
  88 0048 8214     		mov	%d4, 1
  89              	.LVL7:
  90 004a 3B800350 		mov	%d5, 56
  91 004e 19A60C00 		ld.w	%d6, [%SP] 12
  92 0052 6D000000 		call	Os_ErrorLog
****  Notice:Expanding call-R -> call-O
  93              	.LVL8:
  94              	.LBB6:
  95              		.loc 1 1380 0
  96              	#APP
  97              		# 1380 "C:\Users\user1\AppData\Local\Temp\rta_RTAOS_638388406317960277_1736001\SetEvent.c" 1
  98 0056 CDCFE20F 		mtcr 0xFE2C,%d15
  99              		# 0 "" 2
 100              	#NO_APP
 101              	.LBE6:
 102              	#APP
 103              		# 1380 "C:\Users\user1\AppData\Local\Temp\rta_RTAOS_638388406317960277_1736001\SetEvent.c" 1
 104 005a 0D00C004 		isync
 105              		# 0 "" 2
 106              		.loc 1 1381 0
 107              	#NO_APP
 108 005e DA70     		mov	%d15, 112
 109              	.LVL9:
 110 0060 E9FF1800 		st.b	[%a15] 24, %d15
 111              		.loc 1 1384 0
 112 0064 8212     		mov	%d2, 1
GAS Infineon TriCore Little Endian C:\\Users\\user1\\AppData\\Local\\Temp\\rta_RTAOS_638388406317960277_1736001\\ccHs8sdv.s 			page 3


 113 0066 0090     		ret
 114              	.LFE0:
 115              		.size	Os_SetEvent, .-Os_SetEvent
 116              	.section .debug_frame,"",@progbits
 117              	.Lframe0:
 118 0000 0C000000 		.uaword	.LECIE0-.LSCIE0
 119              	.LSCIE0:
 120 0004 FFFFFFFF 		.uaword	0xffffffff
 121 0008 01       		.byte	0x1
 122 0009 00       		.string	""
 123 000a 01       		.uleb128 0x1
 124 000b 01       		.sleb128 1
 125 000c 1B       		.byte	0x1b
 126 000d 0C       		.byte	0xc
 127 000e 1A       		.uleb128 0x1a
 128 000f 00       		.uleb128 0
 129              		.align 2
 130              	.LECIE0:
 131              	.LSFDE0:
 132 0010 10000000 		.uaword	.LEFDE0-.LASFDE0
 133              	.LASFDE0:
 134 0014 00000000 		.uaword	.Lframe0
 135 0018 00000000 		.uaword	.LFB0
 136 001c 68000000 		.uaword	.LFE0-.LFB0
 137 0020 42       		.byte	0x4
 138              		.uaword	.LCFI0-.LFB0
 139 0021 0E       		.byte	0xe
 140 0022 10       		.uleb128 0x10
 141 0023 00       		.align 2
 142              	.LEFDE0:
 143              	.section .text,"ax",@progbits
 144              	.Letext0:
 145              		.file 2 "D:\\home\\user123\\user\\Mohan6_VectorSIP\\21Dec23\\15Dec23_CAN_merge_21stDec\\25_Softwar
 146              		.file 3 "D:\\home\\user123\\user\\Mohan6_VectorSIP\\21Dec23\\15Dec23_CAN_merge_21stDec\\25_Softwar
 147              	.section .debug_info,"",@progbits
 148              	.Ldebug_info0:
 149 0000 C8110000 		.uaword	0x11c8
 150 0004 0200     		.uahalf	0x2
 151 0006 00000000 		.uaword	.Ldebug_abbrev0
 152 000a 04       		.byte	0x4
 153 000b 01       		.uleb128 0x1
 154 000c 474E5520 		.ascii	"GNU C 4."
 154      4320342E 
 155 0014 392E3420 		.string	"9.4 build on 2020-09-01 -mlicense-dir=c:\\hightec\\toolchains\\tricore\\v4.9.4.1\\bin\\..
 155      6275696C 
 155      64206F6E 
 155      20323032 
 155      302D3039 
 156 0115 01       		.byte	0x1
 157 0116 433A5C55 		.string	"C:\\Users\\user1\\AppData\\Local\\Temp\\rta_RTAOS_638388406317960277_1736001\\SetEvent.c"
 157      73657273 
 157      5C757365 
 157      72315C41 
 157      70704461 
 158 0168 00000000 		.uaword	.Ldebug_ranges0+0
 159 016c 00000000 		.uaword	0
 160 0170 00000000 		.uaword	0
GAS Infineon TriCore Little Endian C:\\Users\\user1\\AppData\\Local\\Temp\\rta_RTAOS_638388406317960277_1736001\\ccHs8sdv.s 			page 4


 161 0174 00000000 		.uaword	.Ldebug_line0
 162 0178 02       		.uleb128 0x2
 163 0179 75696E74 		.string	"uint8"
 163      3800
 164 017f 02       		.byte	0x2
 165 0180 34       		.byte	0x34
 166 0181 85010000 		.uaword	0x185
 167 0185 03       		.uleb128 0x3
 168 0186 01       		.byte	0x1
 169 0187 08       		.byte	0x8
 170 0188 756E7369 		.string	"unsigned char"
 170      676E6564 
 170      20636861 
 170      7200
 171 0196 02       		.uleb128 0x2
 172 0197 75696E74 		.string	"uint16"
 172      313600
 173 019e 02       		.byte	0x2
 174 019f 35       		.byte	0x35
 175 01a0 A4010000 		.uaword	0x1a4
 176 01a4 03       		.uleb128 0x3
 177 01a5 02       		.byte	0x2
 178 01a6 07       		.byte	0x7
 179 01a7 73686F72 		.string	"short unsigned int"
 179      7420756E 
 179      7369676E 
 179      65642069 
 179      6E7400
 180 01ba 02       		.uleb128 0x2
 181 01bb 75696E74 		.string	"uint32"
 181      333200
 182 01c2 02       		.byte	0x2
 183 01c3 36       		.byte	0x36
 184 01c4 C8010000 		.uaword	0x1c8
 185 01c8 03       		.uleb128 0x3
 186 01c9 04       		.byte	0x4
 187 01ca 07       		.byte	0x7
 188 01cb 756E7369 		.string	"unsigned int"
 188      676E6564 
 188      20696E74 
 188      00
 189 01d8 03       		.uleb128 0x3
 190 01d9 01       		.byte	0x1
 191 01da 06       		.byte	0x6
 192 01db 7369676E 		.string	"signed char"
 192      65642063 
 192      68617200 
 193 01e7 03       		.uleb128 0x3
 194 01e8 02       		.byte	0x2
 195 01e9 05       		.byte	0x5
 196 01ea 73686F72 		.string	"short int"
 196      7420696E 
 196      7400
 197 01f4 03       		.uleb128 0x3
 198 01f5 04       		.byte	0x4
 199 01f6 05       		.byte	0x5
 200 01f7 696E7400 		.string	"int"
GAS Infineon TriCore Little Endian C:\\Users\\user1\\AppData\\Local\\Temp\\rta_RTAOS_638388406317960277_1736001\\ccHs8sdv.s 			page 5


 201 01fb 03       		.uleb128 0x3
 202 01fc 04       		.byte	0x4
 203 01fd 04       		.byte	0x4
 204 01fe 666C6F61 		.string	"float"
 204      7400
 205 0204 03       		.uleb128 0x3
 206 0205 08       		.byte	0x8
 207 0206 04       		.byte	0x4
 208 0207 646F7562 		.string	"double"
 208      6C6500
 209 020e 03       		.uleb128 0x3
 210 020f 08       		.byte	0x8
 211 0210 05       		.byte	0x5
 212 0211 6C6F6E67 		.string	"long long int"
 212      206C6F6E 
 212      6720696E 
 212      7400
 213 021f 03       		.uleb128 0x3
 214 0220 08       		.byte	0x8
 215 0221 07       		.byte	0x7
 216 0222 6C6F6E67 		.string	"long long unsigned int"
 216      206C6F6E 
 216      6720756E 
 216      7369676E 
 216      65642069 
 217 0239 02       		.uleb128 0x2
 218 023a 626F6F6C 		.string	"boolean"
 218      65616E00 
 219 0242 02       		.byte	0x2
 220 0243 49       		.byte	0x49
 221 0244 85010000 		.uaword	0x185
 222 0248 02       		.uleb128 0x2
 223 0249 53746174 		.string	"StatusType"
 223      75735479 
 223      706500
 224 0254 03       		.byte	0x3
 225 0255 28       		.byte	0x28
 226 0256 85010000 		.uaword	0x185
 227 025a 04       		.uleb128 0x4
 228 025b 08       		.byte	0x8
 229 025c 01       		.byte	0x1
 230 025d 7C       		.byte	0x7c
 231 025e 99020000 		.uaword	0x299
 232 0262 05       		.uleb128 0x5
 233 0263 436C6173 		.string	"Class"
 233      7300
 234 0269 01       		.byte	0x1
 235 026a 7D       		.byte	0x7d
 236 026b 78010000 		.uaword	0x178
 237 026f 02       		.byte	0x2
 238 0270 23       		.byte	0x23
 239 0271 00       		.uleb128 0
 240 0272 05       		.uleb128 0x5
 241 0273 54494E00 		.string	"TIN"
 242 0277 01       		.byte	0x1
 243 0278 7E       		.byte	0x7e
 244 0279 78010000 		.uaword	0x178
GAS Infineon TriCore Little Endian C:\\Users\\user1\\AppData\\Local\\Temp\\rta_RTAOS_638388406317960277_1736001\\ccHs8sdv.s 			page 6


 245 027d 02       		.byte	0x2
 246 027e 23       		.byte	0x23
 247 027f 01       		.uleb128 0x1
 248 0280 05       		.uleb128 0x5
 249 0281 52657475 		.string	"ReturnAddress"
 249      726E4164 
 249      64726573 
 249      7300
 250 028f 01       		.byte	0x1
 251 0290 7F       		.byte	0x7f
 252 0291 BA010000 		.uaword	0x1ba
 253 0295 02       		.byte	0x2
 254 0296 23       		.byte	0x23
 255 0297 04       		.uleb128 0x4
 256 0298 00       		.byte	0
 257 0299 02       		.uleb128 0x2
 258 029a 4F735472 		.string	"OsTrapInfoType"
 258      6170496E 
 258      666F5479 
 258      706500
 259 02a9 01       		.byte	0x1
 260 02aa 80       		.byte	0x80
 261 02ab 5A020000 		.uaword	0x25a
 262 02af 02       		.uleb128 0x2
 263 02b0 75696E74 		.string	"uint32_aligned"
 263      33325F61 
 263      6C69676E 
 263      656400
 264 02bf 01       		.byte	0x1
 265 02c0 86       		.byte	0x86
 266 02c1 BA010000 		.uaword	0x1ba
 267 02c5 04       		.uleb128 0x4
 268 02c6 44       		.byte	0x44
 269 02c7 01       		.byte	0x1
 270 02c8 AB       		.byte	0xab
 271 02c9 DE020000 		.uaword	0x2de
 272 02cd 05       		.uleb128 0x5
 273 02ce 73746F72 		.string	"store"
 273      6500
 274 02d4 01       		.byte	0x1
 275 02d5 AC       		.byte	0xac
 276 02d6 DE020000 		.uaword	0x2de
 277 02da 02       		.byte	0x2
 278 02db 23       		.byte	0x23
 279 02dc 00       		.uleb128 0
 280 02dd 00       		.byte	0
 281 02de 06       		.uleb128 0x6
 282 02df BA010000 		.uaword	0x1ba
 283 02e3 EE020000 		.uaword	0x2ee
 284 02e7 07       		.uleb128 0x7
 285 02e8 EE020000 		.uaword	0x2ee
 286 02ec 10       		.byte	0x10
 287 02ed 00       		.byte	0
 288 02ee 03       		.uleb128 0x3
 289 02ef 04       		.byte	0x4
 290 02f0 07       		.byte	0x7
 291 02f1 73697A65 		.string	"sizetype"
GAS Infineon TriCore Little Endian C:\\Users\\user1\\AppData\\Local\\Temp\\rta_RTAOS_638388406317960277_1736001\\ccHs8sdv.s 			page 7


 291      74797065 
 291      00
 292 02fa 02       		.uleb128 0x2
 293 02fb 4F735F4A 		.string	"Os_JumpBufType"
 293      756D7042 
 293      75665479 
 293      706500
 294 030a 01       		.byte	0x1
 295 030b AD       		.byte	0xad
 296 030c 10030000 		.uaword	0x310
 297 0310 06       		.uleb128 0x6
 298 0311 C5020000 		.uaword	0x2c5
 299 0315 20030000 		.uaword	0x320
 300 0319 07       		.uleb128 0x7
 301 031a EE020000 		.uaword	0x2ee
 302 031e 00       		.byte	0
 303 031f 00       		.byte	0
 304 0320 02       		.uleb128 0x2
 305 0321 4F735F52 		.string	"Os_ResourceCountType"
 305      65736F75 
 305      72636543 
 305      6F756E74 
 305      54797065 
 306 0336 01       		.byte	0x1
 307 0337 BE       		.byte	0xbe
 308 0338 85010000 		.uaword	0x185
 309 033c 02       		.uleb128 0x2
 310 033d 4F735F53 		.string	"Os_StackTraceType"
 310      7461636B 
 310      54726163 
 310      65547970 
 310      6500
 311 034f 01       		.byte	0x1
 312 0350 BF       		.byte	0xbf
 313 0351 C8010000 		.uaword	0x1c8
 314 0355 04       		.uleb128 0x4
 315 0356 08       		.byte	0x8
 316 0357 01       		.byte	0x1
 317 0358 C0       		.byte	0xc0
 318 0359 79030000 		.uaword	0x379
 319 035d 05       		.uleb128 0x5
 320 035e 737000   		.string	"sp"
 321 0361 01       		.byte	0x1
 322 0362 C0       		.byte	0xc0
 323 0363 3C030000 		.uaword	0x33c
 324 0367 02       		.byte	0x2
 325 0368 23       		.byte	0x23
 326 0369 00       		.uleb128 0
 327 036a 05       		.uleb128 0x5
 328 036b 63747800 		.string	"ctx"
 329 036f 01       		.byte	0x1
 330 0370 C0       		.byte	0xc0
 331 0371 3C030000 		.uaword	0x33c
 332 0375 02       		.byte	0x2
 333 0376 23       		.byte	0x23
 334 0377 04       		.uleb128 0x4
 335 0378 00       		.byte	0
GAS Infineon TriCore Little Endian C:\\Users\\user1\\AppData\\Local\\Temp\\rta_RTAOS_638388406317960277_1736001\\ccHs8sdv.s 			page 8


 336 0379 02       		.uleb128 0x2
 337 037a 4F735F53 		.string	"Os_StackValueType"
 337      7461636B 
 337      56616C75 
 337      65547970 
 337      6500
 338 038c 01       		.byte	0x1
 339 038d C0       		.byte	0xc0
 340 038e 55030000 		.uaword	0x355
 341 0392 02       		.uleb128 0x2
 342 0393 4F735F53 		.string	"Os_StackSizeType"
 342      7461636B 
 342      53697A65 
 342      54797065 
 342      00
 343 03a4 01       		.byte	0x1
 344 03a5 C1       		.byte	0xc1
 345 03a6 79030000 		.uaword	0x379
 346 03aa 02       		.uleb128 0x2
 347 03ab 4F735F56 		.string	"Os_VoidVoidFunctionType"
 347      6F696456 
 347      6F696446 
 347      756E6374 
 347      696F6E54 
 348 03c3 01       		.byte	0x1
 349 03c4 C7       		.byte	0xc7
 350 03c5 C9030000 		.uaword	0x3c9
 351 03c9 08       		.uleb128 0x8
 352 03ca 04       		.byte	0x4
 353 03cb CF030000 		.uaword	0x3cf
 354 03cf 09       		.uleb128 0x9
 355 03d0 01       		.byte	0x1
 356 03d1 02       		.uleb128 0x2
 357 03d2 4170706C 		.string	"ApplicationType"
 357      69636174 
 357      696F6E54 
 357      79706500 
 358 03e2 01       		.byte	0x1
 359 03e3 D5       		.byte	0xd5
 360 03e4 85010000 		.uaword	0x185
 361 03e8 02       		.uleb128 0x2
 362 03e9 4F735F74 		.string	"Os_tmaskType"
 362      6D61736B 
 362      54797065 
 362      00
 363 03f6 01       		.byte	0x1
 364 03f7 D9       		.byte	0xd9
 365 03f8 BA010000 		.uaword	0x1ba
 366 03fc 02       		.uleb128 0x2
 367 03fd 4F735F43 		.string	"Os_CoreStateType"
 367      6F726553 
 367      74617465 
 367      54797065 
 367      00
 368 040e 01       		.byte	0x1
 369 040f E7       		.byte	0xe7
 370 0410 BA010000 		.uaword	0x1ba
GAS Infineon TriCore Little Endian C:\\Users\\user1\\AppData\\Local\\Temp\\rta_RTAOS_638388406317960277_1736001\\ccHs8sdv.s 			page 9


 371 0414 02       		.uleb128 0x2
 372 0415 4F735F53 		.string	"Os_StopwatchTickType"
 372      746F7077 
 372      61746368 
 372      5469636B 
 372      54797065 
 373 042a 01       		.byte	0x1
 374 042b FD       		.byte	0xfd
 375 042c C8010000 		.uaword	0x1c8
 376 0430 0A       		.uleb128 0xa
 377 0431 4F735F54 		.string	"Os_TerminatorType"
 377      65726D69 
 377      6E61746F 
 377      72547970 
 377      6500
 378 0443 01       		.byte	0x1
 379 0444 0201     		.uahalf	0x102
 380 0446 4A040000 		.uaword	0x44a
 381 044a 08       		.uleb128 0x8
 382 044b 04       		.byte	0x4
 383 044c FA020000 		.uaword	0x2fa
 384 0450 0A       		.uleb128 0xa
 385 0451 4F735F4C 		.string	"Os_Lockable"
 385      6F636B61 
 385      626C6500 
 386 045d 01       		.byte	0x1
 387 045e 0701     		.uahalf	0x107
 388 0460 AF020000 		.uaword	0x2af
 389 0464 0A       		.uleb128 0xa
 390 0465 436F7265 		.string	"CoreIdType"
 390      49645479 
 390      706500
 391 0470 01       		.byte	0x1
 392 0471 0901     		.uahalf	0x109
 393 0473 96010000 		.uaword	0x196
 394 0477 0B       		.uleb128 0xb
 395 0478 50040000 		.uaword	0x450
 396 047c 0C       		.uleb128 0xc
 397 047d 4F735F43 		.string	"Os_ControlledCoreType_s"
 397      6F6E7472 
 397      6F6C6C65 
 397      64436F72 
 397      65547970 
 398 0495 58       		.byte	0x58
 399 0496 01       		.byte	0x1
 400 0497 1004     		.uahalf	0x410
 401 0499 7A060000 		.uaword	0x67a
 402 049d 0D       		.uleb128 0xd
 403 049e 54726170 		.string	"TrapInfo"
 403      496E666F 
 403      00
 404 04a7 01       		.byte	0x1
 405 04a8 1104     		.uahalf	0x411
 406 04aa 99020000 		.uaword	0x299
 407 04ae 02       		.byte	0x2
 408 04af 23       		.byte	0x23
 409 04b0 00       		.uleb128 0
GAS Infineon TriCore Little Endian C:\\Users\\user1\\AppData\\Local\\Temp\\rta_RTAOS_638388406317960277_1736001\\ccHs8sdv.s 			page 10


 410 04b1 0D       		.uleb128 0xd
 411 04b2 4572726F 		.string	"ErrorInformation"
 411      72496E66 
 411      6F726D61 
 411      74696F6E 
 411      00
 412 04c3 01       		.byte	0x1
 413 04c4 1204     		.uahalf	0x412
 414 04c6 230D0000 		.uaword	0xd23
 415 04ca 02       		.byte	0x2
 416 04cb 23       		.byte	0x23
 417 04cc 08       		.uleb128 0x8
 418 04cd 0D       		.uleb128 0xd
 419 04ce 6C6F636B 		.string	"lock_taskaccess"
 419      5F746173 
 419      6B616363 
 419      65737300 
 420 04de 01       		.byte	0x1
 421 04df 1304     		.uahalf	0x413
 422 04e1 77040000 		.uaword	0x477
 423 04e5 02       		.byte	0x2
 424 04e6 23       		.byte	0x23
 425 04e7 18       		.uleb128 0x18
 426 04e8 0D       		.uleb128 0xd
 427 04e9 52656164 		.string	"ReadyTasks"
 427      79546173 
 427      6B7300
 428 04f4 01       		.byte	0x1
 429 04f5 1404     		.uahalf	0x414
 430 04f7 590D0000 		.uaword	0xd59
 431 04fb 02       		.byte	0x2
 432 04fc 23       		.byte	0x23
 433 04fd 1C       		.uleb128 0x1c
 434 04fe 0D       		.uleb128 0xd
 435 04ff 52756E6E 		.string	"RunningISR"
 435      696E6749 
 435      535200
 436 050a 01       		.byte	0x1
 437 050b 1504     		.uahalf	0x415
 438 050d 5E0D0000 		.uaword	0xd5e
 439 0511 02       		.byte	0x2
 440 0512 23       		.byte	0x23
 441 0513 20       		.uleb128 0x20
 442 0514 0D       		.uleb128 0xd
 443 0515 52756E6E 		.string	"RunningTask"
 443      696E6754 
 443      61736B00 
 444 0521 01       		.byte	0x1
 445 0522 1604     		.uahalf	0x416
 446 0524 630D0000 		.uaword	0xd63
 447 0528 02       		.byte	0x2
 448 0529 23       		.byte	0x23
 449 052a 24       		.uleb128 0x24
 450 052b 0D       		.uleb128 0xd
 451 052c 52756E6E 		.string	"RunningTPMask"
 451      696E6754 
 451      504D6173 
GAS Infineon TriCore Little Endian C:\\Users\\user1\\AppData\\Local\\Temp\\rta_RTAOS_638388406317960277_1736001\\ccHs8sdv.s 			page 11


 451      6B00
 452 053a 01       		.byte	0x1
 453 053b 1704     		.uahalf	0x417
 454 053d 680D0000 		.uaword	0xd68
 455 0541 02       		.byte	0x2
 456 0542 23       		.byte	0x23
 457 0543 28       		.uleb128 0x28
 458 0544 0D       		.uleb128 0xd
 459 0545 5465726D 		.string	"TerminatingTasks"
 459      696E6174 
 459      696E6754 
 459      61736B73 
 459      00
 460 0556 01       		.byte	0x1
 461 0557 1804     		.uahalf	0x418
 462 0559 590D0000 		.uaword	0xd59
 463 055d 02       		.byte	0x2
 464 055e 23       		.byte	0x23
 465 055f 2C       		.uleb128 0x2c
 466 0560 0D       		.uleb128 0xd
 467 0561 4170706C 		.string	"Application"
 467      69636174 
 467      696F6E00 
 468 056d 01       		.byte	0x1
 469 056e 1904     		.uahalf	0x419
 470 0570 D1030000 		.uaword	0x3d1
 471 0574 02       		.byte	0x2
 472 0575 23       		.byte	0x23
 473 0576 30       		.uleb128 0x30
 474 0577 0D       		.uleb128 0xd
 475 0578 43757272 		.string	"CurrentTerminator"
 475      656E7454 
 475      65726D69 
 475      6E61746F 
 475      7200
 476 058a 01       		.byte	0x1
 477 058b 1A04     		.uahalf	0x41a
 478 058d 6D0D0000 		.uaword	0xd6d
 479 0591 02       		.byte	0x2
 480 0592 23       		.byte	0x23
 481 0593 34       		.uleb128 0x34
 482 0594 0D       		.uleb128 0xd
 483 0595 43757272 		.string	"CurrentMeteredObject"
 483      656E744D 
 483      65746572 
 483      65644F62 
 483      6A656374 
 484 05aa 01       		.byte	0x1
 485 05ab 1B04     		.uahalf	0x41b
 486 05ad E6060000 		.uaword	0x6e6
 487 05b1 02       		.byte	0x2
 488 05b2 23       		.byte	0x23
 489 05b3 38       		.uleb128 0x38
 490 05b4 0D       		.uleb128 0xd
 491 05b5 49646C65 		.string	"IdleMeter"
 491      4D657465 
 491      7200
GAS Infineon TriCore Little Endian C:\\Users\\user1\\AppData\\Local\\Temp\\rta_RTAOS_638388406317960277_1736001\\ccHs8sdv.s 			page 12


 492 05bf 01       		.byte	0x1
 493 05c0 1C04     		.uahalf	0x41c
 494 05c2 CD060000 		.uaword	0x6cd
 495 05c6 02       		.byte	0x2
 496 05c7 23       		.byte	0x23
 497 05c8 3C       		.uleb128 0x3c
 498 05c9 0D       		.uleb128 0xd
 499 05ca 41707041 		.string	"AppAccess"
 499      63636573 
 499      7300
 500 05d4 01       		.byte	0x1
 501 05d5 1D04     		.uahalf	0x41d
 502 05d7 78010000 		.uaword	0x178
 503 05db 02       		.byte	0x2
 504 05dc 23       		.byte	0x23
 505 05dd 48       		.uleb128 0x48
 506 05de 0D       		.uleb128 0xd
 507 05df 4170704F 		.string	"AppOverride"
 507      76657272 
 507      69646500 
 508 05eb 01       		.byte	0x1
 509 05ec 1E04     		.uahalf	0x41e
 510 05ee 720D0000 		.uaword	0xd72
 511 05f2 02       		.byte	0x2
 512 05f3 23       		.byte	0x23
 513 05f4 49       		.uleb128 0x49
 514 05f5 0D       		.uleb128 0xd
 515 05f6 47657453 		.string	"GetStackValueAdjust"
 515      7461636B 
 515      56616C75 
 515      6541646A 
 515      75737400 
 516 060a 01       		.byte	0x1
 517 060b 1F04     		.uahalf	0x41f
 518 060d 92030000 		.uaword	0x392
 519 0611 02       		.byte	0x2
 520 0612 23       		.byte	0x23
 521 0613 4C       		.uleb128 0x4c
 522 0614 0D       		.uleb128 0xd
 523 0615 496E4572 		.string	"InErrorHook"
 523      726F7248 
 523      6F6F6B00 
 524 0621 01       		.byte	0x1
 525 0622 2004     		.uahalf	0x420
 526 0624 39020000 		.uaword	0x239
 527 0628 02       		.byte	0x2
 528 0629 23       		.byte	0x23
 529 062a 54       		.uleb128 0x54
 530 062b 0D       		.uleb128 0xd
 531 062c 496E5072 		.string	"InProtectionHook"
 531      6F746563 
 531      74696F6E 
 531      486F6F6B 
 531      00
 532 063d 01       		.byte	0x1
 533 063e 2104     		.uahalf	0x421
 534 0640 39020000 		.uaword	0x239
GAS Infineon TriCore Little Endian C:\\Users\\user1\\AppData\\Local\\Temp\\rta_RTAOS_638388406317960277_1736001\\ccHs8sdv.s 			page 13


 535 0644 02       		.byte	0x2
 536 0645 23       		.byte	0x23
 537 0646 55       		.uleb128 0x55
 538 0647 0D       		.uleb128 0xd
 539 0648 436F7265 		.string	"CoreIsActive"
 539      49734163 
 539      74697665 
 539      00
 540 0655 01       		.byte	0x1
 541 0656 2204     		.uahalf	0x422
 542 0658 39020000 		.uaword	0x239
 543 065c 02       		.byte	0x2
 544 065d 23       		.byte	0x23
 545 065e 56       		.uleb128 0x56
 546 065f 0D       		.uleb128 0xd
 547 0660 496E5368 		.string	"InShutdownHook"
 547      7574646F 
 547      776E486F 
 547      6F6B00
 548 066f 01       		.byte	0x1
 549 0670 2304     		.uahalf	0x423
 550 0672 39020000 		.uaword	0x239
 551 0676 02       		.byte	0x2
 552 0677 23       		.byte	0x23
 553 0678 57       		.uleb128 0x57
 554 0679 00       		.byte	0
 555 067a 0C       		.uleb128 0xc
 556 067b 4F735F4D 		.string	"Os_MeterInfoType_s"
 556      65746572 
 556      496E666F 
 556      54797065 
 556      5F7300
 557 068e 0C       		.byte	0xc
 558 068f 01       		.byte	0x1
 559 0690 7201     		.uahalf	0x172
 560 0692 CD060000 		.uaword	0x6cd
 561 0696 0D       		.uleb128 0xd
 562 0697 656C6170 		.string	"elapsed"
 562      73656400 
 563 069f 01       		.byte	0x1
 564 06a0 7301     		.uahalf	0x173
 565 06a2 14040000 		.uaword	0x414
 566 06a6 02       		.byte	0x2
 567 06a7 23       		.byte	0x23
 568 06a8 00       		.uleb128 0
 569 06a9 0D       		.uleb128 0xd
 570 06aa 70726576 		.string	"previous"
 570      696F7573 
 570      00
 571 06b3 01       		.byte	0x1
 572 06b4 7401     		.uahalf	0x174
 573 06b6 14040000 		.uaword	0x414
 574 06ba 02       		.byte	0x2
 575 06bb 23       		.byte	0x23
 576 06bc 04       		.uleb128 0x4
 577 06bd 0D       		.uleb128 0xd
 578 06be 6D617800 		.string	"max"
GAS Infineon TriCore Little Endian C:\\Users\\user1\\AppData\\Local\\Temp\\rta_RTAOS_638388406317960277_1736001\\ccHs8sdv.s 			page 14


 579 06c2 01       		.byte	0x1
 580 06c3 7501     		.uahalf	0x175
 581 06c5 14040000 		.uaword	0x414
 582 06c9 02       		.byte	0x2
 583 06ca 23       		.byte	0x23
 584 06cb 08       		.uleb128 0x8
 585 06cc 00       		.byte	0
 586 06cd 0A       		.uleb128 0xa
 587 06ce 4F735F4D 		.string	"Os_MeterInfoType"
 587      65746572 
 587      496E666F 
 587      54797065 
 587      00
 588 06df 01       		.byte	0x1
 589 06e0 7601     		.uahalf	0x176
 590 06e2 7A060000 		.uaword	0x67a
 591 06e6 0A       		.uleb128 0xa
 592 06e7 4F735F4D 		.string	"Os_MeterInfoRefType"
 592      65746572 
 592      496E666F 
 592      52656654 
 592      79706500 
 593 06fb 01       		.byte	0x1
 594 06fc 7701     		.uahalf	0x177
 595 06fe 02070000 		.uaword	0x702
 596 0702 08       		.uleb128 0x8
 597 0703 04       		.byte	0x4
 598 0704 CD060000 		.uaword	0x6cd
 599 0708 0A       		.uleb128 0xa
 600 0709 4576656E 		.string	"EventMaskType"
 600      744D6173 
 600      6B547970 
 600      6500
 601 0717 01       		.byte	0x1
 602 0718 7A01     		.uahalf	0x17a
 603 071a 78010000 		.uaword	0x178
 604 071e 0A       		.uleb128 0xa
 605 071f 4F735F69 		.string	"Os_imaskType"
 605      6D61736B 
 605      54797065 
 605      00
 606 072c 01       		.byte	0x1
 607 072d 7F01     		.uahalf	0x17f
 608 072f BA010000 		.uaword	0x1ba
 609 0733 0C       		.uleb128 0xc
 610 0734 4F735F49 		.string	"Os_ISRDynType_s"
 610      53524479 
 610      6E547970 
 610      655F7300 
 611 0744 10       		.byte	0x10
 612 0745 01       		.byte	0x1
 613 0746 8101     		.uahalf	0x181
 614 0748 84070000 		.uaword	0x784
 615 074c 0E       		.uleb128 0xe
 616 074d 00000000 		.uaword	.LASF0
 617 0751 01       		.byte	0x1
 618 0752 8201     		.uahalf	0x182
GAS Infineon TriCore Little Endian C:\\Users\\user1\\AppData\\Local\\Temp\\rta_RTAOS_638388406317960277_1736001\\ccHs8sdv.s 			page 15


 619 0754 20030000 		.uaword	0x320
 620 0758 02       		.byte	0x2
 621 0759 23       		.byte	0x23
 622 075a 00       		.uleb128 0
 623 075b 0D       		.uleb128 0xd
 624 075c 7465726D 		.string	"terminating"
 624      696E6174 
 624      696E6700 
 625 0768 01       		.byte	0x1
 626 0769 8301     		.uahalf	0x183
 627 076b 39020000 		.uaword	0x239
 628 076f 02       		.byte	0x2
 629 0770 23       		.byte	0x23
 630 0771 01       		.uleb128 0x1
 631 0772 0D       		.uleb128 0xd
 632 0773 6D657465 		.string	"meter"
 632      7200
 633 0779 01       		.byte	0x1
 634 077a 8401     		.uahalf	0x184
 635 077c CD060000 		.uaword	0x6cd
 636 0780 02       		.byte	0x2
 637 0781 23       		.byte	0x23
 638 0782 04       		.uleb128 0x4
 639 0783 00       		.byte	0
 640 0784 0A       		.uleb128 0xa
 641 0785 4F735F49 		.string	"Os_ISRDynType"
 641      53524479 
 641      6E547970 
 641      6500
 642 0793 01       		.byte	0x1
 643 0794 8501     		.uahalf	0x185
 644 0796 33070000 		.uaword	0x733
 645 079a 0A       		.uleb128 0xa
 646 079b 4F735F49 		.string	"Os_IsrTerminatedFunctionType"
 646      73725465 
 646      726D696E 
 646      61746564 
 646      46756E63 
 647 07b8 01       		.byte	0x1
 648 07b9 8601     		.uahalf	0x186
 649 07bb C9030000 		.uaword	0x3c9
 650 07bf 0C       		.uleb128 0xc
 651 07c0 4F735F49 		.string	"Os_ISRType_s"
 651      53525479 
 651      70655F73 
 651      00
 652 07cd 18       		.byte	0x18
 653 07ce 01       		.byte	0x1
 654 07cf 8701     		.uahalf	0x187
 655 07d1 53080000 		.uaword	0x853
 656 07d5 0E       		.uleb128 0xe
 657 07d6 00000000 		.uaword	.LASF1
 658 07da 01       		.byte	0x1
 659 07db 8801     		.uahalf	0x188
 660 07dd AA030000 		.uaword	0x3aa
 661 07e1 02       		.byte	0x2
 662 07e2 23       		.byte	0x23
GAS Infineon TriCore Little Endian C:\\Users\\user1\\AppData\\Local\\Temp\\rta_RTAOS_638388406317960277_1736001\\ccHs8sdv.s 			page 16


 663 07e3 00       		.uleb128 0
 664 07e4 0D       		.uleb128 0xd
 665 07e5 7465726D 		.string	"terminated_function"
 665      696E6174 
 665      65645F66 
 665      756E6374 
 665      696F6E00 
 666 07f9 01       		.byte	0x1
 667 07fa 8901     		.uahalf	0x189
 668 07fc 9A070000 		.uaword	0x79a
 669 0800 02       		.byte	0x2
 670 0801 23       		.byte	0x23
 671 0802 04       		.uleb128 0x4
 672 0803 0E       		.uleb128 0xe
 673 0804 00000000 		.uaword	.LASF2
 674 0808 01       		.byte	0x1
 675 0809 8A01     		.uahalf	0x18a
 676 080b 53080000 		.uaword	0x853
 677 080f 02       		.byte	0x2
 678 0810 23       		.byte	0x23
 679 0811 08       		.uleb128 0x8
 680 0812 0D       		.uleb128 0xd
 681 0813 696D6173 		.string	"imask"
 681      6B00
 682 0819 01       		.byte	0x1
 683 081a 8B01     		.uahalf	0x18b
 684 081c 1E070000 		.uaword	0x71e
 685 0820 02       		.byte	0x2
 686 0821 23       		.byte	0x23
 687 0822 0C       		.uleb128 0xc
 688 0823 0D       		.uleb128 0xd
 689 0824 696E6465 		.string	"index"
 689      7800
 690 082a 01       		.byte	0x1
 691 082b 8C01     		.uahalf	0x18c
 692 082d BA010000 		.uaword	0x1ba
 693 0831 02       		.byte	0x2
 694 0832 23       		.byte	0x23
 695 0833 10       		.uleb128 0x10
 696 0834 0E       		.uleb128 0xe
 697 0835 00000000 		.uaword	.LASF3
 698 0839 01       		.byte	0x1
 699 083a 8D01     		.uahalf	0x18d
 700 083c 78010000 		.uaword	0x178
 701 0840 02       		.byte	0x2
 702 0841 23       		.byte	0x23
 703 0842 14       		.uleb128 0x14
 704 0843 0E       		.uleb128 0xe
 705 0844 00000000 		.uaword	.LASF4
 706 0848 01       		.byte	0x1
 707 0849 8E01     		.uahalf	0x18e
 708 084b D1030000 		.uaword	0x3d1
 709 084f 02       		.byte	0x2
 710 0850 23       		.byte	0x23
 711 0851 15       		.uleb128 0x15
 712 0852 00       		.byte	0
 713 0853 0F       		.uleb128 0xf
GAS Infineon TriCore Little Endian C:\\Users\\user1\\AppData\\Local\\Temp\\rta_RTAOS_638388406317960277_1736001\\ccHs8sdv.s 			page 17


 714 0854 58080000 		.uaword	0x858
 715 0858 08       		.uleb128 0x8
 716 0859 04       		.byte	0x4
 717 085a 84070000 		.uaword	0x784
 718 085e 0A       		.uleb128 0xa
 719 085f 4F735F49 		.string	"Os_ISRType"
 719      53525479 
 719      706500
 720 086a 01       		.byte	0x1
 721 086b 8F01     		.uahalf	0x18f
 722 086d BF070000 		.uaword	0x7bf
 723 0871 0A       		.uleb128 0xa
 724 0872 49535254 		.string	"ISRType"
 724      79706500 
 725 087a 01       		.byte	0x1
 726 087b 9001     		.uahalf	0x190
 727 087d 81080000 		.uaword	0x881
 728 0881 08       		.uleb128 0x8
 729 0882 04       		.byte	0x4
 730 0883 87080000 		.uaword	0x887
 731 0887 0F       		.uleb128 0xf
 732 0888 5E080000 		.uaword	0x85e
 733 088c 0A       		.uleb128 0xa
 734 088d 4F735F62 		.string	"Os_bitmask"
 734      69746D61 
 734      736B00
 735 0898 01       		.byte	0x1
 736 0899 A201     		.uahalf	0x1a2
 737 089b C8010000 		.uaword	0x1c8
 738 089f 0A       		.uleb128 0xa
 739 08a0 4F735F70 		.string	"Os_pset0Type"
 739      73657430 
 739      54797065 
 739      00
 740 08ad 01       		.byte	0x1
 741 08ae A301     		.uahalf	0x1a3
 742 08b0 8C080000 		.uaword	0x88c
 743 08b4 0A       		.uleb128 0xa
 744 08b5 4F735F70 		.string	"Os_pset1Type"
 744      73657431 
 744      54797065 
 744      00
 745 08c2 01       		.byte	0x1
 746 08c3 A401     		.uahalf	0x1a4
 747 08c5 8C080000 		.uaword	0x88c
 748 08c9 0A       		.uleb128 0xa
 749 08ca 4F735F70 		.string	"Os_pset2Type"
 749      73657432 
 749      54797065 
 749      00
 750 08d7 01       		.byte	0x1
 751 08d8 A501     		.uahalf	0x1a5
 752 08da 8C080000 		.uaword	0x88c
 753 08de 10       		.uleb128 0x10
 754 08df 04       		.byte	0x4
 755 08e0 01       		.byte	0x1
 756 08e1 A601     		.uahalf	0x1a6
GAS Infineon TriCore Little Endian C:\\Users\\user1\\AppData\\Local\\Temp\\rta_RTAOS_638388406317960277_1736001\\ccHs8sdv.s 			page 18


 757 08e3 09090000 		.uaword	0x909
 758 08e7 11       		.uleb128 0x11
 759 08e8 703000   		.string	"p0"
 760 08eb 01       		.byte	0x1
 761 08ec A701     		.uahalf	0x1a7
 762 08ee 9F080000 		.uaword	0x89f
 763 08f2 11       		.uleb128 0x11
 764 08f3 703100   		.string	"p1"
 765 08f6 01       		.byte	0x1
 766 08f7 A801     		.uahalf	0x1a8
 767 08f9 B4080000 		.uaword	0x8b4
 768 08fd 11       		.uleb128 0x11
 769 08fe 703200   		.string	"p2"
 770 0901 01       		.byte	0x1
 771 0902 A901     		.uahalf	0x1a9
 772 0904 C9080000 		.uaword	0x8c9
 773 0908 00       		.byte	0
 774 0909 0A       		.uleb128 0xa
 775 090a 4F735F70 		.string	"Os_psetType"
 775      73657454 
 775      79706500 
 776 0916 01       		.byte	0x1
 777 0917 AA01     		.uahalf	0x1aa
 778 0919 DE080000 		.uaword	0x8de
 779 091d 10       		.uleb128 0x10
 780 091e 04       		.byte	0x4
 781 091f 01       		.byte	0x1
 782 0920 AC01     		.uahalf	0x1ac
 783 0922 48090000 		.uaword	0x948
 784 0926 11       		.uleb128 0x11
 785 0927 743000   		.string	"t0"
 786 092a 01       		.byte	0x1
 787 092b AD01     		.uahalf	0x1ad
 788 092d 8C080000 		.uaword	0x88c
 789 0931 11       		.uleb128 0x11
 790 0932 743100   		.string	"t1"
 791 0935 01       		.byte	0x1
 792 0936 AE01     		.uahalf	0x1ae
 793 0938 8C080000 		.uaword	0x88c
 794 093c 11       		.uleb128 0x11
 795 093d 743200   		.string	"t2"
 796 0940 01       		.byte	0x1
 797 0941 AF01     		.uahalf	0x1af
 798 0943 8C080000 		.uaword	0x88c
 799 0947 00       		.byte	0
 800 0948 0A       		.uleb128 0xa
 801 0949 4F735F74 		.string	"Os_tpmaskType"
 801      706D6173 
 801      6B547970 
 801      6500
 802 0957 01       		.byte	0x1
 803 0958 B001     		.uahalf	0x1b0
 804 095a 1D090000 		.uaword	0x91d
 805 095e 0A       		.uleb128 0xa
 806 095f 4F735F41 		.string	"Os_ActivationCountType"
 806      63746976 
 806      6174696F 
GAS Infineon TriCore Little Endian C:\\Users\\user1\\AppData\\Local\\Temp\\rta_RTAOS_638388406317960277_1736001\\ccHs8sdv.s 			page 19


 806      6E436F75 
 806      6E745479 
 807 0976 01       		.byte	0x1
 808 0977 B101     		.uahalf	0x1b1
 809 0979 85010000 		.uaword	0x185
 810 097d 0C       		.uleb128 0xc
 811 097e 4F735F54 		.string	"Os_TaskDynType_s"
 811      61736B44 
 811      796E5479 
 811      70655F73 
 811      00
 812 098f 5C       		.byte	0x5c
 813 0990 01       		.byte	0x1
 814 0991 B301     		.uahalf	0x1b3
 815 0993 380A0000 		.uaword	0xa38
 816 0997 0D       		.uleb128 0xd
 817 0998 6C617374 		.string	"last_activation"
 817      5F616374 
 817      69766174 
 817      696F6E00 
 818 09a8 01       		.byte	0x1
 819 09a9 B401     		.uahalf	0x1b4
 820 09ab 14040000 		.uaword	0x414
 821 09af 02       		.byte	0x2
 822 09b0 23       		.byte	0x23
 823 09b1 00       		.uleb128 0
 824 09b2 0D       		.uleb128 0xd
 825 09b3 7465726D 		.string	"terminate_jump_buf"
 825      696E6174 
 825      655F6A75 
 825      6D705F62 
 825      756600
 826 09c6 01       		.byte	0x1
 827 09c7 B501     		.uahalf	0x1b5
 828 09c9 FA020000 		.uaword	0x2fa
 829 09cd 02       		.byte	0x2
 830 09ce 23       		.byte	0x23
 831 09cf 04       		.uleb128 0x4
 832 09d0 0D       		.uleb128 0xd
 833 09d1 6D657465 		.string	"meter"
 833      7200
 834 09d7 01       		.byte	0x1
 835 09d8 B601     		.uahalf	0x1b6
 836 09da CD060000 		.uaword	0x6cd
 837 09de 02       		.byte	0x2
 838 09df 23       		.byte	0x23
 839 09e0 48       		.uleb128 0x48
 840 09e1 0D       		.uleb128 0xd
 841 09e2 7365656E 		.string	"seen_activation"
 841      5F616374 
 841      69766174 
 841      696F6E00 
 842 09f2 01       		.byte	0x1
 843 09f3 B701     		.uahalf	0x1b7
 844 09f5 39020000 		.uaword	0x239
 845 09f9 02       		.byte	0x2
 846 09fa 23       		.byte	0x23
GAS Infineon TriCore Little Endian C:\\Users\\user1\\AppData\\Local\\Temp\\rta_RTAOS_638388406317960277_1736001\\ccHs8sdv.s 			page 20


 847 09fb 54       		.uleb128 0x54
 848 09fc 0E       		.uleb128 0xe
 849 09fd 00000000 		.uaword	.LASF5
 850 0a01 01       		.byte	0x1
 851 0a02 B801     		.uahalf	0x1b8
 852 0a04 5E090000 		.uaword	0x95e
 853 0a08 02       		.byte	0x2
 854 0a09 23       		.byte	0x23
 855 0a0a 55       		.uleb128 0x55
 856 0a0b 0E       		.uleb128 0xe
 857 0a0c 00000000 		.uaword	.LASF0
 858 0a10 01       		.byte	0x1
 859 0a11 B901     		.uahalf	0x1b9
 860 0a13 20030000 		.uaword	0x320
 861 0a17 02       		.byte	0x2
 862 0a18 23       		.byte	0x23
 863 0a19 56       		.uleb128 0x56
 864 0a1a 0D       		.uleb128 0xd
 865 0a1b 7465726D 		.string	"termination_state"
 865      696E6174 
 865      696F6E5F 
 865      73746174 
 865      6500
 866 0a2d 01       		.byte	0x1
 867 0a2e BA01     		.uahalf	0x1ba
 868 0a30 BA010000 		.uaword	0x1ba
 869 0a34 02       		.byte	0x2
 870 0a35 23       		.byte	0x23
 871 0a36 58       		.uleb128 0x58
 872 0a37 00       		.byte	0
 873 0a38 0A       		.uleb128 0xa
 874 0a39 4F735F54 		.string	"Os_TaskDynType"
 874      61736B44 
 874      796E5479 
 874      706500
 875 0a48 01       		.byte	0x1
 876 0a49 BB01     		.uahalf	0x1bb
 877 0a4b 7D090000 		.uaword	0x97d
 878 0a4f 0C       		.uleb128 0xc
 879 0a50 4F735F54 		.string	"Os_TaskType_s"
 879      61736B54 
 879      7970655F 
 879      7300
 880 0a5e 20       		.byte	0x20
 881 0a5f 01       		.byte	0x1
 882 0a60 BD01     		.uahalf	0x1bd
 883 0a62 0C0B0000 		.uaword	0xb0c
 884 0a66 0E       		.uleb128 0xe
 885 0a67 00000000 		.uaword	.LASF2
 886 0a6b 01       		.byte	0x1
 887 0a6c BE01     		.uahalf	0x1be
 888 0a6e 0C0B0000 		.uaword	0xb0c
 889 0a72 02       		.byte	0x2
 890 0a73 23       		.byte	0x23
 891 0a74 00       		.uleb128 0
 892 0a75 0E       		.uleb128 0xe
 893 0a76 00000000 		.uaword	.LASF1
GAS Infineon TriCore Little Endian C:\\Users\\user1\\AppData\\Local\\Temp\\rta_RTAOS_638388406317960277_1736001\\ccHs8sdv.s 			page 21


 894 0a7a 01       		.byte	0x1
 895 0a7b BF01     		.uahalf	0x1bf
 896 0a7d AA030000 		.uaword	0x3aa
 897 0a81 02       		.byte	0x2
 898 0a82 23       		.byte	0x23
 899 0a83 04       		.uleb128 0x4
 900 0a84 0D       		.uleb128 0xd
 901 0a85 70736574 		.string	"pset"
 901      00
 902 0a8a 01       		.byte	0x1
 903 0a8b C001     		.uahalf	0x1c0
 904 0a8d 09090000 		.uaword	0x909
 905 0a91 02       		.byte	0x2
 906 0a92 23       		.byte	0x23
 907 0a93 08       		.uleb128 0x8
 908 0a94 0D       		.uleb128 0xd
 909 0a95 62617365 		.string	"base_tpmask"
 909      5F74706D 
 909      61736B00 
 910 0aa1 01       		.byte	0x1
 911 0aa2 C101     		.uahalf	0x1c1
 912 0aa4 48090000 		.uaword	0x948
 913 0aa8 02       		.byte	0x2
 914 0aa9 23       		.byte	0x23
 915 0aaa 0C       		.uleb128 0xc
 916 0aab 0E       		.uleb128 0xe
 917 0aac 00000000 		.uaword	.LASF6
 918 0ab0 01       		.byte	0x1
 919 0ab1 C201     		.uahalf	0x1c2
 920 0ab3 48090000 		.uaword	0x948
 921 0ab7 02       		.byte	0x2
 922 0ab8 23       		.byte	0x23
 923 0ab9 10       		.uleb128 0x10
 924 0aba 0D       		.uleb128 0xd
 925 0abb 636F7265 		.string	"core_id"
 925      5F696400 
 926 0ac3 01       		.byte	0x1
 927 0ac4 C301     		.uahalf	0x1c3
 928 0ac6 64040000 		.uaword	0x464
 929 0aca 02       		.byte	0x2
 930 0acb 23       		.byte	0x23
 931 0acc 14       		.uleb128 0x14
 932 0acd 0D       		.uleb128 0xd
 933 0ace 696E6465 		.string	"index"
 933      7800
 934 0ad4 01       		.byte	0x1
 935 0ad5 C401     		.uahalf	0x1c4
 936 0ad7 BA010000 		.uaword	0x1ba
 937 0adb 02       		.byte	0x2
 938 0adc 23       		.byte	0x23
 939 0add 18       		.uleb128 0x18
 940 0ade 0E       		.uleb128 0xe
 941 0adf 00000000 		.uaword	.LASF5
 942 0ae3 01       		.byte	0x1
 943 0ae4 C501     		.uahalf	0x1c5
 944 0ae6 5E090000 		.uaword	0x95e
 945 0aea 02       		.byte	0x2
GAS Infineon TriCore Little Endian C:\\Users\\user1\\AppData\\Local\\Temp\\rta_RTAOS_638388406317960277_1736001\\ccHs8sdv.s 			page 22


 946 0aeb 23       		.byte	0x23
 947 0aec 1C       		.uleb128 0x1c
 948 0aed 0E       		.uleb128 0xe
 949 0aee 00000000 		.uaword	.LASF3
 950 0af2 01       		.byte	0x1
 951 0af3 C601     		.uahalf	0x1c6
 952 0af5 78010000 		.uaword	0x178
 953 0af9 02       		.byte	0x2
 954 0afa 23       		.byte	0x23
 955 0afb 1D       		.uleb128 0x1d
 956 0afc 0E       		.uleb128 0xe
 957 0afd 00000000 		.uaword	.LASF4
 958 0b01 01       		.byte	0x1
 959 0b02 C701     		.uahalf	0x1c7
 960 0b04 D1030000 		.uaword	0x3d1
 961 0b08 02       		.byte	0x2
 962 0b09 23       		.byte	0x23
 963 0b0a 1E       		.uleb128 0x1e
 964 0b0b 00       		.byte	0
 965 0b0c 0F       		.uleb128 0xf
 966 0b0d 110B0000 		.uaword	0xb11
 967 0b11 08       		.uleb128 0x8
 968 0b12 04       		.byte	0x4
 969 0b13 380A0000 		.uaword	0xa38
 970 0b17 0A       		.uleb128 0xa
 971 0b18 4F735F54 		.string	"Os_TaskType"
 971      61736B54 
 971      79706500 
 972 0b24 01       		.byte	0x1
 973 0b25 C801     		.uahalf	0x1c8
 974 0b27 4F0A0000 		.uaword	0xa4f
 975 0b2b 0A       		.uleb128 0xa
 976 0b2c 5461736B 		.string	"TaskType"
 976      54797065 
 976      00
 977 0b35 01       		.byte	0x1
 978 0b36 C901     		.uahalf	0x1c9
 979 0b38 3C0B0000 		.uaword	0xb3c
 980 0b3c 08       		.uleb128 0x8
 981 0b3d 04       		.byte	0x4
 982 0b3e 420B0000 		.uaword	0xb42
 983 0b42 0F       		.uleb128 0xf
 984 0b43 170B0000 		.uaword	0xb17
 985 0b47 10       		.uleb128 0x10
 986 0b48 04       		.byte	0x4
 987 0b49 01       		.byte	0x1
 988 0b4a E101     		.uahalf	0x1e1
 989 0b4c 6B0B0000 		.uaword	0xb6b
 990 0b50 12       		.uleb128 0x12
 991 0b51 00000000 		.uaword	.LASF6
 992 0b55 01       		.byte	0x1
 993 0b56 E201     		.uahalf	0x1e2
 994 0b58 48090000 		.uaword	0x948
 995 0b5c 11       		.uleb128 0x11
 996 0b5d 696D6173 		.string	"imask"
 996      6B00
 997 0b63 01       		.byte	0x1
GAS Infineon TriCore Little Endian C:\\Users\\user1\\AppData\\Local\\Temp\\rta_RTAOS_638388406317960277_1736001\\ccHs8sdv.s 			page 23


 998 0b64 E301     		.uahalf	0x1e3
 999 0b66 1E070000 		.uaword	0x71e
 1000 0b6a 00       		.byte	0
 1001 0b6b 0C       		.uleb128 0xc
 1002 0b6c 4F735F52 		.string	"Os_ResourceDynType_s"
 1002      65736F75 
 1002      72636544 
 1002      796E5479 
 1002      70655F73 
 1003 0b81 0C       		.byte	0xc
 1004 0b82 01       		.byte	0x1
 1005 0b83 DE01     		.uahalf	0x1de
 1006 0b85 CE0B0000 		.uaword	0xbce
 1007 0b89 0D       		.uleb128 0xd
 1008 0b8a 61636365 		.string	"access_count"
 1008      73735F63 
 1008      6F756E74 
 1008      00
 1009 0b97 01       		.byte	0x1
 1010 0b98 DF01     		.uahalf	0x1df
 1011 0b9a 20030000 		.uaword	0x320
 1012 0b9e 02       		.byte	0x2
 1013 0b9f 23       		.byte	0x23
 1014 0ba0 00       		.uleb128 0
 1015 0ba1 0D       		.uleb128 0xd
 1016 0ba2 6C6F636B 		.string	"locker"
 1016      657200
 1017 0ba9 01       		.byte	0x1
 1018 0baa E001     		.uahalf	0x1e0
 1019 0bac 2B0B0000 		.uaword	0xb2b
 1020 0bb0 02       		.byte	0x2
 1021 0bb1 23       		.byte	0x23
 1022 0bb2 04       		.uleb128 0x4
 1023 0bb3 0D       		.uleb128 0xd
 1024 0bb4 73617665 		.string	"saved_priority"
 1024      645F7072 
 1024      696F7269 
 1024      747900
 1025 0bc3 01       		.byte	0x1
 1026 0bc4 E401     		.uahalf	0x1e4
 1027 0bc6 470B0000 		.uaword	0xb47
 1028 0bca 02       		.byte	0x2
 1029 0bcb 23       		.byte	0x23
 1030 0bcc 08       		.uleb128 0x8
 1031 0bcd 00       		.byte	0
 1032 0bce 0A       		.uleb128 0xa
 1033 0bcf 4F735F52 		.string	"Os_ResourceDynType"
 1033      65736F75 
 1033      72636544 
 1033      796E5479 
 1033      706500
 1034 0be2 01       		.byte	0x1
 1035 0be3 E501     		.uahalf	0x1e5
 1036 0be5 6B0B0000 		.uaword	0xb6b
 1037 0be9 0C       		.uleb128 0xc
 1038 0bea 4F735F52 		.string	"Os_ResourceType_s"
 1038      65736F75 
GAS Infineon TriCore Little Endian C:\\Users\\user1\\AppData\\Local\\Temp\\rta_RTAOS_638388406317960277_1736001\\ccHs8sdv.s 			page 24


 1038      72636554 
 1038      7970655F 
 1038      7300
 1039 0bfc 10       		.byte	0x10
 1040 0bfd 01       		.byte	0x1
 1041 0bfe E601     		.uahalf	0x1e6
 1042 0c00 430C0000 		.uaword	0xc43
 1043 0c04 0E       		.uleb128 0xe
 1044 0c05 00000000 		.uaword	.LASF2
 1045 0c09 01       		.byte	0x1
 1046 0c0a E701     		.uahalf	0x1e7
 1047 0c0c 430C0000 		.uaword	0xc43
 1048 0c10 02       		.byte	0x2
 1049 0c11 23       		.byte	0x23
 1050 0c12 00       		.uleb128 0
 1051 0c13 0E       		.uleb128 0xe
 1052 0c14 00000000 		.uaword	.LASF6
 1053 0c18 01       		.byte	0x1
 1054 0c19 E801     		.uahalf	0x1e8
 1055 0c1b 48090000 		.uaword	0x948
 1056 0c1f 02       		.byte	0x2
 1057 0c20 23       		.byte	0x23
 1058 0c21 04       		.uleb128 0x4
 1059 0c22 0D       		.uleb128 0xd
 1060 0c23 696D6173 		.string	"imask"
 1060      6B00
 1061 0c29 01       		.byte	0x1
 1062 0c2a E901     		.uahalf	0x1e9
 1063 0c2c 1E070000 		.uaword	0x71e
 1064 0c30 02       		.byte	0x2
 1065 0c31 23       		.byte	0x23
 1066 0c32 08       		.uleb128 0x8
 1067 0c33 0E       		.uleb128 0xe
 1068 0c34 00000000 		.uaword	.LASF3
 1069 0c38 01       		.byte	0x1
 1070 0c39 EA01     		.uahalf	0x1ea
 1071 0c3b 78010000 		.uaword	0x178
 1072 0c3f 02       		.byte	0x2
 1073 0c40 23       		.byte	0x23
 1074 0c41 0C       		.uleb128 0xc
 1075 0c42 00       		.byte	0
 1076 0c43 0F       		.uleb128 0xf
 1077 0c44 480C0000 		.uaword	0xc48
 1078 0c48 08       		.uleb128 0x8
 1079 0c49 04       		.byte	0x4
 1080 0c4a CE0B0000 		.uaword	0xbce
 1081 0c4e 0A       		.uleb128 0xa
 1082 0c4f 4F735F52 		.string	"Os_ResourceType"
 1082      65736F75 
 1082      72636554 
 1082      79706500 
 1083 0c5f 01       		.byte	0x1
 1084 0c60 EB01     		.uahalf	0x1eb
 1085 0c62 E90B0000 		.uaword	0xbe9
 1086 0c66 0A       		.uleb128 0xa
 1087 0c67 5265736F 		.string	"ResourceType"
 1087      75726365 
GAS Infineon TriCore Little Endian C:\\Users\\user1\\AppData\\Local\\Temp\\rta_RTAOS_638388406317960277_1736001\\ccHs8sdv.s 			page 25


 1087      54797065 
 1087      00
 1088 0c74 01       		.byte	0x1
 1089 0c75 EC01     		.uahalf	0x1ec
 1090 0c77 7B0C0000 		.uaword	0xc7b
 1091 0c7b 08       		.uleb128 0x8
 1092 0c7c 04       		.byte	0x4
 1093 0c7d 810C0000 		.uaword	0xc81
 1094 0c81 0F       		.uleb128 0xf
 1095 0c82 4E0C0000 		.uaword	0xc4e
 1096 0c86 0A       		.uleb128 0xa
 1097 0c87 4F535365 		.string	"OSServiceIdType"
 1097      72766963 
 1097      65496454 
 1097      79706500 
 1098 0c97 01       		.byte	0x1
 1099 0c98 5102     		.uahalf	0x251
 1100 0c9a 85010000 		.uaword	0x185
 1101 0c9e 0A       		.uleb128 0xa
 1102 0c9f 4F735F42 		.string	"Os_BiggestType"
 1102      69676765 
 1102      73745479 
 1102      706500
 1103 0cae 01       		.byte	0x1
 1104 0caf 2503     		.uahalf	0x325
 1105 0cb1 C8010000 		.uaword	0x1c8
 1106 0cb5 13       		.uleb128 0x13
 1107 0cb6 10       		.byte	0x10
 1108 0cb7 01       		.byte	0x1
 1109 0cb8 2703     		.uahalf	0x327
 1110 0cba 230D0000 		.uaword	0xd23
 1111 0cbe 0D       		.uleb128 0xd
 1112 0cbf 73657276 		.string	"service_id"
 1112      6963655F 
 1112      696400
 1113 0cca 01       		.byte	0x1
 1114 0ccb 2803     		.uahalf	0x328
 1115 0ccd 860C0000 		.uaword	0xc86
 1116 0cd1 02       		.byte	0x2
 1117 0cd2 23       		.byte	0x23
 1118 0cd3 00       		.uleb128 0
 1119 0cd4 0D       		.uleb128 0xd
 1120 0cd5 73657276 		.string	"service_param1"
 1120      6963655F 
 1120      70617261 
 1120      6D3100
 1121 0ce4 01       		.byte	0x1
 1122 0ce5 2903     		.uahalf	0x329
 1123 0ce7 9E0C0000 		.uaword	0xc9e
 1124 0ceb 02       		.byte	0x2
 1125 0cec 23       		.byte	0x23
 1126 0ced 04       		.uleb128 0x4
 1127 0cee 0D       		.uleb128 0xd
 1128 0cef 73657276 		.string	"service_param2"
 1128      6963655F 
 1128      70617261 
 1128      6D3200
GAS Infineon TriCore Little Endian C:\\Users\\user1\\AppData\\Local\\Temp\\rta_RTAOS_638388406317960277_1736001\\ccHs8sdv.s 			page 26


 1129 0cfe 01       		.byte	0x1
 1130 0cff 2A03     		.uahalf	0x32a
 1131 0d01 9E0C0000 		.uaword	0xc9e
 1132 0d05 02       		.byte	0x2
 1133 0d06 23       		.byte	0x23
 1134 0d07 08       		.uleb128 0x8
 1135 0d08 0D       		.uleb128 0xd
 1136 0d09 73657276 		.string	"service_param3"
 1136      6963655F 
 1136      70617261 
 1136      6D3300
 1137 0d18 01       		.byte	0x1
 1138 0d19 2B03     		.uahalf	0x32b
 1139 0d1b 9E0C0000 		.uaword	0xc9e
 1140 0d1f 02       		.byte	0x2
 1141 0d20 23       		.byte	0x23
 1142 0d21 0C       		.uleb128 0xc
 1143 0d22 00       		.byte	0
 1144 0d23 0A       		.uleb128 0xa
 1145 0d24 4F735F45 		.string	"Os_ErrorInformationType"
 1145      72726F72 
 1145      496E666F 
 1145      726D6174 
 1145      696F6E54 
 1146 0d3c 01       		.byte	0x1
 1147 0d3d 2C03     		.uahalf	0x32c
 1148 0d3f B50C0000 		.uaword	0xcb5
 1149 0d43 0A       		.uleb128 0xa
 1150 0d44 4F735F4F 		.string	"Os_OrtiIdType"
 1150      72746949 
 1150      64547970 
 1150      6500
 1151 0d52 01       		.byte	0x1
 1152 0d53 3003     		.uahalf	0x330
 1153 0d55 85010000 		.uaword	0x185
 1154 0d59 0B       		.uleb128 0xb
 1155 0d5a 09090000 		.uaword	0x909
 1156 0d5e 0B       		.uleb128 0xb
 1157 0d5f 71080000 		.uaword	0x871
 1158 0d63 0B       		.uleb128 0xb
 1159 0d64 2B0B0000 		.uaword	0xb2b
 1160 0d68 0B       		.uleb128 0xb
 1161 0d69 48090000 		.uaword	0x948
 1162 0d6d 0B       		.uleb128 0xb
 1163 0d6e 30040000 		.uaword	0x430
 1164 0d72 0B       		.uleb128 0xb
 1165 0d73 D1030000 		.uaword	0x3d1
 1166 0d77 0A       		.uleb128 0xa
 1167 0d78 4F735F43 		.string	"Os_ControlledCoreType"
 1167      6F6E7472 
 1167      6F6C6C65 
 1167      64436F72 
 1167      65547970 
 1168 0d8e 01       		.byte	0x1
 1169 0d8f 2404     		.uahalf	0x424
 1170 0d91 7C040000 		.uaword	0x47c
 1171 0d95 0C       		.uleb128 0xc
GAS Infineon TriCore Little Endian C:\\Users\\user1\\AppData\\Local\\Temp\\rta_RTAOS_638388406317960277_1736001\\ccHs8sdv.s 			page 27


 1172 0d96 4F735F41 		.string	"Os_AnyCoreType_s"
 1172      6E79436F 
 1172      72655479 
 1172      70655F73 
 1172      00
 1173 0da7 64       		.byte	0x64
 1174 0da8 01       		.byte	0x1
 1175 0da9 3204     		.uahalf	0x432
 1176 0dab CE0E0000 		.uaword	0xece
 1177 0daf 0D       		.uleb128 0xd
 1178 0db0 44697361 		.string	"DisableAllImask"
 1178      626C6541 
 1178      6C6C496D 
 1178      61736B00 
 1179 0dc0 01       		.byte	0x1
 1180 0dc1 3304     		.uahalf	0x433
 1181 0dc3 CE0E0000 		.uaword	0xece
 1182 0dc7 02       		.byte	0x2
 1183 0dc8 23       		.byte	0x23
 1184 0dc9 00       		.uleb128 0
 1185 0dca 0D       		.uleb128 0xd
 1186 0dcb 53757370 		.string	"SuspendAllImask"
 1186      656E6441 
 1186      6C6C496D 
 1186      61736B00 
 1187 0ddb 01       		.byte	0x1
 1188 0ddc 3404     		.uahalf	0x434
 1189 0dde CE0E0000 		.uaword	0xece
 1190 0de2 02       		.byte	0x2
 1191 0de3 23       		.byte	0x23
 1192 0de4 04       		.uleb128 0x4
 1193 0de5 0D       		.uleb128 0xd
 1194 0de6 53757370 		.string	"SuspendOSImask"
 1194      656E644F 
 1194      53496D61 
 1194      736B00
 1195 0df5 01       		.byte	0x1
 1196 0df6 3504     		.uahalf	0x435
 1197 0df8 CE0E0000 		.uaword	0xece
 1198 0dfc 02       		.byte	0x2
 1199 0dfd 23       		.byte	0x23
 1200 0dfe 08       		.uleb128 0x8
 1201 0dff 0D       		.uleb128 0xd
 1202 0e00 44697361 		.string	"DisableAllCount"
 1202      626C6541 
 1202      6C6C436F 
 1202      756E7400 
 1203 0e10 01       		.byte	0x1
 1204 0e11 3604     		.uahalf	0x436
 1205 0e13 D30E0000 		.uaword	0xed3
 1206 0e17 02       		.byte	0x2
 1207 0e18 23       		.byte	0x23
 1208 0e19 0C       		.uleb128 0xc
 1209 0e1a 0D       		.uleb128 0xd
 1210 0e1b 53757370 		.string	"SuspendAllCount"
 1210      656E6441 
 1210      6C6C436F 
GAS Infineon TriCore Little Endian C:\\Users\\user1\\AppData\\Local\\Temp\\rta_RTAOS_638388406317960277_1736001\\ccHs8sdv.s 			page 28


 1210      756E7400 
 1211 0e2b 01       		.byte	0x1
 1212 0e2c 3704     		.uahalf	0x437
 1213 0e2e D30E0000 		.uaword	0xed3
 1214 0e32 02       		.byte	0x2
 1215 0e33 23       		.byte	0x23
 1216 0e34 10       		.uleb128 0x10
 1217 0e35 0D       		.uleb128 0xd
 1218 0e36 53757370 		.string	"SuspendOSCount"
 1218      656E644F 
 1218      53436F75 
 1218      6E7400
 1219 0e45 01       		.byte	0x1
 1220 0e46 3804     		.uahalf	0x438
 1221 0e48 D30E0000 		.uaword	0xed3
 1222 0e4c 02       		.byte	0x2
 1223 0e4d 23       		.byte	0x23
 1224 0e4e 14       		.uleb128 0x14
 1225 0e4f 0D       		.uleb128 0xd
 1226 0e50 4F727469 		.string	"OrtiApiID"
 1226      41706949 
 1226      4400
 1227 0e5a 01       		.byte	0x1
 1228 0e5b 3904     		.uahalf	0x439
 1229 0e5d D80E0000 		.uaword	0xed8
 1230 0e61 02       		.byte	0x2
 1231 0e62 23       		.byte	0x23
 1232 0e63 18       		.uleb128 0x18
 1233 0e64 0D       		.uleb128 0xd
 1234 0e65 4F727469 		.string	"OrtiLastError"
 1234      4C617374 
 1234      4572726F 
 1234      7200
 1235 0e73 01       		.byte	0x1
 1236 0e74 3A04     		.uahalf	0x43a
 1237 0e76 48020000 		.uaword	0x248
 1238 0e7a 02       		.byte	0x2
 1239 0e7b 23       		.byte	0x23
 1240 0e7c 19       		.uleb128 0x19
 1241 0e7d 0D       		.uleb128 0xd
 1242 0e7e 52657374 		.string	"RestartJumpBuf"
 1242      6172744A 
 1242      756D7042 
 1242      756600
 1243 0e8d 01       		.byte	0x1
 1244 0e8e 3B04     		.uahalf	0x43b
 1245 0e90 FA020000 		.uaword	0x2fa
 1246 0e94 02       		.byte	0x2
 1247 0e95 23       		.byte	0x23
 1248 0e96 1C       		.uleb128 0x1c
 1249 0e97 0D       		.uleb128 0xd
 1250 0e98 52657374 		.string	"Restartable"
 1250      61727461 
 1250      626C6500 
 1251 0ea4 01       		.byte	0x1
 1252 0ea5 3C04     		.uahalf	0x43c
 1253 0ea7 39020000 		.uaword	0x239
GAS Infineon TriCore Little Endian C:\\Users\\user1\\AppData\\Local\\Temp\\rta_RTAOS_638388406317960277_1736001\\ccHs8sdv.s 			page 29


 1254 0eab 02       		.byte	0x2
 1255 0eac 23       		.byte	0x23
 1256 0ead 60       		.uleb128 0x60
 1257 0eae 0D       		.uleb128 0xd
 1258 0eaf 4C617374 		.string	"LastProtectionFault"
 1258      50726F74 
 1258      65637469 
 1258      6F6E4661 
 1258      756C7400 
 1259 0ec3 01       		.byte	0x1
 1260 0ec4 3D04     		.uahalf	0x43d
 1261 0ec6 48020000 		.uaword	0x248
 1262 0eca 02       		.byte	0x2
 1263 0ecb 23       		.byte	0x23
 1264 0ecc 61       		.uleb128 0x61
 1265 0ecd 00       		.byte	0
 1266 0ece 0B       		.uleb128 0xb
 1267 0ecf 1E070000 		.uaword	0x71e
 1268 0ed3 0B       		.uleb128 0xb
 1269 0ed4 BA010000 		.uaword	0x1ba
 1270 0ed8 0B       		.uleb128 0xb
 1271 0ed9 430D0000 		.uaword	0xd43
 1272 0edd 0A       		.uleb128 0xa
 1273 0ede 4F735F41 		.string	"Os_AnyCoreType"
 1273      6E79436F 
 1273      72655479 
 1273      706500
 1274 0eed 01       		.byte	0x1
 1275 0eee 3E04     		.uahalf	0x43e
 1276 0ef0 950D0000 		.uaword	0xd95
 1277 0ef4 0C       		.uleb128 0xc
 1278 0ef5 4F735F43 		.string	"Os_CoreConfiguration_s"
 1278      6F726543 
 1278      6F6E6669 
 1278      67757261 
 1278      74696F6E 
 1279 0f0c 18       		.byte	0x18
 1280 0f0d 01       		.byte	0x1
 1281 0f0e 4904     		.uahalf	0x449
 1282 0f10 8E0F0000 		.uaword	0xf8e
 1283 0f14 0D       		.uleb128 0xd
 1284 0f15 636F6E74 		.string	"controlled"
 1284      726F6C6C 
 1284      656400
 1285 0f20 01       		.byte	0x1
 1286 0f21 4A04     		.uahalf	0x44a
 1287 0f23 8E0F0000 		.uaword	0xf8e
 1288 0f27 02       		.byte	0x2
 1289 0f28 23       		.byte	0x23
 1290 0f29 00       		.uleb128 0
 1291 0f2a 0D       		.uleb128 0xd
 1292 0f2b 616E7900 		.string	"any"
 1293 0f2f 01       		.byte	0x1
 1294 0f30 4B04     		.uahalf	0x44b
 1295 0f32 990F0000 		.uaword	0xf99
 1296 0f36 02       		.byte	0x2
 1297 0f37 23       		.byte	0x23
GAS Infineon TriCore Little Endian C:\\Users\\user1\\AppData\\Local\\Temp\\rta_RTAOS_638388406317960277_1736001\\ccHs8sdv.s 			page 30


 1298 0f38 04       		.uleb128 0x4
 1299 0f39 0D       		.uleb128 0xd
 1300 0f3a 73746174 		.string	"state"
 1300      6500
 1301 0f40 01       		.byte	0x1
 1302 0f41 4C04     		.uahalf	0x44c
 1303 0f43 A40F0000 		.uaword	0xfa4
 1304 0f47 02       		.byte	0x2
 1305 0f48 23       		.byte	0x23
 1306 0f49 08       		.uleb128 0x8
 1307 0f4a 0D       		.uleb128 0xd
 1308 0f4b 64697370 		.string	"dispatch"
 1308      61746368 
 1308      00
 1309 0f54 01       		.byte	0x1
 1310 0f55 4D04     		.uahalf	0x44d
 1311 0f57 AA030000 		.uaword	0x3aa
 1312 0f5b 02       		.byte	0x2
 1313 0f5c 23       		.byte	0x23
 1314 0f5d 0C       		.uleb128 0xc
 1315 0f5e 0D       		.uleb128 0xd
 1316 0f5f 4F735F52 		.string	"Os_Res_Scheduler"
 1316      65735F53 
 1316      63686564 
 1316      756C6572 
 1316      00
 1317 0f70 01       		.byte	0x1
 1318 0f71 4E04     		.uahalf	0x44e
 1319 0f73 660C0000 		.uaword	0xc66
 1320 0f77 02       		.byte	0x2
 1321 0f78 23       		.byte	0x23
 1322 0f79 10       		.uleb128 0x10
 1323 0f7a 0D       		.uleb128 0xd
 1324 0f7b 636F7265 		.string	"core_id"
 1324      5F696400 
 1325 0f83 01       		.byte	0x1
 1326 0f84 4F04     		.uahalf	0x44f
 1327 0f86 64040000 		.uaword	0x464
 1328 0f8a 02       		.byte	0x2
 1329 0f8b 23       		.byte	0x23
 1330 0f8c 14       		.uleb128 0x14
 1331 0f8d 00       		.byte	0
 1332 0f8e 0F       		.uleb128 0xf
 1333 0f8f 930F0000 		.uaword	0xf93
 1334 0f93 08       		.uleb128 0x8
 1335 0f94 04       		.byte	0x4
 1336 0f95 770D0000 		.uaword	0xd77
 1337 0f99 0F       		.uleb128 0xf
 1338 0f9a 9E0F0000 		.uaword	0xf9e
 1339 0f9e 08       		.uleb128 0x8
 1340 0f9f 04       		.byte	0x4
 1341 0fa0 DD0E0000 		.uaword	0xedd
 1342 0fa4 0F       		.uleb128 0xf
 1343 0fa5 A90F0000 		.uaword	0xfa9
 1344 0fa9 08       		.uleb128 0x8
 1345 0faa 04       		.byte	0x4
 1346 0fab AF0F0000 		.uaword	0xfaf
GAS Infineon TriCore Little Endian C:\\Users\\user1\\AppData\\Local\\Temp\\rta_RTAOS_638388406317960277_1736001\\ccHs8sdv.s 			page 31


 1347 0faf 0B       		.uleb128 0xb
 1348 0fb0 FC030000 		.uaword	0x3fc
 1349 0fb4 0A       		.uleb128 0xa
 1350 0fb5 4F735F43 		.string	"Os_CoreConfiguration"
 1350      6F726543 
 1350      6F6E6669 
 1350      67757261 
 1350      74696F6E 
 1351 0fca 01       		.byte	0x1
 1352 0fcb 5004     		.uahalf	0x450
 1353 0fcd F40E0000 		.uaword	0xef4
 1354 0fd1 14       		.uleb128 0x14
 1355 0fd2 01       		.byte	0x1
 1356 0fd3 4F735F53 		.string	"Os_SetEvent"
 1356      65744576 
 1356      656E7400 
 1357 0fdf 01       		.byte	0x1
 1358 0fe0 5805     		.uahalf	0x558
 1359 0fe2 01       		.byte	0x1
 1360 0fe3 48020000 		.uaword	0x248
 1361 0fe7 00000000 		.uaword	.LFB0
 1362 0feb 00000000 		.uaword	.LFE0
 1363 0fef 00000000 		.uaword	.LLST0
 1364 0ff3 01       		.byte	0x1
 1365 0ff4 5E110000 		.uaword	0x115e
 1366 0ff8 15       		.uleb128 0x15
 1367 0ff9 5461736B 		.string	"TaskID"
 1367      494400
 1368 1000 01       		.byte	0x1
 1369 1001 5805     		.uahalf	0x558
 1370 1003 2B0B0000 		.uaword	0xb2b
 1371 1007 00000000 		.uaword	.LLST1
 1372 100b 15       		.uleb128 0x15
 1373 100c 4D61736B 		.string	"Mask"
 1373      00
 1374 1011 01       		.byte	0x1
 1375 1012 5805     		.uahalf	0x558
 1376 1014 08070000 		.uaword	0x708
 1377 1018 00000000 		.uaword	.LLST2
 1378 101c 16       		.uleb128 0x16
 1379 101d 6170695F 		.string	"api_retval"
 1379      72657476 
 1379      616C00
 1380 1028 01       		.byte	0x1
 1381 1029 5905     		.uahalf	0x559
 1382 102b 48020000 		.uaword	0x248
 1383 102f 00000000 		.uaword	.LLST3
 1384 1033 16       		.uleb128 0x16
 1385 1034 70726576 		.string	"previous_imask"
 1385      696F7573 
 1385      5F696D61 
 1385      736B00
 1386 1043 01       		.byte	0x1
 1387 1044 5A05     		.uahalf	0x55a
 1388 1046 1E070000 		.uaword	0x71e
 1389 104a 00000000 		.uaword	.LLST4
 1390 104e 17       		.uleb128 0x17
GAS Infineon TriCore Little Endian C:\\Users\\user1\\AppData\\Local\\Temp\\rta_RTAOS_638388406317960277_1736001\\ccHs8sdv.s 			page 32


 1391 104f 6F735F63 		.string	"os_current_core_const"
 1391      75727265 
 1391      6E745F63 
 1391      6F72655F 
 1391      636F6E73 
 1392 1065 01       		.byte	0x1
 1393 1066 5B05     		.uahalf	0x55b
 1394 1068 5E110000 		.uaword	0x115e
 1395 106c 18       		.uleb128 0x18
 1396 106d 6F735F63 		.string	"os_current_core"
 1396      75727265 
 1396      6E745F63 
 1396      6F726500 
 1397 107d 01       		.byte	0x1
 1398 107e 5C05     		.uahalf	0x55c
 1399 1080 9E0F0000 		.uaword	0xf9e
 1400 1084 01       		.byte	0x1
 1401 1085 6F       		.byte	0x6f
 1402 1086 16       		.uleb128 0x16
 1403 1087 70726576 		.string	"previous_tmask"
 1403      696F7573 
 1403      5F746D61 
 1403      736B00
 1404 1096 01       		.byte	0x1
 1405 1097 5D05     		.uahalf	0x55d
 1406 1099 E8030000 		.uaword	0x3e8
 1407 109d 00000000 		.uaword	.LLST5
 1408 10a1 19       		.uleb128 0x19
 1409 10a2 00000000 		.uaword	.LBB2
 1410 10a6 00000000 		.uaword	.LBE2
 1411 10aa BF100000 		.uaword	0x10bf
 1412 10ae 16       		.uleb128 0x16
 1413 10af 72657300 		.string	"res"
 1414 10b3 01       		.byte	0x1
 1415 10b4 5B05     		.uahalf	0x55b
 1416 10b6 C8010000 		.uaword	0x1c8
 1417 10ba 00000000 		.uaword	.LLST6
 1418 10be 00       		.byte	0
 1419 10bf 19       		.uleb128 0x19
 1420 10c0 00000000 		.uaword	.LBB3
 1421 10c4 00000000 		.uaword	.LBE3
 1422 10c8 DD100000 		.uaword	0x10dd
 1423 10cc 16       		.uleb128 0x16
 1424 10cd 72657300 		.string	"res"
 1425 10d1 01       		.byte	0x1
 1426 10d2 5D05     		.uahalf	0x55d
 1427 10d4 C8010000 		.uaword	0x1c8
 1428 10d8 00000000 		.uaword	.LLST5
 1429 10dc 00       		.byte	0
 1430 10dd 19       		.uleb128 0x19
 1431 10de 00000000 		.uaword	.LBB4
 1432 10e2 00000000 		.uaword	.LBE4
 1433 10e6 FB100000 		.uaword	0x10fb
 1434 10ea 16       		.uleb128 0x16
 1435 10eb 72657300 		.string	"res"
 1436 10ef 01       		.byte	0x1
 1437 10f0 5F05     		.uahalf	0x55f
GAS Infineon TriCore Little Endian C:\\Users\\user1\\AppData\\Local\\Temp\\rta_RTAOS_638388406317960277_1736001\\ccHs8sdv.s 			page 33


 1438 10f2 C8010000 		.uaword	0x1c8
 1439 10f6 00000000 		.uaword	.LLST4
 1440 10fa 00       		.byte	0
 1441 10fb 19       		.uleb128 0x19
 1442 10fc 00000000 		.uaword	.LBB5
 1443 1100 00000000 		.uaword	.LBE5
 1444 1104 1A110000 		.uaword	0x111a
 1445 1108 1A       		.uleb128 0x1a
 1446 1109 6E657776 		.string	"newval"
 1446      616C00
 1447 1110 01       		.byte	0x1
 1448 1111 5F05     		.uahalf	0x55f
 1449 1113 C8010000 		.uaword	0x1c8
 1450 1117 FF80     		.uahalf	0x80ff
 1451 1119 00       		.byte	0
 1452 111a 19       		.uleb128 0x19
 1453 111b 00000000 		.uaword	.LBB6
 1454 111f 00000000 		.uaword	.LBE6
 1455 1123 3B110000 		.uaword	0x113b
 1456 1127 16       		.uleb128 0x16
 1457 1128 6E657776 		.string	"newval"
 1457      616C00
 1458 112f 01       		.byte	0x1
 1459 1130 6405     		.uahalf	0x564
 1460 1132 C8010000 		.uaword	0x1c8
 1461 1136 00000000 		.uaword	.LLST9
 1462 113a 00       		.byte	0
 1463 113b 1B       		.uleb128 0x1b
 1464 113c 00000000 		.uaword	.LVL8
 1465 1140 9E110000 		.uaword	0x119e
 1466 1144 1C       		.uleb128 0x1c
 1467 1145 01       		.byte	0x1
 1468 1146 56       		.byte	0x56
 1469 1147 03       		.byte	0x3
 1470 1148 91       		.byte	0x91
 1471 1149 7C       		.sleb128 -4
 1472 114a 06       		.byte	0x6
 1473 114b 1C       		.uleb128 0x1c
 1474 114c 01       		.byte	0x1
 1475 114d 55       		.byte	0x55
 1476 114e 02       		.byte	0x2
 1477 114f 08       		.byte	0x8
 1478 1150 38       		.byte	0x38
 1479 1151 1C       		.uleb128 0x1c
 1480 1152 01       		.byte	0x1
 1481 1153 54       		.byte	0x54
 1482 1154 01       		.byte	0x1
 1483 1155 31       		.byte	0x31
 1484 1156 1C       		.uleb128 0x1c
 1485 1157 02       		.byte	0x2
 1486 1158 8A       		.byte	0x8a
 1487 1159 00       		.sleb128 0
 1488 115a 01       		.byte	0x1
 1489 115b 30       		.byte	0x30
 1490 115c 00       		.byte	0
 1491 115d 00       		.byte	0
 1492 115e 08       		.uleb128 0x8
GAS Infineon TriCore Little Endian C:\\Users\\user1\\AppData\\Local\\Temp\\rta_RTAOS_638388406317960277_1736001\\ccHs8sdv.s 			page 34


 1493 115f 04       		.byte	0x4
 1494 1160 64110000 		.uaword	0x1164
 1495 1164 0F       		.uleb128 0xf
 1496 1165 B40F0000 		.uaword	0xfb4
 1497 1169 06       		.uleb128 0x6
 1498 116a B40F0000 		.uaword	0xfb4
 1499 116e 74110000 		.uaword	0x1174
 1500 1172 1D       		.uleb128 0x1d
 1501 1173 00       		.byte	0
 1502 1174 1E       		.uleb128 0x1e
 1503 1175 4F735F63 		.string	"Os_const_coreconfiguration"
 1503      6F6E7374 
 1503      5F636F72 
 1503      65636F6E 
 1503      66696775 
 1504 1190 01       		.byte	0x1
 1505 1191 6A04     		.uahalf	0x46a
 1506 1193 99110000 		.uaword	0x1199
 1507 1197 01       		.byte	0x1
 1508 1198 01       		.byte	0x1
 1509 1199 0F       		.uleb128 0xf
 1510 119a 69110000 		.uaword	0x1169
 1511 119e 1F       		.uleb128 0x1f
 1512 119f 01       		.byte	0x1
 1513 11a0 4F735F45 		.string	"Os_ErrorLog"
 1513      72726F72 
 1513      4C6F6700 
 1514 11ac 01       		.byte	0x1
 1515 11ad 4805     		.uahalf	0x548
 1516 11af 01       		.byte	0x1
 1517 11b0 01       		.byte	0x1
 1518 11b1 20       		.uleb128 0x20
 1519 11b2 48020000 		.uaword	0x248
 1520 11b6 20       		.uleb128 0x20
 1521 11b7 860C0000 		.uaword	0xc86
 1522 11bb 20       		.uleb128 0x20
 1523 11bc 9E0C0000 		.uaword	0xc9e
 1524 11c0 20       		.uleb128 0x20
 1525 11c1 9E0C0000 		.uaword	0xc9e
 1526 11c5 20       		.uleb128 0x20
 1527 11c6 9E0C0000 		.uaword	0xc9e
 1528 11ca 00       		.byte	0
 1529 11cb 00       		.byte	0
 1530              	.section .debug_abbrev,"",@progbits
 1531              	.Ldebug_abbrev0:
 1532 0000 01       		.uleb128 0x1
 1533 0001 11       		.uleb128 0x11
 1534 0002 01       		.byte	0x1
 1535 0003 25       		.uleb128 0x25
 1536 0004 08       		.uleb128 0x8
 1537 0005 13       		.uleb128 0x13
 1538 0006 0B       		.uleb128 0xb
 1539 0007 03       		.uleb128 0x3
 1540 0008 08       		.uleb128 0x8
 1541 0009 55       		.uleb128 0x55
 1542 000a 06       		.uleb128 0x6
 1543 000b 11       		.uleb128 0x11
GAS Infineon TriCore Little Endian C:\\Users\\user1\\AppData\\Local\\Temp\\rta_RTAOS_638388406317960277_1736001\\ccHs8sdv.s 			page 35


 1544 000c 01       		.uleb128 0x1
 1545 000d 52       		.uleb128 0x52
 1546 000e 01       		.uleb128 0x1
 1547 000f 10       		.uleb128 0x10
 1548 0010 06       		.uleb128 0x6
 1549 0011 00       		.byte	0
 1550 0012 00       		.byte	0
 1551 0013 02       		.uleb128 0x2
 1552 0014 16       		.uleb128 0x16
 1553 0015 00       		.byte	0
 1554 0016 03       		.uleb128 0x3
 1555 0017 08       		.uleb128 0x8
 1556 0018 3A       		.uleb128 0x3a
 1557 0019 0B       		.uleb128 0xb
 1558 001a 3B       		.uleb128 0x3b
 1559 001b 0B       		.uleb128 0xb
 1560 001c 49       		.uleb128 0x49
 1561 001d 13       		.uleb128 0x13
 1562 001e 00       		.byte	0
 1563 001f 00       		.byte	0
 1564 0020 03       		.uleb128 0x3
 1565 0021 24       		.uleb128 0x24
 1566 0022 00       		.byte	0
 1567 0023 0B       		.uleb128 0xb
 1568 0024 0B       		.uleb128 0xb
 1569 0025 3E       		.uleb128 0x3e
 1570 0026 0B       		.uleb128 0xb
 1571 0027 03       		.uleb128 0x3
 1572 0028 08       		.uleb128 0x8
 1573 0029 00       		.byte	0
 1574 002a 00       		.byte	0
 1575 002b 04       		.uleb128 0x4
 1576 002c 13       		.uleb128 0x13
 1577 002d 01       		.byte	0x1
 1578 002e 0B       		.uleb128 0xb
 1579 002f 0B       		.uleb128 0xb
 1580 0030 3A       		.uleb128 0x3a
 1581 0031 0B       		.uleb128 0xb
 1582 0032 3B       		.uleb128 0x3b
 1583 0033 0B       		.uleb128 0xb
 1584 0034 01       		.uleb128 0x1
 1585 0035 13       		.uleb128 0x13
 1586 0036 00       		.byte	0
 1587 0037 00       		.byte	0
 1588 0038 05       		.uleb128 0x5
 1589 0039 0D       		.uleb128 0xd
 1590 003a 00       		.byte	0
 1591 003b 03       		.uleb128 0x3
 1592 003c 08       		.uleb128 0x8
 1593 003d 3A       		.uleb128 0x3a
 1594 003e 0B       		.uleb128 0xb
 1595 003f 3B       		.uleb128 0x3b
 1596 0040 0B       		.uleb128 0xb
 1597 0041 49       		.uleb128 0x49
 1598 0042 13       		.uleb128 0x13
 1599 0043 38       		.uleb128 0x38
 1600 0044 0A       		.uleb128 0xa
GAS Infineon TriCore Little Endian C:\\Users\\user1\\AppData\\Local\\Temp\\rta_RTAOS_638388406317960277_1736001\\ccHs8sdv.s 			page 36


 1601 0045 00       		.byte	0
 1602 0046 00       		.byte	0
 1603 0047 06       		.uleb128 0x6
 1604 0048 01       		.uleb128 0x1
 1605 0049 01       		.byte	0x1
 1606 004a 49       		.uleb128 0x49
 1607 004b 13       		.uleb128 0x13
 1608 004c 01       		.uleb128 0x1
 1609 004d 13       		.uleb128 0x13
 1610 004e 00       		.byte	0
 1611 004f 00       		.byte	0
 1612 0050 07       		.uleb128 0x7
 1613 0051 21       		.uleb128 0x21
 1614 0052 00       		.byte	0
 1615 0053 49       		.uleb128 0x49
 1616 0054 13       		.uleb128 0x13
 1617 0055 2F       		.uleb128 0x2f
 1618 0056 0B       		.uleb128 0xb
 1619 0057 00       		.byte	0
 1620 0058 00       		.byte	0
 1621 0059 08       		.uleb128 0x8
 1622 005a 0F       		.uleb128 0xf
 1623 005b 00       		.byte	0
 1624 005c 0B       		.uleb128 0xb
 1625 005d 0B       		.uleb128 0xb
 1626 005e 49       		.uleb128 0x49
 1627 005f 13       		.uleb128 0x13
 1628 0060 00       		.byte	0
 1629 0061 00       		.byte	0
 1630 0062 09       		.uleb128 0x9
 1631 0063 15       		.uleb128 0x15
 1632 0064 00       		.byte	0
 1633 0065 27       		.uleb128 0x27
 1634 0066 0C       		.uleb128 0xc
 1635 0067 00       		.byte	0
 1636 0068 00       		.byte	0
 1637 0069 0A       		.uleb128 0xa
 1638 006a 16       		.uleb128 0x16
 1639 006b 00       		.byte	0
 1640 006c 03       		.uleb128 0x3
 1641 006d 08       		.uleb128 0x8
 1642 006e 3A       		.uleb128 0x3a
 1643 006f 0B       		.uleb128 0xb
 1644 0070 3B       		.uleb128 0x3b
 1645 0071 05       		.uleb128 0x5
 1646 0072 49       		.uleb128 0x49
 1647 0073 13       		.uleb128 0x13
 1648 0074 00       		.byte	0
 1649 0075 00       		.byte	0
 1650 0076 0B       		.uleb128 0xb
 1651 0077 35       		.uleb128 0x35
 1652 0078 00       		.byte	0
 1653 0079 49       		.uleb128 0x49
 1654 007a 13       		.uleb128 0x13
 1655 007b 00       		.byte	0
 1656 007c 00       		.byte	0
 1657 007d 0C       		.uleb128 0xc
GAS Infineon TriCore Little Endian C:\\Users\\user1\\AppData\\Local\\Temp\\rta_RTAOS_638388406317960277_1736001\\ccHs8sdv.s 			page 37


 1658 007e 13       		.uleb128 0x13
 1659 007f 01       		.byte	0x1
 1660 0080 03       		.uleb128 0x3
 1661 0081 08       		.uleb128 0x8
 1662 0082 0B       		.uleb128 0xb
 1663 0083 0B       		.uleb128 0xb
 1664 0084 3A       		.uleb128 0x3a
 1665 0085 0B       		.uleb128 0xb
 1666 0086 3B       		.uleb128 0x3b
 1667 0087 05       		.uleb128 0x5
 1668 0088 01       		.uleb128 0x1
 1669 0089 13       		.uleb128 0x13
 1670 008a 00       		.byte	0
 1671 008b 00       		.byte	0
 1672 008c 0D       		.uleb128 0xd
 1673 008d 0D       		.uleb128 0xd
 1674 008e 00       		.byte	0
 1675 008f 03       		.uleb128 0x3
 1676 0090 08       		.uleb128 0x8
 1677 0091 3A       		.uleb128 0x3a
 1678 0092 0B       		.uleb128 0xb
 1679 0093 3B       		.uleb128 0x3b
 1680 0094 05       		.uleb128 0x5
 1681 0095 49       		.uleb128 0x49
 1682 0096 13       		.uleb128 0x13
 1683 0097 38       		.uleb128 0x38
 1684 0098 0A       		.uleb128 0xa
 1685 0099 00       		.byte	0
 1686 009a 00       		.byte	0
 1687 009b 0E       		.uleb128 0xe
 1688 009c 0D       		.uleb128 0xd
 1689 009d 00       		.byte	0
 1690 009e 03       		.uleb128 0x3
 1691 009f 0E       		.uleb128 0xe
 1692 00a0 3A       		.uleb128 0x3a
 1693 00a1 0B       		.uleb128 0xb
 1694 00a2 3B       		.uleb128 0x3b
 1695 00a3 05       		.uleb128 0x5
 1696 00a4 49       		.uleb128 0x49
 1697 00a5 13       		.uleb128 0x13
 1698 00a6 38       		.uleb128 0x38
 1699 00a7 0A       		.uleb128 0xa
 1700 00a8 00       		.byte	0
 1701 00a9 00       		.byte	0
 1702 00aa 0F       		.uleb128 0xf
 1703 00ab 26       		.uleb128 0x26
 1704 00ac 00       		.byte	0
 1705 00ad 49       		.uleb128 0x49
 1706 00ae 13       		.uleb128 0x13
 1707 00af 00       		.byte	0
 1708 00b0 00       		.byte	0
 1709 00b1 10       		.uleb128 0x10
 1710 00b2 17       		.uleb128 0x17
 1711 00b3 01       		.byte	0x1
 1712 00b4 0B       		.uleb128 0xb
 1713 00b5 0B       		.uleb128 0xb
 1714 00b6 3A       		.uleb128 0x3a
GAS Infineon TriCore Little Endian C:\\Users\\user1\\AppData\\Local\\Temp\\rta_RTAOS_638388406317960277_1736001\\ccHs8sdv.s 			page 38


 1715 00b7 0B       		.uleb128 0xb
 1716 00b8 3B       		.uleb128 0x3b
 1717 00b9 05       		.uleb128 0x5
 1718 00ba 01       		.uleb128 0x1
 1719 00bb 13       		.uleb128 0x13
 1720 00bc 00       		.byte	0
 1721 00bd 00       		.byte	0
 1722 00be 11       		.uleb128 0x11
 1723 00bf 0D       		.uleb128 0xd
 1724 00c0 00       		.byte	0
 1725 00c1 03       		.uleb128 0x3
 1726 00c2 08       		.uleb128 0x8
 1727 00c3 3A       		.uleb128 0x3a
 1728 00c4 0B       		.uleb128 0xb
 1729 00c5 3B       		.uleb128 0x3b
 1730 00c6 05       		.uleb128 0x5
 1731 00c7 49       		.uleb128 0x49
 1732 00c8 13       		.uleb128 0x13
 1733 00c9 00       		.byte	0
 1734 00ca 00       		.byte	0
 1735 00cb 12       		.uleb128 0x12
 1736 00cc 0D       		.uleb128 0xd
 1737 00cd 00       		.byte	0
 1738 00ce 03       		.uleb128 0x3
 1739 00cf 0E       		.uleb128 0xe
 1740 00d0 3A       		.uleb128 0x3a
 1741 00d1 0B       		.uleb128 0xb
 1742 00d2 3B       		.uleb128 0x3b
 1743 00d3 05       		.uleb128 0x5
 1744 00d4 49       		.uleb128 0x49
 1745 00d5 13       		.uleb128 0x13
 1746 00d6 00       		.byte	0
 1747 00d7 00       		.byte	0
 1748 00d8 13       		.uleb128 0x13
 1749 00d9 13       		.uleb128 0x13
 1750 00da 01       		.byte	0x1
 1751 00db 0B       		.uleb128 0xb
 1752 00dc 0B       		.uleb128 0xb
 1753 00dd 3A       		.uleb128 0x3a
 1754 00de 0B       		.uleb128 0xb
 1755 00df 3B       		.uleb128 0x3b
 1756 00e0 05       		.uleb128 0x5
 1757 00e1 01       		.uleb128 0x1
 1758 00e2 13       		.uleb128 0x13
 1759 00e3 00       		.byte	0
 1760 00e4 00       		.byte	0
 1761 00e5 14       		.uleb128 0x14
 1762 00e6 2E       		.uleb128 0x2e
 1763 00e7 01       		.byte	0x1
 1764 00e8 3F       		.uleb128 0x3f
 1765 00e9 0C       		.uleb128 0xc
 1766 00ea 03       		.uleb128 0x3
 1767 00eb 08       		.uleb128 0x8
 1768 00ec 3A       		.uleb128 0x3a
 1769 00ed 0B       		.uleb128 0xb
 1770 00ee 3B       		.uleb128 0x3b
 1771 00ef 05       		.uleb128 0x5
GAS Infineon TriCore Little Endian C:\\Users\\user1\\AppData\\Local\\Temp\\rta_RTAOS_638388406317960277_1736001\\ccHs8sdv.s 			page 39


 1772 00f0 27       		.uleb128 0x27
 1773 00f1 0C       		.uleb128 0xc
 1774 00f2 49       		.uleb128 0x49
 1775 00f3 13       		.uleb128 0x13
 1776 00f4 11       		.uleb128 0x11
 1777 00f5 01       		.uleb128 0x1
 1778 00f6 12       		.uleb128 0x12
 1779 00f7 01       		.uleb128 0x1
 1780 00f8 40       		.uleb128 0x40
 1781 00f9 06       		.uleb128 0x6
 1782 00fa 9742     		.uleb128 0x2117
 1783 00fc 0C       		.uleb128 0xc
 1784 00fd 01       		.uleb128 0x1
 1785 00fe 13       		.uleb128 0x13
 1786 00ff 00       		.byte	0
 1787 0100 00       		.byte	0
 1788 0101 15       		.uleb128 0x15
 1789 0102 05       		.uleb128 0x5
 1790 0103 00       		.byte	0
 1791 0104 03       		.uleb128 0x3
 1792 0105 08       		.uleb128 0x8
 1793 0106 3A       		.uleb128 0x3a
 1794 0107 0B       		.uleb128 0xb
 1795 0108 3B       		.uleb128 0x3b
 1796 0109 05       		.uleb128 0x5
 1797 010a 49       		.uleb128 0x49
 1798 010b 13       		.uleb128 0x13
 1799 010c 02       		.uleb128 0x2
 1800 010d 06       		.uleb128 0x6
 1801 010e 00       		.byte	0
 1802 010f 00       		.byte	0
 1803 0110 16       		.uleb128 0x16
 1804 0111 34       		.uleb128 0x34
 1805 0112 00       		.byte	0
 1806 0113 03       		.uleb128 0x3
 1807 0114 08       		.uleb128 0x8
 1808 0115 3A       		.uleb128 0x3a
 1809 0116 0B       		.uleb128 0xb
 1810 0117 3B       		.uleb128 0x3b
 1811 0118 05       		.uleb128 0x5
 1812 0119 49       		.uleb128 0x49
 1813 011a 13       		.uleb128 0x13
 1814 011b 02       		.uleb128 0x2
 1815 011c 06       		.uleb128 0x6
 1816 011d 00       		.byte	0
 1817 011e 00       		.byte	0
 1818 011f 17       		.uleb128 0x17
 1819 0120 34       		.uleb128 0x34
 1820 0121 00       		.byte	0
 1821 0122 03       		.uleb128 0x3
 1822 0123 08       		.uleb128 0x8
 1823 0124 3A       		.uleb128 0x3a
 1824 0125 0B       		.uleb128 0xb
 1825 0126 3B       		.uleb128 0x3b
 1826 0127 05       		.uleb128 0x5
 1827 0128 49       		.uleb128 0x49
 1828 0129 13       		.uleb128 0x13
GAS Infineon TriCore Little Endian C:\\Users\\user1\\AppData\\Local\\Temp\\rta_RTAOS_638388406317960277_1736001\\ccHs8sdv.s 			page 40


 1829 012a 00       		.byte	0
 1830 012b 00       		.byte	0
 1831 012c 18       		.uleb128 0x18
 1832 012d 34       		.uleb128 0x34
 1833 012e 00       		.byte	0
 1834 012f 03       		.uleb128 0x3
 1835 0130 08       		.uleb128 0x8
 1836 0131 3A       		.uleb128 0x3a
 1837 0132 0B       		.uleb128 0xb
 1838 0133 3B       		.uleb128 0x3b
 1839 0134 05       		.uleb128 0x5
 1840 0135 49       		.uleb128 0x49
 1841 0136 13       		.uleb128 0x13
 1842 0137 02       		.uleb128 0x2
 1843 0138 0A       		.uleb128 0xa
 1844 0139 00       		.byte	0
 1845 013a 00       		.byte	0
 1846 013b 19       		.uleb128 0x19
 1847 013c 0B       		.uleb128 0xb
 1848 013d 01       		.byte	0x1
 1849 013e 11       		.uleb128 0x11
 1850 013f 01       		.uleb128 0x1
 1851 0140 12       		.uleb128 0x12
 1852 0141 01       		.uleb128 0x1
 1853 0142 01       		.uleb128 0x1
 1854 0143 13       		.uleb128 0x13
 1855 0144 00       		.byte	0
 1856 0145 00       		.byte	0
 1857 0146 1A       		.uleb128 0x1a
 1858 0147 34       		.uleb128 0x34
 1859 0148 00       		.byte	0
 1860 0149 03       		.uleb128 0x3
 1861 014a 08       		.uleb128 0x8
 1862 014b 3A       		.uleb128 0x3a
 1863 014c 0B       		.uleb128 0xb
 1864 014d 3B       		.uleb128 0x3b
 1865 014e 05       		.uleb128 0x5
 1866 014f 49       		.uleb128 0x49
 1867 0150 13       		.uleb128 0x13
 1868 0151 1C       		.uleb128 0x1c
 1869 0152 05       		.uleb128 0x5
 1870 0153 00       		.byte	0
 1871 0154 00       		.byte	0
 1872 0155 1B       		.uleb128 0x1b
 1873 0156 898201   		.uleb128 0x4109
 1874 0159 01       		.byte	0x1
 1875 015a 11       		.uleb128 0x11
 1876 015b 01       		.uleb128 0x1
 1877 015c 31       		.uleb128 0x31
 1878 015d 13       		.uleb128 0x13
 1879 015e 00       		.byte	0
 1880 015f 00       		.byte	0
 1881 0160 1C       		.uleb128 0x1c
 1882 0161 8A8201   		.uleb128 0x410a
 1883 0164 00       		.byte	0
 1884 0165 02       		.uleb128 0x2
 1885 0166 0A       		.uleb128 0xa
GAS Infineon TriCore Little Endian C:\\Users\\user1\\AppData\\Local\\Temp\\rta_RTAOS_638388406317960277_1736001\\ccHs8sdv.s 			page 41


 1886 0167 9142     		.uleb128 0x2111
 1887 0169 0A       		.uleb128 0xa
 1888 016a 00       		.byte	0
 1889 016b 00       		.byte	0
 1890 016c 1D       		.uleb128 0x1d
 1891 016d 21       		.uleb128 0x21
 1892 016e 00       		.byte	0
 1893 016f 00       		.byte	0
 1894 0170 00       		.byte	0
 1895 0171 1E       		.uleb128 0x1e
 1896 0172 34       		.uleb128 0x34
 1897 0173 00       		.byte	0
 1898 0174 03       		.uleb128 0x3
 1899 0175 08       		.uleb128 0x8
 1900 0176 3A       		.uleb128 0x3a
 1901 0177 0B       		.uleb128 0xb
 1902 0178 3B       		.uleb128 0x3b
 1903 0179 05       		.uleb128 0x5
 1904 017a 49       		.uleb128 0x49
 1905 017b 13       		.uleb128 0x13
 1906 017c 3F       		.uleb128 0x3f
 1907 017d 0C       		.uleb128 0xc
 1908 017e 3C       		.uleb128 0x3c
 1909 017f 0C       		.uleb128 0xc
 1910 0180 00       		.byte	0
 1911 0181 00       		.byte	0
 1912 0182 1F       		.uleb128 0x1f
 1913 0183 2E       		.uleb128 0x2e
 1914 0184 01       		.byte	0x1
 1915 0185 3F       		.uleb128 0x3f
 1916 0186 0C       		.uleb128 0xc
 1917 0187 03       		.uleb128 0x3
 1918 0188 08       		.uleb128 0x8
 1919 0189 3A       		.uleb128 0x3a
 1920 018a 0B       		.uleb128 0xb
 1921 018b 3B       		.uleb128 0x3b
 1922 018c 05       		.uleb128 0x5
 1923 018d 27       		.uleb128 0x27
 1924 018e 0C       		.uleb128 0xc
 1925 018f 3C       		.uleb128 0x3c
 1926 0190 0C       		.uleb128 0xc
 1927 0191 00       		.byte	0
 1928 0192 00       		.byte	0
 1929 0193 20       		.uleb128 0x20
 1930 0194 05       		.uleb128 0x5
 1931 0195 00       		.byte	0
 1932 0196 49       		.uleb128 0x49
 1933 0197 13       		.uleb128 0x13
 1934 0198 00       		.byte	0
 1935 0199 00       		.byte	0
 1936 019a 00       		.byte	0
 1937              	.section .debug_loc,"",@progbits
 1938              	.Ldebug_loc0:
 1939              	.LLST0:
 1940 0000 00000000 		.uaword	.LFB0
 1941 0004 00000000 		.uaword	.LCFI0
 1942 0008 0200     		.uahalf	0x2
GAS Infineon TriCore Little Endian C:\\Users\\user1\\AppData\\Local\\Temp\\rta_RTAOS_638388406317960277_1736001\\ccHs8sdv.s 			page 42


 1943 000a 8A       		.byte	0x8a
 1944 000b 00       		.sleb128 0
 1945 000c 00000000 		.uaword	.LCFI0
 1946 0010 00000000 		.uaword	.LFE0
 1947 0014 0200     		.uahalf	0x2
 1948 0016 8A       		.byte	0x8a
 1949 0017 10       		.sleb128 16
 1950 0018 00000000 		.uaword	0
 1951 001c 00000000 		.uaword	0
 1952              	.LLST1:
 1953 0020 00000000 		.uaword	.LVL0
 1954 0024 00000000 		.uaword	.LVL8-1
 1955 0028 0100     		.uahalf	0x1
 1956 002a 64       		.byte	0x64
 1957 002b 00000000 		.uaword	.LVL8-1
 1958 002f 00000000 		.uaword	.LFE0
 1959 0033 0200     		.uahalf	0x2
 1960 0035 91       		.byte	0x91
 1961 0036 7C       		.sleb128 -4
 1962 0037 00000000 		.uaword	0
 1963 003b 00000000 		.uaword	0
 1964              	.LLST2:
 1965 003f 00000000 		.uaword	.LVL0
 1966 0043 00000000 		.uaword	.LVL7
 1967 0047 0100     		.uahalf	0x1
 1968 0049 54       		.byte	0x54
 1969 004a 00000000 		.uaword	.LVL7
 1970 004e 00000000 		.uaword	.LFE0
 1971 0052 0400     		.uahalf	0x4
 1972 0054 F3       		.byte	0xf3
 1973 0055 01       		.uleb128 0x1
 1974 0056 54       		.byte	0x54
 1975 0057 9F       		.byte	0x9f
 1976 0058 00000000 		.uaword	0
 1977 005c 00000000 		.uaword	0
 1978              	.LLST3:
 1979 0060 00000000 		.uaword	.LVL0
 1980 0064 00000000 		.uaword	.LVL6
 1981 0068 0200     		.uahalf	0x2
 1982 006a 30       		.byte	0x30
 1983 006b 9F       		.byte	0x9f
 1984 006c 00000000 		.uaword	.LVL6
 1985 0070 00000000 		.uaword	.LFE0
 1986 0074 0200     		.uahalf	0x2
 1987 0076 31       		.byte	0x31
 1988 0077 9F       		.byte	0x9f
 1989 0078 00000000 		.uaword	0
 1990 007c 00000000 		.uaword	0
 1991              	.LLST4:
 1992 0080 00000000 		.uaword	.LVL4
 1993 0084 00000000 		.uaword	.LVL9
 1994 0088 0100     		.uahalf	0x1
 1995 008a 5F       		.byte	0x5f
 1996 008b 00000000 		.uaword	0
 1997 008f 00000000 		.uaword	0
 1998              	.LLST5:
 1999 0093 00000000 		.uaword	.LVL3
GAS Infineon TriCore Little Endian C:\\Users\\user1\\AppData\\Local\\Temp\\rta_RTAOS_638388406317960277_1736001\\ccHs8sdv.s 			page 43


 2000 0097 00000000 		.uaword	.LVL4
 2001 009b 0100     		.uahalf	0x1
 2002 009d 5F       		.byte	0x5f
 2003 009e 00000000 		.uaword	0
 2004 00a2 00000000 		.uaword	0
 2005              	.LLST6:
 2006 00a6 00000000 		.uaword	.LVL1
 2007 00aa 00000000 		.uaword	.LVL3
 2008 00ae 0100     		.uahalf	0x1
 2009 00b0 5F       		.byte	0x5f
 2010 00b1 00000000 		.uaword	0
 2011 00b5 00000000 		.uaword	0
 2012              	.LLST9:
 2013 00b9 00000000 		.uaword	.LVL8
 2014 00bd 00000000 		.uaword	.LVL9
 2015 00c1 0100     		.uahalf	0x1
 2016 00c3 5F       		.byte	0x5f
 2017 00c4 00000000 		.uaword	0
 2018 00c8 00000000 		.uaword	0
 2019              	.section .debug_aranges,"",@progbits
 2020 0000 1C000000 		.uaword	0x1c
 2021 0004 0200     		.uahalf	0x2
 2022 0006 00000000 		.uaword	.Ldebug_info0
 2023 000a 04       		.byte	0x4
 2024 000b 00       		.byte	0
 2025 000c 0000     		.uahalf	0
 2026 000e 0000     		.uahalf	0
 2027 0010 00000000 		.uaword	.LFB0
 2028 0014 68000000 		.uaword	.LFE0-.LFB0
 2029 0018 00000000 		.uaword	0
 2030 001c 00000000 		.uaword	0
 2031              	.section .debug_ranges,"",@progbits
 2032              	.Ldebug_ranges0:
 2033 0000 00000000 		.uaword	.LFB0
 2034 0004 00000000 		.uaword	.LFE0
 2035 0008 00000000 		.uaword	0
 2036 000c 00000000 		.uaword	0
 2037              	.section .debug_line,"",@progbits
 2038              	.Ldebug_line0:
 2039 0000 36010000 	.section .debug_str,"",@progbits
 2039      02000E01 
 2039      00000201 
 2039      FB0E0D00 
 2039      01010101 
 2040              	.LASF4:
 2041 0000 6170706C 		.string	"application"
 2041      69636174 
 2041      696F6E00 
 2042              	.LASF2:
 2043 000c 64796E61 		.string	"dynamic"
 2043      6D696300 
 2044              	.LASF5:
 2045 0014 61637469 		.string	"activation_count"
 2045      76617469 
 2045      6F6E5F63 
 2045      6F756E74 
 2045      00
GAS Infineon TriCore Little Endian C:\\Users\\user1\\AppData\\Local\\Temp\\rta_RTAOS_638388406317960277_1736001\\ccHs8sdv.s 			page 44


 2046              	.LASF6:
 2047 0025 74706D61 		.string	"tpmask"
 2047      736B00
 2048              	.LASF1:
 2049 002c 656E7472 		.string	"entry_function"
 2049      795F6675 
 2049      6E637469 
 2049      6F6E00
 2050              	.LASF3:
 2051 003b 61636365 		.string	"access"
 2051      737300
 2052              	.LASF0:
 2053 0042 7265736F 		.string	"resource_count"
 2053      75726365 
 2053      5F636F75 
 2053      6E7400
 2054              		.extern	Os_ErrorLog,STT_FUNC,0
 2055              		.extern	Os_const_coreconfiguration,STT_OBJECT,-1
 2056              		.ident	"GCC: (HighTec Release HDP-v4.9.4.1-11fcedf) 4.9.4 build on 2020-09-01"
