GAS Infineon TriCore Little Endian C:\\Users\\user1\\AppData\\Local\\Temp\\rta_RTAOS_638388406317960277_1736001\\ccbmSdPS.s 			page 1


   1              		.file	"ShutdownAllCores.c"
   2              	.section .text,"ax",@progbits
   3              	.Ltext0:
   4              	.section .text.Os_ShutdownAllCores,"ax",@progbits
   5              		.align 1
   6              		.global	Os_ShutdownAllCores
   7              		.type	Os_ShutdownAllCores, @function
   8              	Os_ShutdownAllCores:
   9              	.LFB0:
  10              		.file 1 "C:\\Users\\user1\\AppData\\Local\\Temp\\rta_RTAOS_638388406317960277_1736001\\ShutdownAll
  11              		.loc 1 1368 0
  12              	.LVL0:
  13              	.LBB2:
  14              		.loc 1 1370 0
  15              	#APP
  16              		# 1370 "C:\Users\user1\AppData\Local\Temp\rta_RTAOS_638388406317960277_1736001\ShutdownAllCores.c"
  17 0000 4DC0E1FF 		mfcr %d15,0xfe1c
  18              		# 0 "" 2
  19              	.LVL1:
  20              	#NO_APP
  21              	.LBE2:
  22              		.loc 1 1371 0
  23 0004 910000F0 		movh.a	%a15, hi:Os_const_coreconfiguration
  24 0008 80F3     		mov.d	%d3, %a15
  25 000a 1B030020 		addi	%d2, %d3, lo:Os_const_coreconfiguration
  26 000e 138F2132 		madd	%d3, %d2, %d15, 24
  27 0012 603F     		mov.a	%a15, %d3
  28 0014 C81F     		ld.a	%a15, [%a15] 4
  29              	.LVL2:
  30              	.LBB3:
  31              		.loc 1 1374 0
  32              	#APP
  33              		# 1374 "C:\Users\user1\AppData\Local\Temp\rta_RTAOS_638388406317960277_1736001\ShutdownAllCores.c"
  34 0016 4D40E0FF 		mfcr %d15,0xfe04
  35              		# 0 "" 2
  36              	.LVL3:
  37              	#NO_APP
  38              	.LBE3:
  39 001a 6FBF2700 		jz.t	%d15, 11, .L1
****  Notice:Expanding jz.t-ifm -> jz.t-d5o
  40              		.loc 1 1377 0
  41 001e 3B50FBFF 		mov	%d15, -75
  42              	.LVL4:
  43 0022 0248     		mov	%d8, %d4
  44 0024 E9FF1800 		st.b	[%a15] 24, %d15
  45              		.loc 1 1379 0
  46              	#APP
  47              		# 1379 "C:\Users\user1\AppData\Local\Temp\rta_RTAOS_638388406317960277_1736001\ShutdownAllCores.c"
  48 0028 0D004003 		disable
  49              		# 0 "" 2
  50              	.LVL5:
  51              	#NO_APP
  52              	.LBB4:
  53 002c BBF00FF8 		mov.u	%d15, 33023
  54              	#APP
  55              		# 1379 "C:\Users\user1\AppData\Local\Temp\rta_RTAOS_638388406317960277_1736001\ShutdownAllCores.c"
  56 0030 CDCFE20F 		mtcr 0xFE2C,%d15
GAS Infineon TriCore Little Endian C:\\Users\\user1\\AppData\\Local\\Temp\\rta_RTAOS_638388406317960277_1736001\\ccbmSdPS.s 			page 2


  57              		# 0 "" 2
  58              	#NO_APP
  59              	.LBE4:
  60              	#APP
  61              		# 1379 "C:\Users\user1\AppData\Local\Temp\rta_RTAOS_638388406317960277_1736001\ShutdownAllCores.c"
  62 0034 0D00C004 		isync
  63              		# 0 "" 2
  64              		.loc 1 1380 0
  65              	#NO_APP
  66 0038 91000020 		movh.a	%a2, hi:Os_ShutdownAllCores_Indicator
  67 003c 9A14     		add	%d15, %d4, 1
  68 003e E92F0000 		st.b	[%a2] lo:Os_ShutdownAllCores_Indicator, %d15
  69              	.LBB5:
  70              		.loc 1 1381 0
  71              	#APP
  72              		# 1381 "C:\Users\user1\AppData\Local\Temp\rta_RTAOS_638388406317960277_1736001\ShutdownAllCores.c"
  73 0042 4DC0E1FF 		mfcr %d15,0xfe1c
  74              		# 0 "" 2
  75              	.LVL6:
  76              	#NO_APP
  77              	.LBE5:
  78 0046 370F70F0 		extr.u	%d15, %d15, 0, 16
  79              	.LVL7:
  80              		.loc 1 1382 0
  81 004a EE10     		jnz	%d15, .L12
  82              		.loc 1 1383 0
  83 004c 8214     		mov	%d4, 1
  84              	.LVL8:
  85 004e 6D000000 		call	Os_RaiseCrossCoreISR
****  Notice:Expanding call-R -> call-O
  86              	.LVL9:
  87              	.L5:
  88              		.loc 1 1384 0 discriminator 1
  89 0052 8224     		mov	%d4, 2
  90 0054 6D000000 		call	Os_RaiseCrossCoreISR
****  Notice:Expanding call-R -> call-O
  91              	.LVL10:
  92              	.L7:
  93              		.loc 1 1385 0
  94 0058 0284     		mov	%d4, %d8
  95              		.loc 1 1387 0
  96 005a 3B40FBFF 		mov	%d15, -76
  97              	.LVL11:
  98              		.loc 1 1385 0
  99 005e 6D000000 		call	Os_ShutdownOS
****  Notice:Expanding call-R -> call-O
 100              	.LVL12:
 101              		.loc 1 1387 0
 102 0062 E9FF1800 		st.b	[%a15] 24, %d15
 103              		.loc 1 1388 0
 104 0066 0090     		ret
 105              	.LVL13:
 106              	.L1:
 107 0068 0090     		ret
 108              	.LVL14:
 109              	.L12:
 110              		.loc 1 1382 0 discriminator 1
GAS Infineon TriCore Little Endian C:\\Users\\user1\\AppData\\Local\\Temp\\rta_RTAOS_638388406317960277_1736001\\ccbmSdPS.s 			page 3


 111 006a 8204     		mov	%d4, 0
 112              	.LVL15:
 113 006c 6D000000 		call	Os_RaiseCrossCoreISR
****  Notice:Expanding call-R -> call-O
 114              	.LVL16:
 115              		.loc 1 1383 0 discriminator 1
 116 0070 DF1FF17F 		jeq	%d15, 1, .L5
****  Notice:Expanding jeq-i4x -> jeq-d4o
 117 0074 8214     		mov	%d4, 1
 118 0076 6D000000 		call	Os_RaiseCrossCoreISR
****  Notice:Expanding call-R -> call-O
 119              	.LVL17:
 120              		.loc 1 1384 0 discriminator 1
 121 007a DF2FEF7F 		jeq	%d15, 2, .L7
****  Notice:Expanding jeq-i4x -> jeq-d4o
 122 007e 3CEA     		j	.L5
 123              	.LFE0:
 124              		.size	Os_ShutdownAllCores, .-Os_ShutdownAllCores
 125              	.section .debug_frame,"",@progbits
 126              	.Lframe0:
 127 0000 0C000000 		.uaword	.LECIE0-.LSCIE0
 128              	.LSCIE0:
 129 0004 FFFFFFFF 		.uaword	0xffffffff
 130 0008 01       		.byte	0x1
 131 0009 00       		.string	""
 132 000a 01       		.uleb128 0x1
 133 000b 01       		.sleb128 1
 134 000c 1B       		.byte	0x1b
 135 000d 0C       		.byte	0xc
 136 000e 1A       		.uleb128 0x1a
 137 000f 00       		.uleb128 0
 138              		.align 2
 139              	.LECIE0:
 140              	.LSFDE0:
 141 0010 0C000000 		.uaword	.LEFDE0-.LASFDE0
 142              	.LASFDE0:
 143 0014 00000000 		.uaword	.Lframe0
 144 0018 00000000 		.uaword	.LFB0
 145 001c 80000000 		.uaword	.LFE0-.LFB0
 146              		.align 2
 147              	.LEFDE0:
 148              	.section .text,"ax",@progbits
 149              	.Letext0:
 150              		.file 2 "D:\\home\\user123\\user\\Mohan6_VectorSIP\\21Dec23\\15Dec23_CAN_merge_21stDec\\25_Softwar
 151              		.file 3 "D:\\home\\user123\\user\\Mohan6_VectorSIP\\21Dec23\\15Dec23_CAN_merge_21stDec\\25_Softwar
 152              	.section .debug_info,"",@progbits
 153              	.Ldebug_info0:
 154 0000 A9110000 		.uaword	0x11a9
 155 0004 0200     		.uahalf	0x2
 156 0006 00000000 		.uaword	.Ldebug_abbrev0
 157 000a 04       		.byte	0x4
 158 000b 01       		.uleb128 0x1
 159 000c 474E5520 		.ascii	"GNU C 4."
 159      4320342E 
 160 0014 392E3420 		.string	"9.4 build on 2020-09-01 -mlicense-dir=c:\\hightec\\toolchains\\tricore\\v4.9.4.1\\bin\\..
 160      6275696C 
 160      64206F6E 
GAS Infineon TriCore Little Endian C:\\Users\\user1\\AppData\\Local\\Temp\\rta_RTAOS_638388406317960277_1736001\\ccbmSdPS.s 			page 4


 160      20323032 
 160      302D3039 
 161 0115 01       		.byte	0x1
 162 0116 433A5C55 		.string	"C:\\Users\\user1\\AppData\\Local\\Temp\\rta_RTAOS_638388406317960277_1736001\\ShutdownAll
 162      73657273 
 162      5C757365 
 162      72315C41 
 162      70704461 
 163 0170 00000000 		.uaword	.Ldebug_ranges0+0
 164 0174 00000000 		.uaword	0
 165 0178 00000000 		.uaword	0
 166 017c 00000000 		.uaword	.Ldebug_line0
 167 0180 02       		.uleb128 0x2
 168 0181 75696E74 		.string	"uint8"
 168      3800
 169 0187 02       		.byte	0x2
 170 0188 34       		.byte	0x34
 171 0189 8D010000 		.uaword	0x18d
 172 018d 03       		.uleb128 0x3
 173 018e 01       		.byte	0x1
 174 018f 08       		.byte	0x8
 175 0190 756E7369 		.string	"unsigned char"
 175      676E6564 
 175      20636861 
 175      7200
 176 019e 02       		.uleb128 0x2
 177 019f 75696E74 		.string	"uint16"
 177      313600
 178 01a6 02       		.byte	0x2
 179 01a7 35       		.byte	0x35
 180 01a8 AC010000 		.uaword	0x1ac
 181 01ac 03       		.uleb128 0x3
 182 01ad 02       		.byte	0x2
 183 01ae 07       		.byte	0x7
 184 01af 73686F72 		.string	"short unsigned int"
 184      7420756E 
 184      7369676E 
 184      65642069 
 184      6E7400
 185 01c2 02       		.uleb128 0x2
 186 01c3 75696E74 		.string	"uint32"
 186      333200
 187 01ca 02       		.byte	0x2
 188 01cb 36       		.byte	0x36
 189 01cc D0010000 		.uaword	0x1d0
 190 01d0 03       		.uleb128 0x3
 191 01d1 04       		.byte	0x4
 192 01d2 07       		.byte	0x7
 193 01d3 756E7369 		.string	"unsigned int"
 193      676E6564 
 193      20696E74 
 193      00
 194 01e0 03       		.uleb128 0x3
 195 01e1 01       		.byte	0x1
 196 01e2 06       		.byte	0x6
 197 01e3 7369676E 		.string	"signed char"
 197      65642063 
GAS Infineon TriCore Little Endian C:\\Users\\user1\\AppData\\Local\\Temp\\rta_RTAOS_638388406317960277_1736001\\ccbmSdPS.s 			page 5


 197      68617200 
 198 01ef 03       		.uleb128 0x3
 199 01f0 02       		.byte	0x2
 200 01f1 05       		.byte	0x5
 201 01f2 73686F72 		.string	"short int"
 201      7420696E 
 201      7400
 202 01fc 03       		.uleb128 0x3
 203 01fd 04       		.byte	0x4
 204 01fe 05       		.byte	0x5
 205 01ff 696E7400 		.string	"int"
 206 0203 03       		.uleb128 0x3
 207 0204 04       		.byte	0x4
 208 0205 04       		.byte	0x4
 209 0206 666C6F61 		.string	"float"
 209      7400
 210 020c 03       		.uleb128 0x3
 211 020d 08       		.byte	0x8
 212 020e 04       		.byte	0x4
 213 020f 646F7562 		.string	"double"
 213      6C6500
 214 0216 03       		.uleb128 0x3
 215 0217 08       		.byte	0x8
 216 0218 05       		.byte	0x5
 217 0219 6C6F6E67 		.string	"long long int"
 217      206C6F6E 
 217      6720696E 
 217      7400
 218 0227 03       		.uleb128 0x3
 219 0228 08       		.byte	0x8
 220 0229 07       		.byte	0x7
 221 022a 6C6F6E67 		.string	"long long unsigned int"
 221      206C6F6E 
 221      6720756E 
 221      7369676E 
 221      65642069 
 222 0241 02       		.uleb128 0x2
 223 0242 626F6F6C 		.string	"boolean"
 223      65616E00 
 224 024a 02       		.byte	0x2
 225 024b 49       		.byte	0x49
 226 024c 8D010000 		.uaword	0x18d
 227 0250 02       		.uleb128 0x2
 228 0251 53746174 		.string	"StatusType"
 228      75735479 
 228      706500
 229 025c 03       		.byte	0x3
 230 025d 28       		.byte	0x28
 231 025e 8D010000 		.uaword	0x18d
 232 0262 04       		.uleb128 0x4
 233 0263 08       		.byte	0x8
 234 0264 01       		.byte	0x1
 235 0265 7C       		.byte	0x7c
 236 0266 A1020000 		.uaword	0x2a1
 237 026a 05       		.uleb128 0x5
 238 026b 436C6173 		.string	"Class"
 238      7300
GAS Infineon TriCore Little Endian C:\\Users\\user1\\AppData\\Local\\Temp\\rta_RTAOS_638388406317960277_1736001\\ccbmSdPS.s 			page 6


 239 0271 01       		.byte	0x1
 240 0272 7D       		.byte	0x7d
 241 0273 80010000 		.uaword	0x180
 242 0277 02       		.byte	0x2
 243 0278 23       		.byte	0x23
 244 0279 00       		.uleb128 0
 245 027a 05       		.uleb128 0x5
 246 027b 54494E00 		.string	"TIN"
 247 027f 01       		.byte	0x1
 248 0280 7E       		.byte	0x7e
 249 0281 80010000 		.uaword	0x180
 250 0285 02       		.byte	0x2
 251 0286 23       		.byte	0x23
 252 0287 01       		.uleb128 0x1
 253 0288 05       		.uleb128 0x5
 254 0289 52657475 		.string	"ReturnAddress"
 254      726E4164 
 254      64726573 
 254      7300
 255 0297 01       		.byte	0x1
 256 0298 7F       		.byte	0x7f
 257 0299 C2010000 		.uaword	0x1c2
 258 029d 02       		.byte	0x2
 259 029e 23       		.byte	0x23
 260 029f 04       		.uleb128 0x4
 261 02a0 00       		.byte	0
 262 02a1 02       		.uleb128 0x2
 263 02a2 4F735472 		.string	"OsTrapInfoType"
 263      6170496E 
 263      666F5479 
 263      706500
 264 02b1 01       		.byte	0x1
 265 02b2 80       		.byte	0x80
 266 02b3 62020000 		.uaword	0x262
 267 02b7 02       		.uleb128 0x2
 268 02b8 75696E74 		.string	"uint32_aligned"
 268      33325F61 
 268      6C69676E 
 268      656400
 269 02c7 01       		.byte	0x1
 270 02c8 86       		.byte	0x86
 271 02c9 C2010000 		.uaword	0x1c2
 272 02cd 04       		.uleb128 0x4
 273 02ce 44       		.byte	0x44
 274 02cf 01       		.byte	0x1
 275 02d0 AB       		.byte	0xab
 276 02d1 E6020000 		.uaword	0x2e6
 277 02d5 05       		.uleb128 0x5
 278 02d6 73746F72 		.string	"store"
 278      6500
 279 02dc 01       		.byte	0x1
 280 02dd AC       		.byte	0xac
 281 02de E6020000 		.uaword	0x2e6
 282 02e2 02       		.byte	0x2
 283 02e3 23       		.byte	0x23
 284 02e4 00       		.uleb128 0
 285 02e5 00       		.byte	0
GAS Infineon TriCore Little Endian C:\\Users\\user1\\AppData\\Local\\Temp\\rta_RTAOS_638388406317960277_1736001\\ccbmSdPS.s 			page 7


 286 02e6 06       		.uleb128 0x6
 287 02e7 C2010000 		.uaword	0x1c2
 288 02eb F6020000 		.uaword	0x2f6
 289 02ef 07       		.uleb128 0x7
 290 02f0 F6020000 		.uaword	0x2f6
 291 02f4 10       		.byte	0x10
 292 02f5 00       		.byte	0
 293 02f6 03       		.uleb128 0x3
 294 02f7 04       		.byte	0x4
 295 02f8 07       		.byte	0x7
 296 02f9 73697A65 		.string	"sizetype"
 296      74797065 
 296      00
 297 0302 02       		.uleb128 0x2
 298 0303 4F735F4A 		.string	"Os_JumpBufType"
 298      756D7042 
 298      75665479 
 298      706500
 299 0312 01       		.byte	0x1
 300 0313 AD       		.byte	0xad
 301 0314 18030000 		.uaword	0x318
 302 0318 06       		.uleb128 0x6
 303 0319 CD020000 		.uaword	0x2cd
 304 031d 28030000 		.uaword	0x328
 305 0321 07       		.uleb128 0x7
 306 0322 F6020000 		.uaword	0x2f6
 307 0326 00       		.byte	0
 308 0327 00       		.byte	0
 309 0328 02       		.uleb128 0x2
 310 0329 4F735F52 		.string	"Os_ResourceCountType"
 310      65736F75 
 310      72636543 
 310      6F756E74 
 310      54797065 
 311 033e 01       		.byte	0x1
 312 033f BE       		.byte	0xbe
 313 0340 8D010000 		.uaword	0x18d
 314 0344 02       		.uleb128 0x2
 315 0345 4F735F53 		.string	"Os_StackTraceType"
 315      7461636B 
 315      54726163 
 315      65547970 
 315      6500
 316 0357 01       		.byte	0x1
 317 0358 BF       		.byte	0xbf
 318 0359 D0010000 		.uaword	0x1d0
 319 035d 04       		.uleb128 0x4
 320 035e 08       		.byte	0x8
 321 035f 01       		.byte	0x1
 322 0360 C0       		.byte	0xc0
 323 0361 81030000 		.uaword	0x381
 324 0365 05       		.uleb128 0x5
 325 0366 737000   		.string	"sp"
 326 0369 01       		.byte	0x1
 327 036a C0       		.byte	0xc0
 328 036b 44030000 		.uaword	0x344
 329 036f 02       		.byte	0x2
GAS Infineon TriCore Little Endian C:\\Users\\user1\\AppData\\Local\\Temp\\rta_RTAOS_638388406317960277_1736001\\ccbmSdPS.s 			page 8


 330 0370 23       		.byte	0x23
 331 0371 00       		.uleb128 0
 332 0372 05       		.uleb128 0x5
 333 0373 63747800 		.string	"ctx"
 334 0377 01       		.byte	0x1
 335 0378 C0       		.byte	0xc0
 336 0379 44030000 		.uaword	0x344
 337 037d 02       		.byte	0x2
 338 037e 23       		.byte	0x23
 339 037f 04       		.uleb128 0x4
 340 0380 00       		.byte	0
 341 0381 02       		.uleb128 0x2
 342 0382 4F735F53 		.string	"Os_StackValueType"
 342      7461636B 
 342      56616C75 
 342      65547970 
 342      6500
 343 0394 01       		.byte	0x1
 344 0395 C0       		.byte	0xc0
 345 0396 5D030000 		.uaword	0x35d
 346 039a 02       		.uleb128 0x2
 347 039b 4F735F53 		.string	"Os_StackSizeType"
 347      7461636B 
 347      53697A65 
 347      54797065 
 347      00
 348 03ac 01       		.byte	0x1
 349 03ad C1       		.byte	0xc1
 350 03ae 81030000 		.uaword	0x381
 351 03b2 02       		.uleb128 0x2
 352 03b3 4F735F56 		.string	"Os_VoidVoidFunctionType"
 352      6F696456 
 352      6F696446 
 352      756E6374 
 352      696F6E54 
 353 03cb 01       		.byte	0x1
 354 03cc C7       		.byte	0xc7
 355 03cd D1030000 		.uaword	0x3d1
 356 03d1 08       		.uleb128 0x8
 357 03d2 04       		.byte	0x4
 358 03d3 D7030000 		.uaword	0x3d7
 359 03d7 09       		.uleb128 0x9
 360 03d8 01       		.byte	0x1
 361 03d9 02       		.uleb128 0x2
 362 03da 4170706C 		.string	"ApplicationType"
 362      69636174 
 362      696F6E54 
 362      79706500 
 363 03ea 01       		.byte	0x1
 364 03eb D5       		.byte	0xd5
 365 03ec 8D010000 		.uaword	0x18d
 366 03f0 02       		.uleb128 0x2
 367 03f1 4F735F43 		.string	"Os_CoreStateType"
 367      6F726553 
 367      74617465 
 367      54797065 
 367      00
GAS Infineon TriCore Little Endian C:\\Users\\user1\\AppData\\Local\\Temp\\rta_RTAOS_638388406317960277_1736001\\ccbmSdPS.s 			page 9


 368 0402 01       		.byte	0x1
 369 0403 E7       		.byte	0xe7
 370 0404 C2010000 		.uaword	0x1c2
 371 0408 02       		.uleb128 0x2
 372 0409 4F735F53 		.string	"Os_StopwatchTickType"
 372      746F7077 
 372      61746368 
 372      5469636B 
 372      54797065 
 373 041e 01       		.byte	0x1
 374 041f FD       		.byte	0xfd
 375 0420 D0010000 		.uaword	0x1d0
 376 0424 0A       		.uleb128 0xa
 377 0425 4F735F54 		.string	"Os_TerminatorType"
 377      65726D69 
 377      6E61746F 
 377      72547970 
 377      6500
 378 0437 01       		.byte	0x1
 379 0438 0201     		.uahalf	0x102
 380 043a 3E040000 		.uaword	0x43e
 381 043e 08       		.uleb128 0x8
 382 043f 04       		.byte	0x4
 383 0440 02030000 		.uaword	0x302
 384 0444 0A       		.uleb128 0xa
 385 0445 4F735F4C 		.string	"Os_Lockable"
 385      6F636B61 
 385      626C6500 
 386 0451 01       		.byte	0x1
 387 0452 0701     		.uahalf	0x107
 388 0454 B7020000 		.uaword	0x2b7
 389 0458 0A       		.uleb128 0xa
 390 0459 436F7265 		.string	"CoreIdType"
 390      49645479 
 390      706500
 391 0464 01       		.byte	0x1
 392 0465 0901     		.uahalf	0x109
 393 0467 9E010000 		.uaword	0x19e
 394 046b 0B       		.uleb128 0xb
 395 046c 44040000 		.uaword	0x444
 396 0470 0C       		.uleb128 0xc
 397 0471 4F735F43 		.string	"Os_ControlledCoreType_s"
 397      6F6E7472 
 397      6F6C6C65 
 397      64436F72 
 397      65547970 
 398 0489 58       		.byte	0x58
 399 048a 01       		.byte	0x1
 400 048b 1004     		.uahalf	0x410
 401 048d 6E060000 		.uaword	0x66e
 402 0491 0D       		.uleb128 0xd
 403 0492 54726170 		.string	"TrapInfo"
 403      496E666F 
 403      00
 404 049b 01       		.byte	0x1
 405 049c 1104     		.uahalf	0x411
 406 049e A1020000 		.uaword	0x2a1
GAS Infineon TriCore Little Endian C:\\Users\\user1\\AppData\\Local\\Temp\\rta_RTAOS_638388406317960277_1736001\\ccbmSdPS.s 			page 10


 407 04a2 02       		.byte	0x2
 408 04a3 23       		.byte	0x23
 409 04a4 00       		.uleb128 0
 410 04a5 0D       		.uleb128 0xd
 411 04a6 4572726F 		.string	"ErrorInformation"
 411      72496E66 
 411      6F726D61 
 411      74696F6E 
 411      00
 412 04b7 01       		.byte	0x1
 413 04b8 1204     		.uahalf	0x412
 414 04ba FD0C0000 		.uaword	0xcfd
 415 04be 02       		.byte	0x2
 416 04bf 23       		.byte	0x23
 417 04c0 08       		.uleb128 0x8
 418 04c1 0D       		.uleb128 0xd
 419 04c2 6C6F636B 		.string	"lock_taskaccess"
 419      5F746173 
 419      6B616363 
 419      65737300 
 420 04d2 01       		.byte	0x1
 421 04d3 1304     		.uahalf	0x413
 422 04d5 6B040000 		.uaword	0x46b
 423 04d9 02       		.byte	0x2
 424 04da 23       		.byte	0x23
 425 04db 18       		.uleb128 0x18
 426 04dc 0D       		.uleb128 0xd
 427 04dd 52656164 		.string	"ReadyTasks"
 427      79546173 
 427      6B7300
 428 04e8 01       		.byte	0x1
 429 04e9 1404     		.uahalf	0x414
 430 04eb 330D0000 		.uaword	0xd33
 431 04ef 02       		.byte	0x2
 432 04f0 23       		.byte	0x23
 433 04f1 1C       		.uleb128 0x1c
 434 04f2 0D       		.uleb128 0xd
 435 04f3 52756E6E 		.string	"RunningISR"
 435      696E6749 
 435      535200
 436 04fe 01       		.byte	0x1
 437 04ff 1504     		.uahalf	0x415
 438 0501 380D0000 		.uaword	0xd38
 439 0505 02       		.byte	0x2
 440 0506 23       		.byte	0x23
 441 0507 20       		.uleb128 0x20
 442 0508 0D       		.uleb128 0xd
 443 0509 52756E6E 		.string	"RunningTask"
 443      696E6754 
 443      61736B00 
 444 0515 01       		.byte	0x1
 445 0516 1604     		.uahalf	0x416
 446 0518 3D0D0000 		.uaword	0xd3d
 447 051c 02       		.byte	0x2
 448 051d 23       		.byte	0x23
 449 051e 24       		.uleb128 0x24
 450 051f 0D       		.uleb128 0xd
GAS Infineon TriCore Little Endian C:\\Users\\user1\\AppData\\Local\\Temp\\rta_RTAOS_638388406317960277_1736001\\ccbmSdPS.s 			page 11


 451 0520 52756E6E 		.string	"RunningTPMask"
 451      696E6754 
 451      504D6173 
 451      6B00
 452 052e 01       		.byte	0x1
 453 052f 1704     		.uahalf	0x417
 454 0531 420D0000 		.uaword	0xd42
 455 0535 02       		.byte	0x2
 456 0536 23       		.byte	0x23
 457 0537 28       		.uleb128 0x28
 458 0538 0D       		.uleb128 0xd
 459 0539 5465726D 		.string	"TerminatingTasks"
 459      696E6174 
 459      696E6754 
 459      61736B73 
 459      00
 460 054a 01       		.byte	0x1
 461 054b 1804     		.uahalf	0x418
 462 054d 330D0000 		.uaword	0xd33
 463 0551 02       		.byte	0x2
 464 0552 23       		.byte	0x23
 465 0553 2C       		.uleb128 0x2c
 466 0554 0D       		.uleb128 0xd
 467 0555 4170706C 		.string	"Application"
 467      69636174 
 467      696F6E00 
 468 0561 01       		.byte	0x1
 469 0562 1904     		.uahalf	0x419
 470 0564 D9030000 		.uaword	0x3d9
 471 0568 02       		.byte	0x2
 472 0569 23       		.byte	0x23
 473 056a 30       		.uleb128 0x30
 474 056b 0D       		.uleb128 0xd
 475 056c 43757272 		.string	"CurrentTerminator"
 475      656E7454 
 475      65726D69 
 475      6E61746F 
 475      7200
 476 057e 01       		.byte	0x1
 477 057f 1A04     		.uahalf	0x41a
 478 0581 470D0000 		.uaword	0xd47
 479 0585 02       		.byte	0x2
 480 0586 23       		.byte	0x23
 481 0587 34       		.uleb128 0x34
 482 0588 0D       		.uleb128 0xd
 483 0589 43757272 		.string	"CurrentMeteredObject"
 483      656E744D 
 483      65746572 
 483      65644F62 
 483      6A656374 
 484 059e 01       		.byte	0x1
 485 059f 1B04     		.uahalf	0x41b
 486 05a1 DA060000 		.uaword	0x6da
 487 05a5 02       		.byte	0x2
 488 05a6 23       		.byte	0x23
 489 05a7 38       		.uleb128 0x38
 490 05a8 0D       		.uleb128 0xd
GAS Infineon TriCore Little Endian C:\\Users\\user1\\AppData\\Local\\Temp\\rta_RTAOS_638388406317960277_1736001\\ccbmSdPS.s 			page 12


 491 05a9 49646C65 		.string	"IdleMeter"
 491      4D657465 
 491      7200
 492 05b3 01       		.byte	0x1
 493 05b4 1C04     		.uahalf	0x41c
 494 05b6 C1060000 		.uaword	0x6c1
 495 05ba 02       		.byte	0x2
 496 05bb 23       		.byte	0x23
 497 05bc 3C       		.uleb128 0x3c
 498 05bd 0D       		.uleb128 0xd
 499 05be 41707041 		.string	"AppAccess"
 499      63636573 
 499      7300
 500 05c8 01       		.byte	0x1
 501 05c9 1D04     		.uahalf	0x41d
 502 05cb 80010000 		.uaword	0x180
 503 05cf 02       		.byte	0x2
 504 05d0 23       		.byte	0x23
 505 05d1 48       		.uleb128 0x48
 506 05d2 0D       		.uleb128 0xd
 507 05d3 4170704F 		.string	"AppOverride"
 507      76657272 
 507      69646500 
 508 05df 01       		.byte	0x1
 509 05e0 1E04     		.uahalf	0x41e
 510 05e2 4C0D0000 		.uaword	0xd4c
 511 05e6 02       		.byte	0x2
 512 05e7 23       		.byte	0x23
 513 05e8 49       		.uleb128 0x49
 514 05e9 0D       		.uleb128 0xd
 515 05ea 47657453 		.string	"GetStackValueAdjust"
 515      7461636B 
 515      56616C75 
 515      6541646A 
 515      75737400 
 516 05fe 01       		.byte	0x1
 517 05ff 1F04     		.uahalf	0x41f
 518 0601 9A030000 		.uaword	0x39a
 519 0605 02       		.byte	0x2
 520 0606 23       		.byte	0x23
 521 0607 4C       		.uleb128 0x4c
 522 0608 0D       		.uleb128 0xd
 523 0609 496E4572 		.string	"InErrorHook"
 523      726F7248 
 523      6F6F6B00 
 524 0615 01       		.byte	0x1
 525 0616 2004     		.uahalf	0x420
 526 0618 41020000 		.uaword	0x241
 527 061c 02       		.byte	0x2
 528 061d 23       		.byte	0x23
 529 061e 54       		.uleb128 0x54
 530 061f 0D       		.uleb128 0xd
 531 0620 496E5072 		.string	"InProtectionHook"
 531      6F746563 
 531      74696F6E 
 531      486F6F6B 
 531      00
GAS Infineon TriCore Little Endian C:\\Users\\user1\\AppData\\Local\\Temp\\rta_RTAOS_638388406317960277_1736001\\ccbmSdPS.s 			page 13


 532 0631 01       		.byte	0x1
 533 0632 2104     		.uahalf	0x421
 534 0634 41020000 		.uaword	0x241
 535 0638 02       		.byte	0x2
 536 0639 23       		.byte	0x23
 537 063a 55       		.uleb128 0x55
 538 063b 0D       		.uleb128 0xd
 539 063c 436F7265 		.string	"CoreIsActive"
 539      49734163 
 539      74697665 
 539      00
 540 0649 01       		.byte	0x1
 541 064a 2204     		.uahalf	0x422
 542 064c 41020000 		.uaword	0x241
 543 0650 02       		.byte	0x2
 544 0651 23       		.byte	0x23
 545 0652 56       		.uleb128 0x56
 546 0653 0D       		.uleb128 0xd
 547 0654 496E5368 		.string	"InShutdownHook"
 547      7574646F 
 547      776E486F 
 547      6F6B00
 548 0663 01       		.byte	0x1
 549 0664 2304     		.uahalf	0x423
 550 0666 41020000 		.uaword	0x241
 551 066a 02       		.byte	0x2
 552 066b 23       		.byte	0x23
 553 066c 57       		.uleb128 0x57
 554 066d 00       		.byte	0
 555 066e 0C       		.uleb128 0xc
 556 066f 4F735F4D 		.string	"Os_MeterInfoType_s"
 556      65746572 
 556      496E666F 
 556      54797065 
 556      5F7300
 557 0682 0C       		.byte	0xc
 558 0683 01       		.byte	0x1
 559 0684 7201     		.uahalf	0x172
 560 0686 C1060000 		.uaword	0x6c1
 561 068a 0D       		.uleb128 0xd
 562 068b 656C6170 		.string	"elapsed"
 562      73656400 
 563 0693 01       		.byte	0x1
 564 0694 7301     		.uahalf	0x173
 565 0696 08040000 		.uaword	0x408
 566 069a 02       		.byte	0x2
 567 069b 23       		.byte	0x23
 568 069c 00       		.uleb128 0
 569 069d 0D       		.uleb128 0xd
 570 069e 70726576 		.string	"previous"
 570      696F7573 
 570      00
 571 06a7 01       		.byte	0x1
 572 06a8 7401     		.uahalf	0x174
 573 06aa 08040000 		.uaword	0x408
 574 06ae 02       		.byte	0x2
 575 06af 23       		.byte	0x23
GAS Infineon TriCore Little Endian C:\\Users\\user1\\AppData\\Local\\Temp\\rta_RTAOS_638388406317960277_1736001\\ccbmSdPS.s 			page 14


 576 06b0 04       		.uleb128 0x4
 577 06b1 0D       		.uleb128 0xd
 578 06b2 6D617800 		.string	"max"
 579 06b6 01       		.byte	0x1
 580 06b7 7501     		.uahalf	0x175
 581 06b9 08040000 		.uaword	0x408
 582 06bd 02       		.byte	0x2
 583 06be 23       		.byte	0x23
 584 06bf 08       		.uleb128 0x8
 585 06c0 00       		.byte	0
 586 06c1 0A       		.uleb128 0xa
 587 06c2 4F735F4D 		.string	"Os_MeterInfoType"
 587      65746572 
 587      496E666F 
 587      54797065 
 587      00
 588 06d3 01       		.byte	0x1
 589 06d4 7601     		.uahalf	0x176
 590 06d6 6E060000 		.uaword	0x66e
 591 06da 0A       		.uleb128 0xa
 592 06db 4F735F4D 		.string	"Os_MeterInfoRefType"
 592      65746572 
 592      496E666F 
 592      52656654 
 592      79706500 
 593 06ef 01       		.byte	0x1
 594 06f0 7701     		.uahalf	0x177
 595 06f2 F6060000 		.uaword	0x6f6
 596 06f6 08       		.uleb128 0x8
 597 06f7 04       		.byte	0x4
 598 06f8 C1060000 		.uaword	0x6c1
 599 06fc 0A       		.uleb128 0xa
 600 06fd 4F735F69 		.string	"Os_imaskType"
 600      6D61736B 
 600      54797065 
 600      00
 601 070a 01       		.byte	0x1
 602 070b 7F01     		.uahalf	0x17f
 603 070d C2010000 		.uaword	0x1c2
 604 0711 0C       		.uleb128 0xc
 605 0712 4F735F49 		.string	"Os_ISRDynType_s"
 605      53524479 
 605      6E547970 
 605      655F7300 
 606 0722 10       		.byte	0x10
 607 0723 01       		.byte	0x1
 608 0724 8101     		.uahalf	0x181
 609 0726 62070000 		.uaword	0x762
 610 072a 0E       		.uleb128 0xe
 611 072b 00000000 		.uaword	.LASF0
 612 072f 01       		.byte	0x1
 613 0730 8201     		.uahalf	0x182
 614 0732 28030000 		.uaword	0x328
 615 0736 02       		.byte	0x2
 616 0737 23       		.byte	0x23
 617 0738 00       		.uleb128 0
 618 0739 0D       		.uleb128 0xd
GAS Infineon TriCore Little Endian C:\\Users\\user1\\AppData\\Local\\Temp\\rta_RTAOS_638388406317960277_1736001\\ccbmSdPS.s 			page 15


 619 073a 7465726D 		.string	"terminating"
 619      696E6174 
 619      696E6700 
 620 0746 01       		.byte	0x1
 621 0747 8301     		.uahalf	0x183
 622 0749 41020000 		.uaword	0x241
 623 074d 02       		.byte	0x2
 624 074e 23       		.byte	0x23
 625 074f 01       		.uleb128 0x1
 626 0750 0D       		.uleb128 0xd
 627 0751 6D657465 		.string	"meter"
 627      7200
 628 0757 01       		.byte	0x1
 629 0758 8401     		.uahalf	0x184
 630 075a C1060000 		.uaword	0x6c1
 631 075e 02       		.byte	0x2
 632 075f 23       		.byte	0x23
 633 0760 04       		.uleb128 0x4
 634 0761 00       		.byte	0
 635 0762 0A       		.uleb128 0xa
 636 0763 4F735F49 		.string	"Os_ISRDynType"
 636      53524479 
 636      6E547970 
 636      6500
 637 0771 01       		.byte	0x1
 638 0772 8501     		.uahalf	0x185
 639 0774 11070000 		.uaword	0x711
 640 0778 0A       		.uleb128 0xa
 641 0779 4F735F49 		.string	"Os_IsrTerminatedFunctionType"
 641      73725465 
 641      726D696E 
 641      61746564 
 641      46756E63 
 642 0796 01       		.byte	0x1
 643 0797 8601     		.uahalf	0x186
 644 0799 D1030000 		.uaword	0x3d1
 645 079d 0C       		.uleb128 0xc
 646 079e 4F735F49 		.string	"Os_ISRType_s"
 646      53525479 
 646      70655F73 
 646      00
 647 07ab 18       		.byte	0x18
 648 07ac 01       		.byte	0x1
 649 07ad 8701     		.uahalf	0x187
 650 07af 31080000 		.uaword	0x831
 651 07b3 0E       		.uleb128 0xe
 652 07b4 00000000 		.uaword	.LASF1
 653 07b8 01       		.byte	0x1
 654 07b9 8801     		.uahalf	0x188
 655 07bb B2030000 		.uaword	0x3b2
 656 07bf 02       		.byte	0x2
 657 07c0 23       		.byte	0x23
 658 07c1 00       		.uleb128 0
 659 07c2 0D       		.uleb128 0xd
 660 07c3 7465726D 		.string	"terminated_function"
 660      696E6174 
 660      65645F66 
GAS Infineon TriCore Little Endian C:\\Users\\user1\\AppData\\Local\\Temp\\rta_RTAOS_638388406317960277_1736001\\ccbmSdPS.s 			page 16


 660      756E6374 
 660      696F6E00 
 661 07d7 01       		.byte	0x1
 662 07d8 8901     		.uahalf	0x189
 663 07da 78070000 		.uaword	0x778
 664 07de 02       		.byte	0x2
 665 07df 23       		.byte	0x23
 666 07e0 04       		.uleb128 0x4
 667 07e1 0E       		.uleb128 0xe
 668 07e2 00000000 		.uaword	.LASF2
 669 07e6 01       		.byte	0x1
 670 07e7 8A01     		.uahalf	0x18a
 671 07e9 31080000 		.uaword	0x831
 672 07ed 02       		.byte	0x2
 673 07ee 23       		.byte	0x23
 674 07ef 08       		.uleb128 0x8
 675 07f0 0D       		.uleb128 0xd
 676 07f1 696D6173 		.string	"imask"
 676      6B00
 677 07f7 01       		.byte	0x1
 678 07f8 8B01     		.uahalf	0x18b
 679 07fa FC060000 		.uaword	0x6fc
 680 07fe 02       		.byte	0x2
 681 07ff 23       		.byte	0x23
 682 0800 0C       		.uleb128 0xc
 683 0801 0D       		.uleb128 0xd
 684 0802 696E6465 		.string	"index"
 684      7800
 685 0808 01       		.byte	0x1
 686 0809 8C01     		.uahalf	0x18c
 687 080b C2010000 		.uaword	0x1c2
 688 080f 02       		.byte	0x2
 689 0810 23       		.byte	0x23
 690 0811 10       		.uleb128 0x10
 691 0812 0E       		.uleb128 0xe
 692 0813 00000000 		.uaword	.LASF3
 693 0817 01       		.byte	0x1
 694 0818 8D01     		.uahalf	0x18d
 695 081a 80010000 		.uaword	0x180
 696 081e 02       		.byte	0x2
 697 081f 23       		.byte	0x23
 698 0820 14       		.uleb128 0x14
 699 0821 0E       		.uleb128 0xe
 700 0822 00000000 		.uaword	.LASF4
 701 0826 01       		.byte	0x1
 702 0827 8E01     		.uahalf	0x18e
 703 0829 D9030000 		.uaword	0x3d9
 704 082d 02       		.byte	0x2
 705 082e 23       		.byte	0x23
 706 082f 15       		.uleb128 0x15
 707 0830 00       		.byte	0
 708 0831 0F       		.uleb128 0xf
 709 0832 36080000 		.uaword	0x836
 710 0836 08       		.uleb128 0x8
 711 0837 04       		.byte	0x4
 712 0838 62070000 		.uaword	0x762
 713 083c 0A       		.uleb128 0xa
GAS Infineon TriCore Little Endian C:\\Users\\user1\\AppData\\Local\\Temp\\rta_RTAOS_638388406317960277_1736001\\ccbmSdPS.s 			page 17


 714 083d 4F735F49 		.string	"Os_ISRType"
 714      53525479 
 714      706500
 715 0848 01       		.byte	0x1
 716 0849 8F01     		.uahalf	0x18f
 717 084b 9D070000 		.uaword	0x79d
 718 084f 0A       		.uleb128 0xa
 719 0850 49535254 		.string	"ISRType"
 719      79706500 
 720 0858 01       		.byte	0x1
 721 0859 9001     		.uahalf	0x190
 722 085b 5F080000 		.uaword	0x85f
 723 085f 08       		.uleb128 0x8
 724 0860 04       		.byte	0x4
 725 0861 65080000 		.uaword	0x865
 726 0865 0F       		.uleb128 0xf
 727 0866 3C080000 		.uaword	0x83c
 728 086a 0A       		.uleb128 0xa
 729 086b 4F735F62 		.string	"Os_bitmask"
 729      69746D61 
 729      736B00
 730 0876 01       		.byte	0x1
 731 0877 A201     		.uahalf	0x1a2
 732 0879 D0010000 		.uaword	0x1d0
 733 087d 0A       		.uleb128 0xa
 734 087e 4F735F70 		.string	"Os_pset0Type"
 734      73657430 
 734      54797065 
 734      00
 735 088b 01       		.byte	0x1
 736 088c A301     		.uahalf	0x1a3
 737 088e 6A080000 		.uaword	0x86a
 738 0892 0A       		.uleb128 0xa
 739 0893 4F735F70 		.string	"Os_pset1Type"
 739      73657431 
 739      54797065 
 739      00
 740 08a0 01       		.byte	0x1
 741 08a1 A401     		.uahalf	0x1a4
 742 08a3 6A080000 		.uaword	0x86a
 743 08a7 0A       		.uleb128 0xa
 744 08a8 4F735F70 		.string	"Os_pset2Type"
 744      73657432 
 744      54797065 
 744      00
 745 08b5 01       		.byte	0x1
 746 08b6 A501     		.uahalf	0x1a5
 747 08b8 6A080000 		.uaword	0x86a
 748 08bc 10       		.uleb128 0x10
 749 08bd 04       		.byte	0x4
 750 08be 01       		.byte	0x1
 751 08bf A601     		.uahalf	0x1a6
 752 08c1 E7080000 		.uaword	0x8e7
 753 08c5 11       		.uleb128 0x11
 754 08c6 703000   		.string	"p0"
 755 08c9 01       		.byte	0x1
 756 08ca A701     		.uahalf	0x1a7
GAS Infineon TriCore Little Endian C:\\Users\\user1\\AppData\\Local\\Temp\\rta_RTAOS_638388406317960277_1736001\\ccbmSdPS.s 			page 18


 757 08cc 7D080000 		.uaword	0x87d
 758 08d0 11       		.uleb128 0x11
 759 08d1 703100   		.string	"p1"
 760 08d4 01       		.byte	0x1
 761 08d5 A801     		.uahalf	0x1a8
 762 08d7 92080000 		.uaword	0x892
 763 08db 11       		.uleb128 0x11
 764 08dc 703200   		.string	"p2"
 765 08df 01       		.byte	0x1
 766 08e0 A901     		.uahalf	0x1a9
 767 08e2 A7080000 		.uaword	0x8a7
 768 08e6 00       		.byte	0
 769 08e7 0A       		.uleb128 0xa
 770 08e8 4F735F70 		.string	"Os_psetType"
 770      73657454 
 770      79706500 
 771 08f4 01       		.byte	0x1
 772 08f5 AA01     		.uahalf	0x1aa
 773 08f7 BC080000 		.uaword	0x8bc
 774 08fb 10       		.uleb128 0x10
 775 08fc 04       		.byte	0x4
 776 08fd 01       		.byte	0x1
 777 08fe AC01     		.uahalf	0x1ac
 778 0900 26090000 		.uaword	0x926
 779 0904 11       		.uleb128 0x11
 780 0905 743000   		.string	"t0"
 781 0908 01       		.byte	0x1
 782 0909 AD01     		.uahalf	0x1ad
 783 090b 6A080000 		.uaword	0x86a
 784 090f 11       		.uleb128 0x11
 785 0910 743100   		.string	"t1"
 786 0913 01       		.byte	0x1
 787 0914 AE01     		.uahalf	0x1ae
 788 0916 6A080000 		.uaword	0x86a
 789 091a 11       		.uleb128 0x11
 790 091b 743200   		.string	"t2"
 791 091e 01       		.byte	0x1
 792 091f AF01     		.uahalf	0x1af
 793 0921 6A080000 		.uaword	0x86a
 794 0925 00       		.byte	0
 795 0926 0A       		.uleb128 0xa
 796 0927 4F735F74 		.string	"Os_tpmaskType"
 796      706D6173 
 796      6B547970 
 796      6500
 797 0935 01       		.byte	0x1
 798 0936 B001     		.uahalf	0x1b0
 799 0938 FB080000 		.uaword	0x8fb
 800 093c 0A       		.uleb128 0xa
 801 093d 4F735F41 		.string	"Os_ActivationCountType"
 801      63746976 
 801      6174696F 
 801      6E436F75 
 801      6E745479 
 802 0954 01       		.byte	0x1
 803 0955 B101     		.uahalf	0x1b1
 804 0957 8D010000 		.uaword	0x18d
GAS Infineon TriCore Little Endian C:\\Users\\user1\\AppData\\Local\\Temp\\rta_RTAOS_638388406317960277_1736001\\ccbmSdPS.s 			page 19


 805 095b 0C       		.uleb128 0xc
 806 095c 4F735F54 		.string	"Os_TaskDynType_s"
 806      61736B44 
 806      796E5479 
 806      70655F73 
 806      00
 807 096d 5C       		.byte	0x5c
 808 096e 01       		.byte	0x1
 809 096f B301     		.uahalf	0x1b3
 810 0971 160A0000 		.uaword	0xa16
 811 0975 0D       		.uleb128 0xd
 812 0976 6C617374 		.string	"last_activation"
 812      5F616374 
 812      69766174 
 812      696F6E00 
 813 0986 01       		.byte	0x1
 814 0987 B401     		.uahalf	0x1b4
 815 0989 08040000 		.uaword	0x408
 816 098d 02       		.byte	0x2
 817 098e 23       		.byte	0x23
 818 098f 00       		.uleb128 0
 819 0990 0D       		.uleb128 0xd
 820 0991 7465726D 		.string	"terminate_jump_buf"
 820      696E6174 
 820      655F6A75 
 820      6D705F62 
 820      756600
 821 09a4 01       		.byte	0x1
 822 09a5 B501     		.uahalf	0x1b5
 823 09a7 02030000 		.uaword	0x302
 824 09ab 02       		.byte	0x2
 825 09ac 23       		.byte	0x23
 826 09ad 04       		.uleb128 0x4
 827 09ae 0D       		.uleb128 0xd
 828 09af 6D657465 		.string	"meter"
 828      7200
 829 09b5 01       		.byte	0x1
 830 09b6 B601     		.uahalf	0x1b6
 831 09b8 C1060000 		.uaword	0x6c1
 832 09bc 02       		.byte	0x2
 833 09bd 23       		.byte	0x23
 834 09be 48       		.uleb128 0x48
 835 09bf 0D       		.uleb128 0xd
 836 09c0 7365656E 		.string	"seen_activation"
 836      5F616374 
 836      69766174 
 836      696F6E00 
 837 09d0 01       		.byte	0x1
 838 09d1 B701     		.uahalf	0x1b7
 839 09d3 41020000 		.uaword	0x241
 840 09d7 02       		.byte	0x2
 841 09d8 23       		.byte	0x23
 842 09d9 54       		.uleb128 0x54
 843 09da 0E       		.uleb128 0xe
 844 09db 00000000 		.uaword	.LASF5
 845 09df 01       		.byte	0x1
 846 09e0 B801     		.uahalf	0x1b8
GAS Infineon TriCore Little Endian C:\\Users\\user1\\AppData\\Local\\Temp\\rta_RTAOS_638388406317960277_1736001\\ccbmSdPS.s 			page 20


 847 09e2 3C090000 		.uaword	0x93c
 848 09e6 02       		.byte	0x2
 849 09e7 23       		.byte	0x23
 850 09e8 55       		.uleb128 0x55
 851 09e9 0E       		.uleb128 0xe
 852 09ea 00000000 		.uaword	.LASF0
 853 09ee 01       		.byte	0x1
 854 09ef B901     		.uahalf	0x1b9
 855 09f1 28030000 		.uaword	0x328
 856 09f5 02       		.byte	0x2
 857 09f6 23       		.byte	0x23
 858 09f7 56       		.uleb128 0x56
 859 09f8 0D       		.uleb128 0xd
 860 09f9 7465726D 		.string	"termination_state"
 860      696E6174 
 860      696F6E5F 
 860      73746174 
 860      6500
 861 0a0b 01       		.byte	0x1
 862 0a0c BA01     		.uahalf	0x1ba
 863 0a0e C2010000 		.uaword	0x1c2
 864 0a12 02       		.byte	0x2
 865 0a13 23       		.byte	0x23
 866 0a14 58       		.uleb128 0x58
 867 0a15 00       		.byte	0
 868 0a16 0A       		.uleb128 0xa
 869 0a17 4F735F54 		.string	"Os_TaskDynType"
 869      61736B44 
 869      796E5479 
 869      706500
 870 0a26 01       		.byte	0x1
 871 0a27 BB01     		.uahalf	0x1bb
 872 0a29 5B090000 		.uaword	0x95b
 873 0a2d 0C       		.uleb128 0xc
 874 0a2e 4F735F54 		.string	"Os_TaskType_s"
 874      61736B54 
 874      7970655F 
 874      7300
 875 0a3c 20       		.byte	0x20
 876 0a3d 01       		.byte	0x1
 877 0a3e BD01     		.uahalf	0x1bd
 878 0a40 E60A0000 		.uaword	0xae6
 879 0a44 0E       		.uleb128 0xe
 880 0a45 00000000 		.uaword	.LASF2
 881 0a49 01       		.byte	0x1
 882 0a4a BE01     		.uahalf	0x1be
 883 0a4c E60A0000 		.uaword	0xae6
 884 0a50 02       		.byte	0x2
 885 0a51 23       		.byte	0x23
 886 0a52 00       		.uleb128 0
 887 0a53 0E       		.uleb128 0xe
 888 0a54 00000000 		.uaword	.LASF1
 889 0a58 01       		.byte	0x1
 890 0a59 BF01     		.uahalf	0x1bf
 891 0a5b B2030000 		.uaword	0x3b2
 892 0a5f 02       		.byte	0x2
 893 0a60 23       		.byte	0x23
GAS Infineon TriCore Little Endian C:\\Users\\user1\\AppData\\Local\\Temp\\rta_RTAOS_638388406317960277_1736001\\ccbmSdPS.s 			page 21


 894 0a61 04       		.uleb128 0x4
 895 0a62 0D       		.uleb128 0xd
 896 0a63 70736574 		.string	"pset"
 896      00
 897 0a68 01       		.byte	0x1
 898 0a69 C001     		.uahalf	0x1c0
 899 0a6b E7080000 		.uaword	0x8e7
 900 0a6f 02       		.byte	0x2
 901 0a70 23       		.byte	0x23
 902 0a71 08       		.uleb128 0x8
 903 0a72 0D       		.uleb128 0xd
 904 0a73 62617365 		.string	"base_tpmask"
 904      5F74706D 
 904      61736B00 
 905 0a7f 01       		.byte	0x1
 906 0a80 C101     		.uahalf	0x1c1
 907 0a82 26090000 		.uaword	0x926
 908 0a86 02       		.byte	0x2
 909 0a87 23       		.byte	0x23
 910 0a88 0C       		.uleb128 0xc
 911 0a89 0E       		.uleb128 0xe
 912 0a8a 00000000 		.uaword	.LASF6
 913 0a8e 01       		.byte	0x1
 914 0a8f C201     		.uahalf	0x1c2
 915 0a91 26090000 		.uaword	0x926
 916 0a95 02       		.byte	0x2
 917 0a96 23       		.byte	0x23
 918 0a97 10       		.uleb128 0x10
 919 0a98 0E       		.uleb128 0xe
 920 0a99 00000000 		.uaword	.LASF7
 921 0a9d 01       		.byte	0x1
 922 0a9e C301     		.uahalf	0x1c3
 923 0aa0 58040000 		.uaword	0x458
 924 0aa4 02       		.byte	0x2
 925 0aa5 23       		.byte	0x23
 926 0aa6 14       		.uleb128 0x14
 927 0aa7 0D       		.uleb128 0xd
 928 0aa8 696E6465 		.string	"index"
 928      7800
 929 0aae 01       		.byte	0x1
 930 0aaf C401     		.uahalf	0x1c4
 931 0ab1 C2010000 		.uaword	0x1c2
 932 0ab5 02       		.byte	0x2
 933 0ab6 23       		.byte	0x23
 934 0ab7 18       		.uleb128 0x18
 935 0ab8 0E       		.uleb128 0xe
 936 0ab9 00000000 		.uaword	.LASF5
 937 0abd 01       		.byte	0x1
 938 0abe C501     		.uahalf	0x1c5
 939 0ac0 3C090000 		.uaword	0x93c
 940 0ac4 02       		.byte	0x2
 941 0ac5 23       		.byte	0x23
 942 0ac6 1C       		.uleb128 0x1c
 943 0ac7 0E       		.uleb128 0xe
 944 0ac8 00000000 		.uaword	.LASF3
 945 0acc 01       		.byte	0x1
 946 0acd C601     		.uahalf	0x1c6
GAS Infineon TriCore Little Endian C:\\Users\\user1\\AppData\\Local\\Temp\\rta_RTAOS_638388406317960277_1736001\\ccbmSdPS.s 			page 22


 947 0acf 80010000 		.uaword	0x180
 948 0ad3 02       		.byte	0x2
 949 0ad4 23       		.byte	0x23
 950 0ad5 1D       		.uleb128 0x1d
 951 0ad6 0E       		.uleb128 0xe
 952 0ad7 00000000 		.uaword	.LASF4
 953 0adb 01       		.byte	0x1
 954 0adc C701     		.uahalf	0x1c7
 955 0ade D9030000 		.uaword	0x3d9
 956 0ae2 02       		.byte	0x2
 957 0ae3 23       		.byte	0x23
 958 0ae4 1E       		.uleb128 0x1e
 959 0ae5 00       		.byte	0
 960 0ae6 0F       		.uleb128 0xf
 961 0ae7 EB0A0000 		.uaword	0xaeb
 962 0aeb 08       		.uleb128 0x8
 963 0aec 04       		.byte	0x4
 964 0aed 160A0000 		.uaword	0xa16
 965 0af1 0A       		.uleb128 0xa
 966 0af2 4F735F54 		.string	"Os_TaskType"
 966      61736B54 
 966      79706500 
 967 0afe 01       		.byte	0x1
 968 0aff C801     		.uahalf	0x1c8
 969 0b01 2D0A0000 		.uaword	0xa2d
 970 0b05 0A       		.uleb128 0xa
 971 0b06 5461736B 		.string	"TaskType"
 971      54797065 
 971      00
 972 0b0f 01       		.byte	0x1
 973 0b10 C901     		.uahalf	0x1c9
 974 0b12 160B0000 		.uaword	0xb16
 975 0b16 08       		.uleb128 0x8
 976 0b17 04       		.byte	0x4
 977 0b18 1C0B0000 		.uaword	0xb1c
 978 0b1c 0F       		.uleb128 0xf
 979 0b1d F10A0000 		.uaword	0xaf1
 980 0b21 10       		.uleb128 0x10
 981 0b22 04       		.byte	0x4
 982 0b23 01       		.byte	0x1
 983 0b24 E101     		.uahalf	0x1e1
 984 0b26 450B0000 		.uaword	0xb45
 985 0b2a 12       		.uleb128 0x12
 986 0b2b 00000000 		.uaword	.LASF6
 987 0b2f 01       		.byte	0x1
 988 0b30 E201     		.uahalf	0x1e2
 989 0b32 26090000 		.uaword	0x926
 990 0b36 11       		.uleb128 0x11
 991 0b37 696D6173 		.string	"imask"
 991      6B00
 992 0b3d 01       		.byte	0x1
 993 0b3e E301     		.uahalf	0x1e3
 994 0b40 FC060000 		.uaword	0x6fc
 995 0b44 00       		.byte	0
 996 0b45 0C       		.uleb128 0xc
 997 0b46 4F735F52 		.string	"Os_ResourceDynType_s"
 997      65736F75 
GAS Infineon TriCore Little Endian C:\\Users\\user1\\AppData\\Local\\Temp\\rta_RTAOS_638388406317960277_1736001\\ccbmSdPS.s 			page 23


 997      72636544 
 997      796E5479 
 997      70655F73 
 998 0b5b 0C       		.byte	0xc
 999 0b5c 01       		.byte	0x1
 1000 0b5d DE01     		.uahalf	0x1de
 1001 0b5f A80B0000 		.uaword	0xba8
 1002 0b63 0D       		.uleb128 0xd
 1003 0b64 61636365 		.string	"access_count"
 1003      73735F63 
 1003      6F756E74 
 1003      00
 1004 0b71 01       		.byte	0x1
 1005 0b72 DF01     		.uahalf	0x1df
 1006 0b74 28030000 		.uaword	0x328
 1007 0b78 02       		.byte	0x2
 1008 0b79 23       		.byte	0x23
 1009 0b7a 00       		.uleb128 0
 1010 0b7b 0D       		.uleb128 0xd
 1011 0b7c 6C6F636B 		.string	"locker"
 1011      657200
 1012 0b83 01       		.byte	0x1
 1013 0b84 E001     		.uahalf	0x1e0
 1014 0b86 050B0000 		.uaword	0xb05
 1015 0b8a 02       		.byte	0x2
 1016 0b8b 23       		.byte	0x23
 1017 0b8c 04       		.uleb128 0x4
 1018 0b8d 0D       		.uleb128 0xd
 1019 0b8e 73617665 		.string	"saved_priority"
 1019      645F7072 
 1019      696F7269 
 1019      747900
 1020 0b9d 01       		.byte	0x1
 1021 0b9e E401     		.uahalf	0x1e4
 1022 0ba0 210B0000 		.uaword	0xb21
 1023 0ba4 02       		.byte	0x2
 1024 0ba5 23       		.byte	0x23
 1025 0ba6 08       		.uleb128 0x8
 1026 0ba7 00       		.byte	0
 1027 0ba8 0A       		.uleb128 0xa
 1028 0ba9 4F735F52 		.string	"Os_ResourceDynType"
 1028      65736F75 
 1028      72636544 
 1028      796E5479 
 1028      706500
 1029 0bbc 01       		.byte	0x1
 1030 0bbd E501     		.uahalf	0x1e5
 1031 0bbf 450B0000 		.uaword	0xb45
 1032 0bc3 0C       		.uleb128 0xc
 1033 0bc4 4F735F52 		.string	"Os_ResourceType_s"
 1033      65736F75 
 1033      72636554 
 1033      7970655F 
 1033      7300
 1034 0bd6 10       		.byte	0x10
 1035 0bd7 01       		.byte	0x1
 1036 0bd8 E601     		.uahalf	0x1e6
GAS Infineon TriCore Little Endian C:\\Users\\user1\\AppData\\Local\\Temp\\rta_RTAOS_638388406317960277_1736001\\ccbmSdPS.s 			page 24


 1037 0bda 1D0C0000 		.uaword	0xc1d
 1038 0bde 0E       		.uleb128 0xe
 1039 0bdf 00000000 		.uaword	.LASF2
 1040 0be3 01       		.byte	0x1
 1041 0be4 E701     		.uahalf	0x1e7
 1042 0be6 1D0C0000 		.uaword	0xc1d
 1043 0bea 02       		.byte	0x2
 1044 0beb 23       		.byte	0x23
 1045 0bec 00       		.uleb128 0
 1046 0bed 0E       		.uleb128 0xe
 1047 0bee 00000000 		.uaword	.LASF6
 1048 0bf2 01       		.byte	0x1
 1049 0bf3 E801     		.uahalf	0x1e8
 1050 0bf5 26090000 		.uaword	0x926
 1051 0bf9 02       		.byte	0x2
 1052 0bfa 23       		.byte	0x23
 1053 0bfb 04       		.uleb128 0x4
 1054 0bfc 0D       		.uleb128 0xd
 1055 0bfd 696D6173 		.string	"imask"
 1055      6B00
 1056 0c03 01       		.byte	0x1
 1057 0c04 E901     		.uahalf	0x1e9
 1058 0c06 FC060000 		.uaword	0x6fc
 1059 0c0a 02       		.byte	0x2
 1060 0c0b 23       		.byte	0x23
 1061 0c0c 08       		.uleb128 0x8
 1062 0c0d 0E       		.uleb128 0xe
 1063 0c0e 00000000 		.uaword	.LASF3
 1064 0c12 01       		.byte	0x1
 1065 0c13 EA01     		.uahalf	0x1ea
 1066 0c15 80010000 		.uaword	0x180
 1067 0c19 02       		.byte	0x2
 1068 0c1a 23       		.byte	0x23
 1069 0c1b 0C       		.uleb128 0xc
 1070 0c1c 00       		.byte	0
 1071 0c1d 0F       		.uleb128 0xf
 1072 0c1e 220C0000 		.uaword	0xc22
 1073 0c22 08       		.uleb128 0x8
 1074 0c23 04       		.byte	0x4
 1075 0c24 A80B0000 		.uaword	0xba8
 1076 0c28 0A       		.uleb128 0xa
 1077 0c29 4F735F52 		.string	"Os_ResourceType"
 1077      65736F75 
 1077      72636554 
 1077      79706500 
 1078 0c39 01       		.byte	0x1
 1079 0c3a EB01     		.uahalf	0x1eb
 1080 0c3c C30B0000 		.uaword	0xbc3
 1081 0c40 0A       		.uleb128 0xa
 1082 0c41 5265736F 		.string	"ResourceType"
 1082      75726365 
 1082      54797065 
 1082      00
 1083 0c4e 01       		.byte	0x1
 1084 0c4f EC01     		.uahalf	0x1ec
 1085 0c51 550C0000 		.uaword	0xc55
 1086 0c55 08       		.uleb128 0x8
GAS Infineon TriCore Little Endian C:\\Users\\user1\\AppData\\Local\\Temp\\rta_RTAOS_638388406317960277_1736001\\ccbmSdPS.s 			page 25


 1087 0c56 04       		.byte	0x4
 1088 0c57 5B0C0000 		.uaword	0xc5b
 1089 0c5b 0F       		.uleb128 0xf
 1090 0c5c 280C0000 		.uaword	0xc28
 1091 0c60 0A       		.uleb128 0xa
 1092 0c61 4F535365 		.string	"OSServiceIdType"
 1092      72766963 
 1092      65496454 
 1092      79706500 
 1093 0c71 01       		.byte	0x1
 1094 0c72 5102     		.uahalf	0x251
 1095 0c74 8D010000 		.uaword	0x18d
 1096 0c78 0A       		.uleb128 0xa
 1097 0c79 4F735F42 		.string	"Os_BiggestType"
 1097      69676765 
 1097      73745479 
 1097      706500
 1098 0c88 01       		.byte	0x1
 1099 0c89 2503     		.uahalf	0x325
 1100 0c8b D0010000 		.uaword	0x1d0
 1101 0c8f 13       		.uleb128 0x13
 1102 0c90 10       		.byte	0x10
 1103 0c91 01       		.byte	0x1
 1104 0c92 2703     		.uahalf	0x327
 1105 0c94 FD0C0000 		.uaword	0xcfd
 1106 0c98 0D       		.uleb128 0xd
 1107 0c99 73657276 		.string	"service_id"
 1107      6963655F 
 1107      696400
 1108 0ca4 01       		.byte	0x1
 1109 0ca5 2803     		.uahalf	0x328
 1110 0ca7 600C0000 		.uaword	0xc60
 1111 0cab 02       		.byte	0x2
 1112 0cac 23       		.byte	0x23
 1113 0cad 00       		.uleb128 0
 1114 0cae 0D       		.uleb128 0xd
 1115 0caf 73657276 		.string	"service_param1"
 1115      6963655F 
 1115      70617261 
 1115      6D3100
 1116 0cbe 01       		.byte	0x1
 1117 0cbf 2903     		.uahalf	0x329
 1118 0cc1 780C0000 		.uaword	0xc78
 1119 0cc5 02       		.byte	0x2
 1120 0cc6 23       		.byte	0x23
 1121 0cc7 04       		.uleb128 0x4
 1122 0cc8 0D       		.uleb128 0xd
 1123 0cc9 73657276 		.string	"service_param2"
 1123      6963655F 
 1123      70617261 
 1123      6D3200
 1124 0cd8 01       		.byte	0x1
 1125 0cd9 2A03     		.uahalf	0x32a
 1126 0cdb 780C0000 		.uaword	0xc78
 1127 0cdf 02       		.byte	0x2
 1128 0ce0 23       		.byte	0x23
 1129 0ce1 08       		.uleb128 0x8
GAS Infineon TriCore Little Endian C:\\Users\\user1\\AppData\\Local\\Temp\\rta_RTAOS_638388406317960277_1736001\\ccbmSdPS.s 			page 26


 1130 0ce2 0D       		.uleb128 0xd
 1131 0ce3 73657276 		.string	"service_param3"
 1131      6963655F 
 1131      70617261 
 1131      6D3300
 1132 0cf2 01       		.byte	0x1
 1133 0cf3 2B03     		.uahalf	0x32b
 1134 0cf5 780C0000 		.uaword	0xc78
 1135 0cf9 02       		.byte	0x2
 1136 0cfa 23       		.byte	0x23
 1137 0cfb 0C       		.uleb128 0xc
 1138 0cfc 00       		.byte	0
 1139 0cfd 0A       		.uleb128 0xa
 1140 0cfe 4F735F45 		.string	"Os_ErrorInformationType"
 1140      72726F72 
 1140      496E666F 
 1140      726D6174 
 1140      696F6E54 
 1141 0d16 01       		.byte	0x1
 1142 0d17 2C03     		.uahalf	0x32c
 1143 0d19 8F0C0000 		.uaword	0xc8f
 1144 0d1d 0A       		.uleb128 0xa
 1145 0d1e 4F735F4F 		.string	"Os_OrtiIdType"
 1145      72746949 
 1145      64547970 
 1145      6500
 1146 0d2c 01       		.byte	0x1
 1147 0d2d 3003     		.uahalf	0x330
 1148 0d2f 8D010000 		.uaword	0x18d
 1149 0d33 0B       		.uleb128 0xb
 1150 0d34 E7080000 		.uaword	0x8e7
 1151 0d38 0B       		.uleb128 0xb
 1152 0d39 4F080000 		.uaword	0x84f
 1153 0d3d 0B       		.uleb128 0xb
 1154 0d3e 050B0000 		.uaword	0xb05
 1155 0d42 0B       		.uleb128 0xb
 1156 0d43 26090000 		.uaword	0x926
 1157 0d47 0B       		.uleb128 0xb
 1158 0d48 24040000 		.uaword	0x424
 1159 0d4c 0B       		.uleb128 0xb
 1160 0d4d D9030000 		.uaword	0x3d9
 1161 0d51 0A       		.uleb128 0xa
 1162 0d52 4F735F43 		.string	"Os_ControlledCoreType"
 1162      6F6E7472 
 1162      6F6C6C65 
 1162      64436F72 
 1162      65547970 
 1163 0d68 01       		.byte	0x1
 1164 0d69 2404     		.uahalf	0x424
 1165 0d6b 70040000 		.uaword	0x470
 1166 0d6f 0C       		.uleb128 0xc
 1167 0d70 4F735F41 		.string	"Os_AnyCoreType_s"
 1167      6E79436F 
 1167      72655479 
 1167      70655F73 
 1167      00
 1168 0d81 64       		.byte	0x64
GAS Infineon TriCore Little Endian C:\\Users\\user1\\AppData\\Local\\Temp\\rta_RTAOS_638388406317960277_1736001\\ccbmSdPS.s 			page 27


 1169 0d82 01       		.byte	0x1
 1170 0d83 3204     		.uahalf	0x432
 1171 0d85 A80E0000 		.uaword	0xea8
 1172 0d89 0D       		.uleb128 0xd
 1173 0d8a 44697361 		.string	"DisableAllImask"
 1173      626C6541 
 1173      6C6C496D 
 1173      61736B00 
 1174 0d9a 01       		.byte	0x1
 1175 0d9b 3304     		.uahalf	0x433
 1176 0d9d A80E0000 		.uaword	0xea8
 1177 0da1 02       		.byte	0x2
 1178 0da2 23       		.byte	0x23
 1179 0da3 00       		.uleb128 0
 1180 0da4 0D       		.uleb128 0xd
 1181 0da5 53757370 		.string	"SuspendAllImask"
 1181      656E6441 
 1181      6C6C496D 
 1181      61736B00 
 1182 0db5 01       		.byte	0x1
 1183 0db6 3404     		.uahalf	0x434
 1184 0db8 A80E0000 		.uaword	0xea8
 1185 0dbc 02       		.byte	0x2
 1186 0dbd 23       		.byte	0x23
 1187 0dbe 04       		.uleb128 0x4
 1188 0dbf 0D       		.uleb128 0xd
 1189 0dc0 53757370 		.string	"SuspendOSImask"
 1189      656E644F 
 1189      53496D61 
 1189      736B00
 1190 0dcf 01       		.byte	0x1
 1191 0dd0 3504     		.uahalf	0x435
 1192 0dd2 A80E0000 		.uaword	0xea8
 1193 0dd6 02       		.byte	0x2
 1194 0dd7 23       		.byte	0x23
 1195 0dd8 08       		.uleb128 0x8
 1196 0dd9 0D       		.uleb128 0xd
 1197 0dda 44697361 		.string	"DisableAllCount"
 1197      626C6541 
 1197      6C6C436F 
 1197      756E7400 
 1198 0dea 01       		.byte	0x1
 1199 0deb 3604     		.uahalf	0x436
 1200 0ded AD0E0000 		.uaword	0xead
 1201 0df1 02       		.byte	0x2
 1202 0df2 23       		.byte	0x23
 1203 0df3 0C       		.uleb128 0xc
 1204 0df4 0D       		.uleb128 0xd
 1205 0df5 53757370 		.string	"SuspendAllCount"
 1205      656E6441 
 1205      6C6C436F 
 1205      756E7400 
 1206 0e05 01       		.byte	0x1
 1207 0e06 3704     		.uahalf	0x437
 1208 0e08 AD0E0000 		.uaword	0xead
 1209 0e0c 02       		.byte	0x2
 1210 0e0d 23       		.byte	0x23
GAS Infineon TriCore Little Endian C:\\Users\\user1\\AppData\\Local\\Temp\\rta_RTAOS_638388406317960277_1736001\\ccbmSdPS.s 			page 28


 1211 0e0e 10       		.uleb128 0x10
 1212 0e0f 0D       		.uleb128 0xd
 1213 0e10 53757370 		.string	"SuspendOSCount"
 1213      656E644F 
 1213      53436F75 
 1213      6E7400
 1214 0e1f 01       		.byte	0x1
 1215 0e20 3804     		.uahalf	0x438
 1216 0e22 AD0E0000 		.uaword	0xead
 1217 0e26 02       		.byte	0x2
 1218 0e27 23       		.byte	0x23
 1219 0e28 14       		.uleb128 0x14
 1220 0e29 0D       		.uleb128 0xd
 1221 0e2a 4F727469 		.string	"OrtiApiID"
 1221      41706949 
 1221      4400
 1222 0e34 01       		.byte	0x1
 1223 0e35 3904     		.uahalf	0x439
 1224 0e37 B20E0000 		.uaword	0xeb2
 1225 0e3b 02       		.byte	0x2
 1226 0e3c 23       		.byte	0x23
 1227 0e3d 18       		.uleb128 0x18
 1228 0e3e 0D       		.uleb128 0xd
 1229 0e3f 4F727469 		.string	"OrtiLastError"
 1229      4C617374 
 1229      4572726F 
 1229      7200
 1230 0e4d 01       		.byte	0x1
 1231 0e4e 3A04     		.uahalf	0x43a
 1232 0e50 50020000 		.uaword	0x250
 1233 0e54 02       		.byte	0x2
 1234 0e55 23       		.byte	0x23
 1235 0e56 19       		.uleb128 0x19
 1236 0e57 0D       		.uleb128 0xd
 1237 0e58 52657374 		.string	"RestartJumpBuf"
 1237      6172744A 
 1237      756D7042 
 1237      756600
 1238 0e67 01       		.byte	0x1
 1239 0e68 3B04     		.uahalf	0x43b
 1240 0e6a 02030000 		.uaword	0x302
 1241 0e6e 02       		.byte	0x2
 1242 0e6f 23       		.byte	0x23
 1243 0e70 1C       		.uleb128 0x1c
 1244 0e71 0D       		.uleb128 0xd
 1245 0e72 52657374 		.string	"Restartable"
 1245      61727461 
 1245      626C6500 
 1246 0e7e 01       		.byte	0x1
 1247 0e7f 3C04     		.uahalf	0x43c
 1248 0e81 41020000 		.uaword	0x241
 1249 0e85 02       		.byte	0x2
 1250 0e86 23       		.byte	0x23
 1251 0e87 60       		.uleb128 0x60
 1252 0e88 0D       		.uleb128 0xd
 1253 0e89 4C617374 		.string	"LastProtectionFault"
 1253      50726F74 
GAS Infineon TriCore Little Endian C:\\Users\\user1\\AppData\\Local\\Temp\\rta_RTAOS_638388406317960277_1736001\\ccbmSdPS.s 			page 29


 1253      65637469 
 1253      6F6E4661 
 1253      756C7400 
 1254 0e9d 01       		.byte	0x1
 1255 0e9e 3D04     		.uahalf	0x43d
 1256 0ea0 50020000 		.uaword	0x250
 1257 0ea4 02       		.byte	0x2
 1258 0ea5 23       		.byte	0x23
 1259 0ea6 61       		.uleb128 0x61
 1260 0ea7 00       		.byte	0
 1261 0ea8 0B       		.uleb128 0xb
 1262 0ea9 FC060000 		.uaword	0x6fc
 1263 0ead 0B       		.uleb128 0xb
 1264 0eae C2010000 		.uaword	0x1c2
 1265 0eb2 0B       		.uleb128 0xb
 1266 0eb3 1D0D0000 		.uaword	0xd1d
 1267 0eb7 0A       		.uleb128 0xa
 1268 0eb8 4F735F41 		.string	"Os_AnyCoreType"
 1268      6E79436F 
 1268      72655479 
 1268      706500
 1269 0ec7 01       		.byte	0x1
 1270 0ec8 3E04     		.uahalf	0x43e
 1271 0eca 6F0D0000 		.uaword	0xd6f
 1272 0ece 0C       		.uleb128 0xc
 1273 0ecf 4F735F43 		.string	"Os_CoreConfiguration_s"
 1273      6F726543 
 1273      6F6E6669 
 1273      67757261 
 1273      74696F6E 
 1274 0ee6 18       		.byte	0x18
 1275 0ee7 01       		.byte	0x1
 1276 0ee8 4904     		.uahalf	0x449
 1277 0eea 640F0000 		.uaword	0xf64
 1278 0eee 0D       		.uleb128 0xd
 1279 0eef 636F6E74 		.string	"controlled"
 1279      726F6C6C 
 1279      656400
 1280 0efa 01       		.byte	0x1
 1281 0efb 4A04     		.uahalf	0x44a
 1282 0efd 640F0000 		.uaword	0xf64
 1283 0f01 02       		.byte	0x2
 1284 0f02 23       		.byte	0x23
 1285 0f03 00       		.uleb128 0
 1286 0f04 0D       		.uleb128 0xd
 1287 0f05 616E7900 		.string	"any"
 1288 0f09 01       		.byte	0x1
 1289 0f0a 4B04     		.uahalf	0x44b
 1290 0f0c 6F0F0000 		.uaword	0xf6f
 1291 0f10 02       		.byte	0x2
 1292 0f11 23       		.byte	0x23
 1293 0f12 04       		.uleb128 0x4
 1294 0f13 0D       		.uleb128 0xd
 1295 0f14 73746174 		.string	"state"
 1295      6500
 1296 0f1a 01       		.byte	0x1
 1297 0f1b 4C04     		.uahalf	0x44c
GAS Infineon TriCore Little Endian C:\\Users\\user1\\AppData\\Local\\Temp\\rta_RTAOS_638388406317960277_1736001\\ccbmSdPS.s 			page 30


 1298 0f1d 7A0F0000 		.uaword	0xf7a
 1299 0f21 02       		.byte	0x2
 1300 0f22 23       		.byte	0x23
 1301 0f23 08       		.uleb128 0x8
 1302 0f24 0D       		.uleb128 0xd
 1303 0f25 64697370 		.string	"dispatch"
 1303      61746368 
 1303      00
 1304 0f2e 01       		.byte	0x1
 1305 0f2f 4D04     		.uahalf	0x44d
 1306 0f31 B2030000 		.uaword	0x3b2
 1307 0f35 02       		.byte	0x2
 1308 0f36 23       		.byte	0x23
 1309 0f37 0C       		.uleb128 0xc
 1310 0f38 0D       		.uleb128 0xd
 1311 0f39 4F735F52 		.string	"Os_Res_Scheduler"
 1311      65735F53 
 1311      63686564 
 1311      756C6572 
 1311      00
 1312 0f4a 01       		.byte	0x1
 1313 0f4b 4E04     		.uahalf	0x44e
 1314 0f4d 400C0000 		.uaword	0xc40
 1315 0f51 02       		.byte	0x2
 1316 0f52 23       		.byte	0x23
 1317 0f53 10       		.uleb128 0x10
 1318 0f54 0E       		.uleb128 0xe
 1319 0f55 00000000 		.uaword	.LASF7
 1320 0f59 01       		.byte	0x1
 1321 0f5a 4F04     		.uahalf	0x44f
 1322 0f5c 58040000 		.uaword	0x458
 1323 0f60 02       		.byte	0x2
 1324 0f61 23       		.byte	0x23
 1325 0f62 14       		.uleb128 0x14
 1326 0f63 00       		.byte	0
 1327 0f64 0F       		.uleb128 0xf
 1328 0f65 690F0000 		.uaword	0xf69
 1329 0f69 08       		.uleb128 0x8
 1330 0f6a 04       		.byte	0x4
 1331 0f6b 510D0000 		.uaword	0xd51
 1332 0f6f 0F       		.uleb128 0xf
 1333 0f70 740F0000 		.uaword	0xf74
 1334 0f74 08       		.uleb128 0x8
 1335 0f75 04       		.byte	0x4
 1336 0f76 B70E0000 		.uaword	0xeb7
 1337 0f7a 0F       		.uleb128 0xf
 1338 0f7b 7F0F0000 		.uaword	0xf7f
 1339 0f7f 08       		.uleb128 0x8
 1340 0f80 04       		.byte	0x4
 1341 0f81 850F0000 		.uaword	0xf85
 1342 0f85 0B       		.uleb128 0xb
 1343 0f86 F0030000 		.uaword	0x3f0
 1344 0f8a 0A       		.uleb128 0xa
 1345 0f8b 4F735F43 		.string	"Os_CoreConfiguration"
 1345      6F726543 
 1345      6F6E6669 
 1345      67757261 
GAS Infineon TriCore Little Endian C:\\Users\\user1\\AppData\\Local\\Temp\\rta_RTAOS_638388406317960277_1736001\\ccbmSdPS.s 			page 31


 1345      74696F6E 
 1346 0fa0 01       		.byte	0x1
 1347 0fa1 5004     		.uahalf	0x450
 1348 0fa3 CE0E0000 		.uaword	0xece
 1349 0fa7 14       		.uleb128 0x14
 1350 0fa8 01       		.byte	0x1
 1351 0fa9 4F735F53 		.string	"Os_ShutdownAllCores"
 1351      68757464 
 1351      6F776E41 
 1351      6C6C436F 
 1351      72657300 
 1352 0fbd 01       		.byte	0x1
 1353 0fbe 5805     		.uahalf	0x558
 1354 0fc0 01       		.byte	0x1
 1355 0fc1 00000000 		.uaword	.LFB0
 1356 0fc5 00000000 		.uaword	.LFE0
 1357 0fc9 02       		.byte	0x2
 1358 0fca 8A       		.byte	0x8a
 1359 0fcb 00       		.sleb128 0
 1360 0fcc 01       		.byte	0x1
 1361 0fcd 03110000 		.uaword	0x1103
 1362 0fd1 15       		.uleb128 0x15
 1363 0fd2 4572726F 		.string	"Error"
 1363      7200
 1364 0fd8 01       		.byte	0x1
 1365 0fd9 5805     		.uahalf	0x558
 1366 0fdb 50020000 		.uaword	0x250
 1367 0fdf 00000000 		.uaword	.LLST0
 1368 0fe3 16       		.uleb128 0x16
 1369 0fe4 00000000 		.uaword	.LASF7
 1370 0fe8 01       		.byte	0x1
 1371 0fe9 5905     		.uahalf	0x559
 1372 0feb 58040000 		.uaword	0x458
 1373 0fef 00000000 		.uaword	.LLST1
 1374 0ff3 17       		.uleb128 0x17
 1375 0ff4 6F735F63 		.string	"os_current_core_const"
 1375      75727265 
 1375      6E745F63 
 1375      6F72655F 
 1375      636F6E73 
 1376 100a 01       		.byte	0x1
 1377 100b 5A05     		.uahalf	0x55a
 1378 100d 03110000 		.uaword	0x1103
 1379 1011 18       		.uleb128 0x18
 1380 1012 6F735F63 		.string	"os_current_core"
 1380      75727265 
 1380      6E745F63 
 1380      6F726500 
 1381 1022 01       		.byte	0x1
 1382 1023 5B05     		.uahalf	0x55b
 1383 1025 740F0000 		.uaword	0xf74
 1384 1029 01       		.byte	0x1
 1385 102a 6F       		.byte	0x6f
 1386 102b 19       		.uleb128 0x19
 1387 102c 00000000 		.uaword	.LBB2
 1388 1030 00000000 		.uaword	.LBE2
 1389 1034 49100000 		.uaword	0x1049
GAS Infineon TriCore Little Endian C:\\Users\\user1\\AppData\\Local\\Temp\\rta_RTAOS_638388406317960277_1736001\\ccbmSdPS.s 			page 32


 1390 1038 1A       		.uleb128 0x1a
 1391 1039 72657300 		.string	"res"
 1392 103d 01       		.byte	0x1
 1393 103e 5A05     		.uahalf	0x55a
 1394 1040 D0010000 		.uaword	0x1d0
 1395 1044 00000000 		.uaword	.LLST2
 1396 1048 00       		.byte	0
 1397 1049 19       		.uleb128 0x19
 1398 104a 00000000 		.uaword	.LBB3
 1399 104e 00000000 		.uaword	.LBE3
 1400 1052 67100000 		.uaword	0x1067
 1401 1056 1A       		.uleb128 0x1a
 1402 1057 72657300 		.string	"res"
 1403 105b 01       		.byte	0x1
 1404 105c 5E05     		.uahalf	0x55e
 1405 105e D0010000 		.uaword	0x1d0
 1406 1062 00000000 		.uaword	.LLST3
 1407 1066 00       		.byte	0
 1408 1067 19       		.uleb128 0x19
 1409 1068 00000000 		.uaword	.LBB4
 1410 106c 00000000 		.uaword	.LBE4
 1411 1070 88100000 		.uaword	0x1088
 1412 1074 1A       		.uleb128 0x1a
 1413 1075 6E657776 		.string	"newval"
 1413      616C00
 1414 107c 01       		.byte	0x1
 1415 107d 6305     		.uahalf	0x563
 1416 107f D0010000 		.uaword	0x1d0
 1417 1083 00000000 		.uaword	.LLST4
 1418 1087 00       		.byte	0
 1419 1088 19       		.uleb128 0x19
 1420 1089 00000000 		.uaword	.LBB5
 1421 108d 00000000 		.uaword	.LBE5
 1422 1091 A6100000 		.uaword	0x10a6
 1423 1095 1A       		.uleb128 0x1a
 1424 1096 72657300 		.string	"res"
 1425 109a 01       		.byte	0x1
 1426 109b 6505     		.uahalf	0x565
 1427 109d D0010000 		.uaword	0x1d0
 1428 10a1 00000000 		.uaword	.LLST5
 1429 10a5 00       		.byte	0
 1430 10a6 1B       		.uleb128 0x1b
 1431 10a7 00000000 		.uaword	.LVL9
 1432 10ab 6B110000 		.uaword	0x116b
 1433 10af B9100000 		.uaword	0x10b9
 1434 10b3 1C       		.uleb128 0x1c
 1435 10b4 01       		.byte	0x1
 1436 10b5 54       		.byte	0x54
 1437 10b6 01       		.byte	0x1
 1438 10b7 31       		.byte	0x31
 1439 10b8 00       		.byte	0
 1440 10b9 1B       		.uleb128 0x1b
 1441 10ba 00000000 		.uaword	.LVL10
 1442 10be 6B110000 		.uaword	0x116b
 1443 10c2 CC100000 		.uaword	0x10cc
 1444 10c6 1C       		.uleb128 0x1c
 1445 10c7 01       		.byte	0x1
GAS Infineon TriCore Little Endian C:\\Users\\user1\\AppData\\Local\\Temp\\rta_RTAOS_638388406317960277_1736001\\ccbmSdPS.s 			page 33


 1446 10c8 54       		.byte	0x54
 1447 10c9 01       		.byte	0x1
 1448 10ca 32       		.byte	0x32
 1449 10cb 00       		.byte	0
 1450 10cc 1B       		.uleb128 0x1b
 1451 10cd 00000000 		.uaword	.LVL12
 1452 10d1 91110000 		.uaword	0x1191
 1453 10d5 E0100000 		.uaword	0x10e0
 1454 10d9 1C       		.uleb128 0x1c
 1455 10da 01       		.byte	0x1
 1456 10db 54       		.byte	0x54
 1457 10dc 02       		.byte	0x2
 1458 10dd 78       		.byte	0x78
 1459 10de 00       		.sleb128 0
 1460 10df 00       		.byte	0
 1461 10e0 1B       		.uleb128 0x1b
 1462 10e1 00000000 		.uaword	.LVL16
 1463 10e5 6B110000 		.uaword	0x116b
 1464 10e9 F3100000 		.uaword	0x10f3
 1465 10ed 1C       		.uleb128 0x1c
 1466 10ee 01       		.byte	0x1
 1467 10ef 54       		.byte	0x54
 1468 10f0 01       		.byte	0x1
 1469 10f1 30       		.byte	0x30
 1470 10f2 00       		.byte	0
 1471 10f3 1D       		.uleb128 0x1d
 1472 10f4 00000000 		.uaword	.LVL17
 1473 10f8 6B110000 		.uaword	0x116b
 1474 10fc 1C       		.uleb128 0x1c
 1475 10fd 01       		.byte	0x1
 1476 10fe 54       		.byte	0x54
 1477 10ff 01       		.byte	0x1
 1478 1100 31       		.byte	0x31
 1479 1101 00       		.byte	0
 1480 1102 00       		.byte	0
 1481 1103 08       		.uleb128 0x8
 1482 1104 04       		.byte	0x4
 1483 1105 09110000 		.uaword	0x1109
 1484 1109 0F       		.uleb128 0xf
 1485 110a 8A0F0000 		.uaword	0xf8a
 1486 110e 1E       		.uleb128 0x1e
 1487 110f 4F735F53 		.string	"Os_ShutdownAllCores_Indicator"
 1487      68757464 
 1487      6F776E41 
 1487      6C6C436F 
 1487      7265735F 
 1488 112d 01       		.byte	0x1
 1489 112e 6004     		.uahalf	0x460
 1490 1130 50020000 		.uaword	0x250
 1491 1134 01       		.byte	0x1
 1492 1135 01       		.byte	0x1
 1493 1136 06       		.uleb128 0x6
 1494 1137 8A0F0000 		.uaword	0xf8a
 1495 113b 41110000 		.uaword	0x1141
 1496 113f 1F       		.uleb128 0x1f
 1497 1140 00       		.byte	0
 1498 1141 1E       		.uleb128 0x1e
GAS Infineon TriCore Little Endian C:\\Users\\user1\\AppData\\Local\\Temp\\rta_RTAOS_638388406317960277_1736001\\ccbmSdPS.s 			page 34


 1499 1142 4F735F63 		.string	"Os_const_coreconfiguration"
 1499      6F6E7374 
 1499      5F636F72 
 1499      65636F6E 
 1499      66696775 
 1500 115d 01       		.byte	0x1
 1501 115e 6A04     		.uahalf	0x46a
 1502 1160 66110000 		.uaword	0x1166
 1503 1164 01       		.byte	0x1
 1504 1165 01       		.byte	0x1
 1505 1166 0F       		.uleb128 0xf
 1506 1167 36110000 		.uaword	0x1136
 1507 116b 20       		.uleb128 0x20
 1508 116c 01       		.byte	0x1
 1509 116d 4F735F52 		.string	"Os_RaiseCrossCoreISR"
 1509      61697365 
 1509      43726F73 
 1509      73436F72 
 1509      65495352 
 1510 1182 01       		.byte	0x1
 1511 1183 0C05     		.uahalf	0x50c
 1512 1185 01       		.byte	0x1
 1513 1186 01       		.byte	0x1
 1514 1187 91110000 		.uaword	0x1191
 1515 118b 21       		.uleb128 0x21
 1516 118c 58040000 		.uaword	0x458
 1517 1190 00       		.byte	0
 1518 1191 22       		.uleb128 0x22
 1519 1192 01       		.byte	0x1
 1520 1193 4F735F53 		.string	"Os_ShutdownOS"
 1520      68757464 
 1520      6F776E4F 
 1520      5300
 1521 11a1 01       		.byte	0x1
 1522 11a2 DE04     		.uahalf	0x4de
 1523 11a4 01       		.byte	0x1
 1524 11a5 01       		.byte	0x1
 1525 11a6 21       		.uleb128 0x21
 1526 11a7 50020000 		.uaword	0x250
 1527 11ab 00       		.byte	0
 1528 11ac 00       		.byte	0
 1529              	.section .debug_abbrev,"",@progbits
 1530              	.Ldebug_abbrev0:
 1531 0000 01       		.uleb128 0x1
 1532 0001 11       		.uleb128 0x11
 1533 0002 01       		.byte	0x1
 1534 0003 25       		.uleb128 0x25
 1535 0004 08       		.uleb128 0x8
 1536 0005 13       		.uleb128 0x13
 1537 0006 0B       		.uleb128 0xb
 1538 0007 03       		.uleb128 0x3
 1539 0008 08       		.uleb128 0x8
 1540 0009 55       		.uleb128 0x55
 1541 000a 06       		.uleb128 0x6
 1542 000b 11       		.uleb128 0x11
 1543 000c 01       		.uleb128 0x1
 1544 000d 52       		.uleb128 0x52
GAS Infineon TriCore Little Endian C:\\Users\\user1\\AppData\\Local\\Temp\\rta_RTAOS_638388406317960277_1736001\\ccbmSdPS.s 			page 35


 1545 000e 01       		.uleb128 0x1
 1546 000f 10       		.uleb128 0x10
 1547 0010 06       		.uleb128 0x6
 1548 0011 00       		.byte	0
 1549 0012 00       		.byte	0
 1550 0013 02       		.uleb128 0x2
 1551 0014 16       		.uleb128 0x16
 1552 0015 00       		.byte	0
 1553 0016 03       		.uleb128 0x3
 1554 0017 08       		.uleb128 0x8
 1555 0018 3A       		.uleb128 0x3a
 1556 0019 0B       		.uleb128 0xb
 1557 001a 3B       		.uleb128 0x3b
 1558 001b 0B       		.uleb128 0xb
 1559 001c 49       		.uleb128 0x49
 1560 001d 13       		.uleb128 0x13
 1561 001e 00       		.byte	0
 1562 001f 00       		.byte	0
 1563 0020 03       		.uleb128 0x3
 1564 0021 24       		.uleb128 0x24
 1565 0022 00       		.byte	0
 1566 0023 0B       		.uleb128 0xb
 1567 0024 0B       		.uleb128 0xb
 1568 0025 3E       		.uleb128 0x3e
 1569 0026 0B       		.uleb128 0xb
 1570 0027 03       		.uleb128 0x3
 1571 0028 08       		.uleb128 0x8
 1572 0029 00       		.byte	0
 1573 002a 00       		.byte	0
 1574 002b 04       		.uleb128 0x4
 1575 002c 13       		.uleb128 0x13
 1576 002d 01       		.byte	0x1
 1577 002e 0B       		.uleb128 0xb
 1578 002f 0B       		.uleb128 0xb
 1579 0030 3A       		.uleb128 0x3a
 1580 0031 0B       		.uleb128 0xb
 1581 0032 3B       		.uleb128 0x3b
 1582 0033 0B       		.uleb128 0xb
 1583 0034 01       		.uleb128 0x1
 1584 0035 13       		.uleb128 0x13
 1585 0036 00       		.byte	0
 1586 0037 00       		.byte	0
 1587 0038 05       		.uleb128 0x5
 1588 0039 0D       		.uleb128 0xd
 1589 003a 00       		.byte	0
 1590 003b 03       		.uleb128 0x3
 1591 003c 08       		.uleb128 0x8
 1592 003d 3A       		.uleb128 0x3a
 1593 003e 0B       		.uleb128 0xb
 1594 003f 3B       		.uleb128 0x3b
 1595 0040 0B       		.uleb128 0xb
 1596 0041 49       		.uleb128 0x49
 1597 0042 13       		.uleb128 0x13
 1598 0043 38       		.uleb128 0x38
 1599 0044 0A       		.uleb128 0xa
 1600 0045 00       		.byte	0
 1601 0046 00       		.byte	0
GAS Infineon TriCore Little Endian C:\\Users\\user1\\AppData\\Local\\Temp\\rta_RTAOS_638388406317960277_1736001\\ccbmSdPS.s 			page 36


 1602 0047 06       		.uleb128 0x6
 1603 0048 01       		.uleb128 0x1
 1604 0049 01       		.byte	0x1
 1605 004a 49       		.uleb128 0x49
 1606 004b 13       		.uleb128 0x13
 1607 004c 01       		.uleb128 0x1
 1608 004d 13       		.uleb128 0x13
 1609 004e 00       		.byte	0
 1610 004f 00       		.byte	0
 1611 0050 07       		.uleb128 0x7
 1612 0051 21       		.uleb128 0x21
 1613 0052 00       		.byte	0
 1614 0053 49       		.uleb128 0x49
 1615 0054 13       		.uleb128 0x13
 1616 0055 2F       		.uleb128 0x2f
 1617 0056 0B       		.uleb128 0xb
 1618 0057 00       		.byte	0
 1619 0058 00       		.byte	0
 1620 0059 08       		.uleb128 0x8
 1621 005a 0F       		.uleb128 0xf
 1622 005b 00       		.byte	0
 1623 005c 0B       		.uleb128 0xb
 1624 005d 0B       		.uleb128 0xb
 1625 005e 49       		.uleb128 0x49
 1626 005f 13       		.uleb128 0x13
 1627 0060 00       		.byte	0
 1628 0061 00       		.byte	0
 1629 0062 09       		.uleb128 0x9
 1630 0063 15       		.uleb128 0x15
 1631 0064 00       		.byte	0
 1632 0065 27       		.uleb128 0x27
 1633 0066 0C       		.uleb128 0xc
 1634 0067 00       		.byte	0
 1635 0068 00       		.byte	0
 1636 0069 0A       		.uleb128 0xa
 1637 006a 16       		.uleb128 0x16
 1638 006b 00       		.byte	0
 1639 006c 03       		.uleb128 0x3
 1640 006d 08       		.uleb128 0x8
 1641 006e 3A       		.uleb128 0x3a
 1642 006f 0B       		.uleb128 0xb
 1643 0070 3B       		.uleb128 0x3b
 1644 0071 05       		.uleb128 0x5
 1645 0072 49       		.uleb128 0x49
 1646 0073 13       		.uleb128 0x13
 1647 0074 00       		.byte	0
 1648 0075 00       		.byte	0
 1649 0076 0B       		.uleb128 0xb
 1650 0077 35       		.uleb128 0x35
 1651 0078 00       		.byte	0
 1652 0079 49       		.uleb128 0x49
 1653 007a 13       		.uleb128 0x13
 1654 007b 00       		.byte	0
 1655 007c 00       		.byte	0
 1656 007d 0C       		.uleb128 0xc
 1657 007e 13       		.uleb128 0x13
 1658 007f 01       		.byte	0x1
GAS Infineon TriCore Little Endian C:\\Users\\user1\\AppData\\Local\\Temp\\rta_RTAOS_638388406317960277_1736001\\ccbmSdPS.s 			page 37


 1659 0080 03       		.uleb128 0x3
 1660 0081 08       		.uleb128 0x8
 1661 0082 0B       		.uleb128 0xb
 1662 0083 0B       		.uleb128 0xb
 1663 0084 3A       		.uleb128 0x3a
 1664 0085 0B       		.uleb128 0xb
 1665 0086 3B       		.uleb128 0x3b
 1666 0087 05       		.uleb128 0x5
 1667 0088 01       		.uleb128 0x1
 1668 0089 13       		.uleb128 0x13
 1669 008a 00       		.byte	0
 1670 008b 00       		.byte	0
 1671 008c 0D       		.uleb128 0xd
 1672 008d 0D       		.uleb128 0xd
 1673 008e 00       		.byte	0
 1674 008f 03       		.uleb128 0x3
 1675 0090 08       		.uleb128 0x8
 1676 0091 3A       		.uleb128 0x3a
 1677 0092 0B       		.uleb128 0xb
 1678 0093 3B       		.uleb128 0x3b
 1679 0094 05       		.uleb128 0x5
 1680 0095 49       		.uleb128 0x49
 1681 0096 13       		.uleb128 0x13
 1682 0097 38       		.uleb128 0x38
 1683 0098 0A       		.uleb128 0xa
 1684 0099 00       		.byte	0
 1685 009a 00       		.byte	0
 1686 009b 0E       		.uleb128 0xe
 1687 009c 0D       		.uleb128 0xd
 1688 009d 00       		.byte	0
 1689 009e 03       		.uleb128 0x3
 1690 009f 0E       		.uleb128 0xe
 1691 00a0 3A       		.uleb128 0x3a
 1692 00a1 0B       		.uleb128 0xb
 1693 00a2 3B       		.uleb128 0x3b
 1694 00a3 05       		.uleb128 0x5
 1695 00a4 49       		.uleb128 0x49
 1696 00a5 13       		.uleb128 0x13
 1697 00a6 38       		.uleb128 0x38
 1698 00a7 0A       		.uleb128 0xa
 1699 00a8 00       		.byte	0
 1700 00a9 00       		.byte	0
 1701 00aa 0F       		.uleb128 0xf
 1702 00ab 26       		.uleb128 0x26
 1703 00ac 00       		.byte	0
 1704 00ad 49       		.uleb128 0x49
 1705 00ae 13       		.uleb128 0x13
 1706 00af 00       		.byte	0
 1707 00b0 00       		.byte	0
 1708 00b1 10       		.uleb128 0x10
 1709 00b2 17       		.uleb128 0x17
 1710 00b3 01       		.byte	0x1
 1711 00b4 0B       		.uleb128 0xb
 1712 00b5 0B       		.uleb128 0xb
 1713 00b6 3A       		.uleb128 0x3a
 1714 00b7 0B       		.uleb128 0xb
 1715 00b8 3B       		.uleb128 0x3b
GAS Infineon TriCore Little Endian C:\\Users\\user1\\AppData\\Local\\Temp\\rta_RTAOS_638388406317960277_1736001\\ccbmSdPS.s 			page 38


 1716 00b9 05       		.uleb128 0x5
 1717 00ba 01       		.uleb128 0x1
 1718 00bb 13       		.uleb128 0x13
 1719 00bc 00       		.byte	0
 1720 00bd 00       		.byte	0
 1721 00be 11       		.uleb128 0x11
 1722 00bf 0D       		.uleb128 0xd
 1723 00c0 00       		.byte	0
 1724 00c1 03       		.uleb128 0x3
 1725 00c2 08       		.uleb128 0x8
 1726 00c3 3A       		.uleb128 0x3a
 1727 00c4 0B       		.uleb128 0xb
 1728 00c5 3B       		.uleb128 0x3b
 1729 00c6 05       		.uleb128 0x5
 1730 00c7 49       		.uleb128 0x49
 1731 00c8 13       		.uleb128 0x13
 1732 00c9 00       		.byte	0
 1733 00ca 00       		.byte	0
 1734 00cb 12       		.uleb128 0x12
 1735 00cc 0D       		.uleb128 0xd
 1736 00cd 00       		.byte	0
 1737 00ce 03       		.uleb128 0x3
 1738 00cf 0E       		.uleb128 0xe
 1739 00d0 3A       		.uleb128 0x3a
 1740 00d1 0B       		.uleb128 0xb
 1741 00d2 3B       		.uleb128 0x3b
 1742 00d3 05       		.uleb128 0x5
 1743 00d4 49       		.uleb128 0x49
 1744 00d5 13       		.uleb128 0x13
 1745 00d6 00       		.byte	0
 1746 00d7 00       		.byte	0
 1747 00d8 13       		.uleb128 0x13
 1748 00d9 13       		.uleb128 0x13
 1749 00da 01       		.byte	0x1
 1750 00db 0B       		.uleb128 0xb
 1751 00dc 0B       		.uleb128 0xb
 1752 00dd 3A       		.uleb128 0x3a
 1753 00de 0B       		.uleb128 0xb
 1754 00df 3B       		.uleb128 0x3b
 1755 00e0 05       		.uleb128 0x5
 1756 00e1 01       		.uleb128 0x1
 1757 00e2 13       		.uleb128 0x13
 1758 00e3 00       		.byte	0
 1759 00e4 00       		.byte	0
 1760 00e5 14       		.uleb128 0x14
 1761 00e6 2E       		.uleb128 0x2e
 1762 00e7 01       		.byte	0x1
 1763 00e8 3F       		.uleb128 0x3f
 1764 00e9 0C       		.uleb128 0xc
 1765 00ea 03       		.uleb128 0x3
 1766 00eb 08       		.uleb128 0x8
 1767 00ec 3A       		.uleb128 0x3a
 1768 00ed 0B       		.uleb128 0xb
 1769 00ee 3B       		.uleb128 0x3b
 1770 00ef 05       		.uleb128 0x5
 1771 00f0 27       		.uleb128 0x27
 1772 00f1 0C       		.uleb128 0xc
GAS Infineon TriCore Little Endian C:\\Users\\user1\\AppData\\Local\\Temp\\rta_RTAOS_638388406317960277_1736001\\ccbmSdPS.s 			page 39


 1773 00f2 11       		.uleb128 0x11
 1774 00f3 01       		.uleb128 0x1
 1775 00f4 12       		.uleb128 0x12
 1776 00f5 01       		.uleb128 0x1
 1777 00f6 40       		.uleb128 0x40
 1778 00f7 0A       		.uleb128 0xa
 1779 00f8 9742     		.uleb128 0x2117
 1780 00fa 0C       		.uleb128 0xc
 1781 00fb 01       		.uleb128 0x1
 1782 00fc 13       		.uleb128 0x13
 1783 00fd 00       		.byte	0
 1784 00fe 00       		.byte	0
 1785 00ff 15       		.uleb128 0x15
 1786 0100 05       		.uleb128 0x5
 1787 0101 00       		.byte	0
 1788 0102 03       		.uleb128 0x3
 1789 0103 08       		.uleb128 0x8
 1790 0104 3A       		.uleb128 0x3a
 1791 0105 0B       		.uleb128 0xb
 1792 0106 3B       		.uleb128 0x3b
 1793 0107 05       		.uleb128 0x5
 1794 0108 49       		.uleb128 0x49
 1795 0109 13       		.uleb128 0x13
 1796 010a 02       		.uleb128 0x2
 1797 010b 06       		.uleb128 0x6
 1798 010c 00       		.byte	0
 1799 010d 00       		.byte	0
 1800 010e 16       		.uleb128 0x16
 1801 010f 34       		.uleb128 0x34
 1802 0110 00       		.byte	0
 1803 0111 03       		.uleb128 0x3
 1804 0112 0E       		.uleb128 0xe
 1805 0113 3A       		.uleb128 0x3a
 1806 0114 0B       		.uleb128 0xb
 1807 0115 3B       		.uleb128 0x3b
 1808 0116 05       		.uleb128 0x5
 1809 0117 49       		.uleb128 0x49
 1810 0118 13       		.uleb128 0x13
 1811 0119 02       		.uleb128 0x2
 1812 011a 06       		.uleb128 0x6
 1813 011b 00       		.byte	0
 1814 011c 00       		.byte	0
 1815 011d 17       		.uleb128 0x17
 1816 011e 34       		.uleb128 0x34
 1817 011f 00       		.byte	0
 1818 0120 03       		.uleb128 0x3
 1819 0121 08       		.uleb128 0x8
 1820 0122 3A       		.uleb128 0x3a
 1821 0123 0B       		.uleb128 0xb
 1822 0124 3B       		.uleb128 0x3b
 1823 0125 05       		.uleb128 0x5
 1824 0126 49       		.uleb128 0x49
 1825 0127 13       		.uleb128 0x13
 1826 0128 00       		.byte	0
 1827 0129 00       		.byte	0
 1828 012a 18       		.uleb128 0x18
 1829 012b 34       		.uleb128 0x34
GAS Infineon TriCore Little Endian C:\\Users\\user1\\AppData\\Local\\Temp\\rta_RTAOS_638388406317960277_1736001\\ccbmSdPS.s 			page 40


 1830 012c 00       		.byte	0
 1831 012d 03       		.uleb128 0x3
 1832 012e 08       		.uleb128 0x8
 1833 012f 3A       		.uleb128 0x3a
 1834 0130 0B       		.uleb128 0xb
 1835 0131 3B       		.uleb128 0x3b
 1836 0132 05       		.uleb128 0x5
 1837 0133 49       		.uleb128 0x49
 1838 0134 13       		.uleb128 0x13
 1839 0135 02       		.uleb128 0x2
 1840 0136 0A       		.uleb128 0xa
 1841 0137 00       		.byte	0
 1842 0138 00       		.byte	0
 1843 0139 19       		.uleb128 0x19
 1844 013a 0B       		.uleb128 0xb
 1845 013b 01       		.byte	0x1
 1846 013c 11       		.uleb128 0x11
 1847 013d 01       		.uleb128 0x1
 1848 013e 12       		.uleb128 0x12
 1849 013f 01       		.uleb128 0x1
 1850 0140 01       		.uleb128 0x1
 1851 0141 13       		.uleb128 0x13
 1852 0142 00       		.byte	0
 1853 0143 00       		.byte	0
 1854 0144 1A       		.uleb128 0x1a
 1855 0145 34       		.uleb128 0x34
 1856 0146 00       		.byte	0
 1857 0147 03       		.uleb128 0x3
 1858 0148 08       		.uleb128 0x8
 1859 0149 3A       		.uleb128 0x3a
 1860 014a 0B       		.uleb128 0xb
 1861 014b 3B       		.uleb128 0x3b
 1862 014c 05       		.uleb128 0x5
 1863 014d 49       		.uleb128 0x49
 1864 014e 13       		.uleb128 0x13
 1865 014f 02       		.uleb128 0x2
 1866 0150 06       		.uleb128 0x6
 1867 0151 00       		.byte	0
 1868 0152 00       		.byte	0
 1869 0153 1B       		.uleb128 0x1b
 1870 0154 898201   		.uleb128 0x4109
 1871 0157 01       		.byte	0x1
 1872 0158 11       		.uleb128 0x11
 1873 0159 01       		.uleb128 0x1
 1874 015a 31       		.uleb128 0x31
 1875 015b 13       		.uleb128 0x13
 1876 015c 01       		.uleb128 0x1
 1877 015d 13       		.uleb128 0x13
 1878 015e 00       		.byte	0
 1879 015f 00       		.byte	0
 1880 0160 1C       		.uleb128 0x1c
 1881 0161 8A8201   		.uleb128 0x410a
 1882 0164 00       		.byte	0
 1883 0165 02       		.uleb128 0x2
 1884 0166 0A       		.uleb128 0xa
 1885 0167 9142     		.uleb128 0x2111
 1886 0169 0A       		.uleb128 0xa
GAS Infineon TriCore Little Endian C:\\Users\\user1\\AppData\\Local\\Temp\\rta_RTAOS_638388406317960277_1736001\\ccbmSdPS.s 			page 41


 1887 016a 00       		.byte	0
 1888 016b 00       		.byte	0
 1889 016c 1D       		.uleb128 0x1d
 1890 016d 898201   		.uleb128 0x4109
 1891 0170 01       		.byte	0x1
 1892 0171 11       		.uleb128 0x11
 1893 0172 01       		.uleb128 0x1
 1894 0173 31       		.uleb128 0x31
 1895 0174 13       		.uleb128 0x13
 1896 0175 00       		.byte	0
 1897 0176 00       		.byte	0
 1898 0177 1E       		.uleb128 0x1e
 1899 0178 34       		.uleb128 0x34
 1900 0179 00       		.byte	0
 1901 017a 03       		.uleb128 0x3
 1902 017b 08       		.uleb128 0x8
 1903 017c 3A       		.uleb128 0x3a
 1904 017d 0B       		.uleb128 0xb
 1905 017e 3B       		.uleb128 0x3b
 1906 017f 05       		.uleb128 0x5
 1907 0180 49       		.uleb128 0x49
 1908 0181 13       		.uleb128 0x13
 1909 0182 3F       		.uleb128 0x3f
 1910 0183 0C       		.uleb128 0xc
 1911 0184 3C       		.uleb128 0x3c
 1912 0185 0C       		.uleb128 0xc
 1913 0186 00       		.byte	0
 1914 0187 00       		.byte	0
 1915 0188 1F       		.uleb128 0x1f
 1916 0189 21       		.uleb128 0x21
 1917 018a 00       		.byte	0
 1918 018b 00       		.byte	0
 1919 018c 00       		.byte	0
 1920 018d 20       		.uleb128 0x20
 1921 018e 2E       		.uleb128 0x2e
 1922 018f 01       		.byte	0x1
 1923 0190 3F       		.uleb128 0x3f
 1924 0191 0C       		.uleb128 0xc
 1925 0192 03       		.uleb128 0x3
 1926 0193 08       		.uleb128 0x8
 1927 0194 3A       		.uleb128 0x3a
 1928 0195 0B       		.uleb128 0xb
 1929 0196 3B       		.uleb128 0x3b
 1930 0197 05       		.uleb128 0x5
 1931 0198 27       		.uleb128 0x27
 1932 0199 0C       		.uleb128 0xc
 1933 019a 3C       		.uleb128 0x3c
 1934 019b 0C       		.uleb128 0xc
 1935 019c 01       		.uleb128 0x1
 1936 019d 13       		.uleb128 0x13
 1937 019e 00       		.byte	0
 1938 019f 00       		.byte	0
 1939 01a0 21       		.uleb128 0x21
 1940 01a1 05       		.uleb128 0x5
 1941 01a2 00       		.byte	0
 1942 01a3 49       		.uleb128 0x49
 1943 01a4 13       		.uleb128 0x13
GAS Infineon TriCore Little Endian C:\\Users\\user1\\AppData\\Local\\Temp\\rta_RTAOS_638388406317960277_1736001\\ccbmSdPS.s 			page 42


 1944 01a5 00       		.byte	0
 1945 01a6 00       		.byte	0
 1946 01a7 22       		.uleb128 0x22
 1947 01a8 2E       		.uleb128 0x2e
 1948 01a9 01       		.byte	0x1
 1949 01aa 3F       		.uleb128 0x3f
 1950 01ab 0C       		.uleb128 0xc
 1951 01ac 03       		.uleb128 0x3
 1952 01ad 08       		.uleb128 0x8
 1953 01ae 3A       		.uleb128 0x3a
 1954 01af 0B       		.uleb128 0xb
 1955 01b0 3B       		.uleb128 0x3b
 1956 01b1 05       		.uleb128 0x5
 1957 01b2 27       		.uleb128 0x27
 1958 01b3 0C       		.uleb128 0xc
 1959 01b4 3C       		.uleb128 0x3c
 1960 01b5 0C       		.uleb128 0xc
 1961 01b6 00       		.byte	0
 1962 01b7 00       		.byte	0
 1963 01b8 00       		.byte	0
 1964              	.section .debug_loc,"",@progbits
 1965              	.Ldebug_loc0:
 1966              	.LLST0:
 1967 0000 00000000 		.uaword	.LVL0
 1968 0004 00000000 		.uaword	.LVL8
 1969 0008 0100     		.uahalf	0x1
 1970 000a 54       		.byte	0x54
 1971 000b 00000000 		.uaword	.LVL8
 1972 000f 00000000 		.uaword	.LVL13
 1973 0013 0400     		.uahalf	0x4
 1974 0015 F3       		.byte	0xf3
 1975 0016 01       		.uleb128 0x1
 1976 0017 54       		.byte	0x54
 1977 0018 9F       		.byte	0x9f
 1978 0019 00000000 		.uaword	.LVL13
 1979 001d 00000000 		.uaword	.LVL15
 1980 0021 0100     		.uahalf	0x1
 1981 0023 54       		.byte	0x54
 1982 0024 00000000 		.uaword	.LVL15
 1983 0028 00000000 		.uaword	.LFE0
 1984 002c 0400     		.uahalf	0x4
 1985 002e F3       		.byte	0xf3
 1986 002f 01       		.uleb128 0x1
 1987 0030 54       		.byte	0x54
 1988 0031 9F       		.byte	0x9f
 1989 0032 00000000 		.uaword	0
 1990 0036 00000000 		.uaword	0
 1991              	.LLST1:
 1992 003a 00000000 		.uaword	.LVL7
 1993 003e 00000000 		.uaword	.LVL11
 1994 0042 0100     		.uahalf	0x1
 1995 0044 5F       		.byte	0x5f
 1996 0045 00000000 		.uaword	.LVL14
 1997 0049 00000000 		.uaword	.LFE0
 1998 004d 0100     		.uahalf	0x1
 1999 004f 5F       		.byte	0x5f
 2000 0050 00000000 		.uaword	0
GAS Infineon TriCore Little Endian C:\\Users\\user1\\AppData\\Local\\Temp\\rta_RTAOS_638388406317960277_1736001\\ccbmSdPS.s 			page 43


 2001 0054 00000000 		.uaword	0
 2002              	.LLST2:
 2003 0058 00000000 		.uaword	.LVL1
 2004 005c 00000000 		.uaword	.LVL3
 2005 0060 0100     		.uahalf	0x1
 2006 0062 5F       		.byte	0x5f
 2007 0063 00000000 		.uaword	0
 2008 0067 00000000 		.uaword	0
 2009              	.LLST3:
 2010 006b 00000000 		.uaword	.LVL3
 2011 006f 00000000 		.uaword	.LVL4
 2012 0073 0100     		.uahalf	0x1
 2013 0075 5F       		.byte	0x5f
 2014 0076 00000000 		.uaword	.LVL13
 2015 007a 00000000 		.uaword	.LVL14
 2016 007e 0100     		.uahalf	0x1
 2017 0080 5F       		.byte	0x5f
 2018 0081 00000000 		.uaword	0
 2019 0085 00000000 		.uaword	0
 2020              	.LLST4:
 2021 0089 00000000 		.uaword	.LVL5
 2022 008d 00000000 		.uaword	.LVL13
 2023 0091 0400     		.uahalf	0x4
 2024 0093 0A       		.byte	0xa
 2025 0094 FF80     		.uahalf	0x80ff
 2026 0096 9F       		.byte	0x9f
 2027 0097 00000000 		.uaword	.LVL14
 2028 009b 00000000 		.uaword	.LFE0
 2029 009f 0400     		.uahalf	0x4
 2030 00a1 0A       		.byte	0xa
 2031 00a2 FF80     		.uahalf	0x80ff
 2032 00a4 9F       		.byte	0x9f
 2033 00a5 00000000 		.uaword	0
 2034 00a9 00000000 		.uaword	0
 2035              	.LLST5:
 2036 00ad 00000000 		.uaword	.LVL6
 2037 00b1 00000000 		.uaword	.LVL7
 2038 00b5 0100     		.uahalf	0x1
 2039 00b7 5F       		.byte	0x5f
 2040 00b8 00000000 		.uaword	0
 2041 00bc 00000000 		.uaword	0
 2042              	.section .debug_aranges,"",@progbits
 2043 0000 1C000000 		.uaword	0x1c
 2044 0004 0200     		.uahalf	0x2
 2045 0006 00000000 		.uaword	.Ldebug_info0
 2046 000a 04       		.byte	0x4
 2047 000b 00       		.byte	0
 2048 000c 0000     		.uahalf	0
 2049 000e 0000     		.uahalf	0
 2050 0010 00000000 		.uaword	.LFB0
 2051 0014 80000000 		.uaword	.LFE0-.LFB0
 2052 0018 00000000 		.uaword	0
 2053 001c 00000000 		.uaword	0
 2054              	.section .debug_ranges,"",@progbits
 2055              	.Ldebug_ranges0:
 2056 0000 00000000 		.uaword	.LFB0
 2057 0004 00000000 		.uaword	.LFE0
GAS Infineon TriCore Little Endian C:\\Users\\user1\\AppData\\Local\\Temp\\rta_RTAOS_638388406317960277_1736001\\ccbmSdPS.s 			page 44


 2058 0008 00000000 		.uaword	0
 2059 000c 00000000 		.uaword	0
 2060              	.section .debug_line,"",@progbits
 2061              	.Ldebug_line0:
 2062 0000 50010000 	.section .debug_str,"",@progbits
 2062      02001601 
 2062      00000201 
 2062      FB0E0D00 
 2062      01010101 
 2063              	.LASF4:
 2064 0000 6170706C 		.string	"application"
 2064      69636174 
 2064      696F6E00 
 2065              	.LASF2:
 2066 000c 64796E61 		.string	"dynamic"
 2066      6D696300 
 2067              	.LASF5:
 2068 0014 61637469 		.string	"activation_count"
 2068      76617469 
 2068      6F6E5F63 
 2068      6F756E74 
 2068      00
 2069              	.LASF6:
 2070 0025 74706D61 		.string	"tpmask"
 2070      736B00
 2071              	.LASF1:
 2072 002c 656E7472 		.string	"entry_function"
 2072      795F6675 
 2072      6E637469 
 2072      6F6E00
 2073              	.LASF7:
 2074 003b 636F7265 		.string	"core_id"
 2074      5F696400 
 2075              	.LASF3:
 2076 0043 61636365 		.string	"access"
 2076      737300
 2077              	.LASF0:
 2078 004a 7265736F 		.string	"resource_count"
 2078      75726365 
 2078      5F636F75 
 2078      6E7400
 2079              		.extern	Os_ShutdownOS,STT_FUNC,0
 2080              		.extern	Os_RaiseCrossCoreISR,STT_FUNC,0
 2081              		.extern	Os_ShutdownAllCores_Indicator,STT_OBJECT,1
 2082              		.extern	Os_const_coreconfiguration,STT_OBJECT,-1
 2083              		.ident	"GCC: (HighTec Release HDP-v4.9.4.1-11fcedf) 4.9.4 build on 2020-09-01"
