GAS Infineon TriCore Little Endian C:\\Users\\user1\\AppData\\Local\\Temp\\rta_RTAOS_638388406317960277_1736001\\cc14FAac.s 			page 1


   1              		.file	"StackOverrunHook.c"
   2              	.section .text,"ax",@progbits
   3              	.Ltext0:
   4              	.section .text.Os_Cbk_StackOverrunHook,"ax",@progbits
   5              		.align 1
   6              		.global	Os_Cbk_StackOverrunHook
   7              		.type	Os_Cbk_StackOverrunHook, @function
   8              	Os_Cbk_StackOverrunHook:
   9              	.LFB0:
  10              		.file 1 "C:\\Users\\user1\\AppData\\Local\\Temp\\rta_RTAOS_638388406317960277_1736001\\StackOverru
  11              		.loc 1 1367 0
  12              	.LVL0:
  13              		.loc 1 1368 0
  14 0000 3BD00040 		mov	%d4, 13
  15              	.LVL1:
  16 0004 1D000000 		j	Os_ProtectionLog
****  Notice:Expanding j-R -> j-O
  17              	.LVL2:
  18              	.LFE0:
  19              		.size	Os_Cbk_StackOverrunHook, .-Os_Cbk_StackOverrunHook
  20              	.section .debug_frame,"",@progbits
  21              	.Lframe0:
  22 0000 0C000000 		.uaword	.LECIE0-.LSCIE0
  23              	.LSCIE0:
  24 0004 FFFFFFFF 		.uaword	0xffffffff
  25 0008 01       		.byte	0x1
  26 0009 00       		.string	""
  27 000a 01       		.uleb128 0x1
  28 000b 01       		.sleb128 1
  29 000c 1B       		.byte	0x1b
  30 000d 0C       		.byte	0xc
  31 000e 1A       		.uleb128 0x1a
  32 000f 00       		.uleb128 0
  33              		.align 2
  34              	.LECIE0:
  35              	.LSFDE0:
  36 0010 0C000000 		.uaword	.LEFDE0-.LASFDE0
  37              	.LASFDE0:
  38 0014 00000000 		.uaword	.Lframe0
  39 0018 00000000 		.uaword	.LFB0
  40 001c 08000000 		.uaword	.LFE0-.LFB0
  41              		.align 2
  42              	.LEFDE0:
  43              	.section .text,"ax",@progbits
  44              	.Letext0:
  45              		.file 2 "D:\\home\\user123\\user\\Mohan6_VectorSIP\\21Dec23\\15Dec23_CAN_merge_21stDec\\25_Softwar
  46              	.section .debug_info,"",@progbits
  47              	.Ldebug_info0:
  48 0000 82030000 		.uaword	0x382
  49 0004 0200     		.uahalf	0x2
  50 0006 00000000 		.uaword	.Ldebug_abbrev0
  51 000a 04       		.byte	0x4
  52 000b 01       		.uleb128 0x1
  53 000c 474E5520 		.ascii	"GNU C 4."
  53      4320342E 
  54 0014 392E3420 		.string	"9.4 build on 2020-09-01 -mlicense-dir=c:\\hightec\\toolchains\\tricore\\v4.9.4.1\\bin\\..
  54      6275696C 
GAS Infineon TriCore Little Endian C:\\Users\\user1\\AppData\\Local\\Temp\\rta_RTAOS_638388406317960277_1736001\\cc14FAac.s 			page 2


  54      64206F6E 
  54      20323032 
  54      302D3039 
  55 0115 01       		.byte	0x1
  56 0116 433A5C55 		.string	"C:\\Users\\user1\\AppData\\Local\\Temp\\rta_RTAOS_638388406317960277_1736001\\StackOverru
  56      73657273 
  56      5C757365 
  56      72315C41 
  56      70704461 
  57 0170 00000000 		.uaword	.Ldebug_ranges0+0
  58 0174 00000000 		.uaword	0
  59 0178 00000000 		.uaword	0
  60 017c 00000000 		.uaword	.Ldebug_line0
  61 0180 02       		.uleb128 0x2
  62 0181 01       		.byte	0x1
  63 0182 08       		.byte	0x8
  64 0183 756E7369 		.string	"unsigned char"
  64      676E6564 
  64      20636861 
  64      7200
  65 0191 02       		.uleb128 0x2
  66 0192 02       		.byte	0x2
  67 0193 07       		.byte	0x7
  68 0194 73686F72 		.string	"short unsigned int"
  68      7420756E 
  68      7369676E 
  68      65642069 
  68      6E7400
  69 01a7 02       		.uleb128 0x2
  70 01a8 04       		.byte	0x4
  71 01a9 07       		.byte	0x7
  72 01aa 756E7369 		.string	"unsigned int"
  72      676E6564 
  72      20696E74 
  72      00
  73 01b7 02       		.uleb128 0x2
  74 01b8 01       		.byte	0x1
  75 01b9 06       		.byte	0x6
  76 01ba 7369676E 		.string	"signed char"
  76      65642063 
  76      68617200 
  77 01c6 02       		.uleb128 0x2
  78 01c7 02       		.byte	0x2
  79 01c8 05       		.byte	0x5
  80 01c9 73686F72 		.string	"short int"
  80      7420696E 
  80      7400
  81 01d3 02       		.uleb128 0x2
  82 01d4 04       		.byte	0x4
  83 01d5 05       		.byte	0x5
  84 01d6 696E7400 		.string	"int"
  85 01da 02       		.uleb128 0x2
  86 01db 04       		.byte	0x4
  87 01dc 04       		.byte	0x4
  88 01dd 666C6F61 		.string	"float"
  88      7400
  89 01e3 02       		.uleb128 0x2
GAS Infineon TriCore Little Endian C:\\Users\\user1\\AppData\\Local\\Temp\\rta_RTAOS_638388406317960277_1736001\\cc14FAac.s 			page 3


  90 01e4 08       		.byte	0x8
  91 01e5 04       		.byte	0x4
  92 01e6 646F7562 		.string	"double"
  92      6C6500
  93 01ed 02       		.uleb128 0x2
  94 01ee 08       		.byte	0x8
  95 01ef 05       		.byte	0x5
  96 01f0 6C6F6E67 		.string	"long long int"
  96      206C6F6E 
  96      6720696E 
  96      7400
  97 01fe 02       		.uleb128 0x2
  98 01ff 08       		.byte	0x8
  99 0200 07       		.byte	0x7
 100 0201 6C6F6E67 		.string	"long long unsigned int"
 100      206C6F6E 
 100      6720756E 
 100      7369676E 
 100      65642069 
 101 0218 03       		.uleb128 0x3
 102 0219 53746174 		.string	"StatusType"
 102      75735479 
 102      706500
 103 0224 02       		.byte	0x2
 104 0225 28       		.byte	0x28
 105 0226 80010000 		.uaword	0x180
 106 022a 02       		.uleb128 0x2
 107 022b 04       		.byte	0x4
 108 022c 07       		.byte	0x7
 109 022d 73697A65 		.string	"sizetype"
 109      74797065 
 109      00
 110 0236 03       		.uleb128 0x3
 111 0237 4F735F53 		.string	"Os_StackTraceType"
 111      7461636B 
 111      54726163 
 111      65547970 
 111      6500
 112 0249 01       		.byte	0x1
 113 024a BF       		.byte	0xbf
 114 024b A7010000 		.uaword	0x1a7
 115 024f 04       		.uleb128 0x4
 116 0250 08       		.byte	0x8
 117 0251 01       		.byte	0x1
 118 0252 C0       		.byte	0xc0
 119 0253 73020000 		.uaword	0x273
 120 0257 05       		.uleb128 0x5
 121 0258 737000   		.string	"sp"
 122 025b 01       		.byte	0x1
 123 025c C0       		.byte	0xc0
 124 025d 36020000 		.uaword	0x236
 125 0261 02       		.byte	0x2
 126 0262 23       		.byte	0x23
 127 0263 00       		.uleb128 0
 128 0264 05       		.uleb128 0x5
 129 0265 63747800 		.string	"ctx"
 130 0269 01       		.byte	0x1
GAS Infineon TriCore Little Endian C:\\Users\\user1\\AppData\\Local\\Temp\\rta_RTAOS_638388406317960277_1736001\\cc14FAac.s 			page 4


 131 026a C0       		.byte	0xc0
 132 026b 36020000 		.uaword	0x236
 133 026f 02       		.byte	0x2
 134 0270 23       		.byte	0x23
 135 0271 04       		.uleb128 0x4
 136 0272 00       		.byte	0
 137 0273 03       		.uleb128 0x3
 138 0274 4F735F53 		.string	"Os_StackValueType"
 138      7461636B 
 138      56616C75 
 138      65547970 
 138      6500
 139 0286 01       		.byte	0x1
 140 0287 C0       		.byte	0xc0
 141 0288 4F020000 		.uaword	0x24f
 142 028c 03       		.uleb128 0x3
 143 028d 4F735F53 		.string	"Os_StackSizeType"
 143      7461636B 
 143      53697A65 
 143      54797065 
 143      00
 144 029e 01       		.byte	0x1
 145 029f C1       		.byte	0xc1
 146 02a0 73020000 		.uaword	0x273
 147 02a4 06       		.uleb128 0x6
 148 02a5 01       		.byte	0x1
 149 02a6 01       		.byte	0x1
 150 02a7 CC       		.byte	0xcc
 151 02a8 E6020000 		.uaword	0x2e6
 152 02ac 07       		.uleb128 0x7
 153 02ad 4F535F42 		.string	"OS_BUDGET"
 153      55444745 
 153      5400
 154 02b7 00       		.sleb128 0
 155 02b8 07       		.uleb128 0x7
 156 02b9 4F535F45 		.string	"OS_ECC_START"
 156      43435F53 
 156      54415254 
 156      00
 157 02c6 01       		.sleb128 1
 158 02c7 07       		.uleb128 0x7
 159 02c8 4F535F45 		.string	"OS_ECC_RESUME"
 159      43435F52 
 159      4553554D 
 159      4500
 160 02d6 02       		.sleb128 2
 161 02d7 07       		.uleb128 0x7
 162 02d8 4F535F45 		.string	"OS_ECC_WAIT"
 162      43435F57 
 162      41495400 
 163 02e4 03       		.sleb128 3
 164 02e5 00       		.byte	0
 165 02e6 03       		.uleb128 0x3
 166 02e7 4F735F53 		.string	"Os_StackOverrunType"
 166      7461636B 
 166      4F766572 
 166      72756E54 
GAS Infineon TriCore Little Endian C:\\Users\\user1\\AppData\\Local\\Temp\\rta_RTAOS_638388406317960277_1736001\\cc14FAac.s 			page 5


 166      79706500 
 167 02fb 01       		.byte	0x1
 168 02fc CC       		.byte	0xcc
 169 02fd A4020000 		.uaword	0x2a4
 170 0301 08       		.uleb128 0x8
 171 0302 01       		.byte	0x1
 172 0303 4F735F43 		.string	"Os_Cbk_StackOverrunHook"
 172      626B5F53 
 172      7461636B 
 172      4F766572 
 172      72756E48 
 173 031b 01       		.byte	0x1
 174 031c 5705     		.uahalf	0x557
 175 031e 01       		.byte	0x1
 176 031f 00000000 		.uaword	.LFB0
 177 0323 00000000 		.uaword	.LFE0
 178 0327 02       		.byte	0x2
 179 0328 8A       		.byte	0x8a
 180 0329 00       		.sleb128 0
 181 032a 01       		.byte	0x1
 182 032b 67030000 		.uaword	0x367
 183 032f 09       		.uleb128 0x9
 184 0330 4F766572 		.string	"Overrun"
 184      72756E00 
 185 0338 01       		.byte	0x1
 186 0339 5705     		.uahalf	0x557
 187 033b 8C020000 		.uaword	0x28c
 188 033f 00000000 		.uaword	.LLST0
 189 0343 09       		.uleb128 0x9
 190 0344 52656173 		.string	"Reason"
 190      6F6E00
 191 034b 01       		.byte	0x1
 192 034c 5705     		.uahalf	0x557
 193 034e E6020000 		.uaword	0x2e6
 194 0352 00000000 		.uaword	.LLST1
 195 0356 0A       		.uleb128 0xa
 196 0357 00000000 		.uaword	.LVL2
 197 035b 01       		.byte	0x1
 198 035c 67030000 		.uaword	0x367
 199 0360 0B       		.uleb128 0xb
 200 0361 01       		.byte	0x1
 201 0362 54       		.byte	0x54
 202 0363 01       		.byte	0x1
 203 0364 3D       		.byte	0x3d
 204 0365 00       		.byte	0
 205 0366 00       		.byte	0
 206 0367 0C       		.uleb128 0xc
 207 0368 01       		.byte	0x1
 208 0369 4F735F50 		.string	"Os_ProtectionLog"
 208      726F7465 
 208      6374696F 
 208      6E4C6F67 
 208      00
 209 037a 01       		.byte	0x1
 210 037b DF04     		.uahalf	0x4df
 211 037d 01       		.byte	0x1
 212 037e 01       		.byte	0x1
GAS Infineon TriCore Little Endian C:\\Users\\user1\\AppData\\Local\\Temp\\rta_RTAOS_638388406317960277_1736001\\cc14FAac.s 			page 6


 213 037f 0D       		.uleb128 0xd
 214 0380 18020000 		.uaword	0x218
 215 0384 00       		.byte	0
 216 0385 00       		.byte	0
 217              	.section .debug_abbrev,"",@progbits
 218              	.Ldebug_abbrev0:
 219 0000 01       		.uleb128 0x1
 220 0001 11       		.uleb128 0x11
 221 0002 01       		.byte	0x1
 222 0003 25       		.uleb128 0x25
 223 0004 08       		.uleb128 0x8
 224 0005 13       		.uleb128 0x13
 225 0006 0B       		.uleb128 0xb
 226 0007 03       		.uleb128 0x3
 227 0008 08       		.uleb128 0x8
 228 0009 55       		.uleb128 0x55
 229 000a 06       		.uleb128 0x6
 230 000b 11       		.uleb128 0x11
 231 000c 01       		.uleb128 0x1
 232 000d 52       		.uleb128 0x52
 233 000e 01       		.uleb128 0x1
 234 000f 10       		.uleb128 0x10
 235 0010 06       		.uleb128 0x6
 236 0011 00       		.byte	0
 237 0012 00       		.byte	0
 238 0013 02       		.uleb128 0x2
 239 0014 24       		.uleb128 0x24
 240 0015 00       		.byte	0
 241 0016 0B       		.uleb128 0xb
 242 0017 0B       		.uleb128 0xb
 243 0018 3E       		.uleb128 0x3e
 244 0019 0B       		.uleb128 0xb
 245 001a 03       		.uleb128 0x3
 246 001b 08       		.uleb128 0x8
 247 001c 00       		.byte	0
 248 001d 00       		.byte	0
 249 001e 03       		.uleb128 0x3
 250 001f 16       		.uleb128 0x16
 251 0020 00       		.byte	0
 252 0021 03       		.uleb128 0x3
 253 0022 08       		.uleb128 0x8
 254 0023 3A       		.uleb128 0x3a
 255 0024 0B       		.uleb128 0xb
 256 0025 3B       		.uleb128 0x3b
 257 0026 0B       		.uleb128 0xb
 258 0027 49       		.uleb128 0x49
 259 0028 13       		.uleb128 0x13
 260 0029 00       		.byte	0
 261 002a 00       		.byte	0
 262 002b 04       		.uleb128 0x4
 263 002c 13       		.uleb128 0x13
 264 002d 01       		.byte	0x1
 265 002e 0B       		.uleb128 0xb
 266 002f 0B       		.uleb128 0xb
 267 0030 3A       		.uleb128 0x3a
 268 0031 0B       		.uleb128 0xb
 269 0032 3B       		.uleb128 0x3b
GAS Infineon TriCore Little Endian C:\\Users\\user1\\AppData\\Local\\Temp\\rta_RTAOS_638388406317960277_1736001\\cc14FAac.s 			page 7


 270 0033 0B       		.uleb128 0xb
 271 0034 01       		.uleb128 0x1
 272 0035 13       		.uleb128 0x13
 273 0036 00       		.byte	0
 274 0037 00       		.byte	0
 275 0038 05       		.uleb128 0x5
 276 0039 0D       		.uleb128 0xd
 277 003a 00       		.byte	0
 278 003b 03       		.uleb128 0x3
 279 003c 08       		.uleb128 0x8
 280 003d 3A       		.uleb128 0x3a
 281 003e 0B       		.uleb128 0xb
 282 003f 3B       		.uleb128 0x3b
 283 0040 0B       		.uleb128 0xb
 284 0041 49       		.uleb128 0x49
 285 0042 13       		.uleb128 0x13
 286 0043 38       		.uleb128 0x38
 287 0044 0A       		.uleb128 0xa
 288 0045 00       		.byte	0
 289 0046 00       		.byte	0
 290 0047 06       		.uleb128 0x6
 291 0048 04       		.uleb128 0x4
 292 0049 01       		.byte	0x1
 293 004a 0B       		.uleb128 0xb
 294 004b 0B       		.uleb128 0xb
 295 004c 3A       		.uleb128 0x3a
 296 004d 0B       		.uleb128 0xb
 297 004e 3B       		.uleb128 0x3b
 298 004f 0B       		.uleb128 0xb
 299 0050 01       		.uleb128 0x1
 300 0051 13       		.uleb128 0x13
 301 0052 00       		.byte	0
 302 0053 00       		.byte	0
 303 0054 07       		.uleb128 0x7
 304 0055 28       		.uleb128 0x28
 305 0056 00       		.byte	0
 306 0057 03       		.uleb128 0x3
 307 0058 08       		.uleb128 0x8
 308 0059 1C       		.uleb128 0x1c
 309 005a 0D       		.uleb128 0xd
 310 005b 00       		.byte	0
 311 005c 00       		.byte	0
 312 005d 08       		.uleb128 0x8
 313 005e 2E       		.uleb128 0x2e
 314 005f 01       		.byte	0x1
 315 0060 3F       		.uleb128 0x3f
 316 0061 0C       		.uleb128 0xc
 317 0062 03       		.uleb128 0x3
 318 0063 08       		.uleb128 0x8
 319 0064 3A       		.uleb128 0x3a
 320 0065 0B       		.uleb128 0xb
 321 0066 3B       		.uleb128 0x3b
 322 0067 05       		.uleb128 0x5
 323 0068 27       		.uleb128 0x27
 324 0069 0C       		.uleb128 0xc
 325 006a 11       		.uleb128 0x11
 326 006b 01       		.uleb128 0x1
GAS Infineon TriCore Little Endian C:\\Users\\user1\\AppData\\Local\\Temp\\rta_RTAOS_638388406317960277_1736001\\cc14FAac.s 			page 8


 327 006c 12       		.uleb128 0x12
 328 006d 01       		.uleb128 0x1
 329 006e 40       		.uleb128 0x40
 330 006f 0A       		.uleb128 0xa
 331 0070 9742     		.uleb128 0x2117
 332 0072 0C       		.uleb128 0xc
 333 0073 01       		.uleb128 0x1
 334 0074 13       		.uleb128 0x13
 335 0075 00       		.byte	0
 336 0076 00       		.byte	0
 337 0077 09       		.uleb128 0x9
 338 0078 05       		.uleb128 0x5
 339 0079 00       		.byte	0
 340 007a 03       		.uleb128 0x3
 341 007b 08       		.uleb128 0x8
 342 007c 3A       		.uleb128 0x3a
 343 007d 0B       		.uleb128 0xb
 344 007e 3B       		.uleb128 0x3b
 345 007f 05       		.uleb128 0x5
 346 0080 49       		.uleb128 0x49
 347 0081 13       		.uleb128 0x13
 348 0082 02       		.uleb128 0x2
 349 0083 06       		.uleb128 0x6
 350 0084 00       		.byte	0
 351 0085 00       		.byte	0
 352 0086 0A       		.uleb128 0xa
 353 0087 898201   		.uleb128 0x4109
 354 008a 01       		.byte	0x1
 355 008b 11       		.uleb128 0x11
 356 008c 01       		.uleb128 0x1
 357 008d 9542     		.uleb128 0x2115
 358 008f 0C       		.uleb128 0xc
 359 0090 31       		.uleb128 0x31
 360 0091 13       		.uleb128 0x13
 361 0092 00       		.byte	0
 362 0093 00       		.byte	0
 363 0094 0B       		.uleb128 0xb
 364 0095 8A8201   		.uleb128 0x410a
 365 0098 00       		.byte	0
 366 0099 02       		.uleb128 0x2
 367 009a 0A       		.uleb128 0xa
 368 009b 9142     		.uleb128 0x2111
 369 009d 0A       		.uleb128 0xa
 370 009e 00       		.byte	0
 371 009f 00       		.byte	0
 372 00a0 0C       		.uleb128 0xc
 373 00a1 2E       		.uleb128 0x2e
 374 00a2 01       		.byte	0x1
 375 00a3 3F       		.uleb128 0x3f
 376 00a4 0C       		.uleb128 0xc
 377 00a5 03       		.uleb128 0x3
 378 00a6 08       		.uleb128 0x8
 379 00a7 3A       		.uleb128 0x3a
 380 00a8 0B       		.uleb128 0xb
 381 00a9 3B       		.uleb128 0x3b
 382 00aa 05       		.uleb128 0x5
 383 00ab 27       		.uleb128 0x27
GAS Infineon TriCore Little Endian C:\\Users\\user1\\AppData\\Local\\Temp\\rta_RTAOS_638388406317960277_1736001\\cc14FAac.s 			page 9


 384 00ac 0C       		.uleb128 0xc
 385 00ad 3C       		.uleb128 0x3c
 386 00ae 0C       		.uleb128 0xc
 387 00af 00       		.byte	0
 388 00b0 00       		.byte	0
 389 00b1 0D       		.uleb128 0xd
 390 00b2 05       		.uleb128 0x5
 391 00b3 00       		.byte	0
 392 00b4 49       		.uleb128 0x49
 393 00b5 13       		.uleb128 0x13
 394 00b6 00       		.byte	0
 395 00b7 00       		.byte	0
 396 00b8 00       		.byte	0
 397              	.section .debug_loc,"",@progbits
 398              	.Ldebug_loc0:
 399              	.LLST0:
 400 0000 00000000 		.uaword	.LVL0
 401 0004 00000000 		.uaword	.LVL1
 402 0008 0600     		.uahalf	0x6
 403 000a 54       		.byte	0x54
 404 000b 93       		.byte	0x93
 405 000c 04       		.uleb128 0x4
 406 000d 55       		.byte	0x55
 407 000e 93       		.byte	0x93
 408 000f 04       		.uleb128 0x4
 409 0010 00000000 		.uaword	0
 410 0014 00000000 		.uaword	0
 411              	.LLST1:
 412 0018 00000000 		.uaword	.LVL0
 413 001c 00000000 		.uaword	.LVL2-1
 414 0020 0100     		.uahalf	0x1
 415 0022 56       		.byte	0x56
 416 0023 00000000 		.uaword	.LVL2-1
 417 0027 00000000 		.uaword	.LFE0
 418 002b 0400     		.uahalf	0x4
 419 002d F3       		.byte	0xf3
 420 002e 01       		.uleb128 0x1
 421 002f 56       		.byte	0x56
 422 0030 9F       		.byte	0x9f
 423 0031 00000000 		.uaword	0
 424 0035 00000000 		.uaword	0
 425              	.section .debug_aranges,"",@progbits
 426 0000 1C000000 		.uaword	0x1c
 427 0004 0200     		.uahalf	0x2
 428 0006 00000000 		.uaword	.Ldebug_info0
 429 000a 04       		.byte	0x4
 430 000b 00       		.byte	0
 431 000c 0000     		.uahalf	0
 432 000e 0000     		.uahalf	0
 433 0010 00000000 		.uaword	.LFB0
 434 0014 08000000 		.uaword	.LFE0-.LFB0
 435 0018 00000000 		.uaword	0
 436 001c 00000000 		.uaword	0
 437              	.section .debug_ranges,"",@progbits
 438              	.Ldebug_ranges0:
 439 0000 00000000 		.uaword	.LFB0
 440 0004 00000000 		.uaword	.LFE0
GAS Infineon TriCore Little Endian C:\\Users\\user1\\AppData\\Local\\Temp\\rta_RTAOS_638388406317960277_1736001\\cc14FAac.s 			page 10


 441 0008 00000000 		.uaword	0
 442 000c 00000000 		.uaword	0
 443              	.section .debug_line,"",@progbits
 444              	.Ldebug_line0:
 445 0000 19010000 	.section .debug_str,"",@progbits
 445      02000201 
 445      00000201 
 445      FB0E0D00 
 445      01010101 
 446              		.extern	Os_ProtectionLog,STT_FUNC,0
 447              		.ident	"GCC: (HighTec Release HDP-v4.9.4.1-11fcedf) 4.9.4 build on 2020-09-01"
