GAS Infineon TriCore Little Endian C:\\Users\\user1\\AppData\\Local\\Temp\\rta_RTAOS_638388406317960277_1736001\\cctHRBAg.s 			page 1


   1              		.file	"StartCore.c"
   2              	.section .text,"ax",@progbits
   3              	.Ltext0:
   4              	.section .text.Os_StartCore,"ax",@progbits
   5              		.align 1
   6              		.global	Os_StartCore
   7              		.type	Os_StartCore, @function
   8              	Os_StartCore:
   9              	.LFB0:
  10              		.file 1 "C:\\Users\\user1\\AppData\\Local\\Temp\\rta_RTAOS_638388406317960277_1736001\\StartCore.c
  11              		.loc 1 1367 0
  12              	.LVL0:
  13              	.LBB2:
  14              		.loc 1 1368 0
  15              	#APP
  16              		# 1368 "C:\Users\user1\AppData\Local\Temp\rta_RTAOS_638388406317960277_1736001\StartCore.c" 1
  17 0000 4DC0E1FF 		mfcr %d15,0xfe1c
  18              		# 0 "" 2
  19              	.LVL1:
  20              	#NO_APP
  21              	.LBE2:
  22              		.loc 1 1369 0
  23 0004 7B000020 		movh	%d2, hi:Os_const_coreconfiguration
  24 0008 1B020020 		addi	%d2, %d2, lo:Os_const_coreconfiguration
  25 000c 138F2132 		madd	%d3, %d2, %d15, 24
  26 0010 603F     		mov.a	%a15, %d3
  27 0012 C81F     		ld.a	%a15, [%a15] 4
  28              	.LVL2:
  29              	.LBB3:
  30              		.loc 1 1370 0
  31              	#APP
  32              		# 1370 "C:\Users\user1\AppData\Local\Temp\rta_RTAOS_638388406317960277_1736001\StartCore.c" 1
  33 0014 4D40E0FF 		mfcr %d15,0xfe04
  34              		# 0 "" 2
  35              	.LVL3:
  36              	#NO_APP
  37              	.LBE3:
  38              		.loc 1 1371 0
  39 0018 AEB3     		jnz.t	%d15, 11, .L2
  40              		.loc 1 1371 0 is_stmt 0 discriminator 1
  41              	#APP
  42              		# 1371 "C:\Users\user1\AppData\Local\Temp\rta_RTAOS_638388406317960277_1736001\StartCore.c" 1
  43 001a AD008000 		syscall 0
  44              		# 0 "" 2
  45              	#NO_APP
  46              	.L2:
  47              		.loc 1 1372 0 is_stmt 1
  48 001e 3B70FBFF 		mov	%d15, -73
  49              	.LVL4:
  50 0022 E9FF1800 		st.b	[%a15] 24, %d15
  51              		.loc 1 1373 0
  52 0026 820F     		mov	%d15, 0
  53 0028 2C40     		st.b	[%a4]0, %d15
  54              		.loc 1 1374 0
  55 002a BF340980 		jlt.u	%d4, 3, .L3
  56              		.loc 1 1375 0
  57 002e 823F     		mov	%d15, 3
GAS Infineon TriCore Little Endian C:\\Users\\user1\\AppData\\Local\\Temp\\rta_RTAOS_638388406317960277_1736001\\cctHRBAg.s 			page 2


  58 0030 2C40     		st.b	[%a4]0, %d15
  59              	.L8:
  60              		.loc 1 1390 0
  61 0032 3B60FBFF 		mov	%d15, -74
  62 0036 E9FF1800 		st.b	[%a15] 24, %d15
  63 003a 0090     		ret
  64              	.L3:
  65              		.loc 1 1376 0
  66 003c 138421F2 		madd	%d15, %d2, %d4, 24
  67 0040 60F2     		mov.a	%a2, %d15
  68 0042 99220800 		ld.a	%a2, [%a2] 8
  69 0046 4C20     		ld.w	%d15, [%a2]0
  70 0048 BF2F0980 		jlt.u	%d15, 2, .L5
  71              		.loc 1 1377 0
  72 004c 821F     		mov	%d15, 1
  73 004e 2C40     		st.b	[%a4]0, %d15
  74              		.loc 1 1390 0
  75 0050 3B60FBFF 		mov	%d15, -74
  76 0054 E9FF1800 		st.b	[%a15] 24, %d15
  77 0058 0090     		ret
  78              	.L5:
  79              		.loc 1 1378 0
  80 005a 4C20     		ld.w	%d15, [%a2]0
  81 005c 6E04     		jz	%d15, .L6
  82              		.loc 1 1379 0
  83 005e 827F     		mov	%d15, 7
  84 0060 2C40     		st.b	[%a4]0, %d15
  85 0062 3CE8     		j	.L8
  86              	.L6:
  87              		.loc 1 1385 0
  88 0064 821F     		mov	%d15, 1
  89 0066 6C20     		st.w	[%a2]0, %d15
  90              	.LBB4:
  91              		.loc 1 1386 0
  92              	#APP
  93              		# 1386 "C:\Users\user1\AppData\Local\Temp\rta_RTAOS_638388406317960277_1736001\StartCore.c" 1
  94 0068 4DC0E1FF 		mfcr %d15,0xfe1c
  95              		# 0 "" 2
  96              	.LVL5:
  97              	#NO_APP
  98              	.LBE4:
  99 006c 370F70F0 		extr.u	%d15, %d15, 0, 16
 100              	.LVL6:
 101 0070 5F4FE17F 		jeq	%d15, %d4, .L8
****  Notice:Expanding jeq-idx -> jeq-ddo
 102 0074 404C     		mov.aa	%a12, %a4
 103              		.loc 1 1387 0
 104 0076 6D000000 		call	Os_Cbk_StartCore
****  Notice:Expanding call-R -> call-O
 105              	.LVL7:
 106              		.loc 1 1390 0
 107 007a 3B60FBFF 		mov	%d15, -74
 108              		.loc 1 1387 0
 109 007e 34C2     		st.b	[%a12]0, %d2
****  Notice:Optimizing st.b-@wd -> st.b-@d
 110              		.loc 1 1390 0
 111 0080 E9FF1800 		st.b	[%a15] 24, %d15
GAS Infineon TriCore Little Endian C:\\Users\\user1\\AppData\\Local\\Temp\\rta_RTAOS_638388406317960277_1736001\\cctHRBAg.s 			page 3


 112 0084 0090     		ret
 113              	.LFE0:
 114              		.size	Os_StartCore, .-Os_StartCore
 115              	.section .debug_frame,"",@progbits
 116              	.Lframe0:
 117 0000 0C000000 		.uaword	.LECIE0-.LSCIE0
 118              	.LSCIE0:
 119 0004 FFFFFFFF 		.uaword	0xffffffff
 120 0008 01       		.byte	0x1
 121 0009 00       		.string	""
 122 000a 01       		.uleb128 0x1
 123 000b 01       		.sleb128 1
 124 000c 1B       		.byte	0x1b
 125 000d 0C       		.byte	0xc
 126 000e 1A       		.uleb128 0x1a
 127 000f 00       		.uleb128 0
 128              		.align 2
 129              	.LECIE0:
 130              	.LSFDE0:
 131 0010 0C000000 		.uaword	.LEFDE0-.LASFDE0
 132              	.LASFDE0:
 133 0014 00000000 		.uaword	.Lframe0
 134 0018 00000000 		.uaword	.LFB0
 135 001c 86000000 		.uaword	.LFE0-.LFB0
 136              		.align 2
 137              	.LEFDE0:
 138              	.section .text,"ax",@progbits
 139              	.Letext0:
 140              		.file 2 "D:\\home\\user123\\user\\Mohan6_VectorSIP\\21Dec23\\15Dec23_CAN_merge_21stDec\\25_Softwar
 141              		.file 3 "D:\\home\\user123\\user\\Mohan6_VectorSIP\\21Dec23\\15Dec23_CAN_merge_21stDec\\25_Softwar
 142              	.section .debug_info,"",@progbits
 143              	.Ldebug_info0:
 144 0000 39110000 		.uaword	0x1139
 145 0004 0200     		.uahalf	0x2
 146 0006 00000000 		.uaword	.Ldebug_abbrev0
 147 000a 04       		.byte	0x4
 148 000b 01       		.uleb128 0x1
 149 000c 474E5520 		.ascii	"GNU C 4."
 149      4320342E 
 150 0014 392E3420 		.string	"9.4 build on 2020-09-01 -mlicense-dir=c:\\hightec\\toolchains\\tricore\\v4.9.4.1\\bin\\..
 150      6275696C 
 150      64206F6E 
 150      20323032 
 150      302D3039 
 151 0115 01       		.byte	0x1
 152 0116 433A5C55 		.string	"C:\\Users\\user1\\AppData\\Local\\Temp\\rta_RTAOS_638388406317960277_1736001\\StartCore.c
 152      73657273 
 152      5C757365 
 152      72315C41 
 152      70704461 
 153 0169 00000000 		.uaword	.Ldebug_ranges0+0
 154 016d 00000000 		.uaword	0
 155 0171 00000000 		.uaword	0
 156 0175 00000000 		.uaword	.Ldebug_line0
 157 0179 02       		.uleb128 0x2
 158 017a 75696E74 		.string	"uint8"
 158      3800
GAS Infineon TriCore Little Endian C:\\Users\\user1\\AppData\\Local\\Temp\\rta_RTAOS_638388406317960277_1736001\\cctHRBAg.s 			page 4


 159 0180 02       		.byte	0x2
 160 0181 34       		.byte	0x34
 161 0182 86010000 		.uaword	0x186
 162 0186 03       		.uleb128 0x3
 163 0187 01       		.byte	0x1
 164 0188 08       		.byte	0x8
 165 0189 756E7369 		.string	"unsigned char"
 165      676E6564 
 165      20636861 
 165      7200
 166 0197 02       		.uleb128 0x2
 167 0198 75696E74 		.string	"uint16"
 167      313600
 168 019f 02       		.byte	0x2
 169 01a0 35       		.byte	0x35
 170 01a1 A5010000 		.uaword	0x1a5
 171 01a5 03       		.uleb128 0x3
 172 01a6 02       		.byte	0x2
 173 01a7 07       		.byte	0x7
 174 01a8 73686F72 		.string	"short unsigned int"
 174      7420756E 
 174      7369676E 
 174      65642069 
 174      6E7400
 175 01bb 02       		.uleb128 0x2
 176 01bc 75696E74 		.string	"uint32"
 176      333200
 177 01c3 02       		.byte	0x2
 178 01c4 36       		.byte	0x36
 179 01c5 C9010000 		.uaword	0x1c9
 180 01c9 03       		.uleb128 0x3
 181 01ca 04       		.byte	0x4
 182 01cb 07       		.byte	0x7
 183 01cc 756E7369 		.string	"unsigned int"
 183      676E6564 
 183      20696E74 
 183      00
 184 01d9 03       		.uleb128 0x3
 185 01da 01       		.byte	0x1
 186 01db 06       		.byte	0x6
 187 01dc 7369676E 		.string	"signed char"
 187      65642063 
 187      68617200 
 188 01e8 03       		.uleb128 0x3
 189 01e9 02       		.byte	0x2
 190 01ea 05       		.byte	0x5
 191 01eb 73686F72 		.string	"short int"
 191      7420696E 
 191      7400
 192 01f5 03       		.uleb128 0x3
 193 01f6 04       		.byte	0x4
 194 01f7 05       		.byte	0x5
 195 01f8 696E7400 		.string	"int"
 196 01fc 03       		.uleb128 0x3
 197 01fd 04       		.byte	0x4
 198 01fe 04       		.byte	0x4
 199 01ff 666C6F61 		.string	"float"
GAS Infineon TriCore Little Endian C:\\Users\\user1\\AppData\\Local\\Temp\\rta_RTAOS_638388406317960277_1736001\\cctHRBAg.s 			page 5


 199      7400
 200 0205 03       		.uleb128 0x3
 201 0206 08       		.byte	0x8
 202 0207 04       		.byte	0x4
 203 0208 646F7562 		.string	"double"
 203      6C6500
 204 020f 03       		.uleb128 0x3
 205 0210 08       		.byte	0x8
 206 0211 05       		.byte	0x5
 207 0212 6C6F6E67 		.string	"long long int"
 207      206C6F6E 
 207      6720696E 
 207      7400
 208 0220 03       		.uleb128 0x3
 209 0221 08       		.byte	0x8
 210 0222 07       		.byte	0x7
 211 0223 6C6F6E67 		.string	"long long unsigned int"
 211      206C6F6E 
 211      6720756E 
 211      7369676E 
 211      65642069 
 212 023a 02       		.uleb128 0x2
 213 023b 626F6F6C 		.string	"boolean"
 213      65616E00 
 214 0243 02       		.byte	0x2
 215 0244 49       		.byte	0x49
 216 0245 86010000 		.uaword	0x186
 217 0249 02       		.uleb128 0x2
 218 024a 53746174 		.string	"StatusType"
 218      75735479 
 218      706500
 219 0255 03       		.byte	0x3
 220 0256 28       		.byte	0x28
 221 0257 86010000 		.uaword	0x186
 222 025b 04       		.uleb128 0x4
 223 025c 08       		.byte	0x8
 224 025d 01       		.byte	0x1
 225 025e 7C       		.byte	0x7c
 226 025f 9A020000 		.uaword	0x29a
 227 0263 05       		.uleb128 0x5
 228 0264 436C6173 		.string	"Class"
 228      7300
 229 026a 01       		.byte	0x1
 230 026b 7D       		.byte	0x7d
 231 026c 79010000 		.uaword	0x179
 232 0270 02       		.byte	0x2
 233 0271 23       		.byte	0x23
 234 0272 00       		.uleb128 0
 235 0273 05       		.uleb128 0x5
 236 0274 54494E00 		.string	"TIN"
 237 0278 01       		.byte	0x1
 238 0279 7E       		.byte	0x7e
 239 027a 79010000 		.uaword	0x179
 240 027e 02       		.byte	0x2
 241 027f 23       		.byte	0x23
 242 0280 01       		.uleb128 0x1
 243 0281 05       		.uleb128 0x5
GAS Infineon TriCore Little Endian C:\\Users\\user1\\AppData\\Local\\Temp\\rta_RTAOS_638388406317960277_1736001\\cctHRBAg.s 			page 6


 244 0282 52657475 		.string	"ReturnAddress"
 244      726E4164 
 244      64726573 
 244      7300
 245 0290 01       		.byte	0x1
 246 0291 7F       		.byte	0x7f
 247 0292 BB010000 		.uaword	0x1bb
 248 0296 02       		.byte	0x2
 249 0297 23       		.byte	0x23
 250 0298 04       		.uleb128 0x4
 251 0299 00       		.byte	0
 252 029a 02       		.uleb128 0x2
 253 029b 4F735472 		.string	"OsTrapInfoType"
 253      6170496E 
 253      666F5479 
 253      706500
 254 02aa 01       		.byte	0x1
 255 02ab 80       		.byte	0x80
 256 02ac 5B020000 		.uaword	0x25b
 257 02b0 02       		.uleb128 0x2
 258 02b1 75696E74 		.string	"uint32_aligned"
 258      33325F61 
 258      6C69676E 
 258      656400
 259 02c0 01       		.byte	0x1
 260 02c1 86       		.byte	0x86
 261 02c2 BB010000 		.uaword	0x1bb
 262 02c6 04       		.uleb128 0x4
 263 02c7 44       		.byte	0x44
 264 02c8 01       		.byte	0x1
 265 02c9 AB       		.byte	0xab
 266 02ca DF020000 		.uaword	0x2df
 267 02ce 05       		.uleb128 0x5
 268 02cf 73746F72 		.string	"store"
 268      6500
 269 02d5 01       		.byte	0x1
 270 02d6 AC       		.byte	0xac
 271 02d7 DF020000 		.uaword	0x2df
 272 02db 02       		.byte	0x2
 273 02dc 23       		.byte	0x23
 274 02dd 00       		.uleb128 0
 275 02de 00       		.byte	0
 276 02df 06       		.uleb128 0x6
 277 02e0 BB010000 		.uaword	0x1bb
 278 02e4 EF020000 		.uaword	0x2ef
 279 02e8 07       		.uleb128 0x7
 280 02e9 EF020000 		.uaword	0x2ef
 281 02ed 10       		.byte	0x10
 282 02ee 00       		.byte	0
 283 02ef 03       		.uleb128 0x3
 284 02f0 04       		.byte	0x4
 285 02f1 07       		.byte	0x7
 286 02f2 73697A65 		.string	"sizetype"
 286      74797065 
 286      00
 287 02fb 02       		.uleb128 0x2
 288 02fc 4F735F4A 		.string	"Os_JumpBufType"
GAS Infineon TriCore Little Endian C:\\Users\\user1\\AppData\\Local\\Temp\\rta_RTAOS_638388406317960277_1736001\\cctHRBAg.s 			page 7


 288      756D7042 
 288      75665479 
 288      706500
 289 030b 01       		.byte	0x1
 290 030c AD       		.byte	0xad
 291 030d 11030000 		.uaword	0x311
 292 0311 06       		.uleb128 0x6
 293 0312 C6020000 		.uaword	0x2c6
 294 0316 21030000 		.uaword	0x321
 295 031a 07       		.uleb128 0x7
 296 031b EF020000 		.uaword	0x2ef
 297 031f 00       		.byte	0
 298 0320 00       		.byte	0
 299 0321 02       		.uleb128 0x2
 300 0322 4F735F52 		.string	"Os_ResourceCountType"
 300      65736F75 
 300      72636543 
 300      6F756E74 
 300      54797065 
 301 0337 01       		.byte	0x1
 302 0338 BE       		.byte	0xbe
 303 0339 86010000 		.uaword	0x186
 304 033d 02       		.uleb128 0x2
 305 033e 4F735F53 		.string	"Os_StackTraceType"
 305      7461636B 
 305      54726163 
 305      65547970 
 305      6500
 306 0350 01       		.byte	0x1
 307 0351 BF       		.byte	0xbf
 308 0352 C9010000 		.uaword	0x1c9
 309 0356 04       		.uleb128 0x4
 310 0357 08       		.byte	0x8
 311 0358 01       		.byte	0x1
 312 0359 C0       		.byte	0xc0
 313 035a 7A030000 		.uaword	0x37a
 314 035e 05       		.uleb128 0x5
 315 035f 737000   		.string	"sp"
 316 0362 01       		.byte	0x1
 317 0363 C0       		.byte	0xc0
 318 0364 3D030000 		.uaword	0x33d
 319 0368 02       		.byte	0x2
 320 0369 23       		.byte	0x23
 321 036a 00       		.uleb128 0
 322 036b 05       		.uleb128 0x5
 323 036c 63747800 		.string	"ctx"
 324 0370 01       		.byte	0x1
 325 0371 C0       		.byte	0xc0
 326 0372 3D030000 		.uaword	0x33d
 327 0376 02       		.byte	0x2
 328 0377 23       		.byte	0x23
 329 0378 04       		.uleb128 0x4
 330 0379 00       		.byte	0
 331 037a 02       		.uleb128 0x2
 332 037b 4F735F53 		.string	"Os_StackValueType"
 332      7461636B 
 332      56616C75 
GAS Infineon TriCore Little Endian C:\\Users\\user1\\AppData\\Local\\Temp\\rta_RTAOS_638388406317960277_1736001\\cctHRBAg.s 			page 8


 332      65547970 
 332      6500
 333 038d 01       		.byte	0x1
 334 038e C0       		.byte	0xc0
 335 038f 56030000 		.uaword	0x356
 336 0393 02       		.uleb128 0x2
 337 0394 4F735F53 		.string	"Os_StackSizeType"
 337      7461636B 
 337      53697A65 
 337      54797065 
 337      00
 338 03a5 01       		.byte	0x1
 339 03a6 C1       		.byte	0xc1
 340 03a7 7A030000 		.uaword	0x37a
 341 03ab 02       		.uleb128 0x2
 342 03ac 4F735F56 		.string	"Os_VoidVoidFunctionType"
 342      6F696456 
 342      6F696446 
 342      756E6374 
 342      696F6E54 
 343 03c4 01       		.byte	0x1
 344 03c5 C7       		.byte	0xc7
 345 03c6 CA030000 		.uaword	0x3ca
 346 03ca 08       		.uleb128 0x8
 347 03cb 04       		.byte	0x4
 348 03cc D0030000 		.uaword	0x3d0
 349 03d0 09       		.uleb128 0x9
 350 03d1 01       		.byte	0x1
 351 03d2 02       		.uleb128 0x2
 352 03d3 4170706C 		.string	"ApplicationType"
 352      69636174 
 352      696F6E54 
 352      79706500 
 353 03e3 01       		.byte	0x1
 354 03e4 D5       		.byte	0xd5
 355 03e5 86010000 		.uaword	0x186
 356 03e9 02       		.uleb128 0x2
 357 03ea 4F735F74 		.string	"Os_tmaskType"
 357      6D61736B 
 357      54797065 
 357      00
 358 03f7 01       		.byte	0x1
 359 03f8 D9       		.byte	0xd9
 360 03f9 BB010000 		.uaword	0x1bb
 361 03fd 02       		.uleb128 0x2
 362 03fe 4F735F43 		.string	"Os_CoreStateType"
 362      6F726553 
 362      74617465 
 362      54797065 
 362      00
 363 040f 01       		.byte	0x1
 364 0410 E7       		.byte	0xe7
 365 0411 BB010000 		.uaword	0x1bb
 366 0415 02       		.uleb128 0x2
 367 0416 4F735F53 		.string	"Os_StopwatchTickType"
 367      746F7077 
 367      61746368 
GAS Infineon TriCore Little Endian C:\\Users\\user1\\AppData\\Local\\Temp\\rta_RTAOS_638388406317960277_1736001\\cctHRBAg.s 			page 9


 367      5469636B 
 367      54797065 
 368 042b 01       		.byte	0x1
 369 042c FD       		.byte	0xfd
 370 042d C9010000 		.uaword	0x1c9
 371 0431 0A       		.uleb128 0xa
 372 0432 4F735F54 		.string	"Os_TerminatorType"
 372      65726D69 
 372      6E61746F 
 372      72547970 
 372      6500
 373 0444 01       		.byte	0x1
 374 0445 0201     		.uahalf	0x102
 375 0447 4B040000 		.uaword	0x44b
 376 044b 08       		.uleb128 0x8
 377 044c 04       		.byte	0x4
 378 044d FB020000 		.uaword	0x2fb
 379 0451 0A       		.uleb128 0xa
 380 0452 4F735F4C 		.string	"Os_Lockable"
 380      6F636B61 
 380      626C6500 
 381 045e 01       		.byte	0x1
 382 045f 0701     		.uahalf	0x107
 383 0461 B0020000 		.uaword	0x2b0
 384 0465 0A       		.uleb128 0xa
 385 0466 436F7265 		.string	"CoreIdType"
 385      49645479 
 385      706500
 386 0471 01       		.byte	0x1
 387 0472 0901     		.uahalf	0x109
 388 0474 97010000 		.uaword	0x197
 389 0478 0B       		.uleb128 0xb
 390 0479 51040000 		.uaword	0x451
 391 047d 0C       		.uleb128 0xc
 392 047e 4F735F43 		.string	"Os_ControlledCoreType_s"
 392      6F6E7472 
 392      6F6C6C65 
 392      64436F72 
 392      65547970 
 393 0496 58       		.byte	0x58
 394 0497 01       		.byte	0x1
 395 0498 1004     		.uahalf	0x410
 396 049a 7B060000 		.uaword	0x67b
 397 049e 0D       		.uleb128 0xd
 398 049f 54726170 		.string	"TrapInfo"
 398      496E666F 
 398      00
 399 04a8 01       		.byte	0x1
 400 04a9 1104     		.uahalf	0x411
 401 04ab 9A020000 		.uaword	0x29a
 402 04af 02       		.byte	0x2
 403 04b0 23       		.byte	0x23
 404 04b1 00       		.uleb128 0
 405 04b2 0D       		.uleb128 0xd
 406 04b3 4572726F 		.string	"ErrorInformation"
 406      72496E66 
 406      6F726D61 
GAS Infineon TriCore Little Endian C:\\Users\\user1\\AppData\\Local\\Temp\\rta_RTAOS_638388406317960277_1736001\\cctHRBAg.s 			page 10


 406      74696F6E 
 406      00
 407 04c4 01       		.byte	0x1
 408 04c5 1204     		.uahalf	0x412
 409 04c7 2D0D0000 		.uaword	0xd2d
 410 04cb 02       		.byte	0x2
 411 04cc 23       		.byte	0x23
 412 04cd 08       		.uleb128 0x8
 413 04ce 0D       		.uleb128 0xd
 414 04cf 6C6F636B 		.string	"lock_taskaccess"
 414      5F746173 
 414      6B616363 
 414      65737300 
 415 04df 01       		.byte	0x1
 416 04e0 1304     		.uahalf	0x413
 417 04e2 78040000 		.uaword	0x478
 418 04e6 02       		.byte	0x2
 419 04e7 23       		.byte	0x23
 420 04e8 18       		.uleb128 0x18
 421 04e9 0D       		.uleb128 0xd
 422 04ea 52656164 		.string	"ReadyTasks"
 422      79546173 
 422      6B7300
 423 04f5 01       		.byte	0x1
 424 04f6 1404     		.uahalf	0x414
 425 04f8 630D0000 		.uaword	0xd63
 426 04fc 02       		.byte	0x2
 427 04fd 23       		.byte	0x23
 428 04fe 1C       		.uleb128 0x1c
 429 04ff 0D       		.uleb128 0xd
 430 0500 52756E6E 		.string	"RunningISR"
 430      696E6749 
 430      535200
 431 050b 01       		.byte	0x1
 432 050c 1504     		.uahalf	0x415
 433 050e 680D0000 		.uaword	0xd68
 434 0512 02       		.byte	0x2
 435 0513 23       		.byte	0x23
 436 0514 20       		.uleb128 0x20
 437 0515 0D       		.uleb128 0xd
 438 0516 52756E6E 		.string	"RunningTask"
 438      696E6754 
 438      61736B00 
 439 0522 01       		.byte	0x1
 440 0523 1604     		.uahalf	0x416
 441 0525 6D0D0000 		.uaword	0xd6d
 442 0529 02       		.byte	0x2
 443 052a 23       		.byte	0x23
 444 052b 24       		.uleb128 0x24
 445 052c 0D       		.uleb128 0xd
 446 052d 52756E6E 		.string	"RunningTPMask"
 446      696E6754 
 446      504D6173 
 446      6B00
 447 053b 01       		.byte	0x1
 448 053c 1704     		.uahalf	0x417
 449 053e 720D0000 		.uaword	0xd72
GAS Infineon TriCore Little Endian C:\\Users\\user1\\AppData\\Local\\Temp\\rta_RTAOS_638388406317960277_1736001\\cctHRBAg.s 			page 11


 450 0542 02       		.byte	0x2
 451 0543 23       		.byte	0x23
 452 0544 28       		.uleb128 0x28
 453 0545 0D       		.uleb128 0xd
 454 0546 5465726D 		.string	"TerminatingTasks"
 454      696E6174 
 454      696E6754 
 454      61736B73 
 454      00
 455 0557 01       		.byte	0x1
 456 0558 1804     		.uahalf	0x418
 457 055a 630D0000 		.uaword	0xd63
 458 055e 02       		.byte	0x2
 459 055f 23       		.byte	0x23
 460 0560 2C       		.uleb128 0x2c
 461 0561 0D       		.uleb128 0xd
 462 0562 4170706C 		.string	"Application"
 462      69636174 
 462      696F6E00 
 463 056e 01       		.byte	0x1
 464 056f 1904     		.uahalf	0x419
 465 0571 D2030000 		.uaword	0x3d2
 466 0575 02       		.byte	0x2
 467 0576 23       		.byte	0x23
 468 0577 30       		.uleb128 0x30
 469 0578 0D       		.uleb128 0xd
 470 0579 43757272 		.string	"CurrentTerminator"
 470      656E7454 
 470      65726D69 
 470      6E61746F 
 470      7200
 471 058b 01       		.byte	0x1
 472 058c 1A04     		.uahalf	0x41a
 473 058e 770D0000 		.uaword	0xd77
 474 0592 02       		.byte	0x2
 475 0593 23       		.byte	0x23
 476 0594 34       		.uleb128 0x34
 477 0595 0D       		.uleb128 0xd
 478 0596 43757272 		.string	"CurrentMeteredObject"
 478      656E744D 
 478      65746572 
 478      65644F62 
 478      6A656374 
 479 05ab 01       		.byte	0x1
 480 05ac 1B04     		.uahalf	0x41b
 481 05ae 06070000 		.uaword	0x706
 482 05b2 02       		.byte	0x2
 483 05b3 23       		.byte	0x23
 484 05b4 38       		.uleb128 0x38
 485 05b5 0D       		.uleb128 0xd
 486 05b6 49646C65 		.string	"IdleMeter"
 486      4D657465 
 486      7200
 487 05c0 01       		.byte	0x1
 488 05c1 1C04     		.uahalf	0x41c
 489 05c3 ED060000 		.uaword	0x6ed
 490 05c7 02       		.byte	0x2
GAS Infineon TriCore Little Endian C:\\Users\\user1\\AppData\\Local\\Temp\\rta_RTAOS_638388406317960277_1736001\\cctHRBAg.s 			page 12


 491 05c8 23       		.byte	0x23
 492 05c9 3C       		.uleb128 0x3c
 493 05ca 0D       		.uleb128 0xd
 494 05cb 41707041 		.string	"AppAccess"
 494      63636573 
 494      7300
 495 05d5 01       		.byte	0x1
 496 05d6 1D04     		.uahalf	0x41d
 497 05d8 79010000 		.uaword	0x179
 498 05dc 02       		.byte	0x2
 499 05dd 23       		.byte	0x23
 500 05de 48       		.uleb128 0x48
 501 05df 0D       		.uleb128 0xd
 502 05e0 4170704F 		.string	"AppOverride"
 502      76657272 
 502      69646500 
 503 05ec 01       		.byte	0x1
 504 05ed 1E04     		.uahalf	0x41e
 505 05ef 7C0D0000 		.uaword	0xd7c
 506 05f3 02       		.byte	0x2
 507 05f4 23       		.byte	0x23
 508 05f5 49       		.uleb128 0x49
 509 05f6 0D       		.uleb128 0xd
 510 05f7 47657453 		.string	"GetStackValueAdjust"
 510      7461636B 
 510      56616C75 
 510      6541646A 
 510      75737400 
 511 060b 01       		.byte	0x1
 512 060c 1F04     		.uahalf	0x41f
 513 060e 93030000 		.uaword	0x393
 514 0612 02       		.byte	0x2
 515 0613 23       		.byte	0x23
 516 0614 4C       		.uleb128 0x4c
 517 0615 0D       		.uleb128 0xd
 518 0616 496E4572 		.string	"InErrorHook"
 518      726F7248 
 518      6F6F6B00 
 519 0622 01       		.byte	0x1
 520 0623 2004     		.uahalf	0x420
 521 0625 3A020000 		.uaword	0x23a
 522 0629 02       		.byte	0x2
 523 062a 23       		.byte	0x23
 524 062b 54       		.uleb128 0x54
 525 062c 0D       		.uleb128 0xd
 526 062d 496E5072 		.string	"InProtectionHook"
 526      6F746563 
 526      74696F6E 
 526      486F6F6B 
 526      00
 527 063e 01       		.byte	0x1
 528 063f 2104     		.uahalf	0x421
 529 0641 3A020000 		.uaword	0x23a
 530 0645 02       		.byte	0x2
 531 0646 23       		.byte	0x23
 532 0647 55       		.uleb128 0x55
 533 0648 0D       		.uleb128 0xd
GAS Infineon TriCore Little Endian C:\\Users\\user1\\AppData\\Local\\Temp\\rta_RTAOS_638388406317960277_1736001\\cctHRBAg.s 			page 13


 534 0649 436F7265 		.string	"CoreIsActive"
 534      49734163 
 534      74697665 
 534      00
 535 0656 01       		.byte	0x1
 536 0657 2204     		.uahalf	0x422
 537 0659 3A020000 		.uaword	0x23a
 538 065d 02       		.byte	0x2
 539 065e 23       		.byte	0x23
 540 065f 56       		.uleb128 0x56
 541 0660 0D       		.uleb128 0xd
 542 0661 496E5368 		.string	"InShutdownHook"
 542      7574646F 
 542      776E486F 
 542      6F6B00
 543 0670 01       		.byte	0x1
 544 0671 2304     		.uahalf	0x423
 545 0673 3A020000 		.uaword	0x23a
 546 0677 02       		.byte	0x2
 547 0678 23       		.byte	0x23
 548 0679 57       		.uleb128 0x57
 549 067a 00       		.byte	0
 550 067b 0A       		.uleb128 0xa
 551 067c 4F735F53 		.string	"Os_StatusRefType"
 551      74617475 
 551      73526566 
 551      54797065 
 551      00
 552 068d 01       		.byte	0x1
 553 068e 4A01     		.uahalf	0x14a
 554 0690 94060000 		.uaword	0x694
 555 0694 08       		.uleb128 0x8
 556 0695 04       		.byte	0x4
 557 0696 49020000 		.uaword	0x249
 558 069a 0C       		.uleb128 0xc
 559 069b 4F735F4D 		.string	"Os_MeterInfoType_s"
 559      65746572 
 559      496E666F 
 559      54797065 
 559      5F7300
 560 06ae 0C       		.byte	0xc
 561 06af 01       		.byte	0x1
 562 06b0 7201     		.uahalf	0x172
 563 06b2 ED060000 		.uaword	0x6ed
 564 06b6 0D       		.uleb128 0xd
 565 06b7 656C6170 		.string	"elapsed"
 565      73656400 
 566 06bf 01       		.byte	0x1
 567 06c0 7301     		.uahalf	0x173
 568 06c2 15040000 		.uaword	0x415
 569 06c6 02       		.byte	0x2
 570 06c7 23       		.byte	0x23
 571 06c8 00       		.uleb128 0
 572 06c9 0D       		.uleb128 0xd
 573 06ca 70726576 		.string	"previous"
 573      696F7573 
 573      00
GAS Infineon TriCore Little Endian C:\\Users\\user1\\AppData\\Local\\Temp\\rta_RTAOS_638388406317960277_1736001\\cctHRBAg.s 			page 14


 574 06d3 01       		.byte	0x1
 575 06d4 7401     		.uahalf	0x174
 576 06d6 15040000 		.uaword	0x415
 577 06da 02       		.byte	0x2
 578 06db 23       		.byte	0x23
 579 06dc 04       		.uleb128 0x4
 580 06dd 0D       		.uleb128 0xd
 581 06de 6D617800 		.string	"max"
 582 06e2 01       		.byte	0x1
 583 06e3 7501     		.uahalf	0x175
 584 06e5 15040000 		.uaword	0x415
 585 06e9 02       		.byte	0x2
 586 06ea 23       		.byte	0x23
 587 06eb 08       		.uleb128 0x8
 588 06ec 00       		.byte	0
 589 06ed 0A       		.uleb128 0xa
 590 06ee 4F735F4D 		.string	"Os_MeterInfoType"
 590      65746572 
 590      496E666F 
 590      54797065 
 590      00
 591 06ff 01       		.byte	0x1
 592 0700 7601     		.uahalf	0x176
 593 0702 9A060000 		.uaword	0x69a
 594 0706 0A       		.uleb128 0xa
 595 0707 4F735F4D 		.string	"Os_MeterInfoRefType"
 595      65746572 
 595      496E666F 
 595      52656654 
 595      79706500 
 596 071b 01       		.byte	0x1
 597 071c 7701     		.uahalf	0x177
 598 071e 22070000 		.uaword	0x722
 599 0722 08       		.uleb128 0x8
 600 0723 04       		.byte	0x4
 601 0724 ED060000 		.uaword	0x6ed
 602 0728 0A       		.uleb128 0xa
 603 0729 4F735F69 		.string	"Os_imaskType"
 603      6D61736B 
 603      54797065 
 603      00
 604 0736 01       		.byte	0x1
 605 0737 7F01     		.uahalf	0x17f
 606 0739 BB010000 		.uaword	0x1bb
 607 073d 0C       		.uleb128 0xc
 608 073e 4F735F49 		.string	"Os_ISRDynType_s"
 608      53524479 
 608      6E547970 
 608      655F7300 
 609 074e 10       		.byte	0x10
 610 074f 01       		.byte	0x1
 611 0750 8101     		.uahalf	0x181
 612 0752 8E070000 		.uaword	0x78e
 613 0756 0E       		.uleb128 0xe
 614 0757 00000000 		.uaword	.LASF0
 615 075b 01       		.byte	0x1
 616 075c 8201     		.uahalf	0x182
GAS Infineon TriCore Little Endian C:\\Users\\user1\\AppData\\Local\\Temp\\rta_RTAOS_638388406317960277_1736001\\cctHRBAg.s 			page 15


 617 075e 21030000 		.uaword	0x321
 618 0762 02       		.byte	0x2
 619 0763 23       		.byte	0x23
 620 0764 00       		.uleb128 0
 621 0765 0D       		.uleb128 0xd
 622 0766 7465726D 		.string	"terminating"
 622      696E6174 
 622      696E6700 
 623 0772 01       		.byte	0x1
 624 0773 8301     		.uahalf	0x183
 625 0775 3A020000 		.uaword	0x23a
 626 0779 02       		.byte	0x2
 627 077a 23       		.byte	0x23
 628 077b 01       		.uleb128 0x1
 629 077c 0D       		.uleb128 0xd
 630 077d 6D657465 		.string	"meter"
 630      7200
 631 0783 01       		.byte	0x1
 632 0784 8401     		.uahalf	0x184
 633 0786 ED060000 		.uaword	0x6ed
 634 078a 02       		.byte	0x2
 635 078b 23       		.byte	0x23
 636 078c 04       		.uleb128 0x4
 637 078d 00       		.byte	0
 638 078e 0A       		.uleb128 0xa
 639 078f 4F735F49 		.string	"Os_ISRDynType"
 639      53524479 
 639      6E547970 
 639      6500
 640 079d 01       		.byte	0x1
 641 079e 8501     		.uahalf	0x185
 642 07a0 3D070000 		.uaword	0x73d
 643 07a4 0A       		.uleb128 0xa
 644 07a5 4F735F49 		.string	"Os_IsrTerminatedFunctionType"
 644      73725465 
 644      726D696E 
 644      61746564 
 644      46756E63 
 645 07c2 01       		.byte	0x1
 646 07c3 8601     		.uahalf	0x186
 647 07c5 CA030000 		.uaword	0x3ca
 648 07c9 0C       		.uleb128 0xc
 649 07ca 4F735F49 		.string	"Os_ISRType_s"
 649      53525479 
 649      70655F73 
 649      00
 650 07d7 18       		.byte	0x18
 651 07d8 01       		.byte	0x1
 652 07d9 8701     		.uahalf	0x187
 653 07db 5D080000 		.uaword	0x85d
 654 07df 0E       		.uleb128 0xe
 655 07e0 00000000 		.uaword	.LASF1
 656 07e4 01       		.byte	0x1
 657 07e5 8801     		.uahalf	0x188
 658 07e7 AB030000 		.uaword	0x3ab
 659 07eb 02       		.byte	0x2
 660 07ec 23       		.byte	0x23
GAS Infineon TriCore Little Endian C:\\Users\\user1\\AppData\\Local\\Temp\\rta_RTAOS_638388406317960277_1736001\\cctHRBAg.s 			page 16


 661 07ed 00       		.uleb128 0
 662 07ee 0D       		.uleb128 0xd
 663 07ef 7465726D 		.string	"terminated_function"
 663      696E6174 
 663      65645F66 
 663      756E6374 
 663      696F6E00 
 664 0803 01       		.byte	0x1
 665 0804 8901     		.uahalf	0x189
 666 0806 A4070000 		.uaword	0x7a4
 667 080a 02       		.byte	0x2
 668 080b 23       		.byte	0x23
 669 080c 04       		.uleb128 0x4
 670 080d 0E       		.uleb128 0xe
 671 080e 00000000 		.uaword	.LASF2
 672 0812 01       		.byte	0x1
 673 0813 8A01     		.uahalf	0x18a
 674 0815 5D080000 		.uaword	0x85d
 675 0819 02       		.byte	0x2
 676 081a 23       		.byte	0x23
 677 081b 08       		.uleb128 0x8
 678 081c 0D       		.uleb128 0xd
 679 081d 696D6173 		.string	"imask"
 679      6B00
 680 0823 01       		.byte	0x1
 681 0824 8B01     		.uahalf	0x18b
 682 0826 28070000 		.uaword	0x728
 683 082a 02       		.byte	0x2
 684 082b 23       		.byte	0x23
 685 082c 0C       		.uleb128 0xc
 686 082d 0D       		.uleb128 0xd
 687 082e 696E6465 		.string	"index"
 687      7800
 688 0834 01       		.byte	0x1
 689 0835 8C01     		.uahalf	0x18c
 690 0837 BB010000 		.uaword	0x1bb
 691 083b 02       		.byte	0x2
 692 083c 23       		.byte	0x23
 693 083d 10       		.uleb128 0x10
 694 083e 0E       		.uleb128 0xe
 695 083f 00000000 		.uaword	.LASF3
 696 0843 01       		.byte	0x1
 697 0844 8D01     		.uahalf	0x18d
 698 0846 79010000 		.uaword	0x179
 699 084a 02       		.byte	0x2
 700 084b 23       		.byte	0x23
 701 084c 14       		.uleb128 0x14
 702 084d 0E       		.uleb128 0xe
 703 084e 00000000 		.uaword	.LASF4
 704 0852 01       		.byte	0x1
 705 0853 8E01     		.uahalf	0x18e
 706 0855 D2030000 		.uaword	0x3d2
 707 0859 02       		.byte	0x2
 708 085a 23       		.byte	0x23
 709 085b 15       		.uleb128 0x15
 710 085c 00       		.byte	0
 711 085d 0F       		.uleb128 0xf
GAS Infineon TriCore Little Endian C:\\Users\\user1\\AppData\\Local\\Temp\\rta_RTAOS_638388406317960277_1736001\\cctHRBAg.s 			page 17


 712 085e 62080000 		.uaword	0x862
 713 0862 08       		.uleb128 0x8
 714 0863 04       		.byte	0x4
 715 0864 8E070000 		.uaword	0x78e
 716 0868 0A       		.uleb128 0xa
 717 0869 4F735F49 		.string	"Os_ISRType"
 717      53525479 
 717      706500
 718 0874 01       		.byte	0x1
 719 0875 8F01     		.uahalf	0x18f
 720 0877 C9070000 		.uaword	0x7c9
 721 087b 0A       		.uleb128 0xa
 722 087c 49535254 		.string	"ISRType"
 722      79706500 
 723 0884 01       		.byte	0x1
 724 0885 9001     		.uahalf	0x190
 725 0887 8B080000 		.uaword	0x88b
 726 088b 08       		.uleb128 0x8
 727 088c 04       		.byte	0x4
 728 088d 91080000 		.uaword	0x891
 729 0891 0F       		.uleb128 0xf
 730 0892 68080000 		.uaword	0x868
 731 0896 0A       		.uleb128 0xa
 732 0897 4F735F62 		.string	"Os_bitmask"
 732      69746D61 
 732      736B00
 733 08a2 01       		.byte	0x1
 734 08a3 A201     		.uahalf	0x1a2
 735 08a5 C9010000 		.uaword	0x1c9
 736 08a9 0A       		.uleb128 0xa
 737 08aa 4F735F70 		.string	"Os_pset0Type"
 737      73657430 
 737      54797065 
 737      00
 738 08b7 01       		.byte	0x1
 739 08b8 A301     		.uahalf	0x1a3
 740 08ba 96080000 		.uaword	0x896
 741 08be 0A       		.uleb128 0xa
 742 08bf 4F735F70 		.string	"Os_pset1Type"
 742      73657431 
 742      54797065 
 742      00
 743 08cc 01       		.byte	0x1
 744 08cd A401     		.uahalf	0x1a4
 745 08cf 96080000 		.uaword	0x896
 746 08d3 0A       		.uleb128 0xa
 747 08d4 4F735F70 		.string	"Os_pset2Type"
 747      73657432 
 747      54797065 
 747      00
 748 08e1 01       		.byte	0x1
 749 08e2 A501     		.uahalf	0x1a5
 750 08e4 96080000 		.uaword	0x896
 751 08e8 10       		.uleb128 0x10
 752 08e9 04       		.byte	0x4
 753 08ea 01       		.byte	0x1
 754 08eb A601     		.uahalf	0x1a6
GAS Infineon TriCore Little Endian C:\\Users\\user1\\AppData\\Local\\Temp\\rta_RTAOS_638388406317960277_1736001\\cctHRBAg.s 			page 18


 755 08ed 13090000 		.uaword	0x913
 756 08f1 11       		.uleb128 0x11
 757 08f2 703000   		.string	"p0"
 758 08f5 01       		.byte	0x1
 759 08f6 A701     		.uahalf	0x1a7
 760 08f8 A9080000 		.uaword	0x8a9
 761 08fc 11       		.uleb128 0x11
 762 08fd 703100   		.string	"p1"
 763 0900 01       		.byte	0x1
 764 0901 A801     		.uahalf	0x1a8
 765 0903 BE080000 		.uaword	0x8be
 766 0907 11       		.uleb128 0x11
 767 0908 703200   		.string	"p2"
 768 090b 01       		.byte	0x1
 769 090c A901     		.uahalf	0x1a9
 770 090e D3080000 		.uaword	0x8d3
 771 0912 00       		.byte	0
 772 0913 0A       		.uleb128 0xa
 773 0914 4F735F70 		.string	"Os_psetType"
 773      73657454 
 773      79706500 
 774 0920 01       		.byte	0x1
 775 0921 AA01     		.uahalf	0x1aa
 776 0923 E8080000 		.uaword	0x8e8
 777 0927 10       		.uleb128 0x10
 778 0928 04       		.byte	0x4
 779 0929 01       		.byte	0x1
 780 092a AC01     		.uahalf	0x1ac
 781 092c 52090000 		.uaword	0x952
 782 0930 11       		.uleb128 0x11
 783 0931 743000   		.string	"t0"
 784 0934 01       		.byte	0x1
 785 0935 AD01     		.uahalf	0x1ad
 786 0937 96080000 		.uaword	0x896
 787 093b 11       		.uleb128 0x11
 788 093c 743100   		.string	"t1"
 789 093f 01       		.byte	0x1
 790 0940 AE01     		.uahalf	0x1ae
 791 0942 96080000 		.uaword	0x896
 792 0946 11       		.uleb128 0x11
 793 0947 743200   		.string	"t2"
 794 094a 01       		.byte	0x1
 795 094b AF01     		.uahalf	0x1af
 796 094d 96080000 		.uaword	0x896
 797 0951 00       		.byte	0
 798 0952 0A       		.uleb128 0xa
 799 0953 4F735F74 		.string	"Os_tpmaskType"
 799      706D6173 
 799      6B547970 
 799      6500
 800 0961 01       		.byte	0x1
 801 0962 B001     		.uahalf	0x1b0
 802 0964 27090000 		.uaword	0x927
 803 0968 0A       		.uleb128 0xa
 804 0969 4F735F41 		.string	"Os_ActivationCountType"
 804      63746976 
 804      6174696F 
GAS Infineon TriCore Little Endian C:\\Users\\user1\\AppData\\Local\\Temp\\rta_RTAOS_638388406317960277_1736001\\cctHRBAg.s 			page 19


 804      6E436F75 
 804      6E745479 
 805 0980 01       		.byte	0x1
 806 0981 B101     		.uahalf	0x1b1
 807 0983 86010000 		.uaword	0x186
 808 0987 0C       		.uleb128 0xc
 809 0988 4F735F54 		.string	"Os_TaskDynType_s"
 809      61736B44 
 809      796E5479 
 809      70655F73 
 809      00
 810 0999 5C       		.byte	0x5c
 811 099a 01       		.byte	0x1
 812 099b B301     		.uahalf	0x1b3
 813 099d 420A0000 		.uaword	0xa42
 814 09a1 0D       		.uleb128 0xd
 815 09a2 6C617374 		.string	"last_activation"
 815      5F616374 
 815      69766174 
 815      696F6E00 
 816 09b2 01       		.byte	0x1
 817 09b3 B401     		.uahalf	0x1b4
 818 09b5 15040000 		.uaword	0x415
 819 09b9 02       		.byte	0x2
 820 09ba 23       		.byte	0x23
 821 09bb 00       		.uleb128 0
 822 09bc 0D       		.uleb128 0xd
 823 09bd 7465726D 		.string	"terminate_jump_buf"
 823      696E6174 
 823      655F6A75 
 823      6D705F62 
 823      756600
 824 09d0 01       		.byte	0x1
 825 09d1 B501     		.uahalf	0x1b5
 826 09d3 FB020000 		.uaword	0x2fb
 827 09d7 02       		.byte	0x2
 828 09d8 23       		.byte	0x23
 829 09d9 04       		.uleb128 0x4
 830 09da 0D       		.uleb128 0xd
 831 09db 6D657465 		.string	"meter"
 831      7200
 832 09e1 01       		.byte	0x1
 833 09e2 B601     		.uahalf	0x1b6
 834 09e4 ED060000 		.uaword	0x6ed
 835 09e8 02       		.byte	0x2
 836 09e9 23       		.byte	0x23
 837 09ea 48       		.uleb128 0x48
 838 09eb 0D       		.uleb128 0xd
 839 09ec 7365656E 		.string	"seen_activation"
 839      5F616374 
 839      69766174 
 839      696F6E00 
 840 09fc 01       		.byte	0x1
 841 09fd B701     		.uahalf	0x1b7
 842 09ff 3A020000 		.uaword	0x23a
 843 0a03 02       		.byte	0x2
 844 0a04 23       		.byte	0x23
GAS Infineon TriCore Little Endian C:\\Users\\user1\\AppData\\Local\\Temp\\rta_RTAOS_638388406317960277_1736001\\cctHRBAg.s 			page 20


 845 0a05 54       		.uleb128 0x54
 846 0a06 0E       		.uleb128 0xe
 847 0a07 00000000 		.uaword	.LASF5
 848 0a0b 01       		.byte	0x1
 849 0a0c B801     		.uahalf	0x1b8
 850 0a0e 68090000 		.uaword	0x968
 851 0a12 02       		.byte	0x2
 852 0a13 23       		.byte	0x23
 853 0a14 55       		.uleb128 0x55
 854 0a15 0E       		.uleb128 0xe
 855 0a16 00000000 		.uaword	.LASF0
 856 0a1a 01       		.byte	0x1
 857 0a1b B901     		.uahalf	0x1b9
 858 0a1d 21030000 		.uaword	0x321
 859 0a21 02       		.byte	0x2
 860 0a22 23       		.byte	0x23
 861 0a23 56       		.uleb128 0x56
 862 0a24 0D       		.uleb128 0xd
 863 0a25 7465726D 		.string	"termination_state"
 863      696E6174 
 863      696F6E5F 
 863      73746174 
 863      6500
 864 0a37 01       		.byte	0x1
 865 0a38 BA01     		.uahalf	0x1ba
 866 0a3a BB010000 		.uaword	0x1bb
 867 0a3e 02       		.byte	0x2
 868 0a3f 23       		.byte	0x23
 869 0a40 58       		.uleb128 0x58
 870 0a41 00       		.byte	0
 871 0a42 0A       		.uleb128 0xa
 872 0a43 4F735F54 		.string	"Os_TaskDynType"
 872      61736B44 
 872      796E5479 
 872      706500
 873 0a52 01       		.byte	0x1
 874 0a53 BB01     		.uahalf	0x1bb
 875 0a55 87090000 		.uaword	0x987
 876 0a59 0C       		.uleb128 0xc
 877 0a5a 4F735F54 		.string	"Os_TaskType_s"
 877      61736B54 
 877      7970655F 
 877      7300
 878 0a68 20       		.byte	0x20
 879 0a69 01       		.byte	0x1
 880 0a6a BD01     		.uahalf	0x1bd
 881 0a6c 160B0000 		.uaword	0xb16
 882 0a70 0E       		.uleb128 0xe
 883 0a71 00000000 		.uaword	.LASF2
 884 0a75 01       		.byte	0x1
 885 0a76 BE01     		.uahalf	0x1be
 886 0a78 160B0000 		.uaword	0xb16
 887 0a7c 02       		.byte	0x2
 888 0a7d 23       		.byte	0x23
 889 0a7e 00       		.uleb128 0
 890 0a7f 0E       		.uleb128 0xe
 891 0a80 00000000 		.uaword	.LASF1
GAS Infineon TriCore Little Endian C:\\Users\\user1\\AppData\\Local\\Temp\\rta_RTAOS_638388406317960277_1736001\\cctHRBAg.s 			page 21


 892 0a84 01       		.byte	0x1
 893 0a85 BF01     		.uahalf	0x1bf
 894 0a87 AB030000 		.uaword	0x3ab
 895 0a8b 02       		.byte	0x2
 896 0a8c 23       		.byte	0x23
 897 0a8d 04       		.uleb128 0x4
 898 0a8e 0D       		.uleb128 0xd
 899 0a8f 70736574 		.string	"pset"
 899      00
 900 0a94 01       		.byte	0x1
 901 0a95 C001     		.uahalf	0x1c0
 902 0a97 13090000 		.uaword	0x913
 903 0a9b 02       		.byte	0x2
 904 0a9c 23       		.byte	0x23
 905 0a9d 08       		.uleb128 0x8
 906 0a9e 0D       		.uleb128 0xd
 907 0a9f 62617365 		.string	"base_tpmask"
 907      5F74706D 
 907      61736B00 
 908 0aab 01       		.byte	0x1
 909 0aac C101     		.uahalf	0x1c1
 910 0aae 52090000 		.uaword	0x952
 911 0ab2 02       		.byte	0x2
 912 0ab3 23       		.byte	0x23
 913 0ab4 0C       		.uleb128 0xc
 914 0ab5 0E       		.uleb128 0xe
 915 0ab6 00000000 		.uaword	.LASF6
 916 0aba 01       		.byte	0x1
 917 0abb C201     		.uahalf	0x1c2
 918 0abd 52090000 		.uaword	0x952
 919 0ac1 02       		.byte	0x2
 920 0ac2 23       		.byte	0x23
 921 0ac3 10       		.uleb128 0x10
 922 0ac4 0D       		.uleb128 0xd
 923 0ac5 636F7265 		.string	"core_id"
 923      5F696400 
 924 0acd 01       		.byte	0x1
 925 0ace C301     		.uahalf	0x1c3
 926 0ad0 65040000 		.uaword	0x465
 927 0ad4 02       		.byte	0x2
 928 0ad5 23       		.byte	0x23
 929 0ad6 14       		.uleb128 0x14
 930 0ad7 0D       		.uleb128 0xd
 931 0ad8 696E6465 		.string	"index"
 931      7800
 932 0ade 01       		.byte	0x1
 933 0adf C401     		.uahalf	0x1c4
 934 0ae1 BB010000 		.uaword	0x1bb
 935 0ae5 02       		.byte	0x2
 936 0ae6 23       		.byte	0x23
 937 0ae7 18       		.uleb128 0x18
 938 0ae8 0E       		.uleb128 0xe
 939 0ae9 00000000 		.uaword	.LASF5
 940 0aed 01       		.byte	0x1
 941 0aee C501     		.uahalf	0x1c5
 942 0af0 68090000 		.uaword	0x968
 943 0af4 02       		.byte	0x2
GAS Infineon TriCore Little Endian C:\\Users\\user1\\AppData\\Local\\Temp\\rta_RTAOS_638388406317960277_1736001\\cctHRBAg.s 			page 22


 944 0af5 23       		.byte	0x23
 945 0af6 1C       		.uleb128 0x1c
 946 0af7 0E       		.uleb128 0xe
 947 0af8 00000000 		.uaword	.LASF3
 948 0afc 01       		.byte	0x1
 949 0afd C601     		.uahalf	0x1c6
 950 0aff 79010000 		.uaword	0x179
 951 0b03 02       		.byte	0x2
 952 0b04 23       		.byte	0x23
 953 0b05 1D       		.uleb128 0x1d
 954 0b06 0E       		.uleb128 0xe
 955 0b07 00000000 		.uaword	.LASF4
 956 0b0b 01       		.byte	0x1
 957 0b0c C701     		.uahalf	0x1c7
 958 0b0e D2030000 		.uaword	0x3d2
 959 0b12 02       		.byte	0x2
 960 0b13 23       		.byte	0x23
 961 0b14 1E       		.uleb128 0x1e
 962 0b15 00       		.byte	0
 963 0b16 0F       		.uleb128 0xf
 964 0b17 1B0B0000 		.uaword	0xb1b
 965 0b1b 08       		.uleb128 0x8
 966 0b1c 04       		.byte	0x4
 967 0b1d 420A0000 		.uaword	0xa42
 968 0b21 0A       		.uleb128 0xa
 969 0b22 4F735F54 		.string	"Os_TaskType"
 969      61736B54 
 969      79706500 
 970 0b2e 01       		.byte	0x1
 971 0b2f C801     		.uahalf	0x1c8
 972 0b31 590A0000 		.uaword	0xa59
 973 0b35 0A       		.uleb128 0xa
 974 0b36 5461736B 		.string	"TaskType"
 974      54797065 
 974      00
 975 0b3f 01       		.byte	0x1
 976 0b40 C901     		.uahalf	0x1c9
 977 0b42 460B0000 		.uaword	0xb46
 978 0b46 08       		.uleb128 0x8
 979 0b47 04       		.byte	0x4
 980 0b48 4C0B0000 		.uaword	0xb4c
 981 0b4c 0F       		.uleb128 0xf
 982 0b4d 210B0000 		.uaword	0xb21
 983 0b51 10       		.uleb128 0x10
 984 0b52 04       		.byte	0x4
 985 0b53 01       		.byte	0x1
 986 0b54 E101     		.uahalf	0x1e1
 987 0b56 750B0000 		.uaword	0xb75
 988 0b5a 12       		.uleb128 0x12
 989 0b5b 00000000 		.uaword	.LASF6
 990 0b5f 01       		.byte	0x1
 991 0b60 E201     		.uahalf	0x1e2
 992 0b62 52090000 		.uaword	0x952
 993 0b66 11       		.uleb128 0x11
 994 0b67 696D6173 		.string	"imask"
 994      6B00
 995 0b6d 01       		.byte	0x1
GAS Infineon TriCore Little Endian C:\\Users\\user1\\AppData\\Local\\Temp\\rta_RTAOS_638388406317960277_1736001\\cctHRBAg.s 			page 23


 996 0b6e E301     		.uahalf	0x1e3
 997 0b70 28070000 		.uaword	0x728
 998 0b74 00       		.byte	0
 999 0b75 0C       		.uleb128 0xc
 1000 0b76 4F735F52 		.string	"Os_ResourceDynType_s"
 1000      65736F75 
 1000      72636544 
 1000      796E5479 
 1000      70655F73 
 1001 0b8b 0C       		.byte	0xc
 1002 0b8c 01       		.byte	0x1
 1003 0b8d DE01     		.uahalf	0x1de
 1004 0b8f D80B0000 		.uaword	0xbd8
 1005 0b93 0D       		.uleb128 0xd
 1006 0b94 61636365 		.string	"access_count"
 1006      73735F63 
 1006      6F756E74 
 1006      00
 1007 0ba1 01       		.byte	0x1
 1008 0ba2 DF01     		.uahalf	0x1df
 1009 0ba4 21030000 		.uaword	0x321
 1010 0ba8 02       		.byte	0x2
 1011 0ba9 23       		.byte	0x23
 1012 0baa 00       		.uleb128 0
 1013 0bab 0D       		.uleb128 0xd
 1014 0bac 6C6F636B 		.string	"locker"
 1014      657200
 1015 0bb3 01       		.byte	0x1
 1016 0bb4 E001     		.uahalf	0x1e0
 1017 0bb6 350B0000 		.uaword	0xb35
 1018 0bba 02       		.byte	0x2
 1019 0bbb 23       		.byte	0x23
 1020 0bbc 04       		.uleb128 0x4
 1021 0bbd 0D       		.uleb128 0xd
 1022 0bbe 73617665 		.string	"saved_priority"
 1022      645F7072 
 1022      696F7269 
 1022      747900
 1023 0bcd 01       		.byte	0x1
 1024 0bce E401     		.uahalf	0x1e4
 1025 0bd0 510B0000 		.uaword	0xb51
 1026 0bd4 02       		.byte	0x2
 1027 0bd5 23       		.byte	0x23
 1028 0bd6 08       		.uleb128 0x8
 1029 0bd7 00       		.byte	0
 1030 0bd8 0A       		.uleb128 0xa
 1031 0bd9 4F735F52 		.string	"Os_ResourceDynType"
 1031      65736F75 
 1031      72636544 
 1031      796E5479 
 1031      706500
 1032 0bec 01       		.byte	0x1
 1033 0bed E501     		.uahalf	0x1e5
 1034 0bef 750B0000 		.uaword	0xb75
 1035 0bf3 0C       		.uleb128 0xc
 1036 0bf4 4F735F52 		.string	"Os_ResourceType_s"
 1036      65736F75 
GAS Infineon TriCore Little Endian C:\\Users\\user1\\AppData\\Local\\Temp\\rta_RTAOS_638388406317960277_1736001\\cctHRBAg.s 			page 24


 1036      72636554 
 1036      7970655F 
 1036      7300
 1037 0c06 10       		.byte	0x10
 1038 0c07 01       		.byte	0x1
 1039 0c08 E601     		.uahalf	0x1e6
 1040 0c0a 4D0C0000 		.uaword	0xc4d
 1041 0c0e 0E       		.uleb128 0xe
 1042 0c0f 00000000 		.uaword	.LASF2
 1043 0c13 01       		.byte	0x1
 1044 0c14 E701     		.uahalf	0x1e7
 1045 0c16 4D0C0000 		.uaword	0xc4d
 1046 0c1a 02       		.byte	0x2
 1047 0c1b 23       		.byte	0x23
 1048 0c1c 00       		.uleb128 0
 1049 0c1d 0E       		.uleb128 0xe
 1050 0c1e 00000000 		.uaword	.LASF6
 1051 0c22 01       		.byte	0x1
 1052 0c23 E801     		.uahalf	0x1e8
 1053 0c25 52090000 		.uaword	0x952
 1054 0c29 02       		.byte	0x2
 1055 0c2a 23       		.byte	0x23
 1056 0c2b 04       		.uleb128 0x4
 1057 0c2c 0D       		.uleb128 0xd
 1058 0c2d 696D6173 		.string	"imask"
 1058      6B00
 1059 0c33 01       		.byte	0x1
 1060 0c34 E901     		.uahalf	0x1e9
 1061 0c36 28070000 		.uaword	0x728
 1062 0c3a 02       		.byte	0x2
 1063 0c3b 23       		.byte	0x23
 1064 0c3c 08       		.uleb128 0x8
 1065 0c3d 0E       		.uleb128 0xe
 1066 0c3e 00000000 		.uaword	.LASF3
 1067 0c42 01       		.byte	0x1
 1068 0c43 EA01     		.uahalf	0x1ea
 1069 0c45 79010000 		.uaword	0x179
 1070 0c49 02       		.byte	0x2
 1071 0c4a 23       		.byte	0x23
 1072 0c4b 0C       		.uleb128 0xc
 1073 0c4c 00       		.byte	0
 1074 0c4d 0F       		.uleb128 0xf
 1075 0c4e 520C0000 		.uaword	0xc52
 1076 0c52 08       		.uleb128 0x8
 1077 0c53 04       		.byte	0x4
 1078 0c54 D80B0000 		.uaword	0xbd8
 1079 0c58 0A       		.uleb128 0xa
 1080 0c59 4F735F52 		.string	"Os_ResourceType"
 1080      65736F75 
 1080      72636554 
 1080      79706500 
 1081 0c69 01       		.byte	0x1
 1082 0c6a EB01     		.uahalf	0x1eb
 1083 0c6c F30B0000 		.uaword	0xbf3
 1084 0c70 0A       		.uleb128 0xa
 1085 0c71 5265736F 		.string	"ResourceType"
 1085      75726365 
GAS Infineon TriCore Little Endian C:\\Users\\user1\\AppData\\Local\\Temp\\rta_RTAOS_638388406317960277_1736001\\cctHRBAg.s 			page 25


 1085      54797065 
 1085      00
 1086 0c7e 01       		.byte	0x1
 1087 0c7f EC01     		.uahalf	0x1ec
 1088 0c81 850C0000 		.uaword	0xc85
 1089 0c85 08       		.uleb128 0x8
 1090 0c86 04       		.byte	0x4
 1091 0c87 8B0C0000 		.uaword	0xc8b
 1092 0c8b 0F       		.uleb128 0xf
 1093 0c8c 580C0000 		.uaword	0xc58
 1094 0c90 0A       		.uleb128 0xa
 1095 0c91 4F535365 		.string	"OSServiceIdType"
 1095      72766963 
 1095      65496454 
 1095      79706500 
 1096 0ca1 01       		.byte	0x1
 1097 0ca2 5102     		.uahalf	0x251
 1098 0ca4 86010000 		.uaword	0x186
 1099 0ca8 0A       		.uleb128 0xa
 1100 0ca9 4F735F42 		.string	"Os_BiggestType"
 1100      69676765 
 1100      73745479 
 1100      706500
 1101 0cb8 01       		.byte	0x1
 1102 0cb9 2503     		.uahalf	0x325
 1103 0cbb C9010000 		.uaword	0x1c9
 1104 0cbf 13       		.uleb128 0x13
 1105 0cc0 10       		.byte	0x10
 1106 0cc1 01       		.byte	0x1
 1107 0cc2 2703     		.uahalf	0x327
 1108 0cc4 2D0D0000 		.uaword	0xd2d
 1109 0cc8 0D       		.uleb128 0xd
 1110 0cc9 73657276 		.string	"service_id"
 1110      6963655F 
 1110      696400
 1111 0cd4 01       		.byte	0x1
 1112 0cd5 2803     		.uahalf	0x328
 1113 0cd7 900C0000 		.uaword	0xc90
 1114 0cdb 02       		.byte	0x2
 1115 0cdc 23       		.byte	0x23
 1116 0cdd 00       		.uleb128 0
 1117 0cde 0D       		.uleb128 0xd
 1118 0cdf 73657276 		.string	"service_param1"
 1118      6963655F 
 1118      70617261 
 1118      6D3100
 1119 0cee 01       		.byte	0x1
 1120 0cef 2903     		.uahalf	0x329
 1121 0cf1 A80C0000 		.uaword	0xca8
 1122 0cf5 02       		.byte	0x2
 1123 0cf6 23       		.byte	0x23
 1124 0cf7 04       		.uleb128 0x4
 1125 0cf8 0D       		.uleb128 0xd
 1126 0cf9 73657276 		.string	"service_param2"
 1126      6963655F 
 1126      70617261 
 1126      6D3200
GAS Infineon TriCore Little Endian C:\\Users\\user1\\AppData\\Local\\Temp\\rta_RTAOS_638388406317960277_1736001\\cctHRBAg.s 			page 26


 1127 0d08 01       		.byte	0x1
 1128 0d09 2A03     		.uahalf	0x32a
 1129 0d0b A80C0000 		.uaword	0xca8
 1130 0d0f 02       		.byte	0x2
 1131 0d10 23       		.byte	0x23
 1132 0d11 08       		.uleb128 0x8
 1133 0d12 0D       		.uleb128 0xd
 1134 0d13 73657276 		.string	"service_param3"
 1134      6963655F 
 1134      70617261 
 1134      6D3300
 1135 0d22 01       		.byte	0x1
 1136 0d23 2B03     		.uahalf	0x32b
 1137 0d25 A80C0000 		.uaword	0xca8
 1138 0d29 02       		.byte	0x2
 1139 0d2a 23       		.byte	0x23
 1140 0d2b 0C       		.uleb128 0xc
 1141 0d2c 00       		.byte	0
 1142 0d2d 0A       		.uleb128 0xa
 1143 0d2e 4F735F45 		.string	"Os_ErrorInformationType"
 1143      72726F72 
 1143      496E666F 
 1143      726D6174 
 1143      696F6E54 
 1144 0d46 01       		.byte	0x1
 1145 0d47 2C03     		.uahalf	0x32c
 1146 0d49 BF0C0000 		.uaword	0xcbf
 1147 0d4d 0A       		.uleb128 0xa
 1148 0d4e 4F735F4F 		.string	"Os_OrtiIdType"
 1148      72746949 
 1148      64547970 
 1148      6500
 1149 0d5c 01       		.byte	0x1
 1150 0d5d 3003     		.uahalf	0x330
 1151 0d5f 86010000 		.uaword	0x186
 1152 0d63 0B       		.uleb128 0xb
 1153 0d64 13090000 		.uaword	0x913
 1154 0d68 0B       		.uleb128 0xb
 1155 0d69 7B080000 		.uaword	0x87b
 1156 0d6d 0B       		.uleb128 0xb
 1157 0d6e 350B0000 		.uaword	0xb35
 1158 0d72 0B       		.uleb128 0xb
 1159 0d73 52090000 		.uaword	0x952
 1160 0d77 0B       		.uleb128 0xb
 1161 0d78 31040000 		.uaword	0x431
 1162 0d7c 0B       		.uleb128 0xb
 1163 0d7d D2030000 		.uaword	0x3d2
 1164 0d81 0A       		.uleb128 0xa
 1165 0d82 4F735F43 		.string	"Os_ControlledCoreType"
 1165      6F6E7472 
 1165      6F6C6C65 
 1165      64436F72 
 1165      65547970 
 1166 0d98 01       		.byte	0x1
 1167 0d99 2404     		.uahalf	0x424
 1168 0d9b 7D040000 		.uaword	0x47d
 1169 0d9f 0C       		.uleb128 0xc
GAS Infineon TriCore Little Endian C:\\Users\\user1\\AppData\\Local\\Temp\\rta_RTAOS_638388406317960277_1736001\\cctHRBAg.s 			page 27


 1170 0da0 4F735F41 		.string	"Os_AnyCoreType_s"
 1170      6E79436F 
 1170      72655479 
 1170      70655F73 
 1170      00
 1171 0db1 64       		.byte	0x64
 1172 0db2 01       		.byte	0x1
 1173 0db3 3204     		.uahalf	0x432
 1174 0db5 D80E0000 		.uaword	0xed8
 1175 0db9 0D       		.uleb128 0xd
 1176 0dba 44697361 		.string	"DisableAllImask"
 1176      626C6541 
 1176      6C6C496D 
 1176      61736B00 
 1177 0dca 01       		.byte	0x1
 1178 0dcb 3304     		.uahalf	0x433
 1179 0dcd D80E0000 		.uaword	0xed8
 1180 0dd1 02       		.byte	0x2
 1181 0dd2 23       		.byte	0x23
 1182 0dd3 00       		.uleb128 0
 1183 0dd4 0D       		.uleb128 0xd
 1184 0dd5 53757370 		.string	"SuspendAllImask"
 1184      656E6441 
 1184      6C6C496D 
 1184      61736B00 
 1185 0de5 01       		.byte	0x1
 1186 0de6 3404     		.uahalf	0x434
 1187 0de8 D80E0000 		.uaword	0xed8
 1188 0dec 02       		.byte	0x2
 1189 0ded 23       		.byte	0x23
 1190 0dee 04       		.uleb128 0x4
 1191 0def 0D       		.uleb128 0xd
 1192 0df0 53757370 		.string	"SuspendOSImask"
 1192      656E644F 
 1192      53496D61 
 1192      736B00
 1193 0dff 01       		.byte	0x1
 1194 0e00 3504     		.uahalf	0x435
 1195 0e02 D80E0000 		.uaword	0xed8
 1196 0e06 02       		.byte	0x2
 1197 0e07 23       		.byte	0x23
 1198 0e08 08       		.uleb128 0x8
 1199 0e09 0D       		.uleb128 0xd
 1200 0e0a 44697361 		.string	"DisableAllCount"
 1200      626C6541 
 1200      6C6C436F 
 1200      756E7400 
 1201 0e1a 01       		.byte	0x1
 1202 0e1b 3604     		.uahalf	0x436
 1203 0e1d DD0E0000 		.uaword	0xedd
 1204 0e21 02       		.byte	0x2
 1205 0e22 23       		.byte	0x23
 1206 0e23 0C       		.uleb128 0xc
 1207 0e24 0D       		.uleb128 0xd
 1208 0e25 53757370 		.string	"SuspendAllCount"
 1208      656E6441 
 1208      6C6C436F 
GAS Infineon TriCore Little Endian C:\\Users\\user1\\AppData\\Local\\Temp\\rta_RTAOS_638388406317960277_1736001\\cctHRBAg.s 			page 28


 1208      756E7400 
 1209 0e35 01       		.byte	0x1
 1210 0e36 3704     		.uahalf	0x437
 1211 0e38 DD0E0000 		.uaword	0xedd
 1212 0e3c 02       		.byte	0x2
 1213 0e3d 23       		.byte	0x23
 1214 0e3e 10       		.uleb128 0x10
 1215 0e3f 0D       		.uleb128 0xd
 1216 0e40 53757370 		.string	"SuspendOSCount"
 1216      656E644F 
 1216      53436F75 
 1216      6E7400
 1217 0e4f 01       		.byte	0x1
 1218 0e50 3804     		.uahalf	0x438
 1219 0e52 DD0E0000 		.uaword	0xedd
 1220 0e56 02       		.byte	0x2
 1221 0e57 23       		.byte	0x23
 1222 0e58 14       		.uleb128 0x14
 1223 0e59 0D       		.uleb128 0xd
 1224 0e5a 4F727469 		.string	"OrtiApiID"
 1224      41706949 
 1224      4400
 1225 0e64 01       		.byte	0x1
 1226 0e65 3904     		.uahalf	0x439
 1227 0e67 E20E0000 		.uaword	0xee2
 1228 0e6b 02       		.byte	0x2
 1229 0e6c 23       		.byte	0x23
 1230 0e6d 18       		.uleb128 0x18
 1231 0e6e 0D       		.uleb128 0xd
 1232 0e6f 4F727469 		.string	"OrtiLastError"
 1232      4C617374 
 1232      4572726F 
 1232      7200
 1233 0e7d 01       		.byte	0x1
 1234 0e7e 3A04     		.uahalf	0x43a
 1235 0e80 49020000 		.uaword	0x249
 1236 0e84 02       		.byte	0x2
 1237 0e85 23       		.byte	0x23
 1238 0e86 19       		.uleb128 0x19
 1239 0e87 0D       		.uleb128 0xd
 1240 0e88 52657374 		.string	"RestartJumpBuf"
 1240      6172744A 
 1240      756D7042 
 1240      756600
 1241 0e97 01       		.byte	0x1
 1242 0e98 3B04     		.uahalf	0x43b
 1243 0e9a FB020000 		.uaword	0x2fb
 1244 0e9e 02       		.byte	0x2
 1245 0e9f 23       		.byte	0x23
 1246 0ea0 1C       		.uleb128 0x1c
 1247 0ea1 0D       		.uleb128 0xd
 1248 0ea2 52657374 		.string	"Restartable"
 1248      61727461 
 1248      626C6500 
 1249 0eae 01       		.byte	0x1
 1250 0eaf 3C04     		.uahalf	0x43c
 1251 0eb1 3A020000 		.uaword	0x23a
GAS Infineon TriCore Little Endian C:\\Users\\user1\\AppData\\Local\\Temp\\rta_RTAOS_638388406317960277_1736001\\cctHRBAg.s 			page 29


 1252 0eb5 02       		.byte	0x2
 1253 0eb6 23       		.byte	0x23
 1254 0eb7 60       		.uleb128 0x60
 1255 0eb8 0D       		.uleb128 0xd
 1256 0eb9 4C617374 		.string	"LastProtectionFault"
 1256      50726F74 
 1256      65637469 
 1256      6F6E4661 
 1256      756C7400 
 1257 0ecd 01       		.byte	0x1
 1258 0ece 3D04     		.uahalf	0x43d
 1259 0ed0 49020000 		.uaword	0x249
 1260 0ed4 02       		.byte	0x2
 1261 0ed5 23       		.byte	0x23
 1262 0ed6 61       		.uleb128 0x61
 1263 0ed7 00       		.byte	0
 1264 0ed8 0B       		.uleb128 0xb
 1265 0ed9 28070000 		.uaword	0x728
 1266 0edd 0B       		.uleb128 0xb
 1267 0ede BB010000 		.uaword	0x1bb
 1268 0ee2 0B       		.uleb128 0xb
 1269 0ee3 4D0D0000 		.uaword	0xd4d
 1270 0ee7 0A       		.uleb128 0xa
 1271 0ee8 4F735F41 		.string	"Os_AnyCoreType"
 1271      6E79436F 
 1271      72655479 
 1271      706500
 1272 0ef7 01       		.byte	0x1
 1273 0ef8 3E04     		.uahalf	0x43e
 1274 0efa 9F0D0000 		.uaword	0xd9f
 1275 0efe 0C       		.uleb128 0xc
 1276 0eff 4F735F43 		.string	"Os_CoreConfiguration_s"
 1276      6F726543 
 1276      6F6E6669 
 1276      67757261 
 1276      74696F6E 
 1277 0f16 18       		.byte	0x18
 1278 0f17 01       		.byte	0x1
 1279 0f18 4904     		.uahalf	0x449
 1280 0f1a 980F0000 		.uaword	0xf98
 1281 0f1e 0D       		.uleb128 0xd
 1282 0f1f 636F6E74 		.string	"controlled"
 1282      726F6C6C 
 1282      656400
 1283 0f2a 01       		.byte	0x1
 1284 0f2b 4A04     		.uahalf	0x44a
 1285 0f2d 980F0000 		.uaword	0xf98
 1286 0f31 02       		.byte	0x2
 1287 0f32 23       		.byte	0x23
 1288 0f33 00       		.uleb128 0
 1289 0f34 0D       		.uleb128 0xd
 1290 0f35 616E7900 		.string	"any"
 1291 0f39 01       		.byte	0x1
 1292 0f3a 4B04     		.uahalf	0x44b
 1293 0f3c A30F0000 		.uaword	0xfa3
 1294 0f40 02       		.byte	0x2
 1295 0f41 23       		.byte	0x23
GAS Infineon TriCore Little Endian C:\\Users\\user1\\AppData\\Local\\Temp\\rta_RTAOS_638388406317960277_1736001\\cctHRBAg.s 			page 30


 1296 0f42 04       		.uleb128 0x4
 1297 0f43 0D       		.uleb128 0xd
 1298 0f44 73746174 		.string	"state"
 1298      6500
 1299 0f4a 01       		.byte	0x1
 1300 0f4b 4C04     		.uahalf	0x44c
 1301 0f4d AE0F0000 		.uaword	0xfae
 1302 0f51 02       		.byte	0x2
 1303 0f52 23       		.byte	0x23
 1304 0f53 08       		.uleb128 0x8
 1305 0f54 0D       		.uleb128 0xd
 1306 0f55 64697370 		.string	"dispatch"
 1306      61746368 
 1306      00
 1307 0f5e 01       		.byte	0x1
 1308 0f5f 4D04     		.uahalf	0x44d
 1309 0f61 AB030000 		.uaword	0x3ab
 1310 0f65 02       		.byte	0x2
 1311 0f66 23       		.byte	0x23
 1312 0f67 0C       		.uleb128 0xc
 1313 0f68 0D       		.uleb128 0xd
 1314 0f69 4F735F52 		.string	"Os_Res_Scheduler"
 1314      65735F53 
 1314      63686564 
 1314      756C6572 
 1314      00
 1315 0f7a 01       		.byte	0x1
 1316 0f7b 4E04     		.uahalf	0x44e
 1317 0f7d 700C0000 		.uaword	0xc70
 1318 0f81 02       		.byte	0x2
 1319 0f82 23       		.byte	0x23
 1320 0f83 10       		.uleb128 0x10
 1321 0f84 0D       		.uleb128 0xd
 1322 0f85 636F7265 		.string	"core_id"
 1322      5F696400 
 1323 0f8d 01       		.byte	0x1
 1324 0f8e 4F04     		.uahalf	0x44f
 1325 0f90 65040000 		.uaword	0x465
 1326 0f94 02       		.byte	0x2
 1327 0f95 23       		.byte	0x23
 1328 0f96 14       		.uleb128 0x14
 1329 0f97 00       		.byte	0
 1330 0f98 0F       		.uleb128 0xf
 1331 0f99 9D0F0000 		.uaword	0xf9d
 1332 0f9d 08       		.uleb128 0x8
 1333 0f9e 04       		.byte	0x4
 1334 0f9f 810D0000 		.uaword	0xd81
 1335 0fa3 0F       		.uleb128 0xf
 1336 0fa4 A80F0000 		.uaword	0xfa8
 1337 0fa8 08       		.uleb128 0x8
 1338 0fa9 04       		.byte	0x4
 1339 0faa E70E0000 		.uaword	0xee7
 1340 0fae 0F       		.uleb128 0xf
 1341 0faf B30F0000 		.uaword	0xfb3
 1342 0fb3 08       		.uleb128 0x8
 1343 0fb4 04       		.byte	0x4
 1344 0fb5 B90F0000 		.uaword	0xfb9
GAS Infineon TriCore Little Endian C:\\Users\\user1\\AppData\\Local\\Temp\\rta_RTAOS_638388406317960277_1736001\\cctHRBAg.s 			page 31


 1345 0fb9 0B       		.uleb128 0xb
 1346 0fba FD030000 		.uaword	0x3fd
 1347 0fbe 0A       		.uleb128 0xa
 1348 0fbf 4F735F43 		.string	"Os_CoreConfiguration"
 1348      6F726543 
 1348      6F6E6669 
 1348      67757261 
 1348      74696F6E 
 1349 0fd4 01       		.byte	0x1
 1350 0fd5 5004     		.uahalf	0x450
 1351 0fd7 FE0E0000 		.uaword	0xefe
 1352 0fdb 14       		.uleb128 0x14
 1353 0fdc 01       		.byte	0x1
 1354 0fdd 4F735F53 		.string	"Os_StartCore"
 1354      74617274 
 1354      436F7265 
 1354      00
 1355 0fea 01       		.byte	0x1
 1356 0feb 5705     		.uahalf	0x557
 1357 0fed 01       		.byte	0x1
 1358 0fee 00000000 		.uaword	.LFB0
 1359 0ff2 00000000 		.uaword	.LFE0
 1360 0ff6 02       		.byte	0x2
 1361 0ff7 8A       		.byte	0x8a
 1362 0ff8 00       		.sleb128 0
 1363 0ff9 01       		.byte	0x1
 1364 0ffa DB100000 		.uaword	0x10db
 1365 0ffe 15       		.uleb128 0x15
 1366 0fff 436F7265 		.string	"CoreID"
 1366      494400
 1367 1006 01       		.byte	0x1
 1368 1007 5705     		.uahalf	0x557
 1369 1009 65040000 		.uaword	0x465
 1370 100d 00000000 		.uaword	.LLST0
 1371 1011 15       		.uleb128 0x15
 1372 1012 53746174 		.string	"Status"
 1372      757300
 1373 1019 01       		.byte	0x1
 1374 101a 5705     		.uahalf	0x557
 1375 101c 7B060000 		.uaword	0x67b
 1376 1020 00000000 		.uaword	.LLST1
 1377 1024 16       		.uleb128 0x16
 1378 1025 6F735F63 		.string	"os_current_core_const"
 1378      75727265 
 1378      6E745F63 
 1378      6F72655F 
 1378      636F6E73 
 1379 103b 01       		.byte	0x1
 1380 103c 5805     		.uahalf	0x558
 1381 103e DB100000 		.uaword	0x10db
 1382 1042 17       		.uleb128 0x17
 1383 1043 6F735F63 		.string	"os_current_core"
 1383      75727265 
 1383      6E745F63 
 1383      6F726500 
 1384 1053 01       		.byte	0x1
 1385 1054 5905     		.uahalf	0x559
GAS Infineon TriCore Little Endian C:\\Users\\user1\\AppData\\Local\\Temp\\rta_RTAOS_638388406317960277_1736001\\cctHRBAg.s 			page 32


 1386 1056 A80F0000 		.uaword	0xfa8
 1387 105a 01       		.byte	0x1
 1388 105b 6F       		.byte	0x6f
 1389 105c 18       		.uleb128 0x18
 1390 105d 70726576 		.string	"previous_tmask"
 1390      696F7573 
 1390      5F746D61 
 1390      736B00
 1391 106c 01       		.byte	0x1
 1392 106d 5A05     		.uahalf	0x55a
 1393 106f E9030000 		.uaword	0x3e9
 1394 1073 00000000 		.uaword	.LLST2
 1395 1077 19       		.uleb128 0x19
 1396 1078 00000000 		.uaword	.LBB2
 1397 107c 00000000 		.uaword	.LBE2
 1398 1080 95100000 		.uaword	0x1095
 1399 1084 18       		.uleb128 0x18
 1400 1085 72657300 		.string	"res"
 1401 1089 01       		.byte	0x1
 1402 108a 5805     		.uahalf	0x558
 1403 108c C9010000 		.uaword	0x1c9
 1404 1090 00000000 		.uaword	.LLST3
 1405 1094 00       		.byte	0
 1406 1095 19       		.uleb128 0x19
 1407 1096 00000000 		.uaword	.LBB3
 1408 109a 00000000 		.uaword	.LBE3
 1409 109e B3100000 		.uaword	0x10b3
 1410 10a2 18       		.uleb128 0x18
 1411 10a3 72657300 		.string	"res"
 1412 10a7 01       		.byte	0x1
 1413 10a8 5A05     		.uahalf	0x55a
 1414 10aa C9010000 		.uaword	0x1c9
 1415 10ae 00000000 		.uaword	.LLST2
 1416 10b2 00       		.byte	0
 1417 10b3 19       		.uleb128 0x19
 1418 10b4 00000000 		.uaword	.LBB4
 1419 10b8 00000000 		.uaword	.LBE4
 1420 10bc D1100000 		.uaword	0x10d1
 1421 10c0 18       		.uleb128 0x18
 1422 10c1 72657300 		.string	"res"
 1423 10c5 01       		.byte	0x1
 1424 10c6 6A05     		.uahalf	0x56a
 1425 10c8 C9010000 		.uaword	0x1c9
 1426 10cc 00000000 		.uaword	.LLST5
 1427 10d0 00       		.byte	0
 1428 10d1 1A       		.uleb128 0x1a
 1429 10d2 00000000 		.uaword	.LVL7
 1430 10d6 1B110000 		.uaword	0x111b
 1431 10da 00       		.byte	0
 1432 10db 08       		.uleb128 0x8
 1433 10dc 04       		.byte	0x4
 1434 10dd E1100000 		.uaword	0x10e1
 1435 10e1 0F       		.uleb128 0xf
 1436 10e2 BE0F0000 		.uaword	0xfbe
 1437 10e6 06       		.uleb128 0x6
 1438 10e7 BE0F0000 		.uaword	0xfbe
 1439 10eb F1100000 		.uaword	0x10f1
GAS Infineon TriCore Little Endian C:\\Users\\user1\\AppData\\Local\\Temp\\rta_RTAOS_638388406317960277_1736001\\cctHRBAg.s 			page 33


 1440 10ef 1B       		.uleb128 0x1b
 1441 10f0 00       		.byte	0
 1442 10f1 1C       		.uleb128 0x1c
 1443 10f2 4F735F63 		.string	"Os_const_coreconfiguration"
 1443      6F6E7374 
 1443      5F636F72 
 1443      65636F6E 
 1443      66696775 
 1444 110d 01       		.byte	0x1
 1445 110e 6A04     		.uahalf	0x46a
 1446 1110 16110000 		.uaword	0x1116
 1447 1114 01       		.byte	0x1
 1448 1115 01       		.byte	0x1
 1449 1116 0F       		.uleb128 0xf
 1450 1117 E6100000 		.uaword	0x10e6
 1451 111b 1D       		.uleb128 0x1d
 1452 111c 01       		.byte	0x1
 1453 111d 4F735F43 		.string	"Os_Cbk_StartCore"
 1453      626B5F53 
 1453      74617274 
 1453      436F7265 
 1453      00
 1454 112e 01       		.byte	0x1
 1455 112f 9F       		.byte	0x9f
 1456 1130 01       		.byte	0x1
 1457 1131 49020000 		.uaword	0x249
 1458 1135 01       		.byte	0x1
 1459 1136 1E       		.uleb128 0x1e
 1460 1137 97010000 		.uaword	0x197
 1461 113b 00       		.byte	0
 1462 113c 00       		.byte	0
 1463              	.section .debug_abbrev,"",@progbits
 1464              	.Ldebug_abbrev0:
 1465 0000 01       		.uleb128 0x1
 1466 0001 11       		.uleb128 0x11
 1467 0002 01       		.byte	0x1
 1468 0003 25       		.uleb128 0x25
 1469 0004 08       		.uleb128 0x8
 1470 0005 13       		.uleb128 0x13
 1471 0006 0B       		.uleb128 0xb
 1472 0007 03       		.uleb128 0x3
 1473 0008 08       		.uleb128 0x8
 1474 0009 55       		.uleb128 0x55
 1475 000a 06       		.uleb128 0x6
 1476 000b 11       		.uleb128 0x11
 1477 000c 01       		.uleb128 0x1
 1478 000d 52       		.uleb128 0x52
 1479 000e 01       		.uleb128 0x1
 1480 000f 10       		.uleb128 0x10
 1481 0010 06       		.uleb128 0x6
 1482 0011 00       		.byte	0
 1483 0012 00       		.byte	0
 1484 0013 02       		.uleb128 0x2
 1485 0014 16       		.uleb128 0x16
 1486 0015 00       		.byte	0
 1487 0016 03       		.uleb128 0x3
 1488 0017 08       		.uleb128 0x8
GAS Infineon TriCore Little Endian C:\\Users\\user1\\AppData\\Local\\Temp\\rta_RTAOS_638388406317960277_1736001\\cctHRBAg.s 			page 34


 1489 0018 3A       		.uleb128 0x3a
 1490 0019 0B       		.uleb128 0xb
 1491 001a 3B       		.uleb128 0x3b
 1492 001b 0B       		.uleb128 0xb
 1493 001c 49       		.uleb128 0x49
 1494 001d 13       		.uleb128 0x13
 1495 001e 00       		.byte	0
 1496 001f 00       		.byte	0
 1497 0020 03       		.uleb128 0x3
 1498 0021 24       		.uleb128 0x24
 1499 0022 00       		.byte	0
 1500 0023 0B       		.uleb128 0xb
 1501 0024 0B       		.uleb128 0xb
 1502 0025 3E       		.uleb128 0x3e
 1503 0026 0B       		.uleb128 0xb
 1504 0027 03       		.uleb128 0x3
 1505 0028 08       		.uleb128 0x8
 1506 0029 00       		.byte	0
 1507 002a 00       		.byte	0
 1508 002b 04       		.uleb128 0x4
 1509 002c 13       		.uleb128 0x13
 1510 002d 01       		.byte	0x1
 1511 002e 0B       		.uleb128 0xb
 1512 002f 0B       		.uleb128 0xb
 1513 0030 3A       		.uleb128 0x3a
 1514 0031 0B       		.uleb128 0xb
 1515 0032 3B       		.uleb128 0x3b
 1516 0033 0B       		.uleb128 0xb
 1517 0034 01       		.uleb128 0x1
 1518 0035 13       		.uleb128 0x13
 1519 0036 00       		.byte	0
 1520 0037 00       		.byte	0
 1521 0038 05       		.uleb128 0x5
 1522 0039 0D       		.uleb128 0xd
 1523 003a 00       		.byte	0
 1524 003b 03       		.uleb128 0x3
 1525 003c 08       		.uleb128 0x8
 1526 003d 3A       		.uleb128 0x3a
 1527 003e 0B       		.uleb128 0xb
 1528 003f 3B       		.uleb128 0x3b
 1529 0040 0B       		.uleb128 0xb
 1530 0041 49       		.uleb128 0x49
 1531 0042 13       		.uleb128 0x13
 1532 0043 38       		.uleb128 0x38
 1533 0044 0A       		.uleb128 0xa
 1534 0045 00       		.byte	0
 1535 0046 00       		.byte	0
 1536 0047 06       		.uleb128 0x6
 1537 0048 01       		.uleb128 0x1
 1538 0049 01       		.byte	0x1
 1539 004a 49       		.uleb128 0x49
 1540 004b 13       		.uleb128 0x13
 1541 004c 01       		.uleb128 0x1
 1542 004d 13       		.uleb128 0x13
 1543 004e 00       		.byte	0
 1544 004f 00       		.byte	0
 1545 0050 07       		.uleb128 0x7
GAS Infineon TriCore Little Endian C:\\Users\\user1\\AppData\\Local\\Temp\\rta_RTAOS_638388406317960277_1736001\\cctHRBAg.s 			page 35


 1546 0051 21       		.uleb128 0x21
 1547 0052 00       		.byte	0
 1548 0053 49       		.uleb128 0x49
 1549 0054 13       		.uleb128 0x13
 1550 0055 2F       		.uleb128 0x2f
 1551 0056 0B       		.uleb128 0xb
 1552 0057 00       		.byte	0
 1553 0058 00       		.byte	0
 1554 0059 08       		.uleb128 0x8
 1555 005a 0F       		.uleb128 0xf
 1556 005b 00       		.byte	0
 1557 005c 0B       		.uleb128 0xb
 1558 005d 0B       		.uleb128 0xb
 1559 005e 49       		.uleb128 0x49
 1560 005f 13       		.uleb128 0x13
 1561 0060 00       		.byte	0
 1562 0061 00       		.byte	0
 1563 0062 09       		.uleb128 0x9
 1564 0063 15       		.uleb128 0x15
 1565 0064 00       		.byte	0
 1566 0065 27       		.uleb128 0x27
 1567 0066 0C       		.uleb128 0xc
 1568 0067 00       		.byte	0
 1569 0068 00       		.byte	0
 1570 0069 0A       		.uleb128 0xa
 1571 006a 16       		.uleb128 0x16
 1572 006b 00       		.byte	0
 1573 006c 03       		.uleb128 0x3
 1574 006d 08       		.uleb128 0x8
 1575 006e 3A       		.uleb128 0x3a
 1576 006f 0B       		.uleb128 0xb
 1577 0070 3B       		.uleb128 0x3b
 1578 0071 05       		.uleb128 0x5
 1579 0072 49       		.uleb128 0x49
 1580 0073 13       		.uleb128 0x13
 1581 0074 00       		.byte	0
 1582 0075 00       		.byte	0
 1583 0076 0B       		.uleb128 0xb
 1584 0077 35       		.uleb128 0x35
 1585 0078 00       		.byte	0
 1586 0079 49       		.uleb128 0x49
 1587 007a 13       		.uleb128 0x13
 1588 007b 00       		.byte	0
 1589 007c 00       		.byte	0
 1590 007d 0C       		.uleb128 0xc
 1591 007e 13       		.uleb128 0x13
 1592 007f 01       		.byte	0x1
 1593 0080 03       		.uleb128 0x3
 1594 0081 08       		.uleb128 0x8
 1595 0082 0B       		.uleb128 0xb
 1596 0083 0B       		.uleb128 0xb
 1597 0084 3A       		.uleb128 0x3a
 1598 0085 0B       		.uleb128 0xb
 1599 0086 3B       		.uleb128 0x3b
 1600 0087 05       		.uleb128 0x5
 1601 0088 01       		.uleb128 0x1
 1602 0089 13       		.uleb128 0x13
GAS Infineon TriCore Little Endian C:\\Users\\user1\\AppData\\Local\\Temp\\rta_RTAOS_638388406317960277_1736001\\cctHRBAg.s 			page 36


 1603 008a 00       		.byte	0
 1604 008b 00       		.byte	0
 1605 008c 0D       		.uleb128 0xd
 1606 008d 0D       		.uleb128 0xd
 1607 008e 00       		.byte	0
 1608 008f 03       		.uleb128 0x3
 1609 0090 08       		.uleb128 0x8
 1610 0091 3A       		.uleb128 0x3a
 1611 0092 0B       		.uleb128 0xb
 1612 0093 3B       		.uleb128 0x3b
 1613 0094 05       		.uleb128 0x5
 1614 0095 49       		.uleb128 0x49
 1615 0096 13       		.uleb128 0x13
 1616 0097 38       		.uleb128 0x38
 1617 0098 0A       		.uleb128 0xa
 1618 0099 00       		.byte	0
 1619 009a 00       		.byte	0
 1620 009b 0E       		.uleb128 0xe
 1621 009c 0D       		.uleb128 0xd
 1622 009d 00       		.byte	0
 1623 009e 03       		.uleb128 0x3
 1624 009f 0E       		.uleb128 0xe
 1625 00a0 3A       		.uleb128 0x3a
 1626 00a1 0B       		.uleb128 0xb
 1627 00a2 3B       		.uleb128 0x3b
 1628 00a3 05       		.uleb128 0x5
 1629 00a4 49       		.uleb128 0x49
 1630 00a5 13       		.uleb128 0x13
 1631 00a6 38       		.uleb128 0x38
 1632 00a7 0A       		.uleb128 0xa
 1633 00a8 00       		.byte	0
 1634 00a9 00       		.byte	0
 1635 00aa 0F       		.uleb128 0xf
 1636 00ab 26       		.uleb128 0x26
 1637 00ac 00       		.byte	0
 1638 00ad 49       		.uleb128 0x49
 1639 00ae 13       		.uleb128 0x13
 1640 00af 00       		.byte	0
 1641 00b0 00       		.byte	0
 1642 00b1 10       		.uleb128 0x10
 1643 00b2 17       		.uleb128 0x17
 1644 00b3 01       		.byte	0x1
 1645 00b4 0B       		.uleb128 0xb
 1646 00b5 0B       		.uleb128 0xb
 1647 00b6 3A       		.uleb128 0x3a
 1648 00b7 0B       		.uleb128 0xb
 1649 00b8 3B       		.uleb128 0x3b
 1650 00b9 05       		.uleb128 0x5
 1651 00ba 01       		.uleb128 0x1
 1652 00bb 13       		.uleb128 0x13
 1653 00bc 00       		.byte	0
 1654 00bd 00       		.byte	0
 1655 00be 11       		.uleb128 0x11
 1656 00bf 0D       		.uleb128 0xd
 1657 00c0 00       		.byte	0
 1658 00c1 03       		.uleb128 0x3
 1659 00c2 08       		.uleb128 0x8
GAS Infineon TriCore Little Endian C:\\Users\\user1\\AppData\\Local\\Temp\\rta_RTAOS_638388406317960277_1736001\\cctHRBAg.s 			page 37


 1660 00c3 3A       		.uleb128 0x3a
 1661 00c4 0B       		.uleb128 0xb
 1662 00c5 3B       		.uleb128 0x3b
 1663 00c6 05       		.uleb128 0x5
 1664 00c7 49       		.uleb128 0x49
 1665 00c8 13       		.uleb128 0x13
 1666 00c9 00       		.byte	0
 1667 00ca 00       		.byte	0
 1668 00cb 12       		.uleb128 0x12
 1669 00cc 0D       		.uleb128 0xd
 1670 00cd 00       		.byte	0
 1671 00ce 03       		.uleb128 0x3
 1672 00cf 0E       		.uleb128 0xe
 1673 00d0 3A       		.uleb128 0x3a
 1674 00d1 0B       		.uleb128 0xb
 1675 00d2 3B       		.uleb128 0x3b
 1676 00d3 05       		.uleb128 0x5
 1677 00d4 49       		.uleb128 0x49
 1678 00d5 13       		.uleb128 0x13
 1679 00d6 00       		.byte	0
 1680 00d7 00       		.byte	0
 1681 00d8 13       		.uleb128 0x13
 1682 00d9 13       		.uleb128 0x13
 1683 00da 01       		.byte	0x1
 1684 00db 0B       		.uleb128 0xb
 1685 00dc 0B       		.uleb128 0xb
 1686 00dd 3A       		.uleb128 0x3a
 1687 00de 0B       		.uleb128 0xb
 1688 00df 3B       		.uleb128 0x3b
 1689 00e0 05       		.uleb128 0x5
 1690 00e1 01       		.uleb128 0x1
 1691 00e2 13       		.uleb128 0x13
 1692 00e3 00       		.byte	0
 1693 00e4 00       		.byte	0
 1694 00e5 14       		.uleb128 0x14
 1695 00e6 2E       		.uleb128 0x2e
 1696 00e7 01       		.byte	0x1
 1697 00e8 3F       		.uleb128 0x3f
 1698 00e9 0C       		.uleb128 0xc
 1699 00ea 03       		.uleb128 0x3
 1700 00eb 08       		.uleb128 0x8
 1701 00ec 3A       		.uleb128 0x3a
 1702 00ed 0B       		.uleb128 0xb
 1703 00ee 3B       		.uleb128 0x3b
 1704 00ef 05       		.uleb128 0x5
 1705 00f0 27       		.uleb128 0x27
 1706 00f1 0C       		.uleb128 0xc
 1707 00f2 11       		.uleb128 0x11
 1708 00f3 01       		.uleb128 0x1
 1709 00f4 12       		.uleb128 0x12
 1710 00f5 01       		.uleb128 0x1
 1711 00f6 40       		.uleb128 0x40
 1712 00f7 0A       		.uleb128 0xa
 1713 00f8 9742     		.uleb128 0x2117
 1714 00fa 0C       		.uleb128 0xc
 1715 00fb 01       		.uleb128 0x1
 1716 00fc 13       		.uleb128 0x13
GAS Infineon TriCore Little Endian C:\\Users\\user1\\AppData\\Local\\Temp\\rta_RTAOS_638388406317960277_1736001\\cctHRBAg.s 			page 38


 1717 00fd 00       		.byte	0
 1718 00fe 00       		.byte	0
 1719 00ff 15       		.uleb128 0x15
 1720 0100 05       		.uleb128 0x5
 1721 0101 00       		.byte	0
 1722 0102 03       		.uleb128 0x3
 1723 0103 08       		.uleb128 0x8
 1724 0104 3A       		.uleb128 0x3a
 1725 0105 0B       		.uleb128 0xb
 1726 0106 3B       		.uleb128 0x3b
 1727 0107 05       		.uleb128 0x5
 1728 0108 49       		.uleb128 0x49
 1729 0109 13       		.uleb128 0x13
 1730 010a 02       		.uleb128 0x2
 1731 010b 06       		.uleb128 0x6
 1732 010c 00       		.byte	0
 1733 010d 00       		.byte	0
 1734 010e 16       		.uleb128 0x16
 1735 010f 34       		.uleb128 0x34
 1736 0110 00       		.byte	0
 1737 0111 03       		.uleb128 0x3
 1738 0112 08       		.uleb128 0x8
 1739 0113 3A       		.uleb128 0x3a
 1740 0114 0B       		.uleb128 0xb
 1741 0115 3B       		.uleb128 0x3b
 1742 0116 05       		.uleb128 0x5
 1743 0117 49       		.uleb128 0x49
 1744 0118 13       		.uleb128 0x13
 1745 0119 00       		.byte	0
 1746 011a 00       		.byte	0
 1747 011b 17       		.uleb128 0x17
 1748 011c 34       		.uleb128 0x34
 1749 011d 00       		.byte	0
 1750 011e 03       		.uleb128 0x3
 1751 011f 08       		.uleb128 0x8
 1752 0120 3A       		.uleb128 0x3a
 1753 0121 0B       		.uleb128 0xb
 1754 0122 3B       		.uleb128 0x3b
 1755 0123 05       		.uleb128 0x5
 1756 0124 49       		.uleb128 0x49
 1757 0125 13       		.uleb128 0x13
 1758 0126 02       		.uleb128 0x2
 1759 0127 0A       		.uleb128 0xa
 1760 0128 00       		.byte	0
 1761 0129 00       		.byte	0
 1762 012a 18       		.uleb128 0x18
 1763 012b 34       		.uleb128 0x34
 1764 012c 00       		.byte	0
 1765 012d 03       		.uleb128 0x3
 1766 012e 08       		.uleb128 0x8
 1767 012f 3A       		.uleb128 0x3a
 1768 0130 0B       		.uleb128 0xb
 1769 0131 3B       		.uleb128 0x3b
 1770 0132 05       		.uleb128 0x5
 1771 0133 49       		.uleb128 0x49
 1772 0134 13       		.uleb128 0x13
 1773 0135 02       		.uleb128 0x2
GAS Infineon TriCore Little Endian C:\\Users\\user1\\AppData\\Local\\Temp\\rta_RTAOS_638388406317960277_1736001\\cctHRBAg.s 			page 39


 1774 0136 06       		.uleb128 0x6
 1775 0137 00       		.byte	0
 1776 0138 00       		.byte	0
 1777 0139 19       		.uleb128 0x19
 1778 013a 0B       		.uleb128 0xb
 1779 013b 01       		.byte	0x1
 1780 013c 11       		.uleb128 0x11
 1781 013d 01       		.uleb128 0x1
 1782 013e 12       		.uleb128 0x12
 1783 013f 01       		.uleb128 0x1
 1784 0140 01       		.uleb128 0x1
 1785 0141 13       		.uleb128 0x13
 1786 0142 00       		.byte	0
 1787 0143 00       		.byte	0
 1788 0144 1A       		.uleb128 0x1a
 1789 0145 898201   		.uleb128 0x4109
 1790 0148 00       		.byte	0
 1791 0149 11       		.uleb128 0x11
 1792 014a 01       		.uleb128 0x1
 1793 014b 31       		.uleb128 0x31
 1794 014c 13       		.uleb128 0x13
 1795 014d 00       		.byte	0
 1796 014e 00       		.byte	0
 1797 014f 1B       		.uleb128 0x1b
 1798 0150 21       		.uleb128 0x21
 1799 0151 00       		.byte	0
 1800 0152 00       		.byte	0
 1801 0153 00       		.byte	0
 1802 0154 1C       		.uleb128 0x1c
 1803 0155 34       		.uleb128 0x34
 1804 0156 00       		.byte	0
 1805 0157 03       		.uleb128 0x3
 1806 0158 08       		.uleb128 0x8
 1807 0159 3A       		.uleb128 0x3a
 1808 015a 0B       		.uleb128 0xb
 1809 015b 3B       		.uleb128 0x3b
 1810 015c 05       		.uleb128 0x5
 1811 015d 49       		.uleb128 0x49
 1812 015e 13       		.uleb128 0x13
 1813 015f 3F       		.uleb128 0x3f
 1814 0160 0C       		.uleb128 0xc
 1815 0161 3C       		.uleb128 0x3c
 1816 0162 0C       		.uleb128 0xc
 1817 0163 00       		.byte	0
 1818 0164 00       		.byte	0
 1819 0165 1D       		.uleb128 0x1d
 1820 0166 2E       		.uleb128 0x2e
 1821 0167 01       		.byte	0x1
 1822 0168 3F       		.uleb128 0x3f
 1823 0169 0C       		.uleb128 0xc
 1824 016a 03       		.uleb128 0x3
 1825 016b 08       		.uleb128 0x8
 1826 016c 3A       		.uleb128 0x3a
 1827 016d 0B       		.uleb128 0xb
 1828 016e 3B       		.uleb128 0x3b
 1829 016f 0B       		.uleb128 0xb
 1830 0170 27       		.uleb128 0x27
GAS Infineon TriCore Little Endian C:\\Users\\user1\\AppData\\Local\\Temp\\rta_RTAOS_638388406317960277_1736001\\cctHRBAg.s 			page 40


 1831 0171 0C       		.uleb128 0xc
 1832 0172 49       		.uleb128 0x49
 1833 0173 13       		.uleb128 0x13
 1834 0174 3C       		.uleb128 0x3c
 1835 0175 0C       		.uleb128 0xc
 1836 0176 00       		.byte	0
 1837 0177 00       		.byte	0
 1838 0178 1E       		.uleb128 0x1e
 1839 0179 05       		.uleb128 0x5
 1840 017a 00       		.byte	0
 1841 017b 49       		.uleb128 0x49
 1842 017c 13       		.uleb128 0x13
 1843 017d 00       		.byte	0
 1844 017e 00       		.byte	0
 1845 017f 00       		.byte	0
 1846              	.section .debug_loc,"",@progbits
 1847              	.Ldebug_loc0:
 1848              	.LLST0:
 1849 0000 00000000 		.uaword	.LVL0
 1850 0004 00000000 		.uaword	.LVL7-1
 1851 0008 0100     		.uahalf	0x1
 1852 000a 54       		.byte	0x54
 1853 000b 00000000 		.uaword	.LVL7-1
 1854 000f 00000000 		.uaword	.LFE0
 1855 0013 0400     		.uahalf	0x4
 1856 0015 F3       		.byte	0xf3
 1857 0016 01       		.uleb128 0x1
 1858 0017 54       		.byte	0x54
 1859 0018 9F       		.byte	0x9f
 1860 0019 00000000 		.uaword	0
 1861 001d 00000000 		.uaword	0
 1862              	.LLST1:
 1863 0021 00000000 		.uaword	.LVL0
 1864 0025 00000000 		.uaword	.LVL7-1
 1865 0029 0100     		.uahalf	0x1
 1866 002b 64       		.byte	0x64
 1867 002c 00000000 		.uaword	.LVL7-1
 1868 0030 00000000 		.uaword	.LFE0
 1869 0034 0100     		.uahalf	0x1
 1870 0036 6C       		.byte	0x6c
 1871 0037 00000000 		.uaword	0
 1872 003b 00000000 		.uaword	0
 1873              	.LLST2:
 1874 003f 00000000 		.uaword	.LVL3
 1875 0043 00000000 		.uaword	.LVL4
 1876 0047 0100     		.uahalf	0x1
 1877 0049 5F       		.byte	0x5f
 1878 004a 00000000 		.uaword	0
 1879 004e 00000000 		.uaword	0
 1880              	.LLST3:
 1881 0052 00000000 		.uaword	.LVL1
 1882 0056 00000000 		.uaword	.LVL3
 1883 005a 0100     		.uahalf	0x1
 1884 005c 5F       		.byte	0x5f
 1885 005d 00000000 		.uaword	0
 1886 0061 00000000 		.uaword	0
 1887              	.LLST5:
GAS Infineon TriCore Little Endian C:\\Users\\user1\\AppData\\Local\\Temp\\rta_RTAOS_638388406317960277_1736001\\cctHRBAg.s 			page 41


 1888 0065 00000000 		.uaword	.LVL5
 1889 0069 00000000 		.uaword	.LVL6
 1890 006d 0100     		.uahalf	0x1
 1891 006f 5F       		.byte	0x5f
 1892 0070 00000000 		.uaword	0
 1893 0074 00000000 		.uaword	0
 1894              	.section .debug_aranges,"",@progbits
 1895 0000 1C000000 		.uaword	0x1c
 1896 0004 0200     		.uahalf	0x2
 1897 0006 00000000 		.uaword	.Ldebug_info0
 1898 000a 04       		.byte	0x4
 1899 000b 00       		.byte	0
 1900 000c 0000     		.uahalf	0
 1901 000e 0000     		.uahalf	0
 1902 0010 00000000 		.uaword	.LFB0
 1903 0014 86000000 		.uaword	.LFE0-.LFB0
 1904 0018 00000000 		.uaword	0
 1905 001c 00000000 		.uaword	0
 1906              	.section .debug_ranges,"",@progbits
 1907              	.Ldebug_ranges0:
 1908 0000 00000000 		.uaword	.LFB0
 1909 0004 00000000 		.uaword	.LFE0
 1910 0008 00000000 		.uaword	0
 1911 000c 00000000 		.uaword	0
 1912              	.section .debug_line,"",@progbits
 1913              	.Ldebug_line0:
 1914 0000 48010000 	.section .debug_str,"",@progbits
 1914      02000F01 
 1914      00000201 
 1914      FB0E0D00 
 1914      01010101 
 1915              	.LASF4:
 1916 0000 6170706C 		.string	"application"
 1916      69636174 
 1916      696F6E00 
 1917              	.LASF2:
 1918 000c 64796E61 		.string	"dynamic"
 1918      6D696300 
 1919              	.LASF5:
 1920 0014 61637469 		.string	"activation_count"
 1920      76617469 
 1920      6F6E5F63 
 1920      6F756E74 
 1920      00
 1921              	.LASF6:
 1922 0025 74706D61 		.string	"tpmask"
 1922      736B00
 1923              	.LASF1:
 1924 002c 656E7472 		.string	"entry_function"
 1924      795F6675 
 1924      6E637469 
 1924      6F6E00
 1925              	.LASF3:
 1926 003b 61636365 		.string	"access"
 1926      737300
 1927              	.LASF0:
 1928 0042 7265736F 		.string	"resource_count"
GAS Infineon TriCore Little Endian C:\\Users\\user1\\AppData\\Local\\Temp\\rta_RTAOS_638388406317960277_1736001\\cctHRBAg.s 			page 42


 1928      75726365 
 1928      5F636F75 
 1928      6E7400
 1929              		.extern	Os_Cbk_StartCore,STT_FUNC,0
 1930              		.extern	Os_const_coreconfiguration,STT_OBJECT,-1
 1931              		.ident	"GCC: (HighTec Release HDP-v4.9.4.1-11fcedf) 4.9.4 build on 2020-09-01"
