GAS Infineon TriCore Little Endian C:\\Users\\user1\\AppData\\Local\\Temp\\rta_RTAOS_638388406317960277_1736001\\ccbTsuyN.s 			page 1


   1              		.file	"TerminateTask.c"
   2              	.section .text,"ax",@progbits
   3              	.Ltext0:
   4              	.section .text.Os_TerminateTask,"ax",@progbits
   5              		.align 1
   6              		.global	Os_TerminateTask
   7              		.type	Os_TerminateTask, @function
   8              	Os_TerminateTask:
   9              	.LFB0:
  10              		.file 1 "C:\\Users\\user1\\AppData\\Local\\Temp\\rta_RTAOS_638388406317960277_1736001\\TerminateTa
  11              		.loc 1 1366 0
  12              	.LVL0:
  13 0000 2010     		sub.a	%SP, 16
  14              	.LCFI0:
  15              	.LBB2:
  16              		.loc 1 1368 0
  17              	#APP
  18              		# 1368 "C:\Users\user1\AppData\Local\Temp\rta_RTAOS_638388406317960277_1736001\TerminateTask.c" 1
  19 0002 4DC0E1FF 		mfcr %d15,0xfe1c
  20              		# 0 "" 2
  21              	.LVL1:
  22              	#NO_APP
  23              	.LBE2:
  24              		.loc 1 1369 0
  25 0006 91000020 		movh.a	%a2, hi:Os_const_coreconfiguration
  26 000a 8023     		mov.d	%d3, %a2
  27 000c 1B030020 		addi	%d2, %d3, lo:Os_const_coreconfiguration
  28 0010 138F2132 		madd	%d3, %d2, %d15, 24
  29 0014 6032     		mov.a	%a2, %d3
  30 0016 CC20     		ld.a	%a15, [%a2]0
  31              	.LVL2:
  32              		.loc 1 1370 0
  33 0018 992C0400 		ld.a	%a12, [%a2] 4
  34              	.LVL3:
  35              	.LBB3:
  36              		.loc 1 1371 0
  37              	#APP
  38              		# 1371 "C:\Users\user1\AppData\Local\Temp\rta_RTAOS_638388406317960277_1736001\TerminateTask.c" 1
  39 001c 4D40E0FF 		mfcr %d15,0xfe04
  40              		# 0 "" 2
  41              	.LVL4:
  42              	#NO_APP
  43              	.LBE3:
  44              		.loc 1 1372 0
  45 0020 AEB3     		jnz.t	%d15, 11, .L2
  46              		.loc 1 1372 0 is_stmt 0 discriminator 1
  47              	#APP
  48              		# 1372 "C:\Users\user1\AppData\Local\Temp\rta_RTAOS_638388406317960277_1736001\TerminateTask.c" 1
  49 0022 AD008000 		syscall 0
  50              		# 0 "" 2
  51              	#NO_APP
  52              	.L2:
  53              		.loc 1 1373 0 is_stmt 1
  54 0026 3BD0F8FF 		mov	%d15, -115
  55              	.LVL5:
  56 002a E9CF1800 		st.b	[%a12] 24, %d15
  57              		.loc 1 1376 0
GAS Infineon TriCore Little Endian C:\\Users\\user1\\AppData\\Local\\Temp\\rta_RTAOS_638388406317960277_1736001\\ccbTsuyN.s 			page 2


  58 002e 4CF8     		ld.w	%d15, [%a15] 32
  59 0030 6E0F     		jz	%d15, .L3
  60              	.LVL6:
  61              		.loc 1 1377 0
  62 0032 820F     		mov	%d15, 0
  63 0034 7800     		st.w	[%SP]0, %d15
  64 0036 8224     		mov	%d4, 2
  65 0038 3B600450 		mov	%d5, 70
  66 003c D206     		mov	%e6, 0
  67 003e 6D000000 		call	Os_ErrorLog
****  Notice:Expanding call-R -> call-O
  68              	.LVL7:
  69 0042 8222     		mov	%d2, 2
  70              	.LVL8:
  71              	.L4:
  72              		.loc 1 1401 0
  73 0044 3BC0F8FF 		mov	%d15, -116
  74 0048 E9CF1800 		st.b	[%a12] 24, %d15
  75              		.loc 1 1404 0
  76 004c 0090     		ret
  77              	.LVL9:
  78              	.L3:
  79              		.loc 1 1379 0
  80 004e 4CF9     		ld.w	%d15, [%a15] 36
  81              		.loc 1 1367 0
  82 0050 8202     		mov	%d2, 0
  83              		.loc 1 1379 0
  84 0052 6EF9     		jz	%d15, .L4
  85              		.loc 1 1380 0
  86 0054 C892     		ld.a	%a2, [%a15] 36
  87 0056 D422     		ld.a	%a2, [%a2]0
****  Notice:Optimizing ld.a-a@w -> ld.a-a@
  88 0058 192F1810 		ld.w	%d15, [%a2] 88
  89 005c 6F0F3B80 		jnz.t	%d15, 0, .L14
****  Notice:Expanding jnz.t-ifm -> jnz.t-d5o
  90              	.LVL10:
  91              	.L5:
  92              		.loc 1 1385 0
  93 0060 C892     		ld.a	%a2, [%a15] 36
  94 0062 D422     		ld.a	%a2, [%a2]0
****  Notice:Optimizing ld.a-a@w -> ld.a-a@
  95 0064 B710A140 		imask	%e4, 1, 1, 1
  96 0068 49245818 		ldmst	[%a2] 88, %e4
  97              		.loc 1 1386 0
  98 006c C892     		ld.a	%a2, [%a15] 36
  99 006e D422     		ld.a	%a2, [%a2]0
****  Notice:Optimizing ld.a-a@w -> ld.a-a@
 100 0070 392F1610 		ld.bu	%d15, [%a2] 86
 101 0074 EE2D     		jnz	%d15, .L9
 102              	.LBB4:
 103              		.loc 1 1388 0
 104              	#APP
 105              		# 1388 "C:\Users\user1\AppData\Local\Temp\rta_RTAOS_638388406317960277_1736001\TerminateTask.c" 1
 106 0076 4DC0E2FF 		mfcr %d15,0xFE2C
 107              		# 0 "" 2
 108              	.LVL11:
 109              	#NO_APP
GAS Infineon TriCore Little Endian C:\\Users\\user1\\AppData\\Local\\Temp\\rta_RTAOS_638388406317960277_1736001\\ccbTsuyN.s 			page 3


 110              	.LBE4:
 111 007a 16FF     		and	%d15, %d15, 255
****  Notice:Optimizing and-ddn -> and-i8
 112              	.LVL12:
 113 007c EE17     		jnz	%d15, .L10
 114              		.loc 1 1389 0
 115 007e DF02E3FF 		jnz	%d2, .L4
****  Notice:Expanding jnz-dm -> jne-d4o
 116              		.loc 1 1393 0
 117 0082 C892     		ld.a	%a2, [%a15] 36
 118 0084 D422     		ld.a	%a2, [%a2]0
****  Notice:Optimizing ld.a-a@w -> ld.a-a@
 119 0086 B7102142 		imask	%e4, 1, 4, 1
 120              		.loc 1 1394 0
 121 008a 3BC0F8FF 		mov	%d15, -116
 122              		.loc 1 1393 0
 123 008e 49245818 		ldmst	[%a2] 88, %e4
 124              		.loc 1 1394 0
 125 0092 E9CF1800 		st.b	[%a12] 24, %d15
 126              		.loc 1 1395 0
 127 0096 C89F     		ld.a	%a15, [%a15] 36
 128              	.LVL13:
 129 0098 C804     		ld.a	%a4, [%a15]0
 130 009a 59A20C00 		st.w	[%SP] 12, %d2
 131 009e B044     		add.a	%a4, 4
 132 00a0 6D000000 		call	Os_longjmp
****  Notice:Expanding call-R -> call-O
 133              	.LVL14:
 134 00a4 19A20C00 		ld.w	%d2, [%SP] 12
 135 00a8 3CCE     		j	.L4
 136              	.LVL15:
 137              	.L10:
 138              		.loc 1 1388 0
 139 00aa 8222     		mov	%d2, 2
 140              	.LVL16:
 141              	.L6:
 142              		.loc 1 1399 0
 143 00ac 820F     		mov	%d15, 0
 144 00ae 7800     		st.w	[%SP]0, %d15
 145 00b0 0224     		mov	%d4, %d2
 146 00b2 3B600450 		mov	%d5, 70
 147 00b6 D206     		mov	%e6, 0
 148 00b8 59A20C00 		st.w	[%SP] 12, %d2
 149 00bc 6D000000 		call	Os_ErrorLog
****  Notice:Expanding call-R -> call-O
 150              	.LVL17:
 151              		.loc 1 1401 0
 152 00c0 3BC0F8FF 		mov	%d15, -116
 153              		.loc 1 1399 0
 154 00c4 19A20C00 		ld.w	%d2, [%SP] 12
 155              	.LVL18:
 156              		.loc 1 1401 0
 157 00c8 E9CF1800 		st.b	[%a12] 24, %d15
 158              		.loc 1 1404 0
 159 00cc 0090     		ret
 160              	.L9:
 161              		.loc 1 1386 0
GAS Infineon TriCore Little Endian C:\\Users\\user1\\AppData\\Local\\Temp\\rta_RTAOS_638388406317960277_1736001\\ccbTsuyN.s 			page 4


 162 00ce 8262     		mov	%d2, 6
 163              	.LVL19:
 164 00d0 3CEE     		j	.L6
 165              	.LVL20:
 166              	.L14:
 167              		.loc 1 1381 0
 168 00d2 C892     		ld.a	%a2, [%a15] 36
 169 00d4 D422     		ld.a	%a2, [%a2]0
****  Notice:Optimizing ld.a-a@w -> ld.a-a@
 170 00d6 B7102142 		imask	%e4, 1, 4, 1
 171              		.loc 1 1383 0
 172 00da D206     		mov	%e6, 0
 173              		.loc 1 1381 0
 174 00dc 49245818 		ldmst	[%a2] 88, %e4
 175              	.LVL21:
 176              		.loc 1 1383 0
 177 00e0 74A2     		st.w	[%SP]0, %d2
****  Notice:Optimizing st.w-@wd -> st.w-@d
 178 00e2 3BB00040 		mov	%d4, 11
 179 00e6 3B600450 		mov	%d5, 70
 180 00ea 6D000000 		call	Os_ErrorLog
****  Notice:Expanding call-R -> call-O
 181              	.LVL22:
 182              		.loc 1 1382 0
 183 00ee 3BB00020 		mov	%d2, 11
 184 00f2 3CB7     		j	.L5
 185              	.LFE0:
 186              		.size	Os_TerminateTask, .-Os_TerminateTask
 187              	.section .debug_frame,"",@progbits
 188              	.Lframe0:
 189 0000 0C000000 		.uaword	.LECIE0-.LSCIE0
 190              	.LSCIE0:
 191 0004 FFFFFFFF 		.uaword	0xffffffff
 192 0008 01       		.byte	0x1
 193 0009 00       		.string	""
 194 000a 01       		.uleb128 0x1
 195 000b 01       		.sleb128 1
 196 000c 1B       		.byte	0x1b
 197 000d 0C       		.byte	0xc
 198 000e 1A       		.uleb128 0x1a
 199 000f 00       		.uleb128 0
 200              		.align 2
 201              	.LECIE0:
 202              	.LSFDE0:
 203 0010 10000000 		.uaword	.LEFDE0-.LASFDE0
 204              	.LASFDE0:
 205 0014 00000000 		.uaword	.Lframe0
 206 0018 00000000 		.uaword	.LFB0
 207 001c F4000000 		.uaword	.LFE0-.LFB0
 208 0020 42       		.byte	0x4
 209              		.uaword	.LCFI0-.LFB0
 210 0021 0E       		.byte	0xe
 211 0022 10       		.uleb128 0x10
 212 0023 00       		.align 2
 213              	.LEFDE0:
 214              	.section .text,"ax",@progbits
 215              	.Letext0:
GAS Infineon TriCore Little Endian C:\\Users\\user1\\AppData\\Local\\Temp\\rta_RTAOS_638388406317960277_1736001\\ccbTsuyN.s 			page 5


 216              		.file 2 "D:\\home\\user123\\user\\Mohan6_VectorSIP\\21Dec23\\15Dec23_CAN_merge_21stDec\\25_Softwar
 217              		.file 3 "D:\\home\\user123\\user\\Mohan6_VectorSIP\\21Dec23\\15Dec23_CAN_merge_21stDec\\25_Softwar
 218              	.section .debug_info,"",@progbits
 219              	.Ldebug_info0:
 220 0000 10120000 		.uaword	0x1210
 221 0004 0200     		.uahalf	0x2
 222 0006 00000000 		.uaword	.Ldebug_abbrev0
 223 000a 04       		.byte	0x4
 224 000b 01       		.uleb128 0x1
 225 000c 474E5520 		.ascii	"GNU C 4."
 225      4320342E 
 226 0014 392E3420 		.string	"9.4 build on 2020-09-01 -mlicense-dir=c:\\hightec\\toolchains\\tricore\\v4.9.4.1\\bin\\..
 226      6275696C 
 226      64206F6E 
 226      20323032 
 226      302D3039 
 227 0115 01       		.byte	0x1
 228 0116 433A5C55 		.string	"C:\\Users\\user1\\AppData\\Local\\Temp\\rta_RTAOS_638388406317960277_1736001\\TerminateTa
 228      73657273 
 228      5C757365 
 228      72315C41 
 228      70704461 
 229 016d 00000000 		.uaword	.Ldebug_ranges0+0
 230 0171 00000000 		.uaword	0
 231 0175 00000000 		.uaword	0
 232 0179 00000000 		.uaword	.Ldebug_line0
 233 017d 02       		.uleb128 0x2
 234 017e 75696E74 		.string	"uint8"
 234      3800
 235 0184 02       		.byte	0x2
 236 0185 34       		.byte	0x34
 237 0186 8A010000 		.uaword	0x18a
 238 018a 03       		.uleb128 0x3
 239 018b 01       		.byte	0x1
 240 018c 08       		.byte	0x8
 241 018d 756E7369 		.string	"unsigned char"
 241      676E6564 
 241      20636861 
 241      7200
 242 019b 02       		.uleb128 0x2
 243 019c 75696E74 		.string	"uint16"
 243      313600
 244 01a3 02       		.byte	0x2
 245 01a4 35       		.byte	0x35
 246 01a5 A9010000 		.uaword	0x1a9
 247 01a9 03       		.uleb128 0x3
 248 01aa 02       		.byte	0x2
 249 01ab 07       		.byte	0x7
 250 01ac 73686F72 		.string	"short unsigned int"
 250      7420756E 
 250      7369676E 
 250      65642069 
 250      6E7400
 251 01bf 02       		.uleb128 0x2
 252 01c0 75696E74 		.string	"uint32"
 252      333200
 253 01c7 02       		.byte	0x2
GAS Infineon TriCore Little Endian C:\\Users\\user1\\AppData\\Local\\Temp\\rta_RTAOS_638388406317960277_1736001\\ccbTsuyN.s 			page 6


 254 01c8 36       		.byte	0x36
 255 01c9 CD010000 		.uaword	0x1cd
 256 01cd 03       		.uleb128 0x3
 257 01ce 04       		.byte	0x4
 258 01cf 07       		.byte	0x7
 259 01d0 756E7369 		.string	"unsigned int"
 259      676E6564 
 259      20696E74 
 259      00
 260 01dd 03       		.uleb128 0x3
 261 01de 01       		.byte	0x1
 262 01df 06       		.byte	0x6
 263 01e0 7369676E 		.string	"signed char"
 263      65642063 
 263      68617200 
 264 01ec 03       		.uleb128 0x3
 265 01ed 02       		.byte	0x2
 266 01ee 05       		.byte	0x5
 267 01ef 73686F72 		.string	"short int"
 267      7420696E 
 267      7400
 268 01f9 03       		.uleb128 0x3
 269 01fa 04       		.byte	0x4
 270 01fb 05       		.byte	0x5
 271 01fc 696E7400 		.string	"int"
 272 0200 03       		.uleb128 0x3
 273 0201 04       		.byte	0x4
 274 0202 04       		.byte	0x4
 275 0203 666C6F61 		.string	"float"
 275      7400
 276 0209 03       		.uleb128 0x3
 277 020a 08       		.byte	0x8
 278 020b 04       		.byte	0x4
 279 020c 646F7562 		.string	"double"
 279      6C6500
 280 0213 03       		.uleb128 0x3
 281 0214 08       		.byte	0x8
 282 0215 05       		.byte	0x5
 283 0216 6C6F6E67 		.string	"long long int"
 283      206C6F6E 
 283      6720696E 
 283      7400
 284 0224 03       		.uleb128 0x3
 285 0225 08       		.byte	0x8
 286 0226 07       		.byte	0x7
 287 0227 6C6F6E67 		.string	"long long unsigned int"
 287      206C6F6E 
 287      6720756E 
 287      7369676E 
 287      65642069 
 288 023e 02       		.uleb128 0x2
 289 023f 626F6F6C 		.string	"boolean"
 289      65616E00 
 290 0247 02       		.byte	0x2
 291 0248 49       		.byte	0x49
 292 0249 8A010000 		.uaword	0x18a
 293 024d 02       		.uleb128 0x2
GAS Infineon TriCore Little Endian C:\\Users\\user1\\AppData\\Local\\Temp\\rta_RTAOS_638388406317960277_1736001\\ccbTsuyN.s 			page 7


 294 024e 53746174 		.string	"StatusType"
 294      75735479 
 294      706500
 295 0259 03       		.byte	0x3
 296 025a 28       		.byte	0x28
 297 025b 8A010000 		.uaword	0x18a
 298 025f 04       		.uleb128 0x4
 299 0260 08       		.byte	0x8
 300 0261 01       		.byte	0x1
 301 0262 7C       		.byte	0x7c
 302 0263 9E020000 		.uaword	0x29e
 303 0267 05       		.uleb128 0x5
 304 0268 436C6173 		.string	"Class"
 304      7300
 305 026e 01       		.byte	0x1
 306 026f 7D       		.byte	0x7d
 307 0270 7D010000 		.uaword	0x17d
 308 0274 02       		.byte	0x2
 309 0275 23       		.byte	0x23
 310 0276 00       		.uleb128 0
 311 0277 05       		.uleb128 0x5
 312 0278 54494E00 		.string	"TIN"
 313 027c 01       		.byte	0x1
 314 027d 7E       		.byte	0x7e
 315 027e 7D010000 		.uaword	0x17d
 316 0282 02       		.byte	0x2
 317 0283 23       		.byte	0x23
 318 0284 01       		.uleb128 0x1
 319 0285 05       		.uleb128 0x5
 320 0286 52657475 		.string	"ReturnAddress"
 320      726E4164 
 320      64726573 
 320      7300
 321 0294 01       		.byte	0x1
 322 0295 7F       		.byte	0x7f
 323 0296 BF010000 		.uaword	0x1bf
 324 029a 02       		.byte	0x2
 325 029b 23       		.byte	0x23
 326 029c 04       		.uleb128 0x4
 327 029d 00       		.byte	0
 328 029e 02       		.uleb128 0x2
 329 029f 4F735472 		.string	"OsTrapInfoType"
 329      6170496E 
 329      666F5479 
 329      706500
 330 02ae 01       		.byte	0x1
 331 02af 80       		.byte	0x80
 332 02b0 5F020000 		.uaword	0x25f
 333 02b4 02       		.uleb128 0x2
 334 02b5 75696E74 		.string	"uint32_aligned"
 334      33325F61 
 334      6C69676E 
 334      656400
 335 02c4 01       		.byte	0x1
 336 02c5 86       		.byte	0x86
 337 02c6 BF010000 		.uaword	0x1bf
 338 02ca 04       		.uleb128 0x4
GAS Infineon TriCore Little Endian C:\\Users\\user1\\AppData\\Local\\Temp\\rta_RTAOS_638388406317960277_1736001\\ccbTsuyN.s 			page 8


 339 02cb 44       		.byte	0x44
 340 02cc 01       		.byte	0x1
 341 02cd AB       		.byte	0xab
 342 02ce E3020000 		.uaword	0x2e3
 343 02d2 05       		.uleb128 0x5
 344 02d3 73746F72 		.string	"store"
 344      6500
 345 02d9 01       		.byte	0x1
 346 02da AC       		.byte	0xac
 347 02db E3020000 		.uaword	0x2e3
 348 02df 02       		.byte	0x2
 349 02e0 23       		.byte	0x23
 350 02e1 00       		.uleb128 0
 351 02e2 00       		.byte	0
 352 02e3 06       		.uleb128 0x6
 353 02e4 BF010000 		.uaword	0x1bf
 354 02e8 F3020000 		.uaword	0x2f3
 355 02ec 07       		.uleb128 0x7
 356 02ed F3020000 		.uaword	0x2f3
 357 02f1 10       		.byte	0x10
 358 02f2 00       		.byte	0
 359 02f3 03       		.uleb128 0x3
 360 02f4 04       		.byte	0x4
 361 02f5 07       		.byte	0x7
 362 02f6 73697A65 		.string	"sizetype"
 362      74797065 
 362      00
 363 02ff 02       		.uleb128 0x2
 364 0300 4F735F4A 		.string	"Os_JumpBufType"
 364      756D7042 
 364      75665479 
 364      706500
 365 030f 01       		.byte	0x1
 366 0310 AD       		.byte	0xad
 367 0311 15030000 		.uaword	0x315
 368 0315 06       		.uleb128 0x6
 369 0316 CA020000 		.uaword	0x2ca
 370 031a 25030000 		.uaword	0x325
 371 031e 07       		.uleb128 0x7
 372 031f F3020000 		.uaword	0x2f3
 373 0323 00       		.byte	0
 374 0324 00       		.byte	0
 375 0325 02       		.uleb128 0x2
 376 0326 4F735F52 		.string	"Os_ResourceCountType"
 376      65736F75 
 376      72636543 
 376      6F756E74 
 376      54797065 
 377 033b 01       		.byte	0x1
 378 033c BE       		.byte	0xbe
 379 033d 8A010000 		.uaword	0x18a
 380 0341 02       		.uleb128 0x2
 381 0342 4F735F53 		.string	"Os_StackTraceType"
 381      7461636B 
 381      54726163 
 381      65547970 
 381      6500
GAS Infineon TriCore Little Endian C:\\Users\\user1\\AppData\\Local\\Temp\\rta_RTAOS_638388406317960277_1736001\\ccbTsuyN.s 			page 9


 382 0354 01       		.byte	0x1
 383 0355 BF       		.byte	0xbf
 384 0356 CD010000 		.uaword	0x1cd
 385 035a 04       		.uleb128 0x4
 386 035b 08       		.byte	0x8
 387 035c 01       		.byte	0x1
 388 035d C0       		.byte	0xc0
 389 035e 7E030000 		.uaword	0x37e
 390 0362 05       		.uleb128 0x5
 391 0363 737000   		.string	"sp"
 392 0366 01       		.byte	0x1
 393 0367 C0       		.byte	0xc0
 394 0368 41030000 		.uaword	0x341
 395 036c 02       		.byte	0x2
 396 036d 23       		.byte	0x23
 397 036e 00       		.uleb128 0
 398 036f 05       		.uleb128 0x5
 399 0370 63747800 		.string	"ctx"
 400 0374 01       		.byte	0x1
 401 0375 C0       		.byte	0xc0
 402 0376 41030000 		.uaword	0x341
 403 037a 02       		.byte	0x2
 404 037b 23       		.byte	0x23
 405 037c 04       		.uleb128 0x4
 406 037d 00       		.byte	0
 407 037e 02       		.uleb128 0x2
 408 037f 4F735F53 		.string	"Os_StackValueType"
 408      7461636B 
 408      56616C75 
 408      65547970 
 408      6500
 409 0391 01       		.byte	0x1
 410 0392 C0       		.byte	0xc0
 411 0393 5A030000 		.uaword	0x35a
 412 0397 02       		.uleb128 0x2
 413 0398 4F735F53 		.string	"Os_StackSizeType"
 413      7461636B 
 413      53697A65 
 413      54797065 
 413      00
 414 03a9 01       		.byte	0x1
 415 03aa C1       		.byte	0xc1
 416 03ab 7E030000 		.uaword	0x37e
 417 03af 02       		.uleb128 0x2
 418 03b0 4F735F56 		.string	"Os_VoidVoidFunctionType"
 418      6F696456 
 418      6F696446 
 418      756E6374 
 418      696F6E54 
 419 03c8 01       		.byte	0x1
 420 03c9 C7       		.byte	0xc7
 421 03ca CE030000 		.uaword	0x3ce
 422 03ce 08       		.uleb128 0x8
 423 03cf 04       		.byte	0x4
 424 03d0 D4030000 		.uaword	0x3d4
 425 03d4 09       		.uleb128 0x9
 426 03d5 01       		.byte	0x1
GAS Infineon TriCore Little Endian C:\\Users\\user1\\AppData\\Local\\Temp\\rta_RTAOS_638388406317960277_1736001\\ccbTsuyN.s 			page 10


 427 03d6 02       		.uleb128 0x2
 428 03d7 4170706C 		.string	"ApplicationType"
 428      69636174 
 428      696F6E54 
 428      79706500 
 429 03e7 01       		.byte	0x1
 430 03e8 D5       		.byte	0xd5
 431 03e9 8A010000 		.uaword	0x18a
 432 03ed 02       		.uleb128 0x2
 433 03ee 4F735F74 		.string	"Os_tmaskType"
 433      6D61736B 
 433      54797065 
 433      00
 434 03fb 01       		.byte	0x1
 435 03fc D9       		.byte	0xd9
 436 03fd BF010000 		.uaword	0x1bf
 437 0401 02       		.uleb128 0x2
 438 0402 4F735F43 		.string	"Os_CoreStateType"
 438      6F726553 
 438      74617465 
 438      54797065 
 438      00
 439 0413 01       		.byte	0x1
 440 0414 E7       		.byte	0xe7
 441 0415 BF010000 		.uaword	0x1bf
 442 0419 02       		.uleb128 0x2
 443 041a 4F735F53 		.string	"Os_StopwatchTickType"
 443      746F7077 
 443      61746368 
 443      5469636B 
 443      54797065 
 444 042f 01       		.byte	0x1
 445 0430 FD       		.byte	0xfd
 446 0431 CD010000 		.uaword	0x1cd
 447 0435 0A       		.uleb128 0xa
 448 0436 4F735F54 		.string	"Os_TerminatorType"
 448      65726D69 
 448      6E61746F 
 448      72547970 
 448      6500
 449 0448 01       		.byte	0x1
 450 0449 0201     		.uahalf	0x102
 451 044b 4F040000 		.uaword	0x44f
 452 044f 08       		.uleb128 0x8
 453 0450 04       		.byte	0x4
 454 0451 FF020000 		.uaword	0x2ff
 455 0455 0A       		.uleb128 0xa
 456 0456 4F735F4C 		.string	"Os_Lockable"
 456      6F636B61 
 456      626C6500 
 457 0462 01       		.byte	0x1
 458 0463 0701     		.uahalf	0x107
 459 0465 B4020000 		.uaword	0x2b4
 460 0469 0A       		.uleb128 0xa
 461 046a 436F7265 		.string	"CoreIdType"
 461      49645479 
 461      706500
GAS Infineon TriCore Little Endian C:\\Users\\user1\\AppData\\Local\\Temp\\rta_RTAOS_638388406317960277_1736001\\ccbTsuyN.s 			page 11


 462 0475 01       		.byte	0x1
 463 0476 0901     		.uahalf	0x109
 464 0478 9B010000 		.uaword	0x19b
 465 047c 0B       		.uleb128 0xb
 466 047d 55040000 		.uaword	0x455
 467 0481 0C       		.uleb128 0xc
 468 0482 4F735F43 		.string	"Os_ControlledCoreType_s"
 468      6F6E7472 
 468      6F6C6C65 
 468      64436F72 
 468      65547970 
 469 049a 58       		.byte	0x58
 470 049b 01       		.byte	0x1
 471 049c 1004     		.uahalf	0x410
 472 049e 7F060000 		.uaword	0x67f
 473 04a2 0D       		.uleb128 0xd
 474 04a3 54726170 		.string	"TrapInfo"
 474      496E666F 
 474      00
 475 04ac 01       		.byte	0x1
 476 04ad 1104     		.uahalf	0x411
 477 04af 9E020000 		.uaword	0x29e
 478 04b3 02       		.byte	0x2
 479 04b4 23       		.byte	0x23
 480 04b5 00       		.uleb128 0
 481 04b6 0D       		.uleb128 0xd
 482 04b7 4572726F 		.string	"ErrorInformation"
 482      72496E66 
 482      6F726D61 
 482      74696F6E 
 482      00
 483 04c8 01       		.byte	0x1
 484 04c9 1204     		.uahalf	0x412
 485 04cb 120D0000 		.uaword	0xd12
 486 04cf 02       		.byte	0x2
 487 04d0 23       		.byte	0x23
 488 04d1 08       		.uleb128 0x8
 489 04d2 0D       		.uleb128 0xd
 490 04d3 6C6F636B 		.string	"lock_taskaccess"
 490      5F746173 
 490      6B616363 
 490      65737300 
 491 04e3 01       		.byte	0x1
 492 04e4 1304     		.uahalf	0x413
 493 04e6 7C040000 		.uaword	0x47c
 494 04ea 02       		.byte	0x2
 495 04eb 23       		.byte	0x23
 496 04ec 18       		.uleb128 0x18
 497 04ed 0D       		.uleb128 0xd
 498 04ee 52656164 		.string	"ReadyTasks"
 498      79546173 
 498      6B7300
 499 04f9 01       		.byte	0x1
 500 04fa 1404     		.uahalf	0x414
 501 04fc 480D0000 		.uaword	0xd48
 502 0500 02       		.byte	0x2
 503 0501 23       		.byte	0x23
GAS Infineon TriCore Little Endian C:\\Users\\user1\\AppData\\Local\\Temp\\rta_RTAOS_638388406317960277_1736001\\ccbTsuyN.s 			page 12


 504 0502 1C       		.uleb128 0x1c
 505 0503 0D       		.uleb128 0xd
 506 0504 52756E6E 		.string	"RunningISR"
 506      696E6749 
 506      535200
 507 050f 01       		.byte	0x1
 508 0510 1504     		.uahalf	0x415
 509 0512 4D0D0000 		.uaword	0xd4d
 510 0516 02       		.byte	0x2
 511 0517 23       		.byte	0x23
 512 0518 20       		.uleb128 0x20
 513 0519 0D       		.uleb128 0xd
 514 051a 52756E6E 		.string	"RunningTask"
 514      696E6754 
 514      61736B00 
 515 0526 01       		.byte	0x1
 516 0527 1604     		.uahalf	0x416
 517 0529 520D0000 		.uaword	0xd52
 518 052d 02       		.byte	0x2
 519 052e 23       		.byte	0x23
 520 052f 24       		.uleb128 0x24
 521 0530 0D       		.uleb128 0xd
 522 0531 52756E6E 		.string	"RunningTPMask"
 522      696E6754 
 522      504D6173 
 522      6B00
 523 053f 01       		.byte	0x1
 524 0540 1704     		.uahalf	0x417
 525 0542 570D0000 		.uaword	0xd57
 526 0546 02       		.byte	0x2
 527 0547 23       		.byte	0x23
 528 0548 28       		.uleb128 0x28
 529 0549 0D       		.uleb128 0xd
 530 054a 5465726D 		.string	"TerminatingTasks"
 530      696E6174 
 530      696E6754 
 530      61736B73 
 530      00
 531 055b 01       		.byte	0x1
 532 055c 1804     		.uahalf	0x418
 533 055e 480D0000 		.uaword	0xd48
 534 0562 02       		.byte	0x2
 535 0563 23       		.byte	0x23
 536 0564 2C       		.uleb128 0x2c
 537 0565 0D       		.uleb128 0xd
 538 0566 4170706C 		.string	"Application"
 538      69636174 
 538      696F6E00 
 539 0572 01       		.byte	0x1
 540 0573 1904     		.uahalf	0x419
 541 0575 D6030000 		.uaword	0x3d6
 542 0579 02       		.byte	0x2
 543 057a 23       		.byte	0x23
 544 057b 30       		.uleb128 0x30
 545 057c 0D       		.uleb128 0xd
 546 057d 43757272 		.string	"CurrentTerminator"
 546      656E7454 
GAS Infineon TriCore Little Endian C:\\Users\\user1\\AppData\\Local\\Temp\\rta_RTAOS_638388406317960277_1736001\\ccbTsuyN.s 			page 13


 546      65726D69 
 546      6E61746F 
 546      7200
 547 058f 01       		.byte	0x1
 548 0590 1A04     		.uahalf	0x41a
 549 0592 5C0D0000 		.uaword	0xd5c
 550 0596 02       		.byte	0x2
 551 0597 23       		.byte	0x23
 552 0598 34       		.uleb128 0x34
 553 0599 0D       		.uleb128 0xd
 554 059a 43757272 		.string	"CurrentMeteredObject"
 554      656E744D 
 554      65746572 
 554      65644F62 
 554      6A656374 
 555 05af 01       		.byte	0x1
 556 05b0 1B04     		.uahalf	0x41b
 557 05b2 EB060000 		.uaword	0x6eb
 558 05b6 02       		.byte	0x2
 559 05b7 23       		.byte	0x23
 560 05b8 38       		.uleb128 0x38
 561 05b9 0D       		.uleb128 0xd
 562 05ba 49646C65 		.string	"IdleMeter"
 562      4D657465 
 562      7200
 563 05c4 01       		.byte	0x1
 564 05c5 1C04     		.uahalf	0x41c
 565 05c7 D2060000 		.uaword	0x6d2
 566 05cb 02       		.byte	0x2
 567 05cc 23       		.byte	0x23
 568 05cd 3C       		.uleb128 0x3c
 569 05ce 0D       		.uleb128 0xd
 570 05cf 41707041 		.string	"AppAccess"
 570      63636573 
 570      7300
 571 05d9 01       		.byte	0x1
 572 05da 1D04     		.uahalf	0x41d
 573 05dc 7D010000 		.uaword	0x17d
 574 05e0 02       		.byte	0x2
 575 05e1 23       		.byte	0x23
 576 05e2 48       		.uleb128 0x48
 577 05e3 0D       		.uleb128 0xd
 578 05e4 4170704F 		.string	"AppOverride"
 578      76657272 
 578      69646500 
 579 05f0 01       		.byte	0x1
 580 05f1 1E04     		.uahalf	0x41e
 581 05f3 610D0000 		.uaword	0xd61
 582 05f7 02       		.byte	0x2
 583 05f8 23       		.byte	0x23
 584 05f9 49       		.uleb128 0x49
 585 05fa 0D       		.uleb128 0xd
 586 05fb 47657453 		.string	"GetStackValueAdjust"
 586      7461636B 
 586      56616C75 
 586      6541646A 
 586      75737400 
GAS Infineon TriCore Little Endian C:\\Users\\user1\\AppData\\Local\\Temp\\rta_RTAOS_638388406317960277_1736001\\ccbTsuyN.s 			page 14


 587 060f 01       		.byte	0x1
 588 0610 1F04     		.uahalf	0x41f
 589 0612 97030000 		.uaword	0x397
 590 0616 02       		.byte	0x2
 591 0617 23       		.byte	0x23
 592 0618 4C       		.uleb128 0x4c
 593 0619 0D       		.uleb128 0xd
 594 061a 496E4572 		.string	"InErrorHook"
 594      726F7248 
 594      6F6F6B00 
 595 0626 01       		.byte	0x1
 596 0627 2004     		.uahalf	0x420
 597 0629 3E020000 		.uaword	0x23e
 598 062d 02       		.byte	0x2
 599 062e 23       		.byte	0x23
 600 062f 54       		.uleb128 0x54
 601 0630 0D       		.uleb128 0xd
 602 0631 496E5072 		.string	"InProtectionHook"
 602      6F746563 
 602      74696F6E 
 602      486F6F6B 
 602      00
 603 0642 01       		.byte	0x1
 604 0643 2104     		.uahalf	0x421
 605 0645 3E020000 		.uaword	0x23e
 606 0649 02       		.byte	0x2
 607 064a 23       		.byte	0x23
 608 064b 55       		.uleb128 0x55
 609 064c 0D       		.uleb128 0xd
 610 064d 436F7265 		.string	"CoreIsActive"
 610      49734163 
 610      74697665 
 610      00
 611 065a 01       		.byte	0x1
 612 065b 2204     		.uahalf	0x422
 613 065d 3E020000 		.uaword	0x23e
 614 0661 02       		.byte	0x2
 615 0662 23       		.byte	0x23
 616 0663 56       		.uleb128 0x56
 617 0664 0D       		.uleb128 0xd
 618 0665 496E5368 		.string	"InShutdownHook"
 618      7574646F 
 618      776E486F 
 618      6F6B00
 619 0674 01       		.byte	0x1
 620 0675 2304     		.uahalf	0x423
 621 0677 3E020000 		.uaword	0x23e
 622 067b 02       		.byte	0x2
 623 067c 23       		.byte	0x23
 624 067d 57       		.uleb128 0x57
 625 067e 00       		.byte	0
 626 067f 0C       		.uleb128 0xc
 627 0680 4F735F4D 		.string	"Os_MeterInfoType_s"
 627      65746572 
 627      496E666F 
 627      54797065 
 627      5F7300
GAS Infineon TriCore Little Endian C:\\Users\\user1\\AppData\\Local\\Temp\\rta_RTAOS_638388406317960277_1736001\\ccbTsuyN.s 			page 15


 628 0693 0C       		.byte	0xc
 629 0694 01       		.byte	0x1
 630 0695 7201     		.uahalf	0x172
 631 0697 D2060000 		.uaword	0x6d2
 632 069b 0D       		.uleb128 0xd
 633 069c 656C6170 		.string	"elapsed"
 633      73656400 
 634 06a4 01       		.byte	0x1
 635 06a5 7301     		.uahalf	0x173
 636 06a7 19040000 		.uaword	0x419
 637 06ab 02       		.byte	0x2
 638 06ac 23       		.byte	0x23
 639 06ad 00       		.uleb128 0
 640 06ae 0D       		.uleb128 0xd
 641 06af 70726576 		.string	"previous"
 641      696F7573 
 641      00
 642 06b8 01       		.byte	0x1
 643 06b9 7401     		.uahalf	0x174
 644 06bb 19040000 		.uaword	0x419
 645 06bf 02       		.byte	0x2
 646 06c0 23       		.byte	0x23
 647 06c1 04       		.uleb128 0x4
 648 06c2 0D       		.uleb128 0xd
 649 06c3 6D617800 		.string	"max"
 650 06c7 01       		.byte	0x1
 651 06c8 7501     		.uahalf	0x175
 652 06ca 19040000 		.uaword	0x419
 653 06ce 02       		.byte	0x2
 654 06cf 23       		.byte	0x23
 655 06d0 08       		.uleb128 0x8
 656 06d1 00       		.byte	0
 657 06d2 0A       		.uleb128 0xa
 658 06d3 4F735F4D 		.string	"Os_MeterInfoType"
 658      65746572 
 658      496E666F 
 658      54797065 
 658      00
 659 06e4 01       		.byte	0x1
 660 06e5 7601     		.uahalf	0x176
 661 06e7 7F060000 		.uaword	0x67f
 662 06eb 0A       		.uleb128 0xa
 663 06ec 4F735F4D 		.string	"Os_MeterInfoRefType"
 663      65746572 
 663      496E666F 
 663      52656654 
 663      79706500 
 664 0700 01       		.byte	0x1
 665 0701 7701     		.uahalf	0x177
 666 0703 07070000 		.uaword	0x707
 667 0707 08       		.uleb128 0x8
 668 0708 04       		.byte	0x4
 669 0709 D2060000 		.uaword	0x6d2
 670 070d 0A       		.uleb128 0xa
 671 070e 4F735F69 		.string	"Os_imaskType"
 671      6D61736B 
 671      54797065 
GAS Infineon TriCore Little Endian C:\\Users\\user1\\AppData\\Local\\Temp\\rta_RTAOS_638388406317960277_1736001\\ccbTsuyN.s 			page 16


 671      00
 672 071b 01       		.byte	0x1
 673 071c 7F01     		.uahalf	0x17f
 674 071e BF010000 		.uaword	0x1bf
 675 0722 0C       		.uleb128 0xc
 676 0723 4F735F49 		.string	"Os_ISRDynType_s"
 676      53524479 
 676      6E547970 
 676      655F7300 
 677 0733 10       		.byte	0x10
 678 0734 01       		.byte	0x1
 679 0735 8101     		.uahalf	0x181
 680 0737 73070000 		.uaword	0x773
 681 073b 0E       		.uleb128 0xe
 682 073c 00000000 		.uaword	.LASF0
 683 0740 01       		.byte	0x1
 684 0741 8201     		.uahalf	0x182
 685 0743 25030000 		.uaword	0x325
 686 0747 02       		.byte	0x2
 687 0748 23       		.byte	0x23
 688 0749 00       		.uleb128 0
 689 074a 0D       		.uleb128 0xd
 690 074b 7465726D 		.string	"terminating"
 690      696E6174 
 690      696E6700 
 691 0757 01       		.byte	0x1
 692 0758 8301     		.uahalf	0x183
 693 075a 3E020000 		.uaword	0x23e
 694 075e 02       		.byte	0x2
 695 075f 23       		.byte	0x23
 696 0760 01       		.uleb128 0x1
 697 0761 0D       		.uleb128 0xd
 698 0762 6D657465 		.string	"meter"
 698      7200
 699 0768 01       		.byte	0x1
 700 0769 8401     		.uahalf	0x184
 701 076b D2060000 		.uaword	0x6d2
 702 076f 02       		.byte	0x2
 703 0770 23       		.byte	0x23
 704 0771 04       		.uleb128 0x4
 705 0772 00       		.byte	0
 706 0773 0A       		.uleb128 0xa
 707 0774 4F735F49 		.string	"Os_ISRDynType"
 707      53524479 
 707      6E547970 
 707      6500
 708 0782 01       		.byte	0x1
 709 0783 8501     		.uahalf	0x185
 710 0785 22070000 		.uaword	0x722
 711 0789 0A       		.uleb128 0xa
 712 078a 4F735F49 		.string	"Os_IsrTerminatedFunctionType"
 712      73725465 
 712      726D696E 
 712      61746564 
 712      46756E63 
 713 07a7 01       		.byte	0x1
 714 07a8 8601     		.uahalf	0x186
GAS Infineon TriCore Little Endian C:\\Users\\user1\\AppData\\Local\\Temp\\rta_RTAOS_638388406317960277_1736001\\ccbTsuyN.s 			page 17


 715 07aa CE030000 		.uaword	0x3ce
 716 07ae 0C       		.uleb128 0xc
 717 07af 4F735F49 		.string	"Os_ISRType_s"
 717      53525479 
 717      70655F73 
 717      00
 718 07bc 18       		.byte	0x18
 719 07bd 01       		.byte	0x1
 720 07be 8701     		.uahalf	0x187
 721 07c0 42080000 		.uaword	0x842
 722 07c4 0E       		.uleb128 0xe
 723 07c5 00000000 		.uaword	.LASF1
 724 07c9 01       		.byte	0x1
 725 07ca 8801     		.uahalf	0x188
 726 07cc AF030000 		.uaword	0x3af
 727 07d0 02       		.byte	0x2
 728 07d1 23       		.byte	0x23
 729 07d2 00       		.uleb128 0
 730 07d3 0D       		.uleb128 0xd
 731 07d4 7465726D 		.string	"terminated_function"
 731      696E6174 
 731      65645F66 
 731      756E6374 
 731      696F6E00 
 732 07e8 01       		.byte	0x1
 733 07e9 8901     		.uahalf	0x189
 734 07eb 89070000 		.uaword	0x789
 735 07ef 02       		.byte	0x2
 736 07f0 23       		.byte	0x23
 737 07f1 04       		.uleb128 0x4
 738 07f2 0E       		.uleb128 0xe
 739 07f3 00000000 		.uaword	.LASF2
 740 07f7 01       		.byte	0x1
 741 07f8 8A01     		.uahalf	0x18a
 742 07fa 42080000 		.uaword	0x842
 743 07fe 02       		.byte	0x2
 744 07ff 23       		.byte	0x23
 745 0800 08       		.uleb128 0x8
 746 0801 0D       		.uleb128 0xd
 747 0802 696D6173 		.string	"imask"
 747      6B00
 748 0808 01       		.byte	0x1
 749 0809 8B01     		.uahalf	0x18b
 750 080b 0D070000 		.uaword	0x70d
 751 080f 02       		.byte	0x2
 752 0810 23       		.byte	0x23
 753 0811 0C       		.uleb128 0xc
 754 0812 0D       		.uleb128 0xd
 755 0813 696E6465 		.string	"index"
 755      7800
 756 0819 01       		.byte	0x1
 757 081a 8C01     		.uahalf	0x18c
 758 081c BF010000 		.uaword	0x1bf
 759 0820 02       		.byte	0x2
 760 0821 23       		.byte	0x23
 761 0822 10       		.uleb128 0x10
 762 0823 0E       		.uleb128 0xe
GAS Infineon TriCore Little Endian C:\\Users\\user1\\AppData\\Local\\Temp\\rta_RTAOS_638388406317960277_1736001\\ccbTsuyN.s 			page 18


 763 0824 00000000 		.uaword	.LASF3
 764 0828 01       		.byte	0x1
 765 0829 8D01     		.uahalf	0x18d
 766 082b 7D010000 		.uaword	0x17d
 767 082f 02       		.byte	0x2
 768 0830 23       		.byte	0x23
 769 0831 14       		.uleb128 0x14
 770 0832 0E       		.uleb128 0xe
 771 0833 00000000 		.uaword	.LASF4
 772 0837 01       		.byte	0x1
 773 0838 8E01     		.uahalf	0x18e
 774 083a D6030000 		.uaword	0x3d6
 775 083e 02       		.byte	0x2
 776 083f 23       		.byte	0x23
 777 0840 15       		.uleb128 0x15
 778 0841 00       		.byte	0
 779 0842 0F       		.uleb128 0xf
 780 0843 47080000 		.uaword	0x847
 781 0847 08       		.uleb128 0x8
 782 0848 04       		.byte	0x4
 783 0849 73070000 		.uaword	0x773
 784 084d 0A       		.uleb128 0xa
 785 084e 4F735F49 		.string	"Os_ISRType"
 785      53525479 
 785      706500
 786 0859 01       		.byte	0x1
 787 085a 8F01     		.uahalf	0x18f
 788 085c AE070000 		.uaword	0x7ae
 789 0860 0A       		.uleb128 0xa
 790 0861 49535254 		.string	"ISRType"
 790      79706500 
 791 0869 01       		.byte	0x1
 792 086a 9001     		.uahalf	0x190
 793 086c 70080000 		.uaword	0x870
 794 0870 08       		.uleb128 0x8
 795 0871 04       		.byte	0x4
 796 0872 76080000 		.uaword	0x876
 797 0876 0F       		.uleb128 0xf
 798 0877 4D080000 		.uaword	0x84d
 799 087b 0A       		.uleb128 0xa
 800 087c 4F735F62 		.string	"Os_bitmask"
 800      69746D61 
 800      736B00
 801 0887 01       		.byte	0x1
 802 0888 A201     		.uahalf	0x1a2
 803 088a CD010000 		.uaword	0x1cd
 804 088e 0A       		.uleb128 0xa
 805 088f 4F735F70 		.string	"Os_pset0Type"
 805      73657430 
 805      54797065 
 805      00
 806 089c 01       		.byte	0x1
 807 089d A301     		.uahalf	0x1a3
 808 089f 7B080000 		.uaword	0x87b
 809 08a3 0A       		.uleb128 0xa
 810 08a4 4F735F70 		.string	"Os_pset1Type"
 810      73657431 
GAS Infineon TriCore Little Endian C:\\Users\\user1\\AppData\\Local\\Temp\\rta_RTAOS_638388406317960277_1736001\\ccbTsuyN.s 			page 19


 810      54797065 
 810      00
 811 08b1 01       		.byte	0x1
 812 08b2 A401     		.uahalf	0x1a4
 813 08b4 7B080000 		.uaword	0x87b
 814 08b8 0A       		.uleb128 0xa
 815 08b9 4F735F70 		.string	"Os_pset2Type"
 815      73657432 
 815      54797065 
 815      00
 816 08c6 01       		.byte	0x1
 817 08c7 A501     		.uahalf	0x1a5
 818 08c9 7B080000 		.uaword	0x87b
 819 08cd 10       		.uleb128 0x10
 820 08ce 04       		.byte	0x4
 821 08cf 01       		.byte	0x1
 822 08d0 A601     		.uahalf	0x1a6
 823 08d2 F8080000 		.uaword	0x8f8
 824 08d6 11       		.uleb128 0x11
 825 08d7 703000   		.string	"p0"
 826 08da 01       		.byte	0x1
 827 08db A701     		.uahalf	0x1a7
 828 08dd 8E080000 		.uaword	0x88e
 829 08e1 11       		.uleb128 0x11
 830 08e2 703100   		.string	"p1"
 831 08e5 01       		.byte	0x1
 832 08e6 A801     		.uahalf	0x1a8
 833 08e8 A3080000 		.uaword	0x8a3
 834 08ec 11       		.uleb128 0x11
 835 08ed 703200   		.string	"p2"
 836 08f0 01       		.byte	0x1
 837 08f1 A901     		.uahalf	0x1a9
 838 08f3 B8080000 		.uaword	0x8b8
 839 08f7 00       		.byte	0
 840 08f8 0A       		.uleb128 0xa
 841 08f9 4F735F70 		.string	"Os_psetType"
 841      73657454 
 841      79706500 
 842 0905 01       		.byte	0x1
 843 0906 AA01     		.uahalf	0x1aa
 844 0908 CD080000 		.uaword	0x8cd
 845 090c 10       		.uleb128 0x10
 846 090d 04       		.byte	0x4
 847 090e 01       		.byte	0x1
 848 090f AC01     		.uahalf	0x1ac
 849 0911 37090000 		.uaword	0x937
 850 0915 11       		.uleb128 0x11
 851 0916 743000   		.string	"t0"
 852 0919 01       		.byte	0x1
 853 091a AD01     		.uahalf	0x1ad
 854 091c 7B080000 		.uaword	0x87b
 855 0920 11       		.uleb128 0x11
 856 0921 743100   		.string	"t1"
 857 0924 01       		.byte	0x1
 858 0925 AE01     		.uahalf	0x1ae
 859 0927 7B080000 		.uaword	0x87b
 860 092b 11       		.uleb128 0x11
GAS Infineon TriCore Little Endian C:\\Users\\user1\\AppData\\Local\\Temp\\rta_RTAOS_638388406317960277_1736001\\ccbTsuyN.s 			page 20


 861 092c 743200   		.string	"t2"
 862 092f 01       		.byte	0x1
 863 0930 AF01     		.uahalf	0x1af
 864 0932 7B080000 		.uaword	0x87b
 865 0936 00       		.byte	0
 866 0937 0A       		.uleb128 0xa
 867 0938 4F735F74 		.string	"Os_tpmaskType"
 867      706D6173 
 867      6B547970 
 867      6500
 868 0946 01       		.byte	0x1
 869 0947 B001     		.uahalf	0x1b0
 870 0949 0C090000 		.uaword	0x90c
 871 094d 0A       		.uleb128 0xa
 872 094e 4F735F41 		.string	"Os_ActivationCountType"
 872      63746976 
 872      6174696F 
 872      6E436F75 
 872      6E745479 
 873 0965 01       		.byte	0x1
 874 0966 B101     		.uahalf	0x1b1
 875 0968 8A010000 		.uaword	0x18a
 876 096c 0C       		.uleb128 0xc
 877 096d 4F735F54 		.string	"Os_TaskDynType_s"
 877      61736B44 
 877      796E5479 
 877      70655F73 
 877      00
 878 097e 5C       		.byte	0x5c
 879 097f 01       		.byte	0x1
 880 0980 B301     		.uahalf	0x1b3
 881 0982 270A0000 		.uaword	0xa27
 882 0986 0D       		.uleb128 0xd
 883 0987 6C617374 		.string	"last_activation"
 883      5F616374 
 883      69766174 
 883      696F6E00 
 884 0997 01       		.byte	0x1
 885 0998 B401     		.uahalf	0x1b4
 886 099a 19040000 		.uaword	0x419
 887 099e 02       		.byte	0x2
 888 099f 23       		.byte	0x23
 889 09a0 00       		.uleb128 0
 890 09a1 0D       		.uleb128 0xd
 891 09a2 7465726D 		.string	"terminate_jump_buf"
 891      696E6174 
 891      655F6A75 
 891      6D705F62 
 891      756600
 892 09b5 01       		.byte	0x1
 893 09b6 B501     		.uahalf	0x1b5
 894 09b8 FF020000 		.uaword	0x2ff
 895 09bc 02       		.byte	0x2
 896 09bd 23       		.byte	0x23
 897 09be 04       		.uleb128 0x4
 898 09bf 0D       		.uleb128 0xd
 899 09c0 6D657465 		.string	"meter"
GAS Infineon TriCore Little Endian C:\\Users\\user1\\AppData\\Local\\Temp\\rta_RTAOS_638388406317960277_1736001\\ccbTsuyN.s 			page 21


 899      7200
 900 09c6 01       		.byte	0x1
 901 09c7 B601     		.uahalf	0x1b6
 902 09c9 D2060000 		.uaword	0x6d2
 903 09cd 02       		.byte	0x2
 904 09ce 23       		.byte	0x23
 905 09cf 48       		.uleb128 0x48
 906 09d0 0D       		.uleb128 0xd
 907 09d1 7365656E 		.string	"seen_activation"
 907      5F616374 
 907      69766174 
 907      696F6E00 
 908 09e1 01       		.byte	0x1
 909 09e2 B701     		.uahalf	0x1b7
 910 09e4 3E020000 		.uaword	0x23e
 911 09e8 02       		.byte	0x2
 912 09e9 23       		.byte	0x23
 913 09ea 54       		.uleb128 0x54
 914 09eb 0E       		.uleb128 0xe
 915 09ec 00000000 		.uaword	.LASF5
 916 09f0 01       		.byte	0x1
 917 09f1 B801     		.uahalf	0x1b8
 918 09f3 4D090000 		.uaword	0x94d
 919 09f7 02       		.byte	0x2
 920 09f8 23       		.byte	0x23
 921 09f9 55       		.uleb128 0x55
 922 09fa 0E       		.uleb128 0xe
 923 09fb 00000000 		.uaword	.LASF0
 924 09ff 01       		.byte	0x1
 925 0a00 B901     		.uahalf	0x1b9
 926 0a02 25030000 		.uaword	0x325
 927 0a06 02       		.byte	0x2
 928 0a07 23       		.byte	0x23
 929 0a08 56       		.uleb128 0x56
 930 0a09 0D       		.uleb128 0xd
 931 0a0a 7465726D 		.string	"termination_state"
 931      696E6174 
 931      696F6E5F 
 931      73746174 
 931      6500
 932 0a1c 01       		.byte	0x1
 933 0a1d BA01     		.uahalf	0x1ba
 934 0a1f BF010000 		.uaword	0x1bf
 935 0a23 02       		.byte	0x2
 936 0a24 23       		.byte	0x23
 937 0a25 58       		.uleb128 0x58
 938 0a26 00       		.byte	0
 939 0a27 0A       		.uleb128 0xa
 940 0a28 4F735F54 		.string	"Os_TaskDynType"
 940      61736B44 
 940      796E5479 
 940      706500
 941 0a37 01       		.byte	0x1
 942 0a38 BB01     		.uahalf	0x1bb
 943 0a3a 6C090000 		.uaword	0x96c
 944 0a3e 0C       		.uleb128 0xc
 945 0a3f 4F735F54 		.string	"Os_TaskType_s"
GAS Infineon TriCore Little Endian C:\\Users\\user1\\AppData\\Local\\Temp\\rta_RTAOS_638388406317960277_1736001\\ccbTsuyN.s 			page 22


 945      61736B54 
 945      7970655F 
 945      7300
 946 0a4d 20       		.byte	0x20
 947 0a4e 01       		.byte	0x1
 948 0a4f BD01     		.uahalf	0x1bd
 949 0a51 FB0A0000 		.uaword	0xafb
 950 0a55 0E       		.uleb128 0xe
 951 0a56 00000000 		.uaword	.LASF2
 952 0a5a 01       		.byte	0x1
 953 0a5b BE01     		.uahalf	0x1be
 954 0a5d FB0A0000 		.uaword	0xafb
 955 0a61 02       		.byte	0x2
 956 0a62 23       		.byte	0x23
 957 0a63 00       		.uleb128 0
 958 0a64 0E       		.uleb128 0xe
 959 0a65 00000000 		.uaword	.LASF1
 960 0a69 01       		.byte	0x1
 961 0a6a BF01     		.uahalf	0x1bf
 962 0a6c AF030000 		.uaword	0x3af
 963 0a70 02       		.byte	0x2
 964 0a71 23       		.byte	0x23
 965 0a72 04       		.uleb128 0x4
 966 0a73 0D       		.uleb128 0xd
 967 0a74 70736574 		.string	"pset"
 967      00
 968 0a79 01       		.byte	0x1
 969 0a7a C001     		.uahalf	0x1c0
 970 0a7c F8080000 		.uaword	0x8f8
 971 0a80 02       		.byte	0x2
 972 0a81 23       		.byte	0x23
 973 0a82 08       		.uleb128 0x8
 974 0a83 0D       		.uleb128 0xd
 975 0a84 62617365 		.string	"base_tpmask"
 975      5F74706D 
 975      61736B00 
 976 0a90 01       		.byte	0x1
 977 0a91 C101     		.uahalf	0x1c1
 978 0a93 37090000 		.uaword	0x937
 979 0a97 02       		.byte	0x2
 980 0a98 23       		.byte	0x23
 981 0a99 0C       		.uleb128 0xc
 982 0a9a 0E       		.uleb128 0xe
 983 0a9b 00000000 		.uaword	.LASF6
 984 0a9f 01       		.byte	0x1
 985 0aa0 C201     		.uahalf	0x1c2
 986 0aa2 37090000 		.uaword	0x937
 987 0aa6 02       		.byte	0x2
 988 0aa7 23       		.byte	0x23
 989 0aa8 10       		.uleb128 0x10
 990 0aa9 0D       		.uleb128 0xd
 991 0aaa 636F7265 		.string	"core_id"
 991      5F696400 
 992 0ab2 01       		.byte	0x1
 993 0ab3 C301     		.uahalf	0x1c3
 994 0ab5 69040000 		.uaword	0x469
 995 0ab9 02       		.byte	0x2
GAS Infineon TriCore Little Endian C:\\Users\\user1\\AppData\\Local\\Temp\\rta_RTAOS_638388406317960277_1736001\\ccbTsuyN.s 			page 23


 996 0aba 23       		.byte	0x23
 997 0abb 14       		.uleb128 0x14
 998 0abc 0D       		.uleb128 0xd
 999 0abd 696E6465 		.string	"index"
 999      7800
 1000 0ac3 01       		.byte	0x1
 1001 0ac4 C401     		.uahalf	0x1c4
 1002 0ac6 BF010000 		.uaword	0x1bf
 1003 0aca 02       		.byte	0x2
 1004 0acb 23       		.byte	0x23
 1005 0acc 18       		.uleb128 0x18
 1006 0acd 0E       		.uleb128 0xe
 1007 0ace 00000000 		.uaword	.LASF5
 1008 0ad2 01       		.byte	0x1
 1009 0ad3 C501     		.uahalf	0x1c5
 1010 0ad5 4D090000 		.uaword	0x94d
 1011 0ad9 02       		.byte	0x2
 1012 0ada 23       		.byte	0x23
 1013 0adb 1C       		.uleb128 0x1c
 1014 0adc 0E       		.uleb128 0xe
 1015 0add 00000000 		.uaword	.LASF3
 1016 0ae1 01       		.byte	0x1
 1017 0ae2 C601     		.uahalf	0x1c6
 1018 0ae4 7D010000 		.uaword	0x17d
 1019 0ae8 02       		.byte	0x2
 1020 0ae9 23       		.byte	0x23
 1021 0aea 1D       		.uleb128 0x1d
 1022 0aeb 0E       		.uleb128 0xe
 1023 0aec 00000000 		.uaword	.LASF4
 1024 0af0 01       		.byte	0x1
 1025 0af1 C701     		.uahalf	0x1c7
 1026 0af3 D6030000 		.uaword	0x3d6
 1027 0af7 02       		.byte	0x2
 1028 0af8 23       		.byte	0x23
 1029 0af9 1E       		.uleb128 0x1e
 1030 0afa 00       		.byte	0
 1031 0afb 0F       		.uleb128 0xf
 1032 0afc 000B0000 		.uaword	0xb00
 1033 0b00 08       		.uleb128 0x8
 1034 0b01 04       		.byte	0x4
 1035 0b02 270A0000 		.uaword	0xa27
 1036 0b06 0A       		.uleb128 0xa
 1037 0b07 4F735F54 		.string	"Os_TaskType"
 1037      61736B54 
 1037      79706500 
 1038 0b13 01       		.byte	0x1
 1039 0b14 C801     		.uahalf	0x1c8
 1040 0b16 3E0A0000 		.uaword	0xa3e
 1041 0b1a 0A       		.uleb128 0xa
 1042 0b1b 5461736B 		.string	"TaskType"
 1042      54797065 
 1042      00
 1043 0b24 01       		.byte	0x1
 1044 0b25 C901     		.uahalf	0x1c9
 1045 0b27 2B0B0000 		.uaword	0xb2b
 1046 0b2b 08       		.uleb128 0x8
 1047 0b2c 04       		.byte	0x4
GAS Infineon TriCore Little Endian C:\\Users\\user1\\AppData\\Local\\Temp\\rta_RTAOS_638388406317960277_1736001\\ccbTsuyN.s 			page 24


 1048 0b2d 310B0000 		.uaword	0xb31
 1049 0b31 0F       		.uleb128 0xf
 1050 0b32 060B0000 		.uaword	0xb06
 1051 0b36 10       		.uleb128 0x10
 1052 0b37 04       		.byte	0x4
 1053 0b38 01       		.byte	0x1
 1054 0b39 E101     		.uahalf	0x1e1
 1055 0b3b 5A0B0000 		.uaword	0xb5a
 1056 0b3f 12       		.uleb128 0x12
 1057 0b40 00000000 		.uaword	.LASF6
 1058 0b44 01       		.byte	0x1
 1059 0b45 E201     		.uahalf	0x1e2
 1060 0b47 37090000 		.uaword	0x937
 1061 0b4b 11       		.uleb128 0x11
 1062 0b4c 696D6173 		.string	"imask"
 1062      6B00
 1063 0b52 01       		.byte	0x1
 1064 0b53 E301     		.uahalf	0x1e3
 1065 0b55 0D070000 		.uaword	0x70d
 1066 0b59 00       		.byte	0
 1067 0b5a 0C       		.uleb128 0xc
 1068 0b5b 4F735F52 		.string	"Os_ResourceDynType_s"
 1068      65736F75 
 1068      72636544 
 1068      796E5479 
 1068      70655F73 
 1069 0b70 0C       		.byte	0xc
 1070 0b71 01       		.byte	0x1
 1071 0b72 DE01     		.uahalf	0x1de
 1072 0b74 BD0B0000 		.uaword	0xbbd
 1073 0b78 0D       		.uleb128 0xd
 1074 0b79 61636365 		.string	"access_count"
 1074      73735F63 
 1074      6F756E74 
 1074      00
 1075 0b86 01       		.byte	0x1
 1076 0b87 DF01     		.uahalf	0x1df
 1077 0b89 25030000 		.uaword	0x325
 1078 0b8d 02       		.byte	0x2
 1079 0b8e 23       		.byte	0x23
 1080 0b8f 00       		.uleb128 0
 1081 0b90 0D       		.uleb128 0xd
 1082 0b91 6C6F636B 		.string	"locker"
 1082      657200
 1083 0b98 01       		.byte	0x1
 1084 0b99 E001     		.uahalf	0x1e0
 1085 0b9b 1A0B0000 		.uaword	0xb1a
 1086 0b9f 02       		.byte	0x2
 1087 0ba0 23       		.byte	0x23
 1088 0ba1 04       		.uleb128 0x4
 1089 0ba2 0D       		.uleb128 0xd
 1090 0ba3 73617665 		.string	"saved_priority"
 1090      645F7072 
 1090      696F7269 
 1090      747900
 1091 0bb2 01       		.byte	0x1
 1092 0bb3 E401     		.uahalf	0x1e4
GAS Infineon TriCore Little Endian C:\\Users\\user1\\AppData\\Local\\Temp\\rta_RTAOS_638388406317960277_1736001\\ccbTsuyN.s 			page 25


 1093 0bb5 360B0000 		.uaword	0xb36
 1094 0bb9 02       		.byte	0x2
 1095 0bba 23       		.byte	0x23
 1096 0bbb 08       		.uleb128 0x8
 1097 0bbc 00       		.byte	0
 1098 0bbd 0A       		.uleb128 0xa
 1099 0bbe 4F735F52 		.string	"Os_ResourceDynType"
 1099      65736F75 
 1099      72636544 
 1099      796E5479 
 1099      706500
 1100 0bd1 01       		.byte	0x1
 1101 0bd2 E501     		.uahalf	0x1e5
 1102 0bd4 5A0B0000 		.uaword	0xb5a
 1103 0bd8 0C       		.uleb128 0xc
 1104 0bd9 4F735F52 		.string	"Os_ResourceType_s"
 1104      65736F75 
 1104      72636554 
 1104      7970655F 
 1104      7300
 1105 0beb 10       		.byte	0x10
 1106 0bec 01       		.byte	0x1
 1107 0bed E601     		.uahalf	0x1e6
 1108 0bef 320C0000 		.uaword	0xc32
 1109 0bf3 0E       		.uleb128 0xe
 1110 0bf4 00000000 		.uaword	.LASF2
 1111 0bf8 01       		.byte	0x1
 1112 0bf9 E701     		.uahalf	0x1e7
 1113 0bfb 320C0000 		.uaword	0xc32
 1114 0bff 02       		.byte	0x2
 1115 0c00 23       		.byte	0x23
 1116 0c01 00       		.uleb128 0
 1117 0c02 0E       		.uleb128 0xe
 1118 0c03 00000000 		.uaword	.LASF6
 1119 0c07 01       		.byte	0x1
 1120 0c08 E801     		.uahalf	0x1e8
 1121 0c0a 37090000 		.uaword	0x937
 1122 0c0e 02       		.byte	0x2
 1123 0c0f 23       		.byte	0x23
 1124 0c10 04       		.uleb128 0x4
 1125 0c11 0D       		.uleb128 0xd
 1126 0c12 696D6173 		.string	"imask"
 1126      6B00
 1127 0c18 01       		.byte	0x1
 1128 0c19 E901     		.uahalf	0x1e9
 1129 0c1b 0D070000 		.uaword	0x70d
 1130 0c1f 02       		.byte	0x2
 1131 0c20 23       		.byte	0x23
 1132 0c21 08       		.uleb128 0x8
 1133 0c22 0E       		.uleb128 0xe
 1134 0c23 00000000 		.uaword	.LASF3
 1135 0c27 01       		.byte	0x1
 1136 0c28 EA01     		.uahalf	0x1ea
 1137 0c2a 7D010000 		.uaword	0x17d
 1138 0c2e 02       		.byte	0x2
 1139 0c2f 23       		.byte	0x23
 1140 0c30 0C       		.uleb128 0xc
GAS Infineon TriCore Little Endian C:\\Users\\user1\\AppData\\Local\\Temp\\rta_RTAOS_638388406317960277_1736001\\ccbTsuyN.s 			page 26


 1141 0c31 00       		.byte	0
 1142 0c32 0F       		.uleb128 0xf
 1143 0c33 370C0000 		.uaword	0xc37
 1144 0c37 08       		.uleb128 0x8
 1145 0c38 04       		.byte	0x4
 1146 0c39 BD0B0000 		.uaword	0xbbd
 1147 0c3d 0A       		.uleb128 0xa
 1148 0c3e 4F735F52 		.string	"Os_ResourceType"
 1148      65736F75 
 1148      72636554 
 1148      79706500 
 1149 0c4e 01       		.byte	0x1
 1150 0c4f EB01     		.uahalf	0x1eb
 1151 0c51 D80B0000 		.uaword	0xbd8
 1152 0c55 0A       		.uleb128 0xa
 1153 0c56 5265736F 		.string	"ResourceType"
 1153      75726365 
 1153      54797065 
 1153      00
 1154 0c63 01       		.byte	0x1
 1155 0c64 EC01     		.uahalf	0x1ec
 1156 0c66 6A0C0000 		.uaword	0xc6a
 1157 0c6a 08       		.uleb128 0x8
 1158 0c6b 04       		.byte	0x4
 1159 0c6c 700C0000 		.uaword	0xc70
 1160 0c70 0F       		.uleb128 0xf
 1161 0c71 3D0C0000 		.uaword	0xc3d
 1162 0c75 0A       		.uleb128 0xa
 1163 0c76 4F535365 		.string	"OSServiceIdType"
 1163      72766963 
 1163      65496454 
 1163      79706500 
 1164 0c86 01       		.byte	0x1
 1165 0c87 5102     		.uahalf	0x251
 1166 0c89 8A010000 		.uaword	0x18a
 1167 0c8d 0A       		.uleb128 0xa
 1168 0c8e 4F735F42 		.string	"Os_BiggestType"
 1168      69676765 
 1168      73745479 
 1168      706500
 1169 0c9d 01       		.byte	0x1
 1170 0c9e 2503     		.uahalf	0x325
 1171 0ca0 CD010000 		.uaword	0x1cd
 1172 0ca4 13       		.uleb128 0x13
 1173 0ca5 10       		.byte	0x10
 1174 0ca6 01       		.byte	0x1
 1175 0ca7 2703     		.uahalf	0x327
 1176 0ca9 120D0000 		.uaword	0xd12
 1177 0cad 0D       		.uleb128 0xd
 1178 0cae 73657276 		.string	"service_id"
 1178      6963655F 
 1178      696400
 1179 0cb9 01       		.byte	0x1
 1180 0cba 2803     		.uahalf	0x328
 1181 0cbc 750C0000 		.uaword	0xc75
 1182 0cc0 02       		.byte	0x2
 1183 0cc1 23       		.byte	0x23
GAS Infineon TriCore Little Endian C:\\Users\\user1\\AppData\\Local\\Temp\\rta_RTAOS_638388406317960277_1736001\\ccbTsuyN.s 			page 27


 1184 0cc2 00       		.uleb128 0
 1185 0cc3 0D       		.uleb128 0xd
 1186 0cc4 73657276 		.string	"service_param1"
 1186      6963655F 
 1186      70617261 
 1186      6D3100
 1187 0cd3 01       		.byte	0x1
 1188 0cd4 2903     		.uahalf	0x329
 1189 0cd6 8D0C0000 		.uaword	0xc8d
 1190 0cda 02       		.byte	0x2
 1191 0cdb 23       		.byte	0x23
 1192 0cdc 04       		.uleb128 0x4
 1193 0cdd 0D       		.uleb128 0xd
 1194 0cde 73657276 		.string	"service_param2"
 1194      6963655F 
 1194      70617261 
 1194      6D3200
 1195 0ced 01       		.byte	0x1
 1196 0cee 2A03     		.uahalf	0x32a
 1197 0cf0 8D0C0000 		.uaword	0xc8d
 1198 0cf4 02       		.byte	0x2
 1199 0cf5 23       		.byte	0x23
 1200 0cf6 08       		.uleb128 0x8
 1201 0cf7 0D       		.uleb128 0xd
 1202 0cf8 73657276 		.string	"service_param3"
 1202      6963655F 
 1202      70617261 
 1202      6D3300
 1203 0d07 01       		.byte	0x1
 1204 0d08 2B03     		.uahalf	0x32b
 1205 0d0a 8D0C0000 		.uaword	0xc8d
 1206 0d0e 02       		.byte	0x2
 1207 0d0f 23       		.byte	0x23
 1208 0d10 0C       		.uleb128 0xc
 1209 0d11 00       		.byte	0
 1210 0d12 0A       		.uleb128 0xa
 1211 0d13 4F735F45 		.string	"Os_ErrorInformationType"
 1211      72726F72 
 1211      496E666F 
 1211      726D6174 
 1211      696F6E54 
 1212 0d2b 01       		.byte	0x1
 1213 0d2c 2C03     		.uahalf	0x32c
 1214 0d2e A40C0000 		.uaword	0xca4
 1215 0d32 0A       		.uleb128 0xa
 1216 0d33 4F735F4F 		.string	"Os_OrtiIdType"
 1216      72746949 
 1216      64547970 
 1216      6500
 1217 0d41 01       		.byte	0x1
 1218 0d42 3003     		.uahalf	0x330
 1219 0d44 8A010000 		.uaword	0x18a
 1220 0d48 0B       		.uleb128 0xb
 1221 0d49 F8080000 		.uaword	0x8f8
 1222 0d4d 0B       		.uleb128 0xb
 1223 0d4e 60080000 		.uaword	0x860
 1224 0d52 0B       		.uleb128 0xb
GAS Infineon TriCore Little Endian C:\\Users\\user1\\AppData\\Local\\Temp\\rta_RTAOS_638388406317960277_1736001\\ccbTsuyN.s 			page 28


 1225 0d53 1A0B0000 		.uaword	0xb1a
 1226 0d57 0B       		.uleb128 0xb
 1227 0d58 37090000 		.uaword	0x937
 1228 0d5c 0B       		.uleb128 0xb
 1229 0d5d 35040000 		.uaword	0x435
 1230 0d61 0B       		.uleb128 0xb
 1231 0d62 D6030000 		.uaword	0x3d6
 1232 0d66 0A       		.uleb128 0xa
 1233 0d67 4F735F43 		.string	"Os_ControlledCoreType"
 1233      6F6E7472 
 1233      6F6C6C65 
 1233      64436F72 
 1233      65547970 
 1234 0d7d 01       		.byte	0x1
 1235 0d7e 2404     		.uahalf	0x424
 1236 0d80 81040000 		.uaword	0x481
 1237 0d84 0C       		.uleb128 0xc
 1238 0d85 4F735F41 		.string	"Os_AnyCoreType_s"
 1238      6E79436F 
 1238      72655479 
 1238      70655F73 
 1238      00
 1239 0d96 64       		.byte	0x64
 1240 0d97 01       		.byte	0x1
 1241 0d98 3204     		.uahalf	0x432
 1242 0d9a BD0E0000 		.uaword	0xebd
 1243 0d9e 0D       		.uleb128 0xd
 1244 0d9f 44697361 		.string	"DisableAllImask"
 1244      626C6541 
 1244      6C6C496D 
 1244      61736B00 
 1245 0daf 01       		.byte	0x1
 1246 0db0 3304     		.uahalf	0x433
 1247 0db2 BD0E0000 		.uaword	0xebd
 1248 0db6 02       		.byte	0x2
 1249 0db7 23       		.byte	0x23
 1250 0db8 00       		.uleb128 0
 1251 0db9 0D       		.uleb128 0xd
 1252 0dba 53757370 		.string	"SuspendAllImask"
 1252      656E6441 
 1252      6C6C496D 
 1252      61736B00 
 1253 0dca 01       		.byte	0x1
 1254 0dcb 3404     		.uahalf	0x434
 1255 0dcd BD0E0000 		.uaword	0xebd
 1256 0dd1 02       		.byte	0x2
 1257 0dd2 23       		.byte	0x23
 1258 0dd3 04       		.uleb128 0x4
 1259 0dd4 0D       		.uleb128 0xd
 1260 0dd5 53757370 		.string	"SuspendOSImask"
 1260      656E644F 
 1260      53496D61 
 1260      736B00
 1261 0de4 01       		.byte	0x1
 1262 0de5 3504     		.uahalf	0x435
 1263 0de7 BD0E0000 		.uaword	0xebd
 1264 0deb 02       		.byte	0x2
GAS Infineon TriCore Little Endian C:\\Users\\user1\\AppData\\Local\\Temp\\rta_RTAOS_638388406317960277_1736001\\ccbTsuyN.s 			page 29


 1265 0dec 23       		.byte	0x23
 1266 0ded 08       		.uleb128 0x8
 1267 0dee 0D       		.uleb128 0xd
 1268 0def 44697361 		.string	"DisableAllCount"
 1268      626C6541 
 1268      6C6C436F 
 1268      756E7400 
 1269 0dff 01       		.byte	0x1
 1270 0e00 3604     		.uahalf	0x436
 1271 0e02 C20E0000 		.uaword	0xec2
 1272 0e06 02       		.byte	0x2
 1273 0e07 23       		.byte	0x23
 1274 0e08 0C       		.uleb128 0xc
 1275 0e09 0D       		.uleb128 0xd
 1276 0e0a 53757370 		.string	"SuspendAllCount"
 1276      656E6441 
 1276      6C6C436F 
 1276      756E7400 
 1277 0e1a 01       		.byte	0x1
 1278 0e1b 3704     		.uahalf	0x437
 1279 0e1d C20E0000 		.uaword	0xec2
 1280 0e21 02       		.byte	0x2
 1281 0e22 23       		.byte	0x23
 1282 0e23 10       		.uleb128 0x10
 1283 0e24 0D       		.uleb128 0xd
 1284 0e25 53757370 		.string	"SuspendOSCount"
 1284      656E644F 
 1284      53436F75 
 1284      6E7400
 1285 0e34 01       		.byte	0x1
 1286 0e35 3804     		.uahalf	0x438
 1287 0e37 C20E0000 		.uaword	0xec2
 1288 0e3b 02       		.byte	0x2
 1289 0e3c 23       		.byte	0x23
 1290 0e3d 14       		.uleb128 0x14
 1291 0e3e 0D       		.uleb128 0xd
 1292 0e3f 4F727469 		.string	"OrtiApiID"
 1292      41706949 
 1292      4400
 1293 0e49 01       		.byte	0x1
 1294 0e4a 3904     		.uahalf	0x439
 1295 0e4c C70E0000 		.uaword	0xec7
 1296 0e50 02       		.byte	0x2
 1297 0e51 23       		.byte	0x23
 1298 0e52 18       		.uleb128 0x18
 1299 0e53 0D       		.uleb128 0xd
 1300 0e54 4F727469 		.string	"OrtiLastError"
 1300      4C617374 
 1300      4572726F 
 1300      7200
 1301 0e62 01       		.byte	0x1
 1302 0e63 3A04     		.uahalf	0x43a
 1303 0e65 4D020000 		.uaword	0x24d
 1304 0e69 02       		.byte	0x2
 1305 0e6a 23       		.byte	0x23
 1306 0e6b 19       		.uleb128 0x19
 1307 0e6c 0D       		.uleb128 0xd
GAS Infineon TriCore Little Endian C:\\Users\\user1\\AppData\\Local\\Temp\\rta_RTAOS_638388406317960277_1736001\\ccbTsuyN.s 			page 30


 1308 0e6d 52657374 		.string	"RestartJumpBuf"
 1308      6172744A 
 1308      756D7042 
 1308      756600
 1309 0e7c 01       		.byte	0x1
 1310 0e7d 3B04     		.uahalf	0x43b
 1311 0e7f FF020000 		.uaword	0x2ff
 1312 0e83 02       		.byte	0x2
 1313 0e84 23       		.byte	0x23
 1314 0e85 1C       		.uleb128 0x1c
 1315 0e86 0D       		.uleb128 0xd
 1316 0e87 52657374 		.string	"Restartable"
 1316      61727461 
 1316      626C6500 
 1317 0e93 01       		.byte	0x1
 1318 0e94 3C04     		.uahalf	0x43c
 1319 0e96 3E020000 		.uaword	0x23e
 1320 0e9a 02       		.byte	0x2
 1321 0e9b 23       		.byte	0x23
 1322 0e9c 60       		.uleb128 0x60
 1323 0e9d 0D       		.uleb128 0xd
 1324 0e9e 4C617374 		.string	"LastProtectionFault"
 1324      50726F74 
 1324      65637469 
 1324      6F6E4661 
 1324      756C7400 
 1325 0eb2 01       		.byte	0x1
 1326 0eb3 3D04     		.uahalf	0x43d
 1327 0eb5 4D020000 		.uaword	0x24d
 1328 0eb9 02       		.byte	0x2
 1329 0eba 23       		.byte	0x23
 1330 0ebb 61       		.uleb128 0x61
 1331 0ebc 00       		.byte	0
 1332 0ebd 0B       		.uleb128 0xb
 1333 0ebe 0D070000 		.uaword	0x70d
 1334 0ec2 0B       		.uleb128 0xb
 1335 0ec3 BF010000 		.uaword	0x1bf
 1336 0ec7 0B       		.uleb128 0xb
 1337 0ec8 320D0000 		.uaword	0xd32
 1338 0ecc 0A       		.uleb128 0xa
 1339 0ecd 4F735F41 		.string	"Os_AnyCoreType"
 1339      6E79436F 
 1339      72655479 
 1339      706500
 1340 0edc 01       		.byte	0x1
 1341 0edd 3E04     		.uahalf	0x43e
 1342 0edf 840D0000 		.uaword	0xd84
 1343 0ee3 0C       		.uleb128 0xc
 1344 0ee4 4F735F43 		.string	"Os_CoreConfiguration_s"
 1344      6F726543 
 1344      6F6E6669 
 1344      67757261 
 1344      74696F6E 
 1345 0efb 18       		.byte	0x18
 1346 0efc 01       		.byte	0x1
 1347 0efd 4904     		.uahalf	0x449
 1348 0eff 7D0F0000 		.uaword	0xf7d
GAS Infineon TriCore Little Endian C:\\Users\\user1\\AppData\\Local\\Temp\\rta_RTAOS_638388406317960277_1736001\\ccbTsuyN.s 			page 31


 1349 0f03 0D       		.uleb128 0xd
 1350 0f04 636F6E74 		.string	"controlled"
 1350      726F6C6C 
 1350      656400
 1351 0f0f 01       		.byte	0x1
 1352 0f10 4A04     		.uahalf	0x44a
 1353 0f12 7D0F0000 		.uaword	0xf7d
 1354 0f16 02       		.byte	0x2
 1355 0f17 23       		.byte	0x23
 1356 0f18 00       		.uleb128 0
 1357 0f19 0D       		.uleb128 0xd
 1358 0f1a 616E7900 		.string	"any"
 1359 0f1e 01       		.byte	0x1
 1360 0f1f 4B04     		.uahalf	0x44b
 1361 0f21 880F0000 		.uaword	0xf88
 1362 0f25 02       		.byte	0x2
 1363 0f26 23       		.byte	0x23
 1364 0f27 04       		.uleb128 0x4
 1365 0f28 0D       		.uleb128 0xd
 1366 0f29 73746174 		.string	"state"
 1366      6500
 1367 0f2f 01       		.byte	0x1
 1368 0f30 4C04     		.uahalf	0x44c
 1369 0f32 930F0000 		.uaword	0xf93
 1370 0f36 02       		.byte	0x2
 1371 0f37 23       		.byte	0x23
 1372 0f38 08       		.uleb128 0x8
 1373 0f39 0D       		.uleb128 0xd
 1374 0f3a 64697370 		.string	"dispatch"
 1374      61746368 
 1374      00
 1375 0f43 01       		.byte	0x1
 1376 0f44 4D04     		.uahalf	0x44d
 1377 0f46 AF030000 		.uaword	0x3af
 1378 0f4a 02       		.byte	0x2
 1379 0f4b 23       		.byte	0x23
 1380 0f4c 0C       		.uleb128 0xc
 1381 0f4d 0D       		.uleb128 0xd
 1382 0f4e 4F735F52 		.string	"Os_Res_Scheduler"
 1382      65735F53 
 1382      63686564 
 1382      756C6572 
 1382      00
 1383 0f5f 01       		.byte	0x1
 1384 0f60 4E04     		.uahalf	0x44e
 1385 0f62 550C0000 		.uaword	0xc55
 1386 0f66 02       		.byte	0x2
 1387 0f67 23       		.byte	0x23
 1388 0f68 10       		.uleb128 0x10
 1389 0f69 0D       		.uleb128 0xd
 1390 0f6a 636F7265 		.string	"core_id"
 1390      5F696400 
 1391 0f72 01       		.byte	0x1
 1392 0f73 4F04     		.uahalf	0x44f
 1393 0f75 69040000 		.uaword	0x469
 1394 0f79 02       		.byte	0x2
 1395 0f7a 23       		.byte	0x23
GAS Infineon TriCore Little Endian C:\\Users\\user1\\AppData\\Local\\Temp\\rta_RTAOS_638388406317960277_1736001\\ccbTsuyN.s 			page 32


 1396 0f7b 14       		.uleb128 0x14
 1397 0f7c 00       		.byte	0
 1398 0f7d 0F       		.uleb128 0xf
 1399 0f7e 820F0000 		.uaword	0xf82
 1400 0f82 08       		.uleb128 0x8
 1401 0f83 04       		.byte	0x4
 1402 0f84 660D0000 		.uaword	0xd66
 1403 0f88 0F       		.uleb128 0xf
 1404 0f89 8D0F0000 		.uaword	0xf8d
 1405 0f8d 08       		.uleb128 0x8
 1406 0f8e 04       		.byte	0x4
 1407 0f8f CC0E0000 		.uaword	0xecc
 1408 0f93 0F       		.uleb128 0xf
 1409 0f94 980F0000 		.uaword	0xf98
 1410 0f98 08       		.uleb128 0x8
 1411 0f99 04       		.byte	0x4
 1412 0f9a 9E0F0000 		.uaword	0xf9e
 1413 0f9e 0B       		.uleb128 0xb
 1414 0f9f 01040000 		.uaword	0x401
 1415 0fa3 0A       		.uleb128 0xa
 1416 0fa4 4F735F43 		.string	"Os_CoreConfiguration"
 1416      6F726543 
 1416      6F6E6669 
 1416      67757261 
 1416      74696F6E 
 1417 0fb9 01       		.byte	0x1
 1418 0fba 5004     		.uahalf	0x450
 1419 0fbc E30E0000 		.uaword	0xee3
 1420 0fc0 14       		.uleb128 0x14
 1421 0fc1 01       		.byte	0x1
 1422 0fc2 4F735F54 		.string	"Os_TerminateTask"
 1422      65726D69 
 1422      6E617465 
 1422      5461736B 
 1422      00
 1423 0fd3 01       		.byte	0x1
 1424 0fd4 5605     		.uahalf	0x556
 1425 0fd6 01       		.byte	0x1
 1426 0fd7 4D020000 		.uaword	0x24d
 1427 0fdb 00000000 		.uaword	.LFB0
 1428 0fdf 00000000 		.uaword	.LFE0
 1429 0fe3 00000000 		.uaword	.LLST0
 1430 0fe7 01       		.byte	0x1
 1431 0fe8 81110000 		.uaword	0x1181
 1432 0fec 15       		.uleb128 0x15
 1433 0fed 6170695F 		.string	"api_retval"
 1433      72657476 
 1433      616C00
 1434 0ff8 01       		.byte	0x1
 1435 0ff9 5705     		.uahalf	0x557
 1436 0ffb 4D020000 		.uaword	0x24d
 1437 0fff 00000000 		.uaword	.LLST1
 1438 1003 16       		.uleb128 0x16
 1439 1004 6F735F63 		.string	"os_current_core_const"
 1439      75727265 
 1439      6E745F63 
 1439      6F72655F 
GAS Infineon TriCore Little Endian C:\\Users\\user1\\AppData\\Local\\Temp\\rta_RTAOS_638388406317960277_1736001\\ccbTsuyN.s 			page 33


 1439      636F6E73 
 1440 101a 01       		.byte	0x1
 1441 101b 5805     		.uahalf	0x558
 1442 101d 81110000 		.uaword	0x1181
 1443 1021 15       		.uleb128 0x15
 1444 1022 6F735F63 		.string	"os_current_controlled_core"
 1444      75727265 
 1444      6E745F63 
 1444      6F6E7472 
 1444      6F6C6C65 
 1445 103d 01       		.byte	0x1
 1446 103e 5905     		.uahalf	0x559
 1447 1040 820F0000 		.uaword	0xf82
 1448 1044 00000000 		.uaword	.LLST2
 1449 1048 17       		.uleb128 0x17
 1450 1049 6F735F63 		.string	"os_current_core"
 1450      75727265 
 1450      6E745F63 
 1450      6F726500 
 1451 1059 01       		.byte	0x1
 1452 105a 5A05     		.uahalf	0x55a
 1453 105c 8D0F0000 		.uaword	0xf8d
 1454 1060 01       		.byte	0x1
 1455 1061 6C       		.byte	0x6c
 1456 1062 15       		.uleb128 0x15
 1457 1063 70726576 		.string	"previous_tmask"
 1457      696F7573 
 1457      5F746D61 
 1457      736B00
 1458 1072 01       		.byte	0x1
 1459 1073 5B05     		.uahalf	0x55b
 1460 1075 ED030000 		.uaword	0x3ed
 1461 1079 00000000 		.uaword	.LLST3
 1462 107d 18       		.uleb128 0x18
 1463 107e 6170695F 		.string	"api_error_exit"
 1463      6572726F 
 1463      725F6578 
 1463      697400
 1464 108d 01       		.byte	0x1
 1465 108e 7605     		.uahalf	0x576
 1466 1090 00000000 		.uaword	.L6
 1467 1094 18       		.uleb128 0x18
 1468 1095 6170695F 		.string	"api_exit"
 1468      65786974 
 1468      00
 1469 109e 01       		.byte	0x1
 1470 109f 7805     		.uahalf	0x578
 1471 10a1 00000000 		.uaword	.L4
 1472 10a5 19       		.uleb128 0x19
 1473 10a6 00000000 		.uaword	.LBB2
 1474 10aa 00000000 		.uaword	.LBE2
 1475 10ae C3100000 		.uaword	0x10c3
 1476 10b2 15       		.uleb128 0x15
 1477 10b3 72657300 		.string	"res"
 1478 10b7 01       		.byte	0x1
 1479 10b8 5805     		.uahalf	0x558
 1480 10ba CD010000 		.uaword	0x1cd
GAS Infineon TriCore Little Endian C:\\Users\\user1\\AppData\\Local\\Temp\\rta_RTAOS_638388406317960277_1736001\\ccbTsuyN.s 			page 34


 1481 10be 00000000 		.uaword	.LLST4
 1482 10c2 00       		.byte	0
 1483 10c3 19       		.uleb128 0x19
 1484 10c4 00000000 		.uaword	.LBB3
 1485 10c8 00000000 		.uaword	.LBE3
 1486 10cc E1100000 		.uaword	0x10e1
 1487 10d0 15       		.uleb128 0x15
 1488 10d1 72657300 		.string	"res"
 1489 10d5 01       		.byte	0x1
 1490 10d6 5B05     		.uahalf	0x55b
 1491 10d8 CD010000 		.uaword	0x1cd
 1492 10dc 00000000 		.uaword	.LLST3
 1493 10e0 00       		.byte	0
 1494 10e1 19       		.uleb128 0x19
 1495 10e2 00000000 		.uaword	.LBB4
 1496 10e6 00000000 		.uaword	.LBE4
 1497 10ea FF100000 		.uaword	0x10ff
 1498 10ee 15       		.uleb128 0x15
 1499 10ef 72657300 		.string	"res"
 1500 10f3 01       		.byte	0x1
 1501 10f4 6C05     		.uahalf	0x56c
 1502 10f6 CD010000 		.uaword	0x1cd
 1503 10fa 00000000 		.uaword	.LLST6
 1504 10fe 00       		.byte	0
 1505 10ff 1A       		.uleb128 0x1a
 1506 1100 00000000 		.uaword	.LVL7
 1507 1104 C1110000 		.uaword	0x11c1
 1508 1108 2B110000 		.uaword	0x112b
 1509 110c 1B       		.uleb128 0x1b
 1510 110d 01       		.byte	0x1
 1511 110e 57       		.byte	0x57
 1512 110f 02       		.byte	0x2
 1513 1110 7F       		.byte	0x7f
 1514 1111 00       		.sleb128 0
 1515 1112 1B       		.uleb128 0x1b
 1516 1113 01       		.byte	0x1
 1517 1114 56       		.byte	0x56
 1518 1115 02       		.byte	0x2
 1519 1116 7F       		.byte	0x7f
 1520 1117 00       		.sleb128 0
 1521 1118 1B       		.uleb128 0x1b
 1522 1119 01       		.byte	0x1
 1523 111a 55       		.byte	0x55
 1524 111b 02       		.byte	0x2
 1525 111c 08       		.byte	0x8
 1526 111d 46       		.byte	0x46
 1527 111e 1B       		.uleb128 0x1b
 1528 111f 01       		.byte	0x1
 1529 1120 54       		.byte	0x54
 1530 1121 01       		.byte	0x1
 1531 1122 32       		.byte	0x32
 1532 1123 1B       		.uleb128 0x1b
 1533 1124 02       		.byte	0x2
 1534 1125 8A       		.byte	0x8a
 1535 1126 00       		.sleb128 0
 1536 1127 02       		.byte	0x2
 1537 1128 7F       		.byte	0x7f
GAS Infineon TriCore Little Endian C:\\Users\\user1\\AppData\\Local\\Temp\\rta_RTAOS_638388406317960277_1736001\\ccbTsuyN.s 			page 35


 1538 1129 00       		.sleb128 0
 1539 112a 00       		.byte	0
 1540 112b 1C       		.uleb128 0x1c
 1541 112c 00000000 		.uaword	.LVL14
 1542 1130 F2110000 		.uaword	0x11f2
 1543 1134 1A       		.uleb128 0x1a
 1544 1135 00000000 		.uaword	.LVL17
 1545 1139 C1110000 		.uaword	0x11c1
 1546 113d 5B110000 		.uaword	0x115b
 1547 1141 1B       		.uleb128 0x1b
 1548 1142 01       		.byte	0x1
 1549 1143 57       		.byte	0x57
 1550 1144 02       		.byte	0x2
 1551 1145 7F       		.byte	0x7f
 1552 1146 00       		.sleb128 0
 1553 1147 1B       		.uleb128 0x1b
 1554 1148 01       		.byte	0x1
 1555 1149 56       		.byte	0x56
 1556 114a 02       		.byte	0x2
 1557 114b 7F       		.byte	0x7f
 1558 114c 00       		.sleb128 0
 1559 114d 1B       		.uleb128 0x1b
 1560 114e 01       		.byte	0x1
 1561 114f 55       		.byte	0x55
 1562 1150 02       		.byte	0x2
 1563 1151 08       		.byte	0x8
 1564 1152 46       		.byte	0x46
 1565 1153 1B       		.uleb128 0x1b
 1566 1154 02       		.byte	0x2
 1567 1155 8A       		.byte	0x8a
 1568 1156 00       		.sleb128 0
 1569 1157 02       		.byte	0x2
 1570 1158 7F       		.byte	0x7f
 1571 1159 00       		.sleb128 0
 1572 115a 00       		.byte	0
 1573 115b 1D       		.uleb128 0x1d
 1574 115c 00000000 		.uaword	.LVL22
 1575 1160 C1110000 		.uaword	0x11c1
 1576 1164 1B       		.uleb128 0x1b
 1577 1165 01       		.byte	0x1
 1578 1166 57       		.byte	0x57
 1579 1167 01       		.byte	0x1
 1580 1168 30       		.byte	0x30
 1581 1169 1B       		.uleb128 0x1b
 1582 116a 01       		.byte	0x1
 1583 116b 56       		.byte	0x56
 1584 116c 01       		.byte	0x1
 1585 116d 30       		.byte	0x30
 1586 116e 1B       		.uleb128 0x1b
 1587 116f 01       		.byte	0x1
 1588 1170 55       		.byte	0x55
 1589 1171 02       		.byte	0x2
 1590 1172 08       		.byte	0x8
 1591 1173 46       		.byte	0x46
 1592 1174 1B       		.uleb128 0x1b
 1593 1175 01       		.byte	0x1
 1594 1176 54       		.byte	0x54
GAS Infineon TriCore Little Endian C:\\Users\\user1\\AppData\\Local\\Temp\\rta_RTAOS_638388406317960277_1736001\\ccbTsuyN.s 			page 36


 1595 1177 01       		.byte	0x1
 1596 1178 3B       		.byte	0x3b
 1597 1179 1B       		.uleb128 0x1b
 1598 117a 02       		.byte	0x2
 1599 117b 8A       		.byte	0x8a
 1600 117c 00       		.sleb128 0
 1601 117d 01       		.byte	0x1
 1602 117e 30       		.byte	0x30
 1603 117f 00       		.byte	0
 1604 1180 00       		.byte	0
 1605 1181 08       		.uleb128 0x8
 1606 1182 04       		.byte	0x4
 1607 1183 87110000 		.uaword	0x1187
 1608 1187 0F       		.uleb128 0xf
 1609 1188 A30F0000 		.uaword	0xfa3
 1610 118c 06       		.uleb128 0x6
 1611 118d A30F0000 		.uaword	0xfa3
 1612 1191 97110000 		.uaword	0x1197
 1613 1195 1E       		.uleb128 0x1e
 1614 1196 00       		.byte	0
 1615 1197 1F       		.uleb128 0x1f
 1616 1198 4F735F63 		.string	"Os_const_coreconfiguration"
 1616      6F6E7374 
 1616      5F636F72 
 1616      65636F6E 
 1616      66696775 
 1617 11b3 01       		.byte	0x1
 1618 11b4 6A04     		.uahalf	0x46a
 1619 11b6 BC110000 		.uaword	0x11bc
 1620 11ba 01       		.byte	0x1
 1621 11bb 01       		.byte	0x1
 1622 11bc 0F       		.uleb128 0xf
 1623 11bd 8C110000 		.uaword	0x118c
 1624 11c1 20       		.uleb128 0x20
 1625 11c2 01       		.byte	0x1
 1626 11c3 4F735F45 		.string	"Os_ErrorLog"
 1626      72726F72 
 1626      4C6F6700 
 1627 11cf 01       		.byte	0x1
 1628 11d0 4805     		.uahalf	0x548
 1629 11d2 01       		.byte	0x1
 1630 11d3 01       		.byte	0x1
 1631 11d4 F2110000 		.uaword	0x11f2
 1632 11d8 21       		.uleb128 0x21
 1633 11d9 4D020000 		.uaword	0x24d
 1634 11dd 21       		.uleb128 0x21
 1635 11de 750C0000 		.uaword	0xc75
 1636 11e2 21       		.uleb128 0x21
 1637 11e3 8D0C0000 		.uaword	0xc8d
 1638 11e7 21       		.uleb128 0x21
 1639 11e8 8D0C0000 		.uaword	0xc8d
 1640 11ec 21       		.uleb128 0x21
 1641 11ed 8D0C0000 		.uaword	0xc8d
 1642 11f1 00       		.byte	0
 1643 11f2 22       		.uleb128 0x22
 1644 11f3 01       		.byte	0x1
 1645 11f4 4F735F6C 		.string	"Os_longjmp"
GAS Infineon TriCore Little Endian C:\\Users\\user1\\AppData\\Local\\Temp\\rta_RTAOS_638388406317960277_1736001\\ccbTsuyN.s 			page 37


 1645      6F6E676A 
 1645      6D7000
 1646 11ff 01       		.byte	0x1
 1647 1200 AF       		.byte	0xaf
 1648 1201 01       		.byte	0x1
 1649 1202 01       		.byte	0x1
 1650 1203 0D120000 		.uaword	0x120d
 1651 1207 21       		.uleb128 0x21
 1652 1208 0D120000 		.uaword	0x120d
 1653 120c 00       		.byte	0
 1654 120d 08       		.uleb128 0x8
 1655 120e 04       		.byte	0x4
 1656 120f CA020000 		.uaword	0x2ca
 1657 1213 00       		.byte	0
 1658              	.section .debug_abbrev,"",@progbits
 1659              	.Ldebug_abbrev0:
 1660 0000 01       		.uleb128 0x1
 1661 0001 11       		.uleb128 0x11
 1662 0002 01       		.byte	0x1
 1663 0003 25       		.uleb128 0x25
 1664 0004 08       		.uleb128 0x8
 1665 0005 13       		.uleb128 0x13
 1666 0006 0B       		.uleb128 0xb
 1667 0007 03       		.uleb128 0x3
 1668 0008 08       		.uleb128 0x8
 1669 0009 55       		.uleb128 0x55
 1670 000a 06       		.uleb128 0x6
 1671 000b 11       		.uleb128 0x11
 1672 000c 01       		.uleb128 0x1
 1673 000d 52       		.uleb128 0x52
 1674 000e 01       		.uleb128 0x1
 1675 000f 10       		.uleb128 0x10
 1676 0010 06       		.uleb128 0x6
 1677 0011 00       		.byte	0
 1678 0012 00       		.byte	0
 1679 0013 02       		.uleb128 0x2
 1680 0014 16       		.uleb128 0x16
 1681 0015 00       		.byte	0
 1682 0016 03       		.uleb128 0x3
 1683 0017 08       		.uleb128 0x8
 1684 0018 3A       		.uleb128 0x3a
 1685 0019 0B       		.uleb128 0xb
 1686 001a 3B       		.uleb128 0x3b
 1687 001b 0B       		.uleb128 0xb
 1688 001c 49       		.uleb128 0x49
 1689 001d 13       		.uleb128 0x13
 1690 001e 00       		.byte	0
 1691 001f 00       		.byte	0
 1692 0020 03       		.uleb128 0x3
 1693 0021 24       		.uleb128 0x24
 1694 0022 00       		.byte	0
 1695 0023 0B       		.uleb128 0xb
 1696 0024 0B       		.uleb128 0xb
 1697 0025 3E       		.uleb128 0x3e
 1698 0026 0B       		.uleb128 0xb
 1699 0027 03       		.uleb128 0x3
 1700 0028 08       		.uleb128 0x8
GAS Infineon TriCore Little Endian C:\\Users\\user1\\AppData\\Local\\Temp\\rta_RTAOS_638388406317960277_1736001\\ccbTsuyN.s 			page 38


 1701 0029 00       		.byte	0
 1702 002a 00       		.byte	0
 1703 002b 04       		.uleb128 0x4
 1704 002c 13       		.uleb128 0x13
 1705 002d 01       		.byte	0x1
 1706 002e 0B       		.uleb128 0xb
 1707 002f 0B       		.uleb128 0xb
 1708 0030 3A       		.uleb128 0x3a
 1709 0031 0B       		.uleb128 0xb
 1710 0032 3B       		.uleb128 0x3b
 1711 0033 0B       		.uleb128 0xb
 1712 0034 01       		.uleb128 0x1
 1713 0035 13       		.uleb128 0x13
 1714 0036 00       		.byte	0
 1715 0037 00       		.byte	0
 1716 0038 05       		.uleb128 0x5
 1717 0039 0D       		.uleb128 0xd
 1718 003a 00       		.byte	0
 1719 003b 03       		.uleb128 0x3
 1720 003c 08       		.uleb128 0x8
 1721 003d 3A       		.uleb128 0x3a
 1722 003e 0B       		.uleb128 0xb
 1723 003f 3B       		.uleb128 0x3b
 1724 0040 0B       		.uleb128 0xb
 1725 0041 49       		.uleb128 0x49
 1726 0042 13       		.uleb128 0x13
 1727 0043 38       		.uleb128 0x38
 1728 0044 0A       		.uleb128 0xa
 1729 0045 00       		.byte	0
 1730 0046 00       		.byte	0
 1731 0047 06       		.uleb128 0x6
 1732 0048 01       		.uleb128 0x1
 1733 0049 01       		.byte	0x1
 1734 004a 49       		.uleb128 0x49
 1735 004b 13       		.uleb128 0x13
 1736 004c 01       		.uleb128 0x1
 1737 004d 13       		.uleb128 0x13
 1738 004e 00       		.byte	0
 1739 004f 00       		.byte	0
 1740 0050 07       		.uleb128 0x7
 1741 0051 21       		.uleb128 0x21
 1742 0052 00       		.byte	0
 1743 0053 49       		.uleb128 0x49
 1744 0054 13       		.uleb128 0x13
 1745 0055 2F       		.uleb128 0x2f
 1746 0056 0B       		.uleb128 0xb
 1747 0057 00       		.byte	0
 1748 0058 00       		.byte	0
 1749 0059 08       		.uleb128 0x8
 1750 005a 0F       		.uleb128 0xf
 1751 005b 00       		.byte	0
 1752 005c 0B       		.uleb128 0xb
 1753 005d 0B       		.uleb128 0xb
 1754 005e 49       		.uleb128 0x49
 1755 005f 13       		.uleb128 0x13
 1756 0060 00       		.byte	0
 1757 0061 00       		.byte	0
GAS Infineon TriCore Little Endian C:\\Users\\user1\\AppData\\Local\\Temp\\rta_RTAOS_638388406317960277_1736001\\ccbTsuyN.s 			page 39


 1758 0062 09       		.uleb128 0x9
 1759 0063 15       		.uleb128 0x15
 1760 0064 00       		.byte	0
 1761 0065 27       		.uleb128 0x27
 1762 0066 0C       		.uleb128 0xc
 1763 0067 00       		.byte	0
 1764 0068 00       		.byte	0
 1765 0069 0A       		.uleb128 0xa
 1766 006a 16       		.uleb128 0x16
 1767 006b 00       		.byte	0
 1768 006c 03       		.uleb128 0x3
 1769 006d 08       		.uleb128 0x8
 1770 006e 3A       		.uleb128 0x3a
 1771 006f 0B       		.uleb128 0xb
 1772 0070 3B       		.uleb128 0x3b
 1773 0071 05       		.uleb128 0x5
 1774 0072 49       		.uleb128 0x49
 1775 0073 13       		.uleb128 0x13
 1776 0074 00       		.byte	0
 1777 0075 00       		.byte	0
 1778 0076 0B       		.uleb128 0xb
 1779 0077 35       		.uleb128 0x35
 1780 0078 00       		.byte	0
 1781 0079 49       		.uleb128 0x49
 1782 007a 13       		.uleb128 0x13
 1783 007b 00       		.byte	0
 1784 007c 00       		.byte	0
 1785 007d 0C       		.uleb128 0xc
 1786 007e 13       		.uleb128 0x13
 1787 007f 01       		.byte	0x1
 1788 0080 03       		.uleb128 0x3
 1789 0081 08       		.uleb128 0x8
 1790 0082 0B       		.uleb128 0xb
 1791 0083 0B       		.uleb128 0xb
 1792 0084 3A       		.uleb128 0x3a
 1793 0085 0B       		.uleb128 0xb
 1794 0086 3B       		.uleb128 0x3b
 1795 0087 05       		.uleb128 0x5
 1796 0088 01       		.uleb128 0x1
 1797 0089 13       		.uleb128 0x13
 1798 008a 00       		.byte	0
 1799 008b 00       		.byte	0
 1800 008c 0D       		.uleb128 0xd
 1801 008d 0D       		.uleb128 0xd
 1802 008e 00       		.byte	0
 1803 008f 03       		.uleb128 0x3
 1804 0090 08       		.uleb128 0x8
 1805 0091 3A       		.uleb128 0x3a
 1806 0092 0B       		.uleb128 0xb
 1807 0093 3B       		.uleb128 0x3b
 1808 0094 05       		.uleb128 0x5
 1809 0095 49       		.uleb128 0x49
 1810 0096 13       		.uleb128 0x13
 1811 0097 38       		.uleb128 0x38
 1812 0098 0A       		.uleb128 0xa
 1813 0099 00       		.byte	0
 1814 009a 00       		.byte	0
GAS Infineon TriCore Little Endian C:\\Users\\user1\\AppData\\Local\\Temp\\rta_RTAOS_638388406317960277_1736001\\ccbTsuyN.s 			page 40


 1815 009b 0E       		.uleb128 0xe
 1816 009c 0D       		.uleb128 0xd
 1817 009d 00       		.byte	0
 1818 009e 03       		.uleb128 0x3
 1819 009f 0E       		.uleb128 0xe
 1820 00a0 3A       		.uleb128 0x3a
 1821 00a1 0B       		.uleb128 0xb
 1822 00a2 3B       		.uleb128 0x3b
 1823 00a3 05       		.uleb128 0x5
 1824 00a4 49       		.uleb128 0x49
 1825 00a5 13       		.uleb128 0x13
 1826 00a6 38       		.uleb128 0x38
 1827 00a7 0A       		.uleb128 0xa
 1828 00a8 00       		.byte	0
 1829 00a9 00       		.byte	0
 1830 00aa 0F       		.uleb128 0xf
 1831 00ab 26       		.uleb128 0x26
 1832 00ac 00       		.byte	0
 1833 00ad 49       		.uleb128 0x49
 1834 00ae 13       		.uleb128 0x13
 1835 00af 00       		.byte	0
 1836 00b0 00       		.byte	0
 1837 00b1 10       		.uleb128 0x10
 1838 00b2 17       		.uleb128 0x17
 1839 00b3 01       		.byte	0x1
 1840 00b4 0B       		.uleb128 0xb
 1841 00b5 0B       		.uleb128 0xb
 1842 00b6 3A       		.uleb128 0x3a
 1843 00b7 0B       		.uleb128 0xb
 1844 00b8 3B       		.uleb128 0x3b
 1845 00b9 05       		.uleb128 0x5
 1846 00ba 01       		.uleb128 0x1
 1847 00bb 13       		.uleb128 0x13
 1848 00bc 00       		.byte	0
 1849 00bd 00       		.byte	0
 1850 00be 11       		.uleb128 0x11
 1851 00bf 0D       		.uleb128 0xd
 1852 00c0 00       		.byte	0
 1853 00c1 03       		.uleb128 0x3
 1854 00c2 08       		.uleb128 0x8
 1855 00c3 3A       		.uleb128 0x3a
 1856 00c4 0B       		.uleb128 0xb
 1857 00c5 3B       		.uleb128 0x3b
 1858 00c6 05       		.uleb128 0x5
 1859 00c7 49       		.uleb128 0x49
 1860 00c8 13       		.uleb128 0x13
 1861 00c9 00       		.byte	0
 1862 00ca 00       		.byte	0
 1863 00cb 12       		.uleb128 0x12
 1864 00cc 0D       		.uleb128 0xd
 1865 00cd 00       		.byte	0
 1866 00ce 03       		.uleb128 0x3
 1867 00cf 0E       		.uleb128 0xe
 1868 00d0 3A       		.uleb128 0x3a
 1869 00d1 0B       		.uleb128 0xb
 1870 00d2 3B       		.uleb128 0x3b
 1871 00d3 05       		.uleb128 0x5
GAS Infineon TriCore Little Endian C:\\Users\\user1\\AppData\\Local\\Temp\\rta_RTAOS_638388406317960277_1736001\\ccbTsuyN.s 			page 41


 1872 00d4 49       		.uleb128 0x49
 1873 00d5 13       		.uleb128 0x13
 1874 00d6 00       		.byte	0
 1875 00d7 00       		.byte	0
 1876 00d8 13       		.uleb128 0x13
 1877 00d9 13       		.uleb128 0x13
 1878 00da 01       		.byte	0x1
 1879 00db 0B       		.uleb128 0xb
 1880 00dc 0B       		.uleb128 0xb
 1881 00dd 3A       		.uleb128 0x3a
 1882 00de 0B       		.uleb128 0xb
 1883 00df 3B       		.uleb128 0x3b
 1884 00e0 05       		.uleb128 0x5
 1885 00e1 01       		.uleb128 0x1
 1886 00e2 13       		.uleb128 0x13
 1887 00e3 00       		.byte	0
 1888 00e4 00       		.byte	0
 1889 00e5 14       		.uleb128 0x14
 1890 00e6 2E       		.uleb128 0x2e
 1891 00e7 01       		.byte	0x1
 1892 00e8 3F       		.uleb128 0x3f
 1893 00e9 0C       		.uleb128 0xc
 1894 00ea 03       		.uleb128 0x3
 1895 00eb 08       		.uleb128 0x8
 1896 00ec 3A       		.uleb128 0x3a
 1897 00ed 0B       		.uleb128 0xb
 1898 00ee 3B       		.uleb128 0x3b
 1899 00ef 05       		.uleb128 0x5
 1900 00f0 27       		.uleb128 0x27
 1901 00f1 0C       		.uleb128 0xc
 1902 00f2 49       		.uleb128 0x49
 1903 00f3 13       		.uleb128 0x13
 1904 00f4 11       		.uleb128 0x11
 1905 00f5 01       		.uleb128 0x1
 1906 00f6 12       		.uleb128 0x12
 1907 00f7 01       		.uleb128 0x1
 1908 00f8 40       		.uleb128 0x40
 1909 00f9 06       		.uleb128 0x6
 1910 00fa 9742     		.uleb128 0x2117
 1911 00fc 0C       		.uleb128 0xc
 1912 00fd 01       		.uleb128 0x1
 1913 00fe 13       		.uleb128 0x13
 1914 00ff 00       		.byte	0
 1915 0100 00       		.byte	0
 1916 0101 15       		.uleb128 0x15
 1917 0102 34       		.uleb128 0x34
 1918 0103 00       		.byte	0
 1919 0104 03       		.uleb128 0x3
 1920 0105 08       		.uleb128 0x8
 1921 0106 3A       		.uleb128 0x3a
 1922 0107 0B       		.uleb128 0xb
 1923 0108 3B       		.uleb128 0x3b
 1924 0109 05       		.uleb128 0x5
 1925 010a 49       		.uleb128 0x49
 1926 010b 13       		.uleb128 0x13
 1927 010c 02       		.uleb128 0x2
 1928 010d 06       		.uleb128 0x6
GAS Infineon TriCore Little Endian C:\\Users\\user1\\AppData\\Local\\Temp\\rta_RTAOS_638388406317960277_1736001\\ccbTsuyN.s 			page 42


 1929 010e 00       		.byte	0
 1930 010f 00       		.byte	0
 1931 0110 16       		.uleb128 0x16
 1932 0111 34       		.uleb128 0x34
 1933 0112 00       		.byte	0
 1934 0113 03       		.uleb128 0x3
 1935 0114 08       		.uleb128 0x8
 1936 0115 3A       		.uleb128 0x3a
 1937 0116 0B       		.uleb128 0xb
 1938 0117 3B       		.uleb128 0x3b
 1939 0118 05       		.uleb128 0x5
 1940 0119 49       		.uleb128 0x49
 1941 011a 13       		.uleb128 0x13
 1942 011b 00       		.byte	0
 1943 011c 00       		.byte	0
 1944 011d 17       		.uleb128 0x17
 1945 011e 34       		.uleb128 0x34
 1946 011f 00       		.byte	0
 1947 0120 03       		.uleb128 0x3
 1948 0121 08       		.uleb128 0x8
 1949 0122 3A       		.uleb128 0x3a
 1950 0123 0B       		.uleb128 0xb
 1951 0124 3B       		.uleb128 0x3b
 1952 0125 05       		.uleb128 0x5
 1953 0126 49       		.uleb128 0x49
 1954 0127 13       		.uleb128 0x13
 1955 0128 02       		.uleb128 0x2
 1956 0129 0A       		.uleb128 0xa
 1957 012a 00       		.byte	0
 1958 012b 00       		.byte	0
 1959 012c 18       		.uleb128 0x18
 1960 012d 0A       		.uleb128 0xa
 1961 012e 00       		.byte	0
 1962 012f 03       		.uleb128 0x3
 1963 0130 08       		.uleb128 0x8
 1964 0131 3A       		.uleb128 0x3a
 1965 0132 0B       		.uleb128 0xb
 1966 0133 3B       		.uleb128 0x3b
 1967 0134 05       		.uleb128 0x5
 1968 0135 11       		.uleb128 0x11
 1969 0136 01       		.uleb128 0x1
 1970 0137 00       		.byte	0
 1971 0138 00       		.byte	0
 1972 0139 19       		.uleb128 0x19
 1973 013a 0B       		.uleb128 0xb
 1974 013b 01       		.byte	0x1
 1975 013c 11       		.uleb128 0x11
 1976 013d 01       		.uleb128 0x1
 1977 013e 12       		.uleb128 0x12
 1978 013f 01       		.uleb128 0x1
 1979 0140 01       		.uleb128 0x1
 1980 0141 13       		.uleb128 0x13
 1981 0142 00       		.byte	0
 1982 0143 00       		.byte	0
 1983 0144 1A       		.uleb128 0x1a
 1984 0145 898201   		.uleb128 0x4109
 1985 0148 01       		.byte	0x1
GAS Infineon TriCore Little Endian C:\\Users\\user1\\AppData\\Local\\Temp\\rta_RTAOS_638388406317960277_1736001\\ccbTsuyN.s 			page 43


 1986 0149 11       		.uleb128 0x11
 1987 014a 01       		.uleb128 0x1
 1988 014b 31       		.uleb128 0x31
 1989 014c 13       		.uleb128 0x13
 1990 014d 01       		.uleb128 0x1
 1991 014e 13       		.uleb128 0x13
 1992 014f 00       		.byte	0
 1993 0150 00       		.byte	0
 1994 0151 1B       		.uleb128 0x1b
 1995 0152 8A8201   		.uleb128 0x410a
 1996 0155 00       		.byte	0
 1997 0156 02       		.uleb128 0x2
 1998 0157 0A       		.uleb128 0xa
 1999 0158 9142     		.uleb128 0x2111
 2000 015a 0A       		.uleb128 0xa
 2001 015b 00       		.byte	0
 2002 015c 00       		.byte	0
 2003 015d 1C       		.uleb128 0x1c
 2004 015e 898201   		.uleb128 0x4109
 2005 0161 00       		.byte	0
 2006 0162 11       		.uleb128 0x11
 2007 0163 01       		.uleb128 0x1
 2008 0164 31       		.uleb128 0x31
 2009 0165 13       		.uleb128 0x13
 2010 0166 00       		.byte	0
 2011 0167 00       		.byte	0
 2012 0168 1D       		.uleb128 0x1d
 2013 0169 898201   		.uleb128 0x4109
 2014 016c 01       		.byte	0x1
 2015 016d 11       		.uleb128 0x11
 2016 016e 01       		.uleb128 0x1
 2017 016f 31       		.uleb128 0x31
 2018 0170 13       		.uleb128 0x13
 2019 0171 00       		.byte	0
 2020 0172 00       		.byte	0
 2021 0173 1E       		.uleb128 0x1e
 2022 0174 21       		.uleb128 0x21
 2023 0175 00       		.byte	0
 2024 0176 00       		.byte	0
 2025 0177 00       		.byte	0
 2026 0178 1F       		.uleb128 0x1f
 2027 0179 34       		.uleb128 0x34
 2028 017a 00       		.byte	0
 2029 017b 03       		.uleb128 0x3
 2030 017c 08       		.uleb128 0x8
 2031 017d 3A       		.uleb128 0x3a
 2032 017e 0B       		.uleb128 0xb
 2033 017f 3B       		.uleb128 0x3b
 2034 0180 05       		.uleb128 0x5
 2035 0181 49       		.uleb128 0x49
 2036 0182 13       		.uleb128 0x13
 2037 0183 3F       		.uleb128 0x3f
 2038 0184 0C       		.uleb128 0xc
 2039 0185 3C       		.uleb128 0x3c
 2040 0186 0C       		.uleb128 0xc
 2041 0187 00       		.byte	0
 2042 0188 00       		.byte	0
GAS Infineon TriCore Little Endian C:\\Users\\user1\\AppData\\Local\\Temp\\rta_RTAOS_638388406317960277_1736001\\ccbTsuyN.s 			page 44


 2043 0189 20       		.uleb128 0x20
 2044 018a 2E       		.uleb128 0x2e
 2045 018b 01       		.byte	0x1
 2046 018c 3F       		.uleb128 0x3f
 2047 018d 0C       		.uleb128 0xc
 2048 018e 03       		.uleb128 0x3
 2049 018f 08       		.uleb128 0x8
 2050 0190 3A       		.uleb128 0x3a
 2051 0191 0B       		.uleb128 0xb
 2052 0192 3B       		.uleb128 0x3b
 2053 0193 05       		.uleb128 0x5
 2054 0194 27       		.uleb128 0x27
 2055 0195 0C       		.uleb128 0xc
 2056 0196 3C       		.uleb128 0x3c
 2057 0197 0C       		.uleb128 0xc
 2058 0198 01       		.uleb128 0x1
 2059 0199 13       		.uleb128 0x13
 2060 019a 00       		.byte	0
 2061 019b 00       		.byte	0
 2062 019c 21       		.uleb128 0x21
 2063 019d 05       		.uleb128 0x5
 2064 019e 00       		.byte	0
 2065 019f 49       		.uleb128 0x49
 2066 01a0 13       		.uleb128 0x13
 2067 01a1 00       		.byte	0
 2068 01a2 00       		.byte	0
 2069 01a3 22       		.uleb128 0x22
 2070 01a4 2E       		.uleb128 0x2e
 2071 01a5 01       		.byte	0x1
 2072 01a6 3F       		.uleb128 0x3f
 2073 01a7 0C       		.uleb128 0xc
 2074 01a8 03       		.uleb128 0x3
 2075 01a9 08       		.uleb128 0x8
 2076 01aa 3A       		.uleb128 0x3a
 2077 01ab 0B       		.uleb128 0xb
 2078 01ac 3B       		.uleb128 0x3b
 2079 01ad 0B       		.uleb128 0xb
 2080 01ae 27       		.uleb128 0x27
 2081 01af 0C       		.uleb128 0xc
 2082 01b0 3C       		.uleb128 0x3c
 2083 01b1 0C       		.uleb128 0xc
 2084 01b2 01       		.uleb128 0x1
 2085 01b3 13       		.uleb128 0x13
 2086 01b4 00       		.byte	0
 2087 01b5 00       		.byte	0
 2088 01b6 00       		.byte	0
 2089              	.section .debug_loc,"",@progbits
 2090              	.Ldebug_loc0:
 2091              	.LLST0:
 2092 0000 00000000 		.uaword	.LFB0
 2093 0004 00000000 		.uaword	.LCFI0
 2094 0008 0200     		.uahalf	0x2
 2095 000a 8A       		.byte	0x8a
 2096 000b 00       		.sleb128 0
 2097 000c 00000000 		.uaword	.LCFI0
 2098 0010 00000000 		.uaword	.LFE0
 2099 0014 0200     		.uahalf	0x2
GAS Infineon TriCore Little Endian C:\\Users\\user1\\AppData\\Local\\Temp\\rta_RTAOS_638388406317960277_1736001\\ccbTsuyN.s 			page 45


 2100 0016 8A       		.byte	0x8a
 2101 0017 10       		.sleb128 16
 2102 0018 00000000 		.uaword	0
 2103 001c 00000000 		.uaword	0
 2104              	.LLST1:
 2105 0020 00000000 		.uaword	.LVL0
 2106 0024 00000000 		.uaword	.LVL6
 2107 0028 0200     		.uahalf	0x2
 2108 002a 30       		.byte	0x30
 2109 002b 9F       		.byte	0x9f
 2110 002c 00000000 		.uaword	.LVL6
 2111 0030 00000000 		.uaword	.LVL8
 2112 0034 0200     		.uahalf	0x2
 2113 0036 32       		.byte	0x32
 2114 0037 9F       		.byte	0x9f
 2115 0038 00000000 		.uaword	.LVL8
 2116 003c 00000000 		.uaword	.LVL9
 2117 0040 0100     		.uahalf	0x1
 2118 0042 52       		.byte	0x52
 2119 0043 00000000 		.uaword	.LVL9
 2120 0047 00000000 		.uaword	.LVL10
 2121 004b 0200     		.uahalf	0x2
 2122 004d 30       		.byte	0x30
 2123 004e 9F       		.byte	0x9f
 2124 004f 00000000 		.uaword	.LVL10
 2125 0053 00000000 		.uaword	.LVL14-1
 2126 0057 0100     		.uahalf	0x1
 2127 0059 52       		.byte	0x52
 2128 005a 00000000 		.uaword	.LVL15
 2129 005e 00000000 		.uaword	.LVL17-1
 2130 0062 0100     		.uahalf	0x1
 2131 0064 52       		.byte	0x52
 2132 0065 00000000 		.uaword	.LVL18
 2133 0069 00000000 		.uaword	.LVL19
 2134 006d 0100     		.uahalf	0x1
 2135 006f 52       		.byte	0x52
 2136 0070 00000000 		.uaword	.LVL20
 2137 0074 00000000 		.uaword	.LVL21
 2138 0078 0200     		.uahalf	0x2
 2139 007a 30       		.byte	0x30
 2140 007b 9F       		.byte	0x9f
 2141 007c 00000000 		.uaword	.LVL21
 2142 0080 00000000 		.uaword	.LFE0
 2143 0084 0200     		.uahalf	0x2
 2144 0086 3B       		.byte	0x3b
 2145 0087 9F       		.byte	0x9f
 2146 0088 00000000 		.uaword	0
 2147 008c 00000000 		.uaword	0
 2148              	.LLST2:
 2149 0090 00000000 		.uaword	.LVL2
 2150 0094 00000000 		.uaword	.LVL8
 2151 0098 0100     		.uahalf	0x1
 2152 009a 6F       		.byte	0x6f
 2153 009b 00000000 		.uaword	.LVL9
 2154 009f 00000000 		.uaword	.LVL13
 2155 00a3 0100     		.uahalf	0x1
 2156 00a5 6F       		.byte	0x6f
GAS Infineon TriCore Little Endian C:\\Users\\user1\\AppData\\Local\\Temp\\rta_RTAOS_638388406317960277_1736001\\ccbTsuyN.s 			page 46


 2157 00a6 00000000 		.uaword	.LVL15
 2158 00aa 00000000 		.uaword	.LFE0
 2159 00ae 0100     		.uahalf	0x1
 2160 00b0 6F       		.byte	0x6f
 2161 00b1 00000000 		.uaword	0
 2162 00b5 00000000 		.uaword	0
 2163              	.LLST3:
 2164 00b9 00000000 		.uaword	.LVL4
 2165 00bd 00000000 		.uaword	.LVL5
 2166 00c1 0100     		.uahalf	0x1
 2167 00c3 5F       		.byte	0x5f
 2168 00c4 00000000 		.uaword	0
 2169 00c8 00000000 		.uaword	0
 2170              	.LLST4:
 2171 00cc 00000000 		.uaword	.LVL1
 2172 00d0 00000000 		.uaword	.LVL4
 2173 00d4 0100     		.uahalf	0x1
 2174 00d6 5F       		.byte	0x5f
 2175 00d7 00000000 		.uaword	0
 2176 00db 00000000 		.uaword	0
 2177              	.LLST6:
 2178 00df 00000000 		.uaword	.LVL11
 2179 00e3 00000000 		.uaword	.LVL12
 2180 00e7 0100     		.uahalf	0x1
 2181 00e9 5F       		.byte	0x5f
 2182 00ea 00000000 		.uaword	0
 2183 00ee 00000000 		.uaword	0
 2184              	.section .debug_aranges,"",@progbits
 2185 0000 1C000000 		.uaword	0x1c
 2186 0004 0200     		.uahalf	0x2
 2187 0006 00000000 		.uaword	.Ldebug_info0
 2188 000a 04       		.byte	0x4
 2189 000b 00       		.byte	0
 2190 000c 0000     		.uahalf	0
 2191 000e 0000     		.uahalf	0
 2192 0010 00000000 		.uaword	.LFB0
 2193 0014 F4000000 		.uaword	.LFE0-.LFB0
 2194 0018 00000000 		.uaword	0
 2195 001c 00000000 		.uaword	0
 2196              	.section .debug_ranges,"",@progbits
 2197              	.Ldebug_ranges0:
 2198 0000 00000000 		.uaword	.LFB0
 2199 0004 00000000 		.uaword	.LFE0
 2200 0008 00000000 		.uaword	0
 2201 000c 00000000 		.uaword	0
 2202              	.section .debug_line,"",@progbits
 2203              	.Ldebug_line0:
 2204 0000 61010000 	.section .debug_str,"",@progbits
 2204      02001301 
 2204      00000201 
 2204      FB0E0D00 
 2204      01010101 
 2205              	.LASF4:
 2206 0000 6170706C 		.string	"application"
 2206      69636174 
 2206      696F6E00 
 2207              	.LASF2:
GAS Infineon TriCore Little Endian C:\\Users\\user1\\AppData\\Local\\Temp\\rta_RTAOS_638388406317960277_1736001\\ccbTsuyN.s 			page 47


 2208 000c 64796E61 		.string	"dynamic"
 2208      6D696300 
 2209              	.LASF5:
 2210 0014 61637469 		.string	"activation_count"
 2210      76617469 
 2210      6F6E5F63 
 2210      6F756E74 
 2210      00
 2211              	.LASF6:
 2212 0025 74706D61 		.string	"tpmask"
 2212      736B00
 2213              	.LASF1:
 2214 002c 656E7472 		.string	"entry_function"
 2214      795F6675 
 2214      6E637469 
 2214      6F6E00
 2215              	.LASF3:
 2216 003b 61636365 		.string	"access"
 2216      737300
 2217              	.LASF0:
 2218 0042 7265736F 		.string	"resource_count"
 2218      75726365 
 2218      5F636F75 
 2218      6E7400
 2219              		.extern	Os_longjmp,STT_FUNC,0
 2220              		.extern	Os_ErrorLog,STT_FUNC,0
 2221              		.extern	Os_const_coreconfiguration,STT_OBJECT,-1
 2222              		.ident	"GCC: (HighTec Release HDP-v4.9.4.1-11fcedf) 4.9.4 build on 2020-09-01"
