GAS Infineon TriCore Little Endian C:\\Users\\user1\\AppData\\Local\\Temp\\rta_RTAOS_638388406317960277_1736001\\ccTzFS5S.s 			page 1


   1              		.file	"TryToGetSpinlock.c"
   2              	.section .text,"ax",@progbits
   3              	.Ltext0:
   4              	.section .text.Os_TryToGetSpinlock,"ax",@progbits
   5              		.align 1
   6              		.global	Os_TryToGetSpinlock
   7              		.type	Os_TryToGetSpinlock, @function
   8              	Os_TryToGetSpinlock:
   9              	.LFB0:
  10              		.file 1 "C:\\Users\\user1\\AppData\\Local\\Temp\\rta_RTAOS_638388406317960277_1736001\\TryToGetSpi
  11              		.loc 1 1368 0
  12              	.LVL0:
  13 0000 2008     		sub.a	%SP, 8
  14              	.LCFI0:
  15              		.loc 1 1368 0
  16 0002 0246     		mov	%d6, %d4
  17 0004 404F     		mov.aa	%a15, %a4
  18              	.LBB2:
  19              		.loc 1 1370 0
  20              	#APP
  21              		# 1370 "C:\Users\user1\AppData\Local\Temp\rta_RTAOS_638388406317960277_1736001\TryToGetSpinlock.c"
  22 0006 4DC0E1FF 		mfcr %d15,0xfe1c
  23              		# 0 "" 2
  24              	.LVL1:
  25              	#NO_APP
  26              	.LBE2:
  27              		.loc 1 1371 0
  28 000a 91000020 		movh.a	%a2, hi:Os_const_coreconfiguration
  29 000e 8023     		mov.d	%d3, %a2
  30 0010 1B030020 		addi	%d2, %d3, lo:Os_const_coreconfiguration
  31 0014 138F2132 		madd	%d3, %d2, %d15, 24
  32 0018 6032     		mov.a	%a2, %d3
  33 001a 992C0400 		ld.a	%a12, [%a2] 4
  34              	.LVL2:
  35              	.LBB3:
  36              		.loc 1 1372 0
  37              	#APP
  38              		# 1372 "C:\Users\user1\AppData\Local\Temp\rta_RTAOS_638388406317960277_1736001\TryToGetSpinlock.c"
  39 001e 4D40E0FF 		mfcr %d15,0xfe04
  40              		# 0 "" 2
  41              	.LVL3:
  42              	#NO_APP
  43              	.LBE3:
  44              		.loc 1 1373 0
  45 0022 AEB3     		jnz.t	%d15, 11, .L2
  46              		.loc 1 1373 0 is_stmt 0 discriminator 1
  47              	#APP
  48              		# 1373 "C:\Users\user1\AppData\Local\Temp\rta_RTAOS_638388406317960277_1736001\TryToGetSpinlock.c"
  49 0024 AD008000 		syscall 0
  50              		# 0 "" 2
  51              	#NO_APP
  52              	.L2:
  53              		.loc 1 1374 0 is_stmt 1
  54 0028 3BD0FBFF 		mov	%d15, -67
  55              	.LVL4:
  56 002c E9CF1800 		st.b	[%a12] 24, %d15
  57              	.LVL5:
GAS Infineon TriCore Little Endian C:\\Users\\user1\\AppData\\Local\\Temp\\rta_RTAOS_638388406317960277_1736001\\ccTzFS5S.s 			page 2


  58              		.loc 1 1376 0
  59 0030 80F7     		mov.d	%d7, %a15
  60 0032 820F     		mov	%d15, 0
  61 0034 7800     		st.w	[%SP]0, %d15
  62 0036 8234     		mov	%d4, 3
  63              	.LVL6:
  64 0038 3BE00550 		mov	%d5, 94
  65 003c 6D000000 		call	Os_ErrorLog
****  Notice:Expanding call-R -> call-O
  66              	.LVL7:
  67              		.loc 1 1378 0
  68 0040 821F     		mov	%d15, 1
  69 0042 280F     		st.b	[%a15]0, %d15
  70              		.loc 1 1379 0
  71 0044 3BC0FBFF 		mov	%d15, -68
  72 0048 E9CF1800 		st.b	[%a12] 24, %d15
  73              		.loc 1 1382 0
  74 004c 8232     		mov	%d2, 3
  75 004e 0090     		ret
  76              	.LFE0:
  77              		.size	Os_TryToGetSpinlock, .-Os_TryToGetSpinlock
  78              	.section .debug_frame,"",@progbits
  79              	.Lframe0:
  80 0000 0C000000 		.uaword	.LECIE0-.LSCIE0
  81              	.LSCIE0:
  82 0004 FFFFFFFF 		.uaword	0xffffffff
  83 0008 01       		.byte	0x1
  84 0009 00       		.string	""
  85 000a 01       		.uleb128 0x1
  86 000b 01       		.sleb128 1
  87 000c 1B       		.byte	0x1b
  88 000d 0C       		.byte	0xc
  89 000e 1A       		.uleb128 0x1a
  90 000f 00       		.uleb128 0
  91              		.align 2
  92              	.LECIE0:
  93              	.LSFDE0:
  94 0010 10000000 		.uaword	.LEFDE0-.LASFDE0
  95              	.LASFDE0:
  96 0014 00000000 		.uaword	.Lframe0
  97 0018 00000000 		.uaword	.LFB0
  98 001c 50000000 		.uaword	.LFE0-.LFB0
  99 0020 42       		.byte	0x4
 100              		.uaword	.LCFI0-.LFB0
 101 0021 0E       		.byte	0xe
 102 0022 08       		.uleb128 0x8
 103 0023 00       		.align 2
 104              	.LEFDE0:
 105              	.section .text,"ax",@progbits
 106              	.Letext0:
 107              		.file 2 "D:\\home\\user123\\user\\Mohan6_VectorSIP\\21Dec23\\15Dec23_CAN_merge_21stDec\\25_Softwar
 108              		.file 3 "D:\\home\\user123\\user\\Mohan6_VectorSIP\\21Dec23\\15Dec23_CAN_merge_21stDec\\25_Softwar
 109              	.section .debug_info,"",@progbits
 110              	.Ldebug_info0:
 111 0000 CC110000 		.uaword	0x11cc
 112 0004 0200     		.uahalf	0x2
 113 0006 00000000 		.uaword	.Ldebug_abbrev0
GAS Infineon TriCore Little Endian C:\\Users\\user1\\AppData\\Local\\Temp\\rta_RTAOS_638388406317960277_1736001\\ccTzFS5S.s 			page 3


 114 000a 04       		.byte	0x4
 115 000b 01       		.uleb128 0x1
 116 000c 474E5520 		.ascii	"GNU C 4."
 116      4320342E 
 117 0014 392E3420 		.string	"9.4 build on 2020-09-01 -mlicense-dir=c:\\hightec\\toolchains\\tricore\\v4.9.4.1\\bin\\..
 117      6275696C 
 117      64206F6E 
 117      20323032 
 117      302D3039 
 118 0115 01       		.byte	0x1
 119 0116 433A5C55 		.string	"C:\\Users\\user1\\AppData\\Local\\Temp\\rta_RTAOS_638388406317960277_1736001\\TryToGetSpi
 119      73657273 
 119      5C757365 
 119      72315C41 
 119      70704461 
 120 0170 00000000 		.uaword	.Ldebug_ranges0+0
 121 0174 00000000 		.uaword	0
 122 0178 00000000 		.uaword	0
 123 017c 00000000 		.uaword	.Ldebug_line0
 124 0180 02       		.uleb128 0x2
 125 0181 75696E74 		.string	"uint8"
 125      3800
 126 0187 02       		.byte	0x2
 127 0188 34       		.byte	0x34
 128 0189 8D010000 		.uaword	0x18d
 129 018d 03       		.uleb128 0x3
 130 018e 01       		.byte	0x1
 131 018f 08       		.byte	0x8
 132 0190 756E7369 		.string	"unsigned char"
 132      676E6564 
 132      20636861 
 132      7200
 133 019e 02       		.uleb128 0x2
 134 019f 75696E74 		.string	"uint16"
 134      313600
 135 01a6 02       		.byte	0x2
 136 01a7 35       		.byte	0x35
 137 01a8 AC010000 		.uaword	0x1ac
 138 01ac 03       		.uleb128 0x3
 139 01ad 02       		.byte	0x2
 140 01ae 07       		.byte	0x7
 141 01af 73686F72 		.string	"short unsigned int"
 141      7420756E 
 141      7369676E 
 141      65642069 
 141      6E7400
 142 01c2 02       		.uleb128 0x2
 143 01c3 75696E74 		.string	"uint32"
 143      333200
 144 01ca 02       		.byte	0x2
 145 01cb 36       		.byte	0x36
 146 01cc D0010000 		.uaword	0x1d0
 147 01d0 03       		.uleb128 0x3
 148 01d1 04       		.byte	0x4
 149 01d2 07       		.byte	0x7
 150 01d3 756E7369 		.string	"unsigned int"
 150      676E6564 
GAS Infineon TriCore Little Endian C:\\Users\\user1\\AppData\\Local\\Temp\\rta_RTAOS_638388406317960277_1736001\\ccTzFS5S.s 			page 4


 150      20696E74 
 150      00
 151 01e0 03       		.uleb128 0x3
 152 01e1 01       		.byte	0x1
 153 01e2 06       		.byte	0x6
 154 01e3 7369676E 		.string	"signed char"
 154      65642063 
 154      68617200 
 155 01ef 03       		.uleb128 0x3
 156 01f0 02       		.byte	0x2
 157 01f1 05       		.byte	0x5
 158 01f2 73686F72 		.string	"short int"
 158      7420696E 
 158      7400
 159 01fc 03       		.uleb128 0x3
 160 01fd 04       		.byte	0x4
 161 01fe 05       		.byte	0x5
 162 01ff 696E7400 		.string	"int"
 163 0203 03       		.uleb128 0x3
 164 0204 04       		.byte	0x4
 165 0205 04       		.byte	0x4
 166 0206 666C6F61 		.string	"float"
 166      7400
 167 020c 03       		.uleb128 0x3
 168 020d 08       		.byte	0x8
 169 020e 04       		.byte	0x4
 170 020f 646F7562 		.string	"double"
 170      6C6500
 171 0216 03       		.uleb128 0x3
 172 0217 08       		.byte	0x8
 173 0218 05       		.byte	0x5
 174 0219 6C6F6E67 		.string	"long long int"
 174      206C6F6E 
 174      6720696E 
 174      7400
 175 0227 03       		.uleb128 0x3
 176 0228 08       		.byte	0x8
 177 0229 07       		.byte	0x7
 178 022a 6C6F6E67 		.string	"long long unsigned int"
 178      206C6F6E 
 178      6720756E 
 178      7369676E 
 178      65642069 
 179 0241 02       		.uleb128 0x2
 180 0242 626F6F6C 		.string	"boolean"
 180      65616E00 
 181 024a 02       		.byte	0x2
 182 024b 49       		.byte	0x49
 183 024c 8D010000 		.uaword	0x18d
 184 0250 02       		.uleb128 0x2
 185 0251 53746174 		.string	"StatusType"
 185      75735479 
 185      706500
 186 025c 03       		.byte	0x3
 187 025d 28       		.byte	0x28
 188 025e 8D010000 		.uaword	0x18d
 189 0262 04       		.uleb128 0x4
GAS Infineon TriCore Little Endian C:\\Users\\user1\\AppData\\Local\\Temp\\rta_RTAOS_638388406317960277_1736001\\ccTzFS5S.s 			page 5


 190 0263 08       		.byte	0x8
 191 0264 01       		.byte	0x1
 192 0265 7C       		.byte	0x7c
 193 0266 A1020000 		.uaword	0x2a1
 194 026a 05       		.uleb128 0x5
 195 026b 436C6173 		.string	"Class"
 195      7300
 196 0271 01       		.byte	0x1
 197 0272 7D       		.byte	0x7d
 198 0273 80010000 		.uaword	0x180
 199 0277 02       		.byte	0x2
 200 0278 23       		.byte	0x23
 201 0279 00       		.uleb128 0
 202 027a 05       		.uleb128 0x5
 203 027b 54494E00 		.string	"TIN"
 204 027f 01       		.byte	0x1
 205 0280 7E       		.byte	0x7e
 206 0281 80010000 		.uaword	0x180
 207 0285 02       		.byte	0x2
 208 0286 23       		.byte	0x23
 209 0287 01       		.uleb128 0x1
 210 0288 05       		.uleb128 0x5
 211 0289 52657475 		.string	"ReturnAddress"
 211      726E4164 
 211      64726573 
 211      7300
 212 0297 01       		.byte	0x1
 213 0298 7F       		.byte	0x7f
 214 0299 C2010000 		.uaword	0x1c2
 215 029d 02       		.byte	0x2
 216 029e 23       		.byte	0x23
 217 029f 04       		.uleb128 0x4
 218 02a0 00       		.byte	0
 219 02a1 02       		.uleb128 0x2
 220 02a2 4F735472 		.string	"OsTrapInfoType"
 220      6170496E 
 220      666F5479 
 220      706500
 221 02b1 01       		.byte	0x1
 222 02b2 80       		.byte	0x80
 223 02b3 62020000 		.uaword	0x262
 224 02b7 02       		.uleb128 0x2
 225 02b8 75696E74 		.string	"uint32_aligned"
 225      33325F61 
 225      6C69676E 
 225      656400
 226 02c7 01       		.byte	0x1
 227 02c8 86       		.byte	0x86
 228 02c9 C2010000 		.uaword	0x1c2
 229 02cd 04       		.uleb128 0x4
 230 02ce 44       		.byte	0x44
 231 02cf 01       		.byte	0x1
 232 02d0 AB       		.byte	0xab
 233 02d1 E6020000 		.uaword	0x2e6
 234 02d5 05       		.uleb128 0x5
 235 02d6 73746F72 		.string	"store"
 235      6500
GAS Infineon TriCore Little Endian C:\\Users\\user1\\AppData\\Local\\Temp\\rta_RTAOS_638388406317960277_1736001\\ccTzFS5S.s 			page 6


 236 02dc 01       		.byte	0x1
 237 02dd AC       		.byte	0xac
 238 02de E6020000 		.uaword	0x2e6
 239 02e2 02       		.byte	0x2
 240 02e3 23       		.byte	0x23
 241 02e4 00       		.uleb128 0
 242 02e5 00       		.byte	0
 243 02e6 06       		.uleb128 0x6
 244 02e7 C2010000 		.uaword	0x1c2
 245 02eb F6020000 		.uaword	0x2f6
 246 02ef 07       		.uleb128 0x7
 247 02f0 F6020000 		.uaword	0x2f6
 248 02f4 10       		.byte	0x10
 249 02f5 00       		.byte	0
 250 02f6 03       		.uleb128 0x3
 251 02f7 04       		.byte	0x4
 252 02f8 07       		.byte	0x7
 253 02f9 73697A65 		.string	"sizetype"
 253      74797065 
 253      00
 254 0302 02       		.uleb128 0x2
 255 0303 4F735F4A 		.string	"Os_JumpBufType"
 255      756D7042 
 255      75665479 
 255      706500
 256 0312 01       		.byte	0x1
 257 0313 AD       		.byte	0xad
 258 0314 18030000 		.uaword	0x318
 259 0318 06       		.uleb128 0x6
 260 0319 CD020000 		.uaword	0x2cd
 261 031d 28030000 		.uaword	0x328
 262 0321 07       		.uleb128 0x7
 263 0322 F6020000 		.uaword	0x2f6
 264 0326 00       		.byte	0
 265 0327 00       		.byte	0
 266 0328 02       		.uleb128 0x2
 267 0329 4F735F52 		.string	"Os_ResourceCountType"
 267      65736F75 
 267      72636543 
 267      6F756E74 
 267      54797065 
 268 033e 01       		.byte	0x1
 269 033f BE       		.byte	0xbe
 270 0340 8D010000 		.uaword	0x18d
 271 0344 02       		.uleb128 0x2
 272 0345 4F735F53 		.string	"Os_StackTraceType"
 272      7461636B 
 272      54726163 
 272      65547970 
 272      6500
 273 0357 01       		.byte	0x1
 274 0358 BF       		.byte	0xbf
 275 0359 D0010000 		.uaword	0x1d0
 276 035d 04       		.uleb128 0x4
 277 035e 08       		.byte	0x8
 278 035f 01       		.byte	0x1
 279 0360 C0       		.byte	0xc0
GAS Infineon TriCore Little Endian C:\\Users\\user1\\AppData\\Local\\Temp\\rta_RTAOS_638388406317960277_1736001\\ccTzFS5S.s 			page 7


 280 0361 81030000 		.uaword	0x381
 281 0365 05       		.uleb128 0x5
 282 0366 737000   		.string	"sp"
 283 0369 01       		.byte	0x1
 284 036a C0       		.byte	0xc0
 285 036b 44030000 		.uaword	0x344
 286 036f 02       		.byte	0x2
 287 0370 23       		.byte	0x23
 288 0371 00       		.uleb128 0
 289 0372 05       		.uleb128 0x5
 290 0373 63747800 		.string	"ctx"
 291 0377 01       		.byte	0x1
 292 0378 C0       		.byte	0xc0
 293 0379 44030000 		.uaword	0x344
 294 037d 02       		.byte	0x2
 295 037e 23       		.byte	0x23
 296 037f 04       		.uleb128 0x4
 297 0380 00       		.byte	0
 298 0381 02       		.uleb128 0x2
 299 0382 4F735F53 		.string	"Os_StackValueType"
 299      7461636B 
 299      56616C75 
 299      65547970 
 299      6500
 300 0394 01       		.byte	0x1
 301 0395 C0       		.byte	0xc0
 302 0396 5D030000 		.uaword	0x35d
 303 039a 02       		.uleb128 0x2
 304 039b 4F735F53 		.string	"Os_StackSizeType"
 304      7461636B 
 304      53697A65 
 304      54797065 
 304      00
 305 03ac 01       		.byte	0x1
 306 03ad C1       		.byte	0xc1
 307 03ae 81030000 		.uaword	0x381
 308 03b2 02       		.uleb128 0x2
 309 03b3 4F735F56 		.string	"Os_VoidVoidFunctionType"
 309      6F696456 
 309      6F696446 
 309      756E6374 
 309      696F6E54 
 310 03cb 01       		.byte	0x1
 311 03cc C7       		.byte	0xc7
 312 03cd D1030000 		.uaword	0x3d1
 313 03d1 08       		.uleb128 0x8
 314 03d2 04       		.byte	0x4
 315 03d3 D7030000 		.uaword	0x3d7
 316 03d7 09       		.uleb128 0x9
 317 03d8 01       		.byte	0x1
 318 03d9 02       		.uleb128 0x2
 319 03da 4170706C 		.string	"ApplicationType"
 319      69636174 
 319      696F6E54 
 319      79706500 
 320 03ea 01       		.byte	0x1
 321 03eb D5       		.byte	0xd5
GAS Infineon TriCore Little Endian C:\\Users\\user1\\AppData\\Local\\Temp\\rta_RTAOS_638388406317960277_1736001\\ccTzFS5S.s 			page 8


 322 03ec 8D010000 		.uaword	0x18d
 323 03f0 02       		.uleb128 0x2
 324 03f1 4F735F74 		.string	"Os_tmaskType"
 324      6D61736B 
 324      54797065 
 324      00
 325 03fe 01       		.byte	0x1
 326 03ff D9       		.byte	0xd9
 327 0400 C2010000 		.uaword	0x1c2
 328 0404 02       		.uleb128 0x2
 329 0405 4F735F43 		.string	"Os_CoreStateType"
 329      6F726553 
 329      74617465 
 329      54797065 
 329      00
 330 0416 01       		.byte	0x1
 331 0417 E7       		.byte	0xe7
 332 0418 C2010000 		.uaword	0x1c2
 333 041c 02       		.uleb128 0x2
 334 041d 4F735F53 		.string	"Os_StopwatchTickType"
 334      746F7077 
 334      61746368 
 334      5469636B 
 334      54797065 
 335 0432 01       		.byte	0x1
 336 0433 FD       		.byte	0xfd
 337 0434 D0010000 		.uaword	0x1d0
 338 0438 0A       		.uleb128 0xa
 339 0439 4F735F54 		.string	"Os_TerminatorType"
 339      65726D69 
 339      6E61746F 
 339      72547970 
 339      6500
 340 044b 01       		.byte	0x1
 341 044c 0201     		.uahalf	0x102
 342 044e 52040000 		.uaword	0x452
 343 0452 08       		.uleb128 0x8
 344 0453 04       		.byte	0x4
 345 0454 02030000 		.uaword	0x302
 346 0458 0A       		.uleb128 0xa
 347 0459 4F735F4C 		.string	"Os_Lockable"
 347      6F636B61 
 347      626C6500 
 348 0465 01       		.byte	0x1
 349 0466 0701     		.uahalf	0x107
 350 0468 B7020000 		.uaword	0x2b7
 351 046c 0A       		.uleb128 0xa
 352 046d 436F7265 		.string	"CoreIdType"
 352      49645479 
 352      706500
 353 0478 01       		.byte	0x1
 354 0479 0901     		.uahalf	0x109
 355 047b 9E010000 		.uaword	0x19e
 356 047f 0A       		.uleb128 0xa
 357 0480 5370696E 		.string	"SpinlockIdType"
 357      6C6F636B 
 357      49645479 
GAS Infineon TriCore Little Endian C:\\Users\\user1\\AppData\\Local\\Temp\\rta_RTAOS_638388406317960277_1736001\\ccTzFS5S.s 			page 9


 357      706500
 358 048f 01       		.byte	0x1
 359 0490 0A01     		.uahalf	0x10a
 360 0492 9E010000 		.uaword	0x19e
 361 0496 0B       		.uleb128 0xb
 362 0497 01       		.byte	0x1
 363 0498 01       		.byte	0x1
 364 0499 1A01     		.uahalf	0x11a
 365 049b D8040000 		.uaword	0x4d8
 366 049f 0C       		.uleb128 0xc
 367 04a0 54525954 		.string	"TRYTOGETSPINLOCK_SUCCESS"
 367      4F474554 
 367      5350494E 
 367      4C4F434B 
 367      5F535543 
 368 04b9 00       		.sleb128 0
 369 04ba 0C       		.uleb128 0xc
 370 04bb 54525954 		.string	"TRYTOGETSPINLOCK_NOSUCCESS"
 370      4F474554 
 370      5350494E 
 370      4C4F434B 
 370      5F4E4F53 
 371 04d6 01       		.sleb128 1
 372 04d7 00       		.byte	0
 373 04d8 0A       		.uleb128 0xa
 374 04d9 54727954 		.string	"TryToGetSpinlockType"
 374      6F476574 
 374      5370696E 
 374      6C6F636B 
 374      54797065 
 375 04ee 01       		.byte	0x1
 376 04ef 1A01     		.uahalf	0x11a
 377 04f1 96040000 		.uaword	0x496
 378 04f5 08       		.uleb128 0x8
 379 04f6 04       		.byte	0x4
 380 04f7 D8040000 		.uaword	0x4d8
 381 04fb 0D       		.uleb128 0xd
 382 04fc 58040000 		.uaword	0x458
 383 0500 0E       		.uleb128 0xe
 384 0501 4F735F43 		.string	"Os_ControlledCoreType_s"
 384      6F6E7472 
 384      6F6C6C65 
 384      64436F72 
 384      65547970 
 385 0519 58       		.byte	0x58
 386 051a 01       		.byte	0x1
 387 051b 1004     		.uahalf	0x410
 388 051d FE060000 		.uaword	0x6fe
 389 0521 0F       		.uleb128 0xf
 390 0522 54726170 		.string	"TrapInfo"
 390      496E666F 
 390      00
 391 052b 01       		.byte	0x1
 392 052c 1104     		.uahalf	0x411
 393 052e A1020000 		.uaword	0x2a1
 394 0532 02       		.byte	0x2
 395 0533 23       		.byte	0x23
GAS Infineon TriCore Little Endian C:\\Users\\user1\\AppData\\Local\\Temp\\rta_RTAOS_638388406317960277_1736001\\ccTzFS5S.s 			page 10


 396 0534 00       		.uleb128 0
 397 0535 0F       		.uleb128 0xf
 398 0536 4572726F 		.string	"ErrorInformation"
 398      72496E66 
 398      6F726D61 
 398      74696F6E 
 398      00
 399 0547 01       		.byte	0x1
 400 0548 1204     		.uahalf	0x412
 401 054a 910D0000 		.uaword	0xd91
 402 054e 02       		.byte	0x2
 403 054f 23       		.byte	0x23
 404 0550 08       		.uleb128 0x8
 405 0551 0F       		.uleb128 0xf
 406 0552 6C6F636B 		.string	"lock_taskaccess"
 406      5F746173 
 406      6B616363 
 406      65737300 
 407 0562 01       		.byte	0x1
 408 0563 1304     		.uahalf	0x413
 409 0565 FB040000 		.uaword	0x4fb
 410 0569 02       		.byte	0x2
 411 056a 23       		.byte	0x23
 412 056b 18       		.uleb128 0x18
 413 056c 0F       		.uleb128 0xf
 414 056d 52656164 		.string	"ReadyTasks"
 414      79546173 
 414      6B7300
 415 0578 01       		.byte	0x1
 416 0579 1404     		.uahalf	0x414
 417 057b C70D0000 		.uaword	0xdc7
 418 057f 02       		.byte	0x2
 419 0580 23       		.byte	0x23
 420 0581 1C       		.uleb128 0x1c
 421 0582 0F       		.uleb128 0xf
 422 0583 52756E6E 		.string	"RunningISR"
 422      696E6749 
 422      535200
 423 058e 01       		.byte	0x1
 424 058f 1504     		.uahalf	0x415
 425 0591 CC0D0000 		.uaword	0xdcc
 426 0595 02       		.byte	0x2
 427 0596 23       		.byte	0x23
 428 0597 20       		.uleb128 0x20
 429 0598 0F       		.uleb128 0xf
 430 0599 52756E6E 		.string	"RunningTask"
 430      696E6754 
 430      61736B00 
 431 05a5 01       		.byte	0x1
 432 05a6 1604     		.uahalf	0x416
 433 05a8 D10D0000 		.uaword	0xdd1
 434 05ac 02       		.byte	0x2
 435 05ad 23       		.byte	0x23
 436 05ae 24       		.uleb128 0x24
 437 05af 0F       		.uleb128 0xf
 438 05b0 52756E6E 		.string	"RunningTPMask"
 438      696E6754 
GAS Infineon TriCore Little Endian C:\\Users\\user1\\AppData\\Local\\Temp\\rta_RTAOS_638388406317960277_1736001\\ccTzFS5S.s 			page 11


 438      504D6173 
 438      6B00
 439 05be 01       		.byte	0x1
 440 05bf 1704     		.uahalf	0x417
 441 05c1 D60D0000 		.uaword	0xdd6
 442 05c5 02       		.byte	0x2
 443 05c6 23       		.byte	0x23
 444 05c7 28       		.uleb128 0x28
 445 05c8 0F       		.uleb128 0xf
 446 05c9 5465726D 		.string	"TerminatingTasks"
 446      696E6174 
 446      696E6754 
 446      61736B73 
 446      00
 447 05da 01       		.byte	0x1
 448 05db 1804     		.uahalf	0x418
 449 05dd C70D0000 		.uaword	0xdc7
 450 05e1 02       		.byte	0x2
 451 05e2 23       		.byte	0x23
 452 05e3 2C       		.uleb128 0x2c
 453 05e4 0F       		.uleb128 0xf
 454 05e5 4170706C 		.string	"Application"
 454      69636174 
 454      696F6E00 
 455 05f1 01       		.byte	0x1
 456 05f2 1904     		.uahalf	0x419
 457 05f4 D9030000 		.uaword	0x3d9
 458 05f8 02       		.byte	0x2
 459 05f9 23       		.byte	0x23
 460 05fa 30       		.uleb128 0x30
 461 05fb 0F       		.uleb128 0xf
 462 05fc 43757272 		.string	"CurrentTerminator"
 462      656E7454 
 462      65726D69 
 462      6E61746F 
 462      7200
 463 060e 01       		.byte	0x1
 464 060f 1A04     		.uahalf	0x41a
 465 0611 DB0D0000 		.uaword	0xddb
 466 0615 02       		.byte	0x2
 467 0616 23       		.byte	0x23
 468 0617 34       		.uleb128 0x34
 469 0618 0F       		.uleb128 0xf
 470 0619 43757272 		.string	"CurrentMeteredObject"
 470      656E744D 
 470      65746572 
 470      65644F62 
 470      6A656374 
 471 062e 01       		.byte	0x1
 472 062f 1B04     		.uahalf	0x41b
 473 0631 6A070000 		.uaword	0x76a
 474 0635 02       		.byte	0x2
 475 0636 23       		.byte	0x23
 476 0637 38       		.uleb128 0x38
 477 0638 0F       		.uleb128 0xf
 478 0639 49646C65 		.string	"IdleMeter"
 478      4D657465 
GAS Infineon TriCore Little Endian C:\\Users\\user1\\AppData\\Local\\Temp\\rta_RTAOS_638388406317960277_1736001\\ccTzFS5S.s 			page 12


 478      7200
 479 0643 01       		.byte	0x1
 480 0644 1C04     		.uahalf	0x41c
 481 0646 51070000 		.uaword	0x751
 482 064a 02       		.byte	0x2
 483 064b 23       		.byte	0x23
 484 064c 3C       		.uleb128 0x3c
 485 064d 0F       		.uleb128 0xf
 486 064e 41707041 		.string	"AppAccess"
 486      63636573 
 486      7300
 487 0658 01       		.byte	0x1
 488 0659 1D04     		.uahalf	0x41d
 489 065b 80010000 		.uaword	0x180
 490 065f 02       		.byte	0x2
 491 0660 23       		.byte	0x23
 492 0661 48       		.uleb128 0x48
 493 0662 0F       		.uleb128 0xf
 494 0663 4170704F 		.string	"AppOverride"
 494      76657272 
 494      69646500 
 495 066f 01       		.byte	0x1
 496 0670 1E04     		.uahalf	0x41e
 497 0672 E00D0000 		.uaword	0xde0
 498 0676 02       		.byte	0x2
 499 0677 23       		.byte	0x23
 500 0678 49       		.uleb128 0x49
 501 0679 0F       		.uleb128 0xf
 502 067a 47657453 		.string	"GetStackValueAdjust"
 502      7461636B 
 502      56616C75 
 502      6541646A 
 502      75737400 
 503 068e 01       		.byte	0x1
 504 068f 1F04     		.uahalf	0x41f
 505 0691 9A030000 		.uaword	0x39a
 506 0695 02       		.byte	0x2
 507 0696 23       		.byte	0x23
 508 0697 4C       		.uleb128 0x4c
 509 0698 0F       		.uleb128 0xf
 510 0699 496E4572 		.string	"InErrorHook"
 510      726F7248 
 510      6F6F6B00 
 511 06a5 01       		.byte	0x1
 512 06a6 2004     		.uahalf	0x420
 513 06a8 41020000 		.uaword	0x241
 514 06ac 02       		.byte	0x2
 515 06ad 23       		.byte	0x23
 516 06ae 54       		.uleb128 0x54
 517 06af 0F       		.uleb128 0xf
 518 06b0 496E5072 		.string	"InProtectionHook"
 518      6F746563 
 518      74696F6E 
 518      486F6F6B 
 518      00
 519 06c1 01       		.byte	0x1
 520 06c2 2104     		.uahalf	0x421
GAS Infineon TriCore Little Endian C:\\Users\\user1\\AppData\\Local\\Temp\\rta_RTAOS_638388406317960277_1736001\\ccTzFS5S.s 			page 13


 521 06c4 41020000 		.uaword	0x241
 522 06c8 02       		.byte	0x2
 523 06c9 23       		.byte	0x23
 524 06ca 55       		.uleb128 0x55
 525 06cb 0F       		.uleb128 0xf
 526 06cc 436F7265 		.string	"CoreIsActive"
 526      49734163 
 526      74697665 
 526      00
 527 06d9 01       		.byte	0x1
 528 06da 2204     		.uahalf	0x422
 529 06dc 41020000 		.uaword	0x241
 530 06e0 02       		.byte	0x2
 531 06e1 23       		.byte	0x23
 532 06e2 56       		.uleb128 0x56
 533 06e3 0F       		.uleb128 0xf
 534 06e4 496E5368 		.string	"InShutdownHook"
 534      7574646F 
 534      776E486F 
 534      6F6B00
 535 06f3 01       		.byte	0x1
 536 06f4 2304     		.uahalf	0x423
 537 06f6 41020000 		.uaword	0x241
 538 06fa 02       		.byte	0x2
 539 06fb 23       		.byte	0x23
 540 06fc 57       		.uleb128 0x57
 541 06fd 00       		.byte	0
 542 06fe 0E       		.uleb128 0xe
 543 06ff 4F735F4D 		.string	"Os_MeterInfoType_s"
 543      65746572 
 543      496E666F 
 543      54797065 
 543      5F7300
 544 0712 0C       		.byte	0xc
 545 0713 01       		.byte	0x1
 546 0714 7201     		.uahalf	0x172
 547 0716 51070000 		.uaword	0x751
 548 071a 0F       		.uleb128 0xf
 549 071b 656C6170 		.string	"elapsed"
 549      73656400 
 550 0723 01       		.byte	0x1
 551 0724 7301     		.uahalf	0x173
 552 0726 1C040000 		.uaword	0x41c
 553 072a 02       		.byte	0x2
 554 072b 23       		.byte	0x23
 555 072c 00       		.uleb128 0
 556 072d 0F       		.uleb128 0xf
 557 072e 70726576 		.string	"previous"
 557      696F7573 
 557      00
 558 0737 01       		.byte	0x1
 559 0738 7401     		.uahalf	0x174
 560 073a 1C040000 		.uaword	0x41c
 561 073e 02       		.byte	0x2
 562 073f 23       		.byte	0x23
 563 0740 04       		.uleb128 0x4
 564 0741 0F       		.uleb128 0xf
GAS Infineon TriCore Little Endian C:\\Users\\user1\\AppData\\Local\\Temp\\rta_RTAOS_638388406317960277_1736001\\ccTzFS5S.s 			page 14


 565 0742 6D617800 		.string	"max"
 566 0746 01       		.byte	0x1
 567 0747 7501     		.uahalf	0x175
 568 0749 1C040000 		.uaword	0x41c
 569 074d 02       		.byte	0x2
 570 074e 23       		.byte	0x23
 571 074f 08       		.uleb128 0x8
 572 0750 00       		.byte	0
 573 0751 0A       		.uleb128 0xa
 574 0752 4F735F4D 		.string	"Os_MeterInfoType"
 574      65746572 
 574      496E666F 
 574      54797065 
 574      00
 575 0763 01       		.byte	0x1
 576 0764 7601     		.uahalf	0x176
 577 0766 FE060000 		.uaword	0x6fe
 578 076a 0A       		.uleb128 0xa
 579 076b 4F735F4D 		.string	"Os_MeterInfoRefType"
 579      65746572 
 579      496E666F 
 579      52656654 
 579      79706500 
 580 077f 01       		.byte	0x1
 581 0780 7701     		.uahalf	0x177
 582 0782 86070000 		.uaword	0x786
 583 0786 08       		.uleb128 0x8
 584 0787 04       		.byte	0x4
 585 0788 51070000 		.uaword	0x751
 586 078c 0A       		.uleb128 0xa
 587 078d 4F735F69 		.string	"Os_imaskType"
 587      6D61736B 
 587      54797065 
 587      00
 588 079a 01       		.byte	0x1
 589 079b 7F01     		.uahalf	0x17f
 590 079d C2010000 		.uaword	0x1c2
 591 07a1 0E       		.uleb128 0xe
 592 07a2 4F735F49 		.string	"Os_ISRDynType_s"
 592      53524479 
 592      6E547970 
 592      655F7300 
 593 07b2 10       		.byte	0x10
 594 07b3 01       		.byte	0x1
 595 07b4 8101     		.uahalf	0x181
 596 07b6 F2070000 		.uaword	0x7f2
 597 07ba 10       		.uleb128 0x10
 598 07bb 00000000 		.uaword	.LASF0
 599 07bf 01       		.byte	0x1
 600 07c0 8201     		.uahalf	0x182
 601 07c2 28030000 		.uaword	0x328
 602 07c6 02       		.byte	0x2
 603 07c7 23       		.byte	0x23
 604 07c8 00       		.uleb128 0
 605 07c9 0F       		.uleb128 0xf
 606 07ca 7465726D 		.string	"terminating"
 606      696E6174 
GAS Infineon TriCore Little Endian C:\\Users\\user1\\AppData\\Local\\Temp\\rta_RTAOS_638388406317960277_1736001\\ccTzFS5S.s 			page 15


 606      696E6700 
 607 07d6 01       		.byte	0x1
 608 07d7 8301     		.uahalf	0x183
 609 07d9 41020000 		.uaword	0x241
 610 07dd 02       		.byte	0x2
 611 07de 23       		.byte	0x23
 612 07df 01       		.uleb128 0x1
 613 07e0 0F       		.uleb128 0xf
 614 07e1 6D657465 		.string	"meter"
 614      7200
 615 07e7 01       		.byte	0x1
 616 07e8 8401     		.uahalf	0x184
 617 07ea 51070000 		.uaword	0x751
 618 07ee 02       		.byte	0x2
 619 07ef 23       		.byte	0x23
 620 07f0 04       		.uleb128 0x4
 621 07f1 00       		.byte	0
 622 07f2 0A       		.uleb128 0xa
 623 07f3 4F735F49 		.string	"Os_ISRDynType"
 623      53524479 
 623      6E547970 
 623      6500
 624 0801 01       		.byte	0x1
 625 0802 8501     		.uahalf	0x185
 626 0804 A1070000 		.uaword	0x7a1
 627 0808 0A       		.uleb128 0xa
 628 0809 4F735F49 		.string	"Os_IsrTerminatedFunctionType"
 628      73725465 
 628      726D696E 
 628      61746564 
 628      46756E63 
 629 0826 01       		.byte	0x1
 630 0827 8601     		.uahalf	0x186
 631 0829 D1030000 		.uaword	0x3d1
 632 082d 0E       		.uleb128 0xe
 633 082e 4F735F49 		.string	"Os_ISRType_s"
 633      53525479 
 633      70655F73 
 633      00
 634 083b 18       		.byte	0x18
 635 083c 01       		.byte	0x1
 636 083d 8701     		.uahalf	0x187
 637 083f C1080000 		.uaword	0x8c1
 638 0843 10       		.uleb128 0x10
 639 0844 00000000 		.uaword	.LASF1
 640 0848 01       		.byte	0x1
 641 0849 8801     		.uahalf	0x188
 642 084b B2030000 		.uaword	0x3b2
 643 084f 02       		.byte	0x2
 644 0850 23       		.byte	0x23
 645 0851 00       		.uleb128 0
 646 0852 0F       		.uleb128 0xf
 647 0853 7465726D 		.string	"terminated_function"
 647      696E6174 
 647      65645F66 
 647      756E6374 
 647      696F6E00 
GAS Infineon TriCore Little Endian C:\\Users\\user1\\AppData\\Local\\Temp\\rta_RTAOS_638388406317960277_1736001\\ccTzFS5S.s 			page 16


 648 0867 01       		.byte	0x1
 649 0868 8901     		.uahalf	0x189
 650 086a 08080000 		.uaword	0x808
 651 086e 02       		.byte	0x2
 652 086f 23       		.byte	0x23
 653 0870 04       		.uleb128 0x4
 654 0871 10       		.uleb128 0x10
 655 0872 00000000 		.uaword	.LASF2
 656 0876 01       		.byte	0x1
 657 0877 8A01     		.uahalf	0x18a
 658 0879 C1080000 		.uaword	0x8c1
 659 087d 02       		.byte	0x2
 660 087e 23       		.byte	0x23
 661 087f 08       		.uleb128 0x8
 662 0880 0F       		.uleb128 0xf
 663 0881 696D6173 		.string	"imask"
 663      6B00
 664 0887 01       		.byte	0x1
 665 0888 8B01     		.uahalf	0x18b
 666 088a 8C070000 		.uaword	0x78c
 667 088e 02       		.byte	0x2
 668 088f 23       		.byte	0x23
 669 0890 0C       		.uleb128 0xc
 670 0891 0F       		.uleb128 0xf
 671 0892 696E6465 		.string	"index"
 671      7800
 672 0898 01       		.byte	0x1
 673 0899 8C01     		.uahalf	0x18c
 674 089b C2010000 		.uaword	0x1c2
 675 089f 02       		.byte	0x2
 676 08a0 23       		.byte	0x23
 677 08a1 10       		.uleb128 0x10
 678 08a2 10       		.uleb128 0x10
 679 08a3 00000000 		.uaword	.LASF3
 680 08a7 01       		.byte	0x1
 681 08a8 8D01     		.uahalf	0x18d
 682 08aa 80010000 		.uaword	0x180
 683 08ae 02       		.byte	0x2
 684 08af 23       		.byte	0x23
 685 08b0 14       		.uleb128 0x14
 686 08b1 10       		.uleb128 0x10
 687 08b2 00000000 		.uaword	.LASF4
 688 08b6 01       		.byte	0x1
 689 08b7 8E01     		.uahalf	0x18e
 690 08b9 D9030000 		.uaword	0x3d9
 691 08bd 02       		.byte	0x2
 692 08be 23       		.byte	0x23
 693 08bf 15       		.uleb128 0x15
 694 08c0 00       		.byte	0
 695 08c1 11       		.uleb128 0x11
 696 08c2 C6080000 		.uaword	0x8c6
 697 08c6 08       		.uleb128 0x8
 698 08c7 04       		.byte	0x4
 699 08c8 F2070000 		.uaword	0x7f2
 700 08cc 0A       		.uleb128 0xa
 701 08cd 4F735F49 		.string	"Os_ISRType"
 701      53525479 
GAS Infineon TriCore Little Endian C:\\Users\\user1\\AppData\\Local\\Temp\\rta_RTAOS_638388406317960277_1736001\\ccTzFS5S.s 			page 17


 701      706500
 702 08d8 01       		.byte	0x1
 703 08d9 8F01     		.uahalf	0x18f
 704 08db 2D080000 		.uaword	0x82d
 705 08df 0A       		.uleb128 0xa
 706 08e0 49535254 		.string	"ISRType"
 706      79706500 
 707 08e8 01       		.byte	0x1
 708 08e9 9001     		.uahalf	0x190
 709 08eb EF080000 		.uaword	0x8ef
 710 08ef 08       		.uleb128 0x8
 711 08f0 04       		.byte	0x4
 712 08f1 F5080000 		.uaword	0x8f5
 713 08f5 11       		.uleb128 0x11
 714 08f6 CC080000 		.uaword	0x8cc
 715 08fa 0A       		.uleb128 0xa
 716 08fb 4F735F62 		.string	"Os_bitmask"
 716      69746D61 
 716      736B00
 717 0906 01       		.byte	0x1
 718 0907 A201     		.uahalf	0x1a2
 719 0909 D0010000 		.uaword	0x1d0
 720 090d 0A       		.uleb128 0xa
 721 090e 4F735F70 		.string	"Os_pset0Type"
 721      73657430 
 721      54797065 
 721      00
 722 091b 01       		.byte	0x1
 723 091c A301     		.uahalf	0x1a3
 724 091e FA080000 		.uaword	0x8fa
 725 0922 0A       		.uleb128 0xa
 726 0923 4F735F70 		.string	"Os_pset1Type"
 726      73657431 
 726      54797065 
 726      00
 727 0930 01       		.byte	0x1
 728 0931 A401     		.uahalf	0x1a4
 729 0933 FA080000 		.uaword	0x8fa
 730 0937 0A       		.uleb128 0xa
 731 0938 4F735F70 		.string	"Os_pset2Type"
 731      73657432 
 731      54797065 
 731      00
 732 0945 01       		.byte	0x1
 733 0946 A501     		.uahalf	0x1a5
 734 0948 FA080000 		.uaword	0x8fa
 735 094c 12       		.uleb128 0x12
 736 094d 04       		.byte	0x4
 737 094e 01       		.byte	0x1
 738 094f A601     		.uahalf	0x1a6
 739 0951 77090000 		.uaword	0x977
 740 0955 13       		.uleb128 0x13
 741 0956 703000   		.string	"p0"
 742 0959 01       		.byte	0x1
 743 095a A701     		.uahalf	0x1a7
 744 095c 0D090000 		.uaword	0x90d
 745 0960 13       		.uleb128 0x13
GAS Infineon TriCore Little Endian C:\\Users\\user1\\AppData\\Local\\Temp\\rta_RTAOS_638388406317960277_1736001\\ccTzFS5S.s 			page 18


 746 0961 703100   		.string	"p1"
 747 0964 01       		.byte	0x1
 748 0965 A801     		.uahalf	0x1a8
 749 0967 22090000 		.uaword	0x922
 750 096b 13       		.uleb128 0x13
 751 096c 703200   		.string	"p2"
 752 096f 01       		.byte	0x1
 753 0970 A901     		.uahalf	0x1a9
 754 0972 37090000 		.uaword	0x937
 755 0976 00       		.byte	0
 756 0977 0A       		.uleb128 0xa
 757 0978 4F735F70 		.string	"Os_psetType"
 757      73657454 
 757      79706500 
 758 0984 01       		.byte	0x1
 759 0985 AA01     		.uahalf	0x1aa
 760 0987 4C090000 		.uaword	0x94c
 761 098b 12       		.uleb128 0x12
 762 098c 04       		.byte	0x4
 763 098d 01       		.byte	0x1
 764 098e AC01     		.uahalf	0x1ac
 765 0990 B6090000 		.uaword	0x9b6
 766 0994 13       		.uleb128 0x13
 767 0995 743000   		.string	"t0"
 768 0998 01       		.byte	0x1
 769 0999 AD01     		.uahalf	0x1ad
 770 099b FA080000 		.uaword	0x8fa
 771 099f 13       		.uleb128 0x13
 772 09a0 743100   		.string	"t1"
 773 09a3 01       		.byte	0x1
 774 09a4 AE01     		.uahalf	0x1ae
 775 09a6 FA080000 		.uaword	0x8fa
 776 09aa 13       		.uleb128 0x13
 777 09ab 743200   		.string	"t2"
 778 09ae 01       		.byte	0x1
 779 09af AF01     		.uahalf	0x1af
 780 09b1 FA080000 		.uaword	0x8fa
 781 09b5 00       		.byte	0
 782 09b6 0A       		.uleb128 0xa
 783 09b7 4F735F74 		.string	"Os_tpmaskType"
 783      706D6173 
 783      6B547970 
 783      6500
 784 09c5 01       		.byte	0x1
 785 09c6 B001     		.uahalf	0x1b0
 786 09c8 8B090000 		.uaword	0x98b
 787 09cc 0A       		.uleb128 0xa
 788 09cd 4F735F41 		.string	"Os_ActivationCountType"
 788      63746976 
 788      6174696F 
 788      6E436F75 
 788      6E745479 
 789 09e4 01       		.byte	0x1
 790 09e5 B101     		.uahalf	0x1b1
 791 09e7 8D010000 		.uaword	0x18d
 792 09eb 0E       		.uleb128 0xe
 793 09ec 4F735F54 		.string	"Os_TaskDynType_s"
GAS Infineon TriCore Little Endian C:\\Users\\user1\\AppData\\Local\\Temp\\rta_RTAOS_638388406317960277_1736001\\ccTzFS5S.s 			page 19


 793      61736B44 
 793      796E5479 
 793      70655F73 
 793      00
 794 09fd 5C       		.byte	0x5c
 795 09fe 01       		.byte	0x1
 796 09ff B301     		.uahalf	0x1b3
 797 0a01 A60A0000 		.uaword	0xaa6
 798 0a05 0F       		.uleb128 0xf
 799 0a06 6C617374 		.string	"last_activation"
 799      5F616374 
 799      69766174 
 799      696F6E00 
 800 0a16 01       		.byte	0x1
 801 0a17 B401     		.uahalf	0x1b4
 802 0a19 1C040000 		.uaword	0x41c
 803 0a1d 02       		.byte	0x2
 804 0a1e 23       		.byte	0x23
 805 0a1f 00       		.uleb128 0
 806 0a20 0F       		.uleb128 0xf
 807 0a21 7465726D 		.string	"terminate_jump_buf"
 807      696E6174 
 807      655F6A75 
 807      6D705F62 
 807      756600
 808 0a34 01       		.byte	0x1
 809 0a35 B501     		.uahalf	0x1b5
 810 0a37 02030000 		.uaword	0x302
 811 0a3b 02       		.byte	0x2
 812 0a3c 23       		.byte	0x23
 813 0a3d 04       		.uleb128 0x4
 814 0a3e 0F       		.uleb128 0xf
 815 0a3f 6D657465 		.string	"meter"
 815      7200
 816 0a45 01       		.byte	0x1
 817 0a46 B601     		.uahalf	0x1b6
 818 0a48 51070000 		.uaword	0x751
 819 0a4c 02       		.byte	0x2
 820 0a4d 23       		.byte	0x23
 821 0a4e 48       		.uleb128 0x48
 822 0a4f 0F       		.uleb128 0xf
 823 0a50 7365656E 		.string	"seen_activation"
 823      5F616374 
 823      69766174 
 823      696F6E00 
 824 0a60 01       		.byte	0x1
 825 0a61 B701     		.uahalf	0x1b7
 826 0a63 41020000 		.uaword	0x241
 827 0a67 02       		.byte	0x2
 828 0a68 23       		.byte	0x23
 829 0a69 54       		.uleb128 0x54
 830 0a6a 10       		.uleb128 0x10
 831 0a6b 00000000 		.uaword	.LASF5
 832 0a6f 01       		.byte	0x1
 833 0a70 B801     		.uahalf	0x1b8
 834 0a72 CC090000 		.uaword	0x9cc
 835 0a76 02       		.byte	0x2
GAS Infineon TriCore Little Endian C:\\Users\\user1\\AppData\\Local\\Temp\\rta_RTAOS_638388406317960277_1736001\\ccTzFS5S.s 			page 20


 836 0a77 23       		.byte	0x23
 837 0a78 55       		.uleb128 0x55
 838 0a79 10       		.uleb128 0x10
 839 0a7a 00000000 		.uaword	.LASF0
 840 0a7e 01       		.byte	0x1
 841 0a7f B901     		.uahalf	0x1b9
 842 0a81 28030000 		.uaword	0x328
 843 0a85 02       		.byte	0x2
 844 0a86 23       		.byte	0x23
 845 0a87 56       		.uleb128 0x56
 846 0a88 0F       		.uleb128 0xf
 847 0a89 7465726D 		.string	"termination_state"
 847      696E6174 
 847      696F6E5F 
 847      73746174 
 847      6500
 848 0a9b 01       		.byte	0x1
 849 0a9c BA01     		.uahalf	0x1ba
 850 0a9e C2010000 		.uaword	0x1c2
 851 0aa2 02       		.byte	0x2
 852 0aa3 23       		.byte	0x23
 853 0aa4 58       		.uleb128 0x58
 854 0aa5 00       		.byte	0
 855 0aa6 0A       		.uleb128 0xa
 856 0aa7 4F735F54 		.string	"Os_TaskDynType"
 856      61736B44 
 856      796E5479 
 856      706500
 857 0ab6 01       		.byte	0x1
 858 0ab7 BB01     		.uahalf	0x1bb
 859 0ab9 EB090000 		.uaword	0x9eb
 860 0abd 0E       		.uleb128 0xe
 861 0abe 4F735F54 		.string	"Os_TaskType_s"
 861      61736B54 
 861      7970655F 
 861      7300
 862 0acc 20       		.byte	0x20
 863 0acd 01       		.byte	0x1
 864 0ace BD01     		.uahalf	0x1bd
 865 0ad0 7A0B0000 		.uaword	0xb7a
 866 0ad4 10       		.uleb128 0x10
 867 0ad5 00000000 		.uaword	.LASF2
 868 0ad9 01       		.byte	0x1
 869 0ada BE01     		.uahalf	0x1be
 870 0adc 7A0B0000 		.uaword	0xb7a
 871 0ae0 02       		.byte	0x2
 872 0ae1 23       		.byte	0x23
 873 0ae2 00       		.uleb128 0
 874 0ae3 10       		.uleb128 0x10
 875 0ae4 00000000 		.uaword	.LASF1
 876 0ae8 01       		.byte	0x1
 877 0ae9 BF01     		.uahalf	0x1bf
 878 0aeb B2030000 		.uaword	0x3b2
 879 0aef 02       		.byte	0x2
 880 0af0 23       		.byte	0x23
 881 0af1 04       		.uleb128 0x4
 882 0af2 0F       		.uleb128 0xf
GAS Infineon TriCore Little Endian C:\\Users\\user1\\AppData\\Local\\Temp\\rta_RTAOS_638388406317960277_1736001\\ccTzFS5S.s 			page 21


 883 0af3 70736574 		.string	"pset"
 883      00
 884 0af8 01       		.byte	0x1
 885 0af9 C001     		.uahalf	0x1c0
 886 0afb 77090000 		.uaword	0x977
 887 0aff 02       		.byte	0x2
 888 0b00 23       		.byte	0x23
 889 0b01 08       		.uleb128 0x8
 890 0b02 0F       		.uleb128 0xf
 891 0b03 62617365 		.string	"base_tpmask"
 891      5F74706D 
 891      61736B00 
 892 0b0f 01       		.byte	0x1
 893 0b10 C101     		.uahalf	0x1c1
 894 0b12 B6090000 		.uaword	0x9b6
 895 0b16 02       		.byte	0x2
 896 0b17 23       		.byte	0x23
 897 0b18 0C       		.uleb128 0xc
 898 0b19 10       		.uleb128 0x10
 899 0b1a 00000000 		.uaword	.LASF6
 900 0b1e 01       		.byte	0x1
 901 0b1f C201     		.uahalf	0x1c2
 902 0b21 B6090000 		.uaword	0x9b6
 903 0b25 02       		.byte	0x2
 904 0b26 23       		.byte	0x23
 905 0b27 10       		.uleb128 0x10
 906 0b28 0F       		.uleb128 0xf
 907 0b29 636F7265 		.string	"core_id"
 907      5F696400 
 908 0b31 01       		.byte	0x1
 909 0b32 C301     		.uahalf	0x1c3
 910 0b34 6C040000 		.uaword	0x46c
 911 0b38 02       		.byte	0x2
 912 0b39 23       		.byte	0x23
 913 0b3a 14       		.uleb128 0x14
 914 0b3b 0F       		.uleb128 0xf
 915 0b3c 696E6465 		.string	"index"
 915      7800
 916 0b42 01       		.byte	0x1
 917 0b43 C401     		.uahalf	0x1c4
 918 0b45 C2010000 		.uaword	0x1c2
 919 0b49 02       		.byte	0x2
 920 0b4a 23       		.byte	0x23
 921 0b4b 18       		.uleb128 0x18
 922 0b4c 10       		.uleb128 0x10
 923 0b4d 00000000 		.uaword	.LASF5
 924 0b51 01       		.byte	0x1
 925 0b52 C501     		.uahalf	0x1c5
 926 0b54 CC090000 		.uaword	0x9cc
 927 0b58 02       		.byte	0x2
 928 0b59 23       		.byte	0x23
 929 0b5a 1C       		.uleb128 0x1c
 930 0b5b 10       		.uleb128 0x10
 931 0b5c 00000000 		.uaword	.LASF3
 932 0b60 01       		.byte	0x1
 933 0b61 C601     		.uahalf	0x1c6
 934 0b63 80010000 		.uaword	0x180
GAS Infineon TriCore Little Endian C:\\Users\\user1\\AppData\\Local\\Temp\\rta_RTAOS_638388406317960277_1736001\\ccTzFS5S.s 			page 22


 935 0b67 02       		.byte	0x2
 936 0b68 23       		.byte	0x23
 937 0b69 1D       		.uleb128 0x1d
 938 0b6a 10       		.uleb128 0x10
 939 0b6b 00000000 		.uaword	.LASF4
 940 0b6f 01       		.byte	0x1
 941 0b70 C701     		.uahalf	0x1c7
 942 0b72 D9030000 		.uaword	0x3d9
 943 0b76 02       		.byte	0x2
 944 0b77 23       		.byte	0x23
 945 0b78 1E       		.uleb128 0x1e
 946 0b79 00       		.byte	0
 947 0b7a 11       		.uleb128 0x11
 948 0b7b 7F0B0000 		.uaword	0xb7f
 949 0b7f 08       		.uleb128 0x8
 950 0b80 04       		.byte	0x4
 951 0b81 A60A0000 		.uaword	0xaa6
 952 0b85 0A       		.uleb128 0xa
 953 0b86 4F735F54 		.string	"Os_TaskType"
 953      61736B54 
 953      79706500 
 954 0b92 01       		.byte	0x1
 955 0b93 C801     		.uahalf	0x1c8
 956 0b95 BD0A0000 		.uaword	0xabd
 957 0b99 0A       		.uleb128 0xa
 958 0b9a 5461736B 		.string	"TaskType"
 958      54797065 
 958      00
 959 0ba3 01       		.byte	0x1
 960 0ba4 C901     		.uahalf	0x1c9
 961 0ba6 AA0B0000 		.uaword	0xbaa
 962 0baa 08       		.uleb128 0x8
 963 0bab 04       		.byte	0x4
 964 0bac B00B0000 		.uaword	0xbb0
 965 0bb0 11       		.uleb128 0x11
 966 0bb1 850B0000 		.uaword	0xb85
 967 0bb5 12       		.uleb128 0x12
 968 0bb6 04       		.byte	0x4
 969 0bb7 01       		.byte	0x1
 970 0bb8 E101     		.uahalf	0x1e1
 971 0bba D90B0000 		.uaword	0xbd9
 972 0bbe 14       		.uleb128 0x14
 973 0bbf 00000000 		.uaword	.LASF6
 974 0bc3 01       		.byte	0x1
 975 0bc4 E201     		.uahalf	0x1e2
 976 0bc6 B6090000 		.uaword	0x9b6
 977 0bca 13       		.uleb128 0x13
 978 0bcb 696D6173 		.string	"imask"
 978      6B00
 979 0bd1 01       		.byte	0x1
 980 0bd2 E301     		.uahalf	0x1e3
 981 0bd4 8C070000 		.uaword	0x78c
 982 0bd8 00       		.byte	0
 983 0bd9 0E       		.uleb128 0xe
 984 0bda 4F735F52 		.string	"Os_ResourceDynType_s"
 984      65736F75 
 984      72636544 
GAS Infineon TriCore Little Endian C:\\Users\\user1\\AppData\\Local\\Temp\\rta_RTAOS_638388406317960277_1736001\\ccTzFS5S.s 			page 23


 984      796E5479 
 984      70655F73 
 985 0bef 0C       		.byte	0xc
 986 0bf0 01       		.byte	0x1
 987 0bf1 DE01     		.uahalf	0x1de
 988 0bf3 3C0C0000 		.uaword	0xc3c
 989 0bf7 0F       		.uleb128 0xf
 990 0bf8 61636365 		.string	"access_count"
 990      73735F63 
 990      6F756E74 
 990      00
 991 0c05 01       		.byte	0x1
 992 0c06 DF01     		.uahalf	0x1df
 993 0c08 28030000 		.uaword	0x328
 994 0c0c 02       		.byte	0x2
 995 0c0d 23       		.byte	0x23
 996 0c0e 00       		.uleb128 0
 997 0c0f 0F       		.uleb128 0xf
 998 0c10 6C6F636B 		.string	"locker"
 998      657200
 999 0c17 01       		.byte	0x1
 1000 0c18 E001     		.uahalf	0x1e0
 1001 0c1a 990B0000 		.uaword	0xb99
 1002 0c1e 02       		.byte	0x2
 1003 0c1f 23       		.byte	0x23
 1004 0c20 04       		.uleb128 0x4
 1005 0c21 0F       		.uleb128 0xf
 1006 0c22 73617665 		.string	"saved_priority"
 1006      645F7072 
 1006      696F7269 
 1006      747900
 1007 0c31 01       		.byte	0x1
 1008 0c32 E401     		.uahalf	0x1e4
 1009 0c34 B50B0000 		.uaword	0xbb5
 1010 0c38 02       		.byte	0x2
 1011 0c39 23       		.byte	0x23
 1012 0c3a 08       		.uleb128 0x8
 1013 0c3b 00       		.byte	0
 1014 0c3c 0A       		.uleb128 0xa
 1015 0c3d 4F735F52 		.string	"Os_ResourceDynType"
 1015      65736F75 
 1015      72636544 
 1015      796E5479 
 1015      706500
 1016 0c50 01       		.byte	0x1
 1017 0c51 E501     		.uahalf	0x1e5
 1018 0c53 D90B0000 		.uaword	0xbd9
 1019 0c57 0E       		.uleb128 0xe
 1020 0c58 4F735F52 		.string	"Os_ResourceType_s"
 1020      65736F75 
 1020      72636554 
 1020      7970655F 
 1020      7300
 1021 0c6a 10       		.byte	0x10
 1022 0c6b 01       		.byte	0x1
 1023 0c6c E601     		.uahalf	0x1e6
 1024 0c6e B10C0000 		.uaword	0xcb1
GAS Infineon TriCore Little Endian C:\\Users\\user1\\AppData\\Local\\Temp\\rta_RTAOS_638388406317960277_1736001\\ccTzFS5S.s 			page 24


 1025 0c72 10       		.uleb128 0x10
 1026 0c73 00000000 		.uaword	.LASF2
 1027 0c77 01       		.byte	0x1
 1028 0c78 E701     		.uahalf	0x1e7
 1029 0c7a B10C0000 		.uaword	0xcb1
 1030 0c7e 02       		.byte	0x2
 1031 0c7f 23       		.byte	0x23
 1032 0c80 00       		.uleb128 0
 1033 0c81 10       		.uleb128 0x10
 1034 0c82 00000000 		.uaword	.LASF6
 1035 0c86 01       		.byte	0x1
 1036 0c87 E801     		.uahalf	0x1e8
 1037 0c89 B6090000 		.uaword	0x9b6
 1038 0c8d 02       		.byte	0x2
 1039 0c8e 23       		.byte	0x23
 1040 0c8f 04       		.uleb128 0x4
 1041 0c90 0F       		.uleb128 0xf
 1042 0c91 696D6173 		.string	"imask"
 1042      6B00
 1043 0c97 01       		.byte	0x1
 1044 0c98 E901     		.uahalf	0x1e9
 1045 0c9a 8C070000 		.uaword	0x78c
 1046 0c9e 02       		.byte	0x2
 1047 0c9f 23       		.byte	0x23
 1048 0ca0 08       		.uleb128 0x8
 1049 0ca1 10       		.uleb128 0x10
 1050 0ca2 00000000 		.uaword	.LASF3
 1051 0ca6 01       		.byte	0x1
 1052 0ca7 EA01     		.uahalf	0x1ea
 1053 0ca9 80010000 		.uaword	0x180
 1054 0cad 02       		.byte	0x2
 1055 0cae 23       		.byte	0x23
 1056 0caf 0C       		.uleb128 0xc
 1057 0cb0 00       		.byte	0
 1058 0cb1 11       		.uleb128 0x11
 1059 0cb2 B60C0000 		.uaword	0xcb6
 1060 0cb6 08       		.uleb128 0x8
 1061 0cb7 04       		.byte	0x4
 1062 0cb8 3C0C0000 		.uaword	0xc3c
 1063 0cbc 0A       		.uleb128 0xa
 1064 0cbd 4F735F52 		.string	"Os_ResourceType"
 1064      65736F75 
 1064      72636554 
 1064      79706500 
 1065 0ccd 01       		.byte	0x1
 1066 0cce EB01     		.uahalf	0x1eb
 1067 0cd0 570C0000 		.uaword	0xc57
 1068 0cd4 0A       		.uleb128 0xa
 1069 0cd5 5265736F 		.string	"ResourceType"
 1069      75726365 
 1069      54797065 
 1069      00
 1070 0ce2 01       		.byte	0x1
 1071 0ce3 EC01     		.uahalf	0x1ec
 1072 0ce5 E90C0000 		.uaword	0xce9
 1073 0ce9 08       		.uleb128 0x8
 1074 0cea 04       		.byte	0x4
GAS Infineon TriCore Little Endian C:\\Users\\user1\\AppData\\Local\\Temp\\rta_RTAOS_638388406317960277_1736001\\ccTzFS5S.s 			page 25


 1075 0ceb EF0C0000 		.uaword	0xcef
 1076 0cef 11       		.uleb128 0x11
 1077 0cf0 BC0C0000 		.uaword	0xcbc
 1078 0cf4 0A       		.uleb128 0xa
 1079 0cf5 4F535365 		.string	"OSServiceIdType"
 1079      72766963 
 1079      65496454 
 1079      79706500 
 1080 0d05 01       		.byte	0x1
 1081 0d06 5102     		.uahalf	0x251
 1082 0d08 8D010000 		.uaword	0x18d
 1083 0d0c 0A       		.uleb128 0xa
 1084 0d0d 4F735F42 		.string	"Os_BiggestType"
 1084      69676765 
 1084      73745479 
 1084      706500
 1085 0d1c 01       		.byte	0x1
 1086 0d1d 2503     		.uahalf	0x325
 1087 0d1f D0010000 		.uaword	0x1d0
 1088 0d23 15       		.uleb128 0x15
 1089 0d24 10       		.byte	0x10
 1090 0d25 01       		.byte	0x1
 1091 0d26 2703     		.uahalf	0x327
 1092 0d28 910D0000 		.uaword	0xd91
 1093 0d2c 0F       		.uleb128 0xf
 1094 0d2d 73657276 		.string	"service_id"
 1094      6963655F 
 1094      696400
 1095 0d38 01       		.byte	0x1
 1096 0d39 2803     		.uahalf	0x328
 1097 0d3b F40C0000 		.uaword	0xcf4
 1098 0d3f 02       		.byte	0x2
 1099 0d40 23       		.byte	0x23
 1100 0d41 00       		.uleb128 0
 1101 0d42 0F       		.uleb128 0xf
 1102 0d43 73657276 		.string	"service_param1"
 1102      6963655F 
 1102      70617261 
 1102      6D3100
 1103 0d52 01       		.byte	0x1
 1104 0d53 2903     		.uahalf	0x329
 1105 0d55 0C0D0000 		.uaword	0xd0c
 1106 0d59 02       		.byte	0x2
 1107 0d5a 23       		.byte	0x23
 1108 0d5b 04       		.uleb128 0x4
 1109 0d5c 0F       		.uleb128 0xf
 1110 0d5d 73657276 		.string	"service_param2"
 1110      6963655F 
 1110      70617261 
 1110      6D3200
 1111 0d6c 01       		.byte	0x1
 1112 0d6d 2A03     		.uahalf	0x32a
 1113 0d6f 0C0D0000 		.uaword	0xd0c
 1114 0d73 02       		.byte	0x2
 1115 0d74 23       		.byte	0x23
 1116 0d75 08       		.uleb128 0x8
 1117 0d76 0F       		.uleb128 0xf
GAS Infineon TriCore Little Endian C:\\Users\\user1\\AppData\\Local\\Temp\\rta_RTAOS_638388406317960277_1736001\\ccTzFS5S.s 			page 26


 1118 0d77 73657276 		.string	"service_param3"
 1118      6963655F 
 1118      70617261 
 1118      6D3300
 1119 0d86 01       		.byte	0x1
 1120 0d87 2B03     		.uahalf	0x32b
 1121 0d89 0C0D0000 		.uaword	0xd0c
 1122 0d8d 02       		.byte	0x2
 1123 0d8e 23       		.byte	0x23
 1124 0d8f 0C       		.uleb128 0xc
 1125 0d90 00       		.byte	0
 1126 0d91 0A       		.uleb128 0xa
 1127 0d92 4F735F45 		.string	"Os_ErrorInformationType"
 1127      72726F72 
 1127      496E666F 
 1127      726D6174 
 1127      696F6E54 
 1128 0daa 01       		.byte	0x1
 1129 0dab 2C03     		.uahalf	0x32c
 1130 0dad 230D0000 		.uaword	0xd23
 1131 0db1 0A       		.uleb128 0xa
 1132 0db2 4F735F4F 		.string	"Os_OrtiIdType"
 1132      72746949 
 1132      64547970 
 1132      6500
 1133 0dc0 01       		.byte	0x1
 1134 0dc1 3003     		.uahalf	0x330
 1135 0dc3 8D010000 		.uaword	0x18d
 1136 0dc7 0D       		.uleb128 0xd
 1137 0dc8 77090000 		.uaword	0x977
 1138 0dcc 0D       		.uleb128 0xd
 1139 0dcd DF080000 		.uaword	0x8df
 1140 0dd1 0D       		.uleb128 0xd
 1141 0dd2 990B0000 		.uaword	0xb99
 1142 0dd6 0D       		.uleb128 0xd
 1143 0dd7 B6090000 		.uaword	0x9b6
 1144 0ddb 0D       		.uleb128 0xd
 1145 0ddc 38040000 		.uaword	0x438
 1146 0de0 0D       		.uleb128 0xd
 1147 0de1 D9030000 		.uaword	0x3d9
 1148 0de5 0A       		.uleb128 0xa
 1149 0de6 4F735F43 		.string	"Os_ControlledCoreType"
 1149      6F6E7472 
 1149      6F6C6C65 
 1149      64436F72 
 1149      65547970 
 1150 0dfc 01       		.byte	0x1
 1151 0dfd 2404     		.uahalf	0x424
 1152 0dff 00050000 		.uaword	0x500
 1153 0e03 0E       		.uleb128 0xe
 1154 0e04 4F735F41 		.string	"Os_AnyCoreType_s"
 1154      6E79436F 
 1154      72655479 
 1154      70655F73 
 1154      00
 1155 0e15 64       		.byte	0x64
 1156 0e16 01       		.byte	0x1
GAS Infineon TriCore Little Endian C:\\Users\\user1\\AppData\\Local\\Temp\\rta_RTAOS_638388406317960277_1736001\\ccTzFS5S.s 			page 27


 1157 0e17 3204     		.uahalf	0x432
 1158 0e19 3C0F0000 		.uaword	0xf3c
 1159 0e1d 0F       		.uleb128 0xf
 1160 0e1e 44697361 		.string	"DisableAllImask"
 1160      626C6541 
 1160      6C6C496D 
 1160      61736B00 
 1161 0e2e 01       		.byte	0x1
 1162 0e2f 3304     		.uahalf	0x433
 1163 0e31 3C0F0000 		.uaword	0xf3c
 1164 0e35 02       		.byte	0x2
 1165 0e36 23       		.byte	0x23
 1166 0e37 00       		.uleb128 0
 1167 0e38 0F       		.uleb128 0xf
 1168 0e39 53757370 		.string	"SuspendAllImask"
 1168      656E6441 
 1168      6C6C496D 
 1168      61736B00 
 1169 0e49 01       		.byte	0x1
 1170 0e4a 3404     		.uahalf	0x434
 1171 0e4c 3C0F0000 		.uaword	0xf3c
 1172 0e50 02       		.byte	0x2
 1173 0e51 23       		.byte	0x23
 1174 0e52 04       		.uleb128 0x4
 1175 0e53 0F       		.uleb128 0xf
 1176 0e54 53757370 		.string	"SuspendOSImask"
 1176      656E644F 
 1176      53496D61 
 1176      736B00
 1177 0e63 01       		.byte	0x1
 1178 0e64 3504     		.uahalf	0x435
 1179 0e66 3C0F0000 		.uaword	0xf3c
 1180 0e6a 02       		.byte	0x2
 1181 0e6b 23       		.byte	0x23
 1182 0e6c 08       		.uleb128 0x8
 1183 0e6d 0F       		.uleb128 0xf
 1184 0e6e 44697361 		.string	"DisableAllCount"
 1184      626C6541 
 1184      6C6C436F 
 1184      756E7400 
 1185 0e7e 01       		.byte	0x1
 1186 0e7f 3604     		.uahalf	0x436
 1187 0e81 410F0000 		.uaword	0xf41
 1188 0e85 02       		.byte	0x2
 1189 0e86 23       		.byte	0x23
 1190 0e87 0C       		.uleb128 0xc
 1191 0e88 0F       		.uleb128 0xf
 1192 0e89 53757370 		.string	"SuspendAllCount"
 1192      656E6441 
 1192      6C6C436F 
 1192      756E7400 
 1193 0e99 01       		.byte	0x1
 1194 0e9a 3704     		.uahalf	0x437
 1195 0e9c 410F0000 		.uaword	0xf41
 1196 0ea0 02       		.byte	0x2
 1197 0ea1 23       		.byte	0x23
 1198 0ea2 10       		.uleb128 0x10
GAS Infineon TriCore Little Endian C:\\Users\\user1\\AppData\\Local\\Temp\\rta_RTAOS_638388406317960277_1736001\\ccTzFS5S.s 			page 28


 1199 0ea3 0F       		.uleb128 0xf
 1200 0ea4 53757370 		.string	"SuspendOSCount"
 1200      656E644F 
 1200      53436F75 
 1200      6E7400
 1201 0eb3 01       		.byte	0x1
 1202 0eb4 3804     		.uahalf	0x438
 1203 0eb6 410F0000 		.uaword	0xf41
 1204 0eba 02       		.byte	0x2
 1205 0ebb 23       		.byte	0x23
 1206 0ebc 14       		.uleb128 0x14
 1207 0ebd 0F       		.uleb128 0xf
 1208 0ebe 4F727469 		.string	"OrtiApiID"
 1208      41706949 
 1208      4400
 1209 0ec8 01       		.byte	0x1
 1210 0ec9 3904     		.uahalf	0x439
 1211 0ecb 460F0000 		.uaword	0xf46
 1212 0ecf 02       		.byte	0x2
 1213 0ed0 23       		.byte	0x23
 1214 0ed1 18       		.uleb128 0x18
 1215 0ed2 0F       		.uleb128 0xf
 1216 0ed3 4F727469 		.string	"OrtiLastError"
 1216      4C617374 
 1216      4572726F 
 1216      7200
 1217 0ee1 01       		.byte	0x1
 1218 0ee2 3A04     		.uahalf	0x43a
 1219 0ee4 50020000 		.uaword	0x250
 1220 0ee8 02       		.byte	0x2
 1221 0ee9 23       		.byte	0x23
 1222 0eea 19       		.uleb128 0x19
 1223 0eeb 0F       		.uleb128 0xf
 1224 0eec 52657374 		.string	"RestartJumpBuf"
 1224      6172744A 
 1224      756D7042 
 1224      756600
 1225 0efb 01       		.byte	0x1
 1226 0efc 3B04     		.uahalf	0x43b
 1227 0efe 02030000 		.uaword	0x302
 1228 0f02 02       		.byte	0x2
 1229 0f03 23       		.byte	0x23
 1230 0f04 1C       		.uleb128 0x1c
 1231 0f05 0F       		.uleb128 0xf
 1232 0f06 52657374 		.string	"Restartable"
 1232      61727461 
 1232      626C6500 
 1233 0f12 01       		.byte	0x1
 1234 0f13 3C04     		.uahalf	0x43c
 1235 0f15 41020000 		.uaword	0x241
 1236 0f19 02       		.byte	0x2
 1237 0f1a 23       		.byte	0x23
 1238 0f1b 60       		.uleb128 0x60
 1239 0f1c 0F       		.uleb128 0xf
 1240 0f1d 4C617374 		.string	"LastProtectionFault"
 1240      50726F74 
 1240      65637469 
GAS Infineon TriCore Little Endian C:\\Users\\user1\\AppData\\Local\\Temp\\rta_RTAOS_638388406317960277_1736001\\ccTzFS5S.s 			page 29


 1240      6F6E4661 
 1240      756C7400 
 1241 0f31 01       		.byte	0x1
 1242 0f32 3D04     		.uahalf	0x43d
 1243 0f34 50020000 		.uaword	0x250
 1244 0f38 02       		.byte	0x2
 1245 0f39 23       		.byte	0x23
 1246 0f3a 61       		.uleb128 0x61
 1247 0f3b 00       		.byte	0
 1248 0f3c 0D       		.uleb128 0xd
 1249 0f3d 8C070000 		.uaword	0x78c
 1250 0f41 0D       		.uleb128 0xd
 1251 0f42 C2010000 		.uaword	0x1c2
 1252 0f46 0D       		.uleb128 0xd
 1253 0f47 B10D0000 		.uaword	0xdb1
 1254 0f4b 0A       		.uleb128 0xa
 1255 0f4c 4F735F41 		.string	"Os_AnyCoreType"
 1255      6E79436F 
 1255      72655479 
 1255      706500
 1256 0f5b 01       		.byte	0x1
 1257 0f5c 3E04     		.uahalf	0x43e
 1258 0f5e 030E0000 		.uaword	0xe03
 1259 0f62 0E       		.uleb128 0xe
 1260 0f63 4F735F43 		.string	"Os_CoreConfiguration_s"
 1260      6F726543 
 1260      6F6E6669 
 1260      67757261 
 1260      74696F6E 
 1261 0f7a 18       		.byte	0x18
 1262 0f7b 01       		.byte	0x1
 1263 0f7c 4904     		.uahalf	0x449
 1264 0f7e FC0F0000 		.uaword	0xffc
 1265 0f82 0F       		.uleb128 0xf
 1266 0f83 636F6E74 		.string	"controlled"
 1266      726F6C6C 
 1266      656400
 1267 0f8e 01       		.byte	0x1
 1268 0f8f 4A04     		.uahalf	0x44a
 1269 0f91 FC0F0000 		.uaword	0xffc
 1270 0f95 02       		.byte	0x2
 1271 0f96 23       		.byte	0x23
 1272 0f97 00       		.uleb128 0
 1273 0f98 0F       		.uleb128 0xf
 1274 0f99 616E7900 		.string	"any"
 1275 0f9d 01       		.byte	0x1
 1276 0f9e 4B04     		.uahalf	0x44b
 1277 0fa0 07100000 		.uaword	0x1007
 1278 0fa4 02       		.byte	0x2
 1279 0fa5 23       		.byte	0x23
 1280 0fa6 04       		.uleb128 0x4
 1281 0fa7 0F       		.uleb128 0xf
 1282 0fa8 73746174 		.string	"state"
 1282      6500
 1283 0fae 01       		.byte	0x1
 1284 0faf 4C04     		.uahalf	0x44c
 1285 0fb1 12100000 		.uaword	0x1012
GAS Infineon TriCore Little Endian C:\\Users\\user1\\AppData\\Local\\Temp\\rta_RTAOS_638388406317960277_1736001\\ccTzFS5S.s 			page 30


 1286 0fb5 02       		.byte	0x2
 1287 0fb6 23       		.byte	0x23
 1288 0fb7 08       		.uleb128 0x8
 1289 0fb8 0F       		.uleb128 0xf
 1290 0fb9 64697370 		.string	"dispatch"
 1290      61746368 
 1290      00
 1291 0fc2 01       		.byte	0x1
 1292 0fc3 4D04     		.uahalf	0x44d
 1293 0fc5 B2030000 		.uaword	0x3b2
 1294 0fc9 02       		.byte	0x2
 1295 0fca 23       		.byte	0x23
 1296 0fcb 0C       		.uleb128 0xc
 1297 0fcc 0F       		.uleb128 0xf
 1298 0fcd 4F735F52 		.string	"Os_Res_Scheduler"
 1298      65735F53 
 1298      63686564 
 1298      756C6572 
 1298      00
 1299 0fde 01       		.byte	0x1
 1300 0fdf 4E04     		.uahalf	0x44e
 1301 0fe1 D40C0000 		.uaword	0xcd4
 1302 0fe5 02       		.byte	0x2
 1303 0fe6 23       		.byte	0x23
 1304 0fe7 10       		.uleb128 0x10
 1305 0fe8 0F       		.uleb128 0xf
 1306 0fe9 636F7265 		.string	"core_id"
 1306      5F696400 
 1307 0ff1 01       		.byte	0x1
 1308 0ff2 4F04     		.uahalf	0x44f
 1309 0ff4 6C040000 		.uaword	0x46c
 1310 0ff8 02       		.byte	0x2
 1311 0ff9 23       		.byte	0x23
 1312 0ffa 14       		.uleb128 0x14
 1313 0ffb 00       		.byte	0
 1314 0ffc 11       		.uleb128 0x11
 1315 0ffd 01100000 		.uaword	0x1001
 1316 1001 08       		.uleb128 0x8
 1317 1002 04       		.byte	0x4
 1318 1003 E50D0000 		.uaword	0xde5
 1319 1007 11       		.uleb128 0x11
 1320 1008 0C100000 		.uaword	0x100c
 1321 100c 08       		.uleb128 0x8
 1322 100d 04       		.byte	0x4
 1323 100e 4B0F0000 		.uaword	0xf4b
 1324 1012 11       		.uleb128 0x11
 1325 1013 17100000 		.uaword	0x1017
 1326 1017 08       		.uleb128 0x8
 1327 1018 04       		.byte	0x4
 1328 1019 1D100000 		.uaword	0x101d
 1329 101d 0D       		.uleb128 0xd
 1330 101e 04040000 		.uaword	0x404
 1331 1022 0A       		.uleb128 0xa
 1332 1023 4F735F43 		.string	"Os_CoreConfiguration"
 1332      6F726543 
 1332      6F6E6669 
 1332      67757261 
GAS Infineon TriCore Little Endian C:\\Users\\user1\\AppData\\Local\\Temp\\rta_RTAOS_638388406317960277_1736001\\ccTzFS5S.s 			page 31


 1332      74696F6E 
 1333 1038 01       		.byte	0x1
 1334 1039 5004     		.uahalf	0x450
 1335 103b 620F0000 		.uaword	0xf62
 1336 103f 16       		.uleb128 0x16
 1337 1040 01       		.byte	0x1
 1338 1041 4F735F54 		.string	"Os_TryToGetSpinlock"
 1338      7279546F 
 1338      47657453 
 1338      70696E6C 
 1338      6F636B00 
 1339 1055 01       		.byte	0x1
 1340 1056 5805     		.uahalf	0x558
 1341 1058 01       		.byte	0x1
 1342 1059 50020000 		.uaword	0x250
 1343 105d 00000000 		.uaword	.LFB0
 1344 1061 00000000 		.uaword	.LFE0
 1345 1065 00000000 		.uaword	.LLST0
 1346 1069 01       		.byte	0x1
 1347 106a 62110000 		.uaword	0x1162
 1348 106e 17       		.uleb128 0x17
 1349 106f 5370696E 		.string	"SpinlockId"
 1349      6C6F636B 
 1349      496400
 1350 107a 01       		.byte	0x1
 1351 107b 5805     		.uahalf	0x558
 1352 107d 7F040000 		.uaword	0x47f
 1353 1081 00000000 		.uaword	.LLST1
 1354 1085 17       		.uleb128 0x17
 1355 1086 53756363 		.string	"Success"
 1355      65737300 
 1356 108e 01       		.byte	0x1
 1357 108f 5805     		.uahalf	0x558
 1358 1091 F5040000 		.uaword	0x4f5
 1359 1095 00000000 		.uaword	.LLST2
 1360 1099 18       		.uleb128 0x18
 1361 109a 6170695F 		.string	"api_retval"
 1361      72657476 
 1361      616C00
 1362 10a5 01       		.byte	0x1
 1363 10a6 5905     		.uahalf	0x559
 1364 10a8 50020000 		.uaword	0x250
 1365 10ac 00000000 		.uaword	.LLST3
 1366 10b0 19       		.uleb128 0x19
 1367 10b1 6F735F63 		.string	"os_current_core_const"
 1367      75727265 
 1367      6E745F63 
 1367      6F72655F 
 1367      636F6E73 
 1368 10c7 01       		.byte	0x1
 1369 10c8 5A05     		.uahalf	0x55a
 1370 10ca 62110000 		.uaword	0x1162
 1371 10ce 1A       		.uleb128 0x1a
 1372 10cf 6F735F63 		.string	"os_current_core"
 1372      75727265 
 1372      6E745F63 
 1372      6F726500 
GAS Infineon TriCore Little Endian C:\\Users\\user1\\AppData\\Local\\Temp\\rta_RTAOS_638388406317960277_1736001\\ccTzFS5S.s 			page 32


 1373 10df 01       		.byte	0x1
 1374 10e0 5B05     		.uahalf	0x55b
 1375 10e2 0C100000 		.uaword	0x100c
 1376 10e6 01       		.byte	0x1
 1377 10e7 6C       		.byte	0x6c
 1378 10e8 18       		.uleb128 0x18
 1379 10e9 70726576 		.string	"previous_tmask"
 1379      696F7573 
 1379      5F746D61 
 1379      736B00
 1380 10f8 01       		.byte	0x1
 1381 10f9 5C05     		.uahalf	0x55c
 1382 10fb F0030000 		.uaword	0x3f0
 1383 10ff 00000000 		.uaword	.LLST4
 1384 1103 1B       		.uleb128 0x1b
 1385 1104 00000000 		.uaword	.LBB2
 1386 1108 00000000 		.uaword	.LBE2
 1387 110c 21110000 		.uaword	0x1121
 1388 1110 18       		.uleb128 0x18
 1389 1111 72657300 		.string	"res"
 1390 1115 01       		.byte	0x1
 1391 1116 5A05     		.uahalf	0x55a
 1392 1118 D0010000 		.uaword	0x1d0
 1393 111c 00000000 		.uaword	.LLST5
 1394 1120 00       		.byte	0
 1395 1121 1B       		.uleb128 0x1b
 1396 1122 00000000 		.uaword	.LBB3
 1397 1126 00000000 		.uaword	.LBE3
 1398 112a 3F110000 		.uaword	0x113f
 1399 112e 18       		.uleb128 0x18
 1400 112f 72657300 		.string	"res"
 1401 1133 01       		.byte	0x1
 1402 1134 5C05     		.uahalf	0x55c
 1403 1136 D0010000 		.uaword	0x1d0
 1404 113a 00000000 		.uaword	.LLST4
 1405 113e 00       		.byte	0
 1406 113f 1C       		.uleb128 0x1c
 1407 1140 00000000 		.uaword	.LVL7
 1408 1144 A2110000 		.uaword	0x11a2
 1409 1148 1D       		.uleb128 0x1d
 1410 1149 01       		.byte	0x1
 1411 114a 57       		.byte	0x57
 1412 114b 02       		.byte	0x2
 1413 114c 8F       		.byte	0x8f
 1414 114d 00       		.sleb128 0
 1415 114e 1D       		.uleb128 0x1d
 1416 114f 01       		.byte	0x1
 1417 1150 55       		.byte	0x55
 1418 1151 02       		.byte	0x2
 1419 1152 08       		.byte	0x8
 1420 1153 5E       		.byte	0x5e
 1421 1154 1D       		.uleb128 0x1d
 1422 1155 01       		.byte	0x1
 1423 1156 54       		.byte	0x54
 1424 1157 01       		.byte	0x1
 1425 1158 33       		.byte	0x33
 1426 1159 1D       		.uleb128 0x1d
GAS Infineon TriCore Little Endian C:\\Users\\user1\\AppData\\Local\\Temp\\rta_RTAOS_638388406317960277_1736001\\ccTzFS5S.s 			page 33


 1427 115a 02       		.byte	0x2
 1428 115b 8A       		.byte	0x8a
 1429 115c 00       		.sleb128 0
 1430 115d 02       		.byte	0x2
 1431 115e 7F       		.byte	0x7f
 1432 115f 00       		.sleb128 0
 1433 1160 00       		.byte	0
 1434 1161 00       		.byte	0
 1435 1162 08       		.uleb128 0x8
 1436 1163 04       		.byte	0x4
 1437 1164 68110000 		.uaword	0x1168
 1438 1168 11       		.uleb128 0x11
 1439 1169 22100000 		.uaword	0x1022
 1440 116d 06       		.uleb128 0x6
 1441 116e 22100000 		.uaword	0x1022
 1442 1172 78110000 		.uaword	0x1178
 1443 1176 1E       		.uleb128 0x1e
 1444 1177 00       		.byte	0
 1445 1178 1F       		.uleb128 0x1f
 1446 1179 4F735F63 		.string	"Os_const_coreconfiguration"
 1446      6F6E7374 
 1446      5F636F72 
 1446      65636F6E 
 1446      66696775 
 1447 1194 01       		.byte	0x1
 1448 1195 6A04     		.uahalf	0x46a
 1449 1197 9D110000 		.uaword	0x119d
 1450 119b 01       		.byte	0x1
 1451 119c 01       		.byte	0x1
 1452 119d 11       		.uleb128 0x11
 1453 119e 6D110000 		.uaword	0x116d
 1454 11a2 20       		.uleb128 0x20
 1455 11a3 01       		.byte	0x1
 1456 11a4 4F735F45 		.string	"Os_ErrorLog"
 1456      72726F72 
 1456      4C6F6700 
 1457 11b0 01       		.byte	0x1
 1458 11b1 4805     		.uahalf	0x548
 1459 11b3 01       		.byte	0x1
 1460 11b4 01       		.byte	0x1
 1461 11b5 21       		.uleb128 0x21
 1462 11b6 50020000 		.uaword	0x250
 1463 11ba 21       		.uleb128 0x21
 1464 11bb F40C0000 		.uaword	0xcf4
 1465 11bf 21       		.uleb128 0x21
 1466 11c0 0C0D0000 		.uaword	0xd0c
 1467 11c4 21       		.uleb128 0x21
 1468 11c5 0C0D0000 		.uaword	0xd0c
 1469 11c9 21       		.uleb128 0x21
 1470 11ca 0C0D0000 		.uaword	0xd0c
 1471 11ce 00       		.byte	0
 1472 11cf 00       		.byte	0
 1473              	.section .debug_abbrev,"",@progbits
 1474              	.Ldebug_abbrev0:
 1475 0000 01       		.uleb128 0x1
 1476 0001 11       		.uleb128 0x11
 1477 0002 01       		.byte	0x1
GAS Infineon TriCore Little Endian C:\\Users\\user1\\AppData\\Local\\Temp\\rta_RTAOS_638388406317960277_1736001\\ccTzFS5S.s 			page 34


 1478 0003 25       		.uleb128 0x25
 1479 0004 08       		.uleb128 0x8
 1480 0005 13       		.uleb128 0x13
 1481 0006 0B       		.uleb128 0xb
 1482 0007 03       		.uleb128 0x3
 1483 0008 08       		.uleb128 0x8
 1484 0009 55       		.uleb128 0x55
 1485 000a 06       		.uleb128 0x6
 1486 000b 11       		.uleb128 0x11
 1487 000c 01       		.uleb128 0x1
 1488 000d 52       		.uleb128 0x52
 1489 000e 01       		.uleb128 0x1
 1490 000f 10       		.uleb128 0x10
 1491 0010 06       		.uleb128 0x6
 1492 0011 00       		.byte	0
 1493 0012 00       		.byte	0
 1494 0013 02       		.uleb128 0x2
 1495 0014 16       		.uleb128 0x16
 1496 0015 00       		.byte	0
 1497 0016 03       		.uleb128 0x3
 1498 0017 08       		.uleb128 0x8
 1499 0018 3A       		.uleb128 0x3a
 1500 0019 0B       		.uleb128 0xb
 1501 001a 3B       		.uleb128 0x3b
 1502 001b 0B       		.uleb128 0xb
 1503 001c 49       		.uleb128 0x49
 1504 001d 13       		.uleb128 0x13
 1505 001e 00       		.byte	0
 1506 001f 00       		.byte	0
 1507 0020 03       		.uleb128 0x3
 1508 0021 24       		.uleb128 0x24
 1509 0022 00       		.byte	0
 1510 0023 0B       		.uleb128 0xb
 1511 0024 0B       		.uleb128 0xb
 1512 0025 3E       		.uleb128 0x3e
 1513 0026 0B       		.uleb128 0xb
 1514 0027 03       		.uleb128 0x3
 1515 0028 08       		.uleb128 0x8
 1516 0029 00       		.byte	0
 1517 002a 00       		.byte	0
 1518 002b 04       		.uleb128 0x4
 1519 002c 13       		.uleb128 0x13
 1520 002d 01       		.byte	0x1
 1521 002e 0B       		.uleb128 0xb
 1522 002f 0B       		.uleb128 0xb
 1523 0030 3A       		.uleb128 0x3a
 1524 0031 0B       		.uleb128 0xb
 1525 0032 3B       		.uleb128 0x3b
 1526 0033 0B       		.uleb128 0xb
 1527 0034 01       		.uleb128 0x1
 1528 0035 13       		.uleb128 0x13
 1529 0036 00       		.byte	0
 1530 0037 00       		.byte	0
 1531 0038 05       		.uleb128 0x5
 1532 0039 0D       		.uleb128 0xd
 1533 003a 00       		.byte	0
 1534 003b 03       		.uleb128 0x3
GAS Infineon TriCore Little Endian C:\\Users\\user1\\AppData\\Local\\Temp\\rta_RTAOS_638388406317960277_1736001\\ccTzFS5S.s 			page 35


 1535 003c 08       		.uleb128 0x8
 1536 003d 3A       		.uleb128 0x3a
 1537 003e 0B       		.uleb128 0xb
 1538 003f 3B       		.uleb128 0x3b
 1539 0040 0B       		.uleb128 0xb
 1540 0041 49       		.uleb128 0x49
 1541 0042 13       		.uleb128 0x13
 1542 0043 38       		.uleb128 0x38
 1543 0044 0A       		.uleb128 0xa
 1544 0045 00       		.byte	0
 1545 0046 00       		.byte	0
 1546 0047 06       		.uleb128 0x6
 1547 0048 01       		.uleb128 0x1
 1548 0049 01       		.byte	0x1
 1549 004a 49       		.uleb128 0x49
 1550 004b 13       		.uleb128 0x13
 1551 004c 01       		.uleb128 0x1
 1552 004d 13       		.uleb128 0x13
 1553 004e 00       		.byte	0
 1554 004f 00       		.byte	0
 1555 0050 07       		.uleb128 0x7
 1556 0051 21       		.uleb128 0x21
 1557 0052 00       		.byte	0
 1558 0053 49       		.uleb128 0x49
 1559 0054 13       		.uleb128 0x13
 1560 0055 2F       		.uleb128 0x2f
 1561 0056 0B       		.uleb128 0xb
 1562 0057 00       		.byte	0
 1563 0058 00       		.byte	0
 1564 0059 08       		.uleb128 0x8
 1565 005a 0F       		.uleb128 0xf
 1566 005b 00       		.byte	0
 1567 005c 0B       		.uleb128 0xb
 1568 005d 0B       		.uleb128 0xb
 1569 005e 49       		.uleb128 0x49
 1570 005f 13       		.uleb128 0x13
 1571 0060 00       		.byte	0
 1572 0061 00       		.byte	0
 1573 0062 09       		.uleb128 0x9
 1574 0063 15       		.uleb128 0x15
 1575 0064 00       		.byte	0
 1576 0065 27       		.uleb128 0x27
 1577 0066 0C       		.uleb128 0xc
 1578 0067 00       		.byte	0
 1579 0068 00       		.byte	0
 1580 0069 0A       		.uleb128 0xa
 1581 006a 16       		.uleb128 0x16
 1582 006b 00       		.byte	0
 1583 006c 03       		.uleb128 0x3
 1584 006d 08       		.uleb128 0x8
 1585 006e 3A       		.uleb128 0x3a
 1586 006f 0B       		.uleb128 0xb
 1587 0070 3B       		.uleb128 0x3b
 1588 0071 05       		.uleb128 0x5
 1589 0072 49       		.uleb128 0x49
 1590 0073 13       		.uleb128 0x13
 1591 0074 00       		.byte	0
GAS Infineon TriCore Little Endian C:\\Users\\user1\\AppData\\Local\\Temp\\rta_RTAOS_638388406317960277_1736001\\ccTzFS5S.s 			page 36


 1592 0075 00       		.byte	0
 1593 0076 0B       		.uleb128 0xb
 1594 0077 04       		.uleb128 0x4
 1595 0078 01       		.byte	0x1
 1596 0079 0B       		.uleb128 0xb
 1597 007a 0B       		.uleb128 0xb
 1598 007b 3A       		.uleb128 0x3a
 1599 007c 0B       		.uleb128 0xb
 1600 007d 3B       		.uleb128 0x3b
 1601 007e 05       		.uleb128 0x5
 1602 007f 01       		.uleb128 0x1
 1603 0080 13       		.uleb128 0x13
 1604 0081 00       		.byte	0
 1605 0082 00       		.byte	0
 1606 0083 0C       		.uleb128 0xc
 1607 0084 28       		.uleb128 0x28
 1608 0085 00       		.byte	0
 1609 0086 03       		.uleb128 0x3
 1610 0087 08       		.uleb128 0x8
 1611 0088 1C       		.uleb128 0x1c
 1612 0089 0D       		.uleb128 0xd
 1613 008a 00       		.byte	0
 1614 008b 00       		.byte	0
 1615 008c 0D       		.uleb128 0xd
 1616 008d 35       		.uleb128 0x35
 1617 008e 00       		.byte	0
 1618 008f 49       		.uleb128 0x49
 1619 0090 13       		.uleb128 0x13
 1620 0091 00       		.byte	0
 1621 0092 00       		.byte	0
 1622 0093 0E       		.uleb128 0xe
 1623 0094 13       		.uleb128 0x13
 1624 0095 01       		.byte	0x1
 1625 0096 03       		.uleb128 0x3
 1626 0097 08       		.uleb128 0x8
 1627 0098 0B       		.uleb128 0xb
 1628 0099 0B       		.uleb128 0xb
 1629 009a 3A       		.uleb128 0x3a
 1630 009b 0B       		.uleb128 0xb
 1631 009c 3B       		.uleb128 0x3b
 1632 009d 05       		.uleb128 0x5
 1633 009e 01       		.uleb128 0x1
 1634 009f 13       		.uleb128 0x13
 1635 00a0 00       		.byte	0
 1636 00a1 00       		.byte	0
 1637 00a2 0F       		.uleb128 0xf
 1638 00a3 0D       		.uleb128 0xd
 1639 00a4 00       		.byte	0
 1640 00a5 03       		.uleb128 0x3
 1641 00a6 08       		.uleb128 0x8
 1642 00a7 3A       		.uleb128 0x3a
 1643 00a8 0B       		.uleb128 0xb
 1644 00a9 3B       		.uleb128 0x3b
 1645 00aa 05       		.uleb128 0x5
 1646 00ab 49       		.uleb128 0x49
 1647 00ac 13       		.uleb128 0x13
 1648 00ad 38       		.uleb128 0x38
GAS Infineon TriCore Little Endian C:\\Users\\user1\\AppData\\Local\\Temp\\rta_RTAOS_638388406317960277_1736001\\ccTzFS5S.s 			page 37


 1649 00ae 0A       		.uleb128 0xa
 1650 00af 00       		.byte	0
 1651 00b0 00       		.byte	0
 1652 00b1 10       		.uleb128 0x10
 1653 00b2 0D       		.uleb128 0xd
 1654 00b3 00       		.byte	0
 1655 00b4 03       		.uleb128 0x3
 1656 00b5 0E       		.uleb128 0xe
 1657 00b6 3A       		.uleb128 0x3a
 1658 00b7 0B       		.uleb128 0xb
 1659 00b8 3B       		.uleb128 0x3b
 1660 00b9 05       		.uleb128 0x5
 1661 00ba 49       		.uleb128 0x49
 1662 00bb 13       		.uleb128 0x13
 1663 00bc 38       		.uleb128 0x38
 1664 00bd 0A       		.uleb128 0xa
 1665 00be 00       		.byte	0
 1666 00bf 00       		.byte	0
 1667 00c0 11       		.uleb128 0x11
 1668 00c1 26       		.uleb128 0x26
 1669 00c2 00       		.byte	0
 1670 00c3 49       		.uleb128 0x49
 1671 00c4 13       		.uleb128 0x13
 1672 00c5 00       		.byte	0
 1673 00c6 00       		.byte	0
 1674 00c7 12       		.uleb128 0x12
 1675 00c8 17       		.uleb128 0x17
 1676 00c9 01       		.byte	0x1
 1677 00ca 0B       		.uleb128 0xb
 1678 00cb 0B       		.uleb128 0xb
 1679 00cc 3A       		.uleb128 0x3a
 1680 00cd 0B       		.uleb128 0xb
 1681 00ce 3B       		.uleb128 0x3b
 1682 00cf 05       		.uleb128 0x5
 1683 00d0 01       		.uleb128 0x1
 1684 00d1 13       		.uleb128 0x13
 1685 00d2 00       		.byte	0
 1686 00d3 00       		.byte	0
 1687 00d4 13       		.uleb128 0x13
 1688 00d5 0D       		.uleb128 0xd
 1689 00d6 00       		.byte	0
 1690 00d7 03       		.uleb128 0x3
 1691 00d8 08       		.uleb128 0x8
 1692 00d9 3A       		.uleb128 0x3a
 1693 00da 0B       		.uleb128 0xb
 1694 00db 3B       		.uleb128 0x3b
 1695 00dc 05       		.uleb128 0x5
 1696 00dd 49       		.uleb128 0x49
 1697 00de 13       		.uleb128 0x13
 1698 00df 00       		.byte	0
 1699 00e0 00       		.byte	0
 1700 00e1 14       		.uleb128 0x14
 1701 00e2 0D       		.uleb128 0xd
 1702 00e3 00       		.byte	0
 1703 00e4 03       		.uleb128 0x3
 1704 00e5 0E       		.uleb128 0xe
 1705 00e6 3A       		.uleb128 0x3a
GAS Infineon TriCore Little Endian C:\\Users\\user1\\AppData\\Local\\Temp\\rta_RTAOS_638388406317960277_1736001\\ccTzFS5S.s 			page 38


 1706 00e7 0B       		.uleb128 0xb
 1707 00e8 3B       		.uleb128 0x3b
 1708 00e9 05       		.uleb128 0x5
 1709 00ea 49       		.uleb128 0x49
 1710 00eb 13       		.uleb128 0x13
 1711 00ec 00       		.byte	0
 1712 00ed 00       		.byte	0
 1713 00ee 15       		.uleb128 0x15
 1714 00ef 13       		.uleb128 0x13
 1715 00f0 01       		.byte	0x1
 1716 00f1 0B       		.uleb128 0xb
 1717 00f2 0B       		.uleb128 0xb
 1718 00f3 3A       		.uleb128 0x3a
 1719 00f4 0B       		.uleb128 0xb
 1720 00f5 3B       		.uleb128 0x3b
 1721 00f6 05       		.uleb128 0x5
 1722 00f7 01       		.uleb128 0x1
 1723 00f8 13       		.uleb128 0x13
 1724 00f9 00       		.byte	0
 1725 00fa 00       		.byte	0
 1726 00fb 16       		.uleb128 0x16
 1727 00fc 2E       		.uleb128 0x2e
 1728 00fd 01       		.byte	0x1
 1729 00fe 3F       		.uleb128 0x3f
 1730 00ff 0C       		.uleb128 0xc
 1731 0100 03       		.uleb128 0x3
 1732 0101 08       		.uleb128 0x8
 1733 0102 3A       		.uleb128 0x3a
 1734 0103 0B       		.uleb128 0xb
 1735 0104 3B       		.uleb128 0x3b
 1736 0105 05       		.uleb128 0x5
 1737 0106 27       		.uleb128 0x27
 1738 0107 0C       		.uleb128 0xc
 1739 0108 49       		.uleb128 0x49
 1740 0109 13       		.uleb128 0x13
 1741 010a 11       		.uleb128 0x11
 1742 010b 01       		.uleb128 0x1
 1743 010c 12       		.uleb128 0x12
 1744 010d 01       		.uleb128 0x1
 1745 010e 40       		.uleb128 0x40
 1746 010f 06       		.uleb128 0x6
 1747 0110 9742     		.uleb128 0x2117
 1748 0112 0C       		.uleb128 0xc
 1749 0113 01       		.uleb128 0x1
 1750 0114 13       		.uleb128 0x13
 1751 0115 00       		.byte	0
 1752 0116 00       		.byte	0
 1753 0117 17       		.uleb128 0x17
 1754 0118 05       		.uleb128 0x5
 1755 0119 00       		.byte	0
 1756 011a 03       		.uleb128 0x3
 1757 011b 08       		.uleb128 0x8
 1758 011c 3A       		.uleb128 0x3a
 1759 011d 0B       		.uleb128 0xb
 1760 011e 3B       		.uleb128 0x3b
 1761 011f 05       		.uleb128 0x5
 1762 0120 49       		.uleb128 0x49
GAS Infineon TriCore Little Endian C:\\Users\\user1\\AppData\\Local\\Temp\\rta_RTAOS_638388406317960277_1736001\\ccTzFS5S.s 			page 39


 1763 0121 13       		.uleb128 0x13
 1764 0122 02       		.uleb128 0x2
 1765 0123 06       		.uleb128 0x6
 1766 0124 00       		.byte	0
 1767 0125 00       		.byte	0
 1768 0126 18       		.uleb128 0x18
 1769 0127 34       		.uleb128 0x34
 1770 0128 00       		.byte	0
 1771 0129 03       		.uleb128 0x3
 1772 012a 08       		.uleb128 0x8
 1773 012b 3A       		.uleb128 0x3a
 1774 012c 0B       		.uleb128 0xb
 1775 012d 3B       		.uleb128 0x3b
 1776 012e 05       		.uleb128 0x5
 1777 012f 49       		.uleb128 0x49
 1778 0130 13       		.uleb128 0x13
 1779 0131 02       		.uleb128 0x2
 1780 0132 06       		.uleb128 0x6
 1781 0133 00       		.byte	0
 1782 0134 00       		.byte	0
 1783 0135 19       		.uleb128 0x19
 1784 0136 34       		.uleb128 0x34
 1785 0137 00       		.byte	0
 1786 0138 03       		.uleb128 0x3
 1787 0139 08       		.uleb128 0x8
 1788 013a 3A       		.uleb128 0x3a
 1789 013b 0B       		.uleb128 0xb
 1790 013c 3B       		.uleb128 0x3b
 1791 013d 05       		.uleb128 0x5
 1792 013e 49       		.uleb128 0x49
 1793 013f 13       		.uleb128 0x13
 1794 0140 00       		.byte	0
 1795 0141 00       		.byte	0
 1796 0142 1A       		.uleb128 0x1a
 1797 0143 34       		.uleb128 0x34
 1798 0144 00       		.byte	0
 1799 0145 03       		.uleb128 0x3
 1800 0146 08       		.uleb128 0x8
 1801 0147 3A       		.uleb128 0x3a
 1802 0148 0B       		.uleb128 0xb
 1803 0149 3B       		.uleb128 0x3b
 1804 014a 05       		.uleb128 0x5
 1805 014b 49       		.uleb128 0x49
 1806 014c 13       		.uleb128 0x13
 1807 014d 02       		.uleb128 0x2
 1808 014e 0A       		.uleb128 0xa
 1809 014f 00       		.byte	0
 1810 0150 00       		.byte	0
 1811 0151 1B       		.uleb128 0x1b
 1812 0152 0B       		.uleb128 0xb
 1813 0153 01       		.byte	0x1
 1814 0154 11       		.uleb128 0x11
 1815 0155 01       		.uleb128 0x1
 1816 0156 12       		.uleb128 0x12
 1817 0157 01       		.uleb128 0x1
 1818 0158 01       		.uleb128 0x1
 1819 0159 13       		.uleb128 0x13
GAS Infineon TriCore Little Endian C:\\Users\\user1\\AppData\\Local\\Temp\\rta_RTAOS_638388406317960277_1736001\\ccTzFS5S.s 			page 40


 1820 015a 00       		.byte	0
 1821 015b 00       		.byte	0
 1822 015c 1C       		.uleb128 0x1c
 1823 015d 898201   		.uleb128 0x4109
 1824 0160 01       		.byte	0x1
 1825 0161 11       		.uleb128 0x11
 1826 0162 01       		.uleb128 0x1
 1827 0163 31       		.uleb128 0x31
 1828 0164 13       		.uleb128 0x13
 1829 0165 00       		.byte	0
 1830 0166 00       		.byte	0
 1831 0167 1D       		.uleb128 0x1d
 1832 0168 8A8201   		.uleb128 0x410a
 1833 016b 00       		.byte	0
 1834 016c 02       		.uleb128 0x2
 1835 016d 0A       		.uleb128 0xa
 1836 016e 9142     		.uleb128 0x2111
 1837 0170 0A       		.uleb128 0xa
 1838 0171 00       		.byte	0
 1839 0172 00       		.byte	0
 1840 0173 1E       		.uleb128 0x1e
 1841 0174 21       		.uleb128 0x21
 1842 0175 00       		.byte	0
 1843 0176 00       		.byte	0
 1844 0177 00       		.byte	0
 1845 0178 1F       		.uleb128 0x1f
 1846 0179 34       		.uleb128 0x34
 1847 017a 00       		.byte	0
 1848 017b 03       		.uleb128 0x3
 1849 017c 08       		.uleb128 0x8
 1850 017d 3A       		.uleb128 0x3a
 1851 017e 0B       		.uleb128 0xb
 1852 017f 3B       		.uleb128 0x3b
 1853 0180 05       		.uleb128 0x5
 1854 0181 49       		.uleb128 0x49
 1855 0182 13       		.uleb128 0x13
 1856 0183 3F       		.uleb128 0x3f
 1857 0184 0C       		.uleb128 0xc
 1858 0185 3C       		.uleb128 0x3c
 1859 0186 0C       		.uleb128 0xc
 1860 0187 00       		.byte	0
 1861 0188 00       		.byte	0
 1862 0189 20       		.uleb128 0x20
 1863 018a 2E       		.uleb128 0x2e
 1864 018b 01       		.byte	0x1
 1865 018c 3F       		.uleb128 0x3f
 1866 018d 0C       		.uleb128 0xc
 1867 018e 03       		.uleb128 0x3
 1868 018f 08       		.uleb128 0x8
 1869 0190 3A       		.uleb128 0x3a
 1870 0191 0B       		.uleb128 0xb
 1871 0192 3B       		.uleb128 0x3b
 1872 0193 05       		.uleb128 0x5
 1873 0194 27       		.uleb128 0x27
 1874 0195 0C       		.uleb128 0xc
 1875 0196 3C       		.uleb128 0x3c
 1876 0197 0C       		.uleb128 0xc
GAS Infineon TriCore Little Endian C:\\Users\\user1\\AppData\\Local\\Temp\\rta_RTAOS_638388406317960277_1736001\\ccTzFS5S.s 			page 41


 1877 0198 00       		.byte	0
 1878 0199 00       		.byte	0
 1879 019a 21       		.uleb128 0x21
 1880 019b 05       		.uleb128 0x5
 1881 019c 00       		.byte	0
 1882 019d 49       		.uleb128 0x49
 1883 019e 13       		.uleb128 0x13
 1884 019f 00       		.byte	0
 1885 01a0 00       		.byte	0
 1886 01a1 00       		.byte	0
 1887              	.section .debug_loc,"",@progbits
 1888              	.Ldebug_loc0:
 1889              	.LLST0:
 1890 0000 00000000 		.uaword	.LFB0
 1891 0004 00000000 		.uaword	.LCFI0
 1892 0008 0200     		.uahalf	0x2
 1893 000a 8A       		.byte	0x8a
 1894 000b 00       		.sleb128 0
 1895 000c 00000000 		.uaword	.LCFI0
 1896 0010 00000000 		.uaword	.LFE0
 1897 0014 0200     		.uahalf	0x2
 1898 0016 8A       		.byte	0x8a
 1899 0017 08       		.sleb128 8
 1900 0018 00000000 		.uaword	0
 1901 001c 00000000 		.uaword	0
 1902              	.LLST1:
 1903 0020 00000000 		.uaword	.LVL0
 1904 0024 00000000 		.uaword	.LVL6
 1905 0028 0100     		.uahalf	0x1
 1906 002a 54       		.byte	0x54
 1907 002b 00000000 		.uaword	.LVL6
 1908 002f 00000000 		.uaword	.LFE0
 1909 0033 0400     		.uahalf	0x4
 1910 0035 F3       		.byte	0xf3
 1911 0036 01       		.uleb128 0x1
 1912 0037 54       		.byte	0x54
 1913 0038 9F       		.byte	0x9f
 1914 0039 00000000 		.uaword	0
 1915 003d 00000000 		.uaword	0
 1916              	.LLST2:
 1917 0041 00000000 		.uaword	.LVL0
 1918 0045 00000000 		.uaword	.LVL7-1
 1919 0049 0100     		.uahalf	0x1
 1920 004b 64       		.byte	0x64
 1921 004c 00000000 		.uaword	.LVL7-1
 1922 0050 00000000 		.uaword	.LFE0
 1923 0054 0100     		.uahalf	0x1
 1924 0056 6F       		.byte	0x6f
 1925 0057 00000000 		.uaword	0
 1926 005b 00000000 		.uaword	0
 1927              	.LLST3:
 1928 005f 00000000 		.uaword	.LVL0
 1929 0063 00000000 		.uaword	.LVL5
 1930 0067 0200     		.uahalf	0x2
 1931 0069 30       		.byte	0x30
 1932 006a 9F       		.byte	0x9f
 1933 006b 00000000 		.uaword	.LVL5
GAS Infineon TriCore Little Endian C:\\Users\\user1\\AppData\\Local\\Temp\\rta_RTAOS_638388406317960277_1736001\\ccTzFS5S.s 			page 42


 1934 006f 00000000 		.uaword	.LFE0
 1935 0073 0200     		.uahalf	0x2
 1936 0075 33       		.byte	0x33
 1937 0076 9F       		.byte	0x9f
 1938 0077 00000000 		.uaword	0
 1939 007b 00000000 		.uaword	0
 1940              	.LLST4:
 1941 007f 00000000 		.uaword	.LVL3
 1942 0083 00000000 		.uaword	.LVL4
 1943 0087 0100     		.uahalf	0x1
 1944 0089 5F       		.byte	0x5f
 1945 008a 00000000 		.uaword	0
 1946 008e 00000000 		.uaword	0
 1947              	.LLST5:
 1948 0092 00000000 		.uaword	.LVL1
 1949 0096 00000000 		.uaword	.LVL3
 1950 009a 0100     		.uahalf	0x1
 1951 009c 5F       		.byte	0x5f
 1952 009d 00000000 		.uaword	0
 1953 00a1 00000000 		.uaword	0
 1954              	.section .debug_aranges,"",@progbits
 1955 0000 1C000000 		.uaword	0x1c
 1956 0004 0200     		.uahalf	0x2
 1957 0006 00000000 		.uaword	.Ldebug_info0
 1958 000a 04       		.byte	0x4
 1959 000b 00       		.byte	0
 1960 000c 0000     		.uahalf	0
 1961 000e 0000     		.uahalf	0
 1962 0010 00000000 		.uaword	.LFB0
 1963 0014 50000000 		.uaword	.LFE0-.LFB0
 1964 0018 00000000 		.uaword	0
 1965 001c 00000000 		.uaword	0
 1966              	.section .debug_ranges,"",@progbits
 1967              	.Ldebug_ranges0:
 1968 0000 00000000 		.uaword	.LFB0
 1969 0004 00000000 		.uaword	.LFE0
 1970 0008 00000000 		.uaword	0
 1971 000c 00000000 		.uaword	0
 1972              	.section .debug_line,"",@progbits
 1973              	.Ldebug_line0:
 1974 0000 3D010000 	.section .debug_str,"",@progbits
 1974      02001601 
 1974      00000201 
 1974      FB0E0D00 
 1974      01010101 
 1975              	.LASF4:
 1976 0000 6170706C 		.string	"application"
 1976      69636174 
 1976      696F6E00 
 1977              	.LASF2:
 1978 000c 64796E61 		.string	"dynamic"
 1978      6D696300 
 1979              	.LASF5:
 1980 0014 61637469 		.string	"activation_count"
 1980      76617469 
 1980      6F6E5F63 
 1980      6F756E74 
GAS Infineon TriCore Little Endian C:\\Users\\user1\\AppData\\Local\\Temp\\rta_RTAOS_638388406317960277_1736001\\ccTzFS5S.s 			page 43


 1980      00
 1981              	.LASF6:
 1982 0025 74706D61 		.string	"tpmask"
 1982      736B00
 1983              	.LASF1:
 1984 002c 656E7472 		.string	"entry_function"
 1984      795F6675 
 1984      6E637469 
 1984      6F6E00
 1985              	.LASF3:
 1986 003b 61636365 		.string	"access"
 1986      737300
 1987              	.LASF0:
 1988 0042 7265736F 		.string	"resource_count"
 1988      75726365 
 1988      5F636F75 
 1988      6E7400
 1989              		.extern	Os_ErrorLog,STT_FUNC,0
 1990              		.extern	Os_const_coreconfiguration,STT_OBJECT,-1
 1991              		.ident	"GCC: (HighTec Release HDP-v4.9.4.1-11fcedf) 4.9.4 build on 2020-09-01"
