GAS Infineon TriCore Little Endian C:\\Users\\user1\\AppData\\Local\\Temp\\rta_RTAOS_638388406317960277_1736001\\cckrAcIq.s 			page 1


   1              		.file	"WaitEvent.c"
   2              	.section .text,"ax",@progbits
   3              	.Ltext0:
   4              	.section .text.Os_WaitEvent,"ax",@progbits
   5              		.align 1
   6              		.global	Os_WaitEvent
   7              		.type	Os_WaitEvent, @function
   8              	Os_WaitEvent:
   9              	.LFB0:
  10              		.file 1 "C:\\Users\\user1\\AppData\\Local\\Temp\\rta_RTAOS_638388406317960277_1736001\\WaitEvent.c
  11              		.loc 1 1368 0
  12              	.LVL0:
  13 0000 2008     		sub.a	%SP, 8
  14              	.LCFI0:
  15              		.loc 1 1368 0
  16 0002 0246     		mov	%d6, %d4
  17              	.LBB2:
  18              		.loc 1 1371 0
  19              	#APP
  20              		# 1371 "C:\Users\user1\AppData\Local\Temp\rta_RTAOS_638388406317960277_1736001\WaitEvent.c" 1
  21 0004 4DC0E1FF 		mfcr %d15,0xfe1c
  22              		# 0 "" 2
  23              	.LVL1:
  24              	#NO_APP
  25              	.LBE2:
  26              		.loc 1 1372 0
  27 0008 910000F0 		movh.a	%a15, hi:Os_const_coreconfiguration
  28 000c 80F3     		mov.d	%d3, %a15
  29 000e 1B030020 		addi	%d2, %d3, lo:Os_const_coreconfiguration
  30 0012 138F2132 		madd	%d3, %d2, %d15, 24
  31 0016 603F     		mov.a	%a15, %d3
  32 0018 C81F     		ld.a	%a15, [%a15] 4
  33              	.LVL2:
  34              	.LBB3:
  35              		.loc 1 1373 0
  36              	#APP
  37              		# 1373 "C:\Users\user1\AppData\Local\Temp\rta_RTAOS_638388406317960277_1736001\WaitEvent.c" 1
  38 001a 4D40E0FF 		mfcr %d15,0xfe04
  39              		# 0 "" 2
  40              	.LVL3:
  41              	#NO_APP
  42              	.LBE3:
  43              		.loc 1 1374 0
  44 001e AEB3     		jnz.t	%d15, 11, .L2
  45              		.loc 1 1374 0 is_stmt 0 discriminator 1
  46              	#APP
  47              		# 1374 "C:\Users\user1\AppData\Local\Temp\rta_RTAOS_638388406317960277_1736001\WaitEvent.c" 1
  48 0020 AD008000 		syscall 0
  49              		# 0 "" 2
  50              	#NO_APP
  51              	.L2:
  52              	.LBB4:
  53              		.loc 1 1375 0 is_stmt 1
  54              	#APP
  55              		# 1375 "C:\Users\user1\AppData\Local\Temp\rta_RTAOS_638388406317960277_1736001\WaitEvent.c" 1
  56 0024 4DC0E2FF 		mfcr %d15,0xFE2C
  57              		# 0 "" 2
GAS Infineon TriCore Little Endian C:\\Users\\user1\\AppData\\Local\\Temp\\rta_RTAOS_638388406317960277_1736001\\cckrAcIq.s 			page 2


  58              	.LVL4:
  59              	#NO_APP
  60              	.LBE4:
  61              	#APP
  62              		# 1375 "C:\Users\user1\AppData\Local\Temp\rta_RTAOS_638388406317960277_1736001\WaitEvent.c" 1
  63 0028 0D004003 		disable
  64              		# 0 "" 2
  65              	.LVL5:
  66              	#NO_APP
  67              	.LBB5:
  68 002c BBF00F28 		mov.u	%d2, 33023
  69              	#APP
  70              		# 1375 "C:\Users\user1\AppData\Local\Temp\rta_RTAOS_638388406317960277_1736001\WaitEvent.c" 1
  71 0030 CDC2E20F 		mtcr 0xFE2C,%d2
  72              		# 0 "" 2
  73              	#NO_APP
  74              	.LBE5:
  75              	#APP
  76              		# 1375 "C:\Users\user1\AppData\Local\Temp\rta_RTAOS_638388406317960277_1736001\WaitEvent.c" 1
  77 0034 0D00C004 		isync
  78              		# 0 "" 2
  79              		.loc 1 1376 0
  80              	#NO_APP
  81 0038 3BF0F82F 		mov	%d2, -113
  82 003c E9F21800 		st.b	[%a15] 24, %d2
  83              	.LVL6:
  84              		.loc 1 1377 0
  85 0040 8202     		mov	%d2, 0
  86 0042 74A2     		st.w	[%SP]0, %d2
****  Notice:Optimizing st.w-@wd -> st.w-@d
  87 0044 8214     		mov	%d4, 1
  88              	.LVL7:
  89 0046 3B700450 		mov	%d5, 71
  90 004a 8207     		mov	%d7, 0
  91 004c 6D000000 		call	Os_ErrorLog
****  Notice:Expanding call-R -> call-O
  92              	.LVL8:
  93              	.LBB6:
  94              		.loc 1 1379 0
  95              	#APP
  96              		# 1379 "C:\Users\user1\AppData\Local\Temp\rta_RTAOS_638388406317960277_1736001\WaitEvent.c" 1
  97 0050 CDCFE20F 		mtcr 0xFE2C,%d15
  98              		# 0 "" 2
  99              	#NO_APP
 100              	.LBE6:
 101              	#APP
 102              		# 1379 "C:\Users\user1\AppData\Local\Temp\rta_RTAOS_638388406317960277_1736001\WaitEvent.c" 1
 103 0054 0D00C004 		isync
 104              		# 0 "" 2
 105              		.loc 1 1380 0
 106              	#NO_APP
 107 0058 3BE0F8FF 		mov	%d15, -114
 108              	.LVL9:
 109 005c E9FF1800 		st.b	[%a15] 24, %d15
 110              		.loc 1 1383 0
 111 0060 8212     		mov	%d2, 1
 112 0062 0090     		ret
GAS Infineon TriCore Little Endian C:\\Users\\user1\\AppData\\Local\\Temp\\rta_RTAOS_638388406317960277_1736001\\cckrAcIq.s 			page 3


 113              	.LFE0:
 114              		.size	Os_WaitEvent, .-Os_WaitEvent
 115              	.section .debug_frame,"",@progbits
 116              	.Lframe0:
 117 0000 0C000000 		.uaword	.LECIE0-.LSCIE0
 118              	.LSCIE0:
 119 0004 FFFFFFFF 		.uaword	0xffffffff
 120 0008 01       		.byte	0x1
 121 0009 00       		.string	""
 122 000a 01       		.uleb128 0x1
 123 000b 01       		.sleb128 1
 124 000c 1B       		.byte	0x1b
 125 000d 0C       		.byte	0xc
 126 000e 1A       		.uleb128 0x1a
 127 000f 00       		.uleb128 0
 128              		.align 2
 129              	.LECIE0:
 130              	.LSFDE0:
 131 0010 10000000 		.uaword	.LEFDE0-.LASFDE0
 132              	.LASFDE0:
 133 0014 00000000 		.uaword	.Lframe0
 134 0018 00000000 		.uaword	.LFB0
 135 001c 64000000 		.uaword	.LFE0-.LFB0
 136 0020 42       		.byte	0x4
 137              		.uaword	.LCFI0-.LFB0
 138 0021 0E       		.byte	0xe
 139 0022 08       		.uleb128 0x8
 140 0023 00       		.align 2
 141              	.LEFDE0:
 142              	.section .text,"ax",@progbits
 143              	.Letext0:
 144              		.file 2 "D:\\home\\user123\\user\\Mohan6_VectorSIP\\21Dec23\\15Dec23_CAN_merge_21stDec\\25_Softwar
 145              		.file 3 "D:\\home\\user123\\user\\Mohan6_VectorSIP\\21Dec23\\15Dec23_CAN_merge_21stDec\\25_Softwar
 146              	.section .debug_info,"",@progbits
 147              	.Ldebug_info0:
 148 0000 B5110000 		.uaword	0x11b5
 149 0004 0200     		.uahalf	0x2
 150 0006 00000000 		.uaword	.Ldebug_abbrev0
 151 000a 04       		.byte	0x4
 152 000b 01       		.uleb128 0x1
 153 000c 474E5520 		.ascii	"GNU C 4."
 153      4320342E 
 154 0014 392E3420 		.string	"9.4 build on 2020-09-01 -mlicense-dir=c:\\hightec\\toolchains\\tricore\\v4.9.4.1\\bin\\..
 154      6275696C 
 154      64206F6E 
 154      20323032 
 154      302D3039 
 155 0115 01       		.byte	0x1
 156 0116 433A5C55 		.string	"C:\\Users\\user1\\AppData\\Local\\Temp\\rta_RTAOS_638388406317960277_1736001\\WaitEvent.c
 156      73657273 
 156      5C757365 
 156      72315C41 
 156      70704461 
 157 0169 00000000 		.uaword	.Ldebug_ranges0+0
 158 016d 00000000 		.uaword	0
 159 0171 00000000 		.uaword	0
 160 0175 00000000 		.uaword	.Ldebug_line0
GAS Infineon TriCore Little Endian C:\\Users\\user1\\AppData\\Local\\Temp\\rta_RTAOS_638388406317960277_1736001\\cckrAcIq.s 			page 4


 161 0179 02       		.uleb128 0x2
 162 017a 75696E74 		.string	"uint8"
 162      3800
 163 0180 02       		.byte	0x2
 164 0181 34       		.byte	0x34
 165 0182 86010000 		.uaword	0x186
 166 0186 03       		.uleb128 0x3
 167 0187 01       		.byte	0x1
 168 0188 08       		.byte	0x8
 169 0189 756E7369 		.string	"unsigned char"
 169      676E6564 
 169      20636861 
 169      7200
 170 0197 02       		.uleb128 0x2
 171 0198 75696E74 		.string	"uint16"
 171      313600
 172 019f 02       		.byte	0x2
 173 01a0 35       		.byte	0x35
 174 01a1 A5010000 		.uaword	0x1a5
 175 01a5 03       		.uleb128 0x3
 176 01a6 02       		.byte	0x2
 177 01a7 07       		.byte	0x7
 178 01a8 73686F72 		.string	"short unsigned int"
 178      7420756E 
 178      7369676E 
 178      65642069 
 178      6E7400
 179 01bb 02       		.uleb128 0x2
 180 01bc 75696E74 		.string	"uint32"
 180      333200
 181 01c3 02       		.byte	0x2
 182 01c4 36       		.byte	0x36
 183 01c5 C9010000 		.uaword	0x1c9
 184 01c9 03       		.uleb128 0x3
 185 01ca 04       		.byte	0x4
 186 01cb 07       		.byte	0x7
 187 01cc 756E7369 		.string	"unsigned int"
 187      676E6564 
 187      20696E74 
 187      00
 188 01d9 03       		.uleb128 0x3
 189 01da 01       		.byte	0x1
 190 01db 06       		.byte	0x6
 191 01dc 7369676E 		.string	"signed char"
 191      65642063 
 191      68617200 
 192 01e8 03       		.uleb128 0x3
 193 01e9 02       		.byte	0x2
 194 01ea 05       		.byte	0x5
 195 01eb 73686F72 		.string	"short int"
 195      7420696E 
 195      7400
 196 01f5 03       		.uleb128 0x3
 197 01f6 04       		.byte	0x4
 198 01f7 05       		.byte	0x5
 199 01f8 696E7400 		.string	"int"
 200 01fc 03       		.uleb128 0x3
GAS Infineon TriCore Little Endian C:\\Users\\user1\\AppData\\Local\\Temp\\rta_RTAOS_638388406317960277_1736001\\cckrAcIq.s 			page 5


 201 01fd 04       		.byte	0x4
 202 01fe 04       		.byte	0x4
 203 01ff 666C6F61 		.string	"float"
 203      7400
 204 0205 03       		.uleb128 0x3
 205 0206 08       		.byte	0x8
 206 0207 04       		.byte	0x4
 207 0208 646F7562 		.string	"double"
 207      6C6500
 208 020f 03       		.uleb128 0x3
 209 0210 08       		.byte	0x8
 210 0211 05       		.byte	0x5
 211 0212 6C6F6E67 		.string	"long long int"
 211      206C6F6E 
 211      6720696E 
 211      7400
 212 0220 03       		.uleb128 0x3
 213 0221 08       		.byte	0x8
 214 0222 07       		.byte	0x7
 215 0223 6C6F6E67 		.string	"long long unsigned int"
 215      206C6F6E 
 215      6720756E 
 215      7369676E 
 215      65642069 
 216 023a 02       		.uleb128 0x2
 217 023b 626F6F6C 		.string	"boolean"
 217      65616E00 
 218 0243 02       		.byte	0x2
 219 0244 49       		.byte	0x49
 220 0245 86010000 		.uaword	0x186
 221 0249 02       		.uleb128 0x2
 222 024a 53746174 		.string	"StatusType"
 222      75735479 
 222      706500
 223 0255 03       		.byte	0x3
 224 0256 28       		.byte	0x28
 225 0257 86010000 		.uaword	0x186
 226 025b 04       		.uleb128 0x4
 227 025c 08       		.byte	0x8
 228 025d 01       		.byte	0x1
 229 025e 7C       		.byte	0x7c
 230 025f 9A020000 		.uaword	0x29a
 231 0263 05       		.uleb128 0x5
 232 0264 436C6173 		.string	"Class"
 232      7300
 233 026a 01       		.byte	0x1
 234 026b 7D       		.byte	0x7d
 235 026c 79010000 		.uaword	0x179
 236 0270 02       		.byte	0x2
 237 0271 23       		.byte	0x23
 238 0272 00       		.uleb128 0
 239 0273 05       		.uleb128 0x5
 240 0274 54494E00 		.string	"TIN"
 241 0278 01       		.byte	0x1
 242 0279 7E       		.byte	0x7e
 243 027a 79010000 		.uaword	0x179
 244 027e 02       		.byte	0x2
GAS Infineon TriCore Little Endian C:\\Users\\user1\\AppData\\Local\\Temp\\rta_RTAOS_638388406317960277_1736001\\cckrAcIq.s 			page 6


 245 027f 23       		.byte	0x23
 246 0280 01       		.uleb128 0x1
 247 0281 05       		.uleb128 0x5
 248 0282 52657475 		.string	"ReturnAddress"
 248      726E4164 
 248      64726573 
 248      7300
 249 0290 01       		.byte	0x1
 250 0291 7F       		.byte	0x7f
 251 0292 BB010000 		.uaword	0x1bb
 252 0296 02       		.byte	0x2
 253 0297 23       		.byte	0x23
 254 0298 04       		.uleb128 0x4
 255 0299 00       		.byte	0
 256 029a 02       		.uleb128 0x2
 257 029b 4F735472 		.string	"OsTrapInfoType"
 257      6170496E 
 257      666F5479 
 257      706500
 258 02aa 01       		.byte	0x1
 259 02ab 80       		.byte	0x80
 260 02ac 5B020000 		.uaword	0x25b
 261 02b0 02       		.uleb128 0x2
 262 02b1 75696E74 		.string	"uint32_aligned"
 262      33325F61 
 262      6C69676E 
 262      656400
 263 02c0 01       		.byte	0x1
 264 02c1 86       		.byte	0x86
 265 02c2 BB010000 		.uaword	0x1bb
 266 02c6 04       		.uleb128 0x4
 267 02c7 44       		.byte	0x44
 268 02c8 01       		.byte	0x1
 269 02c9 AB       		.byte	0xab
 270 02ca DF020000 		.uaword	0x2df
 271 02ce 05       		.uleb128 0x5
 272 02cf 73746F72 		.string	"store"
 272      6500
 273 02d5 01       		.byte	0x1
 274 02d6 AC       		.byte	0xac
 275 02d7 DF020000 		.uaword	0x2df
 276 02db 02       		.byte	0x2
 277 02dc 23       		.byte	0x23
 278 02dd 00       		.uleb128 0
 279 02de 00       		.byte	0
 280 02df 06       		.uleb128 0x6
 281 02e0 BB010000 		.uaword	0x1bb
 282 02e4 EF020000 		.uaword	0x2ef
 283 02e8 07       		.uleb128 0x7
 284 02e9 EF020000 		.uaword	0x2ef
 285 02ed 10       		.byte	0x10
 286 02ee 00       		.byte	0
 287 02ef 03       		.uleb128 0x3
 288 02f0 04       		.byte	0x4
 289 02f1 07       		.byte	0x7
 290 02f2 73697A65 		.string	"sizetype"
 290      74797065 
GAS Infineon TriCore Little Endian C:\\Users\\user1\\AppData\\Local\\Temp\\rta_RTAOS_638388406317960277_1736001\\cckrAcIq.s 			page 7


 290      00
 291 02fb 02       		.uleb128 0x2
 292 02fc 4F735F4A 		.string	"Os_JumpBufType"
 292      756D7042 
 292      75665479 
 292      706500
 293 030b 01       		.byte	0x1
 294 030c AD       		.byte	0xad
 295 030d 11030000 		.uaword	0x311
 296 0311 06       		.uleb128 0x6
 297 0312 C6020000 		.uaword	0x2c6
 298 0316 21030000 		.uaword	0x321
 299 031a 07       		.uleb128 0x7
 300 031b EF020000 		.uaword	0x2ef
 301 031f 00       		.byte	0
 302 0320 00       		.byte	0
 303 0321 02       		.uleb128 0x2
 304 0322 4F735F52 		.string	"Os_ResourceCountType"
 304      65736F75 
 304      72636543 
 304      6F756E74 
 304      54797065 
 305 0337 01       		.byte	0x1
 306 0338 BE       		.byte	0xbe
 307 0339 86010000 		.uaword	0x186
 308 033d 02       		.uleb128 0x2
 309 033e 4F735F53 		.string	"Os_StackTraceType"
 309      7461636B 
 309      54726163 
 309      65547970 
 309      6500
 310 0350 01       		.byte	0x1
 311 0351 BF       		.byte	0xbf
 312 0352 C9010000 		.uaword	0x1c9
 313 0356 04       		.uleb128 0x4
 314 0357 08       		.byte	0x8
 315 0358 01       		.byte	0x1
 316 0359 C0       		.byte	0xc0
 317 035a 7A030000 		.uaword	0x37a
 318 035e 05       		.uleb128 0x5
 319 035f 737000   		.string	"sp"
 320 0362 01       		.byte	0x1
 321 0363 C0       		.byte	0xc0
 322 0364 3D030000 		.uaword	0x33d
 323 0368 02       		.byte	0x2
 324 0369 23       		.byte	0x23
 325 036a 00       		.uleb128 0
 326 036b 05       		.uleb128 0x5
 327 036c 63747800 		.string	"ctx"
 328 0370 01       		.byte	0x1
 329 0371 C0       		.byte	0xc0
 330 0372 3D030000 		.uaword	0x33d
 331 0376 02       		.byte	0x2
 332 0377 23       		.byte	0x23
 333 0378 04       		.uleb128 0x4
 334 0379 00       		.byte	0
 335 037a 02       		.uleb128 0x2
GAS Infineon TriCore Little Endian C:\\Users\\user1\\AppData\\Local\\Temp\\rta_RTAOS_638388406317960277_1736001\\cckrAcIq.s 			page 8


 336 037b 4F735F53 		.string	"Os_StackValueType"
 336      7461636B 
 336      56616C75 
 336      65547970 
 336      6500
 337 038d 01       		.byte	0x1
 338 038e C0       		.byte	0xc0
 339 038f 56030000 		.uaword	0x356
 340 0393 02       		.uleb128 0x2
 341 0394 4F735F53 		.string	"Os_StackSizeType"
 341      7461636B 
 341      53697A65 
 341      54797065 
 341      00
 342 03a5 01       		.byte	0x1
 343 03a6 C1       		.byte	0xc1
 344 03a7 7A030000 		.uaword	0x37a
 345 03ab 02       		.uleb128 0x2
 346 03ac 4F735F56 		.string	"Os_VoidVoidFunctionType"
 346      6F696456 
 346      6F696446 
 346      756E6374 
 346      696F6E54 
 347 03c4 01       		.byte	0x1
 348 03c5 C7       		.byte	0xc7
 349 03c6 CA030000 		.uaword	0x3ca
 350 03ca 08       		.uleb128 0x8
 351 03cb 04       		.byte	0x4
 352 03cc D0030000 		.uaword	0x3d0
 353 03d0 09       		.uleb128 0x9
 354 03d1 01       		.byte	0x1
 355 03d2 02       		.uleb128 0x2
 356 03d3 4170706C 		.string	"ApplicationType"
 356      69636174 
 356      696F6E54 
 356      79706500 
 357 03e3 01       		.byte	0x1
 358 03e4 D5       		.byte	0xd5
 359 03e5 86010000 		.uaword	0x186
 360 03e9 02       		.uleb128 0x2
 361 03ea 4F735F74 		.string	"Os_tmaskType"
 361      6D61736B 
 361      54797065 
 361      00
 362 03f7 01       		.byte	0x1
 363 03f8 D9       		.byte	0xd9
 364 03f9 BB010000 		.uaword	0x1bb
 365 03fd 02       		.uleb128 0x2
 366 03fe 4F735F43 		.string	"Os_CoreStateType"
 366      6F726553 
 366      74617465 
 366      54797065 
 366      00
 367 040f 01       		.byte	0x1
 368 0410 E7       		.byte	0xe7
 369 0411 BB010000 		.uaword	0x1bb
 370 0415 02       		.uleb128 0x2
GAS Infineon TriCore Little Endian C:\\Users\\user1\\AppData\\Local\\Temp\\rta_RTAOS_638388406317960277_1736001\\cckrAcIq.s 			page 9


 371 0416 4F735F53 		.string	"Os_StopwatchTickType"
 371      746F7077 
 371      61746368 
 371      5469636B 
 371      54797065 
 372 042b 01       		.byte	0x1
 373 042c FD       		.byte	0xfd
 374 042d C9010000 		.uaword	0x1c9
 375 0431 0A       		.uleb128 0xa
 376 0432 4F735F54 		.string	"Os_TerminatorType"
 376      65726D69 
 376      6E61746F 
 376      72547970 
 376      6500
 377 0444 01       		.byte	0x1
 378 0445 0201     		.uahalf	0x102
 379 0447 4B040000 		.uaword	0x44b
 380 044b 08       		.uleb128 0x8
 381 044c 04       		.byte	0x4
 382 044d FB020000 		.uaword	0x2fb
 383 0451 0A       		.uleb128 0xa
 384 0452 4F735F4C 		.string	"Os_Lockable"
 384      6F636B61 
 384      626C6500 
 385 045e 01       		.byte	0x1
 386 045f 0701     		.uahalf	0x107
 387 0461 B0020000 		.uaword	0x2b0
 388 0465 0A       		.uleb128 0xa
 389 0466 436F7265 		.string	"CoreIdType"
 389      49645479 
 389      706500
 390 0471 01       		.byte	0x1
 391 0472 0901     		.uahalf	0x109
 392 0474 97010000 		.uaword	0x197
 393 0478 0B       		.uleb128 0xb
 394 0479 51040000 		.uaword	0x451
 395 047d 0C       		.uleb128 0xc
 396 047e 4F735F43 		.string	"Os_ControlledCoreType_s"
 396      6F6E7472 
 396      6F6C6C65 
 396      64436F72 
 396      65547970 
 397 0496 58       		.byte	0x58
 398 0497 01       		.byte	0x1
 399 0498 1004     		.uahalf	0x410
 400 049a 7B060000 		.uaword	0x67b
 401 049e 0D       		.uleb128 0xd
 402 049f 54726170 		.string	"TrapInfo"
 402      496E666F 
 402      00
 403 04a8 01       		.byte	0x1
 404 04a9 1104     		.uahalf	0x411
 405 04ab 9A020000 		.uaword	0x29a
 406 04af 02       		.byte	0x2
 407 04b0 23       		.byte	0x23
 408 04b1 00       		.uleb128 0
 409 04b2 0D       		.uleb128 0xd
GAS Infineon TriCore Little Endian C:\\Users\\user1\\AppData\\Local\\Temp\\rta_RTAOS_638388406317960277_1736001\\cckrAcIq.s 			page 10


 410 04b3 4572726F 		.string	"ErrorInformation"
 410      72496E66 
 410      6F726D61 
 410      74696F6E 
 410      00
 411 04c4 01       		.byte	0x1
 412 04c5 1204     		.uahalf	0x412
 413 04c7 240D0000 		.uaword	0xd24
 414 04cb 02       		.byte	0x2
 415 04cc 23       		.byte	0x23
 416 04cd 08       		.uleb128 0x8
 417 04ce 0D       		.uleb128 0xd
 418 04cf 6C6F636B 		.string	"lock_taskaccess"
 418      5F746173 
 418      6B616363 
 418      65737300 
 419 04df 01       		.byte	0x1
 420 04e0 1304     		.uahalf	0x413
 421 04e2 78040000 		.uaword	0x478
 422 04e6 02       		.byte	0x2
 423 04e7 23       		.byte	0x23
 424 04e8 18       		.uleb128 0x18
 425 04e9 0D       		.uleb128 0xd
 426 04ea 52656164 		.string	"ReadyTasks"
 426      79546173 
 426      6B7300
 427 04f5 01       		.byte	0x1
 428 04f6 1404     		.uahalf	0x414
 429 04f8 5A0D0000 		.uaword	0xd5a
 430 04fc 02       		.byte	0x2
 431 04fd 23       		.byte	0x23
 432 04fe 1C       		.uleb128 0x1c
 433 04ff 0D       		.uleb128 0xd
 434 0500 52756E6E 		.string	"RunningISR"
 434      696E6749 
 434      535200
 435 050b 01       		.byte	0x1
 436 050c 1504     		.uahalf	0x415
 437 050e 5F0D0000 		.uaword	0xd5f
 438 0512 02       		.byte	0x2
 439 0513 23       		.byte	0x23
 440 0514 20       		.uleb128 0x20
 441 0515 0D       		.uleb128 0xd
 442 0516 52756E6E 		.string	"RunningTask"
 442      696E6754 
 442      61736B00 
 443 0522 01       		.byte	0x1
 444 0523 1604     		.uahalf	0x416
 445 0525 640D0000 		.uaword	0xd64
 446 0529 02       		.byte	0x2
 447 052a 23       		.byte	0x23
 448 052b 24       		.uleb128 0x24
 449 052c 0D       		.uleb128 0xd
 450 052d 52756E6E 		.string	"RunningTPMask"
 450      696E6754 
 450      504D6173 
 450      6B00
GAS Infineon TriCore Little Endian C:\\Users\\user1\\AppData\\Local\\Temp\\rta_RTAOS_638388406317960277_1736001\\cckrAcIq.s 			page 11


 451 053b 01       		.byte	0x1
 452 053c 1704     		.uahalf	0x417
 453 053e 690D0000 		.uaword	0xd69
 454 0542 02       		.byte	0x2
 455 0543 23       		.byte	0x23
 456 0544 28       		.uleb128 0x28
 457 0545 0D       		.uleb128 0xd
 458 0546 5465726D 		.string	"TerminatingTasks"
 458      696E6174 
 458      696E6754 
 458      61736B73 
 458      00
 459 0557 01       		.byte	0x1
 460 0558 1804     		.uahalf	0x418
 461 055a 5A0D0000 		.uaword	0xd5a
 462 055e 02       		.byte	0x2
 463 055f 23       		.byte	0x23
 464 0560 2C       		.uleb128 0x2c
 465 0561 0D       		.uleb128 0xd
 466 0562 4170706C 		.string	"Application"
 466      69636174 
 466      696F6E00 
 467 056e 01       		.byte	0x1
 468 056f 1904     		.uahalf	0x419
 469 0571 D2030000 		.uaword	0x3d2
 470 0575 02       		.byte	0x2
 471 0576 23       		.byte	0x23
 472 0577 30       		.uleb128 0x30
 473 0578 0D       		.uleb128 0xd
 474 0579 43757272 		.string	"CurrentTerminator"
 474      656E7454 
 474      65726D69 
 474      6E61746F 
 474      7200
 475 058b 01       		.byte	0x1
 476 058c 1A04     		.uahalf	0x41a
 477 058e 6E0D0000 		.uaword	0xd6e
 478 0592 02       		.byte	0x2
 479 0593 23       		.byte	0x23
 480 0594 34       		.uleb128 0x34
 481 0595 0D       		.uleb128 0xd
 482 0596 43757272 		.string	"CurrentMeteredObject"
 482      656E744D 
 482      65746572 
 482      65644F62 
 482      6A656374 
 483 05ab 01       		.byte	0x1
 484 05ac 1B04     		.uahalf	0x41b
 485 05ae E7060000 		.uaword	0x6e7
 486 05b2 02       		.byte	0x2
 487 05b3 23       		.byte	0x23
 488 05b4 38       		.uleb128 0x38
 489 05b5 0D       		.uleb128 0xd
 490 05b6 49646C65 		.string	"IdleMeter"
 490      4D657465 
 490      7200
 491 05c0 01       		.byte	0x1
GAS Infineon TriCore Little Endian C:\\Users\\user1\\AppData\\Local\\Temp\\rta_RTAOS_638388406317960277_1736001\\cckrAcIq.s 			page 12


 492 05c1 1C04     		.uahalf	0x41c
 493 05c3 CE060000 		.uaword	0x6ce
 494 05c7 02       		.byte	0x2
 495 05c8 23       		.byte	0x23
 496 05c9 3C       		.uleb128 0x3c
 497 05ca 0D       		.uleb128 0xd
 498 05cb 41707041 		.string	"AppAccess"
 498      63636573 
 498      7300
 499 05d5 01       		.byte	0x1
 500 05d6 1D04     		.uahalf	0x41d
 501 05d8 79010000 		.uaword	0x179
 502 05dc 02       		.byte	0x2
 503 05dd 23       		.byte	0x23
 504 05de 48       		.uleb128 0x48
 505 05df 0D       		.uleb128 0xd
 506 05e0 4170704F 		.string	"AppOverride"
 506      76657272 
 506      69646500 
 507 05ec 01       		.byte	0x1
 508 05ed 1E04     		.uahalf	0x41e
 509 05ef 730D0000 		.uaword	0xd73
 510 05f3 02       		.byte	0x2
 511 05f4 23       		.byte	0x23
 512 05f5 49       		.uleb128 0x49
 513 05f6 0D       		.uleb128 0xd
 514 05f7 47657453 		.string	"GetStackValueAdjust"
 514      7461636B 
 514      56616C75 
 514      6541646A 
 514      75737400 
 515 060b 01       		.byte	0x1
 516 060c 1F04     		.uahalf	0x41f
 517 060e 93030000 		.uaword	0x393
 518 0612 02       		.byte	0x2
 519 0613 23       		.byte	0x23
 520 0614 4C       		.uleb128 0x4c
 521 0615 0D       		.uleb128 0xd
 522 0616 496E4572 		.string	"InErrorHook"
 522      726F7248 
 522      6F6F6B00 
 523 0622 01       		.byte	0x1
 524 0623 2004     		.uahalf	0x420
 525 0625 3A020000 		.uaword	0x23a
 526 0629 02       		.byte	0x2
 527 062a 23       		.byte	0x23
 528 062b 54       		.uleb128 0x54
 529 062c 0D       		.uleb128 0xd
 530 062d 496E5072 		.string	"InProtectionHook"
 530      6F746563 
 530      74696F6E 
 530      486F6F6B 
 530      00
 531 063e 01       		.byte	0x1
 532 063f 2104     		.uahalf	0x421
 533 0641 3A020000 		.uaword	0x23a
 534 0645 02       		.byte	0x2
GAS Infineon TriCore Little Endian C:\\Users\\user1\\AppData\\Local\\Temp\\rta_RTAOS_638388406317960277_1736001\\cckrAcIq.s 			page 13


 535 0646 23       		.byte	0x23
 536 0647 55       		.uleb128 0x55
 537 0648 0D       		.uleb128 0xd
 538 0649 436F7265 		.string	"CoreIsActive"
 538      49734163 
 538      74697665 
 538      00
 539 0656 01       		.byte	0x1
 540 0657 2204     		.uahalf	0x422
 541 0659 3A020000 		.uaword	0x23a
 542 065d 02       		.byte	0x2
 543 065e 23       		.byte	0x23
 544 065f 56       		.uleb128 0x56
 545 0660 0D       		.uleb128 0xd
 546 0661 496E5368 		.string	"InShutdownHook"
 546      7574646F 
 546      776E486F 
 546      6F6B00
 547 0670 01       		.byte	0x1
 548 0671 2304     		.uahalf	0x423
 549 0673 3A020000 		.uaword	0x23a
 550 0677 02       		.byte	0x2
 551 0678 23       		.byte	0x23
 552 0679 57       		.uleb128 0x57
 553 067a 00       		.byte	0
 554 067b 0C       		.uleb128 0xc
 555 067c 4F735F4D 		.string	"Os_MeterInfoType_s"
 555      65746572 
 555      496E666F 
 555      54797065 
 555      5F7300
 556 068f 0C       		.byte	0xc
 557 0690 01       		.byte	0x1
 558 0691 7201     		.uahalf	0x172
 559 0693 CE060000 		.uaword	0x6ce
 560 0697 0D       		.uleb128 0xd
 561 0698 656C6170 		.string	"elapsed"
 561      73656400 
 562 06a0 01       		.byte	0x1
 563 06a1 7301     		.uahalf	0x173
 564 06a3 15040000 		.uaword	0x415
 565 06a7 02       		.byte	0x2
 566 06a8 23       		.byte	0x23
 567 06a9 00       		.uleb128 0
 568 06aa 0D       		.uleb128 0xd
 569 06ab 70726576 		.string	"previous"
 569      696F7573 
 569      00
 570 06b4 01       		.byte	0x1
 571 06b5 7401     		.uahalf	0x174
 572 06b7 15040000 		.uaword	0x415
 573 06bb 02       		.byte	0x2
 574 06bc 23       		.byte	0x23
 575 06bd 04       		.uleb128 0x4
 576 06be 0D       		.uleb128 0xd
 577 06bf 6D617800 		.string	"max"
 578 06c3 01       		.byte	0x1
GAS Infineon TriCore Little Endian C:\\Users\\user1\\AppData\\Local\\Temp\\rta_RTAOS_638388406317960277_1736001\\cckrAcIq.s 			page 14


 579 06c4 7501     		.uahalf	0x175
 580 06c6 15040000 		.uaword	0x415
 581 06ca 02       		.byte	0x2
 582 06cb 23       		.byte	0x23
 583 06cc 08       		.uleb128 0x8
 584 06cd 00       		.byte	0
 585 06ce 0A       		.uleb128 0xa
 586 06cf 4F735F4D 		.string	"Os_MeterInfoType"
 586      65746572 
 586      496E666F 
 586      54797065 
 586      00
 587 06e0 01       		.byte	0x1
 588 06e1 7601     		.uahalf	0x176
 589 06e3 7B060000 		.uaword	0x67b
 590 06e7 0A       		.uleb128 0xa
 591 06e8 4F735F4D 		.string	"Os_MeterInfoRefType"
 591      65746572 
 591      496E666F 
 591      52656654 
 591      79706500 
 592 06fc 01       		.byte	0x1
 593 06fd 7701     		.uahalf	0x177
 594 06ff 03070000 		.uaword	0x703
 595 0703 08       		.uleb128 0x8
 596 0704 04       		.byte	0x4
 597 0705 CE060000 		.uaword	0x6ce
 598 0709 0A       		.uleb128 0xa
 599 070a 4576656E 		.string	"EventMaskType"
 599      744D6173 
 599      6B547970 
 599      6500
 600 0718 01       		.byte	0x1
 601 0719 7A01     		.uahalf	0x17a
 602 071b 79010000 		.uaword	0x179
 603 071f 0A       		.uleb128 0xa
 604 0720 4F735F69 		.string	"Os_imaskType"
 604      6D61736B 
 604      54797065 
 604      00
 605 072d 01       		.byte	0x1
 606 072e 7F01     		.uahalf	0x17f
 607 0730 BB010000 		.uaword	0x1bb
 608 0734 0C       		.uleb128 0xc
 609 0735 4F735F49 		.string	"Os_ISRDynType_s"
 609      53524479 
 609      6E547970 
 609      655F7300 
 610 0745 10       		.byte	0x10
 611 0746 01       		.byte	0x1
 612 0747 8101     		.uahalf	0x181
 613 0749 85070000 		.uaword	0x785
 614 074d 0E       		.uleb128 0xe
 615 074e 00000000 		.uaword	.LASF0
 616 0752 01       		.byte	0x1
 617 0753 8201     		.uahalf	0x182
 618 0755 21030000 		.uaword	0x321
GAS Infineon TriCore Little Endian C:\\Users\\user1\\AppData\\Local\\Temp\\rta_RTAOS_638388406317960277_1736001\\cckrAcIq.s 			page 15


 619 0759 02       		.byte	0x2
 620 075a 23       		.byte	0x23
 621 075b 00       		.uleb128 0
 622 075c 0D       		.uleb128 0xd
 623 075d 7465726D 		.string	"terminating"
 623      696E6174 
 623      696E6700 
 624 0769 01       		.byte	0x1
 625 076a 8301     		.uahalf	0x183
 626 076c 3A020000 		.uaword	0x23a
 627 0770 02       		.byte	0x2
 628 0771 23       		.byte	0x23
 629 0772 01       		.uleb128 0x1
 630 0773 0D       		.uleb128 0xd
 631 0774 6D657465 		.string	"meter"
 631      7200
 632 077a 01       		.byte	0x1
 633 077b 8401     		.uahalf	0x184
 634 077d CE060000 		.uaword	0x6ce
 635 0781 02       		.byte	0x2
 636 0782 23       		.byte	0x23
 637 0783 04       		.uleb128 0x4
 638 0784 00       		.byte	0
 639 0785 0A       		.uleb128 0xa
 640 0786 4F735F49 		.string	"Os_ISRDynType"
 640      53524479 
 640      6E547970 
 640      6500
 641 0794 01       		.byte	0x1
 642 0795 8501     		.uahalf	0x185
 643 0797 34070000 		.uaword	0x734
 644 079b 0A       		.uleb128 0xa
 645 079c 4F735F49 		.string	"Os_IsrTerminatedFunctionType"
 645      73725465 
 645      726D696E 
 645      61746564 
 645      46756E63 
 646 07b9 01       		.byte	0x1
 647 07ba 8601     		.uahalf	0x186
 648 07bc CA030000 		.uaword	0x3ca
 649 07c0 0C       		.uleb128 0xc
 650 07c1 4F735F49 		.string	"Os_ISRType_s"
 650      53525479 
 650      70655F73 
 650      00
 651 07ce 18       		.byte	0x18
 652 07cf 01       		.byte	0x1
 653 07d0 8701     		.uahalf	0x187
 654 07d2 54080000 		.uaword	0x854
 655 07d6 0E       		.uleb128 0xe
 656 07d7 00000000 		.uaword	.LASF1
 657 07db 01       		.byte	0x1
 658 07dc 8801     		.uahalf	0x188
 659 07de AB030000 		.uaword	0x3ab
 660 07e2 02       		.byte	0x2
 661 07e3 23       		.byte	0x23
 662 07e4 00       		.uleb128 0
GAS Infineon TriCore Little Endian C:\\Users\\user1\\AppData\\Local\\Temp\\rta_RTAOS_638388406317960277_1736001\\cckrAcIq.s 			page 16


 663 07e5 0D       		.uleb128 0xd
 664 07e6 7465726D 		.string	"terminated_function"
 664      696E6174 
 664      65645F66 
 664      756E6374 
 664      696F6E00 
 665 07fa 01       		.byte	0x1
 666 07fb 8901     		.uahalf	0x189
 667 07fd 9B070000 		.uaword	0x79b
 668 0801 02       		.byte	0x2
 669 0802 23       		.byte	0x23
 670 0803 04       		.uleb128 0x4
 671 0804 0E       		.uleb128 0xe
 672 0805 00000000 		.uaword	.LASF2
 673 0809 01       		.byte	0x1
 674 080a 8A01     		.uahalf	0x18a
 675 080c 54080000 		.uaword	0x854
 676 0810 02       		.byte	0x2
 677 0811 23       		.byte	0x23
 678 0812 08       		.uleb128 0x8
 679 0813 0D       		.uleb128 0xd
 680 0814 696D6173 		.string	"imask"
 680      6B00
 681 081a 01       		.byte	0x1
 682 081b 8B01     		.uahalf	0x18b
 683 081d 1F070000 		.uaword	0x71f
 684 0821 02       		.byte	0x2
 685 0822 23       		.byte	0x23
 686 0823 0C       		.uleb128 0xc
 687 0824 0D       		.uleb128 0xd
 688 0825 696E6465 		.string	"index"
 688      7800
 689 082b 01       		.byte	0x1
 690 082c 8C01     		.uahalf	0x18c
 691 082e BB010000 		.uaword	0x1bb
 692 0832 02       		.byte	0x2
 693 0833 23       		.byte	0x23
 694 0834 10       		.uleb128 0x10
 695 0835 0E       		.uleb128 0xe
 696 0836 00000000 		.uaword	.LASF3
 697 083a 01       		.byte	0x1
 698 083b 8D01     		.uahalf	0x18d
 699 083d 79010000 		.uaword	0x179
 700 0841 02       		.byte	0x2
 701 0842 23       		.byte	0x23
 702 0843 14       		.uleb128 0x14
 703 0844 0E       		.uleb128 0xe
 704 0845 00000000 		.uaword	.LASF4
 705 0849 01       		.byte	0x1
 706 084a 8E01     		.uahalf	0x18e
 707 084c D2030000 		.uaword	0x3d2
 708 0850 02       		.byte	0x2
 709 0851 23       		.byte	0x23
 710 0852 15       		.uleb128 0x15
 711 0853 00       		.byte	0
 712 0854 0F       		.uleb128 0xf
 713 0855 59080000 		.uaword	0x859
GAS Infineon TriCore Little Endian C:\\Users\\user1\\AppData\\Local\\Temp\\rta_RTAOS_638388406317960277_1736001\\cckrAcIq.s 			page 17


 714 0859 08       		.uleb128 0x8
 715 085a 04       		.byte	0x4
 716 085b 85070000 		.uaword	0x785
 717 085f 0A       		.uleb128 0xa
 718 0860 4F735F49 		.string	"Os_ISRType"
 718      53525479 
 718      706500
 719 086b 01       		.byte	0x1
 720 086c 8F01     		.uahalf	0x18f
 721 086e C0070000 		.uaword	0x7c0
 722 0872 0A       		.uleb128 0xa
 723 0873 49535254 		.string	"ISRType"
 723      79706500 
 724 087b 01       		.byte	0x1
 725 087c 9001     		.uahalf	0x190
 726 087e 82080000 		.uaword	0x882
 727 0882 08       		.uleb128 0x8
 728 0883 04       		.byte	0x4
 729 0884 88080000 		.uaword	0x888
 730 0888 0F       		.uleb128 0xf
 731 0889 5F080000 		.uaword	0x85f
 732 088d 0A       		.uleb128 0xa
 733 088e 4F735F62 		.string	"Os_bitmask"
 733      69746D61 
 733      736B00
 734 0899 01       		.byte	0x1
 735 089a A201     		.uahalf	0x1a2
 736 089c C9010000 		.uaword	0x1c9
 737 08a0 0A       		.uleb128 0xa
 738 08a1 4F735F70 		.string	"Os_pset0Type"
 738      73657430 
 738      54797065 
 738      00
 739 08ae 01       		.byte	0x1
 740 08af A301     		.uahalf	0x1a3
 741 08b1 8D080000 		.uaword	0x88d
 742 08b5 0A       		.uleb128 0xa
 743 08b6 4F735F70 		.string	"Os_pset1Type"
 743      73657431 
 743      54797065 
 743      00
 744 08c3 01       		.byte	0x1
 745 08c4 A401     		.uahalf	0x1a4
 746 08c6 8D080000 		.uaword	0x88d
 747 08ca 0A       		.uleb128 0xa
 748 08cb 4F735F70 		.string	"Os_pset2Type"
 748      73657432 
 748      54797065 
 748      00
 749 08d8 01       		.byte	0x1
 750 08d9 A501     		.uahalf	0x1a5
 751 08db 8D080000 		.uaword	0x88d
 752 08df 10       		.uleb128 0x10
 753 08e0 04       		.byte	0x4
 754 08e1 01       		.byte	0x1
 755 08e2 A601     		.uahalf	0x1a6
 756 08e4 0A090000 		.uaword	0x90a
GAS Infineon TriCore Little Endian C:\\Users\\user1\\AppData\\Local\\Temp\\rta_RTAOS_638388406317960277_1736001\\cckrAcIq.s 			page 18


 757 08e8 11       		.uleb128 0x11
 758 08e9 703000   		.string	"p0"
 759 08ec 01       		.byte	0x1
 760 08ed A701     		.uahalf	0x1a7
 761 08ef A0080000 		.uaword	0x8a0
 762 08f3 11       		.uleb128 0x11
 763 08f4 703100   		.string	"p1"
 764 08f7 01       		.byte	0x1
 765 08f8 A801     		.uahalf	0x1a8
 766 08fa B5080000 		.uaword	0x8b5
 767 08fe 11       		.uleb128 0x11
 768 08ff 703200   		.string	"p2"
 769 0902 01       		.byte	0x1
 770 0903 A901     		.uahalf	0x1a9
 771 0905 CA080000 		.uaword	0x8ca
 772 0909 00       		.byte	0
 773 090a 0A       		.uleb128 0xa
 774 090b 4F735F70 		.string	"Os_psetType"
 774      73657454 
 774      79706500 
 775 0917 01       		.byte	0x1
 776 0918 AA01     		.uahalf	0x1aa
 777 091a DF080000 		.uaword	0x8df
 778 091e 10       		.uleb128 0x10
 779 091f 04       		.byte	0x4
 780 0920 01       		.byte	0x1
 781 0921 AC01     		.uahalf	0x1ac
 782 0923 49090000 		.uaword	0x949
 783 0927 11       		.uleb128 0x11
 784 0928 743000   		.string	"t0"
 785 092b 01       		.byte	0x1
 786 092c AD01     		.uahalf	0x1ad
 787 092e 8D080000 		.uaword	0x88d
 788 0932 11       		.uleb128 0x11
 789 0933 743100   		.string	"t1"
 790 0936 01       		.byte	0x1
 791 0937 AE01     		.uahalf	0x1ae
 792 0939 8D080000 		.uaword	0x88d
 793 093d 11       		.uleb128 0x11
 794 093e 743200   		.string	"t2"
 795 0941 01       		.byte	0x1
 796 0942 AF01     		.uahalf	0x1af
 797 0944 8D080000 		.uaword	0x88d
 798 0948 00       		.byte	0
 799 0949 0A       		.uleb128 0xa
 800 094a 4F735F74 		.string	"Os_tpmaskType"
 800      706D6173 
 800      6B547970 
 800      6500
 801 0958 01       		.byte	0x1
 802 0959 B001     		.uahalf	0x1b0
 803 095b 1E090000 		.uaword	0x91e
 804 095f 0A       		.uleb128 0xa
 805 0960 4F735F41 		.string	"Os_ActivationCountType"
 805      63746976 
 805      6174696F 
 805      6E436F75 
GAS Infineon TriCore Little Endian C:\\Users\\user1\\AppData\\Local\\Temp\\rta_RTAOS_638388406317960277_1736001\\cckrAcIq.s 			page 19


 805      6E745479 
 806 0977 01       		.byte	0x1
 807 0978 B101     		.uahalf	0x1b1
 808 097a 86010000 		.uaword	0x186
 809 097e 0C       		.uleb128 0xc
 810 097f 4F735F54 		.string	"Os_TaskDynType_s"
 810      61736B44 
 810      796E5479 
 810      70655F73 
 810      00
 811 0990 5C       		.byte	0x5c
 812 0991 01       		.byte	0x1
 813 0992 B301     		.uahalf	0x1b3
 814 0994 390A0000 		.uaword	0xa39
 815 0998 0D       		.uleb128 0xd
 816 0999 6C617374 		.string	"last_activation"
 816      5F616374 
 816      69766174 
 816      696F6E00 
 817 09a9 01       		.byte	0x1
 818 09aa B401     		.uahalf	0x1b4
 819 09ac 15040000 		.uaword	0x415
 820 09b0 02       		.byte	0x2
 821 09b1 23       		.byte	0x23
 822 09b2 00       		.uleb128 0
 823 09b3 0D       		.uleb128 0xd
 824 09b4 7465726D 		.string	"terminate_jump_buf"
 824      696E6174 
 824      655F6A75 
 824      6D705F62 
 824      756600
 825 09c7 01       		.byte	0x1
 826 09c8 B501     		.uahalf	0x1b5
 827 09ca FB020000 		.uaword	0x2fb
 828 09ce 02       		.byte	0x2
 829 09cf 23       		.byte	0x23
 830 09d0 04       		.uleb128 0x4
 831 09d1 0D       		.uleb128 0xd
 832 09d2 6D657465 		.string	"meter"
 832      7200
 833 09d8 01       		.byte	0x1
 834 09d9 B601     		.uahalf	0x1b6
 835 09db CE060000 		.uaword	0x6ce
 836 09df 02       		.byte	0x2
 837 09e0 23       		.byte	0x23
 838 09e1 48       		.uleb128 0x48
 839 09e2 0D       		.uleb128 0xd
 840 09e3 7365656E 		.string	"seen_activation"
 840      5F616374 
 840      69766174 
 840      696F6E00 
 841 09f3 01       		.byte	0x1
 842 09f4 B701     		.uahalf	0x1b7
 843 09f6 3A020000 		.uaword	0x23a
 844 09fa 02       		.byte	0x2
 845 09fb 23       		.byte	0x23
 846 09fc 54       		.uleb128 0x54
GAS Infineon TriCore Little Endian C:\\Users\\user1\\AppData\\Local\\Temp\\rta_RTAOS_638388406317960277_1736001\\cckrAcIq.s 			page 20


 847 09fd 0E       		.uleb128 0xe
 848 09fe 00000000 		.uaword	.LASF5
 849 0a02 01       		.byte	0x1
 850 0a03 B801     		.uahalf	0x1b8
 851 0a05 5F090000 		.uaword	0x95f
 852 0a09 02       		.byte	0x2
 853 0a0a 23       		.byte	0x23
 854 0a0b 55       		.uleb128 0x55
 855 0a0c 0E       		.uleb128 0xe
 856 0a0d 00000000 		.uaword	.LASF0
 857 0a11 01       		.byte	0x1
 858 0a12 B901     		.uahalf	0x1b9
 859 0a14 21030000 		.uaword	0x321
 860 0a18 02       		.byte	0x2
 861 0a19 23       		.byte	0x23
 862 0a1a 56       		.uleb128 0x56
 863 0a1b 0D       		.uleb128 0xd
 864 0a1c 7465726D 		.string	"termination_state"
 864      696E6174 
 864      696F6E5F 
 864      73746174 
 864      6500
 865 0a2e 01       		.byte	0x1
 866 0a2f BA01     		.uahalf	0x1ba
 867 0a31 BB010000 		.uaword	0x1bb
 868 0a35 02       		.byte	0x2
 869 0a36 23       		.byte	0x23
 870 0a37 58       		.uleb128 0x58
 871 0a38 00       		.byte	0
 872 0a39 0A       		.uleb128 0xa
 873 0a3a 4F735F54 		.string	"Os_TaskDynType"
 873      61736B44 
 873      796E5479 
 873      706500
 874 0a49 01       		.byte	0x1
 875 0a4a BB01     		.uahalf	0x1bb
 876 0a4c 7E090000 		.uaword	0x97e
 877 0a50 0C       		.uleb128 0xc
 878 0a51 4F735F54 		.string	"Os_TaskType_s"
 878      61736B54 
 878      7970655F 
 878      7300
 879 0a5f 20       		.byte	0x20
 880 0a60 01       		.byte	0x1
 881 0a61 BD01     		.uahalf	0x1bd
 882 0a63 0D0B0000 		.uaword	0xb0d
 883 0a67 0E       		.uleb128 0xe
 884 0a68 00000000 		.uaword	.LASF2
 885 0a6c 01       		.byte	0x1
 886 0a6d BE01     		.uahalf	0x1be
 887 0a6f 0D0B0000 		.uaword	0xb0d
 888 0a73 02       		.byte	0x2
 889 0a74 23       		.byte	0x23
 890 0a75 00       		.uleb128 0
 891 0a76 0E       		.uleb128 0xe
 892 0a77 00000000 		.uaword	.LASF1
 893 0a7b 01       		.byte	0x1
GAS Infineon TriCore Little Endian C:\\Users\\user1\\AppData\\Local\\Temp\\rta_RTAOS_638388406317960277_1736001\\cckrAcIq.s 			page 21


 894 0a7c BF01     		.uahalf	0x1bf
 895 0a7e AB030000 		.uaword	0x3ab
 896 0a82 02       		.byte	0x2
 897 0a83 23       		.byte	0x23
 898 0a84 04       		.uleb128 0x4
 899 0a85 0D       		.uleb128 0xd
 900 0a86 70736574 		.string	"pset"
 900      00
 901 0a8b 01       		.byte	0x1
 902 0a8c C001     		.uahalf	0x1c0
 903 0a8e 0A090000 		.uaword	0x90a
 904 0a92 02       		.byte	0x2
 905 0a93 23       		.byte	0x23
 906 0a94 08       		.uleb128 0x8
 907 0a95 0D       		.uleb128 0xd
 908 0a96 62617365 		.string	"base_tpmask"
 908      5F74706D 
 908      61736B00 
 909 0aa2 01       		.byte	0x1
 910 0aa3 C101     		.uahalf	0x1c1
 911 0aa5 49090000 		.uaword	0x949
 912 0aa9 02       		.byte	0x2
 913 0aaa 23       		.byte	0x23
 914 0aab 0C       		.uleb128 0xc
 915 0aac 0E       		.uleb128 0xe
 916 0aad 00000000 		.uaword	.LASF6
 917 0ab1 01       		.byte	0x1
 918 0ab2 C201     		.uahalf	0x1c2
 919 0ab4 49090000 		.uaword	0x949
 920 0ab8 02       		.byte	0x2
 921 0ab9 23       		.byte	0x23
 922 0aba 10       		.uleb128 0x10
 923 0abb 0D       		.uleb128 0xd
 924 0abc 636F7265 		.string	"core_id"
 924      5F696400 
 925 0ac4 01       		.byte	0x1
 926 0ac5 C301     		.uahalf	0x1c3
 927 0ac7 65040000 		.uaword	0x465
 928 0acb 02       		.byte	0x2
 929 0acc 23       		.byte	0x23
 930 0acd 14       		.uleb128 0x14
 931 0ace 0D       		.uleb128 0xd
 932 0acf 696E6465 		.string	"index"
 932      7800
 933 0ad5 01       		.byte	0x1
 934 0ad6 C401     		.uahalf	0x1c4
 935 0ad8 BB010000 		.uaword	0x1bb
 936 0adc 02       		.byte	0x2
 937 0add 23       		.byte	0x23
 938 0ade 18       		.uleb128 0x18
 939 0adf 0E       		.uleb128 0xe
 940 0ae0 00000000 		.uaword	.LASF5
 941 0ae4 01       		.byte	0x1
 942 0ae5 C501     		.uahalf	0x1c5
 943 0ae7 5F090000 		.uaword	0x95f
 944 0aeb 02       		.byte	0x2
 945 0aec 23       		.byte	0x23
GAS Infineon TriCore Little Endian C:\\Users\\user1\\AppData\\Local\\Temp\\rta_RTAOS_638388406317960277_1736001\\cckrAcIq.s 			page 22


 946 0aed 1C       		.uleb128 0x1c
 947 0aee 0E       		.uleb128 0xe
 948 0aef 00000000 		.uaword	.LASF3
 949 0af3 01       		.byte	0x1
 950 0af4 C601     		.uahalf	0x1c6
 951 0af6 79010000 		.uaword	0x179
 952 0afa 02       		.byte	0x2
 953 0afb 23       		.byte	0x23
 954 0afc 1D       		.uleb128 0x1d
 955 0afd 0E       		.uleb128 0xe
 956 0afe 00000000 		.uaword	.LASF4
 957 0b02 01       		.byte	0x1
 958 0b03 C701     		.uahalf	0x1c7
 959 0b05 D2030000 		.uaword	0x3d2
 960 0b09 02       		.byte	0x2
 961 0b0a 23       		.byte	0x23
 962 0b0b 1E       		.uleb128 0x1e
 963 0b0c 00       		.byte	0
 964 0b0d 0F       		.uleb128 0xf
 965 0b0e 120B0000 		.uaword	0xb12
 966 0b12 08       		.uleb128 0x8
 967 0b13 04       		.byte	0x4
 968 0b14 390A0000 		.uaword	0xa39
 969 0b18 0A       		.uleb128 0xa
 970 0b19 4F735F54 		.string	"Os_TaskType"
 970      61736B54 
 970      79706500 
 971 0b25 01       		.byte	0x1
 972 0b26 C801     		.uahalf	0x1c8
 973 0b28 500A0000 		.uaword	0xa50
 974 0b2c 0A       		.uleb128 0xa
 975 0b2d 5461736B 		.string	"TaskType"
 975      54797065 
 975      00
 976 0b36 01       		.byte	0x1
 977 0b37 C901     		.uahalf	0x1c9
 978 0b39 3D0B0000 		.uaword	0xb3d
 979 0b3d 08       		.uleb128 0x8
 980 0b3e 04       		.byte	0x4
 981 0b3f 430B0000 		.uaword	0xb43
 982 0b43 0F       		.uleb128 0xf
 983 0b44 180B0000 		.uaword	0xb18
 984 0b48 10       		.uleb128 0x10
 985 0b49 04       		.byte	0x4
 986 0b4a 01       		.byte	0x1
 987 0b4b E101     		.uahalf	0x1e1
 988 0b4d 6C0B0000 		.uaword	0xb6c
 989 0b51 12       		.uleb128 0x12
 990 0b52 00000000 		.uaword	.LASF6
 991 0b56 01       		.byte	0x1
 992 0b57 E201     		.uahalf	0x1e2
 993 0b59 49090000 		.uaword	0x949
 994 0b5d 11       		.uleb128 0x11
 995 0b5e 696D6173 		.string	"imask"
 995      6B00
 996 0b64 01       		.byte	0x1
 997 0b65 E301     		.uahalf	0x1e3
GAS Infineon TriCore Little Endian C:\\Users\\user1\\AppData\\Local\\Temp\\rta_RTAOS_638388406317960277_1736001\\cckrAcIq.s 			page 23


 998 0b67 1F070000 		.uaword	0x71f
 999 0b6b 00       		.byte	0
 1000 0b6c 0C       		.uleb128 0xc
 1001 0b6d 4F735F52 		.string	"Os_ResourceDynType_s"
 1001      65736F75 
 1001      72636544 
 1001      796E5479 
 1001      70655F73 
 1002 0b82 0C       		.byte	0xc
 1003 0b83 01       		.byte	0x1
 1004 0b84 DE01     		.uahalf	0x1de
 1005 0b86 CF0B0000 		.uaword	0xbcf
 1006 0b8a 0D       		.uleb128 0xd
 1007 0b8b 61636365 		.string	"access_count"
 1007      73735F63 
 1007      6F756E74 
 1007      00
 1008 0b98 01       		.byte	0x1
 1009 0b99 DF01     		.uahalf	0x1df
 1010 0b9b 21030000 		.uaword	0x321
 1011 0b9f 02       		.byte	0x2
 1012 0ba0 23       		.byte	0x23
 1013 0ba1 00       		.uleb128 0
 1014 0ba2 0D       		.uleb128 0xd
 1015 0ba3 6C6F636B 		.string	"locker"
 1015      657200
 1016 0baa 01       		.byte	0x1
 1017 0bab E001     		.uahalf	0x1e0
 1018 0bad 2C0B0000 		.uaword	0xb2c
 1019 0bb1 02       		.byte	0x2
 1020 0bb2 23       		.byte	0x23
 1021 0bb3 04       		.uleb128 0x4
 1022 0bb4 0D       		.uleb128 0xd
 1023 0bb5 73617665 		.string	"saved_priority"
 1023      645F7072 
 1023      696F7269 
 1023      747900
 1024 0bc4 01       		.byte	0x1
 1025 0bc5 E401     		.uahalf	0x1e4
 1026 0bc7 480B0000 		.uaword	0xb48
 1027 0bcb 02       		.byte	0x2
 1028 0bcc 23       		.byte	0x23
 1029 0bcd 08       		.uleb128 0x8
 1030 0bce 00       		.byte	0
 1031 0bcf 0A       		.uleb128 0xa
 1032 0bd0 4F735F52 		.string	"Os_ResourceDynType"
 1032      65736F75 
 1032      72636544 
 1032      796E5479 
 1032      706500
 1033 0be3 01       		.byte	0x1
 1034 0be4 E501     		.uahalf	0x1e5
 1035 0be6 6C0B0000 		.uaword	0xb6c
 1036 0bea 0C       		.uleb128 0xc
 1037 0beb 4F735F52 		.string	"Os_ResourceType_s"
 1037      65736F75 
 1037      72636554 
GAS Infineon TriCore Little Endian C:\\Users\\user1\\AppData\\Local\\Temp\\rta_RTAOS_638388406317960277_1736001\\cckrAcIq.s 			page 24


 1037      7970655F 
 1037      7300
 1038 0bfd 10       		.byte	0x10
 1039 0bfe 01       		.byte	0x1
 1040 0bff E601     		.uahalf	0x1e6
 1041 0c01 440C0000 		.uaword	0xc44
 1042 0c05 0E       		.uleb128 0xe
 1043 0c06 00000000 		.uaword	.LASF2
 1044 0c0a 01       		.byte	0x1
 1045 0c0b E701     		.uahalf	0x1e7
 1046 0c0d 440C0000 		.uaword	0xc44
 1047 0c11 02       		.byte	0x2
 1048 0c12 23       		.byte	0x23
 1049 0c13 00       		.uleb128 0
 1050 0c14 0E       		.uleb128 0xe
 1051 0c15 00000000 		.uaword	.LASF6
 1052 0c19 01       		.byte	0x1
 1053 0c1a E801     		.uahalf	0x1e8
 1054 0c1c 49090000 		.uaword	0x949
 1055 0c20 02       		.byte	0x2
 1056 0c21 23       		.byte	0x23
 1057 0c22 04       		.uleb128 0x4
 1058 0c23 0D       		.uleb128 0xd
 1059 0c24 696D6173 		.string	"imask"
 1059      6B00
 1060 0c2a 01       		.byte	0x1
 1061 0c2b E901     		.uahalf	0x1e9
 1062 0c2d 1F070000 		.uaword	0x71f
 1063 0c31 02       		.byte	0x2
 1064 0c32 23       		.byte	0x23
 1065 0c33 08       		.uleb128 0x8
 1066 0c34 0E       		.uleb128 0xe
 1067 0c35 00000000 		.uaword	.LASF3
 1068 0c39 01       		.byte	0x1
 1069 0c3a EA01     		.uahalf	0x1ea
 1070 0c3c 79010000 		.uaword	0x179
 1071 0c40 02       		.byte	0x2
 1072 0c41 23       		.byte	0x23
 1073 0c42 0C       		.uleb128 0xc
 1074 0c43 00       		.byte	0
 1075 0c44 0F       		.uleb128 0xf
 1076 0c45 490C0000 		.uaword	0xc49
 1077 0c49 08       		.uleb128 0x8
 1078 0c4a 04       		.byte	0x4
 1079 0c4b CF0B0000 		.uaword	0xbcf
 1080 0c4f 0A       		.uleb128 0xa
 1081 0c50 4F735F52 		.string	"Os_ResourceType"
 1081      65736F75 
 1081      72636554 
 1081      79706500 
 1082 0c60 01       		.byte	0x1
 1083 0c61 EB01     		.uahalf	0x1eb
 1084 0c63 EA0B0000 		.uaword	0xbea
 1085 0c67 0A       		.uleb128 0xa
 1086 0c68 5265736F 		.string	"ResourceType"
 1086      75726365 
 1086      54797065 
GAS Infineon TriCore Little Endian C:\\Users\\user1\\AppData\\Local\\Temp\\rta_RTAOS_638388406317960277_1736001\\cckrAcIq.s 			page 25


 1086      00
 1087 0c75 01       		.byte	0x1
 1088 0c76 EC01     		.uahalf	0x1ec
 1089 0c78 7C0C0000 		.uaword	0xc7c
 1090 0c7c 08       		.uleb128 0x8
 1091 0c7d 04       		.byte	0x4
 1092 0c7e 820C0000 		.uaword	0xc82
 1093 0c82 0F       		.uleb128 0xf
 1094 0c83 4F0C0000 		.uaword	0xc4f
 1095 0c87 0A       		.uleb128 0xa
 1096 0c88 4F535365 		.string	"OSServiceIdType"
 1096      72766963 
 1096      65496454 
 1096      79706500 
 1097 0c98 01       		.byte	0x1
 1098 0c99 5102     		.uahalf	0x251
 1099 0c9b 86010000 		.uaword	0x186
 1100 0c9f 0A       		.uleb128 0xa
 1101 0ca0 4F735F42 		.string	"Os_BiggestType"
 1101      69676765 
 1101      73745479 
 1101      706500
 1102 0caf 01       		.byte	0x1
 1103 0cb0 2503     		.uahalf	0x325
 1104 0cb2 C9010000 		.uaword	0x1c9
 1105 0cb6 13       		.uleb128 0x13
 1106 0cb7 10       		.byte	0x10
 1107 0cb8 01       		.byte	0x1
 1108 0cb9 2703     		.uahalf	0x327
 1109 0cbb 240D0000 		.uaword	0xd24
 1110 0cbf 0D       		.uleb128 0xd
 1111 0cc0 73657276 		.string	"service_id"
 1111      6963655F 
 1111      696400
 1112 0ccb 01       		.byte	0x1
 1113 0ccc 2803     		.uahalf	0x328
 1114 0cce 870C0000 		.uaword	0xc87
 1115 0cd2 02       		.byte	0x2
 1116 0cd3 23       		.byte	0x23
 1117 0cd4 00       		.uleb128 0
 1118 0cd5 0D       		.uleb128 0xd
 1119 0cd6 73657276 		.string	"service_param1"
 1119      6963655F 
 1119      70617261 
 1119      6D3100
 1120 0ce5 01       		.byte	0x1
 1121 0ce6 2903     		.uahalf	0x329
 1122 0ce8 9F0C0000 		.uaword	0xc9f
 1123 0cec 02       		.byte	0x2
 1124 0ced 23       		.byte	0x23
 1125 0cee 04       		.uleb128 0x4
 1126 0cef 0D       		.uleb128 0xd
 1127 0cf0 73657276 		.string	"service_param2"
 1127      6963655F 
 1127      70617261 
 1127      6D3200
 1128 0cff 01       		.byte	0x1
GAS Infineon TriCore Little Endian C:\\Users\\user1\\AppData\\Local\\Temp\\rta_RTAOS_638388406317960277_1736001\\cckrAcIq.s 			page 26


 1129 0d00 2A03     		.uahalf	0x32a
 1130 0d02 9F0C0000 		.uaword	0xc9f
 1131 0d06 02       		.byte	0x2
 1132 0d07 23       		.byte	0x23
 1133 0d08 08       		.uleb128 0x8
 1134 0d09 0D       		.uleb128 0xd
 1135 0d0a 73657276 		.string	"service_param3"
 1135      6963655F 
 1135      70617261 
 1135      6D3300
 1136 0d19 01       		.byte	0x1
 1137 0d1a 2B03     		.uahalf	0x32b
 1138 0d1c 9F0C0000 		.uaword	0xc9f
 1139 0d20 02       		.byte	0x2
 1140 0d21 23       		.byte	0x23
 1141 0d22 0C       		.uleb128 0xc
 1142 0d23 00       		.byte	0
 1143 0d24 0A       		.uleb128 0xa
 1144 0d25 4F735F45 		.string	"Os_ErrorInformationType"
 1144      72726F72 
 1144      496E666F 
 1144      726D6174 
 1144      696F6E54 
 1145 0d3d 01       		.byte	0x1
 1146 0d3e 2C03     		.uahalf	0x32c
 1147 0d40 B60C0000 		.uaword	0xcb6
 1148 0d44 0A       		.uleb128 0xa
 1149 0d45 4F735F4F 		.string	"Os_OrtiIdType"
 1149      72746949 
 1149      64547970 
 1149      6500
 1150 0d53 01       		.byte	0x1
 1151 0d54 3003     		.uahalf	0x330
 1152 0d56 86010000 		.uaword	0x186
 1153 0d5a 0B       		.uleb128 0xb
 1154 0d5b 0A090000 		.uaword	0x90a
 1155 0d5f 0B       		.uleb128 0xb
 1156 0d60 72080000 		.uaword	0x872
 1157 0d64 0B       		.uleb128 0xb
 1158 0d65 2C0B0000 		.uaword	0xb2c
 1159 0d69 0B       		.uleb128 0xb
 1160 0d6a 49090000 		.uaword	0x949
 1161 0d6e 0B       		.uleb128 0xb
 1162 0d6f 31040000 		.uaword	0x431
 1163 0d73 0B       		.uleb128 0xb
 1164 0d74 D2030000 		.uaword	0x3d2
 1165 0d78 0A       		.uleb128 0xa
 1166 0d79 4F735F43 		.string	"Os_ControlledCoreType"
 1166      6F6E7472 
 1166      6F6C6C65 
 1166      64436F72 
 1166      65547970 
 1167 0d8f 01       		.byte	0x1
 1168 0d90 2404     		.uahalf	0x424
 1169 0d92 7D040000 		.uaword	0x47d
 1170 0d96 0C       		.uleb128 0xc
 1171 0d97 4F735F41 		.string	"Os_AnyCoreType_s"
GAS Infineon TriCore Little Endian C:\\Users\\user1\\AppData\\Local\\Temp\\rta_RTAOS_638388406317960277_1736001\\cckrAcIq.s 			page 27


 1171      6E79436F 
 1171      72655479 
 1171      70655F73 
 1171      00
 1172 0da8 64       		.byte	0x64
 1173 0da9 01       		.byte	0x1
 1174 0daa 3204     		.uahalf	0x432
 1175 0dac CF0E0000 		.uaword	0xecf
 1176 0db0 0D       		.uleb128 0xd
 1177 0db1 44697361 		.string	"DisableAllImask"
 1177      626C6541 
 1177      6C6C496D 
 1177      61736B00 
 1178 0dc1 01       		.byte	0x1
 1179 0dc2 3304     		.uahalf	0x433
 1180 0dc4 CF0E0000 		.uaword	0xecf
 1181 0dc8 02       		.byte	0x2
 1182 0dc9 23       		.byte	0x23
 1183 0dca 00       		.uleb128 0
 1184 0dcb 0D       		.uleb128 0xd
 1185 0dcc 53757370 		.string	"SuspendAllImask"
 1185      656E6441 
 1185      6C6C496D 
 1185      61736B00 
 1186 0ddc 01       		.byte	0x1
 1187 0ddd 3404     		.uahalf	0x434
 1188 0ddf CF0E0000 		.uaword	0xecf
 1189 0de3 02       		.byte	0x2
 1190 0de4 23       		.byte	0x23
 1191 0de5 04       		.uleb128 0x4
 1192 0de6 0D       		.uleb128 0xd
 1193 0de7 53757370 		.string	"SuspendOSImask"
 1193      656E644F 
 1193      53496D61 
 1193      736B00
 1194 0df6 01       		.byte	0x1
 1195 0df7 3504     		.uahalf	0x435
 1196 0df9 CF0E0000 		.uaword	0xecf
 1197 0dfd 02       		.byte	0x2
 1198 0dfe 23       		.byte	0x23
 1199 0dff 08       		.uleb128 0x8
 1200 0e00 0D       		.uleb128 0xd
 1201 0e01 44697361 		.string	"DisableAllCount"
 1201      626C6541 
 1201      6C6C436F 
 1201      756E7400 
 1202 0e11 01       		.byte	0x1
 1203 0e12 3604     		.uahalf	0x436
 1204 0e14 D40E0000 		.uaword	0xed4
 1205 0e18 02       		.byte	0x2
 1206 0e19 23       		.byte	0x23
 1207 0e1a 0C       		.uleb128 0xc
 1208 0e1b 0D       		.uleb128 0xd
 1209 0e1c 53757370 		.string	"SuspendAllCount"
 1209      656E6441 
 1209      6C6C436F 
 1209      756E7400 
GAS Infineon TriCore Little Endian C:\\Users\\user1\\AppData\\Local\\Temp\\rta_RTAOS_638388406317960277_1736001\\cckrAcIq.s 			page 28


 1210 0e2c 01       		.byte	0x1
 1211 0e2d 3704     		.uahalf	0x437
 1212 0e2f D40E0000 		.uaword	0xed4
 1213 0e33 02       		.byte	0x2
 1214 0e34 23       		.byte	0x23
 1215 0e35 10       		.uleb128 0x10
 1216 0e36 0D       		.uleb128 0xd
 1217 0e37 53757370 		.string	"SuspendOSCount"
 1217      656E644F 
 1217      53436F75 
 1217      6E7400
 1218 0e46 01       		.byte	0x1
 1219 0e47 3804     		.uahalf	0x438
 1220 0e49 D40E0000 		.uaword	0xed4
 1221 0e4d 02       		.byte	0x2
 1222 0e4e 23       		.byte	0x23
 1223 0e4f 14       		.uleb128 0x14
 1224 0e50 0D       		.uleb128 0xd
 1225 0e51 4F727469 		.string	"OrtiApiID"
 1225      41706949 
 1225      4400
 1226 0e5b 01       		.byte	0x1
 1227 0e5c 3904     		.uahalf	0x439
 1228 0e5e D90E0000 		.uaword	0xed9
 1229 0e62 02       		.byte	0x2
 1230 0e63 23       		.byte	0x23
 1231 0e64 18       		.uleb128 0x18
 1232 0e65 0D       		.uleb128 0xd
 1233 0e66 4F727469 		.string	"OrtiLastError"
 1233      4C617374 
 1233      4572726F 
 1233      7200
 1234 0e74 01       		.byte	0x1
 1235 0e75 3A04     		.uahalf	0x43a
 1236 0e77 49020000 		.uaword	0x249
 1237 0e7b 02       		.byte	0x2
 1238 0e7c 23       		.byte	0x23
 1239 0e7d 19       		.uleb128 0x19
 1240 0e7e 0D       		.uleb128 0xd
 1241 0e7f 52657374 		.string	"RestartJumpBuf"
 1241      6172744A 
 1241      756D7042 
 1241      756600
 1242 0e8e 01       		.byte	0x1
 1243 0e8f 3B04     		.uahalf	0x43b
 1244 0e91 FB020000 		.uaword	0x2fb
 1245 0e95 02       		.byte	0x2
 1246 0e96 23       		.byte	0x23
 1247 0e97 1C       		.uleb128 0x1c
 1248 0e98 0D       		.uleb128 0xd
 1249 0e99 52657374 		.string	"Restartable"
 1249      61727461 
 1249      626C6500 
 1250 0ea5 01       		.byte	0x1
 1251 0ea6 3C04     		.uahalf	0x43c
 1252 0ea8 3A020000 		.uaword	0x23a
 1253 0eac 02       		.byte	0x2
GAS Infineon TriCore Little Endian C:\\Users\\user1\\AppData\\Local\\Temp\\rta_RTAOS_638388406317960277_1736001\\cckrAcIq.s 			page 29


 1254 0ead 23       		.byte	0x23
 1255 0eae 60       		.uleb128 0x60
 1256 0eaf 0D       		.uleb128 0xd
 1257 0eb0 4C617374 		.string	"LastProtectionFault"
 1257      50726F74 
 1257      65637469 
 1257      6F6E4661 
 1257      756C7400 
 1258 0ec4 01       		.byte	0x1
 1259 0ec5 3D04     		.uahalf	0x43d
 1260 0ec7 49020000 		.uaword	0x249
 1261 0ecb 02       		.byte	0x2
 1262 0ecc 23       		.byte	0x23
 1263 0ecd 61       		.uleb128 0x61
 1264 0ece 00       		.byte	0
 1265 0ecf 0B       		.uleb128 0xb
 1266 0ed0 1F070000 		.uaword	0x71f
 1267 0ed4 0B       		.uleb128 0xb
 1268 0ed5 BB010000 		.uaword	0x1bb
 1269 0ed9 0B       		.uleb128 0xb
 1270 0eda 440D0000 		.uaword	0xd44
 1271 0ede 0A       		.uleb128 0xa
 1272 0edf 4F735F41 		.string	"Os_AnyCoreType"
 1272      6E79436F 
 1272      72655479 
 1272      706500
 1273 0eee 01       		.byte	0x1
 1274 0eef 3E04     		.uahalf	0x43e
 1275 0ef1 960D0000 		.uaword	0xd96
 1276 0ef5 0C       		.uleb128 0xc
 1277 0ef6 4F735F43 		.string	"Os_CoreConfiguration_s"
 1277      6F726543 
 1277      6F6E6669 
 1277      67757261 
 1277      74696F6E 
 1278 0f0d 18       		.byte	0x18
 1279 0f0e 01       		.byte	0x1
 1280 0f0f 4904     		.uahalf	0x449
 1281 0f11 8F0F0000 		.uaword	0xf8f
 1282 0f15 0D       		.uleb128 0xd
 1283 0f16 636F6E74 		.string	"controlled"
 1283      726F6C6C 
 1283      656400
 1284 0f21 01       		.byte	0x1
 1285 0f22 4A04     		.uahalf	0x44a
 1286 0f24 8F0F0000 		.uaword	0xf8f
 1287 0f28 02       		.byte	0x2
 1288 0f29 23       		.byte	0x23
 1289 0f2a 00       		.uleb128 0
 1290 0f2b 0D       		.uleb128 0xd
 1291 0f2c 616E7900 		.string	"any"
 1292 0f30 01       		.byte	0x1
 1293 0f31 4B04     		.uahalf	0x44b
 1294 0f33 9A0F0000 		.uaword	0xf9a
 1295 0f37 02       		.byte	0x2
 1296 0f38 23       		.byte	0x23
 1297 0f39 04       		.uleb128 0x4
GAS Infineon TriCore Little Endian C:\\Users\\user1\\AppData\\Local\\Temp\\rta_RTAOS_638388406317960277_1736001\\cckrAcIq.s 			page 30


 1298 0f3a 0D       		.uleb128 0xd
 1299 0f3b 73746174 		.string	"state"
 1299      6500
 1300 0f41 01       		.byte	0x1
 1301 0f42 4C04     		.uahalf	0x44c
 1302 0f44 A50F0000 		.uaword	0xfa5
 1303 0f48 02       		.byte	0x2
 1304 0f49 23       		.byte	0x23
 1305 0f4a 08       		.uleb128 0x8
 1306 0f4b 0D       		.uleb128 0xd
 1307 0f4c 64697370 		.string	"dispatch"
 1307      61746368 
 1307      00
 1308 0f55 01       		.byte	0x1
 1309 0f56 4D04     		.uahalf	0x44d
 1310 0f58 AB030000 		.uaword	0x3ab
 1311 0f5c 02       		.byte	0x2
 1312 0f5d 23       		.byte	0x23
 1313 0f5e 0C       		.uleb128 0xc
 1314 0f5f 0D       		.uleb128 0xd
 1315 0f60 4F735F52 		.string	"Os_Res_Scheduler"
 1315      65735F53 
 1315      63686564 
 1315      756C6572 
 1315      00
 1316 0f71 01       		.byte	0x1
 1317 0f72 4E04     		.uahalf	0x44e
 1318 0f74 670C0000 		.uaword	0xc67
 1319 0f78 02       		.byte	0x2
 1320 0f79 23       		.byte	0x23
 1321 0f7a 10       		.uleb128 0x10
 1322 0f7b 0D       		.uleb128 0xd
 1323 0f7c 636F7265 		.string	"core_id"
 1323      5F696400 
 1324 0f84 01       		.byte	0x1
 1325 0f85 4F04     		.uahalf	0x44f
 1326 0f87 65040000 		.uaword	0x465
 1327 0f8b 02       		.byte	0x2
 1328 0f8c 23       		.byte	0x23
 1329 0f8d 14       		.uleb128 0x14
 1330 0f8e 00       		.byte	0
 1331 0f8f 0F       		.uleb128 0xf
 1332 0f90 940F0000 		.uaword	0xf94
 1333 0f94 08       		.uleb128 0x8
 1334 0f95 04       		.byte	0x4
 1335 0f96 780D0000 		.uaword	0xd78
 1336 0f9a 0F       		.uleb128 0xf
 1337 0f9b 9F0F0000 		.uaword	0xf9f
 1338 0f9f 08       		.uleb128 0x8
 1339 0fa0 04       		.byte	0x4
 1340 0fa1 DE0E0000 		.uaword	0xede
 1341 0fa5 0F       		.uleb128 0xf
 1342 0fa6 AA0F0000 		.uaword	0xfaa
 1343 0faa 08       		.uleb128 0x8
 1344 0fab 04       		.byte	0x4
 1345 0fac B00F0000 		.uaword	0xfb0
 1346 0fb0 0B       		.uleb128 0xb
GAS Infineon TriCore Little Endian C:\\Users\\user1\\AppData\\Local\\Temp\\rta_RTAOS_638388406317960277_1736001\\cckrAcIq.s 			page 31


 1347 0fb1 FD030000 		.uaword	0x3fd
 1348 0fb5 0A       		.uleb128 0xa
 1349 0fb6 4F735F43 		.string	"Os_CoreConfiguration"
 1349      6F726543 
 1349      6F6E6669 
 1349      67757261 
 1349      74696F6E 
 1350 0fcb 01       		.byte	0x1
 1351 0fcc 5004     		.uahalf	0x450
 1352 0fce F50E0000 		.uaword	0xef5
 1353 0fd2 14       		.uleb128 0x14
 1354 0fd3 01       		.byte	0x1
 1355 0fd4 4F735F57 		.string	"Os_WaitEvent"
 1355      61697445 
 1355      76656E74 
 1355      00
 1356 0fe1 01       		.byte	0x1
 1357 0fe2 5805     		.uahalf	0x558
 1358 0fe4 01       		.byte	0x1
 1359 0fe5 49020000 		.uaword	0x249
 1360 0fe9 00000000 		.uaword	.LFB0
 1361 0fed 00000000 		.uaword	.LFE0
 1362 0ff1 00000000 		.uaword	.LLST0
 1363 0ff5 01       		.byte	0x1
 1364 0ff6 4B110000 		.uaword	0x114b
 1365 0ffa 15       		.uleb128 0x15
 1366 0ffb 4D61736B 		.string	"Mask"
 1366      00
 1367 1000 01       		.byte	0x1
 1368 1001 5805     		.uahalf	0x558
 1369 1003 09070000 		.uaword	0x709
 1370 1007 00000000 		.uaword	.LLST1
 1371 100b 16       		.uleb128 0x16
 1372 100c 6170695F 		.string	"api_retval"
 1372      72657476 
 1372      616C00
 1373 1017 01       		.byte	0x1
 1374 1018 5905     		.uahalf	0x559
 1375 101a 49020000 		.uaword	0x249
 1376 101e 00000000 		.uaword	.LLST2
 1377 1022 16       		.uleb128 0x16
 1378 1023 70726576 		.string	"previous_imask"
 1378      696F7573 
 1378      5F696D61 
 1378      736B00
 1379 1032 01       		.byte	0x1
 1380 1033 5A05     		.uahalf	0x55a
 1381 1035 1F070000 		.uaword	0x71f
 1382 1039 00000000 		.uaword	.LLST3
 1383 103d 17       		.uleb128 0x17
 1384 103e 6F735F63 		.string	"os_current_core_const"
 1384      75727265 
 1384      6E745F63 
 1384      6F72655F 
 1384      636F6E73 
 1385 1054 01       		.byte	0x1
 1386 1055 5B05     		.uahalf	0x55b
GAS Infineon TriCore Little Endian C:\\Users\\user1\\AppData\\Local\\Temp\\rta_RTAOS_638388406317960277_1736001\\cckrAcIq.s 			page 32


 1387 1057 4B110000 		.uaword	0x114b
 1388 105b 18       		.uleb128 0x18
 1389 105c 6F735F63 		.string	"os_current_core"
 1389      75727265 
 1389      6E745F63 
 1389      6F726500 
 1390 106c 01       		.byte	0x1
 1391 106d 5C05     		.uahalf	0x55c
 1392 106f 9F0F0000 		.uaword	0xf9f
 1393 1073 01       		.byte	0x1
 1394 1074 6F       		.byte	0x6f
 1395 1075 16       		.uleb128 0x16
 1396 1076 70726576 		.string	"previous_tmask"
 1396      696F7573 
 1396      5F746D61 
 1396      736B00
 1397 1085 01       		.byte	0x1
 1398 1086 5D05     		.uahalf	0x55d
 1399 1088 E9030000 		.uaword	0x3e9
 1400 108c 00000000 		.uaword	.LLST4
 1401 1090 19       		.uleb128 0x19
 1402 1091 00000000 		.uaword	.LBB2
 1403 1095 00000000 		.uaword	.LBE2
 1404 1099 AE100000 		.uaword	0x10ae
 1405 109d 16       		.uleb128 0x16
 1406 109e 72657300 		.string	"res"
 1407 10a2 01       		.byte	0x1
 1408 10a3 5B05     		.uahalf	0x55b
 1409 10a5 C9010000 		.uaword	0x1c9
 1410 10a9 00000000 		.uaword	.LLST5
 1411 10ad 00       		.byte	0
 1412 10ae 19       		.uleb128 0x19
 1413 10af 00000000 		.uaword	.LBB3
 1414 10b3 00000000 		.uaword	.LBE3
 1415 10b7 CC100000 		.uaword	0x10cc
 1416 10bb 16       		.uleb128 0x16
 1417 10bc 72657300 		.string	"res"
 1418 10c0 01       		.byte	0x1
 1419 10c1 5D05     		.uahalf	0x55d
 1420 10c3 C9010000 		.uaword	0x1c9
 1421 10c7 00000000 		.uaword	.LLST4
 1422 10cb 00       		.byte	0
 1423 10cc 19       		.uleb128 0x19
 1424 10cd 00000000 		.uaword	.LBB4
 1425 10d1 00000000 		.uaword	.LBE4
 1426 10d5 EA100000 		.uaword	0x10ea
 1427 10d9 16       		.uleb128 0x16
 1428 10da 72657300 		.string	"res"
 1429 10de 01       		.byte	0x1
 1430 10df 5F05     		.uahalf	0x55f
 1431 10e1 C9010000 		.uaword	0x1c9
 1432 10e5 00000000 		.uaword	.LLST3
 1433 10e9 00       		.byte	0
 1434 10ea 19       		.uleb128 0x19
 1435 10eb 00000000 		.uaword	.LBB5
 1436 10ef 00000000 		.uaword	.LBE5
 1437 10f3 09110000 		.uaword	0x1109
GAS Infineon TriCore Little Endian C:\\Users\\user1\\AppData\\Local\\Temp\\rta_RTAOS_638388406317960277_1736001\\cckrAcIq.s 			page 33


 1438 10f7 1A       		.uleb128 0x1a
 1439 10f8 6E657776 		.string	"newval"
 1439      616C00
 1440 10ff 01       		.byte	0x1
 1441 1100 5F05     		.uahalf	0x55f
 1442 1102 C9010000 		.uaword	0x1c9
 1443 1106 FF80     		.uahalf	0x80ff
 1444 1108 00       		.byte	0
 1445 1109 19       		.uleb128 0x19
 1446 110a 00000000 		.uaword	.LBB6
 1447 110e 00000000 		.uaword	.LBE6
 1448 1112 2A110000 		.uaword	0x112a
 1449 1116 16       		.uleb128 0x16
 1450 1117 6E657776 		.string	"newval"
 1450      616C00
 1451 111e 01       		.byte	0x1
 1452 111f 6305     		.uahalf	0x563
 1453 1121 C9010000 		.uaword	0x1c9
 1454 1125 00000000 		.uaword	.LLST8
 1455 1129 00       		.byte	0
 1456 112a 1B       		.uleb128 0x1b
 1457 112b 00000000 		.uaword	.LVL8
 1458 112f 8B110000 		.uaword	0x118b
 1459 1133 1C       		.uleb128 0x1c
 1460 1134 01       		.byte	0x1
 1461 1135 57       		.byte	0x57
 1462 1136 01       		.byte	0x1
 1463 1137 30       		.byte	0x30
 1464 1138 1C       		.uleb128 0x1c
 1465 1139 01       		.byte	0x1
 1466 113a 55       		.byte	0x55
 1467 113b 02       		.byte	0x2
 1468 113c 08       		.byte	0x8
 1469 113d 47       		.byte	0x47
 1470 113e 1C       		.uleb128 0x1c
 1471 113f 01       		.byte	0x1
 1472 1140 54       		.byte	0x54
 1473 1141 01       		.byte	0x1
 1474 1142 31       		.byte	0x31
 1475 1143 1C       		.uleb128 0x1c
 1476 1144 02       		.byte	0x2
 1477 1145 8A       		.byte	0x8a
 1478 1146 00       		.sleb128 0
 1479 1147 01       		.byte	0x1
 1480 1148 30       		.byte	0x30
 1481 1149 00       		.byte	0
 1482 114a 00       		.byte	0
 1483 114b 08       		.uleb128 0x8
 1484 114c 04       		.byte	0x4
 1485 114d 51110000 		.uaword	0x1151
 1486 1151 0F       		.uleb128 0xf
 1487 1152 B50F0000 		.uaword	0xfb5
 1488 1156 06       		.uleb128 0x6
 1489 1157 B50F0000 		.uaword	0xfb5
 1490 115b 61110000 		.uaword	0x1161
 1491 115f 1D       		.uleb128 0x1d
 1492 1160 00       		.byte	0
GAS Infineon TriCore Little Endian C:\\Users\\user1\\AppData\\Local\\Temp\\rta_RTAOS_638388406317960277_1736001\\cckrAcIq.s 			page 34


 1493 1161 1E       		.uleb128 0x1e
 1494 1162 4F735F63 		.string	"Os_const_coreconfiguration"
 1494      6F6E7374 
 1494      5F636F72 
 1494      65636F6E 
 1494      66696775 
 1495 117d 01       		.byte	0x1
 1496 117e 6A04     		.uahalf	0x46a
 1497 1180 86110000 		.uaword	0x1186
 1498 1184 01       		.byte	0x1
 1499 1185 01       		.byte	0x1
 1500 1186 0F       		.uleb128 0xf
 1501 1187 56110000 		.uaword	0x1156
 1502 118b 1F       		.uleb128 0x1f
 1503 118c 01       		.byte	0x1
 1504 118d 4F735F45 		.string	"Os_ErrorLog"
 1504      72726F72 
 1504      4C6F6700 
 1505 1199 01       		.byte	0x1
 1506 119a 4805     		.uahalf	0x548
 1507 119c 01       		.byte	0x1
 1508 119d 01       		.byte	0x1
 1509 119e 20       		.uleb128 0x20
 1510 119f 49020000 		.uaword	0x249
 1511 11a3 20       		.uleb128 0x20
 1512 11a4 870C0000 		.uaword	0xc87
 1513 11a8 20       		.uleb128 0x20
 1514 11a9 9F0C0000 		.uaword	0xc9f
 1515 11ad 20       		.uleb128 0x20
 1516 11ae 9F0C0000 		.uaword	0xc9f
 1517 11b2 20       		.uleb128 0x20
 1518 11b3 9F0C0000 		.uaword	0xc9f
 1519 11b7 00       		.byte	0
 1520 11b8 00       		.byte	0
 1521              	.section .debug_abbrev,"",@progbits
 1522              	.Ldebug_abbrev0:
 1523 0000 01       		.uleb128 0x1
 1524 0001 11       		.uleb128 0x11
 1525 0002 01       		.byte	0x1
 1526 0003 25       		.uleb128 0x25
 1527 0004 08       		.uleb128 0x8
 1528 0005 13       		.uleb128 0x13
 1529 0006 0B       		.uleb128 0xb
 1530 0007 03       		.uleb128 0x3
 1531 0008 08       		.uleb128 0x8
 1532 0009 55       		.uleb128 0x55
 1533 000a 06       		.uleb128 0x6
 1534 000b 11       		.uleb128 0x11
 1535 000c 01       		.uleb128 0x1
 1536 000d 52       		.uleb128 0x52
 1537 000e 01       		.uleb128 0x1
 1538 000f 10       		.uleb128 0x10
 1539 0010 06       		.uleb128 0x6
 1540 0011 00       		.byte	0
 1541 0012 00       		.byte	0
 1542 0013 02       		.uleb128 0x2
 1543 0014 16       		.uleb128 0x16
GAS Infineon TriCore Little Endian C:\\Users\\user1\\AppData\\Local\\Temp\\rta_RTAOS_638388406317960277_1736001\\cckrAcIq.s 			page 35


 1544 0015 00       		.byte	0
 1545 0016 03       		.uleb128 0x3
 1546 0017 08       		.uleb128 0x8
 1547 0018 3A       		.uleb128 0x3a
 1548 0019 0B       		.uleb128 0xb
 1549 001a 3B       		.uleb128 0x3b
 1550 001b 0B       		.uleb128 0xb
 1551 001c 49       		.uleb128 0x49
 1552 001d 13       		.uleb128 0x13
 1553 001e 00       		.byte	0
 1554 001f 00       		.byte	0
 1555 0020 03       		.uleb128 0x3
 1556 0021 24       		.uleb128 0x24
 1557 0022 00       		.byte	0
 1558 0023 0B       		.uleb128 0xb
 1559 0024 0B       		.uleb128 0xb
 1560 0025 3E       		.uleb128 0x3e
 1561 0026 0B       		.uleb128 0xb
 1562 0027 03       		.uleb128 0x3
 1563 0028 08       		.uleb128 0x8
 1564 0029 00       		.byte	0
 1565 002a 00       		.byte	0
 1566 002b 04       		.uleb128 0x4
 1567 002c 13       		.uleb128 0x13
 1568 002d 01       		.byte	0x1
 1569 002e 0B       		.uleb128 0xb
 1570 002f 0B       		.uleb128 0xb
 1571 0030 3A       		.uleb128 0x3a
 1572 0031 0B       		.uleb128 0xb
 1573 0032 3B       		.uleb128 0x3b
 1574 0033 0B       		.uleb128 0xb
 1575 0034 01       		.uleb128 0x1
 1576 0035 13       		.uleb128 0x13
 1577 0036 00       		.byte	0
 1578 0037 00       		.byte	0
 1579 0038 05       		.uleb128 0x5
 1580 0039 0D       		.uleb128 0xd
 1581 003a 00       		.byte	0
 1582 003b 03       		.uleb128 0x3
 1583 003c 08       		.uleb128 0x8
 1584 003d 3A       		.uleb128 0x3a
 1585 003e 0B       		.uleb128 0xb
 1586 003f 3B       		.uleb128 0x3b
 1587 0040 0B       		.uleb128 0xb
 1588 0041 49       		.uleb128 0x49
 1589 0042 13       		.uleb128 0x13
 1590 0043 38       		.uleb128 0x38
 1591 0044 0A       		.uleb128 0xa
 1592 0045 00       		.byte	0
 1593 0046 00       		.byte	0
 1594 0047 06       		.uleb128 0x6
 1595 0048 01       		.uleb128 0x1
 1596 0049 01       		.byte	0x1
 1597 004a 49       		.uleb128 0x49
 1598 004b 13       		.uleb128 0x13
 1599 004c 01       		.uleb128 0x1
 1600 004d 13       		.uleb128 0x13
GAS Infineon TriCore Little Endian C:\\Users\\user1\\AppData\\Local\\Temp\\rta_RTAOS_638388406317960277_1736001\\cckrAcIq.s 			page 36


 1601 004e 00       		.byte	0
 1602 004f 00       		.byte	0
 1603 0050 07       		.uleb128 0x7
 1604 0051 21       		.uleb128 0x21
 1605 0052 00       		.byte	0
 1606 0053 49       		.uleb128 0x49
 1607 0054 13       		.uleb128 0x13
 1608 0055 2F       		.uleb128 0x2f
 1609 0056 0B       		.uleb128 0xb
 1610 0057 00       		.byte	0
 1611 0058 00       		.byte	0
 1612 0059 08       		.uleb128 0x8
 1613 005a 0F       		.uleb128 0xf
 1614 005b 00       		.byte	0
 1615 005c 0B       		.uleb128 0xb
 1616 005d 0B       		.uleb128 0xb
 1617 005e 49       		.uleb128 0x49
 1618 005f 13       		.uleb128 0x13
 1619 0060 00       		.byte	0
 1620 0061 00       		.byte	0
 1621 0062 09       		.uleb128 0x9
 1622 0063 15       		.uleb128 0x15
 1623 0064 00       		.byte	0
 1624 0065 27       		.uleb128 0x27
 1625 0066 0C       		.uleb128 0xc
 1626 0067 00       		.byte	0
 1627 0068 00       		.byte	0
 1628 0069 0A       		.uleb128 0xa
 1629 006a 16       		.uleb128 0x16
 1630 006b 00       		.byte	0
 1631 006c 03       		.uleb128 0x3
 1632 006d 08       		.uleb128 0x8
 1633 006e 3A       		.uleb128 0x3a
 1634 006f 0B       		.uleb128 0xb
 1635 0070 3B       		.uleb128 0x3b
 1636 0071 05       		.uleb128 0x5
 1637 0072 49       		.uleb128 0x49
 1638 0073 13       		.uleb128 0x13
 1639 0074 00       		.byte	0
 1640 0075 00       		.byte	0
 1641 0076 0B       		.uleb128 0xb
 1642 0077 35       		.uleb128 0x35
 1643 0078 00       		.byte	0
 1644 0079 49       		.uleb128 0x49
 1645 007a 13       		.uleb128 0x13
 1646 007b 00       		.byte	0
 1647 007c 00       		.byte	0
 1648 007d 0C       		.uleb128 0xc
 1649 007e 13       		.uleb128 0x13
 1650 007f 01       		.byte	0x1
 1651 0080 03       		.uleb128 0x3
 1652 0081 08       		.uleb128 0x8
 1653 0082 0B       		.uleb128 0xb
 1654 0083 0B       		.uleb128 0xb
 1655 0084 3A       		.uleb128 0x3a
 1656 0085 0B       		.uleb128 0xb
 1657 0086 3B       		.uleb128 0x3b
GAS Infineon TriCore Little Endian C:\\Users\\user1\\AppData\\Local\\Temp\\rta_RTAOS_638388406317960277_1736001\\cckrAcIq.s 			page 37


 1658 0087 05       		.uleb128 0x5
 1659 0088 01       		.uleb128 0x1
 1660 0089 13       		.uleb128 0x13
 1661 008a 00       		.byte	0
 1662 008b 00       		.byte	0
 1663 008c 0D       		.uleb128 0xd
 1664 008d 0D       		.uleb128 0xd
 1665 008e 00       		.byte	0
 1666 008f 03       		.uleb128 0x3
 1667 0090 08       		.uleb128 0x8
 1668 0091 3A       		.uleb128 0x3a
 1669 0092 0B       		.uleb128 0xb
 1670 0093 3B       		.uleb128 0x3b
 1671 0094 05       		.uleb128 0x5
 1672 0095 49       		.uleb128 0x49
 1673 0096 13       		.uleb128 0x13
 1674 0097 38       		.uleb128 0x38
 1675 0098 0A       		.uleb128 0xa
 1676 0099 00       		.byte	0
 1677 009a 00       		.byte	0
 1678 009b 0E       		.uleb128 0xe
 1679 009c 0D       		.uleb128 0xd
 1680 009d 00       		.byte	0
 1681 009e 03       		.uleb128 0x3
 1682 009f 0E       		.uleb128 0xe
 1683 00a0 3A       		.uleb128 0x3a
 1684 00a1 0B       		.uleb128 0xb
 1685 00a2 3B       		.uleb128 0x3b
 1686 00a3 05       		.uleb128 0x5
 1687 00a4 49       		.uleb128 0x49
 1688 00a5 13       		.uleb128 0x13
 1689 00a6 38       		.uleb128 0x38
 1690 00a7 0A       		.uleb128 0xa
 1691 00a8 00       		.byte	0
 1692 00a9 00       		.byte	0
 1693 00aa 0F       		.uleb128 0xf
 1694 00ab 26       		.uleb128 0x26
 1695 00ac 00       		.byte	0
 1696 00ad 49       		.uleb128 0x49
 1697 00ae 13       		.uleb128 0x13
 1698 00af 00       		.byte	0
 1699 00b0 00       		.byte	0
 1700 00b1 10       		.uleb128 0x10
 1701 00b2 17       		.uleb128 0x17
 1702 00b3 01       		.byte	0x1
 1703 00b4 0B       		.uleb128 0xb
 1704 00b5 0B       		.uleb128 0xb
 1705 00b6 3A       		.uleb128 0x3a
 1706 00b7 0B       		.uleb128 0xb
 1707 00b8 3B       		.uleb128 0x3b
 1708 00b9 05       		.uleb128 0x5
 1709 00ba 01       		.uleb128 0x1
 1710 00bb 13       		.uleb128 0x13
 1711 00bc 00       		.byte	0
 1712 00bd 00       		.byte	0
 1713 00be 11       		.uleb128 0x11
 1714 00bf 0D       		.uleb128 0xd
GAS Infineon TriCore Little Endian C:\\Users\\user1\\AppData\\Local\\Temp\\rta_RTAOS_638388406317960277_1736001\\cckrAcIq.s 			page 38


 1715 00c0 00       		.byte	0
 1716 00c1 03       		.uleb128 0x3
 1717 00c2 08       		.uleb128 0x8
 1718 00c3 3A       		.uleb128 0x3a
 1719 00c4 0B       		.uleb128 0xb
 1720 00c5 3B       		.uleb128 0x3b
 1721 00c6 05       		.uleb128 0x5
 1722 00c7 49       		.uleb128 0x49
 1723 00c8 13       		.uleb128 0x13
 1724 00c9 00       		.byte	0
 1725 00ca 00       		.byte	0
 1726 00cb 12       		.uleb128 0x12
 1727 00cc 0D       		.uleb128 0xd
 1728 00cd 00       		.byte	0
 1729 00ce 03       		.uleb128 0x3
 1730 00cf 0E       		.uleb128 0xe
 1731 00d0 3A       		.uleb128 0x3a
 1732 00d1 0B       		.uleb128 0xb
 1733 00d2 3B       		.uleb128 0x3b
 1734 00d3 05       		.uleb128 0x5
 1735 00d4 49       		.uleb128 0x49
 1736 00d5 13       		.uleb128 0x13
 1737 00d6 00       		.byte	0
 1738 00d7 00       		.byte	0
 1739 00d8 13       		.uleb128 0x13
 1740 00d9 13       		.uleb128 0x13
 1741 00da 01       		.byte	0x1
 1742 00db 0B       		.uleb128 0xb
 1743 00dc 0B       		.uleb128 0xb
 1744 00dd 3A       		.uleb128 0x3a
 1745 00de 0B       		.uleb128 0xb
 1746 00df 3B       		.uleb128 0x3b
 1747 00e0 05       		.uleb128 0x5
 1748 00e1 01       		.uleb128 0x1
 1749 00e2 13       		.uleb128 0x13
 1750 00e3 00       		.byte	0
 1751 00e4 00       		.byte	0
 1752 00e5 14       		.uleb128 0x14
 1753 00e6 2E       		.uleb128 0x2e
 1754 00e7 01       		.byte	0x1
 1755 00e8 3F       		.uleb128 0x3f
 1756 00e9 0C       		.uleb128 0xc
 1757 00ea 03       		.uleb128 0x3
 1758 00eb 08       		.uleb128 0x8
 1759 00ec 3A       		.uleb128 0x3a
 1760 00ed 0B       		.uleb128 0xb
 1761 00ee 3B       		.uleb128 0x3b
 1762 00ef 05       		.uleb128 0x5
 1763 00f0 27       		.uleb128 0x27
 1764 00f1 0C       		.uleb128 0xc
 1765 00f2 49       		.uleb128 0x49
 1766 00f3 13       		.uleb128 0x13
 1767 00f4 11       		.uleb128 0x11
 1768 00f5 01       		.uleb128 0x1
 1769 00f6 12       		.uleb128 0x12
 1770 00f7 01       		.uleb128 0x1
 1771 00f8 40       		.uleb128 0x40
GAS Infineon TriCore Little Endian C:\\Users\\user1\\AppData\\Local\\Temp\\rta_RTAOS_638388406317960277_1736001\\cckrAcIq.s 			page 39


 1772 00f9 06       		.uleb128 0x6
 1773 00fa 9742     		.uleb128 0x2117
 1774 00fc 0C       		.uleb128 0xc
 1775 00fd 01       		.uleb128 0x1
 1776 00fe 13       		.uleb128 0x13
 1777 00ff 00       		.byte	0
 1778 0100 00       		.byte	0
 1779 0101 15       		.uleb128 0x15
 1780 0102 05       		.uleb128 0x5
 1781 0103 00       		.byte	0
 1782 0104 03       		.uleb128 0x3
 1783 0105 08       		.uleb128 0x8
 1784 0106 3A       		.uleb128 0x3a
 1785 0107 0B       		.uleb128 0xb
 1786 0108 3B       		.uleb128 0x3b
 1787 0109 05       		.uleb128 0x5
 1788 010a 49       		.uleb128 0x49
 1789 010b 13       		.uleb128 0x13
 1790 010c 02       		.uleb128 0x2
 1791 010d 06       		.uleb128 0x6
 1792 010e 00       		.byte	0
 1793 010f 00       		.byte	0
 1794 0110 16       		.uleb128 0x16
 1795 0111 34       		.uleb128 0x34
 1796 0112 00       		.byte	0
 1797 0113 03       		.uleb128 0x3
 1798 0114 08       		.uleb128 0x8
 1799 0115 3A       		.uleb128 0x3a
 1800 0116 0B       		.uleb128 0xb
 1801 0117 3B       		.uleb128 0x3b
 1802 0118 05       		.uleb128 0x5
 1803 0119 49       		.uleb128 0x49
 1804 011a 13       		.uleb128 0x13
 1805 011b 02       		.uleb128 0x2
 1806 011c 06       		.uleb128 0x6
 1807 011d 00       		.byte	0
 1808 011e 00       		.byte	0
 1809 011f 17       		.uleb128 0x17
 1810 0120 34       		.uleb128 0x34
 1811 0121 00       		.byte	0
 1812 0122 03       		.uleb128 0x3
 1813 0123 08       		.uleb128 0x8
 1814 0124 3A       		.uleb128 0x3a
 1815 0125 0B       		.uleb128 0xb
 1816 0126 3B       		.uleb128 0x3b
 1817 0127 05       		.uleb128 0x5
 1818 0128 49       		.uleb128 0x49
 1819 0129 13       		.uleb128 0x13
 1820 012a 00       		.byte	0
 1821 012b 00       		.byte	0
 1822 012c 18       		.uleb128 0x18
 1823 012d 34       		.uleb128 0x34
 1824 012e 00       		.byte	0
 1825 012f 03       		.uleb128 0x3
 1826 0130 08       		.uleb128 0x8
 1827 0131 3A       		.uleb128 0x3a
 1828 0132 0B       		.uleb128 0xb
GAS Infineon TriCore Little Endian C:\\Users\\user1\\AppData\\Local\\Temp\\rta_RTAOS_638388406317960277_1736001\\cckrAcIq.s 			page 40


 1829 0133 3B       		.uleb128 0x3b
 1830 0134 05       		.uleb128 0x5
 1831 0135 49       		.uleb128 0x49
 1832 0136 13       		.uleb128 0x13
 1833 0137 02       		.uleb128 0x2
 1834 0138 0A       		.uleb128 0xa
 1835 0139 00       		.byte	0
 1836 013a 00       		.byte	0
 1837 013b 19       		.uleb128 0x19
 1838 013c 0B       		.uleb128 0xb
 1839 013d 01       		.byte	0x1
 1840 013e 11       		.uleb128 0x11
 1841 013f 01       		.uleb128 0x1
 1842 0140 12       		.uleb128 0x12
 1843 0141 01       		.uleb128 0x1
 1844 0142 01       		.uleb128 0x1
 1845 0143 13       		.uleb128 0x13
 1846 0144 00       		.byte	0
 1847 0145 00       		.byte	0
 1848 0146 1A       		.uleb128 0x1a
 1849 0147 34       		.uleb128 0x34
 1850 0148 00       		.byte	0
 1851 0149 03       		.uleb128 0x3
 1852 014a 08       		.uleb128 0x8
 1853 014b 3A       		.uleb128 0x3a
 1854 014c 0B       		.uleb128 0xb
 1855 014d 3B       		.uleb128 0x3b
 1856 014e 05       		.uleb128 0x5
 1857 014f 49       		.uleb128 0x49
 1858 0150 13       		.uleb128 0x13
 1859 0151 1C       		.uleb128 0x1c
 1860 0152 05       		.uleb128 0x5
 1861 0153 00       		.byte	0
 1862 0154 00       		.byte	0
 1863 0155 1B       		.uleb128 0x1b
 1864 0156 898201   		.uleb128 0x4109
 1865 0159 01       		.byte	0x1
 1866 015a 11       		.uleb128 0x11
 1867 015b 01       		.uleb128 0x1
 1868 015c 31       		.uleb128 0x31
 1869 015d 13       		.uleb128 0x13
 1870 015e 00       		.byte	0
 1871 015f 00       		.byte	0
 1872 0160 1C       		.uleb128 0x1c
 1873 0161 8A8201   		.uleb128 0x410a
 1874 0164 00       		.byte	0
 1875 0165 02       		.uleb128 0x2
 1876 0166 0A       		.uleb128 0xa
 1877 0167 9142     		.uleb128 0x2111
 1878 0169 0A       		.uleb128 0xa
 1879 016a 00       		.byte	0
 1880 016b 00       		.byte	0
 1881 016c 1D       		.uleb128 0x1d
 1882 016d 21       		.uleb128 0x21
 1883 016e 00       		.byte	0
 1884 016f 00       		.byte	0
 1885 0170 00       		.byte	0
GAS Infineon TriCore Little Endian C:\\Users\\user1\\AppData\\Local\\Temp\\rta_RTAOS_638388406317960277_1736001\\cckrAcIq.s 			page 41


 1886 0171 1E       		.uleb128 0x1e
 1887 0172 34       		.uleb128 0x34
 1888 0173 00       		.byte	0
 1889 0174 03       		.uleb128 0x3
 1890 0175 08       		.uleb128 0x8
 1891 0176 3A       		.uleb128 0x3a
 1892 0177 0B       		.uleb128 0xb
 1893 0178 3B       		.uleb128 0x3b
 1894 0179 05       		.uleb128 0x5
 1895 017a 49       		.uleb128 0x49
 1896 017b 13       		.uleb128 0x13
 1897 017c 3F       		.uleb128 0x3f
 1898 017d 0C       		.uleb128 0xc
 1899 017e 3C       		.uleb128 0x3c
 1900 017f 0C       		.uleb128 0xc
 1901 0180 00       		.byte	0
 1902 0181 00       		.byte	0
 1903 0182 1F       		.uleb128 0x1f
 1904 0183 2E       		.uleb128 0x2e
 1905 0184 01       		.byte	0x1
 1906 0185 3F       		.uleb128 0x3f
 1907 0186 0C       		.uleb128 0xc
 1908 0187 03       		.uleb128 0x3
 1909 0188 08       		.uleb128 0x8
 1910 0189 3A       		.uleb128 0x3a
 1911 018a 0B       		.uleb128 0xb
 1912 018b 3B       		.uleb128 0x3b
 1913 018c 05       		.uleb128 0x5
 1914 018d 27       		.uleb128 0x27
 1915 018e 0C       		.uleb128 0xc
 1916 018f 3C       		.uleb128 0x3c
 1917 0190 0C       		.uleb128 0xc
 1918 0191 00       		.byte	0
 1919 0192 00       		.byte	0
 1920 0193 20       		.uleb128 0x20
 1921 0194 05       		.uleb128 0x5
 1922 0195 00       		.byte	0
 1923 0196 49       		.uleb128 0x49
 1924 0197 13       		.uleb128 0x13
 1925 0198 00       		.byte	0
 1926 0199 00       		.byte	0
 1927 019a 00       		.byte	0
 1928              	.section .debug_loc,"",@progbits
 1929              	.Ldebug_loc0:
 1930              	.LLST0:
 1931 0000 00000000 		.uaword	.LFB0
 1932 0004 00000000 		.uaword	.LCFI0
 1933 0008 0200     		.uahalf	0x2
 1934 000a 8A       		.byte	0x8a
 1935 000b 00       		.sleb128 0
 1936 000c 00000000 		.uaword	.LCFI0
 1937 0010 00000000 		.uaword	.LFE0
 1938 0014 0200     		.uahalf	0x2
 1939 0016 8A       		.byte	0x8a
 1940 0017 08       		.sleb128 8
 1941 0018 00000000 		.uaword	0
 1942 001c 00000000 		.uaword	0
GAS Infineon TriCore Little Endian C:\\Users\\user1\\AppData\\Local\\Temp\\rta_RTAOS_638388406317960277_1736001\\cckrAcIq.s 			page 42


 1943              	.LLST1:
 1944 0020 00000000 		.uaword	.LVL0
 1945 0024 00000000 		.uaword	.LVL7
 1946 0028 0100     		.uahalf	0x1
 1947 002a 54       		.byte	0x54
 1948 002b 00000000 		.uaword	.LVL7
 1949 002f 00000000 		.uaword	.LFE0
 1950 0033 0400     		.uahalf	0x4
 1951 0035 F3       		.byte	0xf3
 1952 0036 01       		.uleb128 0x1
 1953 0037 54       		.byte	0x54
 1954 0038 9F       		.byte	0x9f
 1955 0039 00000000 		.uaword	0
 1956 003d 00000000 		.uaword	0
 1957              	.LLST2:
 1958 0041 00000000 		.uaword	.LVL0
 1959 0045 00000000 		.uaword	.LVL6
 1960 0049 0200     		.uahalf	0x2
 1961 004b 30       		.byte	0x30
 1962 004c 9F       		.byte	0x9f
 1963 004d 00000000 		.uaword	.LVL6
 1964 0051 00000000 		.uaword	.LFE0
 1965 0055 0200     		.uahalf	0x2
 1966 0057 31       		.byte	0x31
 1967 0058 9F       		.byte	0x9f
 1968 0059 00000000 		.uaword	0
 1969 005d 00000000 		.uaword	0
 1970              	.LLST3:
 1971 0061 00000000 		.uaword	.LVL4
 1972 0065 00000000 		.uaword	.LVL9
 1973 0069 0100     		.uahalf	0x1
 1974 006b 5F       		.byte	0x5f
 1975 006c 00000000 		.uaword	0
 1976 0070 00000000 		.uaword	0
 1977              	.LLST4:
 1978 0074 00000000 		.uaword	.LVL3
 1979 0078 00000000 		.uaword	.LVL4
 1980 007c 0100     		.uahalf	0x1
 1981 007e 5F       		.byte	0x5f
 1982 007f 00000000 		.uaword	0
 1983 0083 00000000 		.uaword	0
 1984              	.LLST5:
 1985 0087 00000000 		.uaword	.LVL1
 1986 008b 00000000 		.uaword	.LVL3
 1987 008f 0100     		.uahalf	0x1
 1988 0091 5F       		.byte	0x5f
 1989 0092 00000000 		.uaword	0
 1990 0096 00000000 		.uaword	0
 1991              	.LLST8:
 1992 009a 00000000 		.uaword	.LVL8
 1993 009e 00000000 		.uaword	.LVL9
 1994 00a2 0100     		.uahalf	0x1
 1995 00a4 5F       		.byte	0x5f
 1996 00a5 00000000 		.uaword	0
 1997 00a9 00000000 		.uaword	0
 1998              	.section .debug_aranges,"",@progbits
 1999 0000 1C000000 		.uaword	0x1c
GAS Infineon TriCore Little Endian C:\\Users\\user1\\AppData\\Local\\Temp\\rta_RTAOS_638388406317960277_1736001\\cckrAcIq.s 			page 43


 2000 0004 0200     		.uahalf	0x2
 2001 0006 00000000 		.uaword	.Ldebug_info0
 2002 000a 04       		.byte	0x4
 2003 000b 00       		.byte	0
 2004 000c 0000     		.uahalf	0
 2005 000e 0000     		.uahalf	0
 2006 0010 00000000 		.uaword	.LFB0
 2007 0014 64000000 		.uaword	.LFE0-.LFB0
 2008 0018 00000000 		.uaword	0
 2009 001c 00000000 		.uaword	0
 2010              	.section .debug_ranges,"",@progbits
 2011              	.Ldebug_ranges0:
 2012 0000 00000000 		.uaword	.LFB0
 2013 0004 00000000 		.uaword	.LFE0
 2014 0008 00000000 		.uaword	0
 2015 000c 00000000 		.uaword	0
 2016              	.section .debug_line,"",@progbits
 2017              	.Ldebug_line0:
 2018 0000 37010000 	.section .debug_str,"",@progbits
 2018      02000F01 
 2018      00000201 
 2018      FB0E0D00 
 2018      01010101 
 2019              	.LASF4:
 2020 0000 6170706C 		.string	"application"
 2020      69636174 
 2020      696F6E00 
 2021              	.LASF2:
 2022 000c 64796E61 		.string	"dynamic"
 2022      6D696300 
 2023              	.LASF5:
 2024 0014 61637469 		.string	"activation_count"
 2024      76617469 
 2024      6F6E5F63 
 2024      6F756E74 
 2024      00
 2025              	.LASF6:
 2026 0025 74706D61 		.string	"tpmask"
 2026      736B00
 2027              	.LASF1:
 2028 002c 656E7472 		.string	"entry_function"
 2028      795F6675 
 2028      6E637469 
 2028      6F6E00
 2029              	.LASF3:
 2030 003b 61636365 		.string	"access"
 2030      737300
 2031              	.LASF0:
 2032 0042 7265736F 		.string	"resource_count"
 2032      75726365 
 2032      5F636F75 
 2032      6E7400
 2033              		.extern	Os_ErrorLog,STT_FUNC,0
 2034              		.extern	Os_const_coreconfiguration,STT_OBJECT,-1
 2035              		.ident	"GCC: (HighTec Release HDP-v4.9.4.1-11fcedf) 4.9.4 build on 2020-09-01"
